[2024-08-30T05:48:07.789+0000] {processor.py:186} INFO - Started process (PID=61) to work on /home/airflow/.local/lib/python3.12/site-packages/airflow/example_dags/example_datasets.py
[2024-08-30T05:48:07.791+0000] {processor.py:914} INFO - Processing file /home/airflow/.local/lib/python3.12/site-packages/airflow/example_dags/example_datasets.py for tasks to queue
[2024-08-30T05:48:07.794+0000] {logging_mixin.py:190} INFO - [2024-08-30T05:48:07.794+0000] {dagbag.py:587} INFO - Filling up the DagBag from /home/airflow/.local/lib/python3.12/site-packages/airflow/example_dags/example_datasets.py
[2024-08-30T05:48:08.018+0000] {processor.py:925} INFO - DAG(s) 'dataset_consumes_1_and_2', 'consume_1_or_2_with_dataset_expressions', 'consume_1_and_2_with_dataset_expressions', 'conditional_dataset_and_time_based_timetable', 'dataset_consumes_1_never_scheduled', 'dataset_consumes_1', 'dataset_produces_2', 'consume_1_or_both_2_and_3_with_dataset_expressions', 'dataset_produces_1', 'dataset_consumes_unknown_never_scheduled' retrieved from /home/airflow/.local/lib/python3.12/site-packages/airflow/example_dags/example_datasets.py
[2024-08-30T05:48:08.198+0000] {logging_mixin.py:190} INFO - [2024-08-30T05:48:08.197+0000] {override.py:1858} INFO - Created Permission View: can delete on DAG:dataset_consumes_1_and_2
[2024-08-30T05:48:08.212+0000] {logging_mixin.py:190} INFO - [2024-08-30T05:48:08.212+0000] {override.py:1858} INFO - Created Permission View: can edit on DAG:dataset_consumes_1_and_2
[2024-08-30T05:48:08.223+0000] {logging_mixin.py:190} INFO - [2024-08-30T05:48:08.223+0000] {override.py:1858} INFO - Created Permission View: can read on DAG:dataset_consumes_1_and_2
[2024-08-30T05:48:08.241+0000] {logging_mixin.py:190} INFO - [2024-08-30T05:48:08.240+0000] {override.py:1858} INFO - Created Permission View: can delete on DAG:consume_1_or_2_with_dataset_expressions
[2024-08-30T05:48:08.250+0000] {logging_mixin.py:190} INFO - [2024-08-30T05:48:08.249+0000] {override.py:1858} INFO - Created Permission View: can edit on DAG:consume_1_or_2_with_dataset_expressions
[2024-08-30T05:48:08.259+0000] {logging_mixin.py:190} INFO - [2024-08-30T05:48:08.259+0000] {override.py:1858} INFO - Created Permission View: can read on DAG:consume_1_or_2_with_dataset_expressions
[2024-08-30T05:48:08.273+0000] {logging_mixin.py:190} INFO - [2024-08-30T05:48:08.272+0000] {override.py:1858} INFO - Created Permission View: can delete on DAG:consume_1_and_2_with_dataset_expressions
[2024-08-30T05:48:08.281+0000] {logging_mixin.py:190} INFO - [2024-08-30T05:48:08.280+0000] {override.py:1858} INFO - Created Permission View: can edit on DAG:consume_1_and_2_with_dataset_expressions
[2024-08-30T05:48:08.289+0000] {logging_mixin.py:190} INFO - [2024-08-30T05:48:08.288+0000] {override.py:1858} INFO - Created Permission View: can read on DAG:consume_1_and_2_with_dataset_expressions
[2024-08-30T05:48:08.304+0000] {logging_mixin.py:190} INFO - [2024-08-30T05:48:08.304+0000] {override.py:1858} INFO - Created Permission View: can delete on DAG:conditional_dataset_and_time_based_timetable
[2024-08-30T05:48:08.312+0000] {logging_mixin.py:190} INFO - [2024-08-30T05:48:08.312+0000] {override.py:1858} INFO - Created Permission View: can edit on DAG:conditional_dataset_and_time_based_timetable
[2024-08-30T05:48:08.321+0000] {logging_mixin.py:190} INFO - [2024-08-30T05:48:08.320+0000] {override.py:1858} INFO - Created Permission View: can read on DAG:conditional_dataset_and_time_based_timetable
[2024-08-30T05:48:08.336+0000] {logging_mixin.py:190} INFO - [2024-08-30T05:48:08.336+0000] {override.py:1858} INFO - Created Permission View: can delete on DAG:dataset_consumes_1_never_scheduled
[2024-08-30T05:48:08.345+0000] {logging_mixin.py:190} INFO - [2024-08-30T05:48:08.344+0000] {override.py:1858} INFO - Created Permission View: can edit on DAG:dataset_consumes_1_never_scheduled
[2024-08-30T05:48:08.353+0000] {logging_mixin.py:190} INFO - [2024-08-30T05:48:08.352+0000] {override.py:1858} INFO - Created Permission View: can read on DAG:dataset_consumes_1_never_scheduled
[2024-08-30T05:48:08.368+0000] {logging_mixin.py:190} INFO - [2024-08-30T05:48:08.368+0000] {override.py:1858} INFO - Created Permission View: can delete on DAG:dataset_consumes_1
[2024-08-30T05:48:08.377+0000] {logging_mixin.py:190} INFO - [2024-08-30T05:48:08.376+0000] {override.py:1858} INFO - Created Permission View: can edit on DAG:dataset_consumes_1
[2024-08-30T05:48:08.386+0000] {logging_mixin.py:190} INFO - [2024-08-30T05:48:08.386+0000] {override.py:1858} INFO - Created Permission View: can read on DAG:dataset_consumes_1
[2024-08-30T05:48:08.467+0000] {logging_mixin.py:190} INFO - [2024-08-30T05:48:08.467+0000] {override.py:1858} INFO - Created Permission View: can delete on DAG:dataset_produces_2
[2024-08-30T05:48:08.498+0000] {logging_mixin.py:190} INFO - [2024-08-30T05:48:08.497+0000] {override.py:1858} INFO - Created Permission View: can edit on DAG:dataset_produces_2
[2024-08-30T05:48:08.505+0000] {logging_mixin.py:190} INFO - [2024-08-30T05:48:08.505+0000] {override.py:1858} INFO - Created Permission View: can read on DAG:dataset_produces_2
[2024-08-30T05:48:08.520+0000] {logging_mixin.py:190} INFO - [2024-08-30T05:48:08.520+0000] {override.py:1858} INFO - Created Permission View: can delete on DAG:consume_1_or_both_2_and_3_with_dataset_expressions
[2024-08-30T05:48:08.529+0000] {logging_mixin.py:190} INFO - [2024-08-30T05:48:08.529+0000] {override.py:1858} INFO - Created Permission View: can edit on DAG:consume_1_or_both_2_and_3_with_dataset_expressions
[2024-08-30T05:48:08.539+0000] {logging_mixin.py:190} INFO - [2024-08-30T05:48:08.538+0000] {override.py:1858} INFO - Created Permission View: can read on DAG:consume_1_or_both_2_and_3_with_dataset_expressions
[2024-08-30T05:48:08.555+0000] {logging_mixin.py:190} INFO - [2024-08-30T05:48:08.554+0000] {override.py:1858} INFO - Created Permission View: can delete on DAG:dataset_produces_1
[2024-08-30T05:48:08.565+0000] {logging_mixin.py:190} INFO - [2024-08-30T05:48:08.565+0000] {override.py:1858} INFO - Created Permission View: can edit on DAG:dataset_produces_1
[2024-08-30T05:48:08.576+0000] {logging_mixin.py:190} INFO - [2024-08-30T05:48:08.575+0000] {override.py:1858} INFO - Created Permission View: can read on DAG:dataset_produces_1
[2024-08-30T05:48:08.596+0000] {logging_mixin.py:190} INFO - [2024-08-30T05:48:08.595+0000] {override.py:1858} INFO - Created Permission View: can delete on DAG:dataset_consumes_unknown_never_scheduled
[2024-08-30T05:48:08.605+0000] {logging_mixin.py:190} INFO - [2024-08-30T05:48:08.605+0000] {override.py:1858} INFO - Created Permission View: can edit on DAG:dataset_consumes_unknown_never_scheduled
[2024-08-30T05:48:08.615+0000] {logging_mixin.py:190} INFO - [2024-08-30T05:48:08.615+0000] {override.py:1858} INFO - Created Permission View: can read on DAG:dataset_consumes_unknown_never_scheduled
[2024-08-30T05:48:08.616+0000] {logging_mixin.py:190} INFO - [2024-08-30T05:48:08.616+0000] {dag.py:3211} INFO - Sync 10 DAGs
[2024-08-30T05:48:08.635+0000] {logging_mixin.py:190} INFO - [2024-08-30T05:48:08.634+0000] {dag.py:3234} INFO - Creating ORM DAG for conditional_dataset_and_time_based_timetable
[2024-08-30T05:48:08.636+0000] {logging_mixin.py:190} INFO - [2024-08-30T05:48:08.636+0000] {dag.py:3234} INFO - Creating ORM DAG for dataset_consumes_1
[2024-08-30T05:48:08.637+0000] {logging_mixin.py:190} INFO - [2024-08-30T05:48:08.637+0000] {dag.py:3234} INFO - Creating ORM DAG for dataset_consumes_1_and_2
[2024-08-30T05:48:08.638+0000] {logging_mixin.py:190} INFO - [2024-08-30T05:48:08.638+0000] {dag.py:3234} INFO - Creating ORM DAG for consume_1_or_both_2_and_3_with_dataset_expressions
[2024-08-30T05:48:08.639+0000] {logging_mixin.py:190} INFO - [2024-08-30T05:48:08.639+0000] {dag.py:3234} INFO - Creating ORM DAG for dataset_consumes_unknown_never_scheduled
[2024-08-30T05:48:08.641+0000] {logging_mixin.py:190} INFO - [2024-08-30T05:48:08.640+0000] {dag.py:3234} INFO - Creating ORM DAG for dataset_consumes_1_never_scheduled
[2024-08-30T05:48:08.642+0000] {logging_mixin.py:190} INFO - [2024-08-30T05:48:08.642+0000] {dag.py:3234} INFO - Creating ORM DAG for consume_1_or_2_with_dataset_expressions
[2024-08-30T05:48:08.643+0000] {logging_mixin.py:190} INFO - [2024-08-30T05:48:08.643+0000] {dag.py:3234} INFO - Creating ORM DAG for dataset_produces_1
[2024-08-30T05:48:08.644+0000] {logging_mixin.py:190} INFO - [2024-08-30T05:48:08.644+0000] {dag.py:3234} INFO - Creating ORM DAG for consume_1_and_2_with_dataset_expressions
[2024-08-30T05:48:08.646+0000] {logging_mixin.py:190} INFO - [2024-08-30T05:48:08.645+0000] {dag.py:3234} INFO - Creating ORM DAG for dataset_produces_2
[2024-08-30T05:48:08.659+0000] {logging_mixin.py:190} INFO - [2024-08-30T05:48:08.658+0000] {dag.py:4138} INFO - Setting next_dagrun for conditional_dataset_and_time_based_timetable to 2024-08-28 01:00:00+00:00, run_after=2024-08-28 01:00:00+00:00
[2024-08-30T05:48:08.660+0000] {logging_mixin.py:190} INFO - [2024-08-30T05:48:08.659+0000] {dag.py:4138} INFO - Setting next_dagrun for consume_1_and_2_with_dataset_expressions to None, run_after=None
[2024-08-30T05:48:08.660+0000] {logging_mixin.py:190} INFO - [2024-08-30T05:48:08.660+0000] {dag.py:4138} INFO - Setting next_dagrun for consume_1_or_2_with_dataset_expressions to None, run_after=None
[2024-08-30T05:48:08.661+0000] {logging_mixin.py:190} INFO - [2024-08-30T05:48:08.661+0000] {dag.py:4138} INFO - Setting next_dagrun for consume_1_or_both_2_and_3_with_dataset_expressions to None, run_after=None
[2024-08-30T05:48:08.662+0000] {logging_mixin.py:190} INFO - [2024-08-30T05:48:08.662+0000] {dag.py:4138} INFO - Setting next_dagrun for dataset_consumes_1 to None, run_after=None
[2024-08-30T05:48:08.663+0000] {logging_mixin.py:190} INFO - [2024-08-30T05:48:08.663+0000] {dag.py:4138} INFO - Setting next_dagrun for dataset_consumes_1_and_2 to None, run_after=None
[2024-08-30T05:48:08.664+0000] {logging_mixin.py:190} INFO - [2024-08-30T05:48:08.663+0000] {dag.py:4138} INFO - Setting next_dagrun for dataset_consumes_1_never_scheduled to None, run_after=None
[2024-08-30T05:48:08.665+0000] {logging_mixin.py:190} INFO - [2024-08-30T05:48:08.665+0000] {dag.py:4138} INFO - Setting next_dagrun for dataset_consumes_unknown_never_scheduled to None, run_after=None
[2024-08-30T05:48:08.668+0000] {logging_mixin.py:190} INFO - [2024-08-30T05:48:08.667+0000] {dag.py:4138} INFO - Setting next_dagrun for dataset_produces_1 to 2024-08-29 00:00:00+00:00, run_after=2024-08-30 00:00:00+00:00
[2024-08-30T05:48:08.668+0000] {logging_mixin.py:190} INFO - [2024-08-30T05:48:08.668+0000] {dag.py:4138} INFO - Setting next_dagrun for dataset_produces_2 to None, run_after=None
[2024-08-30T05:48:08.755+0000] {processor.py:208} INFO - Processing /home/airflow/.local/lib/python3.12/site-packages/airflow/example_dags/example_datasets.py took 0.973 seconds
[2024-08-30T05:48:39.053+0000] {processor.py:186} INFO - Started process (PID=123) to work on /home/airflow/.local/lib/python3.12/site-packages/airflow/example_dags/example_datasets.py
[2024-08-30T05:48:39.057+0000] {processor.py:914} INFO - Processing file /home/airflow/.local/lib/python3.12/site-packages/airflow/example_dags/example_datasets.py for tasks to queue
[2024-08-30T05:48:39.070+0000] {logging_mixin.py:190} INFO - [2024-08-30T05:48:39.069+0000] {dagbag.py:587} INFO - Filling up the DagBag from /home/airflow/.local/lib/python3.12/site-packages/airflow/example_dags/example_datasets.py
[2024-08-30T05:48:39.485+0000] {processor.py:925} INFO - DAG(s) 'dataset_consumes_1_never_scheduled', 'dataset_consumes_unknown_never_scheduled', 'dataset_consumes_1', 'conditional_dataset_and_time_based_timetable', 'dataset_produces_1', 'consume_1_and_2_with_dataset_expressions', 'consume_1_or_both_2_and_3_with_dataset_expressions', 'consume_1_or_2_with_dataset_expressions', 'dataset_produces_2', 'dataset_consumes_1_and_2' retrieved from /home/airflow/.local/lib/python3.12/site-packages/airflow/example_dags/example_datasets.py
[2024-08-30T05:48:39.580+0000] {logging_mixin.py:190} INFO - [2024-08-30T05:48:39.580+0000] {dag.py:3211} INFO - Sync 10 DAGs
[2024-08-30T05:48:39.696+0000] {logging_mixin.py:190} INFO - [2024-08-30T05:48:39.696+0000] {dag.py:4138} INFO - Setting next_dagrun for conditional_dataset_and_time_based_timetable to 2024-08-28 01:00:00+00:00, run_after=2024-08-28 01:00:00+00:00
[2024-08-30T05:48:39.704+0000] {logging_mixin.py:190} INFO - [2024-08-30T05:48:39.703+0000] {dag.py:4138} INFO - Setting next_dagrun for consume_1_and_2_with_dataset_expressions to None, run_after=None
[2024-08-30T05:48:39.718+0000] {logging_mixin.py:190} INFO - [2024-08-30T05:48:39.718+0000] {dag.py:4138} INFO - Setting next_dagrun for consume_1_or_2_with_dataset_expressions to None, run_after=None
[2024-08-30T05:48:39.735+0000] {logging_mixin.py:190} INFO - [2024-08-30T05:48:39.735+0000] {dag.py:4138} INFO - Setting next_dagrun for consume_1_or_both_2_and_3_with_dataset_expressions to None, run_after=None
[2024-08-30T05:48:39.747+0000] {logging_mixin.py:190} INFO - [2024-08-30T05:48:39.747+0000] {dag.py:4138} INFO - Setting next_dagrun for dataset_consumes_1 to None, run_after=None
[2024-08-30T05:48:39.771+0000] {logging_mixin.py:190} INFO - [2024-08-30T05:48:39.770+0000] {dag.py:4138} INFO - Setting next_dagrun for dataset_consumes_1_and_2 to None, run_after=None
[2024-08-30T05:48:39.781+0000] {logging_mixin.py:190} INFO - [2024-08-30T05:48:39.780+0000] {dag.py:4138} INFO - Setting next_dagrun for dataset_consumes_1_never_scheduled to None, run_after=None
[2024-08-30T05:48:39.785+0000] {logging_mixin.py:190} INFO - [2024-08-30T05:48:39.784+0000] {dag.py:4138} INFO - Setting next_dagrun for dataset_consumes_unknown_never_scheduled to None, run_after=None
[2024-08-30T05:48:39.803+0000] {logging_mixin.py:190} INFO - [2024-08-30T05:48:39.803+0000] {dag.py:4138} INFO - Setting next_dagrun for dataset_produces_1 to 2024-08-29 00:00:00+00:00, run_after=2024-08-30 00:00:00+00:00
[2024-08-30T05:48:39.812+0000] {logging_mixin.py:190} INFO - [2024-08-30T05:48:39.809+0000] {dag.py:4138} INFO - Setting next_dagrun for dataset_produces_2 to None, run_after=None
[2024-08-30T05:48:39.919+0000] {processor.py:208} INFO - Processing /home/airflow/.local/lib/python3.12/site-packages/airflow/example_dags/example_datasets.py took 0.882 seconds
[2024-08-30T05:49:20.585+0000] {processor.py:186} INFO - Started process (PID=186) to work on /home/airflow/.local/lib/python3.12/site-packages/airflow/example_dags/example_datasets.py
[2024-08-30T05:49:20.635+0000] {processor.py:914} INFO - Processing file /home/airflow/.local/lib/python3.12/site-packages/airflow/example_dags/example_datasets.py for tasks to queue
[2024-08-30T05:49:20.653+0000] {logging_mixin.py:190} INFO - [2024-08-30T05:49:20.651+0000] {dagbag.py:587} INFO - Filling up the DagBag from /home/airflow/.local/lib/python3.12/site-packages/airflow/example_dags/example_datasets.py
[2024-08-30T05:49:22.650+0000] {processor.py:925} INFO - DAG(s) 'consume_1_or_2_with_dataset_expressions', 'consume_1_and_2_with_dataset_expressions', 'dataset_consumes_1_and_2', 'dataset_consumes_1', 'dataset_consumes_1_never_scheduled', 'dataset_produces_2', 'dataset_produces_1', 'dataset_consumes_unknown_never_scheduled', 'conditional_dataset_and_time_based_timetable', 'consume_1_or_both_2_and_3_with_dataset_expressions' retrieved from /home/airflow/.local/lib/python3.12/site-packages/airflow/example_dags/example_datasets.py
[2024-08-30T05:49:23.069+0000] {logging_mixin.py:190} INFO - [2024-08-30T05:49:23.068+0000] {dag.py:3211} INFO - Sync 10 DAGs
[2024-08-30T05:49:23.241+0000] {logging_mixin.py:190} INFO - [2024-08-30T05:49:23.240+0000] {dag.py:4138} INFO - Setting next_dagrun for conditional_dataset_and_time_based_timetable to 2024-08-28 01:00:00+00:00, run_after=2024-08-28 01:00:00+00:00
[2024-08-30T05:49:23.256+0000] {logging_mixin.py:190} INFO - [2024-08-30T05:49:23.255+0000] {dag.py:4138} INFO - Setting next_dagrun for consume_1_and_2_with_dataset_expressions to None, run_after=None
[2024-08-30T05:49:23.262+0000] {logging_mixin.py:190} INFO - [2024-08-30T05:49:23.261+0000] {dag.py:4138} INFO - Setting next_dagrun for consume_1_or_2_with_dataset_expressions to None, run_after=None
[2024-08-30T05:49:23.272+0000] {logging_mixin.py:190} INFO - [2024-08-30T05:49:23.271+0000] {dag.py:4138} INFO - Setting next_dagrun for consume_1_or_both_2_and_3_with_dataset_expressions to None, run_after=None
[2024-08-30T05:49:23.276+0000] {logging_mixin.py:190} INFO - [2024-08-30T05:49:23.276+0000] {dag.py:4138} INFO - Setting next_dagrun for dataset_consumes_1 to None, run_after=None
[2024-08-30T05:49:23.284+0000] {logging_mixin.py:190} INFO - [2024-08-30T05:49:23.283+0000] {dag.py:4138} INFO - Setting next_dagrun for dataset_consumes_1_and_2 to None, run_after=None
[2024-08-30T05:49:23.298+0000] {logging_mixin.py:190} INFO - [2024-08-30T05:49:23.297+0000] {dag.py:4138} INFO - Setting next_dagrun for dataset_consumes_1_never_scheduled to None, run_after=None
[2024-08-30T05:49:23.309+0000] {logging_mixin.py:190} INFO - [2024-08-30T05:49:23.305+0000] {dag.py:4138} INFO - Setting next_dagrun for dataset_consumes_unknown_never_scheduled to None, run_after=None
[2024-08-30T05:49:23.426+0000] {logging_mixin.py:190} INFO - [2024-08-30T05:49:23.425+0000] {dag.py:4138} INFO - Setting next_dagrun for dataset_produces_1 to 2024-08-29 00:00:00+00:00, run_after=2024-08-30 00:00:00+00:00
[2024-08-30T05:49:23.437+0000] {logging_mixin.py:190} INFO - [2024-08-30T05:49:23.436+0000] {dag.py:4138} INFO - Setting next_dagrun for dataset_produces_2 to None, run_after=None
[2024-08-30T05:49:23.725+0000] {processor.py:208} INFO - Processing /home/airflow/.local/lib/python3.12/site-packages/airflow/example_dags/example_datasets.py took 3.207 seconds
[2024-08-30T05:49:54.198+0000] {processor.py:186} INFO - Started process (PID=249) to work on /home/airflow/.local/lib/python3.12/site-packages/airflow/example_dags/example_datasets.py
[2024-08-30T05:49:54.200+0000] {processor.py:914} INFO - Processing file /home/airflow/.local/lib/python3.12/site-packages/airflow/example_dags/example_datasets.py for tasks to queue
[2024-08-30T05:49:54.204+0000] {logging_mixin.py:190} INFO - [2024-08-30T05:49:54.203+0000] {dagbag.py:587} INFO - Filling up the DagBag from /home/airflow/.local/lib/python3.12/site-packages/airflow/example_dags/example_datasets.py
[2024-08-30T05:49:54.482+0000] {processor.py:925} INFO - DAG(s) 'conditional_dataset_and_time_based_timetable', 'dataset_consumes_1', 'dataset_produces_2', 'dataset_consumes_1_and_2', 'dataset_produces_1', 'dataset_consumes_1_never_scheduled', 'consume_1_or_2_with_dataset_expressions', 'consume_1_and_2_with_dataset_expressions', 'consume_1_or_both_2_and_3_with_dataset_expressions', 'dataset_consumes_unknown_never_scheduled' retrieved from /home/airflow/.local/lib/python3.12/site-packages/airflow/example_dags/example_datasets.py
[2024-08-30T05:49:54.589+0000] {logging_mixin.py:190} INFO - [2024-08-30T05:49:54.589+0000] {dag.py:3211} INFO - Sync 10 DAGs
[2024-08-30T05:49:54.656+0000] {logging_mixin.py:190} INFO - [2024-08-30T05:49:54.655+0000] {dag.py:4138} INFO - Setting next_dagrun for conditional_dataset_and_time_based_timetable to 2024-08-28 01:00:00+00:00, run_after=2024-08-28 01:00:00+00:00
[2024-08-30T05:49:54.662+0000] {logging_mixin.py:190} INFO - [2024-08-30T05:49:54.661+0000] {dag.py:4138} INFO - Setting next_dagrun for consume_1_and_2_with_dataset_expressions to None, run_after=None
[2024-08-30T05:49:54.665+0000] {logging_mixin.py:190} INFO - [2024-08-30T05:49:54.665+0000] {dag.py:4138} INFO - Setting next_dagrun for consume_1_or_2_with_dataset_expressions to None, run_after=None
[2024-08-30T05:49:54.668+0000] {logging_mixin.py:190} INFO - [2024-08-30T05:49:54.667+0000] {dag.py:4138} INFO - Setting next_dagrun for consume_1_or_both_2_and_3_with_dataset_expressions to None, run_after=None
[2024-08-30T05:49:54.674+0000] {logging_mixin.py:190} INFO - [2024-08-30T05:49:54.674+0000] {dag.py:4138} INFO - Setting next_dagrun for dataset_consumes_1 to None, run_after=None
[2024-08-30T05:49:54.677+0000] {logging_mixin.py:190} INFO - [2024-08-30T05:49:54.676+0000] {dag.py:4138} INFO - Setting next_dagrun for dataset_consumes_1_and_2 to None, run_after=None
[2024-08-30T05:49:54.679+0000] {logging_mixin.py:190} INFO - [2024-08-30T05:49:54.679+0000] {dag.py:4138} INFO - Setting next_dagrun for dataset_consumes_1_never_scheduled to None, run_after=None
[2024-08-30T05:49:54.683+0000] {logging_mixin.py:190} INFO - [2024-08-30T05:49:54.682+0000] {dag.py:4138} INFO - Setting next_dagrun for dataset_consumes_unknown_never_scheduled to None, run_after=None
[2024-08-30T05:49:54.687+0000] {logging_mixin.py:190} INFO - [2024-08-30T05:49:54.687+0000] {dag.py:4138} INFO - Setting next_dagrun for dataset_produces_1 to 2024-08-29 00:00:00+00:00, run_after=2024-08-30 00:00:00+00:00
[2024-08-30T05:49:54.693+0000] {logging_mixin.py:190} INFO - [2024-08-30T05:49:54.693+0000] {dag.py:4138} INFO - Setting next_dagrun for dataset_produces_2 to None, run_after=None
[2024-08-30T05:49:54.772+0000] {processor.py:208} INFO - Processing /home/airflow/.local/lib/python3.12/site-packages/airflow/example_dags/example_datasets.py took 0.583 seconds
[2024-08-30T05:50:25.289+0000] {processor.py:186} INFO - Started process (PID=311) to work on /home/airflow/.local/lib/python3.12/site-packages/airflow/example_dags/example_datasets.py
[2024-08-30T05:50:25.310+0000] {processor.py:914} INFO - Processing file /home/airflow/.local/lib/python3.12/site-packages/airflow/example_dags/example_datasets.py for tasks to queue
[2024-08-30T05:50:25.318+0000] {logging_mixin.py:190} INFO - [2024-08-30T05:50:25.317+0000] {dagbag.py:587} INFO - Filling up the DagBag from /home/airflow/.local/lib/python3.12/site-packages/airflow/example_dags/example_datasets.py
[2024-08-30T05:50:25.682+0000] {processor.py:925} INFO - DAG(s) 'dataset_produces_1', 'consume_1_and_2_with_dataset_expressions', 'dataset_consumes_1_and_2', 'dataset_consumes_1', 'dataset_produces_2', 'consume_1_or_2_with_dataset_expressions', 'consume_1_or_both_2_and_3_with_dataset_expressions', 'dataset_consumes_unknown_never_scheduled', 'dataset_consumes_1_never_scheduled', 'conditional_dataset_and_time_based_timetable' retrieved from /home/airflow/.local/lib/python3.12/site-packages/airflow/example_dags/example_datasets.py
[2024-08-30T05:50:25.804+0000] {logging_mixin.py:190} INFO - [2024-08-30T05:50:25.803+0000] {dag.py:3211} INFO - Sync 10 DAGs
[2024-08-30T05:50:25.917+0000] {logging_mixin.py:190} INFO - [2024-08-30T05:50:25.917+0000] {dag.py:4138} INFO - Setting next_dagrun for conditional_dataset_and_time_based_timetable to 2024-08-28 01:00:00+00:00, run_after=2024-08-28 01:00:00+00:00
[2024-08-30T05:50:25.999+0000] {logging_mixin.py:190} INFO - [2024-08-30T05:50:25.999+0000] {dag.py:4138} INFO - Setting next_dagrun for consume_1_and_2_with_dataset_expressions to None, run_after=None
[2024-08-30T05:50:26.032+0000] {logging_mixin.py:190} INFO - [2024-08-30T05:50:26.032+0000] {dag.py:4138} INFO - Setting next_dagrun for consume_1_or_2_with_dataset_expressions to None, run_after=None
[2024-08-30T05:50:26.063+0000] {logging_mixin.py:190} INFO - [2024-08-30T05:50:26.062+0000] {dag.py:4138} INFO - Setting next_dagrun for consume_1_or_both_2_and_3_with_dataset_expressions to None, run_after=None
[2024-08-30T05:50:26.098+0000] {logging_mixin.py:190} INFO - [2024-08-30T05:50:26.098+0000] {dag.py:4138} INFO - Setting next_dagrun for dataset_consumes_1 to None, run_after=None
[2024-08-30T05:50:26.102+0000] {logging_mixin.py:190} INFO - [2024-08-30T05:50:26.102+0000] {dag.py:4138} INFO - Setting next_dagrun for dataset_consumes_1_and_2 to None, run_after=None
[2024-08-30T05:50:26.168+0000] {logging_mixin.py:190} INFO - [2024-08-30T05:50:26.168+0000] {dag.py:4138} INFO - Setting next_dagrun for dataset_consumes_1_never_scheduled to None, run_after=None
[2024-08-30T05:50:26.199+0000] {logging_mixin.py:190} INFO - [2024-08-30T05:50:26.198+0000] {dag.py:4138} INFO - Setting next_dagrun for dataset_consumes_unknown_never_scheduled to None, run_after=None
[2024-08-30T05:50:26.203+0000] {logging_mixin.py:190} INFO - [2024-08-30T05:50:26.202+0000] {dag.py:4138} INFO - Setting next_dagrun for dataset_produces_1 to 2024-08-29 00:00:00+00:00, run_after=2024-08-30 00:00:00+00:00
[2024-08-30T05:50:26.204+0000] {logging_mixin.py:190} INFO - [2024-08-30T05:50:26.204+0000] {dag.py:4138} INFO - Setting next_dagrun for dataset_produces_2 to None, run_after=None
[2024-08-30T05:50:26.332+0000] {processor.py:208} INFO - Processing /home/airflow/.local/lib/python3.12/site-packages/airflow/example_dags/example_datasets.py took 1.186 seconds
[2024-08-30T05:50:56.451+0000] {processor.py:186} INFO - Started process (PID=374) to work on /home/airflow/.local/lib/python3.12/site-packages/airflow/example_dags/example_datasets.py
[2024-08-30T05:50:56.455+0000] {processor.py:914} INFO - Processing file /home/airflow/.local/lib/python3.12/site-packages/airflow/example_dags/example_datasets.py for tasks to queue
[2024-08-30T05:50:56.460+0000] {logging_mixin.py:190} INFO - [2024-08-30T05:50:56.460+0000] {dagbag.py:587} INFO - Filling up the DagBag from /home/airflow/.local/lib/python3.12/site-packages/airflow/example_dags/example_datasets.py
[2024-08-30T05:50:56.780+0000] {processor.py:925} INFO - DAG(s) 'consume_1_and_2_with_dataset_expressions', 'dataset_produces_2', 'dataset_consumes_1', 'dataset_consumes_unknown_never_scheduled', 'dataset_consumes_1_never_scheduled', 'consume_1_or_2_with_dataset_expressions', 'dataset_produces_1', 'conditional_dataset_and_time_based_timetable', 'dataset_consumes_1_and_2', 'consume_1_or_both_2_and_3_with_dataset_expressions' retrieved from /home/airflow/.local/lib/python3.12/site-packages/airflow/example_dags/example_datasets.py
[2024-08-30T05:50:56.864+0000] {logging_mixin.py:190} INFO - [2024-08-30T05:50:56.864+0000] {dag.py:3211} INFO - Sync 10 DAGs
[2024-08-30T05:50:56.908+0000] {logging_mixin.py:190} INFO - [2024-08-30T05:50:56.908+0000] {dag.py:4138} INFO - Setting next_dagrun for conditional_dataset_and_time_based_timetable to 2024-08-28 01:00:00+00:00, run_after=2024-08-28 01:00:00+00:00
[2024-08-30T05:50:56.913+0000] {logging_mixin.py:190} INFO - [2024-08-30T05:50:56.913+0000] {dag.py:4138} INFO - Setting next_dagrun for consume_1_and_2_with_dataset_expressions to None, run_after=None
[2024-08-30T05:50:56.916+0000] {logging_mixin.py:190} INFO - [2024-08-30T05:50:56.916+0000] {dag.py:4138} INFO - Setting next_dagrun for consume_1_or_2_with_dataset_expressions to None, run_after=None
[2024-08-30T05:50:56.918+0000] {logging_mixin.py:190} INFO - [2024-08-30T05:50:56.918+0000] {dag.py:4138} INFO - Setting next_dagrun for consume_1_or_both_2_and_3_with_dataset_expressions to None, run_after=None
[2024-08-30T05:50:56.922+0000] {logging_mixin.py:190} INFO - [2024-08-30T05:50:56.921+0000] {dag.py:4138} INFO - Setting next_dagrun for dataset_consumes_1 to None, run_after=None
[2024-08-30T05:50:56.924+0000] {logging_mixin.py:190} INFO - [2024-08-30T05:50:56.924+0000] {dag.py:4138} INFO - Setting next_dagrun for dataset_consumes_1_and_2 to None, run_after=None
[2024-08-30T05:50:56.926+0000] {logging_mixin.py:190} INFO - [2024-08-30T05:50:56.925+0000] {dag.py:4138} INFO - Setting next_dagrun for dataset_consumes_1_never_scheduled to None, run_after=None
[2024-08-30T05:50:56.928+0000] {logging_mixin.py:190} INFO - [2024-08-30T05:50:56.927+0000] {dag.py:4138} INFO - Setting next_dagrun for dataset_consumes_unknown_never_scheduled to None, run_after=None
[2024-08-30T05:50:56.932+0000] {logging_mixin.py:190} INFO - [2024-08-30T05:50:56.931+0000] {dag.py:4138} INFO - Setting next_dagrun for dataset_produces_1 to 2024-08-29 00:00:00+00:00, run_after=2024-08-30 00:00:00+00:00
[2024-08-30T05:50:56.934+0000] {logging_mixin.py:190} INFO - [2024-08-30T05:50:56.934+0000] {dag.py:4138} INFO - Setting next_dagrun for dataset_produces_2 to None, run_after=None
[2024-08-30T05:50:57.003+0000] {processor.py:208} INFO - Processing /home/airflow/.local/lib/python3.12/site-packages/airflow/example_dags/example_datasets.py took 0.566 seconds
[2024-08-30T05:51:27.821+0000] {processor.py:186} INFO - Started process (PID=436) to work on /home/airflow/.local/lib/python3.12/site-packages/airflow/example_dags/example_datasets.py
[2024-08-30T05:51:27.823+0000] {processor.py:914} INFO - Processing file /home/airflow/.local/lib/python3.12/site-packages/airflow/example_dags/example_datasets.py for tasks to queue
[2024-08-30T05:51:27.827+0000] {logging_mixin.py:190} INFO - [2024-08-30T05:51:27.826+0000] {dagbag.py:587} INFO - Filling up the DagBag from /home/airflow/.local/lib/python3.12/site-packages/airflow/example_dags/example_datasets.py
[2024-08-30T05:51:28.154+0000] {processor.py:925} INFO - DAG(s) 'conditional_dataset_and_time_based_timetable', 'dataset_consumes_unknown_never_scheduled', 'dataset_consumes_1', 'dataset_consumes_1_never_scheduled', 'consume_1_or_2_with_dataset_expressions', 'consume_1_or_both_2_and_3_with_dataset_expressions', 'dataset_produces_1', 'dataset_produces_2', 'consume_1_and_2_with_dataset_expressions', 'dataset_consumes_1_and_2' retrieved from /home/airflow/.local/lib/python3.12/site-packages/airflow/example_dags/example_datasets.py
[2024-08-30T05:51:28.207+0000] {logging_mixin.py:190} INFO - [2024-08-30T05:51:28.206+0000] {dag.py:3211} INFO - Sync 10 DAGs
[2024-08-30T05:51:28.240+0000] {logging_mixin.py:190} INFO - [2024-08-30T05:51:28.240+0000] {dag.py:4138} INFO - Setting next_dagrun for conditional_dataset_and_time_based_timetable to 2024-08-28 01:00:00+00:00, run_after=2024-08-28 01:00:00+00:00
[2024-08-30T05:51:28.246+0000] {logging_mixin.py:190} INFO - [2024-08-30T05:51:28.246+0000] {dag.py:4138} INFO - Setting next_dagrun for consume_1_and_2_with_dataset_expressions to None, run_after=None
[2024-08-30T05:51:28.249+0000] {logging_mixin.py:190} INFO - [2024-08-30T05:51:28.248+0000] {dag.py:4138} INFO - Setting next_dagrun for consume_1_or_2_with_dataset_expressions to None, run_after=None
[2024-08-30T05:51:28.251+0000] {logging_mixin.py:190} INFO - [2024-08-30T05:51:28.250+0000] {dag.py:4138} INFO - Setting next_dagrun for consume_1_or_both_2_and_3_with_dataset_expressions to None, run_after=None
[2024-08-30T05:51:28.252+0000] {logging_mixin.py:190} INFO - [2024-08-30T05:51:28.252+0000] {dag.py:4138} INFO - Setting next_dagrun for dataset_consumes_1 to None, run_after=None
[2024-08-30T05:51:28.254+0000] {logging_mixin.py:190} INFO - [2024-08-30T05:51:28.254+0000] {dag.py:4138} INFO - Setting next_dagrun for dataset_consumes_1_and_2 to None, run_after=None
[2024-08-30T05:51:28.256+0000] {logging_mixin.py:190} INFO - [2024-08-30T05:51:28.256+0000] {dag.py:4138} INFO - Setting next_dagrun for dataset_consumes_1_never_scheduled to None, run_after=None
[2024-08-30T05:51:28.259+0000] {logging_mixin.py:190} INFO - [2024-08-30T05:51:28.259+0000] {dag.py:4138} INFO - Setting next_dagrun for dataset_consumes_unknown_never_scheduled to None, run_after=None
[2024-08-30T05:51:28.263+0000] {logging_mixin.py:190} INFO - [2024-08-30T05:51:28.262+0000] {dag.py:4138} INFO - Setting next_dagrun for dataset_produces_1 to 2024-08-29 00:00:00+00:00, run_after=2024-08-30 00:00:00+00:00
[2024-08-30T05:51:28.265+0000] {logging_mixin.py:190} INFO - [2024-08-30T05:51:28.264+0000] {dag.py:4138} INFO - Setting next_dagrun for dataset_produces_2 to None, run_after=None
[2024-08-30T05:51:28.306+0000] {processor.py:208} INFO - Processing /home/airflow/.local/lib/python3.12/site-packages/airflow/example_dags/example_datasets.py took 0.494 seconds
[2024-08-30T05:52:17.579+0000] {processor.py:186} INFO - Started process (PID=521) to work on /home/airflow/.local/lib/python3.12/site-packages/airflow/example_dags/example_datasets.py
[2024-08-30T05:52:17.580+0000] {processor.py:914} INFO - Processing file /home/airflow/.local/lib/python3.12/site-packages/airflow/example_dags/example_datasets.py for tasks to queue
[2024-08-30T05:52:17.584+0000] {logging_mixin.py:190} INFO - [2024-08-30T05:52:17.584+0000] {dagbag.py:587} INFO - Filling up the DagBag from /home/airflow/.local/lib/python3.12/site-packages/airflow/example_dags/example_datasets.py
[2024-08-30T05:52:18.165+0000] {processor.py:925} INFO - DAG(s) 'dataset_consumes_1', 'consume_1_or_2_with_dataset_expressions', 'dataset_produces_2', 'consume_1_or_both_2_and_3_with_dataset_expressions', 'dataset_consumes_1_never_scheduled', 'conditional_dataset_and_time_based_timetable', 'dataset_consumes_unknown_never_scheduled', 'dataset_produces_1', 'dataset_consumes_1_and_2', 'consume_1_and_2_with_dataset_expressions' retrieved from /home/airflow/.local/lib/python3.12/site-packages/airflow/example_dags/example_datasets.py
[2024-08-30T05:52:18.255+0000] {logging_mixin.py:190} INFO - [2024-08-30T05:52:18.255+0000] {dag.py:3211} INFO - Sync 10 DAGs
[2024-08-30T05:52:18.315+0000] {logging_mixin.py:190} INFO - [2024-08-30T05:52:18.315+0000] {dag.py:4138} INFO - Setting next_dagrun for conditional_dataset_and_time_based_timetable to 2024-08-28 01:00:00+00:00, run_after=2024-08-28 01:00:00+00:00
[2024-08-30T05:52:18.323+0000] {logging_mixin.py:190} INFO - [2024-08-30T05:52:18.323+0000] {dag.py:4138} INFO - Setting next_dagrun for consume_1_and_2_with_dataset_expressions to None, run_after=None
[2024-08-30T05:52:18.327+0000] {logging_mixin.py:190} INFO - [2024-08-30T05:52:18.326+0000] {dag.py:4138} INFO - Setting next_dagrun for consume_1_or_2_with_dataset_expressions to None, run_after=None
[2024-08-30T05:52:18.329+0000] {logging_mixin.py:190} INFO - [2024-08-30T05:52:18.329+0000] {dag.py:4138} INFO - Setting next_dagrun for consume_1_or_both_2_and_3_with_dataset_expressions to None, run_after=None
[2024-08-30T05:52:18.331+0000] {logging_mixin.py:190} INFO - [2024-08-30T05:52:18.331+0000] {dag.py:4138} INFO - Setting next_dagrun for dataset_consumes_1 to None, run_after=None
[2024-08-30T05:52:18.334+0000] {logging_mixin.py:190} INFO - [2024-08-30T05:52:18.333+0000] {dag.py:4138} INFO - Setting next_dagrun for dataset_consumes_1_and_2 to None, run_after=None
[2024-08-30T05:52:18.336+0000] {logging_mixin.py:190} INFO - [2024-08-30T05:52:18.336+0000] {dag.py:4138} INFO - Setting next_dagrun for dataset_consumes_1_never_scheduled to None, run_after=None
[2024-08-30T05:52:18.339+0000] {logging_mixin.py:190} INFO - [2024-08-30T05:52:18.339+0000] {dag.py:4138} INFO - Setting next_dagrun for dataset_consumes_unknown_never_scheduled to None, run_after=None
[2024-08-30T05:52:18.344+0000] {logging_mixin.py:190} INFO - [2024-08-30T05:52:18.344+0000] {dag.py:4138} INFO - Setting next_dagrun for dataset_produces_1 to 2024-08-29 00:00:00+00:00, run_after=2024-08-30 00:00:00+00:00
[2024-08-30T05:52:18.347+0000] {logging_mixin.py:190} INFO - [2024-08-30T05:52:18.346+0000] {dag.py:4138} INFO - Setting next_dagrun for dataset_produces_2 to None, run_after=None
[2024-08-30T05:52:18.414+0000] {processor.py:208} INFO - Processing /home/airflow/.local/lib/python3.12/site-packages/airflow/example_dags/example_datasets.py took 0.844 seconds
[2024-08-30T05:52:49.425+0000] {processor.py:186} INFO - Started process (PID=585) to work on /home/airflow/.local/lib/python3.12/site-packages/airflow/example_dags/example_datasets.py
[2024-08-30T05:52:49.427+0000] {processor.py:914} INFO - Processing file /home/airflow/.local/lib/python3.12/site-packages/airflow/example_dags/example_datasets.py for tasks to queue
[2024-08-30T05:52:49.430+0000] {logging_mixin.py:190} INFO - [2024-08-30T05:52:49.430+0000] {dagbag.py:587} INFO - Filling up the DagBag from /home/airflow/.local/lib/python3.12/site-packages/airflow/example_dags/example_datasets.py
[2024-08-30T05:52:49.757+0000] {processor.py:925} INFO - DAG(s) 'dataset_consumes_unknown_never_scheduled', 'conditional_dataset_and_time_based_timetable', 'consume_1_or_2_with_dataset_expressions', 'consume_1_and_2_with_dataset_expressions', 'dataset_consumes_1_and_2', 'dataset_consumes_1', 'dataset_consumes_1_never_scheduled', 'dataset_produces_1', 'dataset_produces_2', 'consume_1_or_both_2_and_3_with_dataset_expressions' retrieved from /home/airflow/.local/lib/python3.12/site-packages/airflow/example_dags/example_datasets.py
[2024-08-30T05:52:49.820+0000] {logging_mixin.py:190} INFO - [2024-08-30T05:52:49.819+0000] {dag.py:3211} INFO - Sync 10 DAGs
[2024-08-30T05:52:49.859+0000] {logging_mixin.py:190} INFO - [2024-08-30T05:52:49.858+0000] {dag.py:4138} INFO - Setting next_dagrun for conditional_dataset_and_time_based_timetable to 2024-08-28 01:00:00+00:00, run_after=2024-08-28 01:00:00+00:00
[2024-08-30T05:52:49.864+0000] {logging_mixin.py:190} INFO - [2024-08-30T05:52:49.863+0000] {dag.py:4138} INFO - Setting next_dagrun for consume_1_and_2_with_dataset_expressions to None, run_after=None
[2024-08-30T05:52:49.866+0000] {logging_mixin.py:190} INFO - [2024-08-30T05:52:49.866+0000] {dag.py:4138} INFO - Setting next_dagrun for consume_1_or_2_with_dataset_expressions to None, run_after=None
[2024-08-30T05:52:49.869+0000] {logging_mixin.py:190} INFO - [2024-08-30T05:52:49.868+0000] {dag.py:4138} INFO - Setting next_dagrun for consume_1_or_both_2_and_3_with_dataset_expressions to None, run_after=None
[2024-08-30T05:52:49.871+0000] {logging_mixin.py:190} INFO - [2024-08-30T05:52:49.871+0000] {dag.py:4138} INFO - Setting next_dagrun for dataset_consumes_1 to None, run_after=None
[2024-08-30T05:52:49.874+0000] {logging_mixin.py:190} INFO - [2024-08-30T05:52:49.874+0000] {dag.py:4138} INFO - Setting next_dagrun for dataset_consumes_1_and_2 to None, run_after=None
[2024-08-30T05:52:49.876+0000] {logging_mixin.py:190} INFO - [2024-08-30T05:52:49.876+0000] {dag.py:4138} INFO - Setting next_dagrun for dataset_consumes_1_never_scheduled to None, run_after=None
[2024-08-30T05:52:49.879+0000] {logging_mixin.py:190} INFO - [2024-08-30T05:52:49.878+0000] {dag.py:4138} INFO - Setting next_dagrun for dataset_consumes_unknown_never_scheduled to None, run_after=None
[2024-08-30T05:52:49.883+0000] {logging_mixin.py:190} INFO - [2024-08-30T05:52:49.882+0000] {dag.py:4138} INFO - Setting next_dagrun for dataset_produces_1 to 2024-08-29 00:00:00+00:00, run_after=2024-08-30 00:00:00+00:00
[2024-08-30T05:52:49.884+0000] {logging_mixin.py:190} INFO - [2024-08-30T05:52:49.884+0000] {dag.py:4138} INFO - Setting next_dagrun for dataset_produces_2 to None, run_after=None
[2024-08-30T05:52:49.924+0000] {processor.py:208} INFO - Processing /home/airflow/.local/lib/python3.12/site-packages/airflow/example_dags/example_datasets.py took 0.508 seconds
[2024-08-30T05:53:20.762+0000] {processor.py:186} INFO - Started process (PID=649) to work on /home/airflow/.local/lib/python3.12/site-packages/airflow/example_dags/example_datasets.py
[2024-08-30T05:53:20.763+0000] {processor.py:914} INFO - Processing file /home/airflow/.local/lib/python3.12/site-packages/airflow/example_dags/example_datasets.py for tasks to queue
[2024-08-30T05:53:20.766+0000] {logging_mixin.py:190} INFO - [2024-08-30T05:53:20.765+0000] {dagbag.py:587} INFO - Filling up the DagBag from /home/airflow/.local/lib/python3.12/site-packages/airflow/example_dags/example_datasets.py
[2024-08-30T05:53:20.938+0000] {processor.py:925} INFO - DAG(s) 'dataset_consumes_1_and_2', 'conditional_dataset_and_time_based_timetable', 'dataset_consumes_unknown_never_scheduled', 'consume_1_and_2_with_dataset_expressions', 'dataset_consumes_1_never_scheduled', 'dataset_produces_2', 'dataset_consumes_1', 'consume_1_or_both_2_and_3_with_dataset_expressions', 'consume_1_or_2_with_dataset_expressions', 'dataset_produces_1' retrieved from /home/airflow/.local/lib/python3.12/site-packages/airflow/example_dags/example_datasets.py
[2024-08-30T05:53:20.986+0000] {logging_mixin.py:190} INFO - [2024-08-30T05:53:20.986+0000] {dag.py:3211} INFO - Sync 10 DAGs
[2024-08-30T05:53:21.021+0000] {logging_mixin.py:190} INFO - [2024-08-30T05:53:21.020+0000] {dag.py:4138} INFO - Setting next_dagrun for conditional_dataset_and_time_based_timetable to 2024-08-28 01:00:00+00:00, run_after=2024-08-28 01:00:00+00:00
[2024-08-30T05:53:21.025+0000] {logging_mixin.py:190} INFO - [2024-08-30T05:53:21.025+0000] {dag.py:4138} INFO - Setting next_dagrun for consume_1_and_2_with_dataset_expressions to None, run_after=None
[2024-08-30T05:53:21.027+0000] {logging_mixin.py:190} INFO - [2024-08-30T05:53:21.027+0000] {dag.py:4138} INFO - Setting next_dagrun for consume_1_or_2_with_dataset_expressions to None, run_after=None
[2024-08-30T05:53:21.029+0000] {logging_mixin.py:190} INFO - [2024-08-30T05:53:21.029+0000] {dag.py:4138} INFO - Setting next_dagrun for consume_1_or_both_2_and_3_with_dataset_expressions to None, run_after=None
[2024-08-30T05:53:21.031+0000] {logging_mixin.py:190} INFO - [2024-08-30T05:53:21.031+0000] {dag.py:4138} INFO - Setting next_dagrun for dataset_consumes_1 to None, run_after=None
[2024-08-30T05:53:21.034+0000] {logging_mixin.py:190} INFO - [2024-08-30T05:53:21.033+0000] {dag.py:4138} INFO - Setting next_dagrun for dataset_consumes_1_and_2 to None, run_after=None
[2024-08-30T05:53:21.036+0000] {logging_mixin.py:190} INFO - [2024-08-30T05:53:21.035+0000] {dag.py:4138} INFO - Setting next_dagrun for dataset_consumes_1_never_scheduled to None, run_after=None
[2024-08-30T05:53:21.038+0000] {logging_mixin.py:190} INFO - [2024-08-30T05:53:21.037+0000] {dag.py:4138} INFO - Setting next_dagrun for dataset_consumes_unknown_never_scheduled to None, run_after=None
[2024-08-30T05:53:21.041+0000] {logging_mixin.py:190} INFO - [2024-08-30T05:53:21.040+0000] {dag.py:4138} INFO - Setting next_dagrun for dataset_produces_1 to 2024-08-29 00:00:00+00:00, run_after=2024-08-30 00:00:00+00:00
[2024-08-30T05:53:21.042+0000] {logging_mixin.py:190} INFO - [2024-08-30T05:53:21.042+0000] {dag.py:4138} INFO - Setting next_dagrun for dataset_produces_2 to None, run_after=None
[2024-08-30T05:53:21.084+0000] {processor.py:208} INFO - Processing /home/airflow/.local/lib/python3.12/site-packages/airflow/example_dags/example_datasets.py took 0.329 seconds
[2024-08-30T05:53:51.150+0000] {processor.py:186} INFO - Started process (PID=712) to work on /home/airflow/.local/lib/python3.12/site-packages/airflow/example_dags/example_datasets.py
[2024-08-30T05:53:51.152+0000] {processor.py:914} INFO - Processing file /home/airflow/.local/lib/python3.12/site-packages/airflow/example_dags/example_datasets.py for tasks to queue
[2024-08-30T05:53:51.154+0000] {logging_mixin.py:190} INFO - [2024-08-30T05:53:51.154+0000] {dagbag.py:587} INFO - Filling up the DagBag from /home/airflow/.local/lib/python3.12/site-packages/airflow/example_dags/example_datasets.py
[2024-08-30T05:53:51.307+0000] {processor.py:925} INFO - DAG(s) 'dataset_produces_2', 'conditional_dataset_and_time_based_timetable', 'dataset_consumes_1_and_2', 'dataset_produces_1', 'dataset_consumes_1', 'dataset_consumes_1_never_scheduled', 'dataset_consumes_unknown_never_scheduled', 'consume_1_or_2_with_dataset_expressions', 'consume_1_or_both_2_and_3_with_dataset_expressions', 'consume_1_and_2_with_dataset_expressions' retrieved from /home/airflow/.local/lib/python3.12/site-packages/airflow/example_dags/example_datasets.py
[2024-08-30T05:53:51.353+0000] {logging_mixin.py:190} INFO - [2024-08-30T05:53:51.353+0000] {dag.py:3211} INFO - Sync 10 DAGs
[2024-08-30T05:53:51.379+0000] {logging_mixin.py:190} INFO - [2024-08-30T05:53:51.378+0000] {dag.py:4138} INFO - Setting next_dagrun for conditional_dataset_and_time_based_timetable to 2024-08-28 01:00:00+00:00, run_after=2024-08-28 01:00:00+00:00
[2024-08-30T05:53:51.383+0000] {logging_mixin.py:190} INFO - [2024-08-30T05:53:51.382+0000] {dag.py:4138} INFO - Setting next_dagrun for consume_1_and_2_with_dataset_expressions to None, run_after=None
[2024-08-30T05:53:51.385+0000] {logging_mixin.py:190} INFO - [2024-08-30T05:53:51.385+0000] {dag.py:4138} INFO - Setting next_dagrun for consume_1_or_2_with_dataset_expressions to None, run_after=None
[2024-08-30T05:53:51.387+0000] {logging_mixin.py:190} INFO - [2024-08-30T05:53:51.387+0000] {dag.py:4138} INFO - Setting next_dagrun for consume_1_or_both_2_and_3_with_dataset_expressions to None, run_after=None
[2024-08-30T05:53:51.389+0000] {logging_mixin.py:190} INFO - [2024-08-30T05:53:51.388+0000] {dag.py:4138} INFO - Setting next_dagrun for dataset_consumes_1 to None, run_after=None
[2024-08-30T05:53:51.390+0000] {logging_mixin.py:190} INFO - [2024-08-30T05:53:51.390+0000] {dag.py:4138} INFO - Setting next_dagrun for dataset_consumes_1_and_2 to None, run_after=None
[2024-08-30T05:53:51.392+0000] {logging_mixin.py:190} INFO - [2024-08-30T05:53:51.391+0000] {dag.py:4138} INFO - Setting next_dagrun for dataset_consumes_1_never_scheduled to None, run_after=None
[2024-08-30T05:53:51.393+0000] {logging_mixin.py:190} INFO - [2024-08-30T05:53:51.393+0000] {dag.py:4138} INFO - Setting next_dagrun for dataset_consumes_unknown_never_scheduled to None, run_after=None
[2024-08-30T05:53:51.396+0000] {logging_mixin.py:190} INFO - [2024-08-30T05:53:51.396+0000] {dag.py:4138} INFO - Setting next_dagrun for dataset_produces_1 to 2024-08-29 00:00:00+00:00, run_after=2024-08-30 00:00:00+00:00
[2024-08-30T05:53:51.397+0000] {logging_mixin.py:190} INFO - [2024-08-30T05:53:51.397+0000] {dag.py:4138} INFO - Setting next_dagrun for dataset_produces_2 to None, run_after=None
[2024-08-30T05:53:51.434+0000] {processor.py:208} INFO - Processing /home/airflow/.local/lib/python3.12/site-packages/airflow/example_dags/example_datasets.py took 0.290 seconds
[2024-08-30T05:54:21.663+0000] {processor.py:186} INFO - Started process (PID=776) to work on /home/airflow/.local/lib/python3.12/site-packages/airflow/example_dags/example_datasets.py
[2024-08-30T05:54:21.665+0000] {processor.py:914} INFO - Processing file /home/airflow/.local/lib/python3.12/site-packages/airflow/example_dags/example_datasets.py for tasks to queue
[2024-08-30T05:54:21.668+0000] {logging_mixin.py:190} INFO - [2024-08-30T05:54:21.667+0000] {dagbag.py:587} INFO - Filling up the DagBag from /home/airflow/.local/lib/python3.12/site-packages/airflow/example_dags/example_datasets.py
[2024-08-30T05:54:21.815+0000] {processor.py:925} INFO - DAG(s) 'dataset_consumes_1', 'consume_1_or_2_with_dataset_expressions', 'conditional_dataset_and_time_based_timetable', 'consume_1_or_both_2_and_3_with_dataset_expressions', 'dataset_produces_1', 'consume_1_and_2_with_dataset_expressions', 'dataset_consumes_1_and_2', 'dataset_produces_2', 'dataset_consumes_unknown_never_scheduled', 'dataset_consumes_1_never_scheduled' retrieved from /home/airflow/.local/lib/python3.12/site-packages/airflow/example_dags/example_datasets.py
[2024-08-30T05:54:21.859+0000] {logging_mixin.py:190} INFO - [2024-08-30T05:54:21.859+0000] {dag.py:3211} INFO - Sync 10 DAGs
[2024-08-30T05:54:21.886+0000] {logging_mixin.py:190} INFO - [2024-08-30T05:54:21.886+0000] {dag.py:4138} INFO - Setting next_dagrun for conditional_dataset_and_time_based_timetable to 2024-08-28 01:00:00+00:00, run_after=2024-08-28 01:00:00+00:00
[2024-08-30T05:54:21.891+0000] {logging_mixin.py:190} INFO - [2024-08-30T05:54:21.891+0000] {dag.py:4138} INFO - Setting next_dagrun for consume_1_and_2_with_dataset_expressions to None, run_after=None
[2024-08-30T05:54:21.893+0000] {logging_mixin.py:190} INFO - [2024-08-30T05:54:21.893+0000] {dag.py:4138} INFO - Setting next_dagrun for consume_1_or_2_with_dataset_expressions to None, run_after=None
[2024-08-30T05:54:21.895+0000] {logging_mixin.py:190} INFO - [2024-08-30T05:54:21.894+0000] {dag.py:4138} INFO - Setting next_dagrun for consume_1_or_both_2_and_3_with_dataset_expressions to None, run_after=None
[2024-08-30T05:54:21.897+0000] {logging_mixin.py:190} INFO - [2024-08-30T05:54:21.897+0000] {dag.py:4138} INFO - Setting next_dagrun for dataset_consumes_1 to None, run_after=None
[2024-08-30T05:54:21.899+0000] {logging_mixin.py:190} INFO - [2024-08-30T05:54:21.899+0000] {dag.py:4138} INFO - Setting next_dagrun for dataset_consumes_1_and_2 to None, run_after=None
[2024-08-30T05:54:21.901+0000] {logging_mixin.py:190} INFO - [2024-08-30T05:54:21.900+0000] {dag.py:4138} INFO - Setting next_dagrun for dataset_consumes_1_never_scheduled to None, run_after=None
[2024-08-30T05:54:21.902+0000] {logging_mixin.py:190} INFO - [2024-08-30T05:54:21.902+0000] {dag.py:4138} INFO - Setting next_dagrun for dataset_consumes_unknown_never_scheduled to None, run_after=None
[2024-08-30T05:54:21.905+0000] {logging_mixin.py:190} INFO - [2024-08-30T05:54:21.905+0000] {dag.py:4138} INFO - Setting next_dagrun for dataset_produces_1 to 2024-08-29 00:00:00+00:00, run_after=2024-08-30 00:00:00+00:00
[2024-08-30T05:54:21.906+0000] {logging_mixin.py:190} INFO - [2024-08-30T05:54:21.906+0000] {dag.py:4138} INFO - Setting next_dagrun for dataset_produces_2 to None, run_after=None
[2024-08-30T05:54:21.939+0000] {processor.py:208} INFO - Processing /home/airflow/.local/lib/python3.12/site-packages/airflow/example_dags/example_datasets.py took 0.283 seconds
[2024-08-30T05:54:52.089+0000] {processor.py:186} INFO - Started process (PID=839) to work on /home/airflow/.local/lib/python3.12/site-packages/airflow/example_dags/example_datasets.py
[2024-08-30T05:54:52.090+0000] {processor.py:914} INFO - Processing file /home/airflow/.local/lib/python3.12/site-packages/airflow/example_dags/example_datasets.py for tasks to queue
[2024-08-30T05:54:52.093+0000] {logging_mixin.py:190} INFO - [2024-08-30T05:54:52.092+0000] {dagbag.py:587} INFO - Filling up the DagBag from /home/airflow/.local/lib/python3.12/site-packages/airflow/example_dags/example_datasets.py
[2024-08-30T05:54:52.239+0000] {processor.py:925} INFO - DAG(s) 'consume_1_or_both_2_and_3_with_dataset_expressions', 'conditional_dataset_and_time_based_timetable', 'consume_1_and_2_with_dataset_expressions', 'dataset_consumes_unknown_never_scheduled', 'dataset_produces_2', 'dataset_produces_1', 'consume_1_or_2_with_dataset_expressions', 'dataset_consumes_1', 'dataset_consumes_1_never_scheduled', 'dataset_consumes_1_and_2' retrieved from /home/airflow/.local/lib/python3.12/site-packages/airflow/example_dags/example_datasets.py
[2024-08-30T05:54:52.290+0000] {logging_mixin.py:190} INFO - [2024-08-30T05:54:52.289+0000] {dag.py:3211} INFO - Sync 10 DAGs
[2024-08-30T05:54:52.317+0000] {logging_mixin.py:190} INFO - [2024-08-30T05:54:52.317+0000] {dag.py:4138} INFO - Setting next_dagrun for conditional_dataset_and_time_based_timetable to 2024-08-28 01:00:00+00:00, run_after=2024-08-28 01:00:00+00:00
[2024-08-30T05:54:52.321+0000] {logging_mixin.py:190} INFO - [2024-08-30T05:54:52.321+0000] {dag.py:4138} INFO - Setting next_dagrun for consume_1_and_2_with_dataset_expressions to None, run_after=None
[2024-08-30T05:54:52.323+0000] {logging_mixin.py:190} INFO - [2024-08-30T05:54:52.323+0000] {dag.py:4138} INFO - Setting next_dagrun for consume_1_or_2_with_dataset_expressions to None, run_after=None
[2024-08-30T05:54:52.325+0000] {logging_mixin.py:190} INFO - [2024-08-30T05:54:52.325+0000] {dag.py:4138} INFO - Setting next_dagrun for consume_1_or_both_2_and_3_with_dataset_expressions to None, run_after=None
[2024-08-30T05:54:52.326+0000] {logging_mixin.py:190} INFO - [2024-08-30T05:54:52.326+0000] {dag.py:4138} INFO - Setting next_dagrun for dataset_consumes_1 to None, run_after=None
[2024-08-30T05:54:52.328+0000] {logging_mixin.py:190} INFO - [2024-08-30T05:54:52.328+0000] {dag.py:4138} INFO - Setting next_dagrun for dataset_consumes_1_and_2 to None, run_after=None
[2024-08-30T05:54:52.329+0000] {logging_mixin.py:190} INFO - [2024-08-30T05:54:52.329+0000] {dag.py:4138} INFO - Setting next_dagrun for dataset_consumes_1_never_scheduled to None, run_after=None
[2024-08-30T05:54:52.331+0000] {logging_mixin.py:190} INFO - [2024-08-30T05:54:52.331+0000] {dag.py:4138} INFO - Setting next_dagrun for dataset_consumes_unknown_never_scheduled to None, run_after=None
[2024-08-30T05:54:52.333+0000] {logging_mixin.py:190} INFO - [2024-08-30T05:54:52.333+0000] {dag.py:4138} INFO - Setting next_dagrun for dataset_produces_1 to 2024-08-29 00:00:00+00:00, run_after=2024-08-30 00:00:00+00:00
[2024-08-30T05:54:52.335+0000] {logging_mixin.py:190} INFO - [2024-08-30T05:54:52.335+0000] {dag.py:4138} INFO - Setting next_dagrun for dataset_produces_2 to None, run_after=None
[2024-08-30T05:54:52.368+0000] {processor.py:208} INFO - Processing /home/airflow/.local/lib/python3.12/site-packages/airflow/example_dags/example_datasets.py took 0.285 seconds
[2024-08-30T05:55:22.440+0000] {processor.py:186} INFO - Started process (PID=901) to work on /home/airflow/.local/lib/python3.12/site-packages/airflow/example_dags/example_datasets.py
[2024-08-30T05:55:22.441+0000] {processor.py:914} INFO - Processing file /home/airflow/.local/lib/python3.12/site-packages/airflow/example_dags/example_datasets.py for tasks to queue
[2024-08-30T05:55:22.443+0000] {logging_mixin.py:190} INFO - [2024-08-30T05:55:22.443+0000] {dagbag.py:587} INFO - Filling up the DagBag from /home/airflow/.local/lib/python3.12/site-packages/airflow/example_dags/example_datasets.py
[2024-08-30T05:55:22.600+0000] {processor.py:925} INFO - DAG(s) 'consume_1_or_2_with_dataset_expressions', 'dataset_consumes_1', 'dataset_consumes_1_never_scheduled', 'conditional_dataset_and_time_based_timetable', 'dataset_consumes_1_and_2', 'dataset_produces_1', 'dataset_produces_2', 'dataset_consumes_unknown_never_scheduled', 'consume_1_and_2_with_dataset_expressions', 'consume_1_or_both_2_and_3_with_dataset_expressions' retrieved from /home/airflow/.local/lib/python3.12/site-packages/airflow/example_dags/example_datasets.py
[2024-08-30T05:55:22.654+0000] {logging_mixin.py:190} INFO - [2024-08-30T05:55:22.654+0000] {dag.py:3211} INFO - Sync 10 DAGs
[2024-08-30T05:55:22.688+0000] {logging_mixin.py:190} INFO - [2024-08-30T05:55:22.688+0000] {dag.py:4138} INFO - Setting next_dagrun for conditional_dataset_and_time_based_timetable to 2024-08-28 01:00:00+00:00, run_after=2024-08-28 01:00:00+00:00
[2024-08-30T05:55:22.692+0000] {logging_mixin.py:190} INFO - [2024-08-30T05:55:22.692+0000] {dag.py:4138} INFO - Setting next_dagrun for consume_1_and_2_with_dataset_expressions to None, run_after=None
[2024-08-30T05:55:22.694+0000] {logging_mixin.py:190} INFO - [2024-08-30T05:55:22.694+0000] {dag.py:4138} INFO - Setting next_dagrun for consume_1_or_2_with_dataset_expressions to None, run_after=None
[2024-08-30T05:55:22.696+0000] {logging_mixin.py:190} INFO - [2024-08-30T05:55:22.696+0000] {dag.py:4138} INFO - Setting next_dagrun for consume_1_or_both_2_and_3_with_dataset_expressions to None, run_after=None
[2024-08-30T05:55:22.697+0000] {logging_mixin.py:190} INFO - [2024-08-30T05:55:22.697+0000] {dag.py:4138} INFO - Setting next_dagrun for dataset_consumes_1 to None, run_after=None
[2024-08-30T05:55:22.699+0000] {logging_mixin.py:190} INFO - [2024-08-30T05:55:22.699+0000] {dag.py:4138} INFO - Setting next_dagrun for dataset_consumes_1_and_2 to None, run_after=None
[2024-08-30T05:55:22.700+0000] {logging_mixin.py:190} INFO - [2024-08-30T05:55:22.700+0000] {dag.py:4138} INFO - Setting next_dagrun for dataset_consumes_1_never_scheduled to None, run_after=None
[2024-08-30T05:55:22.701+0000] {logging_mixin.py:190} INFO - [2024-08-30T05:55:22.701+0000] {dag.py:4138} INFO - Setting next_dagrun for dataset_consumes_unknown_never_scheduled to None, run_after=None
[2024-08-30T05:55:22.704+0000] {logging_mixin.py:190} INFO - [2024-08-30T05:55:22.704+0000] {dag.py:4138} INFO - Setting next_dagrun for dataset_produces_1 to 2024-08-29 00:00:00+00:00, run_after=2024-08-30 00:00:00+00:00
[2024-08-30T05:55:22.706+0000] {logging_mixin.py:190} INFO - [2024-08-30T05:55:22.706+0000] {dag.py:4138} INFO - Setting next_dagrun for dataset_produces_2 to None, run_after=None
[2024-08-30T05:55:22.744+0000] {processor.py:208} INFO - Processing /home/airflow/.local/lib/python3.12/site-packages/airflow/example_dags/example_datasets.py took 0.310 seconds
[2024-08-30T05:55:59.501+0000] {processor.py:186} INFO - Started process (PID=955) to work on /home/airflow/.local/lib/python3.12/site-packages/airflow/example_dags/example_datasets.py
[2024-08-30T05:55:59.502+0000] {processor.py:914} INFO - Processing file /home/airflow/.local/lib/python3.12/site-packages/airflow/example_dags/example_datasets.py for tasks to queue
[2024-08-30T05:55:59.505+0000] {logging_mixin.py:190} INFO - [2024-08-30T05:55:59.505+0000] {dagbag.py:587} INFO - Filling up the DagBag from /home/airflow/.local/lib/python3.12/site-packages/airflow/example_dags/example_datasets.py
[2024-08-30T05:55:59.785+0000] {processor.py:925} INFO - DAG(s) 'dataset_consumes_unknown_never_scheduled', 'consume_1_or_2_with_dataset_expressions', 'consume_1_and_2_with_dataset_expressions', 'conditional_dataset_and_time_based_timetable', 'dataset_consumes_1', 'dataset_produces_1', 'dataset_produces_2', 'dataset_consumes_1_and_2', 'dataset_consumes_1_never_scheduled', 'consume_1_or_both_2_and_3_with_dataset_expressions' retrieved from /home/airflow/.local/lib/python3.12/site-packages/airflow/example_dags/example_datasets.py
[2024-08-30T05:55:59.835+0000] {logging_mixin.py:190} INFO - [2024-08-30T05:55:59.835+0000] {dag.py:3211} INFO - Sync 10 DAGs
[2024-08-30T05:55:59.867+0000] {logging_mixin.py:190} INFO - [2024-08-30T05:55:59.866+0000] {dag.py:4138} INFO - Setting next_dagrun for conditional_dataset_and_time_based_timetable to 2024-08-28 01:00:00+00:00, run_after=2024-08-28 01:00:00+00:00
[2024-08-30T05:55:59.873+0000] {logging_mixin.py:190} INFO - [2024-08-30T05:55:59.872+0000] {dag.py:4138} INFO - Setting next_dagrun for consume_1_and_2_with_dataset_expressions to None, run_after=None
[2024-08-30T05:55:59.879+0000] {logging_mixin.py:190} INFO - [2024-08-30T05:55:59.878+0000] {dag.py:4138} INFO - Setting next_dagrun for consume_1_or_2_with_dataset_expressions to None, run_after=None
[2024-08-30T05:55:59.881+0000] {logging_mixin.py:190} INFO - [2024-08-30T05:55:59.881+0000] {dag.py:4138} INFO - Setting next_dagrun for consume_1_or_both_2_and_3_with_dataset_expressions to None, run_after=None
[2024-08-30T05:55:59.884+0000] {logging_mixin.py:190} INFO - [2024-08-30T05:55:59.884+0000] {dag.py:4138} INFO - Setting next_dagrun for dataset_consumes_1 to None, run_after=None
[2024-08-30T05:55:59.887+0000] {logging_mixin.py:190} INFO - [2024-08-30T05:55:59.886+0000] {dag.py:4138} INFO - Setting next_dagrun for dataset_consumes_1_and_2 to None, run_after=None
[2024-08-30T05:55:59.889+0000] {logging_mixin.py:190} INFO - [2024-08-30T05:55:59.889+0000] {dag.py:4138} INFO - Setting next_dagrun for dataset_consumes_1_never_scheduled to None, run_after=None
[2024-08-30T05:55:59.892+0000] {logging_mixin.py:190} INFO - [2024-08-30T05:55:59.892+0000] {dag.py:4138} INFO - Setting next_dagrun for dataset_consumes_unknown_never_scheduled to None, run_after=None
[2024-08-30T05:55:59.897+0000] {logging_mixin.py:190} INFO - [2024-08-30T05:55:59.897+0000] {dag.py:4138} INFO - Setting next_dagrun for dataset_produces_1 to 2024-08-29 00:00:00+00:00, run_after=2024-08-30 00:00:00+00:00
[2024-08-30T05:55:59.900+0000] {logging_mixin.py:190} INFO - [2024-08-30T05:55:59.900+0000] {dag.py:4138} INFO - Setting next_dagrun for dataset_produces_2 to None, run_after=None
[2024-08-30T05:55:59.950+0000] {processor.py:208} INFO - Processing /home/airflow/.local/lib/python3.12/site-packages/airflow/example_dags/example_datasets.py took 0.456 seconds
[2024-08-30T05:56:30.522+0000] {processor.py:186} INFO - Started process (PID=1017) to work on /home/airflow/.local/lib/python3.12/site-packages/airflow/example_dags/example_datasets.py
[2024-08-30T05:56:30.523+0000] {processor.py:914} INFO - Processing file /home/airflow/.local/lib/python3.12/site-packages/airflow/example_dags/example_datasets.py for tasks to queue
[2024-08-30T05:56:30.527+0000] {logging_mixin.py:190} INFO - [2024-08-30T05:56:30.526+0000] {dagbag.py:587} INFO - Filling up the DagBag from /home/airflow/.local/lib/python3.12/site-packages/airflow/example_dags/example_datasets.py
[2024-08-30T05:56:30.703+0000] {processor.py:925} INFO - DAG(s) 'dataset_consumes_1_and_2', 'conditional_dataset_and_time_based_timetable', 'dataset_consumes_1', 'consume_1_or_both_2_and_3_with_dataset_expressions', 'dataset_produces_1', 'dataset_consumes_1_never_scheduled', 'dataset_produces_2', 'dataset_consumes_unknown_never_scheduled', 'consume_1_or_2_with_dataset_expressions', 'consume_1_and_2_with_dataset_expressions' retrieved from /home/airflow/.local/lib/python3.12/site-packages/airflow/example_dags/example_datasets.py
[2024-08-30T05:56:30.751+0000] {logging_mixin.py:190} INFO - [2024-08-30T05:56:30.750+0000] {dag.py:3211} INFO - Sync 10 DAGs
[2024-08-30T05:56:30.782+0000] {logging_mixin.py:190} INFO - [2024-08-30T05:56:30.782+0000] {dag.py:4138} INFO - Setting next_dagrun for conditional_dataset_and_time_based_timetable to 2024-08-28 01:00:00+00:00, run_after=2024-08-28 01:00:00+00:00
[2024-08-30T05:56:30.788+0000] {logging_mixin.py:190} INFO - [2024-08-30T05:56:30.787+0000] {dag.py:4138} INFO - Setting next_dagrun for consume_1_and_2_with_dataset_expressions to None, run_after=None
[2024-08-30T05:56:30.790+0000] {logging_mixin.py:190} INFO - [2024-08-30T05:56:30.790+0000] {dag.py:4138} INFO - Setting next_dagrun for consume_1_or_2_with_dataset_expressions to None, run_after=None
[2024-08-30T05:56:30.792+0000] {logging_mixin.py:190} INFO - [2024-08-30T05:56:30.791+0000] {dag.py:4138} INFO - Setting next_dagrun for consume_1_or_both_2_and_3_with_dataset_expressions to None, run_after=None
[2024-08-30T05:56:30.794+0000] {logging_mixin.py:190} INFO - [2024-08-30T05:56:30.793+0000] {dag.py:4138} INFO - Setting next_dagrun for dataset_consumes_1 to None, run_after=None
[2024-08-30T05:56:30.795+0000] {logging_mixin.py:190} INFO - [2024-08-30T05:56:30.795+0000] {dag.py:4138} INFO - Setting next_dagrun for dataset_consumes_1_and_2 to None, run_after=None
[2024-08-30T05:56:30.797+0000] {logging_mixin.py:190} INFO - [2024-08-30T05:56:30.797+0000] {dag.py:4138} INFO - Setting next_dagrun for dataset_consumes_1_never_scheduled to None, run_after=None
[2024-08-30T05:56:30.799+0000] {logging_mixin.py:190} INFO - [2024-08-30T05:56:30.799+0000] {dag.py:4138} INFO - Setting next_dagrun for dataset_consumes_unknown_never_scheduled to None, run_after=None
[2024-08-30T05:56:30.802+0000] {logging_mixin.py:190} INFO - [2024-08-30T05:56:30.802+0000] {dag.py:4138} INFO - Setting next_dagrun for dataset_produces_1 to 2024-08-29 00:00:00+00:00, run_after=2024-08-30 00:00:00+00:00
[2024-08-30T05:56:30.804+0000] {logging_mixin.py:190} INFO - [2024-08-30T05:56:30.804+0000] {dag.py:4138} INFO - Setting next_dagrun for dataset_produces_2 to None, run_after=None
[2024-08-30T05:56:30.840+0000] {processor.py:208} INFO - Processing /home/airflow/.local/lib/python3.12/site-packages/airflow/example_dags/example_datasets.py took 0.325 seconds
