[2024-08-30T05:48:02.674+0000] {processor.py:186} INFO - Started process (PID=43) to work on /home/airflow/.local/lib/python3.12/site-packages/airflow/example_dags/example_external_task_marker_dag.py
[2024-08-30T05:48:02.677+0000] {processor.py:914} INFO - Processing file /home/airflow/.local/lib/python3.12/site-packages/airflow/example_dags/example_external_task_marker_dag.py for tasks to queue
[2024-08-30T05:48:02.688+0000] {logging_mixin.py:190} INFO - [2024-08-30T05:48:02.685+0000] {dagbag.py:587} INFO - Filling up the DagBag from /home/airflow/.local/lib/python3.12/site-packages/airflow/example_dags/example_external_task_marker_dag.py
[2024-08-30T05:48:02.737+0000] {processor.py:925} INFO - DAG(s) 'example_external_task_marker_child', 'example_external_task_marker_parent' retrieved from /home/airflow/.local/lib/python3.12/site-packages/airflow/example_dags/example_external_task_marker_dag.py
[2024-08-30T05:48:03.038+0000] {logging_mixin.py:190} INFO - [2024-08-30T05:48:03.035+0000] {override.py:1858} INFO - Created Permission View: can delete on DAG:example_external_task_marker_child
[2024-08-30T05:48:03.068+0000] {logging_mixin.py:190} INFO - [2024-08-30T05:48:03.068+0000] {override.py:1858} INFO - Created Permission View: can edit on DAG:example_external_task_marker_child
[2024-08-30T05:48:03.084+0000] {logging_mixin.py:190} INFO - [2024-08-30T05:48:03.083+0000] {override.py:1858} INFO - Created Permission View: can read on DAG:example_external_task_marker_child
[2024-08-30T05:48:03.115+0000] {logging_mixin.py:190} INFO - [2024-08-30T05:48:03.115+0000] {override.py:1858} INFO - Created Permission View: can delete on DAG:example_external_task_marker_parent
[2024-08-30T05:48:03.127+0000] {logging_mixin.py:190} INFO - [2024-08-30T05:48:03.126+0000] {override.py:1858} INFO - Created Permission View: can edit on DAG:example_external_task_marker_parent
[2024-08-30T05:48:03.140+0000] {logging_mixin.py:190} INFO - [2024-08-30T05:48:03.140+0000] {override.py:1858} INFO - Created Permission View: can read on DAG:example_external_task_marker_parent
[2024-08-30T05:48:03.142+0000] {logging_mixin.py:190} INFO - [2024-08-30T05:48:03.141+0000] {dag.py:3211} INFO - Sync 2 DAGs
[2024-08-30T05:48:03.181+0000] {logging_mixin.py:190} INFO - [2024-08-30T05:48:03.181+0000] {dag.py:3234} INFO - Creating ORM DAG for example_external_task_marker_parent
[2024-08-30T05:48:03.184+0000] {logging_mixin.py:190} INFO - [2024-08-30T05:48:03.183+0000] {dag.py:3234} INFO - Creating ORM DAG for example_external_task_marker_child
[2024-08-30T05:48:03.187+0000] {logging_mixin.py:190} INFO - [2024-08-30T05:48:03.187+0000] {dag.py:4138} INFO - Setting next_dagrun for example_external_task_marker_child to None, run_after=None
[2024-08-30T05:48:03.190+0000] {logging_mixin.py:190} INFO - [2024-08-30T05:48:03.189+0000] {dag.py:4138} INFO - Setting next_dagrun for example_external_task_marker_parent to None, run_after=None
[2024-08-30T05:48:03.232+0000] {processor.py:208} INFO - Processing /home/airflow/.local/lib/python3.12/site-packages/airflow/example_dags/example_external_task_marker_dag.py took 0.574 seconds
[2024-08-30T05:48:34.473+0000] {processor.py:186} INFO - Started process (PID=105) to work on /home/airflow/.local/lib/python3.12/site-packages/airflow/example_dags/example_external_task_marker_dag.py
[2024-08-30T05:48:34.475+0000] {processor.py:914} INFO - Processing file /home/airflow/.local/lib/python3.12/site-packages/airflow/example_dags/example_external_task_marker_dag.py for tasks to queue
[2024-08-30T05:48:34.481+0000] {logging_mixin.py:190} INFO - [2024-08-30T05:48:34.481+0000] {dagbag.py:587} INFO - Filling up the DagBag from /home/airflow/.local/lib/python3.12/site-packages/airflow/example_dags/example_external_task_marker_dag.py
[2024-08-30T05:48:34.495+0000] {processor.py:925} INFO - DAG(s) 'example_external_task_marker_parent', 'example_external_task_marker_child' retrieved from /home/airflow/.local/lib/python3.12/site-packages/airflow/example_dags/example_external_task_marker_dag.py
[2024-08-30T05:48:34.532+0000] {logging_mixin.py:190} INFO - [2024-08-30T05:48:34.531+0000] {dag.py:3211} INFO - Sync 2 DAGs
[2024-08-30T05:48:34.559+0000] {logging_mixin.py:190} INFO - [2024-08-30T05:48:34.559+0000] {dag.py:4138} INFO - Setting next_dagrun for example_external_task_marker_child to None, run_after=None
[2024-08-30T05:48:34.566+0000] {logging_mixin.py:190} INFO - [2024-08-30T05:48:34.566+0000] {dag.py:4138} INFO - Setting next_dagrun for example_external_task_marker_parent to None, run_after=None
[2024-08-30T05:48:34.597+0000] {processor.py:208} INFO - Processing /home/airflow/.local/lib/python3.12/site-packages/airflow/example_dags/example_external_task_marker_dag.py took 0.134 seconds
[2024-08-30T05:49:06.710+0000] {processor.py:186} INFO - Started process (PID=168) to work on /home/airflow/.local/lib/python3.12/site-packages/airflow/example_dags/example_external_task_marker_dag.py
[2024-08-30T05:49:06.725+0000] {processor.py:914} INFO - Processing file /home/airflow/.local/lib/python3.12/site-packages/airflow/example_dags/example_external_task_marker_dag.py for tasks to queue
[2024-08-30T05:49:06.743+0000] {logging_mixin.py:190} INFO - [2024-08-30T05:49:06.742+0000] {dagbag.py:587} INFO - Filling up the DagBag from /home/airflow/.local/lib/python3.12/site-packages/airflow/example_dags/example_external_task_marker_dag.py
[2024-08-30T05:49:06.766+0000] {processor.py:925} INFO - DAG(s) 'example_external_task_marker_child', 'example_external_task_marker_parent' retrieved from /home/airflow/.local/lib/python3.12/site-packages/airflow/example_dags/example_external_task_marker_dag.py
[2024-08-30T05:49:06.808+0000] {logging_mixin.py:190} INFO - [2024-08-30T05:49:06.808+0000] {dag.py:3211} INFO - Sync 2 DAGs
[2024-08-30T05:49:06.831+0000] {logging_mixin.py:190} INFO - [2024-08-30T05:49:06.831+0000] {dag.py:4138} INFO - Setting next_dagrun for example_external_task_marker_child to None, run_after=None
[2024-08-30T05:49:06.838+0000] {logging_mixin.py:190} INFO - [2024-08-30T05:49:06.837+0000] {dag.py:4138} INFO - Setting next_dagrun for example_external_task_marker_parent to None, run_after=None
[2024-08-30T05:49:06.866+0000] {processor.py:208} INFO - Processing /home/airflow/.local/lib/python3.12/site-packages/airflow/example_dags/example_external_task_marker_dag.py took 0.176 seconds
[2024-08-30T05:49:37.187+0000] {processor.py:186} INFO - Started process (PID=230) to work on /home/airflow/.local/lib/python3.12/site-packages/airflow/example_dags/example_external_task_marker_dag.py
[2024-08-30T05:49:37.189+0000] {processor.py:914} INFO - Processing file /home/airflow/.local/lib/python3.12/site-packages/airflow/example_dags/example_external_task_marker_dag.py for tasks to queue
[2024-08-30T05:49:37.192+0000] {logging_mixin.py:190} INFO - [2024-08-30T05:49:37.192+0000] {dagbag.py:587} INFO - Filling up the DagBag from /home/airflow/.local/lib/python3.12/site-packages/airflow/example_dags/example_external_task_marker_dag.py
[2024-08-30T05:49:37.209+0000] {processor.py:925} INFO - DAG(s) 'example_external_task_marker_child', 'example_external_task_marker_parent' retrieved from /home/airflow/.local/lib/python3.12/site-packages/airflow/example_dags/example_external_task_marker_dag.py
[2024-08-30T05:49:37.247+0000] {logging_mixin.py:190} INFO - [2024-08-30T05:49:37.247+0000] {dag.py:3211} INFO - Sync 2 DAGs
[2024-08-30T05:49:37.273+0000] {logging_mixin.py:190} INFO - [2024-08-30T05:49:37.273+0000] {dag.py:4138} INFO - Setting next_dagrun for example_external_task_marker_child to None, run_after=None
[2024-08-30T05:49:37.279+0000] {logging_mixin.py:190} INFO - [2024-08-30T05:49:37.278+0000] {dag.py:4138} INFO - Setting next_dagrun for example_external_task_marker_parent to None, run_after=None
[2024-08-30T05:49:37.303+0000] {processor.py:208} INFO - Processing /home/airflow/.local/lib/python3.12/site-packages/airflow/example_dags/example_external_task_marker_dag.py took 0.126 seconds
[2024-08-30T05:50:08.689+0000] {processor.py:186} INFO - Started process (PID=292) to work on /home/airflow/.local/lib/python3.12/site-packages/airflow/example_dags/example_external_task_marker_dag.py
[2024-08-30T05:50:08.691+0000] {processor.py:914} INFO - Processing file /home/airflow/.local/lib/python3.12/site-packages/airflow/example_dags/example_external_task_marker_dag.py for tasks to queue
[2024-08-30T05:50:08.705+0000] {logging_mixin.py:190} INFO - [2024-08-30T05:50:08.704+0000] {dagbag.py:587} INFO - Filling up the DagBag from /home/airflow/.local/lib/python3.12/site-packages/airflow/example_dags/example_external_task_marker_dag.py
[2024-08-30T05:50:08.728+0000] {processor.py:925} INFO - DAG(s) 'example_external_task_marker_child', 'example_external_task_marker_parent' retrieved from /home/airflow/.local/lib/python3.12/site-packages/airflow/example_dags/example_external_task_marker_dag.py
[2024-08-30T05:50:08.788+0000] {logging_mixin.py:190} INFO - [2024-08-30T05:50:08.787+0000] {dag.py:3211} INFO - Sync 2 DAGs
[2024-08-30T05:50:08.824+0000] {logging_mixin.py:190} INFO - [2024-08-30T05:50:08.823+0000] {dag.py:4138} INFO - Setting next_dagrun for example_external_task_marker_child to None, run_after=None
[2024-08-30T05:50:08.831+0000] {logging_mixin.py:190} INFO - [2024-08-30T05:50:08.831+0000] {dag.py:4138} INFO - Setting next_dagrun for example_external_task_marker_parent to None, run_after=None
[2024-08-30T05:50:09.016+0000] {processor.py:208} INFO - Processing /home/airflow/.local/lib/python3.12/site-packages/airflow/example_dags/example_external_task_marker_dag.py took 0.342 seconds
[2024-08-30T05:50:41.898+0000] {processor.py:186} INFO - Started process (PID=354) to work on /home/airflow/.local/lib/python3.12/site-packages/airflow/example_dags/example_external_task_marker_dag.py
[2024-08-30T05:50:41.900+0000] {processor.py:914} INFO - Processing file /home/airflow/.local/lib/python3.12/site-packages/airflow/example_dags/example_external_task_marker_dag.py for tasks to queue
[2024-08-30T05:50:41.904+0000] {logging_mixin.py:190} INFO - [2024-08-30T05:50:41.904+0000] {dagbag.py:587} INFO - Filling up the DagBag from /home/airflow/.local/lib/python3.12/site-packages/airflow/example_dags/example_external_task_marker_dag.py
[2024-08-30T05:50:41.916+0000] {processor.py:925} INFO - DAG(s) 'example_external_task_marker_child', 'example_external_task_marker_parent' retrieved from /home/airflow/.local/lib/python3.12/site-packages/airflow/example_dags/example_external_task_marker_dag.py
[2024-08-30T05:50:41.952+0000] {logging_mixin.py:190} INFO - [2024-08-30T05:50:41.952+0000] {dag.py:3211} INFO - Sync 2 DAGs
[2024-08-30T05:50:41.975+0000] {logging_mixin.py:190} INFO - [2024-08-30T05:50:41.975+0000] {dag.py:4138} INFO - Setting next_dagrun for example_external_task_marker_child to None, run_after=None
[2024-08-30T05:50:41.985+0000] {logging_mixin.py:190} INFO - [2024-08-30T05:50:41.985+0000] {dag.py:4138} INFO - Setting next_dagrun for example_external_task_marker_parent to None, run_after=None
[2024-08-30T05:50:42.013+0000] {processor.py:208} INFO - Processing /home/airflow/.local/lib/python3.12/site-packages/airflow/example_dags/example_external_task_marker_dag.py took 0.126 seconds
[2024-08-30T05:51:12.377+0000] {processor.py:186} INFO - Started process (PID=416) to work on /home/airflow/.local/lib/python3.12/site-packages/airflow/example_dags/example_external_task_marker_dag.py
[2024-08-30T05:51:12.378+0000] {processor.py:914} INFO - Processing file /home/airflow/.local/lib/python3.12/site-packages/airflow/example_dags/example_external_task_marker_dag.py for tasks to queue
[2024-08-30T05:51:12.381+0000] {logging_mixin.py:190} INFO - [2024-08-30T05:51:12.381+0000] {dagbag.py:587} INFO - Filling up the DagBag from /home/airflow/.local/lib/python3.12/site-packages/airflow/example_dags/example_external_task_marker_dag.py
[2024-08-30T05:51:12.393+0000] {processor.py:925} INFO - DAG(s) 'example_external_task_marker_child', 'example_external_task_marker_parent' retrieved from /home/airflow/.local/lib/python3.12/site-packages/airflow/example_dags/example_external_task_marker_dag.py
[2024-08-30T05:51:12.429+0000] {logging_mixin.py:190} INFO - [2024-08-30T05:51:12.428+0000] {dag.py:3211} INFO - Sync 2 DAGs
[2024-08-30T05:51:12.449+0000] {logging_mixin.py:190} INFO - [2024-08-30T05:51:12.448+0000] {dag.py:4138} INFO - Setting next_dagrun for example_external_task_marker_child to None, run_after=None
[2024-08-30T05:51:12.456+0000] {logging_mixin.py:190} INFO - [2024-08-30T05:51:12.456+0000] {dag.py:4138} INFO - Setting next_dagrun for example_external_task_marker_parent to None, run_after=None
[2024-08-30T05:51:12.482+0000] {processor.py:208} INFO - Processing /home/airflow/.local/lib/python3.12/site-packages/airflow/example_dags/example_external_task_marker_dag.py took 0.113 seconds
[2024-08-30T05:51:43.114+0000] {processor.py:186} INFO - Started process (PID=478) to work on /home/airflow/.local/lib/python3.12/site-packages/airflow/example_dags/example_external_task_marker_dag.py
[2024-08-30T05:51:43.115+0000] {processor.py:914} INFO - Processing file /home/airflow/.local/lib/python3.12/site-packages/airflow/example_dags/example_external_task_marker_dag.py for tasks to queue
[2024-08-30T05:51:43.118+0000] {logging_mixin.py:190} INFO - [2024-08-30T05:51:43.117+0000] {dagbag.py:587} INFO - Filling up the DagBag from /home/airflow/.local/lib/python3.12/site-packages/airflow/example_dags/example_external_task_marker_dag.py
[2024-08-30T05:51:43.127+0000] {processor.py:925} INFO - DAG(s) 'example_external_task_marker_child', 'example_external_task_marker_parent' retrieved from /home/airflow/.local/lib/python3.12/site-packages/airflow/example_dags/example_external_task_marker_dag.py
[2024-08-30T05:51:43.153+0000] {logging_mixin.py:190} INFO - [2024-08-30T05:51:43.152+0000] {dag.py:3211} INFO - Sync 2 DAGs
[2024-08-30T05:51:43.172+0000] {logging_mixin.py:190} INFO - [2024-08-30T05:51:43.171+0000] {dag.py:4138} INFO - Setting next_dagrun for example_external_task_marker_child to None, run_after=None
[2024-08-30T05:51:43.177+0000] {logging_mixin.py:190} INFO - [2024-08-30T05:51:43.176+0000] {dag.py:4138} INFO - Setting next_dagrun for example_external_task_marker_parent to None, run_after=None
[2024-08-30T05:51:43.196+0000] {processor.py:208} INFO - Processing /home/airflow/.local/lib/python3.12/site-packages/airflow/example_dags/example_external_task_marker_dag.py took 0.088 seconds
[2024-08-30T05:52:15.958+0000] {processor.py:186} INFO - Started process (PID=506) to work on /home/airflow/.local/lib/python3.12/site-packages/airflow/example_dags/example_external_task_marker_dag.py
[2024-08-30T05:52:15.959+0000] {processor.py:914} INFO - Processing file /home/airflow/.local/lib/python3.12/site-packages/airflow/example_dags/example_external_task_marker_dag.py for tasks to queue
[2024-08-30T05:52:15.963+0000] {logging_mixin.py:190} INFO - [2024-08-30T05:52:15.962+0000] {dagbag.py:587} INFO - Filling up the DagBag from /home/airflow/.local/lib/python3.12/site-packages/airflow/example_dags/example_external_task_marker_dag.py
[2024-08-30T05:52:15.976+0000] {processor.py:925} INFO - DAG(s) 'example_external_task_marker_parent', 'example_external_task_marker_child' retrieved from /home/airflow/.local/lib/python3.12/site-packages/airflow/example_dags/example_external_task_marker_dag.py
[2024-08-30T05:52:16.037+0000] {logging_mixin.py:190} INFO - [2024-08-30T05:52:16.036+0000] {dag.py:3211} INFO - Sync 2 DAGs
[2024-08-30T05:52:16.073+0000] {logging_mixin.py:190} INFO - [2024-08-30T05:52:16.072+0000] {dag.py:4138} INFO - Setting next_dagrun for example_external_task_marker_child to None, run_after=None
[2024-08-30T05:52:16.083+0000] {logging_mixin.py:190} INFO - [2024-08-30T05:52:16.083+0000] {dag.py:4138} INFO - Setting next_dagrun for example_external_task_marker_parent to None, run_after=None
[2024-08-30T05:52:16.136+0000] {processor.py:208} INFO - Processing /home/airflow/.local/lib/python3.12/site-packages/airflow/example_dags/example_external_task_marker_dag.py took 0.186 seconds
[2024-08-30T05:52:46.939+0000] {processor.py:186} INFO - Started process (PID=568) to work on /home/airflow/.local/lib/python3.12/site-packages/airflow/example_dags/example_external_task_marker_dag.py
[2024-08-30T05:52:46.940+0000] {processor.py:914} INFO - Processing file /home/airflow/.local/lib/python3.12/site-packages/airflow/example_dags/example_external_task_marker_dag.py for tasks to queue
[2024-08-30T05:52:46.943+0000] {logging_mixin.py:190} INFO - [2024-08-30T05:52:46.943+0000] {dagbag.py:587} INFO - Filling up the DagBag from /home/airflow/.local/lib/python3.12/site-packages/airflow/example_dags/example_external_task_marker_dag.py
[2024-08-30T05:52:46.952+0000] {processor.py:925} INFO - DAG(s) 'example_external_task_marker_parent', 'example_external_task_marker_child' retrieved from /home/airflow/.local/lib/python3.12/site-packages/airflow/example_dags/example_external_task_marker_dag.py
[2024-08-30T05:52:46.985+0000] {logging_mixin.py:190} INFO - [2024-08-30T05:52:46.984+0000] {dag.py:3211} INFO - Sync 2 DAGs
[2024-08-30T05:52:47.004+0000] {logging_mixin.py:190} INFO - [2024-08-30T05:52:47.004+0000] {dag.py:4138} INFO - Setting next_dagrun for example_external_task_marker_child to None, run_after=None
[2024-08-30T05:52:47.009+0000] {logging_mixin.py:190} INFO - [2024-08-30T05:52:47.008+0000] {dag.py:4138} INFO - Setting next_dagrun for example_external_task_marker_parent to None, run_after=None
[2024-08-30T05:52:47.030+0000] {processor.py:208} INFO - Processing /home/airflow/.local/lib/python3.12/site-packages/airflow/example_dags/example_external_task_marker_dag.py took 0.098 seconds
[2024-08-30T05:53:17.491+0000] {processor.py:186} INFO - Started process (PID=630) to work on /home/airflow/.local/lib/python3.12/site-packages/airflow/example_dags/example_external_task_marker_dag.py
[2024-08-30T05:53:17.492+0000] {processor.py:914} INFO - Processing file /home/airflow/.local/lib/python3.12/site-packages/airflow/example_dags/example_external_task_marker_dag.py for tasks to queue
[2024-08-30T05:53:17.494+0000] {logging_mixin.py:190} INFO - [2024-08-30T05:53:17.494+0000] {dagbag.py:587} INFO - Filling up the DagBag from /home/airflow/.local/lib/python3.12/site-packages/airflow/example_dags/example_external_task_marker_dag.py
[2024-08-30T05:53:17.503+0000] {processor.py:925} INFO - DAG(s) 'example_external_task_marker_child', 'example_external_task_marker_parent' retrieved from /home/airflow/.local/lib/python3.12/site-packages/airflow/example_dags/example_external_task_marker_dag.py
[2024-08-30T05:53:17.526+0000] {logging_mixin.py:190} INFO - [2024-08-30T05:53:17.526+0000] {dag.py:3211} INFO - Sync 2 DAGs
[2024-08-30T05:53:17.544+0000] {logging_mixin.py:190} INFO - [2024-08-30T05:53:17.544+0000] {dag.py:4138} INFO - Setting next_dagrun for example_external_task_marker_child to None, run_after=None
[2024-08-30T05:53:17.548+0000] {logging_mixin.py:190} INFO - [2024-08-30T05:53:17.548+0000] {dag.py:4138} INFO - Setting next_dagrun for example_external_task_marker_parent to None, run_after=None
[2024-08-30T05:53:17.565+0000] {processor.py:208} INFO - Processing /home/airflow/.local/lib/python3.12/site-packages/airflow/example_dags/example_external_task_marker_dag.py took 0.080 seconds
[2024-08-30T05:53:48.607+0000] {processor.py:186} INFO - Started process (PID=692) to work on /home/airflow/.local/lib/python3.12/site-packages/airflow/example_dags/example_external_task_marker_dag.py
[2024-08-30T05:53:48.609+0000] {processor.py:914} INFO - Processing file /home/airflow/.local/lib/python3.12/site-packages/airflow/example_dags/example_external_task_marker_dag.py for tasks to queue
[2024-08-30T05:53:48.611+0000] {logging_mixin.py:190} INFO - [2024-08-30T05:53:48.611+0000] {dagbag.py:587} INFO - Filling up the DagBag from /home/airflow/.local/lib/python3.12/site-packages/airflow/example_dags/example_external_task_marker_dag.py
[2024-08-30T05:53:48.619+0000] {processor.py:925} INFO - DAG(s) 'example_external_task_marker_parent', 'example_external_task_marker_child' retrieved from /home/airflow/.local/lib/python3.12/site-packages/airflow/example_dags/example_external_task_marker_dag.py
[2024-08-30T05:53:48.645+0000] {logging_mixin.py:190} INFO - [2024-08-30T05:53:48.645+0000] {dag.py:3211} INFO - Sync 2 DAGs
[2024-08-30T05:53:48.660+0000] {logging_mixin.py:190} INFO - [2024-08-30T05:53:48.660+0000] {dag.py:4138} INFO - Setting next_dagrun for example_external_task_marker_child to None, run_after=None
[2024-08-30T05:53:48.665+0000] {logging_mixin.py:190} INFO - [2024-08-30T05:53:48.664+0000] {dag.py:4138} INFO - Setting next_dagrun for example_external_task_marker_parent to None, run_after=None
[2024-08-30T05:53:48.682+0000] {processor.py:208} INFO - Processing /home/airflow/.local/lib/python3.12/site-packages/airflow/example_dags/example_external_task_marker_dag.py took 0.081 seconds
[2024-08-30T05:54:18.995+0000] {processor.py:186} INFO - Started process (PID=754) to work on /home/airflow/.local/lib/python3.12/site-packages/airflow/example_dags/example_external_task_marker_dag.py
[2024-08-30T05:54:18.996+0000] {processor.py:914} INFO - Processing file /home/airflow/.local/lib/python3.12/site-packages/airflow/example_dags/example_external_task_marker_dag.py for tasks to queue
[2024-08-30T05:54:18.999+0000] {logging_mixin.py:190} INFO - [2024-08-30T05:54:18.999+0000] {dagbag.py:587} INFO - Filling up the DagBag from /home/airflow/.local/lib/python3.12/site-packages/airflow/example_dags/example_external_task_marker_dag.py
[2024-08-30T05:54:19.008+0000] {processor.py:925} INFO - DAG(s) 'example_external_task_marker_parent', 'example_external_task_marker_child' retrieved from /home/airflow/.local/lib/python3.12/site-packages/airflow/example_dags/example_external_task_marker_dag.py
[2024-08-30T05:54:19.032+0000] {logging_mixin.py:190} INFO - [2024-08-30T05:54:19.032+0000] {dag.py:3211} INFO - Sync 2 DAGs
[2024-08-30T05:54:19.048+0000] {logging_mixin.py:190} INFO - [2024-08-30T05:54:19.048+0000] {dag.py:4138} INFO - Setting next_dagrun for example_external_task_marker_child to None, run_after=None
[2024-08-30T05:54:19.053+0000] {logging_mixin.py:190} INFO - [2024-08-30T05:54:19.053+0000] {dag.py:4138} INFO - Setting next_dagrun for example_external_task_marker_parent to None, run_after=None
[2024-08-30T05:54:19.071+0000] {processor.py:208} INFO - Processing /home/airflow/.local/lib/python3.12/site-packages/airflow/example_dags/example_external_task_marker_dag.py took 0.081 seconds
[2024-08-30T05:54:49.372+0000] {processor.py:186} INFO - Started process (PID=816) to work on /home/airflow/.local/lib/python3.12/site-packages/airflow/example_dags/example_external_task_marker_dag.py
[2024-08-30T05:54:49.373+0000] {processor.py:914} INFO - Processing file /home/airflow/.local/lib/python3.12/site-packages/airflow/example_dags/example_external_task_marker_dag.py for tasks to queue
[2024-08-30T05:54:49.375+0000] {logging_mixin.py:190} INFO - [2024-08-30T05:54:49.375+0000] {dagbag.py:587} INFO - Filling up the DagBag from /home/airflow/.local/lib/python3.12/site-packages/airflow/example_dags/example_external_task_marker_dag.py
[2024-08-30T05:54:49.383+0000] {processor.py:925} INFO - DAG(s) 'example_external_task_marker_child', 'example_external_task_marker_parent' retrieved from /home/airflow/.local/lib/python3.12/site-packages/airflow/example_dags/example_external_task_marker_dag.py
[2024-08-30T05:54:49.406+0000] {logging_mixin.py:190} INFO - [2024-08-30T05:54:49.406+0000] {dag.py:3211} INFO - Sync 2 DAGs
[2024-08-30T05:54:49.421+0000] {logging_mixin.py:190} INFO - [2024-08-30T05:54:49.421+0000] {dag.py:4138} INFO - Setting next_dagrun for example_external_task_marker_child to None, run_after=None
[2024-08-30T05:54:49.426+0000] {logging_mixin.py:190} INFO - [2024-08-30T05:54:49.425+0000] {dag.py:4138} INFO - Setting next_dagrun for example_external_task_marker_parent to None, run_after=None
[2024-08-30T05:54:49.443+0000] {processor.py:208} INFO - Processing /home/airflow/.local/lib/python3.12/site-packages/airflow/example_dags/example_external_task_marker_dag.py took 0.076 seconds
[2024-08-30T05:55:19.744+0000] {processor.py:186} INFO - Started process (PID=878) to work on /home/airflow/.local/lib/python3.12/site-packages/airflow/example_dags/example_external_task_marker_dag.py
[2024-08-30T05:55:19.745+0000] {processor.py:914} INFO - Processing file /home/airflow/.local/lib/python3.12/site-packages/airflow/example_dags/example_external_task_marker_dag.py for tasks to queue
[2024-08-30T05:55:19.747+0000] {logging_mixin.py:190} INFO - [2024-08-30T05:55:19.747+0000] {dagbag.py:587} INFO - Filling up the DagBag from /home/airflow/.local/lib/python3.12/site-packages/airflow/example_dags/example_external_task_marker_dag.py
[2024-08-30T05:55:19.756+0000] {processor.py:925} INFO - DAG(s) 'example_external_task_marker_parent', 'example_external_task_marker_child' retrieved from /home/airflow/.local/lib/python3.12/site-packages/airflow/example_dags/example_external_task_marker_dag.py
[2024-08-30T05:55:19.782+0000] {logging_mixin.py:190} INFO - [2024-08-30T05:55:19.781+0000] {dag.py:3211} INFO - Sync 2 DAGs
[2024-08-30T05:55:19.797+0000] {logging_mixin.py:190} INFO - [2024-08-30T05:55:19.797+0000] {dag.py:4138} INFO - Setting next_dagrun for example_external_task_marker_child to None, run_after=None
[2024-08-30T05:55:19.801+0000] {logging_mixin.py:190} INFO - [2024-08-30T05:55:19.801+0000] {dag.py:4138} INFO - Setting next_dagrun for example_external_task_marker_parent to None, run_after=None
[2024-08-30T05:55:19.819+0000] {processor.py:208} INFO - Processing /home/airflow/.local/lib/python3.12/site-packages/airflow/example_dags/example_external_task_marker_dag.py took 0.080 seconds
[2024-08-30T05:55:54.946+0000] {processor.py:186} INFO - Started process (PID=940) to work on /home/airflow/.local/lib/python3.12/site-packages/airflow/example_dags/example_external_task_marker_dag.py
[2024-08-30T05:55:54.947+0000] {processor.py:914} INFO - Processing file /home/airflow/.local/lib/python3.12/site-packages/airflow/example_dags/example_external_task_marker_dag.py for tasks to queue
[2024-08-30T05:55:54.950+0000] {logging_mixin.py:190} INFO - [2024-08-30T05:55:54.949+0000] {dagbag.py:587} INFO - Filling up the DagBag from /home/airflow/.local/lib/python3.12/site-packages/airflow/example_dags/example_external_task_marker_dag.py
[2024-08-30T05:55:54.961+0000] {processor.py:925} INFO - DAG(s) 'example_external_task_marker_parent', 'example_external_task_marker_child' retrieved from /home/airflow/.local/lib/python3.12/site-packages/airflow/example_dags/example_external_task_marker_dag.py
[2024-08-30T05:55:54.995+0000] {logging_mixin.py:190} INFO - [2024-08-30T05:55:54.995+0000] {dag.py:3211} INFO - Sync 2 DAGs
[2024-08-30T05:55:55.019+0000] {logging_mixin.py:190} INFO - [2024-08-30T05:55:55.018+0000] {dag.py:4138} INFO - Setting next_dagrun for example_external_task_marker_child to None, run_after=None
[2024-08-30T05:55:55.025+0000] {logging_mixin.py:190} INFO - [2024-08-30T05:55:55.025+0000] {dag.py:4138} INFO - Setting next_dagrun for example_external_task_marker_parent to None, run_after=None
[2024-08-30T05:55:55.051+0000] {processor.py:208} INFO - Processing /home/airflow/.local/lib/python3.12/site-packages/airflow/example_dags/example_external_task_marker_dag.py took 0.113 seconds
[2024-08-30T05:56:25.109+0000] {processor.py:186} INFO - Started process (PID=1002) to work on /home/airflow/.local/lib/python3.12/site-packages/airflow/example_dags/example_external_task_marker_dag.py
[2024-08-30T05:56:25.110+0000] {processor.py:914} INFO - Processing file /home/airflow/.local/lib/python3.12/site-packages/airflow/example_dags/example_external_task_marker_dag.py for tasks to queue
[2024-08-30T05:56:25.114+0000] {logging_mixin.py:190} INFO - [2024-08-30T05:56:25.113+0000] {dagbag.py:587} INFO - Filling up the DagBag from /home/airflow/.local/lib/python3.12/site-packages/airflow/example_dags/example_external_task_marker_dag.py
[2024-08-30T05:56:25.124+0000] {processor.py:925} INFO - DAG(s) 'example_external_task_marker_child', 'example_external_task_marker_parent' retrieved from /home/airflow/.local/lib/python3.12/site-packages/airflow/example_dags/example_external_task_marker_dag.py
[2024-08-30T05:56:25.150+0000] {logging_mixin.py:190} INFO - [2024-08-30T05:56:25.149+0000] {dag.py:3211} INFO - Sync 2 DAGs
[2024-08-30T05:56:25.167+0000] {logging_mixin.py:190} INFO - [2024-08-30T05:56:25.167+0000] {dag.py:4138} INFO - Setting next_dagrun for example_external_task_marker_child to None, run_after=None
[2024-08-30T05:56:25.172+0000] {logging_mixin.py:190} INFO - [2024-08-30T05:56:25.171+0000] {dag.py:4138} INFO - Setting next_dagrun for example_external_task_marker_parent to None, run_after=None
[2024-08-30T05:56:25.191+0000] {processor.py:208} INFO - Processing /home/airflow/.local/lib/python3.12/site-packages/airflow/example_dags/example_external_task_marker_dag.py took 0.090 seconds
