[2024-08-30T05:48:07.007+0000] {processor.py:186} INFO - Started process (PID=58) to work on /home/airflow/.local/lib/python3.12/site-packages/airflow/example_dags/example_bash_decorator.py
[2024-08-30T05:48:07.008+0000] {processor.py:914} INFO - Processing file /home/airflow/.local/lib/python3.12/site-packages/airflow/example_dags/example_bash_decorator.py for tasks to queue
[2024-08-30T05:48:07.011+0000] {logging_mixin.py:190} INFO - [2024-08-30T05:48:07.010+0000] {dagbag.py:587} INFO - Filling up the DagBag from /home/airflow/.local/lib/python3.12/site-packages/airflow/example_dags/example_bash_decorator.py
[2024-08-30T05:48:07.037+0000] {processor.py:925} INFO - DAG(s) 'example_bash_decorator' retrieved from /home/airflow/.local/lib/python3.12/site-packages/airflow/example_dags/example_bash_decorator.py
[2024-08-30T05:48:07.282+0000] {logging_mixin.py:190} INFO - [2024-08-30T05:48:07.280+0000] {override.py:1858} INFO - Created Permission View: can delete on DAG:example_bash_decorator
[2024-08-30T05:48:07.302+0000] {logging_mixin.py:190} INFO - [2024-08-30T05:48:07.301+0000] {override.py:1858} INFO - Created Permission View: can edit on DAG:example_bash_decorator
[2024-08-30T05:48:07.315+0000] {logging_mixin.py:190} INFO - [2024-08-30T05:48:07.315+0000] {override.py:1858} INFO - Created Permission View: can read on DAG:example_bash_decorator
[2024-08-30T05:48:07.317+0000] {logging_mixin.py:190} INFO - [2024-08-30T05:48:07.316+0000] {dag.py:3211} INFO - Sync 1 DAGs
[2024-08-30T05:48:07.340+0000] {logging_mixin.py:190} INFO - [2024-08-30T05:48:07.339+0000] {dag.py:3234} INFO - Creating ORM DAG for example_bash_decorator
[2024-08-30T05:48:07.341+0000] {logging_mixin.py:190} INFO - [2024-08-30T05:48:07.341+0000] {dag.py:4138} INFO - Setting next_dagrun for example_bash_decorator to None, run_after=None
[2024-08-30T05:48:07.363+0000] {processor.py:208} INFO - Processing /home/airflow/.local/lib/python3.12/site-packages/airflow/example_dags/example_bash_decorator.py took 0.364 seconds
[2024-08-30T05:48:37.579+0000] {processor.py:186} INFO - Started process (PID=120) to work on /home/airflow/.local/lib/python3.12/site-packages/airflow/example_dags/example_bash_decorator.py
[2024-08-30T05:48:37.586+0000] {processor.py:914} INFO - Processing file /home/airflow/.local/lib/python3.12/site-packages/airflow/example_dags/example_bash_decorator.py for tasks to queue
[2024-08-30T05:48:37.596+0000] {logging_mixin.py:190} INFO - [2024-08-30T05:48:37.596+0000] {dagbag.py:587} INFO - Filling up the DagBag from /home/airflow/.local/lib/python3.12/site-packages/airflow/example_dags/example_bash_decorator.py
[2024-08-30T05:48:37.650+0000] {processor.py:925} INFO - DAG(s) 'example_bash_decorator' retrieved from /home/airflow/.local/lib/python3.12/site-packages/airflow/example_dags/example_bash_decorator.py
[2024-08-30T05:48:37.713+0000] {logging_mixin.py:190} INFO - [2024-08-30T05:48:37.713+0000] {dag.py:3211} INFO - Sync 1 DAGs
[2024-08-30T05:48:37.753+0000] {logging_mixin.py:190} INFO - [2024-08-30T05:48:37.752+0000] {dag.py:4138} INFO - Setting next_dagrun for example_bash_decorator to None, run_after=None
[2024-08-30T05:48:37.792+0000] {processor.py:208} INFO - Processing /home/airflow/.local/lib/python3.12/site-packages/airflow/example_dags/example_bash_decorator.py took 0.229 seconds
[2024-08-30T05:49:15.321+0000] {processor.py:186} INFO - Started process (PID=183) to work on /home/airflow/.local/lib/python3.12/site-packages/airflow/example_dags/example_bash_decorator.py
[2024-08-30T05:49:15.336+0000] {processor.py:914} INFO - Processing file /home/airflow/.local/lib/python3.12/site-packages/airflow/example_dags/example_bash_decorator.py for tasks to queue
[2024-08-30T05:49:15.369+0000] {logging_mixin.py:190} INFO - [2024-08-30T05:49:15.366+0000] {dagbag.py:587} INFO - Filling up the DagBag from /home/airflow/.local/lib/python3.12/site-packages/airflow/example_dags/example_bash_decorator.py
[2024-08-30T05:49:15.565+0000] {processor.py:925} INFO - DAG(s) 'example_bash_decorator' retrieved from /home/airflow/.local/lib/python3.12/site-packages/airflow/example_dags/example_bash_decorator.py
[2024-08-30T05:49:15.882+0000] {logging_mixin.py:190} INFO - [2024-08-30T05:49:15.882+0000] {dag.py:3211} INFO - Sync 1 DAGs
[2024-08-30T05:49:16.194+0000] {logging_mixin.py:190} INFO - [2024-08-30T05:49:16.194+0000] {dag.py:4138} INFO - Setting next_dagrun for example_bash_decorator to None, run_after=None
[2024-08-30T05:49:16.310+0000] {processor.py:208} INFO - Processing /home/airflow/.local/lib/python3.12/site-packages/airflow/example_dags/example_bash_decorator.py took 1.099 seconds
[2024-08-30T05:49:46.736+0000] {processor.py:186} INFO - Started process (PID=245) to work on /home/airflow/.local/lib/python3.12/site-packages/airflow/example_dags/example_bash_decorator.py
[2024-08-30T05:49:46.737+0000] {processor.py:914} INFO - Processing file /home/airflow/.local/lib/python3.12/site-packages/airflow/example_dags/example_bash_decorator.py for tasks to queue
[2024-08-30T05:49:46.740+0000] {logging_mixin.py:190} INFO - [2024-08-30T05:49:46.739+0000] {dagbag.py:587} INFO - Filling up the DagBag from /home/airflow/.local/lib/python3.12/site-packages/airflow/example_dags/example_bash_decorator.py
[2024-08-30T05:49:46.756+0000] {processor.py:925} INFO - DAG(s) 'example_bash_decorator' retrieved from /home/airflow/.local/lib/python3.12/site-packages/airflow/example_dags/example_bash_decorator.py
[2024-08-30T05:49:46.782+0000] {logging_mixin.py:190} INFO - [2024-08-30T05:49:46.782+0000] {dag.py:3211} INFO - Sync 1 DAGs
[2024-08-30T05:49:46.801+0000] {logging_mixin.py:190} INFO - [2024-08-30T05:49:46.800+0000] {dag.py:4138} INFO - Setting next_dagrun for example_bash_decorator to None, run_after=None
[2024-08-30T05:49:46.821+0000] {processor.py:208} INFO - Processing /home/airflow/.local/lib/python3.12/site-packages/airflow/example_dags/example_bash_decorator.py took 0.091 seconds
[2024-08-30T05:50:17.501+0000] {processor.py:186} INFO - Started process (PID=307) to work on /home/airflow/.local/lib/python3.12/site-packages/airflow/example_dags/example_bash_decorator.py
[2024-08-30T05:50:17.503+0000] {processor.py:914} INFO - Processing file /home/airflow/.local/lib/python3.12/site-packages/airflow/example_dags/example_bash_decorator.py for tasks to queue
[2024-08-30T05:50:17.506+0000] {logging_mixin.py:190} INFO - [2024-08-30T05:50:17.505+0000] {dagbag.py:587} INFO - Filling up the DagBag from /home/airflow/.local/lib/python3.12/site-packages/airflow/example_dags/example_bash_decorator.py
[2024-08-30T05:50:17.525+0000] {processor.py:925} INFO - DAG(s) 'example_bash_decorator' retrieved from /home/airflow/.local/lib/python3.12/site-packages/airflow/example_dags/example_bash_decorator.py
[2024-08-30T05:50:17.554+0000] {logging_mixin.py:190} INFO - [2024-08-30T05:50:17.554+0000] {dag.py:3211} INFO - Sync 1 DAGs
[2024-08-30T05:50:17.573+0000] {logging_mixin.py:190} INFO - [2024-08-30T05:50:17.572+0000] {dag.py:4138} INFO - Setting next_dagrun for example_bash_decorator to None, run_after=None
[2024-08-30T05:50:17.594+0000] {processor.py:208} INFO - Processing /home/airflow/.local/lib/python3.12/site-packages/airflow/example_dags/example_bash_decorator.py took 0.100 seconds
[2024-08-30T05:50:47.902+0000] {processor.py:186} INFO - Started process (PID=369) to work on /home/airflow/.local/lib/python3.12/site-packages/airflow/example_dags/example_bash_decorator.py
[2024-08-30T05:50:47.925+0000] {processor.py:914} INFO - Processing file /home/airflow/.local/lib/python3.12/site-packages/airflow/example_dags/example_bash_decorator.py for tasks to queue
[2024-08-30T05:50:47.928+0000] {logging_mixin.py:190} INFO - [2024-08-30T05:50:47.928+0000] {dagbag.py:587} INFO - Filling up the DagBag from /home/airflow/.local/lib/python3.12/site-packages/airflow/example_dags/example_bash_decorator.py
[2024-08-30T05:50:47.969+0000] {processor.py:925} INFO - DAG(s) 'example_bash_decorator' retrieved from /home/airflow/.local/lib/python3.12/site-packages/airflow/example_dags/example_bash_decorator.py
[2024-08-30T05:50:48.017+0000] {logging_mixin.py:190} INFO - [2024-08-30T05:50:48.017+0000] {dag.py:3211} INFO - Sync 1 DAGs
[2024-08-30T05:50:48.034+0000] {logging_mixin.py:190} INFO - [2024-08-30T05:50:48.034+0000] {dag.py:4138} INFO - Setting next_dagrun for example_bash_decorator to None, run_after=None
[2024-08-30T05:50:48.102+0000] {processor.py:208} INFO - Processing /home/airflow/.local/lib/python3.12/site-packages/airflow/example_dags/example_bash_decorator.py took 0.205 seconds
[2024-08-30T05:51:18.422+0000] {processor.py:186} INFO - Started process (PID=431) to work on /home/airflow/.local/lib/python3.12/site-packages/airflow/example_dags/example_bash_decorator.py
[2024-08-30T05:51:18.422+0000] {processor.py:914} INFO - Processing file /home/airflow/.local/lib/python3.12/site-packages/airflow/example_dags/example_bash_decorator.py for tasks to queue
[2024-08-30T05:51:18.425+0000] {logging_mixin.py:190} INFO - [2024-08-30T05:51:18.424+0000] {dagbag.py:587} INFO - Filling up the DagBag from /home/airflow/.local/lib/python3.12/site-packages/airflow/example_dags/example_bash_decorator.py
[2024-08-30T05:51:18.454+0000] {processor.py:925} INFO - DAG(s) 'example_bash_decorator' retrieved from /home/airflow/.local/lib/python3.12/site-packages/airflow/example_dags/example_bash_decorator.py
[2024-08-30T05:51:18.477+0000] {logging_mixin.py:190} INFO - [2024-08-30T05:51:18.476+0000] {dag.py:3211} INFO - Sync 1 DAGs
[2024-08-30T05:51:18.491+0000] {logging_mixin.py:190} INFO - [2024-08-30T05:51:18.491+0000] {dag.py:4138} INFO - Setting next_dagrun for example_bash_decorator to None, run_after=None
[2024-08-30T05:51:18.523+0000] {processor.py:208} INFO - Processing /home/airflow/.local/lib/python3.12/site-packages/airflow/example_dags/example_bash_decorator.py took 0.107 seconds
[2024-08-30T05:52:14.174+0000] {processor.py:186} INFO - Started process (PID=493) to work on /home/airflow/.local/lib/python3.12/site-packages/airflow/example_dags/example_bash_decorator.py
[2024-08-30T05:52:14.176+0000] {processor.py:914} INFO - Processing file /home/airflow/.local/lib/python3.12/site-packages/airflow/example_dags/example_bash_decorator.py for tasks to queue
[2024-08-30T05:52:14.183+0000] {logging_mixin.py:190} INFO - [2024-08-30T05:52:14.181+0000] {dagbag.py:587} INFO - Filling up the DagBag from /home/airflow/.local/lib/python3.12/site-packages/airflow/example_dags/example_bash_decorator.py
[2024-08-30T05:52:14.248+0000] {processor.py:925} INFO - DAG(s) 'example_bash_decorator' retrieved from /home/airflow/.local/lib/python3.12/site-packages/airflow/example_dags/example_bash_decorator.py
[2024-08-30T05:52:14.485+0000] {logging_mixin.py:190} INFO - [2024-08-30T05:52:14.484+0000] {dag.py:3211} INFO - Sync 1 DAGs
[2024-08-30T05:52:14.626+0000] {logging_mixin.py:190} INFO - [2024-08-30T05:52:14.625+0000] {dag.py:4138} INFO - Setting next_dagrun for example_bash_decorator to None, run_after=None
[2024-08-30T05:52:14.706+0000] {processor.py:208} INFO - Processing /home/airflow/.local/lib/python3.12/site-packages/airflow/example_dags/example_bash_decorator.py took 0.552 seconds
[2024-08-30T05:52:45.220+0000] {processor.py:186} INFO - Started process (PID=562) to work on /home/airflow/.local/lib/python3.12/site-packages/airflow/example_dags/example_bash_decorator.py
[2024-08-30T05:52:45.221+0000] {processor.py:914} INFO - Processing file /home/airflow/.local/lib/python3.12/site-packages/airflow/example_dags/example_bash_decorator.py for tasks to queue
[2024-08-30T05:52:45.224+0000] {logging_mixin.py:190} INFO - [2024-08-30T05:52:45.223+0000] {dagbag.py:587} INFO - Filling up the DagBag from /home/airflow/.local/lib/python3.12/site-packages/airflow/example_dags/example_bash_decorator.py
[2024-08-30T05:52:45.253+0000] {processor.py:925} INFO - DAG(s) 'example_bash_decorator' retrieved from /home/airflow/.local/lib/python3.12/site-packages/airflow/example_dags/example_bash_decorator.py
[2024-08-30T05:52:45.296+0000] {logging_mixin.py:190} INFO - [2024-08-30T05:52:45.295+0000] {dag.py:3211} INFO - Sync 1 DAGs
[2024-08-30T05:52:45.319+0000] {logging_mixin.py:190} INFO - [2024-08-30T05:52:45.318+0000] {dag.py:4138} INFO - Setting next_dagrun for example_bash_decorator to None, run_after=None
[2024-08-30T05:52:45.345+0000] {processor.py:208} INFO - Processing /home/airflow/.local/lib/python3.12/site-packages/airflow/example_dags/example_bash_decorator.py took 0.133 seconds
[2024-08-30T05:53:15.979+0000] {processor.py:186} INFO - Started process (PID=625) to work on /home/airflow/.local/lib/python3.12/site-packages/airflow/example_dags/example_bash_decorator.py
[2024-08-30T05:53:15.979+0000] {processor.py:914} INFO - Processing file /home/airflow/.local/lib/python3.12/site-packages/airflow/example_dags/example_bash_decorator.py for tasks to queue
[2024-08-30T05:53:15.982+0000] {logging_mixin.py:190} INFO - [2024-08-30T05:53:15.981+0000] {dagbag.py:587} INFO - Filling up the DagBag from /home/airflow/.local/lib/python3.12/site-packages/airflow/example_dags/example_bash_decorator.py
[2024-08-30T05:53:15.998+0000] {processor.py:925} INFO - DAG(s) 'example_bash_decorator' retrieved from /home/airflow/.local/lib/python3.12/site-packages/airflow/example_dags/example_bash_decorator.py
[2024-08-30T05:53:16.021+0000] {logging_mixin.py:190} INFO - [2024-08-30T05:53:16.021+0000] {dag.py:3211} INFO - Sync 1 DAGs
[2024-08-30T05:53:16.035+0000] {logging_mixin.py:190} INFO - [2024-08-30T05:53:16.035+0000] {dag.py:4138} INFO - Setting next_dagrun for example_bash_decorator to None, run_after=None
[2024-08-30T05:53:16.054+0000] {processor.py:208} INFO - Processing /home/airflow/.local/lib/python3.12/site-packages/airflow/example_dags/example_bash_decorator.py took 0.081 seconds
[2024-08-30T05:53:46.142+0000] {processor.py:186} INFO - Started process (PID=687) to work on /home/airflow/.local/lib/python3.12/site-packages/airflow/example_dags/example_bash_decorator.py
[2024-08-30T05:53:46.143+0000] {processor.py:914} INFO - Processing file /home/airflow/.local/lib/python3.12/site-packages/airflow/example_dags/example_bash_decorator.py for tasks to queue
[2024-08-30T05:53:46.145+0000] {logging_mixin.py:190} INFO - [2024-08-30T05:53:46.145+0000] {dagbag.py:587} INFO - Filling up the DagBag from /home/airflow/.local/lib/python3.12/site-packages/airflow/example_dags/example_bash_decorator.py
[2024-08-30T05:53:46.161+0000] {processor.py:925} INFO - DAG(s) 'example_bash_decorator' retrieved from /home/airflow/.local/lib/python3.12/site-packages/airflow/example_dags/example_bash_decorator.py
[2024-08-30T05:53:46.184+0000] {logging_mixin.py:190} INFO - [2024-08-30T05:53:46.184+0000] {dag.py:3211} INFO - Sync 1 DAGs
[2024-08-30T05:53:46.198+0000] {logging_mixin.py:190} INFO - [2024-08-30T05:53:46.198+0000] {dag.py:4138} INFO - Setting next_dagrun for example_bash_decorator to None, run_after=None
[2024-08-30T05:53:46.217+0000] {processor.py:208} INFO - Processing /home/airflow/.local/lib/python3.12/site-packages/airflow/example_dags/example_bash_decorator.py took 0.080 seconds
[2024-08-30T05:54:16.410+0000] {processor.py:186} INFO - Started process (PID=749) to work on /home/airflow/.local/lib/python3.12/site-packages/airflow/example_dags/example_bash_decorator.py
[2024-08-30T05:54:16.411+0000] {processor.py:914} INFO - Processing file /home/airflow/.local/lib/python3.12/site-packages/airflow/example_dags/example_bash_decorator.py for tasks to queue
[2024-08-30T05:54:16.414+0000] {logging_mixin.py:190} INFO - [2024-08-30T05:54:16.414+0000] {dagbag.py:587} INFO - Filling up the DagBag from /home/airflow/.local/lib/python3.12/site-packages/airflow/example_dags/example_bash_decorator.py
[2024-08-30T05:54:16.430+0000] {processor.py:925} INFO - DAG(s) 'example_bash_decorator' retrieved from /home/airflow/.local/lib/python3.12/site-packages/airflow/example_dags/example_bash_decorator.py
[2024-08-30T05:54:16.452+0000] {logging_mixin.py:190} INFO - [2024-08-30T05:54:16.452+0000] {dag.py:3211} INFO - Sync 1 DAGs
[2024-08-30T05:54:16.467+0000] {logging_mixin.py:190} INFO - [2024-08-30T05:54:16.467+0000] {dag.py:4138} INFO - Setting next_dagrun for example_bash_decorator to None, run_after=None
[2024-08-30T05:54:16.484+0000] {processor.py:208} INFO - Processing /home/airflow/.local/lib/python3.12/site-packages/airflow/example_dags/example_bash_decorator.py took 0.079 seconds
[2024-08-30T05:54:46.775+0000] {processor.py:186} INFO - Started process (PID=811) to work on /home/airflow/.local/lib/python3.12/site-packages/airflow/example_dags/example_bash_decorator.py
[2024-08-30T05:54:46.776+0000] {processor.py:914} INFO - Processing file /home/airflow/.local/lib/python3.12/site-packages/airflow/example_dags/example_bash_decorator.py for tasks to queue
[2024-08-30T05:54:46.778+0000] {logging_mixin.py:190} INFO - [2024-08-30T05:54:46.778+0000] {dagbag.py:587} INFO - Filling up the DagBag from /home/airflow/.local/lib/python3.12/site-packages/airflow/example_dags/example_bash_decorator.py
[2024-08-30T05:54:46.795+0000] {processor.py:925} INFO - DAG(s) 'example_bash_decorator' retrieved from /home/airflow/.local/lib/python3.12/site-packages/airflow/example_dags/example_bash_decorator.py
[2024-08-30T05:54:46.822+0000] {logging_mixin.py:190} INFO - [2024-08-30T05:54:46.822+0000] {dag.py:3211} INFO - Sync 1 DAGs
[2024-08-30T05:54:46.837+0000] {logging_mixin.py:190} INFO - [2024-08-30T05:54:46.837+0000] {dag.py:4138} INFO - Setting next_dagrun for example_bash_decorator to None, run_after=None
[2024-08-30T05:54:46.856+0000] {processor.py:208} INFO - Processing /home/airflow/.local/lib/python3.12/site-packages/airflow/example_dags/example_bash_decorator.py took 0.086 seconds
[2024-08-30T05:55:17.140+0000] {processor.py:186} INFO - Started process (PID=873) to work on /home/airflow/.local/lib/python3.12/site-packages/airflow/example_dags/example_bash_decorator.py
[2024-08-30T05:55:17.141+0000] {processor.py:914} INFO - Processing file /home/airflow/.local/lib/python3.12/site-packages/airflow/example_dags/example_bash_decorator.py for tasks to queue
[2024-08-30T05:55:17.145+0000] {logging_mixin.py:190} INFO - [2024-08-30T05:55:17.144+0000] {dagbag.py:587} INFO - Filling up the DagBag from /home/airflow/.local/lib/python3.12/site-packages/airflow/example_dags/example_bash_decorator.py
[2024-08-30T05:55:17.161+0000] {processor.py:925} INFO - DAG(s) 'example_bash_decorator' retrieved from /home/airflow/.local/lib/python3.12/site-packages/airflow/example_dags/example_bash_decorator.py
[2024-08-30T05:55:17.191+0000] {logging_mixin.py:190} INFO - [2024-08-30T05:55:17.190+0000] {dag.py:3211} INFO - Sync 1 DAGs
[2024-08-30T05:55:17.207+0000] {logging_mixin.py:190} INFO - [2024-08-30T05:55:17.206+0000] {dag.py:4138} INFO - Setting next_dagrun for example_bash_decorator to None, run_after=None
[2024-08-30T05:55:17.225+0000] {processor.py:208} INFO - Processing /home/airflow/.local/lib/python3.12/site-packages/airflow/example_dags/example_bash_decorator.py took 0.090 seconds
[2024-08-30T05:55:54.011+0000] {processor.py:186} INFO - Started process (PID=929) to work on /home/airflow/.local/lib/python3.12/site-packages/airflow/example_dags/example_bash_decorator.py
[2024-08-30T05:55:54.012+0000] {processor.py:914} INFO - Processing file /home/airflow/.local/lib/python3.12/site-packages/airflow/example_dags/example_bash_decorator.py for tasks to queue
[2024-08-30T05:55:54.018+0000] {logging_mixin.py:190} INFO - [2024-08-30T05:55:54.016+0000] {dagbag.py:587} INFO - Filling up the DagBag from /home/airflow/.local/lib/python3.12/site-packages/airflow/example_dags/example_bash_decorator.py
[2024-08-30T05:55:54.043+0000] {processor.py:925} INFO - DAG(s) 'example_bash_decorator' retrieved from /home/airflow/.local/lib/python3.12/site-packages/airflow/example_dags/example_bash_decorator.py
[2024-08-30T05:55:54.082+0000] {logging_mixin.py:190} INFO - [2024-08-30T05:55:54.082+0000] {dag.py:3211} INFO - Sync 1 DAGs
[2024-08-30T05:55:54.108+0000] {logging_mixin.py:190} INFO - [2024-08-30T05:55:54.107+0000] {dag.py:4138} INFO - Setting next_dagrun for example_bash_decorator to None, run_after=None
[2024-08-30T05:55:54.152+0000] {processor.py:208} INFO - Processing /home/airflow/.local/lib/python3.12/site-packages/airflow/example_dags/example_bash_decorator.py took 0.152 seconds
[2024-08-30T05:56:24.497+0000] {processor.py:186} INFO - Started process (PID=997) to work on /home/airflow/.local/lib/python3.12/site-packages/airflow/example_dags/example_bash_decorator.py
[2024-08-30T05:56:24.499+0000] {processor.py:914} INFO - Processing file /home/airflow/.local/lib/python3.12/site-packages/airflow/example_dags/example_bash_decorator.py for tasks to queue
[2024-08-30T05:56:24.502+0000] {logging_mixin.py:190} INFO - [2024-08-30T05:56:24.501+0000] {dagbag.py:587} INFO - Filling up the DagBag from /home/airflow/.local/lib/python3.12/site-packages/airflow/example_dags/example_bash_decorator.py
[2024-08-30T05:56:24.520+0000] {processor.py:925} INFO - DAG(s) 'example_bash_decorator' retrieved from /home/airflow/.local/lib/python3.12/site-packages/airflow/example_dags/example_bash_decorator.py
[2024-08-30T05:56:24.551+0000] {logging_mixin.py:190} INFO - [2024-08-30T05:56:24.550+0000] {dag.py:3211} INFO - Sync 1 DAGs
[2024-08-30T05:56:24.570+0000] {logging_mixin.py:190} INFO - [2024-08-30T05:56:24.570+0000] {dag.py:4138} INFO - Setting next_dagrun for example_bash_decorator to None, run_after=None
[2024-08-30T05:56:24.594+0000] {processor.py:208} INFO - Processing /home/airflow/.local/lib/python3.12/site-packages/airflow/example_dags/example_bash_decorator.py took 0.104 seconds
