[2024-08-30T05:48:11.805+0000] {processor.py:186} INFO - Started process (PID=80) to work on /home/airflow/.local/lib/python3.12/site-packages/airflow/example_dags/example_task_group_decorator.py
[2024-08-30T05:48:11.806+0000] {processor.py:914} INFO - Processing file /home/airflow/.local/lib/python3.12/site-packages/airflow/example_dags/example_task_group_decorator.py for tasks to queue
[2024-08-30T05:48:11.809+0000] {logging_mixin.py:190} INFO - [2024-08-30T05:48:11.809+0000] {dagbag.py:587} INFO - Filling up the DagBag from /home/airflow/.local/lib/python3.12/site-packages/airflow/example_dags/example_task_group_decorator.py
[2024-08-30T05:48:11.845+0000] {processor.py:925} INFO - DAG(s) 'example_task_group_decorator' retrieved from /home/airflow/.local/lib/python3.12/site-packages/airflow/example_dags/example_task_group_decorator.py
[2024-08-30T05:48:11.993+0000] {logging_mixin.py:190} INFO - [2024-08-30T05:48:11.992+0000] {override.py:1858} INFO - Created Permission View: can delete on DAG:example_task_group_decorator
[2024-08-30T05:48:12.006+0000] {logging_mixin.py:190} INFO - [2024-08-30T05:48:12.006+0000] {override.py:1858} INFO - Created Permission View: can edit on DAG:example_task_group_decorator
[2024-08-30T05:48:12.016+0000] {logging_mixin.py:190} INFO - [2024-08-30T05:48:12.016+0000] {override.py:1858} INFO - Created Permission View: can read on DAG:example_task_group_decorator
[2024-08-30T05:48:12.017+0000] {logging_mixin.py:190} INFO - [2024-08-30T05:48:12.017+0000] {dag.py:3211} INFO - Sync 1 DAGs
[2024-08-30T05:48:12.039+0000] {logging_mixin.py:190} INFO - [2024-08-30T05:48:12.039+0000] {dag.py:3234} INFO - Creating ORM DAG for example_task_group_decorator
[2024-08-30T05:48:12.054+0000] {logging_mixin.py:190} INFO - [2024-08-30T05:48:12.054+0000] {dag.py:4138} INFO - Setting next_dagrun for example_task_group_decorator to 2024-08-29 00:00:00+00:00, run_after=2024-08-30 00:00:00+00:00
[2024-08-30T05:48:12.078+0000] {processor.py:208} INFO - Processing /home/airflow/.local/lib/python3.12/site-packages/airflow/example_dags/example_task_group_decorator.py took 0.284 seconds
[2024-08-30T05:48:42.375+0000] {processor.py:186} INFO - Started process (PID=142) to work on /home/airflow/.local/lib/python3.12/site-packages/airflow/example_dags/example_task_group_decorator.py
[2024-08-30T05:48:42.377+0000] {processor.py:914} INFO - Processing file /home/airflow/.local/lib/python3.12/site-packages/airflow/example_dags/example_task_group_decorator.py for tasks to queue
[2024-08-30T05:48:42.381+0000] {logging_mixin.py:190} INFO - [2024-08-30T05:48:42.381+0000] {dagbag.py:587} INFO - Filling up the DagBag from /home/airflow/.local/lib/python3.12/site-packages/airflow/example_dags/example_task_group_decorator.py
[2024-08-30T05:48:42.408+0000] {processor.py:925} INFO - DAG(s) 'example_task_group_decorator' retrieved from /home/airflow/.local/lib/python3.12/site-packages/airflow/example_dags/example_task_group_decorator.py
[2024-08-30T05:48:42.445+0000] {logging_mixin.py:190} INFO - [2024-08-30T05:48:42.445+0000] {dag.py:3211} INFO - Sync 1 DAGs
[2024-08-30T05:48:42.485+0000] {logging_mixin.py:190} INFO - [2024-08-30T05:48:42.484+0000] {dag.py:4138} INFO - Setting next_dagrun for example_task_group_decorator to 2024-08-29 00:00:00+00:00, run_after=2024-08-30 00:00:00+00:00
[2024-08-30T05:48:42.509+0000] {processor.py:208} INFO - Processing /home/airflow/.local/lib/python3.12/site-packages/airflow/example_dags/example_task_group_decorator.py took 0.144 seconds
[2024-08-30T05:49:32.925+0000] {processor.py:186} INFO - Started process (PID=211) to work on /home/airflow/.local/lib/python3.12/site-packages/airflow/example_dags/example_task_group_decorator.py
[2024-08-30T05:49:32.928+0000] {processor.py:914} INFO - Processing file /home/airflow/.local/lib/python3.12/site-packages/airflow/example_dags/example_task_group_decorator.py for tasks to queue
[2024-08-30T05:49:32.932+0000] {logging_mixin.py:190} INFO - [2024-08-30T05:49:32.931+0000] {dagbag.py:587} INFO - Filling up the DagBag from /home/airflow/.local/lib/python3.12/site-packages/airflow/example_dags/example_task_group_decorator.py
[2024-08-30T05:49:32.975+0000] {processor.py:925} INFO - DAG(s) 'example_task_group_decorator' retrieved from /home/airflow/.local/lib/python3.12/site-packages/airflow/example_dags/example_task_group_decorator.py
[2024-08-30T05:49:33.118+0000] {logging_mixin.py:190} INFO - [2024-08-30T05:49:33.117+0000] {dag.py:3211} INFO - Sync 1 DAGs
[2024-08-30T05:49:33.206+0000] {logging_mixin.py:190} INFO - [2024-08-30T05:49:33.205+0000] {dag.py:4138} INFO - Setting next_dagrun for example_task_group_decorator to 2024-08-29 00:00:00+00:00, run_after=2024-08-30 00:00:00+00:00
[2024-08-30T05:49:33.304+0000] {processor.py:208} INFO - Processing /home/airflow/.local/lib/python3.12/site-packages/airflow/example_dags/example_task_group_decorator.py took 0.386 seconds
[2024-08-30T05:50:04.214+0000] {processor.py:186} INFO - Started process (PID=273) to work on /home/airflow/.local/lib/python3.12/site-packages/airflow/example_dags/example_task_group_decorator.py
[2024-08-30T05:50:04.243+0000] {processor.py:914} INFO - Processing file /home/airflow/.local/lib/python3.12/site-packages/airflow/example_dags/example_task_group_decorator.py for tasks to queue
[2024-08-30T05:50:04.254+0000] {logging_mixin.py:190} INFO - [2024-08-30T05:50:04.254+0000] {dagbag.py:587} INFO - Filling up the DagBag from /home/airflow/.local/lib/python3.12/site-packages/airflow/example_dags/example_task_group_decorator.py
[2024-08-30T05:50:04.303+0000] {processor.py:925} INFO - DAG(s) 'example_task_group_decorator' retrieved from /home/airflow/.local/lib/python3.12/site-packages/airflow/example_dags/example_task_group_decorator.py
[2024-08-30T05:50:04.358+0000] {logging_mixin.py:190} INFO - [2024-08-30T05:50:04.358+0000] {dag.py:3211} INFO - Sync 1 DAGs
[2024-08-30T05:50:04.404+0000] {logging_mixin.py:190} INFO - [2024-08-30T05:50:04.404+0000] {dag.py:4138} INFO - Setting next_dagrun for example_task_group_decorator to 2024-08-29 00:00:00+00:00, run_after=2024-08-30 00:00:00+00:00
[2024-08-30T05:50:04.442+0000] {processor.py:208} INFO - Processing /home/airflow/.local/lib/python3.12/site-packages/airflow/example_dags/example_task_group_decorator.py took 0.246 seconds
[2024-08-30T05:50:34.979+0000] {processor.py:186} INFO - Started process (PID=335) to work on /home/airflow/.local/lib/python3.12/site-packages/airflow/example_dags/example_task_group_decorator.py
[2024-08-30T05:50:34.981+0000] {processor.py:914} INFO - Processing file /home/airflow/.local/lib/python3.12/site-packages/airflow/example_dags/example_task_group_decorator.py for tasks to queue
[2024-08-30T05:50:34.986+0000] {logging_mixin.py:190} INFO - [2024-08-30T05:50:34.985+0000] {dagbag.py:587} INFO - Filling up the DagBag from /home/airflow/.local/lib/python3.12/site-packages/airflow/example_dags/example_task_group_decorator.py
[2024-08-30T05:50:35.010+0000] {processor.py:925} INFO - DAG(s) 'example_task_group_decorator' retrieved from /home/airflow/.local/lib/python3.12/site-packages/airflow/example_dags/example_task_group_decorator.py
[2024-08-30T05:50:35.149+0000] {logging_mixin.py:190} INFO - [2024-08-30T05:50:35.148+0000] {dag.py:3211} INFO - Sync 1 DAGs
[2024-08-30T05:50:35.248+0000] {logging_mixin.py:190} INFO - [2024-08-30T05:50:35.247+0000] {dag.py:4138} INFO - Setting next_dagrun for example_task_group_decorator to 2024-08-29 00:00:00+00:00, run_after=2024-08-30 00:00:00+00:00
[2024-08-30T05:50:35.306+0000] {processor.py:208} INFO - Processing /home/airflow/.local/lib/python3.12/site-packages/airflow/example_dags/example_task_group_decorator.py took 0.340 seconds
[2024-08-30T05:51:05.653+0000] {processor.py:186} INFO - Started process (PID=397) to work on /home/airflow/.local/lib/python3.12/site-packages/airflow/example_dags/example_task_group_decorator.py
[2024-08-30T05:51:05.674+0000] {processor.py:914} INFO - Processing file /home/airflow/.local/lib/python3.12/site-packages/airflow/example_dags/example_task_group_decorator.py for tasks to queue
[2024-08-30T05:51:05.677+0000] {logging_mixin.py:190} INFO - [2024-08-30T05:51:05.677+0000] {dagbag.py:587} INFO - Filling up the DagBag from /home/airflow/.local/lib/python3.12/site-packages/airflow/example_dags/example_task_group_decorator.py
[2024-08-30T05:51:05.723+0000] {processor.py:925} INFO - DAG(s) 'example_task_group_decorator' retrieved from /home/airflow/.local/lib/python3.12/site-packages/airflow/example_dags/example_task_group_decorator.py
[2024-08-30T05:51:05.750+0000] {logging_mixin.py:190} INFO - [2024-08-30T05:51:05.749+0000] {dag.py:3211} INFO - Sync 1 DAGs
[2024-08-30T05:51:05.775+0000] {logging_mixin.py:190} INFO - [2024-08-30T05:51:05.775+0000] {dag.py:4138} INFO - Setting next_dagrun for example_task_group_decorator to 2024-08-29 00:00:00+00:00, run_after=2024-08-30 00:00:00+00:00
[2024-08-30T05:51:05.804+0000] {processor.py:208} INFO - Processing /home/airflow/.local/lib/python3.12/site-packages/airflow/example_dags/example_task_group_decorator.py took 0.157 seconds
[2024-08-30T05:51:36.189+0000] {processor.py:186} INFO - Started process (PID=459) to work on /home/airflow/.local/lib/python3.12/site-packages/airflow/example_dags/example_task_group_decorator.py
[2024-08-30T05:51:36.190+0000] {processor.py:914} INFO - Processing file /home/airflow/.local/lib/python3.12/site-packages/airflow/example_dags/example_task_group_decorator.py for tasks to queue
[2024-08-30T05:51:36.193+0000] {logging_mixin.py:190} INFO - [2024-08-30T05:51:36.192+0000] {dagbag.py:587} INFO - Filling up the DagBag from /home/airflow/.local/lib/python3.12/site-packages/airflow/example_dags/example_task_group_decorator.py
[2024-08-30T05:51:36.212+0000] {processor.py:925} INFO - DAG(s) 'example_task_group_decorator' retrieved from /home/airflow/.local/lib/python3.12/site-packages/airflow/example_dags/example_task_group_decorator.py
[2024-08-30T05:51:36.241+0000] {logging_mixin.py:190} INFO - [2024-08-30T05:51:36.241+0000] {dag.py:3211} INFO - Sync 1 DAGs
[2024-08-30T05:51:36.270+0000] {logging_mixin.py:190} INFO - [2024-08-30T05:51:36.269+0000] {dag.py:4138} INFO - Setting next_dagrun for example_task_group_decorator to 2024-08-29 00:00:00+00:00, run_after=2024-08-30 00:00:00+00:00
[2024-08-30T05:51:36.289+0000] {processor.py:208} INFO - Processing /home/airflow/.local/lib/python3.12/site-packages/airflow/example_dags/example_task_group_decorator.py took 0.105 seconds
[2024-08-30T05:52:20.135+0000] {processor.py:186} INFO - Started process (PID=540) to work on /home/airflow/.local/lib/python3.12/site-packages/airflow/example_dags/example_task_group_decorator.py
[2024-08-30T05:52:20.136+0000] {processor.py:914} INFO - Processing file /home/airflow/.local/lib/python3.12/site-packages/airflow/example_dags/example_task_group_decorator.py for tasks to queue
[2024-08-30T05:52:20.140+0000] {logging_mixin.py:190} INFO - [2024-08-30T05:52:20.139+0000] {dagbag.py:587} INFO - Filling up the DagBag from /home/airflow/.local/lib/python3.12/site-packages/airflow/example_dags/example_task_group_decorator.py
[2024-08-30T05:52:20.159+0000] {processor.py:925} INFO - DAG(s) 'example_task_group_decorator' retrieved from /home/airflow/.local/lib/python3.12/site-packages/airflow/example_dags/example_task_group_decorator.py
[2024-08-30T05:52:20.187+0000] {logging_mixin.py:190} INFO - [2024-08-30T05:52:20.186+0000] {dag.py:3211} INFO - Sync 1 DAGs
[2024-08-30T05:52:20.212+0000] {logging_mixin.py:190} INFO - [2024-08-30T05:52:20.212+0000] {dag.py:4138} INFO - Setting next_dagrun for example_task_group_decorator to 2024-08-29 00:00:00+00:00, run_after=2024-08-30 00:00:00+00:00
[2024-08-30T05:52:20.232+0000] {processor.py:208} INFO - Processing /home/airflow/.local/lib/python3.12/site-packages/airflow/example_dags/example_task_group_decorator.py took 0.104 seconds
[2024-08-30T05:52:50.821+0000] {processor.py:186} INFO - Started process (PID=602) to work on /home/airflow/.local/lib/python3.12/site-packages/airflow/example_dags/example_task_group_decorator.py
[2024-08-30T05:52:50.823+0000] {processor.py:914} INFO - Processing file /home/airflow/.local/lib/python3.12/site-packages/airflow/example_dags/example_task_group_decorator.py for tasks to queue
[2024-08-30T05:52:50.825+0000] {logging_mixin.py:190} INFO - [2024-08-30T05:52:50.825+0000] {dagbag.py:587} INFO - Filling up the DagBag from /home/airflow/.local/lib/python3.12/site-packages/airflow/example_dags/example_task_group_decorator.py
[2024-08-30T05:52:50.843+0000] {processor.py:925} INFO - DAG(s) 'example_task_group_decorator' retrieved from /home/airflow/.local/lib/python3.12/site-packages/airflow/example_dags/example_task_group_decorator.py
[2024-08-30T05:52:50.871+0000] {logging_mixin.py:190} INFO - [2024-08-30T05:52:50.871+0000] {dag.py:3211} INFO - Sync 1 DAGs
[2024-08-30T05:52:50.897+0000] {logging_mixin.py:190} INFO - [2024-08-30T05:52:50.897+0000] {dag.py:4138} INFO - Setting next_dagrun for example_task_group_decorator to 2024-08-29 00:00:00+00:00, run_after=2024-08-30 00:00:00+00:00
[2024-08-30T05:52:50.915+0000] {processor.py:208} INFO - Processing /home/airflow/.local/lib/python3.12/site-packages/airflow/example_dags/example_task_group_decorator.py took 0.100 seconds
[2024-08-30T05:53:22.014+0000] {processor.py:186} INFO - Started process (PID=664) to work on /home/airflow/.local/lib/python3.12/site-packages/airflow/example_dags/example_task_group_decorator.py
[2024-08-30T05:53:22.016+0000] {processor.py:914} INFO - Processing file /home/airflow/.local/lib/python3.12/site-packages/airflow/example_dags/example_task_group_decorator.py for tasks to queue
[2024-08-30T05:53:22.019+0000] {logging_mixin.py:190} INFO - [2024-08-30T05:53:22.019+0000] {dagbag.py:587} INFO - Filling up the DagBag from /home/airflow/.local/lib/python3.12/site-packages/airflow/example_dags/example_task_group_decorator.py
[2024-08-30T05:53:22.039+0000] {processor.py:925} INFO - DAG(s) 'example_task_group_decorator' retrieved from /home/airflow/.local/lib/python3.12/site-packages/airflow/example_dags/example_task_group_decorator.py
[2024-08-30T05:53:22.071+0000] {logging_mixin.py:190} INFO - [2024-08-30T05:53:22.071+0000] {dag.py:3211} INFO - Sync 1 DAGs
[2024-08-30T05:53:22.099+0000] {logging_mixin.py:190} INFO - [2024-08-30T05:53:22.098+0000] {dag.py:4138} INFO - Setting next_dagrun for example_task_group_decorator to 2024-08-29 00:00:00+00:00, run_after=2024-08-30 00:00:00+00:00
[2024-08-30T05:53:22.119+0000] {processor.py:208} INFO - Processing /home/airflow/.local/lib/python3.12/site-packages/airflow/example_dags/example_task_group_decorator.py took 0.114 seconds
[2024-08-30T05:53:52.177+0000] {processor.py:186} INFO - Started process (PID=725) to work on /home/airflow/.local/lib/python3.12/site-packages/airflow/example_dags/example_task_group_decorator.py
[2024-08-30T05:53:52.179+0000] {processor.py:914} INFO - Processing file /home/airflow/.local/lib/python3.12/site-packages/airflow/example_dags/example_task_group_decorator.py for tasks to queue
[2024-08-30T05:53:52.182+0000] {logging_mixin.py:190} INFO - [2024-08-30T05:53:52.182+0000] {dagbag.py:587} INFO - Filling up the DagBag from /home/airflow/.local/lib/python3.12/site-packages/airflow/example_dags/example_task_group_decorator.py
[2024-08-30T05:53:52.203+0000] {processor.py:925} INFO - DAG(s) 'example_task_group_decorator' retrieved from /home/airflow/.local/lib/python3.12/site-packages/airflow/example_dags/example_task_group_decorator.py
[2024-08-30T05:53:52.228+0000] {logging_mixin.py:190} INFO - [2024-08-30T05:53:52.228+0000] {dag.py:3211} INFO - Sync 1 DAGs
[2024-08-30T05:53:52.254+0000] {logging_mixin.py:190} INFO - [2024-08-30T05:53:52.254+0000] {dag.py:4138} INFO - Setting next_dagrun for example_task_group_decorator to 2024-08-29 00:00:00+00:00, run_after=2024-08-30 00:00:00+00:00
[2024-08-30T05:53:52.274+0000] {processor.py:208} INFO - Processing /home/airflow/.local/lib/python3.12/site-packages/airflow/example_dags/example_task_group_decorator.py took 0.103 seconds
[2024-08-30T05:54:22.505+0000] {processor.py:186} INFO - Started process (PID=787) to work on /home/airflow/.local/lib/python3.12/site-packages/airflow/example_dags/example_task_group_decorator.py
[2024-08-30T05:54:22.506+0000] {processor.py:914} INFO - Processing file /home/airflow/.local/lib/python3.12/site-packages/airflow/example_dags/example_task_group_decorator.py for tasks to queue
[2024-08-30T05:54:22.509+0000] {logging_mixin.py:190} INFO - [2024-08-30T05:54:22.508+0000] {dagbag.py:587} INFO - Filling up the DagBag from /home/airflow/.local/lib/python3.12/site-packages/airflow/example_dags/example_task_group_decorator.py
[2024-08-30T05:54:22.526+0000] {processor.py:925} INFO - DAG(s) 'example_task_group_decorator' retrieved from /home/airflow/.local/lib/python3.12/site-packages/airflow/example_dags/example_task_group_decorator.py
[2024-08-30T05:54:22.554+0000] {logging_mixin.py:190} INFO - [2024-08-30T05:54:22.553+0000] {dag.py:3211} INFO - Sync 1 DAGs
[2024-08-30T05:54:22.579+0000] {logging_mixin.py:190} INFO - [2024-08-30T05:54:22.579+0000] {dag.py:4138} INFO - Setting next_dagrun for example_task_group_decorator to 2024-08-29 00:00:00+00:00, run_after=2024-08-30 00:00:00+00:00
[2024-08-30T05:54:22.600+0000] {processor.py:208} INFO - Processing /home/airflow/.local/lib/python3.12/site-packages/airflow/example_dags/example_task_group_decorator.py took 0.102 seconds
[2024-08-30T05:54:52.918+0000] {processor.py:186} INFO - Started process (PID=849) to work on /home/airflow/.local/lib/python3.12/site-packages/airflow/example_dags/example_task_group_decorator.py
[2024-08-30T05:54:52.920+0000] {processor.py:914} INFO - Processing file /home/airflow/.local/lib/python3.12/site-packages/airflow/example_dags/example_task_group_decorator.py for tasks to queue
[2024-08-30T05:54:52.922+0000] {logging_mixin.py:190} INFO - [2024-08-30T05:54:52.922+0000] {dagbag.py:587} INFO - Filling up the DagBag from /home/airflow/.local/lib/python3.12/site-packages/airflow/example_dags/example_task_group_decorator.py
[2024-08-30T05:54:52.942+0000] {processor.py:925} INFO - DAG(s) 'example_task_group_decorator' retrieved from /home/airflow/.local/lib/python3.12/site-packages/airflow/example_dags/example_task_group_decorator.py
[2024-08-30T05:54:52.968+0000] {logging_mixin.py:190} INFO - [2024-08-30T05:54:52.968+0000] {dag.py:3211} INFO - Sync 1 DAGs
[2024-08-30T05:54:52.992+0000] {logging_mixin.py:190} INFO - [2024-08-30T05:54:52.992+0000] {dag.py:4138} INFO - Setting next_dagrun for example_task_group_decorator to 2024-08-29 00:00:00+00:00, run_after=2024-08-30 00:00:00+00:00
[2024-08-30T05:54:53.014+0000] {processor.py:208} INFO - Processing /home/airflow/.local/lib/python3.12/site-packages/airflow/example_dags/example_task_group_decorator.py took 0.103 seconds
[2024-08-30T05:55:23.334+0000] {processor.py:186} INFO - Started process (PID=912) to work on /home/airflow/.local/lib/python3.12/site-packages/airflow/example_dags/example_task_group_decorator.py
[2024-08-30T05:55:23.335+0000] {processor.py:914} INFO - Processing file /home/airflow/.local/lib/python3.12/site-packages/airflow/example_dags/example_task_group_decorator.py for tasks to queue
[2024-08-30T05:55:23.338+0000] {logging_mixin.py:190} INFO - [2024-08-30T05:55:23.338+0000] {dagbag.py:587} INFO - Filling up the DagBag from /home/airflow/.local/lib/python3.12/site-packages/airflow/example_dags/example_task_group_decorator.py
[2024-08-30T05:55:23.355+0000] {processor.py:925} INFO - DAG(s) 'example_task_group_decorator' retrieved from /home/airflow/.local/lib/python3.12/site-packages/airflow/example_dags/example_task_group_decorator.py
[2024-08-30T05:55:23.384+0000] {logging_mixin.py:190} INFO - [2024-08-30T05:55:23.384+0000] {dag.py:3211} INFO - Sync 1 DAGs
[2024-08-30T05:55:23.411+0000] {logging_mixin.py:190} INFO - [2024-08-30T05:55:23.410+0000] {dag.py:4138} INFO - Setting next_dagrun for example_task_group_decorator to 2024-08-29 00:00:00+00:00, run_after=2024-08-30 00:00:00+00:00
[2024-08-30T05:55:23.433+0000] {processor.py:208} INFO - Processing /home/airflow/.local/lib/python3.12/site-packages/airflow/example_dags/example_task_group_decorator.py took 0.105 seconds
[2024-08-30T05:56:01.203+0000] {processor.py:186} INFO - Started process (PID=974) to work on /home/airflow/.local/lib/python3.12/site-packages/airflow/example_dags/example_task_group_decorator.py
[2024-08-30T05:56:01.204+0000] {processor.py:914} INFO - Processing file /home/airflow/.local/lib/python3.12/site-packages/airflow/example_dags/example_task_group_decorator.py for tasks to queue
[2024-08-30T05:56:01.206+0000] {logging_mixin.py:190} INFO - [2024-08-30T05:56:01.206+0000] {dagbag.py:587} INFO - Filling up the DagBag from /home/airflow/.local/lib/python3.12/site-packages/airflow/example_dags/example_task_group_decorator.py
[2024-08-30T05:56:01.223+0000] {processor.py:925} INFO - DAG(s) 'example_task_group_decorator' retrieved from /home/airflow/.local/lib/python3.12/site-packages/airflow/example_dags/example_task_group_decorator.py
[2024-08-30T05:56:01.250+0000] {logging_mixin.py:190} INFO - [2024-08-30T05:56:01.249+0000] {dag.py:3211} INFO - Sync 1 DAGs
[2024-08-30T05:56:01.274+0000] {logging_mixin.py:190} INFO - [2024-08-30T05:56:01.274+0000] {dag.py:4138} INFO - Setting next_dagrun for example_task_group_decorator to 2024-08-29 00:00:00+00:00, run_after=2024-08-30 00:00:00+00:00
[2024-08-30T05:56:01.295+0000] {processor.py:208} INFO - Processing /home/airflow/.local/lib/python3.12/site-packages/airflow/example_dags/example_task_group_decorator.py took 0.098 seconds
[2024-08-30T05:56:31.997+0000] {processor.py:186} INFO - Started process (PID=1036) to work on /home/airflow/.local/lib/python3.12/site-packages/airflow/example_dags/example_task_group_decorator.py
[2024-08-30T05:56:31.998+0000] {processor.py:914} INFO - Processing file /home/airflow/.local/lib/python3.12/site-packages/airflow/example_dags/example_task_group_decorator.py for tasks to queue
[2024-08-30T05:56:32.001+0000] {logging_mixin.py:190} INFO - [2024-08-30T05:56:32.000+0000] {dagbag.py:587} INFO - Filling up the DagBag from /home/airflow/.local/lib/python3.12/site-packages/airflow/example_dags/example_task_group_decorator.py
[2024-08-30T05:56:32.017+0000] {processor.py:925} INFO - DAG(s) 'example_task_group_decorator' retrieved from /home/airflow/.local/lib/python3.12/site-packages/airflow/example_dags/example_task_group_decorator.py
[2024-08-30T05:56:32.044+0000] {logging_mixin.py:190} INFO - [2024-08-30T05:56:32.044+0000] {dag.py:3211} INFO - Sync 1 DAGs
[2024-08-30T05:56:32.070+0000] {logging_mixin.py:190} INFO - [2024-08-30T05:56:32.069+0000] {dag.py:4138} INFO - Setting next_dagrun for example_task_group_decorator to 2024-08-29 00:00:00+00:00, run_after=2024-08-30 00:00:00+00:00
[2024-08-30T05:56:32.087+0000] {processor.py:208} INFO - Processing /home/airflow/.local/lib/python3.12/site-packages/airflow/example_dags/example_task_group_decorator.py took 0.097 seconds
