[2024-08-30T05:48:09.800+0000] {processor.py:186} INFO - Started process (PID=71) to work on /home/airflow/.local/lib/python3.12/site-packages/airflow/example_dags/example_dataset_alias_with_no_taskflow.py
[2024-08-30T05:48:09.801+0000] {processor.py:914} INFO - Processing file /home/airflow/.local/lib/python3.12/site-packages/airflow/example_dags/example_dataset_alias_with_no_taskflow.py for tasks to queue
[2024-08-30T05:48:09.804+0000] {logging_mixin.py:190} INFO - [2024-08-30T05:48:09.804+0000] {dagbag.py:587} INFO - Filling up the DagBag from /home/airflow/.local/lib/python3.12/site-packages/airflow/example_dags/example_dataset_alias_with_no_taskflow.py
[2024-08-30T05:48:10.049+0000] {processor.py:925} INFO - DAG(s) 'dataset_s3_bucket_consumer_with_no_taskflow', 'dataset_alias_example_alias_producer_with_no_taskflow', 'dataset_alias_example_alias_consumer_with_no_taskflow', 'dataset_s3_bucket_producer_with_no_taskflow' retrieved from /home/airflow/.local/lib/python3.12/site-packages/airflow/example_dags/example_dataset_alias_with_no_taskflow.py
[2024-08-30T05:48:10.175+0000] {logging_mixin.py:190} INFO - [2024-08-30T05:48:10.175+0000] {override.py:1858} INFO - Created Permission View: can delete on DAG:dataset_s3_bucket_consumer_with_no_taskflow
[2024-08-30T05:48:10.188+0000] {logging_mixin.py:190} INFO - [2024-08-30T05:48:10.188+0000] {override.py:1858} INFO - Created Permission View: can edit on DAG:dataset_s3_bucket_consumer_with_no_taskflow
[2024-08-30T05:48:10.198+0000] {logging_mixin.py:190} INFO - [2024-08-30T05:48:10.197+0000] {override.py:1858} INFO - Created Permission View: can read on DAG:dataset_s3_bucket_consumer_with_no_taskflow
[2024-08-30T05:48:10.243+0000] {logging_mixin.py:190} INFO - [2024-08-30T05:48:10.242+0000] {override.py:1858} INFO - Created Permission View: can delete on DAG:dataset_alias_example_alias_producer_with_no_taskflow
[2024-08-30T05:48:10.255+0000] {logging_mixin.py:190} INFO - [2024-08-30T05:48:10.255+0000] {override.py:1858} INFO - Created Permission View: can edit on DAG:dataset_alias_example_alias_producer_with_no_taskflow
[2024-08-30T05:48:10.271+0000] {logging_mixin.py:190} INFO - [2024-08-30T05:48:10.271+0000] {override.py:1858} INFO - Created Permission View: can read on DAG:dataset_alias_example_alias_producer_with_no_taskflow
[2024-08-30T05:48:10.285+0000] {logging_mixin.py:190} INFO - [2024-08-30T05:48:10.284+0000] {override.py:1858} INFO - Created Permission View: can delete on DAG:dataset_alias_example_alias_consumer_with_no_taskflow
[2024-08-30T05:48:10.295+0000] {logging_mixin.py:190} INFO - [2024-08-30T05:48:10.295+0000] {override.py:1858} INFO - Created Permission View: can edit on DAG:dataset_alias_example_alias_consumer_with_no_taskflow
[2024-08-30T05:48:10.305+0000] {logging_mixin.py:190} INFO - [2024-08-30T05:48:10.305+0000] {override.py:1858} INFO - Created Permission View: can read on DAG:dataset_alias_example_alias_consumer_with_no_taskflow
[2024-08-30T05:48:10.322+0000] {logging_mixin.py:190} INFO - [2024-08-30T05:48:10.322+0000] {override.py:1858} INFO - Created Permission View: can delete on DAG:dataset_s3_bucket_producer_with_no_taskflow
[2024-08-30T05:48:10.331+0000] {logging_mixin.py:190} INFO - [2024-08-30T05:48:10.331+0000] {override.py:1858} INFO - Created Permission View: can edit on DAG:dataset_s3_bucket_producer_with_no_taskflow
[2024-08-30T05:48:10.339+0000] {logging_mixin.py:190} INFO - [2024-08-30T05:48:10.339+0000] {override.py:1858} INFO - Created Permission View: can read on DAG:dataset_s3_bucket_producer_with_no_taskflow
[2024-08-30T05:48:10.340+0000] {logging_mixin.py:190} INFO - [2024-08-30T05:48:10.340+0000] {dag.py:3211} INFO - Sync 4 DAGs
[2024-08-30T05:48:10.358+0000] {logging_mixin.py:190} INFO - [2024-08-30T05:48:10.357+0000] {dag.py:3234} INFO - Creating ORM DAG for dataset_s3_bucket_producer_with_no_taskflow
[2024-08-30T05:48:10.359+0000] {logging_mixin.py:190} INFO - [2024-08-30T05:48:10.358+0000] {dag.py:3234} INFO - Creating ORM DAG for dataset_s3_bucket_consumer_with_no_taskflow
[2024-08-30T05:48:10.360+0000] {logging_mixin.py:190} INFO - [2024-08-30T05:48:10.359+0000] {dag.py:3234} INFO - Creating ORM DAG for dataset_alias_example_alias_consumer_with_no_taskflow
[2024-08-30T05:48:10.361+0000] {logging_mixin.py:190} INFO - [2024-08-30T05:48:10.361+0000] {dag.py:3234} INFO - Creating ORM DAG for dataset_alias_example_alias_producer_with_no_taskflow
[2024-08-30T05:48:10.377+0000] {logging_mixin.py:190} INFO - [2024-08-30T05:48:10.377+0000] {dag.py:4138} INFO - Setting next_dagrun for dataset_alias_example_alias_consumer_with_no_taskflow to None, run_after=None
[2024-08-30T05:48:10.379+0000] {logging_mixin.py:190} INFO - [2024-08-30T05:48:10.379+0000] {dag.py:4138} INFO - Setting next_dagrun for dataset_alias_example_alias_producer_with_no_taskflow to None, run_after=None
[2024-08-30T05:48:10.380+0000] {logging_mixin.py:190} INFO - [2024-08-30T05:48:10.380+0000] {dag.py:4138} INFO - Setting next_dagrun for dataset_s3_bucket_consumer_with_no_taskflow to None, run_after=None
[2024-08-30T05:48:10.382+0000] {logging_mixin.py:190} INFO - [2024-08-30T05:48:10.381+0000] {dag.py:4138} INFO - Setting next_dagrun for dataset_s3_bucket_producer_with_no_taskflow to None, run_after=None
[2024-08-30T05:48:10.431+0000] {processor.py:208} INFO - Processing /home/airflow/.local/lib/python3.12/site-packages/airflow/example_dags/example_dataset_alias_with_no_taskflow.py took 0.636 seconds
[2024-08-30T05:48:41.124+0000] {processor.py:186} INFO - Started process (PID=133) to work on /home/airflow/.local/lib/python3.12/site-packages/airflow/example_dags/example_dataset_alias_with_no_taskflow.py
[2024-08-30T05:48:41.126+0000] {processor.py:914} INFO - Processing file /home/airflow/.local/lib/python3.12/site-packages/airflow/example_dags/example_dataset_alias_with_no_taskflow.py for tasks to queue
[2024-08-30T05:48:41.131+0000] {logging_mixin.py:190} INFO - [2024-08-30T05:48:41.130+0000] {dagbag.py:587} INFO - Filling up the DagBag from /home/airflow/.local/lib/python3.12/site-packages/airflow/example_dags/example_dataset_alias_with_no_taskflow.py
[2024-08-30T05:48:41.618+0000] {processor.py:925} INFO - DAG(s) 'dataset_s3_bucket_producer_with_no_taskflow', 'dataset_alias_example_alias_producer_with_no_taskflow', 'dataset_alias_example_alias_consumer_with_no_taskflow', 'dataset_s3_bucket_consumer_with_no_taskflow' retrieved from /home/airflow/.local/lib/python3.12/site-packages/airflow/example_dags/example_dataset_alias_with_no_taskflow.py
[2024-08-30T05:48:41.677+0000] {logging_mixin.py:190} INFO - [2024-08-30T05:48:41.676+0000] {dag.py:3211} INFO - Sync 4 DAGs
[2024-08-30T05:48:41.729+0000] {logging_mixin.py:190} INFO - [2024-08-30T05:48:41.729+0000] {dag.py:4138} INFO - Setting next_dagrun for dataset_alias_example_alias_consumer_with_no_taskflow to None, run_after=None
[2024-08-30T05:48:41.736+0000] {logging_mixin.py:190} INFO - [2024-08-30T05:48:41.735+0000] {dag.py:4138} INFO - Setting next_dagrun for dataset_alias_example_alias_producer_with_no_taskflow to None, run_after=None
[2024-08-30T05:48:41.740+0000] {logging_mixin.py:190} INFO - [2024-08-30T05:48:41.740+0000] {dag.py:4138} INFO - Setting next_dagrun for dataset_s3_bucket_consumer_with_no_taskflow to None, run_after=None
[2024-08-30T05:48:41.744+0000] {logging_mixin.py:190} INFO - [2024-08-30T05:48:41.744+0000] {dag.py:4138} INFO - Setting next_dagrun for dataset_s3_bucket_producer_with_no_taskflow to None, run_after=None
[2024-08-30T05:48:41.803+0000] {processor.py:208} INFO - Processing /home/airflow/.local/lib/python3.12/site-packages/airflow/example_dags/example_dataset_alias_with_no_taskflow.py took 0.695 seconds
[2024-08-30T05:49:29.192+0000] {processor.py:186} INFO - Started process (PID=202) to work on /home/airflow/.local/lib/python3.12/site-packages/airflow/example_dags/example_dataset_alias_with_no_taskflow.py
[2024-08-30T05:49:29.198+0000] {processor.py:914} INFO - Processing file /home/airflow/.local/lib/python3.12/site-packages/airflow/example_dags/example_dataset_alias_with_no_taskflow.py for tasks to queue
[2024-08-30T05:49:29.204+0000] {logging_mixin.py:190} INFO - [2024-08-30T05:49:29.203+0000] {dagbag.py:587} INFO - Filling up the DagBag from /home/airflow/.local/lib/python3.12/site-packages/airflow/example_dags/example_dataset_alias_with_no_taskflow.py
[2024-08-30T05:49:30.511+0000] {processor.py:925} INFO - DAG(s) 'dataset_s3_bucket_producer_with_no_taskflow', 'dataset_s3_bucket_consumer_with_no_taskflow', 'dataset_alias_example_alias_producer_with_no_taskflow', 'dataset_alias_example_alias_consumer_with_no_taskflow' retrieved from /home/airflow/.local/lib/python3.12/site-packages/airflow/example_dags/example_dataset_alias_with_no_taskflow.py
[2024-08-30T05:49:30.565+0000] {logging_mixin.py:190} INFO - [2024-08-30T05:49:30.565+0000] {dag.py:3211} INFO - Sync 4 DAGs
[2024-08-30T05:49:30.633+0000] {logging_mixin.py:190} INFO - [2024-08-30T05:49:30.633+0000] {dag.py:4138} INFO - Setting next_dagrun for dataset_alias_example_alias_consumer_with_no_taskflow to None, run_after=None
[2024-08-30T05:49:30.640+0000] {logging_mixin.py:190} INFO - [2024-08-30T05:49:30.639+0000] {dag.py:4138} INFO - Setting next_dagrun for dataset_alias_example_alias_producer_with_no_taskflow to None, run_after=None
[2024-08-30T05:49:30.645+0000] {logging_mixin.py:190} INFO - [2024-08-30T05:49:30.643+0000] {dag.py:4138} INFO - Setting next_dagrun for dataset_s3_bucket_consumer_with_no_taskflow to None, run_after=None
[2024-08-30T05:49:30.649+0000] {logging_mixin.py:190} INFO - [2024-08-30T05:49:30.649+0000] {dag.py:4138} INFO - Setting next_dagrun for dataset_s3_bucket_producer_with_no_taskflow to None, run_after=None
[2024-08-30T05:49:31.089+0000] {processor.py:208} INFO - Processing /home/airflow/.local/lib/python3.12/site-packages/airflow/example_dags/example_dataset_alias_with_no_taskflow.py took 1.913 seconds
[2024-08-30T05:50:01.372+0000] {processor.py:186} INFO - Started process (PID=265) to work on /home/airflow/.local/lib/python3.12/site-packages/airflow/example_dags/example_dataset_alias_with_no_taskflow.py
[2024-08-30T05:50:01.374+0000] {processor.py:914} INFO - Processing file /home/airflow/.local/lib/python3.12/site-packages/airflow/example_dags/example_dataset_alias_with_no_taskflow.py for tasks to queue
[2024-08-30T05:50:01.378+0000] {logging_mixin.py:190} INFO - [2024-08-30T05:50:01.377+0000] {dagbag.py:587} INFO - Filling up the DagBag from /home/airflow/.local/lib/python3.12/site-packages/airflow/example_dags/example_dataset_alias_with_no_taskflow.py
[2024-08-30T05:50:01.746+0000] {processor.py:925} INFO - DAG(s) 'dataset_alias_example_alias_consumer_with_no_taskflow', 'dataset_s3_bucket_consumer_with_no_taskflow', 'dataset_s3_bucket_producer_with_no_taskflow', 'dataset_alias_example_alias_producer_with_no_taskflow' retrieved from /home/airflow/.local/lib/python3.12/site-packages/airflow/example_dags/example_dataset_alias_with_no_taskflow.py
[2024-08-30T05:50:01.792+0000] {logging_mixin.py:190} INFO - [2024-08-30T05:50:01.791+0000] {dag.py:3211} INFO - Sync 4 DAGs
[2024-08-30T05:50:01.842+0000] {logging_mixin.py:190} INFO - [2024-08-30T05:50:01.842+0000] {dag.py:4138} INFO - Setting next_dagrun for dataset_alias_example_alias_consumer_with_no_taskflow to None, run_after=None
[2024-08-30T05:50:01.852+0000] {logging_mixin.py:190} INFO - [2024-08-30T05:50:01.851+0000] {dag.py:4138} INFO - Setting next_dagrun for dataset_alias_example_alias_producer_with_no_taskflow to None, run_after=None
[2024-08-30T05:50:01.856+0000] {logging_mixin.py:190} INFO - [2024-08-30T05:50:01.856+0000] {dag.py:4138} INFO - Setting next_dagrun for dataset_s3_bucket_consumer_with_no_taskflow to None, run_after=None
[2024-08-30T05:50:01.859+0000] {logging_mixin.py:190} INFO - [2024-08-30T05:50:01.859+0000] {dag.py:4138} INFO - Setting next_dagrun for dataset_s3_bucket_producer_with_no_taskflow to None, run_after=None
[2024-08-30T05:50:01.920+0000] {processor.py:208} INFO - Processing /home/airflow/.local/lib/python3.12/site-packages/airflow/example_dags/example_dataset_alias_with_no_taskflow.py took 0.563 seconds
[2024-08-30T05:50:32.482+0000] {processor.py:186} INFO - Started process (PID=327) to work on /home/airflow/.local/lib/python3.12/site-packages/airflow/example_dags/example_dataset_alias_with_no_taskflow.py
[2024-08-30T05:50:32.483+0000] {processor.py:914} INFO - Processing file /home/airflow/.local/lib/python3.12/site-packages/airflow/example_dags/example_dataset_alias_with_no_taskflow.py for tasks to queue
[2024-08-30T05:50:32.490+0000] {logging_mixin.py:190} INFO - [2024-08-30T05:50:32.489+0000] {dagbag.py:587} INFO - Filling up the DagBag from /home/airflow/.local/lib/python3.12/site-packages/airflow/example_dags/example_dataset_alias_with_no_taskflow.py
[2024-08-30T05:50:32.895+0000] {processor.py:925} INFO - DAG(s) 'dataset_alias_example_alias_producer_with_no_taskflow', 'dataset_alias_example_alias_consumer_with_no_taskflow', 'dataset_s3_bucket_producer_with_no_taskflow', 'dataset_s3_bucket_consumer_with_no_taskflow' retrieved from /home/airflow/.local/lib/python3.12/site-packages/airflow/example_dags/example_dataset_alias_with_no_taskflow.py
[2024-08-30T05:50:33.047+0000] {logging_mixin.py:190} INFO - [2024-08-30T05:50:33.046+0000] {dag.py:3211} INFO - Sync 4 DAGs
[2024-08-30T05:50:33.383+0000] {logging_mixin.py:190} INFO - [2024-08-30T05:50:33.382+0000] {dag.py:4138} INFO - Setting next_dagrun for dataset_alias_example_alias_consumer_with_no_taskflow to None, run_after=None
[2024-08-30T05:50:33.398+0000] {logging_mixin.py:190} INFO - [2024-08-30T05:50:33.398+0000] {dag.py:4138} INFO - Setting next_dagrun for dataset_alias_example_alias_producer_with_no_taskflow to None, run_after=None
[2024-08-30T05:50:33.407+0000] {logging_mixin.py:190} INFO - [2024-08-30T05:50:33.407+0000] {dag.py:4138} INFO - Setting next_dagrun for dataset_s3_bucket_consumer_with_no_taskflow to None, run_after=None
[2024-08-30T05:50:33.411+0000] {logging_mixin.py:190} INFO - [2024-08-30T05:50:33.411+0000] {dag.py:4138} INFO - Setting next_dagrun for dataset_s3_bucket_producer_with_no_taskflow to None, run_after=None
[2024-08-30T05:50:33.552+0000] {processor.py:208} INFO - Processing /home/airflow/.local/lib/python3.12/site-packages/airflow/example_dags/example_dataset_alias_with_no_taskflow.py took 1.079 seconds
[2024-08-30T05:51:03.727+0000] {processor.py:186} INFO - Started process (PID=389) to work on /home/airflow/.local/lib/python3.12/site-packages/airflow/example_dags/example_dataset_alias_with_no_taskflow.py
[2024-08-30T05:51:03.728+0000] {processor.py:914} INFO - Processing file /home/airflow/.local/lib/python3.12/site-packages/airflow/example_dags/example_dataset_alias_with_no_taskflow.py for tasks to queue
[2024-08-30T05:51:03.731+0000] {logging_mixin.py:190} INFO - [2024-08-30T05:51:03.730+0000] {dagbag.py:587} INFO - Filling up the DagBag from /home/airflow/.local/lib/python3.12/site-packages/airflow/example_dags/example_dataset_alias_with_no_taskflow.py
[2024-08-30T05:51:03.921+0000] {processor.py:925} INFO - DAG(s) 'dataset_alias_example_alias_producer_with_no_taskflow', 'dataset_alias_example_alias_consumer_with_no_taskflow', 'dataset_s3_bucket_producer_with_no_taskflow', 'dataset_s3_bucket_consumer_with_no_taskflow' retrieved from /home/airflow/.local/lib/python3.12/site-packages/airflow/example_dags/example_dataset_alias_with_no_taskflow.py
[2024-08-30T05:51:03.954+0000] {logging_mixin.py:190} INFO - [2024-08-30T05:51:03.953+0000] {dag.py:3211} INFO - Sync 4 DAGs
[2024-08-30T05:51:03.980+0000] {logging_mixin.py:190} INFO - [2024-08-30T05:51:03.980+0000] {dag.py:4138} INFO - Setting next_dagrun for dataset_alias_example_alias_consumer_with_no_taskflow to None, run_after=None
[2024-08-30T05:51:03.983+0000] {logging_mixin.py:190} INFO - [2024-08-30T05:51:03.983+0000] {dag.py:4138} INFO - Setting next_dagrun for dataset_alias_example_alias_producer_with_no_taskflow to None, run_after=None
[2024-08-30T05:51:03.984+0000] {logging_mixin.py:190} INFO - [2024-08-30T05:51:03.984+0000] {dag.py:4138} INFO - Setting next_dagrun for dataset_s3_bucket_consumer_with_no_taskflow to None, run_after=None
[2024-08-30T05:51:03.986+0000] {logging_mixin.py:190} INFO - [2024-08-30T05:51:03.986+0000] {dag.py:4138} INFO - Setting next_dagrun for dataset_s3_bucket_producer_with_no_taskflow to None, run_after=None
[2024-08-30T05:51:04.019+0000] {processor.py:208} INFO - Processing /home/airflow/.local/lib/python3.12/site-packages/airflow/example_dags/example_dataset_alias_with_no_taskflow.py took 0.298 seconds
[2024-08-30T05:51:34.586+0000] {processor.py:186} INFO - Started process (PID=451) to work on /home/airflow/.local/lib/python3.12/site-packages/airflow/example_dags/example_dataset_alias_with_no_taskflow.py
[2024-08-30T05:51:34.587+0000] {processor.py:914} INFO - Processing file /home/airflow/.local/lib/python3.12/site-packages/airflow/example_dags/example_dataset_alias_with_no_taskflow.py for tasks to queue
[2024-08-30T05:51:34.591+0000] {logging_mixin.py:190} INFO - [2024-08-30T05:51:34.589+0000] {dagbag.py:587} INFO - Filling up the DagBag from /home/airflow/.local/lib/python3.12/site-packages/airflow/example_dags/example_dataset_alias_with_no_taskflow.py
[2024-08-30T05:51:34.871+0000] {processor.py:925} INFO - DAG(s) 'dataset_alias_example_alias_consumer_with_no_taskflow', 'dataset_s3_bucket_consumer_with_no_taskflow', 'dataset_s3_bucket_producer_with_no_taskflow', 'dataset_alias_example_alias_producer_with_no_taskflow' retrieved from /home/airflow/.local/lib/python3.12/site-packages/airflow/example_dags/example_dataset_alias_with_no_taskflow.py
[2024-08-30T05:51:34.893+0000] {logging_mixin.py:190} INFO - [2024-08-30T05:51:34.893+0000] {dag.py:3211} INFO - Sync 4 DAGs
[2024-08-30T05:51:34.925+0000] {logging_mixin.py:190} INFO - [2024-08-30T05:51:34.925+0000] {dag.py:4138} INFO - Setting next_dagrun for dataset_alias_example_alias_consumer_with_no_taskflow to None, run_after=None
[2024-08-30T05:51:34.928+0000] {logging_mixin.py:190} INFO - [2024-08-30T05:51:34.928+0000] {dag.py:4138} INFO - Setting next_dagrun for dataset_alias_example_alias_producer_with_no_taskflow to None, run_after=None
[2024-08-30T05:51:34.930+0000] {logging_mixin.py:190} INFO - [2024-08-30T05:51:34.929+0000] {dag.py:4138} INFO - Setting next_dagrun for dataset_s3_bucket_consumer_with_no_taskflow to None, run_after=None
[2024-08-30T05:51:34.931+0000] {logging_mixin.py:190} INFO - [2024-08-30T05:51:34.931+0000] {dag.py:4138} INFO - Setting next_dagrun for dataset_s3_bucket_producer_with_no_taskflow to None, run_after=None
[2024-08-30T05:51:34.954+0000] {processor.py:208} INFO - Processing /home/airflow/.local/lib/python3.12/site-packages/airflow/example_dags/example_dataset_alias_with_no_taskflow.py took 0.378 seconds
[2024-08-30T05:52:19.107+0000] {processor.py:186} INFO - Started process (PID=531) to work on /home/airflow/.local/lib/python3.12/site-packages/airflow/example_dags/example_dataset_alias_with_no_taskflow.py
[2024-08-30T05:52:19.108+0000] {processor.py:914} INFO - Processing file /home/airflow/.local/lib/python3.12/site-packages/airflow/example_dags/example_dataset_alias_with_no_taskflow.py for tasks to queue
[2024-08-30T05:52:19.110+0000] {logging_mixin.py:190} INFO - [2024-08-30T05:52:19.110+0000] {dagbag.py:587} INFO - Filling up the DagBag from /home/airflow/.local/lib/python3.12/site-packages/airflow/example_dags/example_dataset_alias_with_no_taskflow.py
[2024-08-30T05:52:19.394+0000] {processor.py:925} INFO - DAG(s) 'dataset_s3_bucket_producer_with_no_taskflow', 'dataset_alias_example_alias_consumer_with_no_taskflow', 'dataset_s3_bucket_consumer_with_no_taskflow', 'dataset_alias_example_alias_producer_with_no_taskflow' retrieved from /home/airflow/.local/lib/python3.12/site-packages/airflow/example_dags/example_dataset_alias_with_no_taskflow.py
[2024-08-30T05:52:19.419+0000] {logging_mixin.py:190} INFO - [2024-08-30T05:52:19.419+0000] {dag.py:3211} INFO - Sync 4 DAGs
[2024-08-30T05:52:19.447+0000] {logging_mixin.py:190} INFO - [2024-08-30T05:52:19.446+0000] {dag.py:4138} INFO - Setting next_dagrun for dataset_alias_example_alias_consumer_with_no_taskflow to None, run_after=None
[2024-08-30T05:52:19.450+0000] {logging_mixin.py:190} INFO - [2024-08-30T05:52:19.449+0000] {dag.py:4138} INFO - Setting next_dagrun for dataset_alias_example_alias_producer_with_no_taskflow to None, run_after=None
[2024-08-30T05:52:19.451+0000] {logging_mixin.py:190} INFO - [2024-08-30T05:52:19.451+0000] {dag.py:4138} INFO - Setting next_dagrun for dataset_s3_bucket_consumer_with_no_taskflow to None, run_after=None
[2024-08-30T05:52:19.453+0000] {logging_mixin.py:190} INFO - [2024-08-30T05:52:19.453+0000] {dag.py:4138} INFO - Setting next_dagrun for dataset_s3_bucket_producer_with_no_taskflow to None, run_after=None
[2024-08-30T05:52:19.482+0000] {processor.py:208} INFO - Processing /home/airflow/.local/lib/python3.12/site-packages/airflow/example_dags/example_dataset_alias_with_no_taskflow.py took 0.383 seconds
[2024-08-30T05:52:50.192+0000] {processor.py:186} INFO - Started process (PID=593) to work on /home/airflow/.local/lib/python3.12/site-packages/airflow/example_dags/example_dataset_alias_with_no_taskflow.py
[2024-08-30T05:52:50.193+0000] {processor.py:914} INFO - Processing file /home/airflow/.local/lib/python3.12/site-packages/airflow/example_dags/example_dataset_alias_with_no_taskflow.py for tasks to queue
[2024-08-30T05:52:50.196+0000] {logging_mixin.py:190} INFO - [2024-08-30T05:52:50.195+0000] {dagbag.py:587} INFO - Filling up the DagBag from /home/airflow/.local/lib/python3.12/site-packages/airflow/example_dags/example_dataset_alias_with_no_taskflow.py
[2024-08-30T05:52:50.393+0000] {processor.py:925} INFO - DAG(s) 'dataset_alias_example_alias_producer_with_no_taskflow', 'dataset_s3_bucket_consumer_with_no_taskflow', 'dataset_alias_example_alias_consumer_with_no_taskflow', 'dataset_s3_bucket_producer_with_no_taskflow' retrieved from /home/airflow/.local/lib/python3.12/site-packages/airflow/example_dags/example_dataset_alias_with_no_taskflow.py
[2024-08-30T05:52:50.416+0000] {logging_mixin.py:190} INFO - [2024-08-30T05:52:50.415+0000] {dag.py:3211} INFO - Sync 4 DAGs
[2024-08-30T05:52:50.441+0000] {logging_mixin.py:190} INFO - [2024-08-30T05:52:50.440+0000] {dag.py:4138} INFO - Setting next_dagrun for dataset_alias_example_alias_consumer_with_no_taskflow to None, run_after=None
[2024-08-30T05:52:50.444+0000] {logging_mixin.py:190} INFO - [2024-08-30T05:52:50.443+0000] {dag.py:4138} INFO - Setting next_dagrun for dataset_alias_example_alias_producer_with_no_taskflow to None, run_after=None
[2024-08-30T05:52:50.445+0000] {logging_mixin.py:190} INFO - [2024-08-30T05:52:50.445+0000] {dag.py:4138} INFO - Setting next_dagrun for dataset_s3_bucket_consumer_with_no_taskflow to None, run_after=None
[2024-08-30T05:52:50.447+0000] {logging_mixin.py:190} INFO - [2024-08-30T05:52:50.446+0000] {dag.py:4138} INFO - Setting next_dagrun for dataset_s3_bucket_producer_with_no_taskflow to None, run_after=None
[2024-08-30T05:52:50.469+0000] {processor.py:208} INFO - Processing /home/airflow/.local/lib/python3.12/site-packages/airflow/example_dags/example_dataset_alias_with_no_taskflow.py took 0.284 seconds
[2024-08-30T05:53:21.266+0000] {processor.py:186} INFO - Started process (PID=655) to work on /home/airflow/.local/lib/python3.12/site-packages/airflow/example_dags/example_dataset_alias_with_no_taskflow.py
[2024-08-30T05:53:21.267+0000] {processor.py:914} INFO - Processing file /home/airflow/.local/lib/python3.12/site-packages/airflow/example_dags/example_dataset_alias_with_no_taskflow.py for tasks to queue
[2024-08-30T05:53:21.270+0000] {logging_mixin.py:190} INFO - [2024-08-30T05:53:21.270+0000] {dagbag.py:587} INFO - Filling up the DagBag from /home/airflow/.local/lib/python3.12/site-packages/airflow/example_dags/example_dataset_alias_with_no_taskflow.py
[2024-08-30T05:53:21.467+0000] {processor.py:925} INFO - DAG(s) 'dataset_alias_example_alias_consumer_with_no_taskflow', 'dataset_s3_bucket_producer_with_no_taskflow', 'dataset_s3_bucket_consumer_with_no_taskflow', 'dataset_alias_example_alias_producer_with_no_taskflow' retrieved from /home/airflow/.local/lib/python3.12/site-packages/airflow/example_dags/example_dataset_alias_with_no_taskflow.py
[2024-08-30T05:53:21.493+0000] {logging_mixin.py:190} INFO - [2024-08-30T05:53:21.493+0000] {dag.py:3211} INFO - Sync 4 DAGs
[2024-08-30T05:53:21.522+0000] {logging_mixin.py:190} INFO - [2024-08-30T05:53:21.522+0000] {dag.py:4138} INFO - Setting next_dagrun for dataset_alias_example_alias_consumer_with_no_taskflow to None, run_after=None
[2024-08-30T05:53:21.526+0000] {logging_mixin.py:190} INFO - [2024-08-30T05:53:21.525+0000] {dag.py:4138} INFO - Setting next_dagrun for dataset_alias_example_alias_producer_with_no_taskflow to None, run_after=None
[2024-08-30T05:53:21.528+0000] {logging_mixin.py:190} INFO - [2024-08-30T05:53:21.527+0000] {dag.py:4138} INFO - Setting next_dagrun for dataset_s3_bucket_consumer_with_no_taskflow to None, run_after=None
[2024-08-30T05:53:21.530+0000] {logging_mixin.py:190} INFO - [2024-08-30T05:53:21.529+0000] {dag.py:4138} INFO - Setting next_dagrun for dataset_s3_bucket_producer_with_no_taskflow to None, run_after=None
[2024-08-30T05:53:21.554+0000] {processor.py:208} INFO - Processing /home/airflow/.local/lib/python3.12/site-packages/airflow/example_dags/example_dataset_alias_with_no_taskflow.py took 0.294 seconds
[2024-08-30T05:53:51.676+0000] {processor.py:186} INFO - Started process (PID=718) to work on /home/airflow/.local/lib/python3.12/site-packages/airflow/example_dags/example_dataset_alias_with_no_taskflow.py
[2024-08-30T05:53:51.677+0000] {processor.py:914} INFO - Processing file /home/airflow/.local/lib/python3.12/site-packages/airflow/example_dags/example_dataset_alias_with_no_taskflow.py for tasks to queue
[2024-08-30T05:53:51.680+0000] {logging_mixin.py:190} INFO - [2024-08-30T05:53:51.680+0000] {dagbag.py:587} INFO - Filling up the DagBag from /home/airflow/.local/lib/python3.12/site-packages/airflow/example_dags/example_dataset_alias_with_no_taskflow.py
[2024-08-30T05:53:51.845+0000] {processor.py:925} INFO - DAG(s) 'dataset_alias_example_alias_consumer_with_no_taskflow', 'dataset_alias_example_alias_producer_with_no_taskflow', 'dataset_s3_bucket_consumer_with_no_taskflow', 'dataset_s3_bucket_producer_with_no_taskflow' retrieved from /home/airflow/.local/lib/python3.12/site-packages/airflow/example_dags/example_dataset_alias_with_no_taskflow.py
[2024-08-30T05:53:51.866+0000] {logging_mixin.py:190} INFO - [2024-08-30T05:53:51.866+0000] {dag.py:3211} INFO - Sync 4 DAGs
[2024-08-30T05:53:51.892+0000] {logging_mixin.py:190} INFO - [2024-08-30T05:53:51.892+0000] {dag.py:4138} INFO - Setting next_dagrun for dataset_alias_example_alias_consumer_with_no_taskflow to None, run_after=None
[2024-08-30T05:53:51.895+0000] {logging_mixin.py:190} INFO - [2024-08-30T05:53:51.895+0000] {dag.py:4138} INFO - Setting next_dagrun for dataset_alias_example_alias_producer_with_no_taskflow to None, run_after=None
[2024-08-30T05:53:51.897+0000] {logging_mixin.py:190} INFO - [2024-08-30T05:53:51.897+0000] {dag.py:4138} INFO - Setting next_dagrun for dataset_s3_bucket_consumer_with_no_taskflow to None, run_after=None
[2024-08-30T05:53:51.899+0000] {logging_mixin.py:190} INFO - [2024-08-30T05:53:51.899+0000] {dag.py:4138} INFO - Setting next_dagrun for dataset_s3_bucket_producer_with_no_taskflow to None, run_after=None
[2024-08-30T05:53:51.924+0000] {processor.py:208} INFO - Processing /home/airflow/.local/lib/python3.12/site-packages/airflow/example_dags/example_dataset_alias_with_no_taskflow.py took 0.254 seconds
[2024-08-30T05:54:22.100+0000] {processor.py:186} INFO - Started process (PID=782) to work on /home/airflow/.local/lib/python3.12/site-packages/airflow/example_dags/example_dataset_alias_with_no_taskflow.py
[2024-08-30T05:54:22.101+0000] {processor.py:914} INFO - Processing file /home/airflow/.local/lib/python3.12/site-packages/airflow/example_dags/example_dataset_alias_with_no_taskflow.py for tasks to queue
[2024-08-30T05:54:22.104+0000] {logging_mixin.py:190} INFO - [2024-08-30T05:54:22.104+0000] {dagbag.py:587} INFO - Filling up the DagBag from /home/airflow/.local/lib/python3.12/site-packages/airflow/example_dags/example_dataset_alias_with_no_taskflow.py
[2024-08-30T05:54:22.255+0000] {processor.py:925} INFO - DAG(s) 'dataset_alias_example_alias_producer_with_no_taskflow', 'dataset_s3_bucket_consumer_with_no_taskflow', 'dataset_s3_bucket_producer_with_no_taskflow', 'dataset_alias_example_alias_consumer_with_no_taskflow' retrieved from /home/airflow/.local/lib/python3.12/site-packages/airflow/example_dags/example_dataset_alias_with_no_taskflow.py
[2024-08-30T05:54:22.281+0000] {logging_mixin.py:190} INFO - [2024-08-30T05:54:22.281+0000] {dag.py:3211} INFO - Sync 4 DAGs
[2024-08-30T05:54:22.304+0000] {logging_mixin.py:190} INFO - [2024-08-30T05:54:22.303+0000] {dag.py:4138} INFO - Setting next_dagrun for dataset_alias_example_alias_consumer_with_no_taskflow to None, run_after=None
[2024-08-30T05:54:22.307+0000] {logging_mixin.py:190} INFO - [2024-08-30T05:54:22.306+0000] {dag.py:4138} INFO - Setting next_dagrun for dataset_alias_example_alias_producer_with_no_taskflow to None, run_after=None
[2024-08-30T05:54:22.308+0000] {logging_mixin.py:190} INFO - [2024-08-30T05:54:22.308+0000] {dag.py:4138} INFO - Setting next_dagrun for dataset_s3_bucket_consumer_with_no_taskflow to None, run_after=None
[2024-08-30T05:54:22.310+0000] {logging_mixin.py:190} INFO - [2024-08-30T05:54:22.309+0000] {dag.py:4138} INFO - Setting next_dagrun for dataset_s3_bucket_producer_with_no_taskflow to None, run_after=None
[2024-08-30T05:54:22.331+0000] {processor.py:208} INFO - Processing /home/airflow/.local/lib/python3.12/site-packages/airflow/example_dags/example_dataset_alias_with_no_taskflow.py took 0.239 seconds
[2024-08-30T05:54:52.395+0000] {processor.py:186} INFO - Started process (PID=842) to work on /home/airflow/.local/lib/python3.12/site-packages/airflow/example_dags/example_dataset_alias_with_no_taskflow.py
[2024-08-30T05:54:52.396+0000] {processor.py:914} INFO - Processing file /home/airflow/.local/lib/python3.12/site-packages/airflow/example_dags/example_dataset_alias_with_no_taskflow.py for tasks to queue
[2024-08-30T05:54:52.399+0000] {logging_mixin.py:190} INFO - [2024-08-30T05:54:52.399+0000] {dagbag.py:587} INFO - Filling up the DagBag from /home/airflow/.local/lib/python3.12/site-packages/airflow/example_dags/example_dataset_alias_with_no_taskflow.py
[2024-08-30T05:54:52.560+0000] {processor.py:925} INFO - DAG(s) 'dataset_s3_bucket_consumer_with_no_taskflow', 'dataset_alias_example_alias_producer_with_no_taskflow', 'dataset_alias_example_alias_consumer_with_no_taskflow', 'dataset_s3_bucket_producer_with_no_taskflow' retrieved from /home/airflow/.local/lib/python3.12/site-packages/airflow/example_dags/example_dataset_alias_with_no_taskflow.py
[2024-08-30T05:54:52.588+0000] {logging_mixin.py:190} INFO - [2024-08-30T05:54:52.587+0000] {dag.py:3211} INFO - Sync 4 DAGs
[2024-08-30T05:54:52.616+0000] {logging_mixin.py:190} INFO - [2024-08-30T05:54:52.616+0000] {dag.py:4138} INFO - Setting next_dagrun for dataset_alias_example_alias_consumer_with_no_taskflow to None, run_after=None
[2024-08-30T05:54:52.620+0000] {logging_mixin.py:190} INFO - [2024-08-30T05:54:52.620+0000] {dag.py:4138} INFO - Setting next_dagrun for dataset_alias_example_alias_producer_with_no_taskflow to None, run_after=None
[2024-08-30T05:54:52.622+0000] {logging_mixin.py:190} INFO - [2024-08-30T05:54:52.621+0000] {dag.py:4138} INFO - Setting next_dagrun for dataset_s3_bucket_consumer_with_no_taskflow to None, run_after=None
[2024-08-30T05:54:52.624+0000] {logging_mixin.py:190} INFO - [2024-08-30T05:54:52.624+0000] {dag.py:4138} INFO - Setting next_dagrun for dataset_s3_bucket_producer_with_no_taskflow to None, run_after=None
[2024-08-30T05:54:52.656+0000] {processor.py:208} INFO - Processing /home/airflow/.local/lib/python3.12/site-packages/airflow/example_dags/example_dataset_alias_with_no_taskflow.py took 0.267 seconds
[2024-08-30T05:55:22.756+0000] {processor.py:186} INFO - Started process (PID=904) to work on /home/airflow/.local/lib/python3.12/site-packages/airflow/example_dags/example_dataset_alias_with_no_taskflow.py
[2024-08-30T05:55:22.757+0000] {processor.py:914} INFO - Processing file /home/airflow/.local/lib/python3.12/site-packages/airflow/example_dags/example_dataset_alias_with_no_taskflow.py for tasks to queue
[2024-08-30T05:55:22.761+0000] {logging_mixin.py:190} INFO - [2024-08-30T05:55:22.761+0000] {dagbag.py:587} INFO - Filling up the DagBag from /home/airflow/.local/lib/python3.12/site-packages/airflow/example_dags/example_dataset_alias_with_no_taskflow.py
[2024-08-30T05:55:22.934+0000] {processor.py:925} INFO - DAG(s) 'dataset_alias_example_alias_producer_with_no_taskflow', 'dataset_s3_bucket_producer_with_no_taskflow', 'dataset_s3_bucket_consumer_with_no_taskflow', 'dataset_alias_example_alias_consumer_with_no_taskflow' retrieved from /home/airflow/.local/lib/python3.12/site-packages/airflow/example_dags/example_dataset_alias_with_no_taskflow.py
[2024-08-30T05:55:22.958+0000] {logging_mixin.py:190} INFO - [2024-08-30T05:55:22.957+0000] {dag.py:3211} INFO - Sync 4 DAGs
[2024-08-30T05:55:22.984+0000] {logging_mixin.py:190} INFO - [2024-08-30T05:55:22.984+0000] {dag.py:4138} INFO - Setting next_dagrun for dataset_alias_example_alias_consumer_with_no_taskflow to None, run_after=None
[2024-08-30T05:55:22.987+0000] {logging_mixin.py:190} INFO - [2024-08-30T05:55:22.987+0000] {dag.py:4138} INFO - Setting next_dagrun for dataset_alias_example_alias_producer_with_no_taskflow to None, run_after=None
[2024-08-30T05:55:22.989+0000] {logging_mixin.py:190} INFO - [2024-08-30T05:55:22.989+0000] {dag.py:4138} INFO - Setting next_dagrun for dataset_s3_bucket_consumer_with_no_taskflow to None, run_after=None
[2024-08-30T05:55:22.991+0000] {logging_mixin.py:190} INFO - [2024-08-30T05:55:22.990+0000] {dag.py:4138} INFO - Setting next_dagrun for dataset_s3_bucket_producer_with_no_taskflow to None, run_after=None
[2024-08-30T05:55:23.017+0000] {processor.py:208} INFO - Processing /home/airflow/.local/lib/python3.12/site-packages/airflow/example_dags/example_dataset_alias_with_no_taskflow.py took 0.267 seconds
[2024-08-30T05:56:00.369+0000] {processor.py:186} INFO - Started process (PID=965) to work on /home/airflow/.local/lib/python3.12/site-packages/airflow/example_dags/example_dataset_alias_with_no_taskflow.py
[2024-08-30T05:56:00.370+0000] {processor.py:914} INFO - Processing file /home/airflow/.local/lib/python3.12/site-packages/airflow/example_dags/example_dataset_alias_with_no_taskflow.py for tasks to queue
[2024-08-30T05:56:00.373+0000] {logging_mixin.py:190} INFO - [2024-08-30T05:56:00.372+0000] {dagbag.py:587} INFO - Filling up the DagBag from /home/airflow/.local/lib/python3.12/site-packages/airflow/example_dags/example_dataset_alias_with_no_taskflow.py
[2024-08-30T05:56:00.641+0000] {processor.py:925} INFO - DAG(s) 'dataset_alias_example_alias_producer_with_no_taskflow', 'dataset_s3_bucket_consumer_with_no_taskflow', 'dataset_alias_example_alias_consumer_with_no_taskflow', 'dataset_s3_bucket_producer_with_no_taskflow' retrieved from /home/airflow/.local/lib/python3.12/site-packages/airflow/example_dags/example_dataset_alias_with_no_taskflow.py
[2024-08-30T05:56:00.667+0000] {logging_mixin.py:190} INFO - [2024-08-30T05:56:00.666+0000] {dag.py:3211} INFO - Sync 4 DAGs
[2024-08-30T05:56:00.692+0000] {logging_mixin.py:190} INFO - [2024-08-30T05:56:00.692+0000] {dag.py:4138} INFO - Setting next_dagrun for dataset_alias_example_alias_consumer_with_no_taskflow to None, run_after=None
[2024-08-30T05:56:00.695+0000] {logging_mixin.py:190} INFO - [2024-08-30T05:56:00.695+0000] {dag.py:4138} INFO - Setting next_dagrun for dataset_alias_example_alias_producer_with_no_taskflow to None, run_after=None
[2024-08-30T05:56:00.697+0000] {logging_mixin.py:190} INFO - [2024-08-30T05:56:00.697+0000] {dag.py:4138} INFO - Setting next_dagrun for dataset_s3_bucket_consumer_with_no_taskflow to None, run_after=None
[2024-08-30T05:56:00.699+0000] {logging_mixin.py:190} INFO - [2024-08-30T05:56:00.698+0000] {dag.py:4138} INFO - Setting next_dagrun for dataset_s3_bucket_producer_with_no_taskflow to None, run_after=None
[2024-08-30T05:56:00.722+0000] {processor.py:208} INFO - Processing /home/airflow/.local/lib/python3.12/site-packages/airflow/example_dags/example_dataset_alias_with_no_taskflow.py took 0.362 seconds
[2024-08-30T05:56:31.294+0000] {processor.py:186} INFO - Started process (PID=1027) to work on /home/airflow/.local/lib/python3.12/site-packages/airflow/example_dags/example_dataset_alias_with_no_taskflow.py
[2024-08-30T05:56:31.296+0000] {processor.py:914} INFO - Processing file /home/airflow/.local/lib/python3.12/site-packages/airflow/example_dags/example_dataset_alias_with_no_taskflow.py for tasks to queue
[2024-08-30T05:56:31.299+0000] {logging_mixin.py:190} INFO - [2024-08-30T05:56:31.298+0000] {dagbag.py:587} INFO - Filling up the DagBag from /home/airflow/.local/lib/python3.12/site-packages/airflow/example_dags/example_dataset_alias_with_no_taskflow.py
[2024-08-30T05:56:31.463+0000] {processor.py:925} INFO - DAG(s) 'dataset_alias_example_alias_consumer_with_no_taskflow', 'dataset_s3_bucket_producer_with_no_taskflow', 'dataset_alias_example_alias_producer_with_no_taskflow', 'dataset_s3_bucket_consumer_with_no_taskflow' retrieved from /home/airflow/.local/lib/python3.12/site-packages/airflow/example_dags/example_dataset_alias_with_no_taskflow.py
[2024-08-30T05:56:31.492+0000] {logging_mixin.py:190} INFO - [2024-08-30T05:56:31.492+0000] {dag.py:3211} INFO - Sync 4 DAGs
[2024-08-30T05:56:31.523+0000] {logging_mixin.py:190} INFO - [2024-08-30T05:56:31.522+0000] {dag.py:4138} INFO - Setting next_dagrun for dataset_alias_example_alias_consumer_with_no_taskflow to None, run_after=None
[2024-08-30T05:56:31.526+0000] {logging_mixin.py:190} INFO - [2024-08-30T05:56:31.526+0000] {dag.py:4138} INFO - Setting next_dagrun for dataset_alias_example_alias_producer_with_no_taskflow to None, run_after=None
[2024-08-30T05:56:31.529+0000] {logging_mixin.py:190} INFO - [2024-08-30T05:56:31.529+0000] {dag.py:4138} INFO - Setting next_dagrun for dataset_s3_bucket_consumer_with_no_taskflow to None, run_after=None
[2024-08-30T05:56:31.532+0000] {logging_mixin.py:190} INFO - [2024-08-30T05:56:31.531+0000] {dag.py:4138} INFO - Setting next_dagrun for dataset_s3_bucket_producer_with_no_taskflow to None, run_after=None
[2024-08-30T05:56:31.569+0000] {processor.py:208} INFO - Processing /home/airflow/.local/lib/python3.12/site-packages/airflow/example_dags/example_dataset_alias_with_no_taskflow.py took 0.281 seconds
