[2024-08-30T05:48:11.568+0000] {processor.py:186} INFO - Started process (PID=79) to work on /home/airflow/.local/lib/python3.12/site-packages/airflow/example_dags/example_dag_decorator.py
[2024-08-30T05:48:11.570+0000] {processor.py:914} INFO - Processing file /home/airflow/.local/lib/python3.12/site-packages/airflow/example_dags/example_dag_decorator.py for tasks to queue
[2024-08-30T05:48:11.572+0000] {logging_mixin.py:190} INFO - [2024-08-30T05:48:11.572+0000] {dagbag.py:587} INFO - Filling up the DagBag from /home/airflow/.local/lib/python3.12/site-packages/airflow/example_dags/example_dag_decorator.py
[2024-08-30T05:48:11.585+0000] {processor.py:925} INFO - DAG(s) 'example_dag_decorator' retrieved from /home/airflow/.local/lib/python3.12/site-packages/airflow/example_dags/example_dag_decorator.py
[2024-08-30T05:48:11.699+0000] {logging_mixin.py:190} INFO - [2024-08-30T05:48:11.698+0000] {override.py:1858} INFO - Created Permission View: can delete on DAG:example_dag_decorator
[2024-08-30T05:48:11.710+0000] {logging_mixin.py:190} INFO - [2024-08-30T05:48:11.709+0000] {override.py:1858} INFO - Created Permission View: can edit on DAG:example_dag_decorator
[2024-08-30T05:48:11.717+0000] {logging_mixin.py:190} INFO - [2024-08-30T05:48:11.716+0000] {override.py:1858} INFO - Created Permission View: can read on DAG:example_dag_decorator
[2024-08-30T05:48:11.718+0000] {logging_mixin.py:190} INFO - [2024-08-30T05:48:11.717+0000] {dag.py:3211} INFO - Sync 1 DAGs
[2024-08-30T05:48:11.734+0000] {logging_mixin.py:190} INFO - [2024-08-30T05:48:11.734+0000] {dag.py:3234} INFO - Creating ORM DAG for example_dag_decorator
[2024-08-30T05:48:11.735+0000] {logging_mixin.py:190} INFO - [2024-08-30T05:48:11.735+0000] {dag.py:4138} INFO - Setting next_dagrun for example_dag_decorator to None, run_after=None
[2024-08-30T05:48:11.751+0000] {processor.py:208} INFO - Processing /home/airflow/.local/lib/python3.12/site-packages/airflow/example_dags/example_dag_decorator.py took 0.190 seconds
[2024-08-30T05:48:42.284+0000] {processor.py:186} INFO - Started process (PID=141) to work on /home/airflow/.local/lib/python3.12/site-packages/airflow/example_dags/example_dag_decorator.py
[2024-08-30T05:48:42.286+0000] {processor.py:914} INFO - Processing file /home/airflow/.local/lib/python3.12/site-packages/airflow/example_dags/example_dag_decorator.py for tasks to queue
[2024-08-30T05:48:42.289+0000] {logging_mixin.py:190} INFO - [2024-08-30T05:48:42.289+0000] {dagbag.py:587} INFO - Filling up the DagBag from /home/airflow/.local/lib/python3.12/site-packages/airflow/example_dags/example_dag_decorator.py
[2024-08-30T05:48:42.308+0000] {processor.py:925} INFO - DAG(s) 'example_dag_decorator' retrieved from /home/airflow/.local/lib/python3.12/site-packages/airflow/example_dags/example_dag_decorator.py
[2024-08-30T05:48:42.532+0000] {logging_mixin.py:190} INFO - [2024-08-30T05:48:42.532+0000] {dag.py:3211} INFO - Sync 1 DAGs
[2024-08-30T05:48:42.555+0000] {logging_mixin.py:190} INFO - [2024-08-30T05:48:42.555+0000] {dag.py:4138} INFO - Setting next_dagrun for example_dag_decorator to None, run_after=None
[2024-08-30T05:48:42.582+0000] {processor.py:208} INFO - Processing /home/airflow/.local/lib/python3.12/site-packages/airflow/example_dags/example_dag_decorator.py took 0.308 seconds
[2024-08-30T05:49:32.864+0000] {processor.py:186} INFO - Started process (PID=210) to work on /home/airflow/.local/lib/python3.12/site-packages/airflow/example_dags/example_dag_decorator.py
[2024-08-30T05:49:32.867+0000] {processor.py:914} INFO - Processing file /home/airflow/.local/lib/python3.12/site-packages/airflow/example_dags/example_dag_decorator.py for tasks to queue
[2024-08-30T05:49:32.871+0000] {logging_mixin.py:190} INFO - [2024-08-30T05:49:32.870+0000] {dagbag.py:587} INFO - Filling up the DagBag from /home/airflow/.local/lib/python3.12/site-packages/airflow/example_dags/example_dag_decorator.py
[2024-08-30T05:49:32.895+0000] {processor.py:925} INFO - DAG(s) 'example_dag_decorator' retrieved from /home/airflow/.local/lib/python3.12/site-packages/airflow/example_dags/example_dag_decorator.py
[2024-08-30T05:49:33.427+0000] {logging_mixin.py:190} INFO - [2024-08-30T05:49:33.427+0000] {dag.py:3211} INFO - Sync 1 DAGs
[2024-08-30T05:49:33.448+0000] {logging_mixin.py:190} INFO - [2024-08-30T05:49:33.447+0000] {dag.py:4138} INFO - Setting next_dagrun for example_dag_decorator to None, run_after=None
[2024-08-30T05:49:33.521+0000] {processor.py:208} INFO - Processing /home/airflow/.local/lib/python3.12/site-packages/airflow/example_dags/example_dag_decorator.py took 0.666 seconds
[2024-08-30T05:50:04.210+0000] {processor.py:186} INFO - Started process (PID=272) to work on /home/airflow/.local/lib/python3.12/site-packages/airflow/example_dags/example_dag_decorator.py
[2024-08-30T05:50:04.237+0000] {processor.py:914} INFO - Processing file /home/airflow/.local/lib/python3.12/site-packages/airflow/example_dags/example_dag_decorator.py for tasks to queue
[2024-08-30T05:50:04.242+0000] {logging_mixin.py:190} INFO - [2024-08-30T05:50:04.241+0000] {dagbag.py:587} INFO - Filling up the DagBag from /home/airflow/.local/lib/python3.12/site-packages/airflow/example_dags/example_dag_decorator.py
[2024-08-30T05:50:04.271+0000] {processor.py:925} INFO - DAG(s) 'example_dag_decorator' retrieved from /home/airflow/.local/lib/python3.12/site-packages/airflow/example_dags/example_dag_decorator.py
[2024-08-30T05:50:04.551+0000] {logging_mixin.py:190} INFO - [2024-08-30T05:50:04.550+0000] {dag.py:3211} INFO - Sync 1 DAGs
[2024-08-30T05:50:04.584+0000] {logging_mixin.py:190} INFO - [2024-08-30T05:50:04.584+0000] {dag.py:4138} INFO - Setting next_dagrun for example_dag_decorator to None, run_after=None
[2024-08-30T05:50:04.627+0000] {processor.py:208} INFO - Processing /home/airflow/.local/lib/python3.12/site-packages/airflow/example_dags/example_dag_decorator.py took 0.435 seconds
[2024-08-30T05:50:34.912+0000] {processor.py:186} INFO - Started process (PID=334) to work on /home/airflow/.local/lib/python3.12/site-packages/airflow/example_dags/example_dag_decorator.py
[2024-08-30T05:50:34.913+0000] {processor.py:914} INFO - Processing file /home/airflow/.local/lib/python3.12/site-packages/airflow/example_dags/example_dag_decorator.py for tasks to queue
[2024-08-30T05:50:34.917+0000] {logging_mixin.py:190} INFO - [2024-08-30T05:50:34.916+0000] {dagbag.py:587} INFO - Filling up the DagBag from /home/airflow/.local/lib/python3.12/site-packages/airflow/example_dags/example_dag_decorator.py
[2024-08-30T05:50:34.943+0000] {processor.py:925} INFO - DAG(s) 'example_dag_decorator' retrieved from /home/airflow/.local/lib/python3.12/site-packages/airflow/example_dags/example_dag_decorator.py
[2024-08-30T05:50:35.342+0000] {logging_mixin.py:190} INFO - [2024-08-30T05:50:35.341+0000] {dag.py:3211} INFO - Sync 1 DAGs
[2024-08-30T05:50:35.364+0000] {logging_mixin.py:190} INFO - [2024-08-30T05:50:35.364+0000] {dag.py:4138} INFO - Setting next_dagrun for example_dag_decorator to None, run_after=None
[2024-08-30T05:50:35.398+0000] {processor.py:208} INFO - Processing /home/airflow/.local/lib/python3.12/site-packages/airflow/example_dags/example_dag_decorator.py took 0.497 seconds
[2024-08-30T05:51:05.586+0000] {processor.py:186} INFO - Started process (PID=396) to work on /home/airflow/.local/lib/python3.12/site-packages/airflow/example_dags/example_dag_decorator.py
[2024-08-30T05:51:05.608+0000] {processor.py:914} INFO - Processing file /home/airflow/.local/lib/python3.12/site-packages/airflow/example_dags/example_dag_decorator.py for tasks to queue
[2024-08-30T05:51:05.611+0000] {logging_mixin.py:190} INFO - [2024-08-30T05:51:05.611+0000] {dagbag.py:587} INFO - Filling up the DagBag from /home/airflow/.local/lib/python3.12/site-packages/airflow/example_dags/example_dag_decorator.py
[2024-08-30T05:51:05.626+0000] {processor.py:925} INFO - DAG(s) 'example_dag_decorator' retrieved from /home/airflow/.local/lib/python3.12/site-packages/airflow/example_dags/example_dag_decorator.py
[2024-08-30T05:51:05.949+0000] {logging_mixin.py:190} INFO - [2024-08-30T05:51:05.949+0000] {dag.py:3211} INFO - Sync 1 DAGs
[2024-08-30T05:51:05.963+0000] {logging_mixin.py:190} INFO - [2024-08-30T05:51:05.962+0000] {dag.py:4138} INFO - Setting next_dagrun for example_dag_decorator to None, run_after=None
[2024-08-30T05:51:05.987+0000] {processor.py:208} INFO - Processing /home/airflow/.local/lib/python3.12/site-packages/airflow/example_dags/example_dag_decorator.py took 0.407 seconds
[2024-08-30T05:51:36.092+0000] {processor.py:186} INFO - Started process (PID=458) to work on /home/airflow/.local/lib/python3.12/site-packages/airflow/example_dags/example_dag_decorator.py
[2024-08-30T05:51:36.094+0000] {processor.py:914} INFO - Processing file /home/airflow/.local/lib/python3.12/site-packages/airflow/example_dags/example_dag_decorator.py for tasks to queue
[2024-08-30T05:51:36.097+0000] {logging_mixin.py:190} INFO - [2024-08-30T05:51:36.097+0000] {dagbag.py:587} INFO - Filling up the DagBag from /home/airflow/.local/lib/python3.12/site-packages/airflow/example_dags/example_dag_decorator.py
[2024-08-30T05:51:36.110+0000] {processor.py:925} INFO - DAG(s) 'example_dag_decorator' retrieved from /home/airflow/.local/lib/python3.12/site-packages/airflow/example_dags/example_dag_decorator.py
[2024-08-30T05:51:36.275+0000] {logging_mixin.py:190} INFO - [2024-08-30T05:51:36.275+0000] {dag.py:3211} INFO - Sync 1 DAGs
[2024-08-30T05:51:36.288+0000] {logging_mixin.py:190} INFO - [2024-08-30T05:51:36.288+0000] {dag.py:4138} INFO - Setting next_dagrun for example_dag_decorator to None, run_after=None
[2024-08-30T05:51:36.315+0000] {processor.py:208} INFO - Processing /home/airflow/.local/lib/python3.12/site-packages/airflow/example_dags/example_dag_decorator.py took 0.230 seconds
[2024-08-30T05:52:20.090+0000] {processor.py:186} INFO - Started process (PID=539) to work on /home/airflow/.local/lib/python3.12/site-packages/airflow/example_dags/example_dag_decorator.py
[2024-08-30T05:52:20.091+0000] {processor.py:914} INFO - Processing file /home/airflow/.local/lib/python3.12/site-packages/airflow/example_dags/example_dag_decorator.py for tasks to queue
[2024-08-30T05:52:20.094+0000] {logging_mixin.py:190} INFO - [2024-08-30T05:52:20.093+0000] {dagbag.py:587} INFO - Filling up the DagBag from /home/airflow/.local/lib/python3.12/site-packages/airflow/example_dags/example_dag_decorator.py
[2024-08-30T05:52:20.110+0000] {processor.py:925} INFO - DAG(s) 'example_dag_decorator' retrieved from /home/airflow/.local/lib/python3.12/site-packages/airflow/example_dags/example_dag_decorator.py
[2024-08-30T05:52:20.296+0000] {logging_mixin.py:190} INFO - [2024-08-30T05:52:20.296+0000] {dag.py:3211} INFO - Sync 1 DAGs
[2024-08-30T05:52:20.314+0000] {logging_mixin.py:190} INFO - [2024-08-30T05:52:20.314+0000] {dag.py:4138} INFO - Setting next_dagrun for example_dag_decorator to None, run_after=None
[2024-08-30T05:52:20.336+0000] {processor.py:208} INFO - Processing /home/airflow/.local/lib/python3.12/site-packages/airflow/example_dags/example_dag_decorator.py took 0.254 seconds
[2024-08-30T05:52:50.791+0000] {processor.py:186} INFO - Started process (PID=601) to work on /home/airflow/.local/lib/python3.12/site-packages/airflow/example_dags/example_dag_decorator.py
[2024-08-30T05:52:50.792+0000] {processor.py:914} INFO - Processing file /home/airflow/.local/lib/python3.12/site-packages/airflow/example_dags/example_dag_decorator.py for tasks to queue
[2024-08-30T05:52:50.795+0000] {logging_mixin.py:190} INFO - [2024-08-30T05:52:50.795+0000] {dagbag.py:587} INFO - Filling up the DagBag from /home/airflow/.local/lib/python3.12/site-packages/airflow/example_dags/example_dag_decorator.py
[2024-08-30T05:52:50.809+0000] {processor.py:925} INFO - DAG(s) 'example_dag_decorator' retrieved from /home/airflow/.local/lib/python3.12/site-packages/airflow/example_dags/example_dag_decorator.py
[2024-08-30T05:52:50.965+0000] {logging_mixin.py:190} INFO - [2024-08-30T05:52:50.965+0000] {dag.py:3211} INFO - Sync 1 DAGs
[2024-08-30T05:52:50.979+0000] {logging_mixin.py:190} INFO - [2024-08-30T05:52:50.978+0000] {dag.py:4138} INFO - Setting next_dagrun for example_dag_decorator to None, run_after=None
[2024-08-30T05:52:50.997+0000] {processor.py:208} INFO - Processing /home/airflow/.local/lib/python3.12/site-packages/airflow/example_dags/example_dag_decorator.py took 0.212 seconds
[2024-08-30T05:53:21.938+0000] {processor.py:186} INFO - Started process (PID=663) to work on /home/airflow/.local/lib/python3.12/site-packages/airflow/example_dags/example_dag_decorator.py
[2024-08-30T05:53:21.940+0000] {processor.py:914} INFO - Processing file /home/airflow/.local/lib/python3.12/site-packages/airflow/example_dags/example_dag_decorator.py for tasks to queue
[2024-08-30T05:53:21.943+0000] {logging_mixin.py:190} INFO - [2024-08-30T05:53:21.942+0000] {dagbag.py:587} INFO - Filling up the DagBag from /home/airflow/.local/lib/python3.12/site-packages/airflow/example_dags/example_dag_decorator.py
[2024-08-30T05:53:21.956+0000] {processor.py:925} INFO - DAG(s) 'example_dag_decorator' retrieved from /home/airflow/.local/lib/python3.12/site-packages/airflow/example_dags/example_dag_decorator.py
[2024-08-30T05:53:22.118+0000] {logging_mixin.py:190} INFO - [2024-08-30T05:53:22.118+0000] {dag.py:3211} INFO - Sync 1 DAGs
[2024-08-30T05:53:22.135+0000] {logging_mixin.py:190} INFO - [2024-08-30T05:53:22.135+0000] {dag.py:4138} INFO - Setting next_dagrun for example_dag_decorator to None, run_after=None
[2024-08-30T05:53:22.160+0000] {processor.py:208} INFO - Processing /home/airflow/.local/lib/python3.12/site-packages/airflow/example_dags/example_dag_decorator.py took 0.227 seconds
[2024-08-30T05:53:52.210+0000] {processor.py:186} INFO - Started process (PID=726) to work on /home/airflow/.local/lib/python3.12/site-packages/airflow/example_dags/example_dag_decorator.py
[2024-08-30T05:53:52.211+0000] {processor.py:914} INFO - Processing file /home/airflow/.local/lib/python3.12/site-packages/airflow/example_dags/example_dag_decorator.py for tasks to queue
[2024-08-30T05:53:52.214+0000] {logging_mixin.py:190} INFO - [2024-08-30T05:53:52.214+0000] {dagbag.py:587} INFO - Filling up the DagBag from /home/airflow/.local/lib/python3.12/site-packages/airflow/example_dags/example_dag_decorator.py
[2024-08-30T05:53:52.226+0000] {processor.py:925} INFO - DAG(s) 'example_dag_decorator' retrieved from /home/airflow/.local/lib/python3.12/site-packages/airflow/example_dags/example_dag_decorator.py
[2024-08-30T05:53:52.360+0000] {logging_mixin.py:190} INFO - [2024-08-30T05:53:52.359+0000] {dag.py:3211} INFO - Sync 1 DAGs
[2024-08-30T05:53:52.372+0000] {logging_mixin.py:190} INFO - [2024-08-30T05:53:52.372+0000] {dag.py:4138} INFO - Setting next_dagrun for example_dag_decorator to None, run_after=None
[2024-08-30T05:53:52.392+0000] {processor.py:208} INFO - Processing /home/airflow/.local/lib/python3.12/site-packages/airflow/example_dags/example_dag_decorator.py took 0.189 seconds
[2024-08-30T05:54:22.646+0000] {processor.py:186} INFO - Started process (PID=788) to work on /home/airflow/.local/lib/python3.12/site-packages/airflow/example_dags/example_dag_decorator.py
[2024-08-30T05:54:22.647+0000] {processor.py:914} INFO - Processing file /home/airflow/.local/lib/python3.12/site-packages/airflow/example_dags/example_dag_decorator.py for tasks to queue
[2024-08-30T05:54:22.649+0000] {logging_mixin.py:190} INFO - [2024-08-30T05:54:22.649+0000] {dagbag.py:587} INFO - Filling up the DagBag from /home/airflow/.local/lib/python3.12/site-packages/airflow/example_dags/example_dag_decorator.py
[2024-08-30T05:54:22.662+0000] {processor.py:925} INFO - DAG(s) 'example_dag_decorator' retrieved from /home/airflow/.local/lib/python3.12/site-packages/airflow/example_dags/example_dag_decorator.py
[2024-08-30T05:54:22.796+0000] {logging_mixin.py:190} INFO - [2024-08-30T05:54:22.795+0000] {dag.py:3211} INFO - Sync 1 DAGs
[2024-08-30T05:54:22.807+0000] {logging_mixin.py:190} INFO - [2024-08-30T05:54:22.807+0000] {dag.py:4138} INFO - Setting next_dagrun for example_dag_decorator to None, run_after=None
[2024-08-30T05:54:22.825+0000] {processor.py:208} INFO - Processing /home/airflow/.local/lib/python3.12/site-packages/airflow/example_dags/example_dag_decorator.py took 0.186 seconds
[2024-08-30T05:54:52.951+0000] {processor.py:186} INFO - Started process (PID=850) to work on /home/airflow/.local/lib/python3.12/site-packages/airflow/example_dags/example_dag_decorator.py
[2024-08-30T05:54:52.952+0000] {processor.py:914} INFO - Processing file /home/airflow/.local/lib/python3.12/site-packages/airflow/example_dags/example_dag_decorator.py for tasks to queue
[2024-08-30T05:54:52.955+0000] {logging_mixin.py:190} INFO - [2024-08-30T05:54:52.955+0000] {dagbag.py:587} INFO - Filling up the DagBag from /home/airflow/.local/lib/python3.12/site-packages/airflow/example_dags/example_dag_decorator.py
[2024-08-30T05:54:52.967+0000] {processor.py:925} INFO - DAG(s) 'example_dag_decorator' retrieved from /home/airflow/.local/lib/python3.12/site-packages/airflow/example_dags/example_dag_decorator.py
[2024-08-30T05:54:53.136+0000] {logging_mixin.py:190} INFO - [2024-08-30T05:54:53.135+0000] {dag.py:3211} INFO - Sync 1 DAGs
[2024-08-30T05:54:53.148+0000] {logging_mixin.py:190} INFO - [2024-08-30T05:54:53.148+0000] {dag.py:4138} INFO - Setting next_dagrun for example_dag_decorator to None, run_after=None
[2024-08-30T05:54:53.167+0000] {processor.py:208} INFO - Processing /home/airflow/.local/lib/python3.12/site-packages/airflow/example_dags/example_dag_decorator.py took 0.223 seconds
[2024-08-30T05:55:23.309+0000] {processor.py:186} INFO - Started process (PID=911) to work on /home/airflow/.local/lib/python3.12/site-packages/airflow/example_dags/example_dag_decorator.py
[2024-08-30T05:55:23.310+0000] {processor.py:914} INFO - Processing file /home/airflow/.local/lib/python3.12/site-packages/airflow/example_dags/example_dag_decorator.py for tasks to queue
[2024-08-30T05:55:23.313+0000] {logging_mixin.py:190} INFO - [2024-08-30T05:55:23.313+0000] {dagbag.py:587} INFO - Filling up the DagBag from /home/airflow/.local/lib/python3.12/site-packages/airflow/example_dags/example_dag_decorator.py
[2024-08-30T05:55:23.329+0000] {processor.py:925} INFO - DAG(s) 'example_dag_decorator' retrieved from /home/airflow/.local/lib/python3.12/site-packages/airflow/example_dags/example_dag_decorator.py
[2024-08-30T05:55:23.511+0000] {logging_mixin.py:190} INFO - [2024-08-30T05:55:23.510+0000] {dag.py:3211} INFO - Sync 1 DAGs
[2024-08-30T05:55:23.532+0000] {logging_mixin.py:190} INFO - [2024-08-30T05:55:23.532+0000] {dag.py:4138} INFO - Setting next_dagrun for example_dag_decorator to None, run_after=None
[2024-08-30T05:55:23.553+0000] {processor.py:208} INFO - Processing /home/airflow/.local/lib/python3.12/site-packages/airflow/example_dags/example_dag_decorator.py took 0.252 seconds
[2024-08-30T05:56:01.059+0000] {processor.py:186} INFO - Started process (PID=973) to work on /home/airflow/.local/lib/python3.12/site-packages/airflow/example_dags/example_dag_decorator.py
[2024-08-30T05:56:01.060+0000] {processor.py:914} INFO - Processing file /home/airflow/.local/lib/python3.12/site-packages/airflow/example_dags/example_dag_decorator.py for tasks to queue
[2024-08-30T05:56:01.062+0000] {logging_mixin.py:190} INFO - [2024-08-30T05:56:01.062+0000] {dagbag.py:587} INFO - Filling up the DagBag from /home/airflow/.local/lib/python3.12/site-packages/airflow/example_dags/example_dag_decorator.py
[2024-08-30T05:56:01.075+0000] {processor.py:925} INFO - DAG(s) 'example_dag_decorator' retrieved from /home/airflow/.local/lib/python3.12/site-packages/airflow/example_dags/example_dag_decorator.py
[2024-08-30T05:56:01.242+0000] {logging_mixin.py:190} INFO - [2024-08-30T05:56:01.241+0000] {dag.py:3211} INFO - Sync 1 DAGs
[2024-08-30T05:56:01.254+0000] {logging_mixin.py:190} INFO - [2024-08-30T05:56:01.254+0000] {dag.py:4138} INFO - Setting next_dagrun for example_dag_decorator to None, run_after=None
[2024-08-30T05:56:01.273+0000] {processor.py:208} INFO - Processing /home/airflow/.local/lib/python3.12/site-packages/airflow/example_dags/example_dag_decorator.py took 0.220 seconds
[2024-08-30T05:56:31.931+0000] {processor.py:186} INFO - Started process (PID=1035) to work on /home/airflow/.local/lib/python3.12/site-packages/airflow/example_dags/example_dag_decorator.py
[2024-08-30T05:56:31.932+0000] {processor.py:914} INFO - Processing file /home/airflow/.local/lib/python3.12/site-packages/airflow/example_dags/example_dag_decorator.py for tasks to queue
[2024-08-30T05:56:31.935+0000] {logging_mixin.py:190} INFO - [2024-08-30T05:56:31.934+0000] {dagbag.py:587} INFO - Filling up the DagBag from /home/airflow/.local/lib/python3.12/site-packages/airflow/example_dags/example_dag_decorator.py
[2024-08-30T05:56:31.948+0000] {processor.py:925} INFO - DAG(s) 'example_dag_decorator' retrieved from /home/airflow/.local/lib/python3.12/site-packages/airflow/example_dags/example_dag_decorator.py
[2024-08-30T05:56:32.113+0000] {logging_mixin.py:190} INFO - [2024-08-30T05:56:32.113+0000] {dag.py:3211} INFO - Sync 1 DAGs
[2024-08-30T05:56:32.127+0000] {logging_mixin.py:190} INFO - [2024-08-30T05:56:32.127+0000] {dag.py:4138} INFO - Setting next_dagrun for example_dag_decorator to None, run_after=None
[2024-08-30T05:56:32.148+0000] {processor.py:208} INFO - Processing /home/airflow/.local/lib/python3.12/site-packages/airflow/example_dags/example_dag_decorator.py took 0.224 seconds
