[2024-08-30T05:48:06.526+0000] {processor.py:186} INFO - Started process (PID=56) to work on /home/airflow/.local/lib/python3.12/site-packages/airflow/example_dags/example_sla_dag.py
[2024-08-30T05:48:06.527+0000] {processor.py:914} INFO - Processing file /home/airflow/.local/lib/python3.12/site-packages/airflow/example_dags/example_sla_dag.py for tasks to queue
[2024-08-30T05:48:06.532+0000] {logging_mixin.py:190} INFO - [2024-08-30T05:48:06.531+0000] {dagbag.py:587} INFO - Filling up the DagBag from /home/airflow/.local/lib/python3.12/site-packages/airflow/example_dags/example_sla_dag.py
[2024-08-30T05:48:06.549+0000] {processor.py:925} INFO - DAG(s) 'example_sla_dag' retrieved from /home/airflow/.local/lib/python3.12/site-packages/airflow/example_dags/example_sla_dag.py
[2024-08-30T05:48:06.793+0000] {logging_mixin.py:190} INFO - [2024-08-30T05:48:06.790+0000] {override.py:1858} INFO - Created Permission View: can delete on DAG:example_sla_dag
[2024-08-30T05:48:06.810+0000] {logging_mixin.py:190} INFO - [2024-08-30T05:48:06.809+0000] {override.py:1858} INFO - Created Permission View: can edit on DAG:example_sla_dag
[2024-08-30T05:48:06.820+0000] {logging_mixin.py:190} INFO - [2024-08-30T05:48:06.820+0000] {override.py:1858} INFO - Created Permission View: can read on DAG:example_sla_dag
[2024-08-30T05:48:06.821+0000] {logging_mixin.py:190} INFO - [2024-08-30T05:48:06.821+0000] {dag.py:3211} INFO - Sync 1 DAGs
[2024-08-30T05:48:06.850+0000] {logging_mixin.py:190} INFO - [2024-08-30T05:48:06.849+0000] {dag.py:3234} INFO - Creating ORM DAG for example_sla_dag
[2024-08-30T05:48:06.881+0000] {logging_mixin.py:190} INFO - [2024-08-30T05:48:06.881+0000] {dag.py:4138} INFO - Setting next_dagrun for example_sla_dag to 2024-08-30 05:46:00+00:00, run_after=2024-08-30 05:48:00+00:00
[2024-08-30T05:48:06.906+0000] {processor.py:208} INFO - Processing /home/airflow/.local/lib/python3.12/site-packages/airflow/example_dags/example_sla_dag.py took 0.389 seconds
[2024-08-30T05:48:37.152+0000] {processor.py:186} INFO - Started process (PID=118) to work on /home/airflow/.local/lib/python3.12/site-packages/airflow/example_dags/example_sla_dag.py
[2024-08-30T05:48:37.154+0000] {processor.py:914} INFO - Processing file /home/airflow/.local/lib/python3.12/site-packages/airflow/example_dags/example_sla_dag.py for tasks to queue
[2024-08-30T05:48:37.157+0000] {logging_mixin.py:190} INFO - [2024-08-30T05:48:37.157+0000] {dagbag.py:587} INFO - Filling up the DagBag from /home/airflow/.local/lib/python3.12/site-packages/airflow/example_dags/example_sla_dag.py
[2024-08-30T05:48:37.172+0000] {processor.py:925} INFO - DAG(s) 'example_sla_dag' retrieved from /home/airflow/.local/lib/python3.12/site-packages/airflow/example_dags/example_sla_dag.py
[2024-08-30T05:48:37.213+0000] {logging_mixin.py:190} INFO - [2024-08-30T05:48:37.213+0000] {dag.py:3211} INFO - Sync 1 DAGs
[2024-08-30T05:48:37.272+0000] {logging_mixin.py:190} INFO - [2024-08-30T05:48:37.272+0000] {dag.py:4138} INFO - Setting next_dagrun for example_sla_dag to 2024-08-30 05:46:00+00:00, run_after=2024-08-30 05:48:00+00:00
[2024-08-30T05:48:37.310+0000] {processor.py:208} INFO - Processing /home/airflow/.local/lib/python3.12/site-packages/airflow/example_dags/example_sla_dag.py took 0.168 seconds
[2024-08-30T05:49:10.749+0000] {processor.py:186} INFO - Started process (PID=181) to work on /home/airflow/.local/lib/python3.12/site-packages/airflow/example_dags/example_sla_dag.py
[2024-08-30T05:49:11.021+0000] {processor.py:914} INFO - Processing file /home/airflow/.local/lib/python3.12/site-packages/airflow/example_dags/example_sla_dag.py for tasks to queue
[2024-08-30T05:49:11.072+0000] {logging_mixin.py:190} INFO - [2024-08-30T05:49:11.070+0000] {dagbag.py:587} INFO - Filling up the DagBag from /home/airflow/.local/lib/python3.12/site-packages/airflow/example_dags/example_sla_dag.py
[2024-08-30T05:49:12.563+0000] {processor.py:925} INFO - DAG(s) 'example_sla_dag' retrieved from /home/airflow/.local/lib/python3.12/site-packages/airflow/example_dags/example_sla_dag.py
[2024-08-30T05:49:13.942+0000] {logging_mixin.py:190} INFO - [2024-08-30T05:49:13.928+0000] {dag.py:3211} INFO - Sync 1 DAGs
[2024-08-30T05:49:14.354+0000] {logging_mixin.py:190} INFO - [2024-08-30T05:49:14.353+0000] {dag.py:4138} INFO - Setting next_dagrun for example_sla_dag to 2024-08-30 05:46:00+00:00, run_after=2024-08-30 05:48:00+00:00
[2024-08-30T05:49:14.594+0000] {processor.py:208} INFO - Processing /home/airflow/.local/lib/python3.12/site-packages/airflow/example_dags/example_sla_dag.py took 3.875 seconds
[2024-08-30T05:49:45.696+0000] {processor.py:186} INFO - Started process (PID=243) to work on /home/airflow/.local/lib/python3.12/site-packages/airflow/example_dags/example_sla_dag.py
[2024-08-30T05:49:45.697+0000] {processor.py:914} INFO - Processing file /home/airflow/.local/lib/python3.12/site-packages/airflow/example_dags/example_sla_dag.py for tasks to queue
[2024-08-30T05:49:45.701+0000] {logging_mixin.py:190} INFO - [2024-08-30T05:49:45.701+0000] {dagbag.py:587} INFO - Filling up the DagBag from /home/airflow/.local/lib/python3.12/site-packages/airflow/example_dags/example_sla_dag.py
[2024-08-30T05:49:45.711+0000] {processor.py:925} INFO - DAG(s) 'example_sla_dag' retrieved from /home/airflow/.local/lib/python3.12/site-packages/airflow/example_dags/example_sla_dag.py
[2024-08-30T05:49:45.732+0000] {logging_mixin.py:190} INFO - [2024-08-30T05:49:45.732+0000] {dag.py:3211} INFO - Sync 1 DAGs
[2024-08-30T05:49:45.762+0000] {logging_mixin.py:190} INFO - [2024-08-30T05:49:45.762+0000] {dag.py:4138} INFO - Setting next_dagrun for example_sla_dag to 2024-08-30 05:46:00+00:00, run_after=2024-08-30 05:48:00+00:00
[2024-08-30T05:49:45.782+0000] {processor.py:208} INFO - Processing /home/airflow/.local/lib/python3.12/site-packages/airflow/example_dags/example_sla_dag.py took 0.093 seconds
[2024-08-30T05:50:16.468+0000] {processor.py:186} INFO - Started process (PID=305) to work on /home/airflow/.local/lib/python3.12/site-packages/airflow/example_dags/example_sla_dag.py
[2024-08-30T05:50:16.470+0000] {processor.py:914} INFO - Processing file /home/airflow/.local/lib/python3.12/site-packages/airflow/example_dags/example_sla_dag.py for tasks to queue
[2024-08-30T05:50:16.475+0000] {logging_mixin.py:190} INFO - [2024-08-30T05:50:16.474+0000] {dagbag.py:587} INFO - Filling up the DagBag from /home/airflow/.local/lib/python3.12/site-packages/airflow/example_dags/example_sla_dag.py
[2024-08-30T05:50:16.487+0000] {processor.py:925} INFO - DAG(s) 'example_sla_dag' retrieved from /home/airflow/.local/lib/python3.12/site-packages/airflow/example_dags/example_sla_dag.py
[2024-08-30T05:50:16.510+0000] {logging_mixin.py:190} INFO - [2024-08-30T05:50:16.510+0000] {dag.py:3211} INFO - Sync 1 DAGs
[2024-08-30T05:50:16.544+0000] {logging_mixin.py:190} INFO - [2024-08-30T05:50:16.544+0000] {dag.py:4138} INFO - Setting next_dagrun for example_sla_dag to 2024-08-30 05:48:00+00:00, run_after=2024-08-30 05:50:00+00:00
[2024-08-30T05:50:16.569+0000] {processor.py:208} INFO - Processing /home/airflow/.local/lib/python3.12/site-packages/airflow/example_dags/example_sla_dag.py took 0.110 seconds
[2024-08-30T05:50:47.604+0000] {processor.py:186} INFO - Started process (PID=367) to work on /home/airflow/.local/lib/python3.12/site-packages/airflow/example_dags/example_sla_dag.py
[2024-08-30T05:50:47.656+0000] {processor.py:914} INFO - Processing file /home/airflow/.local/lib/python3.12/site-packages/airflow/example_dags/example_sla_dag.py for tasks to queue
[2024-08-30T05:50:47.660+0000] {logging_mixin.py:190} INFO - [2024-08-30T05:50:47.660+0000] {dagbag.py:587} INFO - Filling up the DagBag from /home/airflow/.local/lib/python3.12/site-packages/airflow/example_dags/example_sla_dag.py
[2024-08-30T05:50:47.733+0000] {processor.py:925} INFO - DAG(s) 'example_sla_dag' retrieved from /home/airflow/.local/lib/python3.12/site-packages/airflow/example_dags/example_sla_dag.py
[2024-08-30T05:50:47.768+0000] {logging_mixin.py:190} INFO - [2024-08-30T05:50:47.767+0000] {dag.py:3211} INFO - Sync 1 DAGs
[2024-08-30T05:50:47.805+0000] {logging_mixin.py:190} INFO - [2024-08-30T05:50:47.805+0000] {dag.py:4138} INFO - Setting next_dagrun for example_sla_dag to 2024-08-30 05:48:00+00:00, run_after=2024-08-30 05:50:00+00:00
[2024-08-30T05:50:47.835+0000] {processor.py:208} INFO - Processing /home/airflow/.local/lib/python3.12/site-packages/airflow/example_dags/example_sla_dag.py took 0.237 seconds
[2024-08-30T05:51:18.229+0000] {processor.py:186} INFO - Started process (PID=429) to work on /home/airflow/.local/lib/python3.12/site-packages/airflow/example_dags/example_sla_dag.py
[2024-08-30T05:51:18.230+0000] {processor.py:914} INFO - Processing file /home/airflow/.local/lib/python3.12/site-packages/airflow/example_dags/example_sla_dag.py for tasks to queue
[2024-08-30T05:51:18.233+0000] {logging_mixin.py:190} INFO - [2024-08-30T05:51:18.232+0000] {dagbag.py:587} INFO - Filling up the DagBag from /home/airflow/.local/lib/python3.12/site-packages/airflow/example_dags/example_sla_dag.py
[2024-08-30T05:51:18.248+0000] {processor.py:925} INFO - DAG(s) 'example_sla_dag' retrieved from /home/airflow/.local/lib/python3.12/site-packages/airflow/example_dags/example_sla_dag.py
[2024-08-30T05:51:18.271+0000] {logging_mixin.py:190} INFO - [2024-08-30T05:51:18.270+0000] {dag.py:3211} INFO - Sync 1 DAGs
[2024-08-30T05:51:18.309+0000] {logging_mixin.py:190} INFO - [2024-08-30T05:51:18.309+0000] {dag.py:4138} INFO - Setting next_dagrun for example_sla_dag to 2024-08-30 05:48:00+00:00, run_after=2024-08-30 05:50:00+00:00
[2024-08-30T05:51:18.348+0000] {processor.py:208} INFO - Processing /home/airflow/.local/lib/python3.12/site-packages/airflow/example_dags/example_sla_dag.py took 0.126 seconds
[2024-08-30T05:51:48.486+0000] {processor.py:186} INFO - Started process (PID=491) to work on /home/airflow/.local/lib/python3.12/site-packages/airflow/example_dags/example_sla_dag.py
[2024-08-30T05:51:48.489+0000] {processor.py:914} INFO - Processing file /home/airflow/.local/lib/python3.12/site-packages/airflow/example_dags/example_sla_dag.py for tasks to queue
[2024-08-30T05:51:48.493+0000] {logging_mixin.py:190} INFO - [2024-08-30T05:51:48.493+0000] {dagbag.py:587} INFO - Filling up the DagBag from /home/airflow/.local/lib/python3.12/site-packages/airflow/example_dags/example_sla_dag.py
[2024-08-30T05:51:48.519+0000] {processor.py:925} INFO - DAG(s) 'example_sla_dag' retrieved from /home/airflow/.local/lib/python3.12/site-packages/airflow/example_dags/example_sla_dag.py
[2024-08-30T05:51:49.481+0000] {logging_mixin.py:190} INFO - [2024-08-30T05:51:49.461+0000] {dag.py:3211} INFO - Sync 1 DAGs
[2024-08-30T05:51:50.026+0000] {logging_mixin.py:190} INFO - [2024-08-30T05:51:50.024+0000] {dag.py:4138} INFO - Setting next_dagrun for example_sla_dag to 2024-08-30 05:48:00+00:00, run_after=2024-08-30 05:50:00+00:00
[2024-08-30T05:52:14.024+0000] {processor.py:208} INFO - Processing /home/airflow/.local/lib/python3.12/site-packages/airflow/example_dags/example_sla_dag.py took 25.547 seconds
[2024-08-30T05:52:44.170+0000] {processor.py:186} INFO - Started process (PID=553) to work on /home/airflow/.local/lib/python3.12/site-packages/airflow/example_dags/example_sla_dag.py
[2024-08-30T05:52:44.172+0000] {processor.py:914} INFO - Processing file /home/airflow/.local/lib/python3.12/site-packages/airflow/example_dags/example_sla_dag.py for tasks to queue
[2024-08-30T05:52:44.175+0000] {logging_mixin.py:190} INFO - [2024-08-30T05:52:44.175+0000] {dagbag.py:587} INFO - Filling up the DagBag from /home/airflow/.local/lib/python3.12/site-packages/airflow/example_dags/example_sla_dag.py
[2024-08-30T05:52:44.196+0000] {processor.py:925} INFO - DAG(s) 'example_sla_dag' retrieved from /home/airflow/.local/lib/python3.12/site-packages/airflow/example_dags/example_sla_dag.py
[2024-08-30T05:52:44.215+0000] {logging_mixin.py:190} INFO - [2024-08-30T05:52:44.215+0000] {dag.py:3211} INFO - Sync 1 DAGs
[2024-08-30T05:52:44.240+0000] {logging_mixin.py:190} INFO - [2024-08-30T05:52:44.240+0000] {dag.py:4138} INFO - Setting next_dagrun for example_sla_dag to 2024-08-30 05:50:00+00:00, run_after=2024-08-30 05:52:00+00:00
[2024-08-30T05:52:44.260+0000] {processor.py:208} INFO - Processing /home/airflow/.local/lib/python3.12/site-packages/airflow/example_dags/example_sla_dag.py took 0.096 seconds
[2024-08-30T05:53:14.824+0000] {processor.py:186} INFO - Started process (PID=615) to work on /home/airflow/.local/lib/python3.12/site-packages/airflow/example_dags/example_sla_dag.py
[2024-08-30T05:53:14.826+0000] {processor.py:914} INFO - Processing file /home/airflow/.local/lib/python3.12/site-packages/airflow/example_dags/example_sla_dag.py for tasks to queue
[2024-08-30T05:53:14.828+0000] {logging_mixin.py:190} INFO - [2024-08-30T05:53:14.828+0000] {dagbag.py:587} INFO - Filling up the DagBag from /home/airflow/.local/lib/python3.12/site-packages/airflow/example_dags/example_sla_dag.py
[2024-08-30T05:53:14.839+0000] {processor.py:925} INFO - DAG(s) 'example_sla_dag' retrieved from /home/airflow/.local/lib/python3.12/site-packages/airflow/example_dags/example_sla_dag.py
[2024-08-30T05:53:14.860+0000] {logging_mixin.py:190} INFO - [2024-08-30T05:53:14.860+0000] {dag.py:3211} INFO - Sync 1 DAGs
[2024-08-30T05:53:14.886+0000] {logging_mixin.py:190} INFO - [2024-08-30T05:53:14.885+0000] {dag.py:4138} INFO - Setting next_dagrun for example_sla_dag to 2024-08-30 05:50:00+00:00, run_after=2024-08-30 05:52:00+00:00
[2024-08-30T05:53:14.903+0000] {processor.py:208} INFO - Processing /home/airflow/.local/lib/python3.12/site-packages/airflow/example_dags/example_sla_dag.py took 0.086 seconds
[2024-08-30T05:53:44.976+0000] {processor.py:186} INFO - Started process (PID=677) to work on /home/airflow/.local/lib/python3.12/site-packages/airflow/example_dags/example_sla_dag.py
[2024-08-30T05:53:44.977+0000] {processor.py:914} INFO - Processing file /home/airflow/.local/lib/python3.12/site-packages/airflow/example_dags/example_sla_dag.py for tasks to queue
[2024-08-30T05:53:44.980+0000] {logging_mixin.py:190} INFO - [2024-08-30T05:53:44.980+0000] {dagbag.py:587} INFO - Filling up the DagBag from /home/airflow/.local/lib/python3.12/site-packages/airflow/example_dags/example_sla_dag.py
[2024-08-30T05:53:44.990+0000] {processor.py:925} INFO - DAG(s) 'example_sla_dag' retrieved from /home/airflow/.local/lib/python3.12/site-packages/airflow/example_dags/example_sla_dag.py
[2024-08-30T05:53:45.011+0000] {logging_mixin.py:190} INFO - [2024-08-30T05:53:45.011+0000] {dag.py:3211} INFO - Sync 1 DAGs
[2024-08-30T05:53:45.038+0000] {logging_mixin.py:190} INFO - [2024-08-30T05:53:45.037+0000] {dag.py:4138} INFO - Setting next_dagrun for example_sla_dag to 2024-08-30 05:50:00+00:00, run_after=2024-08-30 05:52:00+00:00
[2024-08-30T05:53:45.056+0000] {processor.py:208} INFO - Processing /home/airflow/.local/lib/python3.12/site-packages/airflow/example_dags/example_sla_dag.py took 0.086 seconds
[2024-08-30T05:54:15.252+0000] {processor.py:186} INFO - Started process (PID=739) to work on /home/airflow/.local/lib/python3.12/site-packages/airflow/example_dags/example_sla_dag.py
[2024-08-30T05:54:15.253+0000] {processor.py:914} INFO - Processing file /home/airflow/.local/lib/python3.12/site-packages/airflow/example_dags/example_sla_dag.py for tasks to queue
[2024-08-30T05:54:15.257+0000] {logging_mixin.py:190} INFO - [2024-08-30T05:54:15.256+0000] {dagbag.py:587} INFO - Filling up the DagBag from /home/airflow/.local/lib/python3.12/site-packages/airflow/example_dags/example_sla_dag.py
[2024-08-30T05:54:15.271+0000] {processor.py:925} INFO - DAG(s) 'example_sla_dag' retrieved from /home/airflow/.local/lib/python3.12/site-packages/airflow/example_dags/example_sla_dag.py
[2024-08-30T05:54:15.300+0000] {logging_mixin.py:190} INFO - [2024-08-30T05:54:15.300+0000] {dag.py:3211} INFO - Sync 1 DAGs
[2024-08-30T05:54:15.331+0000] {logging_mixin.py:190} INFO - [2024-08-30T05:54:15.331+0000] {dag.py:4138} INFO - Setting next_dagrun for example_sla_dag to 2024-08-30 05:52:00+00:00, run_after=2024-08-30 05:54:00+00:00
[2024-08-30T05:54:15.356+0000] {processor.py:208} INFO - Processing /home/airflow/.local/lib/python3.12/site-packages/airflow/example_dags/example_sla_dag.py took 0.113 seconds
[2024-08-30T05:54:45.611+0000] {processor.py:186} INFO - Started process (PID=807) to work on /home/airflow/.local/lib/python3.12/site-packages/airflow/example_dags/example_sla_dag.py
[2024-08-30T05:54:45.612+0000] {processor.py:914} INFO - Processing file /home/airflow/.local/lib/python3.12/site-packages/airflow/example_dags/example_sla_dag.py for tasks to queue
[2024-08-30T05:54:45.617+0000] {logging_mixin.py:190} INFO - [2024-08-30T05:54:45.616+0000] {dagbag.py:587} INFO - Filling up the DagBag from /home/airflow/.local/lib/python3.12/site-packages/airflow/example_dags/example_sla_dag.py
[2024-08-30T05:54:45.633+0000] {processor.py:925} INFO - DAG(s) 'example_sla_dag' retrieved from /home/airflow/.local/lib/python3.12/site-packages/airflow/example_dags/example_sla_dag.py
[2024-08-30T05:54:45.663+0000] {logging_mixin.py:190} INFO - [2024-08-30T05:54:45.663+0000] {dag.py:3211} INFO - Sync 1 DAGs
[2024-08-30T05:54:45.693+0000] {logging_mixin.py:190} INFO - [2024-08-30T05:54:45.693+0000] {dag.py:4138} INFO - Setting next_dagrun for example_sla_dag to 2024-08-30 05:52:00+00:00, run_after=2024-08-30 05:54:00+00:00
[2024-08-30T05:54:45.713+0000] {processor.py:208} INFO - Processing /home/airflow/.local/lib/python3.12/site-packages/airflow/example_dags/example_sla_dag.py took 0.111 seconds
[2024-08-30T05:55:15.977+0000] {processor.py:186} INFO - Started process (PID=869) to work on /home/airflow/.local/lib/python3.12/site-packages/airflow/example_dags/example_sla_dag.py
[2024-08-30T05:55:15.979+0000] {processor.py:914} INFO - Processing file /home/airflow/.local/lib/python3.12/site-packages/airflow/example_dags/example_sla_dag.py for tasks to queue
[2024-08-30T05:55:15.982+0000] {logging_mixin.py:190} INFO - [2024-08-30T05:55:15.981+0000] {dagbag.py:587} INFO - Filling up the DagBag from /home/airflow/.local/lib/python3.12/site-packages/airflow/example_dags/example_sla_dag.py
[2024-08-30T05:55:15.997+0000] {processor.py:925} INFO - DAG(s) 'example_sla_dag' retrieved from /home/airflow/.local/lib/python3.12/site-packages/airflow/example_dags/example_sla_dag.py
[2024-08-30T05:55:16.025+0000] {logging_mixin.py:190} INFO - [2024-08-30T05:55:16.025+0000] {dag.py:3211} INFO - Sync 1 DAGs
[2024-08-30T05:55:16.055+0000] {logging_mixin.py:190} INFO - [2024-08-30T05:55:16.055+0000] {dag.py:4138} INFO - Setting next_dagrun for example_sla_dag to 2024-08-30 05:52:00+00:00, run_after=2024-08-30 05:54:00+00:00
[2024-08-30T05:55:16.075+0000] {processor.py:208} INFO - Processing /home/airflow/.local/lib/python3.12/site-packages/airflow/example_dags/example_sla_dag.py took 0.104 seconds
[2024-08-30T05:55:53.790+0000] {processor.py:186} INFO - Started process (PID=927) to work on /home/airflow/.local/lib/python3.12/site-packages/airflow/example_dags/example_sla_dag.py
[2024-08-30T05:55:53.791+0000] {processor.py:914} INFO - Processing file /home/airflow/.local/lib/python3.12/site-packages/airflow/example_dags/example_sla_dag.py for tasks to queue
[2024-08-30T05:55:53.796+0000] {logging_mixin.py:190} INFO - [2024-08-30T05:55:53.795+0000] {dagbag.py:587} INFO - Filling up the DagBag from /home/airflow/.local/lib/python3.12/site-packages/airflow/example_dags/example_sla_dag.py
[2024-08-30T05:55:53.820+0000] {processor.py:925} INFO - DAG(s) 'example_sla_dag' retrieved from /home/airflow/.local/lib/python3.12/site-packages/airflow/example_dags/example_sla_dag.py
[2024-08-30T05:55:53.854+0000] {logging_mixin.py:190} INFO - [2024-08-30T05:55:53.853+0000] {dag.py:3211} INFO - Sync 1 DAGs
[2024-08-30T05:55:53.908+0000] {logging_mixin.py:190} INFO - [2024-08-30T05:55:53.907+0000] {dag.py:4138} INFO - Setting next_dagrun for example_sla_dag to 2024-08-30 05:52:00+00:00, run_after=2024-08-30 05:54:00+00:00
[2024-08-30T05:55:53.934+0000] {processor.py:208} INFO - Processing /home/airflow/.local/lib/python3.12/site-packages/airflow/example_dags/example_sla_dag.py took 0.159 seconds
[2024-08-30T05:56:24.344+0000] {processor.py:186} INFO - Started process (PID=995) to work on /home/airflow/.local/lib/python3.12/site-packages/airflow/example_dags/example_sla_dag.py
[2024-08-30T05:56:24.345+0000] {processor.py:914} INFO - Processing file /home/airflow/.local/lib/python3.12/site-packages/airflow/example_dags/example_sla_dag.py for tasks to queue
[2024-08-30T05:56:24.350+0000] {logging_mixin.py:190} INFO - [2024-08-30T05:56:24.349+0000] {dagbag.py:587} INFO - Filling up the DagBag from /home/airflow/.local/lib/python3.12/site-packages/airflow/example_dags/example_sla_dag.py
[2024-08-30T05:56:24.361+0000] {processor.py:925} INFO - DAG(s) 'example_sla_dag' retrieved from /home/airflow/.local/lib/python3.12/site-packages/airflow/example_dags/example_sla_dag.py
[2024-08-30T05:56:24.381+0000] {logging_mixin.py:190} INFO - [2024-08-30T05:56:24.380+0000] {dag.py:3211} INFO - Sync 1 DAGs
[2024-08-30T05:56:24.417+0000] {logging_mixin.py:190} INFO - [2024-08-30T05:56:24.416+0000] {dag.py:4138} INFO - Setting next_dagrun for example_sla_dag to 2024-08-30 05:54:00+00:00, run_after=2024-08-30 05:56:00+00:00
[2024-08-30T05:56:24.439+0000] {processor.py:208} INFO - Processing /home/airflow/.local/lib/python3.12/site-packages/airflow/example_dags/example_sla_dag.py took 0.104 seconds
