[2024-08-30T05:48:07.344+0000] {processor.py:186} INFO - Started process (PID=59) to work on /home/airflow/.local/lib/python3.12/site-packages/airflow/example_dags/example_branch_operator_decorator.py
[2024-08-30T05:48:07.346+0000] {processor.py:914} INFO - Processing file /home/airflow/.local/lib/python3.12/site-packages/airflow/example_dags/example_branch_operator_decorator.py for tasks to queue
[2024-08-30T05:48:07.349+0000] {logging_mixin.py:190} INFO - [2024-08-30T05:48:07.348+0000] {dagbag.py:587} INFO - Filling up the DagBag from /home/airflow/.local/lib/python3.12/site-packages/airflow/example_dags/example_branch_operator_decorator.py
[2024-08-30T05:48:07.395+0000] {processor.py:925} INFO - DAG(s) 'example_branch_python_operator_decorator' retrieved from /home/airflow/.local/lib/python3.12/site-packages/airflow/example_dags/example_branch_operator_decorator.py
[2024-08-30T05:48:07.587+0000] {logging_mixin.py:190} INFO - [2024-08-30T05:48:07.586+0000] {override.py:1858} INFO - Created Permission View: can delete on DAG:example_branch_python_operator_decorator
[2024-08-30T05:48:07.602+0000] {logging_mixin.py:190} INFO - [2024-08-30T05:48:07.601+0000] {override.py:1858} INFO - Created Permission View: can edit on DAG:example_branch_python_operator_decorator
[2024-08-30T05:48:07.610+0000] {logging_mixin.py:190} INFO - [2024-08-30T05:48:07.610+0000] {override.py:1858} INFO - Created Permission View: can read on DAG:example_branch_python_operator_decorator
[2024-08-30T05:48:07.611+0000] {logging_mixin.py:190} INFO - [2024-08-30T05:48:07.611+0000] {dag.py:3211} INFO - Sync 1 DAGs
[2024-08-30T05:48:07.641+0000] {logging_mixin.py:190} INFO - [2024-08-30T05:48:07.640+0000] {dag.py:3234} INFO - Creating ORM DAG for example_branch_python_operator_decorator
[2024-08-30T05:48:07.657+0000] {logging_mixin.py:190} INFO - [2024-08-30T05:48:07.657+0000] {dag.py:4138} INFO - Setting next_dagrun for example_branch_python_operator_decorator to 2024-08-29 00:00:00+00:00, run_after=2024-08-30 00:00:00+00:00
[2024-08-30T05:48:07.742+0000] {processor.py:208} INFO - Processing /home/airflow/.local/lib/python3.12/site-packages/airflow/example_dags/example_branch_operator_decorator.py took 0.408 seconds
[2024-08-30T05:48:37.794+0000] {processor.py:186} INFO - Started process (PID=121) to work on /home/airflow/.local/lib/python3.12/site-packages/airflow/example_dags/example_branch_operator_decorator.py
[2024-08-30T05:48:37.796+0000] {processor.py:914} INFO - Processing file /home/airflow/.local/lib/python3.12/site-packages/airflow/example_dags/example_branch_operator_decorator.py for tasks to queue
[2024-08-30T05:48:37.800+0000] {logging_mixin.py:190} INFO - [2024-08-30T05:48:37.799+0000] {dagbag.py:587} INFO - Filling up the DagBag from /home/airflow/.local/lib/python3.12/site-packages/airflow/example_dags/example_branch_operator_decorator.py
[2024-08-30T05:48:37.852+0000] {processor.py:925} INFO - DAG(s) 'example_branch_python_operator_decorator' retrieved from /home/airflow/.local/lib/python3.12/site-packages/airflow/example_dags/example_branch_operator_decorator.py
[2024-08-30T05:48:37.913+0000] {logging_mixin.py:190} INFO - [2024-08-30T05:48:37.912+0000] {dag.py:3211} INFO - Sync 1 DAGs
[2024-08-30T05:48:37.958+0000] {logging_mixin.py:190} INFO - [2024-08-30T05:48:37.957+0000] {dag.py:4138} INFO - Setting next_dagrun for example_branch_python_operator_decorator to 2024-08-29 00:00:00+00:00, run_after=2024-08-30 00:00:00+00:00
[2024-08-30T05:48:37.992+0000] {processor.py:208} INFO - Processing /home/airflow/.local/lib/python3.12/site-packages/airflow/example_dags/example_branch_operator_decorator.py took 0.209 seconds
[2024-08-30T05:49:15.838+0000] {processor.py:186} INFO - Started process (PID=184) to work on /home/airflow/.local/lib/python3.12/site-packages/airflow/example_dags/example_branch_operator_decorator.py
[2024-08-30T05:49:15.867+0000] {processor.py:914} INFO - Processing file /home/airflow/.local/lib/python3.12/site-packages/airflow/example_dags/example_branch_operator_decorator.py for tasks to queue
[2024-08-30T05:49:15.942+0000] {logging_mixin.py:190} INFO - [2024-08-30T05:49:15.924+0000] {dagbag.py:587} INFO - Filling up the DagBag from /home/airflow/.local/lib/python3.12/site-packages/airflow/example_dags/example_branch_operator_decorator.py
[2024-08-30T05:49:16.411+0000] {processor.py:925} INFO - DAG(s) 'example_branch_python_operator_decorator' retrieved from /home/airflow/.local/lib/python3.12/site-packages/airflow/example_dags/example_branch_operator_decorator.py
[2024-08-30T05:49:16.463+0000] {logging_mixin.py:190} INFO - [2024-08-30T05:49:16.462+0000] {dag.py:3211} INFO - Sync 1 DAGs
[2024-08-30T05:49:16.527+0000] {logging_mixin.py:190} INFO - [2024-08-30T05:49:16.527+0000] {dag.py:4138} INFO - Setting next_dagrun for example_branch_python_operator_decorator to 2024-08-29 00:00:00+00:00, run_after=2024-08-30 00:00:00+00:00
[2024-08-30T05:49:16.984+0000] {processor.py:208} INFO - Processing /home/airflow/.local/lib/python3.12/site-packages/airflow/example_dags/example_branch_operator_decorator.py took 1.234 seconds
[2024-08-30T05:49:47.838+0000] {processor.py:186} INFO - Started process (PID=246) to work on /home/airflow/.local/lib/python3.12/site-packages/airflow/example_dags/example_branch_operator_decorator.py
[2024-08-30T05:49:47.839+0000] {processor.py:914} INFO - Processing file /home/airflow/.local/lib/python3.12/site-packages/airflow/example_dags/example_branch_operator_decorator.py for tasks to queue
[2024-08-30T05:49:47.842+0000] {logging_mixin.py:190} INFO - [2024-08-30T05:49:47.842+0000] {dagbag.py:587} INFO - Filling up the DagBag from /home/airflow/.local/lib/python3.12/site-packages/airflow/example_dags/example_branch_operator_decorator.py
[2024-08-30T05:49:47.869+0000] {processor.py:925} INFO - DAG(s) 'example_branch_python_operator_decorator' retrieved from /home/airflow/.local/lib/python3.12/site-packages/airflow/example_dags/example_branch_operator_decorator.py
[2024-08-30T05:49:47.899+0000] {logging_mixin.py:190} INFO - [2024-08-30T05:49:47.899+0000] {dag.py:3211} INFO - Sync 1 DAGs
[2024-08-30T05:49:47.926+0000] {logging_mixin.py:190} INFO - [2024-08-30T05:49:47.926+0000] {dag.py:4138} INFO - Setting next_dagrun for example_branch_python_operator_decorator to 2024-08-29 00:00:00+00:00, run_after=2024-08-30 00:00:00+00:00
[2024-08-30T05:49:47.946+0000] {processor.py:208} INFO - Processing /home/airflow/.local/lib/python3.12/site-packages/airflow/example_dags/example_branch_operator_decorator.py took 0.114 seconds
[2024-08-30T05:50:18.625+0000] {processor.py:186} INFO - Started process (PID=308) to work on /home/airflow/.local/lib/python3.12/site-packages/airflow/example_dags/example_branch_operator_decorator.py
[2024-08-30T05:50:18.626+0000] {processor.py:914} INFO - Processing file /home/airflow/.local/lib/python3.12/site-packages/airflow/example_dags/example_branch_operator_decorator.py for tasks to queue
[2024-08-30T05:50:18.629+0000] {logging_mixin.py:190} INFO - [2024-08-30T05:50:18.629+0000] {dagbag.py:587} INFO - Filling up the DagBag from /home/airflow/.local/lib/python3.12/site-packages/airflow/example_dags/example_branch_operator_decorator.py
[2024-08-30T05:50:18.651+0000] {processor.py:925} INFO - DAG(s) 'example_branch_python_operator_decorator' retrieved from /home/airflow/.local/lib/python3.12/site-packages/airflow/example_dags/example_branch_operator_decorator.py
[2024-08-30T05:50:18.726+0000] {logging_mixin.py:190} INFO - [2024-08-30T05:50:18.725+0000] {dag.py:3211} INFO - Sync 1 DAGs
[2024-08-30T05:50:18.753+0000] {logging_mixin.py:190} INFO - [2024-08-30T05:50:18.753+0000] {dag.py:4138} INFO - Setting next_dagrun for example_branch_python_operator_decorator to 2024-08-29 00:00:00+00:00, run_after=2024-08-30 00:00:00+00:00
[2024-08-30T05:50:18.773+0000] {processor.py:208} INFO - Processing /home/airflow/.local/lib/python3.12/site-packages/airflow/example_dags/example_branch_operator_decorator.py took 0.153 seconds
[2024-08-30T05:50:49.030+0000] {processor.py:186} INFO - Started process (PID=370) to work on /home/airflow/.local/lib/python3.12/site-packages/airflow/example_dags/example_branch_operator_decorator.py
[2024-08-30T05:50:49.067+0000] {processor.py:914} INFO - Processing file /home/airflow/.local/lib/python3.12/site-packages/airflow/example_dags/example_branch_operator_decorator.py for tasks to queue
[2024-08-30T05:50:49.070+0000] {logging_mixin.py:190} INFO - [2024-08-30T05:50:49.070+0000] {dagbag.py:587} INFO - Filling up the DagBag from /home/airflow/.local/lib/python3.12/site-packages/airflow/example_dags/example_branch_operator_decorator.py
[2024-08-30T05:50:49.147+0000] {processor.py:925} INFO - DAG(s) 'example_branch_python_operator_decorator' retrieved from /home/airflow/.local/lib/python3.12/site-packages/airflow/example_dags/example_branch_operator_decorator.py
[2024-08-30T05:50:49.178+0000] {logging_mixin.py:190} INFO - [2024-08-30T05:50:49.177+0000] {dag.py:3211} INFO - Sync 1 DAGs
[2024-08-30T05:50:49.206+0000] {logging_mixin.py:190} INFO - [2024-08-30T05:50:49.206+0000] {dag.py:4138} INFO - Setting next_dagrun for example_branch_python_operator_decorator to 2024-08-29 00:00:00+00:00, run_after=2024-08-30 00:00:00+00:00
[2024-08-30T05:50:49.331+0000] {processor.py:208} INFO - Processing /home/airflow/.local/lib/python3.12/site-packages/airflow/example_dags/example_branch_operator_decorator.py took 0.307 seconds
[2024-08-30T05:51:19.442+0000] {processor.py:186} INFO - Started process (PID=432) to work on /home/airflow/.local/lib/python3.12/site-packages/airflow/example_dags/example_branch_operator_decorator.py
[2024-08-30T05:51:19.443+0000] {processor.py:914} INFO - Processing file /home/airflow/.local/lib/python3.12/site-packages/airflow/example_dags/example_branch_operator_decorator.py for tasks to queue
[2024-08-30T05:51:19.446+0000] {logging_mixin.py:190} INFO - [2024-08-30T05:51:19.445+0000] {dagbag.py:587} INFO - Filling up the DagBag from /home/airflow/.local/lib/python3.12/site-packages/airflow/example_dags/example_branch_operator_decorator.py
[2024-08-30T05:51:19.471+0000] {processor.py:925} INFO - DAG(s) 'example_branch_python_operator_decorator' retrieved from /home/airflow/.local/lib/python3.12/site-packages/airflow/example_dags/example_branch_operator_decorator.py
[2024-08-30T05:51:19.502+0000] {logging_mixin.py:190} INFO - [2024-08-30T05:51:19.501+0000] {dag.py:3211} INFO - Sync 1 DAGs
[2024-08-30T05:51:19.527+0000] {logging_mixin.py:190} INFO - [2024-08-30T05:51:19.527+0000] {dag.py:4138} INFO - Setting next_dagrun for example_branch_python_operator_decorator to 2024-08-29 00:00:00+00:00, run_after=2024-08-30 00:00:00+00:00
[2024-08-30T05:51:19.558+0000] {processor.py:208} INFO - Processing /home/airflow/.local/lib/python3.12/site-packages/airflow/example_dags/example_branch_operator_decorator.py took 0.123 seconds
[2024-08-30T05:52:17.370+0000] {processor.py:186} INFO - Started process (PID=519) to work on /home/airflow/.local/lib/python3.12/site-packages/airflow/example_dags/example_branch_operator_decorator.py
[2024-08-30T05:52:17.372+0000] {processor.py:914} INFO - Processing file /home/airflow/.local/lib/python3.12/site-packages/airflow/example_dags/example_branch_operator_decorator.py for tasks to queue
[2024-08-30T05:52:17.376+0000] {logging_mixin.py:190} INFO - [2024-08-30T05:52:17.376+0000] {dagbag.py:587} INFO - Filling up the DagBag from /home/airflow/.local/lib/python3.12/site-packages/airflow/example_dags/example_branch_operator_decorator.py
[2024-08-30T05:52:17.410+0000] {processor.py:925} INFO - DAG(s) 'example_branch_python_operator_decorator' retrieved from /home/airflow/.local/lib/python3.12/site-packages/airflow/example_dags/example_branch_operator_decorator.py
[2024-08-30T05:52:17.457+0000] {logging_mixin.py:190} INFO - [2024-08-30T05:52:17.457+0000] {dag.py:3211} INFO - Sync 1 DAGs
[2024-08-30T05:52:17.497+0000] {logging_mixin.py:190} INFO - [2024-08-30T05:52:17.497+0000] {dag.py:4138} INFO - Setting next_dagrun for example_branch_python_operator_decorator to 2024-08-29 00:00:00+00:00, run_after=2024-08-30 00:00:00+00:00
[2024-08-30T05:52:17.527+0000] {processor.py:208} INFO - Processing /home/airflow/.local/lib/python3.12/site-packages/airflow/example_dags/example_branch_operator_decorator.py took 0.166 seconds
[2024-08-30T05:52:48.074+0000] {processor.py:186} INFO - Started process (PID=581) to work on /home/airflow/.local/lib/python3.12/site-packages/airflow/example_dags/example_branch_operator_decorator.py
[2024-08-30T05:52:48.076+0000] {processor.py:914} INFO - Processing file /home/airflow/.local/lib/python3.12/site-packages/airflow/example_dags/example_branch_operator_decorator.py for tasks to queue
[2024-08-30T05:52:48.079+0000] {logging_mixin.py:190} INFO - [2024-08-30T05:52:48.079+0000] {dagbag.py:587} INFO - Filling up the DagBag from /home/airflow/.local/lib/python3.12/site-packages/airflow/example_dags/example_branch_operator_decorator.py
[2024-08-30T05:52:48.110+0000] {processor.py:925} INFO - DAG(s) 'example_branch_python_operator_decorator' retrieved from /home/airflow/.local/lib/python3.12/site-packages/airflow/example_dags/example_branch_operator_decorator.py
[2024-08-30T05:52:48.148+0000] {logging_mixin.py:190} INFO - [2024-08-30T05:52:48.147+0000] {dag.py:3211} INFO - Sync 1 DAGs
[2024-08-30T05:52:48.181+0000] {logging_mixin.py:190} INFO - [2024-08-30T05:52:48.181+0000] {dag.py:4138} INFO - Setting next_dagrun for example_branch_python_operator_decorator to 2024-08-29 00:00:00+00:00, run_after=2024-08-30 00:00:00+00:00
[2024-08-30T05:52:48.208+0000] {processor.py:208} INFO - Processing /home/airflow/.local/lib/python3.12/site-packages/airflow/example_dags/example_branch_operator_decorator.py took 0.142 seconds
[2024-08-30T05:53:18.339+0000] {processor.py:186} INFO - Started process (PID=643) to work on /home/airflow/.local/lib/python3.12/site-packages/airflow/example_dags/example_branch_operator_decorator.py
[2024-08-30T05:53:18.341+0000] {processor.py:914} INFO - Processing file /home/airflow/.local/lib/python3.12/site-packages/airflow/example_dags/example_branch_operator_decorator.py for tasks to queue
[2024-08-30T05:53:18.343+0000] {logging_mixin.py:190} INFO - [2024-08-30T05:53:18.343+0000] {dagbag.py:587} INFO - Filling up the DagBag from /home/airflow/.local/lib/python3.12/site-packages/airflow/example_dags/example_branch_operator_decorator.py
[2024-08-30T05:53:18.369+0000] {processor.py:925} INFO - DAG(s) 'example_branch_python_operator_decorator' retrieved from /home/airflow/.local/lib/python3.12/site-packages/airflow/example_dags/example_branch_operator_decorator.py
[2024-08-30T05:53:18.401+0000] {logging_mixin.py:190} INFO - [2024-08-30T05:53:18.401+0000] {dag.py:3211} INFO - Sync 1 DAGs
[2024-08-30T05:53:18.425+0000] {logging_mixin.py:190} INFO - [2024-08-30T05:53:18.425+0000] {dag.py:4138} INFO - Setting next_dagrun for example_branch_python_operator_decorator to 2024-08-29 00:00:00+00:00, run_after=2024-08-30 00:00:00+00:00
[2024-08-30T05:53:18.444+0000] {processor.py:208} INFO - Processing /home/airflow/.local/lib/python3.12/site-packages/airflow/example_dags/example_branch_operator_decorator.py took 0.111 seconds
[2024-08-30T05:53:49.669+0000] {processor.py:186} INFO - Started process (PID=705) to work on /home/airflow/.local/lib/python3.12/site-packages/airflow/example_dags/example_branch_operator_decorator.py
[2024-08-30T05:53:49.671+0000] {processor.py:914} INFO - Processing file /home/airflow/.local/lib/python3.12/site-packages/airflow/example_dags/example_branch_operator_decorator.py for tasks to queue
[2024-08-30T05:53:49.674+0000] {logging_mixin.py:190} INFO - [2024-08-30T05:53:49.674+0000] {dagbag.py:587} INFO - Filling up the DagBag from /home/airflow/.local/lib/python3.12/site-packages/airflow/example_dags/example_branch_operator_decorator.py
[2024-08-30T05:53:49.697+0000] {processor.py:925} INFO - DAG(s) 'example_branch_python_operator_decorator' retrieved from /home/airflow/.local/lib/python3.12/site-packages/airflow/example_dags/example_branch_operator_decorator.py
[2024-08-30T05:53:49.725+0000] {logging_mixin.py:190} INFO - [2024-08-30T05:53:49.725+0000] {dag.py:3211} INFO - Sync 1 DAGs
[2024-08-30T05:53:49.754+0000] {logging_mixin.py:190} INFO - [2024-08-30T05:53:49.753+0000] {dag.py:4138} INFO - Setting next_dagrun for example_branch_python_operator_decorator to 2024-08-29 00:00:00+00:00, run_after=2024-08-30 00:00:00+00:00
[2024-08-30T05:53:49.779+0000] {processor.py:208} INFO - Processing /home/airflow/.local/lib/python3.12/site-packages/airflow/example_dags/example_branch_operator_decorator.py took 0.116 seconds
[2024-08-30T05:54:20.066+0000] {processor.py:186} INFO - Started process (PID=767) to work on /home/airflow/.local/lib/python3.12/site-packages/airflow/example_dags/example_branch_operator_decorator.py
[2024-08-30T05:54:20.067+0000] {processor.py:914} INFO - Processing file /home/airflow/.local/lib/python3.12/site-packages/airflow/example_dags/example_branch_operator_decorator.py for tasks to queue
[2024-08-30T05:54:20.069+0000] {logging_mixin.py:190} INFO - [2024-08-30T05:54:20.069+0000] {dagbag.py:587} INFO - Filling up the DagBag from /home/airflow/.local/lib/python3.12/site-packages/airflow/example_dags/example_branch_operator_decorator.py
[2024-08-30T05:54:20.091+0000] {processor.py:925} INFO - DAG(s) 'example_branch_python_operator_decorator' retrieved from /home/airflow/.local/lib/python3.12/site-packages/airflow/example_dags/example_branch_operator_decorator.py
[2024-08-30T05:54:20.120+0000] {logging_mixin.py:190} INFO - [2024-08-30T05:54:20.120+0000] {dag.py:3211} INFO - Sync 1 DAGs
[2024-08-30T05:54:20.146+0000] {logging_mixin.py:190} INFO - [2024-08-30T05:54:20.145+0000] {dag.py:4138} INFO - Setting next_dagrun for example_branch_python_operator_decorator to 2024-08-29 00:00:00+00:00, run_after=2024-08-30 00:00:00+00:00
[2024-08-30T05:54:20.167+0000] {processor.py:208} INFO - Processing /home/airflow/.local/lib/python3.12/site-packages/airflow/example_dags/example_branch_operator_decorator.py took 0.107 seconds
[2024-08-30T05:54:50.319+0000] {processor.py:186} INFO - Started process (PID=829) to work on /home/airflow/.local/lib/python3.12/site-packages/airflow/example_dags/example_branch_operator_decorator.py
[2024-08-30T05:54:50.320+0000] {processor.py:914} INFO - Processing file /home/airflow/.local/lib/python3.12/site-packages/airflow/example_dags/example_branch_operator_decorator.py for tasks to queue
[2024-08-30T05:54:50.322+0000] {logging_mixin.py:190} INFO - [2024-08-30T05:54:50.322+0000] {dagbag.py:587} INFO - Filling up the DagBag from /home/airflow/.local/lib/python3.12/site-packages/airflow/example_dags/example_branch_operator_decorator.py
[2024-08-30T05:54:50.348+0000] {processor.py:925} INFO - DAG(s) 'example_branch_python_operator_decorator' retrieved from /home/airflow/.local/lib/python3.12/site-packages/airflow/example_dags/example_branch_operator_decorator.py
[2024-08-30T05:54:50.382+0000] {logging_mixin.py:190} INFO - [2024-08-30T05:54:50.382+0000] {dag.py:3211} INFO - Sync 1 DAGs
[2024-08-30T05:54:50.407+0000] {logging_mixin.py:190} INFO - [2024-08-30T05:54:50.407+0000] {dag.py:4138} INFO - Setting next_dagrun for example_branch_python_operator_decorator to 2024-08-29 00:00:00+00:00, run_after=2024-08-30 00:00:00+00:00
[2024-08-30T05:54:50.427+0000] {processor.py:208} INFO - Processing /home/airflow/.local/lib/python3.12/site-packages/airflow/example_dags/example_branch_operator_decorator.py took 0.115 seconds
[2024-08-30T05:55:20.678+0000] {processor.py:186} INFO - Started process (PID=890) to work on /home/airflow/.local/lib/python3.12/site-packages/airflow/example_dags/example_branch_operator_decorator.py
[2024-08-30T05:55:20.680+0000] {processor.py:914} INFO - Processing file /home/airflow/.local/lib/python3.12/site-packages/airflow/example_dags/example_branch_operator_decorator.py for tasks to queue
[2024-08-30T05:55:20.684+0000] {logging_mixin.py:190} INFO - [2024-08-30T05:55:20.683+0000] {dagbag.py:587} INFO - Filling up the DagBag from /home/airflow/.local/lib/python3.12/site-packages/airflow/example_dags/example_branch_operator_decorator.py
[2024-08-30T05:55:20.718+0000] {processor.py:925} INFO - DAG(s) 'example_branch_python_operator_decorator' retrieved from /home/airflow/.local/lib/python3.12/site-packages/airflow/example_dags/example_branch_operator_decorator.py
[2024-08-30T05:55:20.758+0000] {logging_mixin.py:190} INFO - [2024-08-30T05:55:20.758+0000] {dag.py:3211} INFO - Sync 1 DAGs
[2024-08-30T05:55:20.788+0000] {logging_mixin.py:190} INFO - [2024-08-30T05:55:20.788+0000] {dag.py:4138} INFO - Setting next_dagrun for example_branch_python_operator_decorator to 2024-08-29 00:00:00+00:00, run_after=2024-08-30 00:00:00+00:00
[2024-08-30T05:55:20.807+0000] {processor.py:208} INFO - Processing /home/airflow/.local/lib/python3.12/site-packages/airflow/example_dags/example_branch_operator_decorator.py took 0.138 seconds
[2024-08-30T05:55:58.844+0000] {processor.py:186} INFO - Started process (PID=953) to work on /home/airflow/.local/lib/python3.12/site-packages/airflow/example_dags/example_branch_operator_decorator.py
[2024-08-30T05:55:58.846+0000] {processor.py:914} INFO - Processing file /home/airflow/.local/lib/python3.12/site-packages/airflow/example_dags/example_branch_operator_decorator.py for tasks to queue
[2024-08-30T05:55:58.851+0000] {logging_mixin.py:190} INFO - [2024-08-30T05:55:58.849+0000] {dagbag.py:587} INFO - Filling up the DagBag from /home/airflow/.local/lib/python3.12/site-packages/airflow/example_dags/example_branch_operator_decorator.py
[2024-08-30T05:55:58.904+0000] {processor.py:925} INFO - DAG(s) 'example_branch_python_operator_decorator' retrieved from /home/airflow/.local/lib/python3.12/site-packages/airflow/example_dags/example_branch_operator_decorator.py
[2024-08-30T05:55:59.237+0000] {logging_mixin.py:190} INFO - [2024-08-30T05:55:59.236+0000] {dag.py:3211} INFO - Sync 1 DAGs
[2024-08-30T05:55:59.268+0000] {logging_mixin.py:190} INFO - [2024-08-30T05:55:59.268+0000] {dag.py:4138} INFO - Setting next_dagrun for example_branch_python_operator_decorator to 2024-08-29 00:00:00+00:00, run_after=2024-08-30 00:00:00+00:00
[2024-08-30T05:55:59.294+0000] {processor.py:208} INFO - Processing /home/airflow/.local/lib/python3.12/site-packages/airflow/example_dags/example_branch_operator_decorator.py took 0.459 seconds
[2024-08-30T05:56:30.258+0000] {processor.py:186} INFO - Started process (PID=1015) to work on /home/airflow/.local/lib/python3.12/site-packages/airflow/example_dags/example_branch_operator_decorator.py
[2024-08-30T05:56:30.259+0000] {processor.py:914} INFO - Processing file /home/airflow/.local/lib/python3.12/site-packages/airflow/example_dags/example_branch_operator_decorator.py for tasks to queue
[2024-08-30T05:56:30.261+0000] {logging_mixin.py:190} INFO - [2024-08-30T05:56:30.261+0000] {dagbag.py:587} INFO - Filling up the DagBag from /home/airflow/.local/lib/python3.12/site-packages/airflow/example_dags/example_branch_operator_decorator.py
[2024-08-30T05:56:30.288+0000] {processor.py:925} INFO - DAG(s) 'example_branch_python_operator_decorator' retrieved from /home/airflow/.local/lib/python3.12/site-packages/airflow/example_dags/example_branch_operator_decorator.py
[2024-08-30T05:56:30.319+0000] {logging_mixin.py:190} INFO - [2024-08-30T05:56:30.319+0000] {dag.py:3211} INFO - Sync 1 DAGs
[2024-08-30T05:56:30.346+0000] {logging_mixin.py:190} INFO - [2024-08-30T05:56:30.345+0000] {dag.py:4138} INFO - Setting next_dagrun for example_branch_python_operator_decorator to 2024-08-29 00:00:00+00:00, run_after=2024-08-30 00:00:00+00:00
[2024-08-30T05:56:30.366+0000] {processor.py:208} INFO - Processing /home/airflow/.local/lib/python3.12/site-packages/airflow/example_dags/example_branch_operator_decorator.py took 0.114 seconds
