[2024-08-30T05:48:12.748+0000] {processor.py:186} INFO - Started process (PID=86) to work on /home/airflow/.local/lib/python3.12/site-packages/airflow/example_dags/example_kubernetes_executor.py
[2024-08-30T05:48:12.749+0000] {processor.py:914} INFO - Processing file /home/airflow/.local/lib/python3.12/site-packages/airflow/example_dags/example_kubernetes_executor.py for tasks to queue
[2024-08-30T05:48:12.752+0000] {logging_mixin.py:190} INFO - [2024-08-30T05:48:12.751+0000] {dagbag.py:587} INFO - Filling up the DagBag from /home/airflow/.local/lib/python3.12/site-packages/airflow/example_dags/example_kubernetes_executor.py
[2024-08-30T05:48:12.786+0000] {processor.py:925} INFO - DAG(s) 'example_kubernetes_executor' retrieved from /home/airflow/.local/lib/python3.12/site-packages/airflow/example_dags/example_kubernetes_executor.py
[2024-08-30T05:48:12.957+0000] {logging_mixin.py:190} INFO - [2024-08-30T05:48:12.956+0000] {override.py:1858} INFO - Created Permission View: can delete on DAG:example_kubernetes_executor
[2024-08-30T05:48:12.975+0000] {logging_mixin.py:190} INFO - [2024-08-30T05:48:12.974+0000] {override.py:1858} INFO - Created Permission View: can edit on DAG:example_kubernetes_executor
[2024-08-30T05:48:12.983+0000] {logging_mixin.py:190} INFO - [2024-08-30T05:48:12.982+0000] {override.py:1858} INFO - Created Permission View: can read on DAG:example_kubernetes_executor
[2024-08-30T05:48:12.983+0000] {logging_mixin.py:190} INFO - [2024-08-30T05:48:12.983+0000] {dag.py:3211} INFO - Sync 1 DAGs
[2024-08-30T05:48:13.002+0000] {logging_mixin.py:190} INFO - [2024-08-30T05:48:13.002+0000] {dag.py:3234} INFO - Creating ORM DAG for example_kubernetes_executor
[2024-08-30T05:48:13.004+0000] {logging_mixin.py:190} INFO - [2024-08-30T05:48:13.003+0000] {dag.py:4138} INFO - Setting next_dagrun for example_kubernetes_executor to None, run_after=None
[2024-08-30T05:48:13.027+0000] {processor.py:208} INFO - Processing /home/airflow/.local/lib/python3.12/site-packages/airflow/example_dags/example_kubernetes_executor.py took 0.285 seconds
[2024-08-30T05:48:43.290+0000] {processor.py:186} INFO - Started process (PID=148) to work on /home/airflow/.local/lib/python3.12/site-packages/airflow/example_dags/example_kubernetes_executor.py
[2024-08-30T05:48:43.292+0000] {processor.py:914} INFO - Processing file /home/airflow/.local/lib/python3.12/site-packages/airflow/example_dags/example_kubernetes_executor.py for tasks to queue
[2024-08-30T05:48:43.300+0000] {logging_mixin.py:190} INFO - [2024-08-30T05:48:43.299+0000] {dagbag.py:587} INFO - Filling up the DagBag from /home/airflow/.local/lib/python3.12/site-packages/airflow/example_dags/example_kubernetes_executor.py
[2024-08-30T05:48:43.345+0000] {processor.py:925} INFO - DAG(s) 'example_kubernetes_executor' retrieved from /home/airflow/.local/lib/python3.12/site-packages/airflow/example_dags/example_kubernetes_executor.py
[2024-08-30T05:48:43.470+0000] {logging_mixin.py:190} INFO - [2024-08-30T05:48:43.464+0000] {dag.py:3211} INFO - Sync 1 DAGs
[2024-08-30T05:48:43.520+0000] {logging_mixin.py:190} INFO - [2024-08-30T05:48:43.520+0000] {dag.py:4138} INFO - Setting next_dagrun for example_kubernetes_executor to None, run_after=None
[2024-08-30T05:48:43.585+0000] {processor.py:208} INFO - Processing /home/airflow/.local/lib/python3.12/site-packages/airflow/example_dags/example_kubernetes_executor.py took 0.305 seconds
[2024-08-30T05:49:34.226+0000] {processor.py:186} INFO - Started process (PID=217) to work on /home/airflow/.local/lib/python3.12/site-packages/airflow/example_dags/example_kubernetes_executor.py
[2024-08-30T05:49:34.228+0000] {processor.py:914} INFO - Processing file /home/airflow/.local/lib/python3.12/site-packages/airflow/example_dags/example_kubernetes_executor.py for tasks to queue
[2024-08-30T05:49:34.236+0000] {logging_mixin.py:190} INFO - [2024-08-30T05:49:34.235+0000] {dagbag.py:587} INFO - Filling up the DagBag from /home/airflow/.local/lib/python3.12/site-packages/airflow/example_dags/example_kubernetes_executor.py
[2024-08-30T05:49:34.327+0000] {processor.py:925} INFO - DAG(s) 'example_kubernetes_executor' retrieved from /home/airflow/.local/lib/python3.12/site-packages/airflow/example_dags/example_kubernetes_executor.py
[2024-08-30T05:49:34.451+0000] {logging_mixin.py:190} INFO - [2024-08-30T05:49:34.450+0000] {dag.py:3211} INFO - Sync 1 DAGs
[2024-08-30T05:49:34.605+0000] {logging_mixin.py:190} INFO - [2024-08-30T05:49:34.604+0000] {dag.py:4138} INFO - Setting next_dagrun for example_kubernetes_executor to None, run_after=None
[2024-08-30T05:49:34.777+0000] {processor.py:208} INFO - Processing /home/airflow/.local/lib/python3.12/site-packages/airflow/example_dags/example_kubernetes_executor.py took 0.561 seconds
[2024-08-30T05:50:05.191+0000] {processor.py:186} INFO - Started process (PID=279) to work on /home/airflow/.local/lib/python3.12/site-packages/airflow/example_dags/example_kubernetes_executor.py
[2024-08-30T05:50:05.192+0000] {processor.py:914} INFO - Processing file /home/airflow/.local/lib/python3.12/site-packages/airflow/example_dags/example_kubernetes_executor.py for tasks to queue
[2024-08-30T05:50:05.196+0000] {logging_mixin.py:190} INFO - [2024-08-30T05:50:05.196+0000] {dagbag.py:587} INFO - Filling up the DagBag from /home/airflow/.local/lib/python3.12/site-packages/airflow/example_dags/example_kubernetes_executor.py
[2024-08-30T05:50:05.241+0000] {processor.py:925} INFO - DAG(s) 'example_kubernetes_executor' retrieved from /home/airflow/.local/lib/python3.12/site-packages/airflow/example_dags/example_kubernetes_executor.py
[2024-08-30T05:50:05.308+0000] {logging_mixin.py:190} INFO - [2024-08-30T05:50:05.307+0000] {dag.py:3211} INFO - Sync 1 DAGs
[2024-08-30T05:50:05.332+0000] {logging_mixin.py:190} INFO - [2024-08-30T05:50:05.332+0000] {dag.py:4138} INFO - Setting next_dagrun for example_kubernetes_executor to None, run_after=None
[2024-08-30T05:50:05.382+0000] {processor.py:208} INFO - Processing /home/airflow/.local/lib/python3.12/site-packages/airflow/example_dags/example_kubernetes_executor.py took 0.200 seconds
[2024-08-30T05:50:36.310+0000] {processor.py:186} INFO - Started process (PID=341) to work on /home/airflow/.local/lib/python3.12/site-packages/airflow/example_dags/example_kubernetes_executor.py
[2024-08-30T05:50:36.312+0000] {processor.py:914} INFO - Processing file /home/airflow/.local/lib/python3.12/site-packages/airflow/example_dags/example_kubernetes_executor.py for tasks to queue
[2024-08-30T05:50:36.315+0000] {logging_mixin.py:190} INFO - [2024-08-30T05:50:36.315+0000] {dagbag.py:587} INFO - Filling up the DagBag from /home/airflow/.local/lib/python3.12/site-packages/airflow/example_dags/example_kubernetes_executor.py
[2024-08-30T05:50:36.343+0000] {processor.py:925} INFO - DAG(s) 'example_kubernetes_executor' retrieved from /home/airflow/.local/lib/python3.12/site-packages/airflow/example_dags/example_kubernetes_executor.py
[2024-08-30T05:50:36.520+0000] {logging_mixin.py:190} INFO - [2024-08-30T05:50:36.519+0000] {dag.py:3211} INFO - Sync 1 DAGs
[2024-08-30T05:50:36.618+0000] {logging_mixin.py:190} INFO - [2024-08-30T05:50:36.617+0000] {dag.py:4138} INFO - Setting next_dagrun for example_kubernetes_executor to None, run_after=None
[2024-08-30T05:50:36.657+0000] {processor.py:208} INFO - Processing /home/airflow/.local/lib/python3.12/site-packages/airflow/example_dags/example_kubernetes_executor.py took 0.356 seconds
[2024-08-30T05:51:07.301+0000] {processor.py:186} INFO - Started process (PID=404) to work on /home/airflow/.local/lib/python3.12/site-packages/airflow/example_dags/example_kubernetes_executor.py
[2024-08-30T05:51:07.310+0000] {processor.py:914} INFO - Processing file /home/airflow/.local/lib/python3.12/site-packages/airflow/example_dags/example_kubernetes_executor.py for tasks to queue
[2024-08-30T05:51:07.312+0000] {logging_mixin.py:190} INFO - [2024-08-30T05:51:07.312+0000] {dagbag.py:587} INFO - Filling up the DagBag from /home/airflow/.local/lib/python3.12/site-packages/airflow/example_dags/example_kubernetes_executor.py
[2024-08-30T05:51:07.330+0000] {processor.py:925} INFO - DAG(s) 'example_kubernetes_executor' retrieved from /home/airflow/.local/lib/python3.12/site-packages/airflow/example_dags/example_kubernetes_executor.py
[2024-08-30T05:51:07.366+0000] {logging_mixin.py:190} INFO - [2024-08-30T05:51:07.366+0000] {dag.py:3211} INFO - Sync 1 DAGs
[2024-08-30T05:51:07.380+0000] {logging_mixin.py:190} INFO - [2024-08-30T05:51:07.380+0000] {dag.py:4138} INFO - Setting next_dagrun for example_kubernetes_executor to None, run_after=None
[2024-08-30T05:51:07.405+0000] {processor.py:208} INFO - Processing /home/airflow/.local/lib/python3.12/site-packages/airflow/example_dags/example_kubernetes_executor.py took 0.110 seconds
[2024-08-30T05:51:38.854+0000] {processor.py:186} INFO - Started process (PID=467) to work on /home/airflow/.local/lib/python3.12/site-packages/airflow/example_dags/example_kubernetes_executor.py
[2024-08-30T05:51:38.855+0000] {processor.py:914} INFO - Processing file /home/airflow/.local/lib/python3.12/site-packages/airflow/example_dags/example_kubernetes_executor.py for tasks to queue
[2024-08-30T05:51:38.859+0000] {logging_mixin.py:190} INFO - [2024-08-30T05:51:38.858+0000] {dagbag.py:587} INFO - Filling up the DagBag from /home/airflow/.local/lib/python3.12/site-packages/airflow/example_dags/example_kubernetes_executor.py
[2024-08-30T05:51:38.895+0000] {processor.py:925} INFO - DAG(s) 'example_kubernetes_executor' retrieved from /home/airflow/.local/lib/python3.12/site-packages/airflow/example_dags/example_kubernetes_executor.py
[2024-08-30T05:51:39.047+0000] {logging_mixin.py:190} INFO - [2024-08-30T05:51:39.046+0000] {dag.py:3211} INFO - Sync 1 DAGs
[2024-08-30T05:51:39.067+0000] {logging_mixin.py:190} INFO - [2024-08-30T05:51:39.067+0000] {dag.py:4138} INFO - Setting next_dagrun for example_kubernetes_executor to None, run_after=None
[2024-08-30T05:51:39.090+0000] {processor.py:208} INFO - Processing /home/airflow/.local/lib/python3.12/site-packages/airflow/example_dags/example_kubernetes_executor.py took 0.249 seconds
[2024-08-30T05:52:20.641+0000] {processor.py:186} INFO - Started process (PID=546) to work on /home/airflow/.local/lib/python3.12/site-packages/airflow/example_dags/example_kubernetes_executor.py
[2024-08-30T05:52:20.642+0000] {processor.py:914} INFO - Processing file /home/airflow/.local/lib/python3.12/site-packages/airflow/example_dags/example_kubernetes_executor.py for tasks to queue
[2024-08-30T05:52:20.645+0000] {logging_mixin.py:190} INFO - [2024-08-30T05:52:20.644+0000] {dagbag.py:587} INFO - Filling up the DagBag from /home/airflow/.local/lib/python3.12/site-packages/airflow/example_dags/example_kubernetes_executor.py
[2024-08-30T05:52:20.661+0000] {processor.py:925} INFO - DAG(s) 'example_kubernetes_executor' retrieved from /home/airflow/.local/lib/python3.12/site-packages/airflow/example_dags/example_kubernetes_executor.py
[2024-08-30T05:52:20.711+0000] {logging_mixin.py:190} INFO - [2024-08-30T05:52:20.711+0000] {dag.py:3211} INFO - Sync 1 DAGs
[2024-08-30T05:52:20.729+0000] {logging_mixin.py:190} INFO - [2024-08-30T05:52:20.729+0000] {dag.py:4138} INFO - Setting next_dagrun for example_kubernetes_executor to None, run_after=None
[2024-08-30T05:52:20.751+0000] {processor.py:208} INFO - Processing /home/airflow/.local/lib/python3.12/site-packages/airflow/example_dags/example_kubernetes_executor.py took 0.117 seconds
[2024-08-30T05:52:51.268+0000] {processor.py:186} INFO - Started process (PID=608) to work on /home/airflow/.local/lib/python3.12/site-packages/airflow/example_dags/example_kubernetes_executor.py
[2024-08-30T05:52:51.269+0000] {processor.py:914} INFO - Processing file /home/airflow/.local/lib/python3.12/site-packages/airflow/example_dags/example_kubernetes_executor.py for tasks to queue
[2024-08-30T05:52:51.272+0000] {logging_mixin.py:190} INFO - [2024-08-30T05:52:51.271+0000] {dagbag.py:587} INFO - Filling up the DagBag from /home/airflow/.local/lib/python3.12/site-packages/airflow/example_dags/example_kubernetes_executor.py
[2024-08-30T05:52:51.287+0000] {processor.py:925} INFO - DAG(s) 'example_kubernetes_executor' retrieved from /home/airflow/.local/lib/python3.12/site-packages/airflow/example_dags/example_kubernetes_executor.py
[2024-08-30T05:52:51.331+0000] {logging_mixin.py:190} INFO - [2024-08-30T05:52:51.331+0000] {dag.py:3211} INFO - Sync 1 DAGs
[2024-08-30T05:52:51.345+0000] {logging_mixin.py:190} INFO - [2024-08-30T05:52:51.345+0000] {dag.py:4138} INFO - Setting next_dagrun for example_kubernetes_executor to None, run_after=None
[2024-08-30T05:52:51.366+0000] {processor.py:208} INFO - Processing /home/airflow/.local/lib/python3.12/site-packages/airflow/example_dags/example_kubernetes_executor.py took 0.105 seconds
[2024-08-30T05:53:22.489+0000] {processor.py:186} INFO - Started process (PID=670) to work on /home/airflow/.local/lib/python3.12/site-packages/airflow/example_dags/example_kubernetes_executor.py
[2024-08-30T05:53:22.491+0000] {processor.py:914} INFO - Processing file /home/airflow/.local/lib/python3.12/site-packages/airflow/example_dags/example_kubernetes_executor.py for tasks to queue
[2024-08-30T05:53:22.494+0000] {logging_mixin.py:190} INFO - [2024-08-30T05:53:22.494+0000] {dagbag.py:587} INFO - Filling up the DagBag from /home/airflow/.local/lib/python3.12/site-packages/airflow/example_dags/example_kubernetes_executor.py
[2024-08-30T05:53:22.511+0000] {processor.py:925} INFO - DAG(s) 'example_kubernetes_executor' retrieved from /home/airflow/.local/lib/python3.12/site-packages/airflow/example_dags/example_kubernetes_executor.py
[2024-08-30T05:53:22.554+0000] {logging_mixin.py:190} INFO - [2024-08-30T05:53:22.554+0000] {dag.py:3211} INFO - Sync 1 DAGs
[2024-08-30T05:53:22.571+0000] {logging_mixin.py:190} INFO - [2024-08-30T05:53:22.570+0000] {dag.py:4138} INFO - Setting next_dagrun for example_kubernetes_executor to None, run_after=None
[2024-08-30T05:53:22.595+0000] {processor.py:208} INFO - Processing /home/airflow/.local/lib/python3.12/site-packages/airflow/example_dags/example_kubernetes_executor.py took 0.114 seconds
[2024-08-30T05:53:52.792+0000] {processor.py:186} INFO - Started process (PID=732) to work on /home/airflow/.local/lib/python3.12/site-packages/airflow/example_dags/example_kubernetes_executor.py
[2024-08-30T05:53:52.793+0000] {processor.py:914} INFO - Processing file /home/airflow/.local/lib/python3.12/site-packages/airflow/example_dags/example_kubernetes_executor.py for tasks to queue
[2024-08-30T05:53:52.796+0000] {logging_mixin.py:190} INFO - [2024-08-30T05:53:52.795+0000] {dagbag.py:587} INFO - Filling up the DagBag from /home/airflow/.local/lib/python3.12/site-packages/airflow/example_dags/example_kubernetes_executor.py
[2024-08-30T05:53:52.809+0000] {processor.py:925} INFO - DAG(s) 'example_kubernetes_executor' retrieved from /home/airflow/.local/lib/python3.12/site-packages/airflow/example_dags/example_kubernetes_executor.py
[2024-08-30T05:53:52.846+0000] {logging_mixin.py:190} INFO - [2024-08-30T05:53:52.846+0000] {dag.py:3211} INFO - Sync 1 DAGs
[2024-08-30T05:53:52.860+0000] {logging_mixin.py:190} INFO - [2024-08-30T05:53:52.860+0000] {dag.py:4138} INFO - Setting next_dagrun for example_kubernetes_executor to None, run_after=None
[2024-08-30T05:53:52.878+0000] {processor.py:208} INFO - Processing /home/airflow/.local/lib/python3.12/site-packages/airflow/example_dags/example_kubernetes_executor.py took 0.092 seconds
[2024-08-30T05:54:23.130+0000] {processor.py:186} INFO - Started process (PID=794) to work on /home/airflow/.local/lib/python3.12/site-packages/airflow/example_dags/example_kubernetes_executor.py
[2024-08-30T05:54:23.131+0000] {processor.py:914} INFO - Processing file /home/airflow/.local/lib/python3.12/site-packages/airflow/example_dags/example_kubernetes_executor.py for tasks to queue
[2024-08-30T05:54:23.133+0000] {logging_mixin.py:190} INFO - [2024-08-30T05:54:23.133+0000] {dagbag.py:587} INFO - Filling up the DagBag from /home/airflow/.local/lib/python3.12/site-packages/airflow/example_dags/example_kubernetes_executor.py
[2024-08-30T05:54:23.149+0000] {processor.py:925} INFO - DAG(s) 'example_kubernetes_executor' retrieved from /home/airflow/.local/lib/python3.12/site-packages/airflow/example_dags/example_kubernetes_executor.py
[2024-08-30T05:54:23.187+0000] {logging_mixin.py:190} INFO - [2024-08-30T05:54:23.187+0000] {dag.py:3211} INFO - Sync 1 DAGs
[2024-08-30T05:54:23.206+0000] {logging_mixin.py:190} INFO - [2024-08-30T05:54:23.205+0000] {dag.py:4138} INFO - Setting next_dagrun for example_kubernetes_executor to None, run_after=None
[2024-08-30T05:54:23.228+0000] {processor.py:208} INFO - Processing /home/airflow/.local/lib/python3.12/site-packages/airflow/example_dags/example_kubernetes_executor.py took 0.105 seconds
[2024-08-30T05:54:53.558+0000] {processor.py:186} INFO - Started process (PID=856) to work on /home/airflow/.local/lib/python3.12/site-packages/airflow/example_dags/example_kubernetes_executor.py
[2024-08-30T05:54:53.559+0000] {processor.py:914} INFO - Processing file /home/airflow/.local/lib/python3.12/site-packages/airflow/example_dags/example_kubernetes_executor.py for tasks to queue
[2024-08-30T05:54:53.562+0000] {logging_mixin.py:190} INFO - [2024-08-30T05:54:53.562+0000] {dagbag.py:587} INFO - Filling up the DagBag from /home/airflow/.local/lib/python3.12/site-packages/airflow/example_dags/example_kubernetes_executor.py
[2024-08-30T05:54:53.579+0000] {processor.py:925} INFO - DAG(s) 'example_kubernetes_executor' retrieved from /home/airflow/.local/lib/python3.12/site-packages/airflow/example_dags/example_kubernetes_executor.py
[2024-08-30T05:54:53.626+0000] {logging_mixin.py:190} INFO - [2024-08-30T05:54:53.625+0000] {dag.py:3211} INFO - Sync 1 DAGs
[2024-08-30T05:54:53.642+0000] {logging_mixin.py:190} INFO - [2024-08-30T05:54:53.642+0000] {dag.py:4138} INFO - Setting next_dagrun for example_kubernetes_executor to None, run_after=None
[2024-08-30T05:54:53.664+0000] {processor.py:208} INFO - Processing /home/airflow/.local/lib/python3.12/site-packages/airflow/example_dags/example_kubernetes_executor.py took 0.114 seconds
[2024-08-30T05:55:23.839+0000] {processor.py:186} INFO - Started process (PID=918) to work on /home/airflow/.local/lib/python3.12/site-packages/airflow/example_dags/example_kubernetes_executor.py
[2024-08-30T05:55:23.840+0000] {processor.py:914} INFO - Processing file /home/airflow/.local/lib/python3.12/site-packages/airflow/example_dags/example_kubernetes_executor.py for tasks to queue
[2024-08-30T05:55:23.842+0000] {logging_mixin.py:190} INFO - [2024-08-30T05:55:23.842+0000] {dagbag.py:587} INFO - Filling up the DagBag from /home/airflow/.local/lib/python3.12/site-packages/airflow/example_dags/example_kubernetes_executor.py
[2024-08-30T05:55:23.858+0000] {processor.py:925} INFO - DAG(s) 'example_kubernetes_executor' retrieved from /home/airflow/.local/lib/python3.12/site-packages/airflow/example_dags/example_kubernetes_executor.py
[2024-08-30T05:55:23.898+0000] {logging_mixin.py:190} INFO - [2024-08-30T05:55:23.898+0000] {dag.py:3211} INFO - Sync 1 DAGs
[2024-08-30T05:55:23.913+0000] {logging_mixin.py:190} INFO - [2024-08-30T05:55:23.913+0000] {dag.py:4138} INFO - Setting next_dagrun for example_kubernetes_executor to None, run_after=None
[2024-08-30T05:55:23.934+0000] {processor.py:208} INFO - Processing /home/airflow/.local/lib/python3.12/site-packages/airflow/example_dags/example_kubernetes_executor.py took 0.102 seconds
[2024-08-30T05:56:01.690+0000] {processor.py:186} INFO - Started process (PID=980) to work on /home/airflow/.local/lib/python3.12/site-packages/airflow/example_dags/example_kubernetes_executor.py
[2024-08-30T05:56:01.691+0000] {processor.py:914} INFO - Processing file /home/airflow/.local/lib/python3.12/site-packages/airflow/example_dags/example_kubernetes_executor.py for tasks to queue
[2024-08-30T05:56:01.694+0000] {logging_mixin.py:190} INFO - [2024-08-30T05:56:01.694+0000] {dagbag.py:587} INFO - Filling up the DagBag from /home/airflow/.local/lib/python3.12/site-packages/airflow/example_dags/example_kubernetes_executor.py
[2024-08-30T05:56:01.709+0000] {processor.py:925} INFO - DAG(s) 'example_kubernetes_executor' retrieved from /home/airflow/.local/lib/python3.12/site-packages/airflow/example_dags/example_kubernetes_executor.py
[2024-08-30T05:56:01.751+0000] {logging_mixin.py:190} INFO - [2024-08-30T05:56:01.751+0000] {dag.py:3211} INFO - Sync 1 DAGs
[2024-08-30T05:56:01.770+0000] {logging_mixin.py:190} INFO - [2024-08-30T05:56:01.770+0000] {dag.py:4138} INFO - Setting next_dagrun for example_kubernetes_executor to None, run_after=None
[2024-08-30T05:56:01.792+0000] {processor.py:208} INFO - Processing /home/airflow/.local/lib/python3.12/site-packages/airflow/example_dags/example_kubernetes_executor.py took 0.108 seconds
[2024-08-30T05:56:32.437+0000] {processor.py:186} INFO - Started process (PID=1042) to work on /home/airflow/.local/lib/python3.12/site-packages/airflow/example_dags/example_kubernetes_executor.py
[2024-08-30T05:56:32.438+0000] {processor.py:914} INFO - Processing file /home/airflow/.local/lib/python3.12/site-packages/airflow/example_dags/example_kubernetes_executor.py for tasks to queue
[2024-08-30T05:56:32.440+0000] {logging_mixin.py:190} INFO - [2024-08-30T05:56:32.440+0000] {dagbag.py:587} INFO - Filling up the DagBag from /home/airflow/.local/lib/python3.12/site-packages/airflow/example_dags/example_kubernetes_executor.py
[2024-08-30T05:56:32.455+0000] {processor.py:925} INFO - DAG(s) 'example_kubernetes_executor' retrieved from /home/airflow/.local/lib/python3.12/site-packages/airflow/example_dags/example_kubernetes_executor.py
[2024-08-30T05:56:32.497+0000] {logging_mixin.py:190} INFO - [2024-08-30T05:56:32.496+0000] {dag.py:3211} INFO - Sync 1 DAGs
[2024-08-30T05:56:32.513+0000] {logging_mixin.py:190} INFO - [2024-08-30T05:56:32.513+0000] {dag.py:4138} INFO - Setting next_dagrun for example_kubernetes_executor to None, run_after=None
[2024-08-30T05:56:32.537+0000] {processor.py:208} INFO - Processing /home/airflow/.local/lib/python3.12/site-packages/airflow/example_dags/example_kubernetes_executor.py took 0.107 seconds
