[2024-08-30T05:48:10.436+0000] {processor.py:186} INFO - Started process (PID=73) to work on /home/airflow/.local/lib/python3.12/site-packages/airflow/example_dags/example_branch_python_dop_operator_3.py
[2024-08-30T05:48:10.438+0000] {processor.py:914} INFO - Processing file /home/airflow/.local/lib/python3.12/site-packages/airflow/example_dags/example_branch_python_dop_operator_3.py for tasks to queue
[2024-08-30T05:48:10.461+0000] {logging_mixin.py:190} INFO - [2024-08-30T05:48:10.460+0000] {dagbag.py:587} INFO - Filling up the DagBag from /home/airflow/.local/lib/python3.12/site-packages/airflow/example_dags/example_branch_python_dop_operator_3.py
[2024-08-30T05:48:10.500+0000] {processor.py:925} INFO - DAG(s) 'example_branch_dop_operator_v3' retrieved from /home/airflow/.local/lib/python3.12/site-packages/airflow/example_dags/example_branch_python_dop_operator_3.py
[2024-08-30T05:48:10.642+0000] {logging_mixin.py:190} INFO - [2024-08-30T05:48:10.640+0000] {override.py:1858} INFO - Created Permission View: can delete on DAG:example_branch_dop_operator_v3
[2024-08-30T05:48:10.655+0000] {logging_mixin.py:190} INFO - [2024-08-30T05:48:10.655+0000] {override.py:1858} INFO - Created Permission View: can edit on DAG:example_branch_dop_operator_v3
[2024-08-30T05:48:10.664+0000] {logging_mixin.py:190} INFO - [2024-08-30T05:48:10.664+0000] {override.py:1858} INFO - Created Permission View: can read on DAG:example_branch_dop_operator_v3
[2024-08-30T05:48:10.665+0000] {logging_mixin.py:190} INFO - [2024-08-30T05:48:10.665+0000] {dag.py:3211} INFO - Sync 1 DAGs
[2024-08-30T05:48:10.684+0000] {logging_mixin.py:190} INFO - [2024-08-30T05:48:10.684+0000] {dag.py:3234} INFO - Creating ORM DAG for example_branch_dop_operator_v3
[2024-08-30T05:48:10.706+0000] {logging_mixin.py:190} INFO - [2024-08-30T05:48:10.705+0000] {dag.py:4138} INFO - Setting next_dagrun for example_branch_dop_operator_v3 to 2024-08-30 05:47:00+00:00, run_after=2024-08-30 05:48:00+00:00
[2024-08-30T05:48:10.730+0000] {processor.py:208} INFO - Processing /home/airflow/.local/lib/python3.12/site-packages/airflow/example_dags/example_branch_python_dop_operator_3.py took 0.302 seconds
[2024-08-30T05:48:41.484+0000] {processor.py:186} INFO - Started process (PID=135) to work on /home/airflow/.local/lib/python3.12/site-packages/airflow/example_dags/example_branch_python_dop_operator_3.py
[2024-08-30T05:48:41.487+0000] {processor.py:914} INFO - Processing file /home/airflow/.local/lib/python3.12/site-packages/airflow/example_dags/example_branch_python_dop_operator_3.py for tasks to queue
[2024-08-30T05:48:41.493+0000] {logging_mixin.py:190} INFO - [2024-08-30T05:48:41.493+0000] {dagbag.py:587} INFO - Filling up the DagBag from /home/airflow/.local/lib/python3.12/site-packages/airflow/example_dags/example_branch_python_dop_operator_3.py
[2024-08-30T05:48:41.514+0000] {processor.py:925} INFO - DAG(s) 'example_branch_dop_operator_v3' retrieved from /home/airflow/.local/lib/python3.12/site-packages/airflow/example_dags/example_branch_python_dop_operator_3.py
[2024-08-30T05:48:41.569+0000] {logging_mixin.py:190} INFO - [2024-08-30T05:48:41.569+0000] {dag.py:3211} INFO - Sync 1 DAGs
[2024-08-30T05:48:41.642+0000] {logging_mixin.py:190} INFO - [2024-08-30T05:48:41.641+0000] {dag.py:4138} INFO - Setting next_dagrun for example_branch_dop_operator_v3 to 2024-08-30 05:47:00+00:00, run_after=2024-08-30 05:48:00+00:00
[2024-08-30T05:48:41.719+0000] {processor.py:208} INFO - Processing /home/airflow/.local/lib/python3.12/site-packages/airflow/example_dags/example_branch_python_dop_operator_3.py took 0.250 seconds
[2024-08-30T05:49:31.626+0000] {processor.py:186} INFO - Started process (PID=204) to work on /home/airflow/.local/lib/python3.12/site-packages/airflow/example_dags/example_branch_python_dop_operator_3.py
[2024-08-30T05:49:31.653+0000] {processor.py:914} INFO - Processing file /home/airflow/.local/lib/python3.12/site-packages/airflow/example_dags/example_branch_python_dop_operator_3.py for tasks to queue
[2024-08-30T05:49:31.658+0000] {logging_mixin.py:190} INFO - [2024-08-30T05:49:31.657+0000] {dagbag.py:587} INFO - Filling up the DagBag from /home/airflow/.local/lib/python3.12/site-packages/airflow/example_dags/example_branch_python_dop_operator_3.py
[2024-08-30T05:49:31.746+0000] {processor.py:925} INFO - DAG(s) 'example_branch_dop_operator_v3' retrieved from /home/airflow/.local/lib/python3.12/site-packages/airflow/example_dags/example_branch_python_dop_operator_3.py
[2024-08-30T05:49:31.843+0000] {logging_mixin.py:190} INFO - [2024-08-30T05:49:31.843+0000] {dag.py:3211} INFO - Sync 1 DAGs
[2024-08-30T05:49:31.954+0000] {logging_mixin.py:190} INFO - [2024-08-30T05:49:31.954+0000] {dag.py:4138} INFO - Setting next_dagrun for example_branch_dop_operator_v3 to 2024-08-30 05:48:00+00:00, run_after=2024-08-30 05:49:00+00:00
[2024-08-30T05:49:32.008+0000] {processor.py:208} INFO - Processing /home/airflow/.local/lib/python3.12/site-packages/airflow/example_dags/example_branch_python_dop_operator_3.py took 0.407 seconds
[2024-08-30T05:50:02.383+0000] {processor.py:186} INFO - Started process (PID=266) to work on /home/airflow/.local/lib/python3.12/site-packages/airflow/example_dags/example_branch_python_dop_operator_3.py
[2024-08-30T05:50:02.385+0000] {processor.py:914} INFO - Processing file /home/airflow/.local/lib/python3.12/site-packages/airflow/example_dags/example_branch_python_dop_operator_3.py for tasks to queue
[2024-08-30T05:50:02.389+0000] {logging_mixin.py:190} INFO - [2024-08-30T05:50:02.388+0000] {dagbag.py:587} INFO - Filling up the DagBag from /home/airflow/.local/lib/python3.12/site-packages/airflow/example_dags/example_branch_python_dop_operator_3.py
[2024-08-30T05:50:02.408+0000] {processor.py:925} INFO - DAG(s) 'example_branch_dop_operator_v3' retrieved from /home/airflow/.local/lib/python3.12/site-packages/airflow/example_dags/example_branch_python_dop_operator_3.py
[2024-08-30T05:50:02.459+0000] {logging_mixin.py:190} INFO - [2024-08-30T05:50:02.458+0000] {dag.py:3211} INFO - Sync 1 DAGs
[2024-08-30T05:50:02.507+0000] {logging_mixin.py:190} INFO - [2024-08-30T05:50:02.507+0000] {dag.py:4138} INFO - Setting next_dagrun for example_branch_dop_operator_v3 to 2024-08-30 05:49:00+00:00, run_after=2024-08-30 05:50:00+00:00
[2024-08-30T05:50:02.538+0000] {processor.py:208} INFO - Processing /home/airflow/.local/lib/python3.12/site-packages/airflow/example_dags/example_branch_python_dop_operator_3.py took 0.166 seconds
[2024-08-30T05:50:32.772+0000] {processor.py:186} INFO - Started process (PID=328) to work on /home/airflow/.local/lib/python3.12/site-packages/airflow/example_dags/example_branch_python_dop_operator_3.py
[2024-08-30T05:50:32.784+0000] {processor.py:914} INFO - Processing file /home/airflow/.local/lib/python3.12/site-packages/airflow/example_dags/example_branch_python_dop_operator_3.py for tasks to queue
[2024-08-30T05:50:32.815+0000] {logging_mixin.py:190} INFO - [2024-08-30T05:50:32.812+0000] {dagbag.py:587} INFO - Filling up the DagBag from /home/airflow/.local/lib/python3.12/site-packages/airflow/example_dags/example_branch_python_dop_operator_3.py
[2024-08-30T05:50:32.902+0000] {processor.py:925} INFO - DAG(s) 'example_branch_dop_operator_v3' retrieved from /home/airflow/.local/lib/python3.12/site-packages/airflow/example_dags/example_branch_python_dop_operator_3.py
[2024-08-30T05:50:33.447+0000] {logging_mixin.py:190} INFO - [2024-08-30T05:50:33.445+0000] {dag.py:3211} INFO - Sync 1 DAGs
[2024-08-30T05:50:33.686+0000] {logging_mixin.py:190} INFO - [2024-08-30T05:50:33.686+0000] {dag.py:4138} INFO - Setting next_dagrun for example_branch_dop_operator_v3 to 2024-08-30 05:49:00+00:00, run_after=2024-08-30 05:50:00+00:00
[2024-08-30T05:50:33.882+0000] {processor.py:208} INFO - Processing /home/airflow/.local/lib/python3.12/site-packages/airflow/example_dags/example_branch_python_dop_operator_3.py took 1.153 seconds
[2024-08-30T05:51:04.069+0000] {processor.py:186} INFO - Started process (PID=390) to work on /home/airflow/.local/lib/python3.12/site-packages/airflow/example_dags/example_branch_python_dop_operator_3.py
[2024-08-30T05:51:04.070+0000] {processor.py:914} INFO - Processing file /home/airflow/.local/lib/python3.12/site-packages/airflow/example_dags/example_branch_python_dop_operator_3.py for tasks to queue
[2024-08-30T05:51:04.072+0000] {logging_mixin.py:190} INFO - [2024-08-30T05:51:04.072+0000] {dagbag.py:587} INFO - Filling up the DagBag from /home/airflow/.local/lib/python3.12/site-packages/airflow/example_dags/example_branch_python_dop_operator_3.py
[2024-08-30T05:51:04.084+0000] {processor.py:925} INFO - DAG(s) 'example_branch_dop_operator_v3' retrieved from /home/airflow/.local/lib/python3.12/site-packages/airflow/example_dags/example_branch_python_dop_operator_3.py
[2024-08-30T05:51:04.106+0000] {logging_mixin.py:190} INFO - [2024-08-30T05:51:04.106+0000] {dag.py:3211} INFO - Sync 1 DAGs
[2024-08-30T05:51:04.135+0000] {logging_mixin.py:190} INFO - [2024-08-30T05:51:04.135+0000] {dag.py:4138} INFO - Setting next_dagrun for example_branch_dop_operator_v3 to 2024-08-30 05:50:00+00:00, run_after=2024-08-30 05:51:00+00:00
[2024-08-30T05:51:04.157+0000] {processor.py:208} INFO - Processing /home/airflow/.local/lib/python3.12/site-packages/airflow/example_dags/example_branch_python_dop_operator_3.py took 0.094 seconds
[2024-08-30T05:51:34.586+0000] {processor.py:186} INFO - Started process (PID=452) to work on /home/airflow/.local/lib/python3.12/site-packages/airflow/example_dags/example_branch_python_dop_operator_3.py
[2024-08-30T05:51:34.587+0000] {processor.py:914} INFO - Processing file /home/airflow/.local/lib/python3.12/site-packages/airflow/example_dags/example_branch_python_dop_operator_3.py for tasks to queue
[2024-08-30T05:51:34.591+0000] {logging_mixin.py:190} INFO - [2024-08-30T05:51:34.589+0000] {dagbag.py:587} INFO - Filling up the DagBag from /home/airflow/.local/lib/python3.12/site-packages/airflow/example_dags/example_branch_python_dop_operator_3.py
[2024-08-30T05:51:34.611+0000] {processor.py:925} INFO - DAG(s) 'example_branch_dop_operator_v3' retrieved from /home/airflow/.local/lib/python3.12/site-packages/airflow/example_dags/example_branch_python_dop_operator_3.py
[2024-08-30T05:51:34.669+0000] {logging_mixin.py:190} INFO - [2024-08-30T05:51:34.669+0000] {dag.py:3211} INFO - Sync 1 DAGs
[2024-08-30T05:51:34.702+0000] {logging_mixin.py:190} INFO - [2024-08-30T05:51:34.702+0000] {dag.py:4138} INFO - Setting next_dagrun for example_branch_dop_operator_v3 to 2024-08-30 05:50:00+00:00, run_after=2024-08-30 05:51:00+00:00
[2024-08-30T05:51:34.722+0000] {processor.py:208} INFO - Processing /home/airflow/.local/lib/python3.12/site-packages/airflow/example_dags/example_branch_python_dop_operator_3.py took 0.144 seconds
[2024-08-30T05:52:19.549+0000] {processor.py:186} INFO - Started process (PID=533) to work on /home/airflow/.local/lib/python3.12/site-packages/airflow/example_dags/example_branch_python_dop_operator_3.py
[2024-08-30T05:52:19.551+0000] {processor.py:914} INFO - Processing file /home/airflow/.local/lib/python3.12/site-packages/airflow/example_dags/example_branch_python_dop_operator_3.py for tasks to queue
[2024-08-30T05:52:19.554+0000] {logging_mixin.py:190} INFO - [2024-08-30T05:52:19.554+0000] {dagbag.py:587} INFO - Filling up the DagBag from /home/airflow/.local/lib/python3.12/site-packages/airflow/example_dags/example_branch_python_dop_operator_3.py
[2024-08-30T05:52:19.568+0000] {processor.py:925} INFO - DAG(s) 'example_branch_dop_operator_v3' retrieved from /home/airflow/.local/lib/python3.12/site-packages/airflow/example_dags/example_branch_python_dop_operator_3.py
[2024-08-30T05:52:19.596+0000] {logging_mixin.py:190} INFO - [2024-08-30T05:52:19.595+0000] {dag.py:3211} INFO - Sync 1 DAGs
[2024-08-30T05:52:19.631+0000] {logging_mixin.py:190} INFO - [2024-08-30T05:52:19.630+0000] {dag.py:4138} INFO - Setting next_dagrun for example_branch_dop_operator_v3 to 2024-08-30 05:51:00+00:00, run_after=2024-08-30 05:52:00+00:00
[2024-08-30T05:52:19.652+0000] {processor.py:208} INFO - Processing /home/airflow/.local/lib/python3.12/site-packages/airflow/example_dags/example_branch_python_dop_operator_3.py took 0.109 seconds
[2024-08-30T05:52:50.323+0000] {processor.py:186} INFO - Started process (PID=595) to work on /home/airflow/.local/lib/python3.12/site-packages/airflow/example_dags/example_branch_python_dop_operator_3.py
[2024-08-30T05:52:50.324+0000] {processor.py:914} INFO - Processing file /home/airflow/.local/lib/python3.12/site-packages/airflow/example_dags/example_branch_python_dop_operator_3.py for tasks to queue
[2024-08-30T05:52:50.326+0000] {logging_mixin.py:190} INFO - [2024-08-30T05:52:50.326+0000] {dagbag.py:587} INFO - Filling up the DagBag from /home/airflow/.local/lib/python3.12/site-packages/airflow/example_dags/example_branch_python_dop_operator_3.py
[2024-08-30T05:52:50.338+0000] {processor.py:925} INFO - DAG(s) 'example_branch_dop_operator_v3' retrieved from /home/airflow/.local/lib/python3.12/site-packages/airflow/example_dags/example_branch_python_dop_operator_3.py
[2024-08-30T05:52:50.360+0000] {logging_mixin.py:190} INFO - [2024-08-30T05:52:50.360+0000] {dag.py:3211} INFO - Sync 1 DAGs
[2024-08-30T05:52:50.389+0000] {logging_mixin.py:190} INFO - [2024-08-30T05:52:50.389+0000] {dag.py:4138} INFO - Setting next_dagrun for example_branch_dop_operator_v3 to 2024-08-30 05:51:00+00:00, run_after=2024-08-30 05:52:00+00:00
[2024-08-30T05:52:50.407+0000] {processor.py:208} INFO - Processing /home/airflow/.local/lib/python3.12/site-packages/airflow/example_dags/example_branch_python_dop_operator_3.py took 0.090 seconds
[2024-08-30T05:53:21.476+0000] {processor.py:186} INFO - Started process (PID=657) to work on /home/airflow/.local/lib/python3.12/site-packages/airflow/example_dags/example_branch_python_dop_operator_3.py
[2024-08-30T05:53:21.478+0000] {processor.py:914} INFO - Processing file /home/airflow/.local/lib/python3.12/site-packages/airflow/example_dags/example_branch_python_dop_operator_3.py for tasks to queue
[2024-08-30T05:53:21.481+0000] {logging_mixin.py:190} INFO - [2024-08-30T05:53:21.481+0000] {dagbag.py:587} INFO - Filling up the DagBag from /home/airflow/.local/lib/python3.12/site-packages/airflow/example_dags/example_branch_python_dop_operator_3.py
[2024-08-30T05:53:21.494+0000] {processor.py:925} INFO - DAG(s) 'example_branch_dop_operator_v3' retrieved from /home/airflow/.local/lib/python3.12/site-packages/airflow/example_dags/example_branch_python_dop_operator_3.py
[2024-08-30T05:53:21.515+0000] {logging_mixin.py:190} INFO - [2024-08-30T05:53:21.514+0000] {dag.py:3211} INFO - Sync 1 DAGs
[2024-08-30T05:53:21.549+0000] {logging_mixin.py:190} INFO - [2024-08-30T05:53:21.548+0000] {dag.py:4138} INFO - Setting next_dagrun for example_branch_dop_operator_v3 to 2024-08-30 05:52:00+00:00, run_after=2024-08-30 05:53:00+00:00
[2024-08-30T05:53:21.574+0000] {processor.py:208} INFO - Processing /home/airflow/.local/lib/python3.12/site-packages/airflow/example_dags/example_branch_python_dop_operator_3.py took 0.105 seconds
[2024-08-30T05:53:51.677+0000] {processor.py:186} INFO - Started process (PID=719) to work on /home/airflow/.local/lib/python3.12/site-packages/airflow/example_dags/example_branch_python_dop_operator_3.py
[2024-08-30T05:53:51.678+0000] {processor.py:914} INFO - Processing file /home/airflow/.local/lib/python3.12/site-packages/airflow/example_dags/example_branch_python_dop_operator_3.py for tasks to queue
[2024-08-30T05:53:51.681+0000] {logging_mixin.py:190} INFO - [2024-08-30T05:53:51.681+0000] {dagbag.py:587} INFO - Filling up the DagBag from /home/airflow/.local/lib/python3.12/site-packages/airflow/example_dags/example_branch_python_dop_operator_3.py
[2024-08-30T05:53:51.691+0000] {processor.py:925} INFO - DAG(s) 'example_branch_dop_operator_v3' retrieved from /home/airflow/.local/lib/python3.12/site-packages/airflow/example_dags/example_branch_python_dop_operator_3.py
[2024-08-30T05:53:51.712+0000] {logging_mixin.py:190} INFO - [2024-08-30T05:53:51.712+0000] {dag.py:3211} INFO - Sync 1 DAGs
[2024-08-30T05:53:51.742+0000] {logging_mixin.py:190} INFO - [2024-08-30T05:53:51.742+0000] {dag.py:4138} INFO - Setting next_dagrun for example_branch_dop_operator_v3 to 2024-08-30 05:52:00+00:00, run_after=2024-08-30 05:53:00+00:00
[2024-08-30T05:53:51.764+0000] {processor.py:208} INFO - Processing /home/airflow/.local/lib/python3.12/site-packages/airflow/example_dags/example_branch_python_dop_operator_3.py took 0.093 seconds
[2024-08-30T05:54:21.974+0000] {processor.py:186} INFO - Started process (PID=780) to work on /home/airflow/.local/lib/python3.12/site-packages/airflow/example_dags/example_branch_python_dop_operator_3.py
[2024-08-30T05:54:21.975+0000] {processor.py:914} INFO - Processing file /home/airflow/.local/lib/python3.12/site-packages/airflow/example_dags/example_branch_python_dop_operator_3.py for tasks to queue
[2024-08-30T05:54:21.978+0000] {logging_mixin.py:190} INFO - [2024-08-30T05:54:21.977+0000] {dagbag.py:587} INFO - Filling up the DagBag from /home/airflow/.local/lib/python3.12/site-packages/airflow/example_dags/example_branch_python_dop_operator_3.py
[2024-08-30T05:54:21.989+0000] {processor.py:925} INFO - DAG(s) 'example_branch_dop_operator_v3' retrieved from /home/airflow/.local/lib/python3.12/site-packages/airflow/example_dags/example_branch_python_dop_operator_3.py
[2024-08-30T05:54:22.011+0000] {logging_mixin.py:190} INFO - [2024-08-30T05:54:22.010+0000] {dag.py:3211} INFO - Sync 1 DAGs
[2024-08-30T05:54:22.040+0000] {logging_mixin.py:190} INFO - [2024-08-30T05:54:22.040+0000] {dag.py:4138} INFO - Setting next_dagrun for example_branch_dop_operator_v3 to 2024-08-30 05:53:00+00:00, run_after=2024-08-30 05:54:00+00:00
[2024-08-30T05:54:22.060+0000] {processor.py:208} INFO - Processing /home/airflow/.local/lib/python3.12/site-packages/airflow/example_dags/example_branch_python_dop_operator_3.py took 0.092 seconds
[2024-08-30T05:54:52.410+0000] {processor.py:186} INFO - Started process (PID=843) to work on /home/airflow/.local/lib/python3.12/site-packages/airflow/example_dags/example_branch_python_dop_operator_3.py
[2024-08-30T05:54:52.411+0000] {processor.py:914} INFO - Processing file /home/airflow/.local/lib/python3.12/site-packages/airflow/example_dags/example_branch_python_dop_operator_3.py for tasks to queue
[2024-08-30T05:54:52.413+0000] {logging_mixin.py:190} INFO - [2024-08-30T05:54:52.413+0000] {dagbag.py:587} INFO - Filling up the DagBag from /home/airflow/.local/lib/python3.12/site-packages/airflow/example_dags/example_branch_python_dop_operator_3.py
[2024-08-30T05:54:52.424+0000] {processor.py:925} INFO - DAG(s) 'example_branch_dop_operator_v3' retrieved from /home/airflow/.local/lib/python3.12/site-packages/airflow/example_dags/example_branch_python_dop_operator_3.py
[2024-08-30T05:54:52.444+0000] {logging_mixin.py:190} INFO - [2024-08-30T05:54:52.443+0000] {dag.py:3211} INFO - Sync 1 DAGs
[2024-08-30T05:54:52.469+0000] {logging_mixin.py:190} INFO - [2024-08-30T05:54:52.469+0000] {dag.py:4138} INFO - Setting next_dagrun for example_branch_dop_operator_v3 to 2024-08-30 05:53:00+00:00, run_after=2024-08-30 05:54:00+00:00
[2024-08-30T05:54:52.488+0000] {processor.py:208} INFO - Processing /home/airflow/.local/lib/python3.12/site-packages/airflow/example_dags/example_branch_python_dop_operator_3.py took 0.084 seconds
[2024-08-30T05:55:22.786+0000] {processor.py:186} INFO - Started process (PID=905) to work on /home/airflow/.local/lib/python3.12/site-packages/airflow/example_dags/example_branch_python_dop_operator_3.py
[2024-08-30T05:55:22.787+0000] {processor.py:914} INFO - Processing file /home/airflow/.local/lib/python3.12/site-packages/airflow/example_dags/example_branch_python_dop_operator_3.py for tasks to queue
[2024-08-30T05:55:22.789+0000] {logging_mixin.py:190} INFO - [2024-08-30T05:55:22.789+0000] {dagbag.py:587} INFO - Filling up the DagBag from /home/airflow/.local/lib/python3.12/site-packages/airflow/example_dags/example_branch_python_dop_operator_3.py
[2024-08-30T05:55:22.801+0000] {processor.py:925} INFO - DAG(s) 'example_branch_dop_operator_v3' retrieved from /home/airflow/.local/lib/python3.12/site-packages/airflow/example_dags/example_branch_python_dop_operator_3.py
[2024-08-30T05:55:22.824+0000] {logging_mixin.py:190} INFO - [2024-08-30T05:55:22.824+0000] {dag.py:3211} INFO - Sync 1 DAGs
[2024-08-30T05:55:22.853+0000] {logging_mixin.py:190} INFO - [2024-08-30T05:55:22.853+0000] {dag.py:4138} INFO - Setting next_dagrun for example_branch_dop_operator_v3 to 2024-08-30 05:54:00+00:00, run_after=2024-08-30 05:55:00+00:00
[2024-08-30T05:55:22.875+0000] {processor.py:208} INFO - Processing /home/airflow/.local/lib/python3.12/site-packages/airflow/example_dags/example_branch_python_dop_operator_3.py took 0.096 seconds
[2024-08-30T05:56:00.532+0000] {processor.py:186} INFO - Started process (PID=967) to work on /home/airflow/.local/lib/python3.12/site-packages/airflow/example_dags/example_branch_python_dop_operator_3.py
[2024-08-30T05:56:00.534+0000] {processor.py:914} INFO - Processing file /home/airflow/.local/lib/python3.12/site-packages/airflow/example_dags/example_branch_python_dop_operator_3.py for tasks to queue
[2024-08-30T05:56:00.538+0000] {logging_mixin.py:190} INFO - [2024-08-30T05:56:00.538+0000] {dagbag.py:587} INFO - Filling up the DagBag from /home/airflow/.local/lib/python3.12/site-packages/airflow/example_dags/example_branch_python_dop_operator_3.py
[2024-08-30T05:56:00.555+0000] {processor.py:925} INFO - DAG(s) 'example_branch_dop_operator_v3' retrieved from /home/airflow/.local/lib/python3.12/site-packages/airflow/example_dags/example_branch_python_dop_operator_3.py
[2024-08-30T05:56:00.586+0000] {logging_mixin.py:190} INFO - [2024-08-30T05:56:00.585+0000] {dag.py:3211} INFO - Sync 1 DAGs
[2024-08-30T05:56:00.618+0000] {logging_mixin.py:190} INFO - [2024-08-30T05:56:00.618+0000] {dag.py:4138} INFO - Setting next_dagrun for example_branch_dop_operator_v3 to 2024-08-30 05:55:00+00:00, run_after=2024-08-30 05:56:00+00:00
[2024-08-30T05:56:00.640+0000] {processor.py:208} INFO - Processing /home/airflow/.local/lib/python3.12/site-packages/airflow/example_dags/example_branch_python_dop_operator_3.py took 0.116 seconds
[2024-08-30T05:56:31.437+0000] {processor.py:186} INFO - Started process (PID=1029) to work on /home/airflow/.local/lib/python3.12/site-packages/airflow/example_dags/example_branch_python_dop_operator_3.py
[2024-08-30T05:56:31.438+0000] {processor.py:914} INFO - Processing file /home/airflow/.local/lib/python3.12/site-packages/airflow/example_dags/example_branch_python_dop_operator_3.py for tasks to queue
[2024-08-30T05:56:31.441+0000] {logging_mixin.py:190} INFO - [2024-08-30T05:56:31.440+0000] {dagbag.py:587} INFO - Filling up the DagBag from /home/airflow/.local/lib/python3.12/site-packages/airflow/example_dags/example_branch_python_dop_operator_3.py
[2024-08-30T05:56:31.453+0000] {processor.py:925} INFO - DAG(s) 'example_branch_dop_operator_v3' retrieved from /home/airflow/.local/lib/python3.12/site-packages/airflow/example_dags/example_branch_python_dop_operator_3.py
[2024-08-30T05:56:31.476+0000] {logging_mixin.py:190} INFO - [2024-08-30T05:56:31.476+0000] {dag.py:3211} INFO - Sync 1 DAGs
[2024-08-30T05:56:31.507+0000] {logging_mixin.py:190} INFO - [2024-08-30T05:56:31.507+0000] {dag.py:4138} INFO - Setting next_dagrun for example_branch_dop_operator_v3 to 2024-08-30 05:55:00+00:00, run_after=2024-08-30 05:56:00+00:00
[2024-08-30T05:56:31.535+0000] {processor.py:208} INFO - Processing /home/airflow/.local/lib/python3.12/site-packages/airflow/example_dags/example_branch_python_dop_operator_3.py took 0.105 seconds
