[2024-08-30T05:48:12.800+0000] {processor.py:186} INFO - Started process (PID=87) to work on /home/airflow/.local/lib/python3.12/site-packages/airflow/example_dags/example_short_circuit_operator.py
[2024-08-30T05:48:12.801+0000] {processor.py:914} INFO - Processing file /home/airflow/.local/lib/python3.12/site-packages/airflow/example_dags/example_short_circuit_operator.py for tasks to queue
[2024-08-30T05:48:12.804+0000] {logging_mixin.py:190} INFO - [2024-08-30T05:48:12.803+0000] {dagbag.py:587} INFO - Filling up the DagBag from /home/airflow/.local/lib/python3.12/site-packages/airflow/example_dags/example_short_circuit_operator.py
[2024-08-30T05:48:12.816+0000] {processor.py:925} INFO - DAG(s) 'example_short_circuit_operator' retrieved from /home/airflow/.local/lib/python3.12/site-packages/airflow/example_dags/example_short_circuit_operator.py
[2024-08-30T05:48:12.974+0000] {logging_mixin.py:190} INFO - [2024-08-30T05:48:12.973+0000] {override.py:1858} INFO - Created Permission View: can delete on DAG:example_short_circuit_operator
[2024-08-30T05:48:12.986+0000] {logging_mixin.py:190} INFO - [2024-08-30T05:48:12.986+0000] {override.py:1858} INFO - Created Permission View: can edit on DAG:example_short_circuit_operator
[2024-08-30T05:48:12.995+0000] {logging_mixin.py:190} INFO - [2024-08-30T05:48:12.994+0000] {override.py:1858} INFO - Created Permission View: can read on DAG:example_short_circuit_operator
[2024-08-30T05:48:12.995+0000] {logging_mixin.py:190} INFO - [2024-08-30T05:48:12.995+0000] {dag.py:3211} INFO - Sync 1 DAGs
[2024-08-30T05:48:13.012+0000] {logging_mixin.py:190} INFO - [2024-08-30T05:48:13.011+0000] {dag.py:3234} INFO - Creating ORM DAG for example_short_circuit_operator
[2024-08-30T05:48:13.027+0000] {logging_mixin.py:190} INFO - [2024-08-30T05:48:13.027+0000] {dag.py:4138} INFO - Setting next_dagrun for example_short_circuit_operator to 2024-08-29 00:00:00+00:00, run_after=2024-08-30 00:00:00+00:00
[2024-08-30T05:48:13.064+0000] {processor.py:208} INFO - Processing /home/airflow/.local/lib/python3.12/site-packages/airflow/example_dags/example_short_circuit_operator.py took 0.272 seconds
[2024-08-30T05:48:43.542+0000] {processor.py:186} INFO - Started process (PID=149) to work on /home/airflow/.local/lib/python3.12/site-packages/airflow/example_dags/example_short_circuit_operator.py
[2024-08-30T05:48:43.544+0000] {processor.py:914} INFO - Processing file /home/airflow/.local/lib/python3.12/site-packages/airflow/example_dags/example_short_circuit_operator.py for tasks to queue
[2024-08-30T05:48:43.550+0000] {logging_mixin.py:190} INFO - [2024-08-30T05:48:43.550+0000] {dagbag.py:587} INFO - Filling up the DagBag from /home/airflow/.local/lib/python3.12/site-packages/airflow/example_dags/example_short_circuit_operator.py
[2024-08-30T05:48:43.585+0000] {processor.py:925} INFO - DAG(s) 'example_short_circuit_operator' retrieved from /home/airflow/.local/lib/python3.12/site-packages/airflow/example_dags/example_short_circuit_operator.py
[2024-08-30T05:48:43.700+0000] {logging_mixin.py:190} INFO - [2024-08-30T05:48:43.688+0000] {dag.py:3211} INFO - Sync 1 DAGs
[2024-08-30T05:48:43.822+0000] {logging_mixin.py:190} INFO - [2024-08-30T05:48:43.821+0000] {dag.py:4138} INFO - Setting next_dagrun for example_short_circuit_operator to 2024-08-29 00:00:00+00:00, run_after=2024-08-30 00:00:00+00:00
[2024-08-30T05:48:43.887+0000] {processor.py:208} INFO - Processing /home/airflow/.local/lib/python3.12/site-packages/airflow/example_dags/example_short_circuit_operator.py took 0.366 seconds
[2024-08-30T05:49:34.359+0000] {processor.py:186} INFO - Started process (PID=218) to work on /home/airflow/.local/lib/python3.12/site-packages/airflow/example_dags/example_short_circuit_operator.py
[2024-08-30T05:49:34.363+0000] {processor.py:914} INFO - Processing file /home/airflow/.local/lib/python3.12/site-packages/airflow/example_dags/example_short_circuit_operator.py for tasks to queue
[2024-08-30T05:49:34.368+0000] {logging_mixin.py:190} INFO - [2024-08-30T05:49:34.367+0000] {dagbag.py:587} INFO - Filling up the DagBag from /home/airflow/.local/lib/python3.12/site-packages/airflow/example_dags/example_short_circuit_operator.py
[2024-08-30T05:49:34.400+0000] {processor.py:925} INFO - DAG(s) 'example_short_circuit_operator' retrieved from /home/airflow/.local/lib/python3.12/site-packages/airflow/example_dags/example_short_circuit_operator.py
[2024-08-30T05:49:34.487+0000] {logging_mixin.py:190} INFO - [2024-08-30T05:49:34.486+0000] {dag.py:3211} INFO - Sync 1 DAGs
[2024-08-30T05:49:34.654+0000] {logging_mixin.py:190} INFO - [2024-08-30T05:49:34.652+0000] {dag.py:4138} INFO - Setting next_dagrun for example_short_circuit_operator to 2024-08-29 00:00:00+00:00, run_after=2024-08-30 00:00:00+00:00
[2024-08-30T05:49:34.817+0000] {processor.py:208} INFO - Processing /home/airflow/.local/lib/python3.12/site-packages/airflow/example_dags/example_short_circuit_operator.py took 0.475 seconds
[2024-08-30T05:50:05.272+0000] {processor.py:186} INFO - Started process (PID=280) to work on /home/airflow/.local/lib/python3.12/site-packages/airflow/example_dags/example_short_circuit_operator.py
[2024-08-30T05:50:05.274+0000] {processor.py:914} INFO - Processing file /home/airflow/.local/lib/python3.12/site-packages/airflow/example_dags/example_short_circuit_operator.py for tasks to queue
[2024-08-30T05:50:05.279+0000] {logging_mixin.py:190} INFO - [2024-08-30T05:50:05.278+0000] {dagbag.py:587} INFO - Filling up the DagBag from /home/airflow/.local/lib/python3.12/site-packages/airflow/example_dags/example_short_circuit_operator.py
[2024-08-30T05:50:05.294+0000] {processor.py:925} INFO - DAG(s) 'example_short_circuit_operator' retrieved from /home/airflow/.local/lib/python3.12/site-packages/airflow/example_dags/example_short_circuit_operator.py
[2024-08-30T05:50:05.327+0000] {logging_mixin.py:190} INFO - [2024-08-30T05:50:05.326+0000] {dag.py:3211} INFO - Sync 1 DAGs
[2024-08-30T05:50:05.394+0000] {logging_mixin.py:190} INFO - [2024-08-30T05:50:05.394+0000] {dag.py:4138} INFO - Setting next_dagrun for example_short_circuit_operator to 2024-08-29 00:00:00+00:00, run_after=2024-08-30 00:00:00+00:00
[2024-08-30T05:50:05.435+0000] {processor.py:208} INFO - Processing /home/airflow/.local/lib/python3.12/site-packages/airflow/example_dags/example_short_circuit_operator.py took 0.173 seconds
[2024-08-30T05:50:37.184+0000] {processor.py:186} INFO - Started process (PID=344) to work on /home/airflow/.local/lib/python3.12/site-packages/airflow/example_dags/example_short_circuit_operator.py
[2024-08-30T05:50:37.188+0000] {processor.py:914} INFO - Processing file /home/airflow/.local/lib/python3.12/site-packages/airflow/example_dags/example_short_circuit_operator.py for tasks to queue
[2024-08-30T05:50:37.195+0000] {logging_mixin.py:190} INFO - [2024-08-30T05:50:37.194+0000] {dagbag.py:587} INFO - Filling up the DagBag from /home/airflow/.local/lib/python3.12/site-packages/airflow/example_dags/example_short_circuit_operator.py
[2024-08-30T05:50:37.210+0000] {processor.py:925} INFO - DAG(s) 'example_short_circuit_operator' retrieved from /home/airflow/.local/lib/python3.12/site-packages/airflow/example_dags/example_short_circuit_operator.py
[2024-08-30T05:50:37.240+0000] {logging_mixin.py:190} INFO - [2024-08-30T05:50:37.239+0000] {dag.py:3211} INFO - Sync 1 DAGs
[2024-08-30T05:50:37.304+0000] {logging_mixin.py:190} INFO - [2024-08-30T05:50:37.304+0000] {dag.py:4138} INFO - Setting next_dagrun for example_short_circuit_operator to 2024-08-29 00:00:00+00:00, run_after=2024-08-30 00:00:00+00:00
[2024-08-30T05:50:37.346+0000] {processor.py:208} INFO - Processing /home/airflow/.local/lib/python3.12/site-packages/airflow/example_dags/example_short_circuit_operator.py took 0.171 seconds
[2024-08-30T05:51:07.448+0000] {processor.py:186} INFO - Started process (PID=406) to work on /home/airflow/.local/lib/python3.12/site-packages/airflow/example_dags/example_short_circuit_operator.py
[2024-08-30T05:51:07.449+0000] {processor.py:914} INFO - Processing file /home/airflow/.local/lib/python3.12/site-packages/airflow/example_dags/example_short_circuit_operator.py for tasks to queue
[2024-08-30T05:51:07.452+0000] {logging_mixin.py:190} INFO - [2024-08-30T05:51:07.451+0000] {dagbag.py:587} INFO - Filling up the DagBag from /home/airflow/.local/lib/python3.12/site-packages/airflow/example_dags/example_short_circuit_operator.py
[2024-08-30T05:51:07.461+0000] {processor.py:925} INFO - DAG(s) 'example_short_circuit_operator' retrieved from /home/airflow/.local/lib/python3.12/site-packages/airflow/example_dags/example_short_circuit_operator.py
[2024-08-30T05:51:07.487+0000] {logging_mixin.py:190} INFO - [2024-08-30T05:51:07.487+0000] {dag.py:3211} INFO - Sync 1 DAGs
[2024-08-30T05:51:07.510+0000] {logging_mixin.py:190} INFO - [2024-08-30T05:51:07.510+0000] {dag.py:4138} INFO - Setting next_dagrun for example_short_circuit_operator to 2024-08-29 00:00:00+00:00, run_after=2024-08-30 00:00:00+00:00
[2024-08-30T05:51:07.533+0000] {processor.py:208} INFO - Processing /home/airflow/.local/lib/python3.12/site-packages/airflow/example_dags/example_short_circuit_operator.py took 0.091 seconds
[2024-08-30T05:51:39.144+0000] {processor.py:186} INFO - Started process (PID=468) to work on /home/airflow/.local/lib/python3.12/site-packages/airflow/example_dags/example_short_circuit_operator.py
[2024-08-30T05:51:39.145+0000] {processor.py:914} INFO - Processing file /home/airflow/.local/lib/python3.12/site-packages/airflow/example_dags/example_short_circuit_operator.py for tasks to queue
[2024-08-30T05:51:39.148+0000] {logging_mixin.py:190} INFO - [2024-08-30T05:51:39.148+0000] {dagbag.py:587} INFO - Filling up the DagBag from /home/airflow/.local/lib/python3.12/site-packages/airflow/example_dags/example_short_circuit_operator.py
[2024-08-30T05:51:39.164+0000] {processor.py:925} INFO - DAG(s) 'example_short_circuit_operator' retrieved from /home/airflow/.local/lib/python3.12/site-packages/airflow/example_dags/example_short_circuit_operator.py
[2024-08-30T05:51:39.202+0000] {logging_mixin.py:190} INFO - [2024-08-30T05:51:39.202+0000] {dag.py:3211} INFO - Sync 1 DAGs
[2024-08-30T05:51:39.237+0000] {logging_mixin.py:190} INFO - [2024-08-30T05:51:39.237+0000] {dag.py:4138} INFO - Setting next_dagrun for example_short_circuit_operator to 2024-08-29 00:00:00+00:00, run_after=2024-08-30 00:00:00+00:00
[2024-08-30T05:51:39.263+0000] {processor.py:208} INFO - Processing /home/airflow/.local/lib/python3.12/site-packages/airflow/example_dags/example_short_circuit_operator.py took 0.125 seconds
[2024-08-30T05:52:20.705+0000] {processor.py:186} INFO - Started process (PID=547) to work on /home/airflow/.local/lib/python3.12/site-packages/airflow/example_dags/example_short_circuit_operator.py
[2024-08-30T05:52:20.707+0000] {processor.py:914} INFO - Processing file /home/airflow/.local/lib/python3.12/site-packages/airflow/example_dags/example_short_circuit_operator.py for tasks to queue
[2024-08-30T05:52:20.710+0000] {logging_mixin.py:190} INFO - [2024-08-30T05:52:20.710+0000] {dagbag.py:587} INFO - Filling up the DagBag from /home/airflow/.local/lib/python3.12/site-packages/airflow/example_dags/example_short_circuit_operator.py
[2024-08-30T05:52:20.719+0000] {processor.py:925} INFO - DAG(s) 'example_short_circuit_operator' retrieved from /home/airflow/.local/lib/python3.12/site-packages/airflow/example_dags/example_short_circuit_operator.py
[2024-08-30T05:52:20.745+0000] {logging_mixin.py:190} INFO - [2024-08-30T05:52:20.745+0000] {dag.py:3211} INFO - Sync 1 DAGs
[2024-08-30T05:52:20.786+0000] {logging_mixin.py:190} INFO - [2024-08-30T05:52:20.786+0000] {dag.py:4138} INFO - Setting next_dagrun for example_short_circuit_operator to 2024-08-29 00:00:00+00:00, run_after=2024-08-30 00:00:00+00:00
[2024-08-30T05:52:20.844+0000] {processor.py:208} INFO - Processing /home/airflow/.local/lib/python3.12/site-packages/airflow/example_dags/example_short_circuit_operator.py took 0.146 seconds
[2024-08-30T05:52:51.327+0000] {processor.py:186} INFO - Started process (PID=609) to work on /home/airflow/.local/lib/python3.12/site-packages/airflow/example_dags/example_short_circuit_operator.py
[2024-08-30T05:52:51.328+0000] {processor.py:914} INFO - Processing file /home/airflow/.local/lib/python3.12/site-packages/airflow/example_dags/example_short_circuit_operator.py for tasks to queue
[2024-08-30T05:52:51.330+0000] {logging_mixin.py:190} INFO - [2024-08-30T05:52:51.330+0000] {dagbag.py:587} INFO - Filling up the DagBag from /home/airflow/.local/lib/python3.12/site-packages/airflow/example_dags/example_short_circuit_operator.py
[2024-08-30T05:52:51.339+0000] {processor.py:925} INFO - DAG(s) 'example_short_circuit_operator' retrieved from /home/airflow/.local/lib/python3.12/site-packages/airflow/example_dags/example_short_circuit_operator.py
[2024-08-30T05:52:51.364+0000] {logging_mixin.py:190} INFO - [2024-08-30T05:52:51.364+0000] {dag.py:3211} INFO - Sync 1 DAGs
[2024-08-30T05:52:51.399+0000] {logging_mixin.py:190} INFO - [2024-08-30T05:52:51.398+0000] {dag.py:4138} INFO - Setting next_dagrun for example_short_circuit_operator to 2024-08-29 00:00:00+00:00, run_after=2024-08-30 00:00:00+00:00
[2024-08-30T05:52:51.422+0000] {processor.py:208} INFO - Processing /home/airflow/.local/lib/python3.12/site-packages/airflow/example_dags/example_short_circuit_operator.py took 0.102 seconds
[2024-08-30T05:53:22.611+0000] {processor.py:186} INFO - Started process (PID=671) to work on /home/airflow/.local/lib/python3.12/site-packages/airflow/example_dags/example_short_circuit_operator.py
[2024-08-30T05:53:22.612+0000] {processor.py:914} INFO - Processing file /home/airflow/.local/lib/python3.12/site-packages/airflow/example_dags/example_short_circuit_operator.py for tasks to queue
[2024-08-30T05:53:22.616+0000] {logging_mixin.py:190} INFO - [2024-08-30T05:53:22.615+0000] {dagbag.py:587} INFO - Filling up the DagBag from /home/airflow/.local/lib/python3.12/site-packages/airflow/example_dags/example_short_circuit_operator.py
[2024-08-30T05:53:22.629+0000] {processor.py:925} INFO - DAG(s) 'example_short_circuit_operator' retrieved from /home/airflow/.local/lib/python3.12/site-packages/airflow/example_dags/example_short_circuit_operator.py
[2024-08-30T05:53:22.660+0000] {logging_mixin.py:190} INFO - [2024-08-30T05:53:22.660+0000] {dag.py:3211} INFO - Sync 1 DAGs
[2024-08-30T05:53:22.690+0000] {logging_mixin.py:190} INFO - [2024-08-30T05:53:22.690+0000] {dag.py:4138} INFO - Setting next_dagrun for example_short_circuit_operator to 2024-08-29 00:00:00+00:00, run_after=2024-08-30 00:00:00+00:00
[2024-08-30T05:53:22.715+0000] {processor.py:208} INFO - Processing /home/airflow/.local/lib/python3.12/site-packages/airflow/example_dags/example_short_circuit_operator.py took 0.112 seconds
[2024-08-30T05:53:52.920+0000] {processor.py:186} INFO - Started process (PID=733) to work on /home/airflow/.local/lib/python3.12/site-packages/airflow/example_dags/example_short_circuit_operator.py
[2024-08-30T05:53:52.921+0000] {processor.py:914} INFO - Processing file /home/airflow/.local/lib/python3.12/site-packages/airflow/example_dags/example_short_circuit_operator.py for tasks to queue
[2024-08-30T05:53:52.924+0000] {logging_mixin.py:190} INFO - [2024-08-30T05:53:52.923+0000] {dagbag.py:587} INFO - Filling up the DagBag from /home/airflow/.local/lib/python3.12/site-packages/airflow/example_dags/example_short_circuit_operator.py
[2024-08-30T05:53:52.934+0000] {processor.py:925} INFO - DAG(s) 'example_short_circuit_operator' retrieved from /home/airflow/.local/lib/python3.12/site-packages/airflow/example_dags/example_short_circuit_operator.py
[2024-08-30T05:53:52.959+0000] {logging_mixin.py:190} INFO - [2024-08-30T05:53:52.959+0000] {dag.py:3211} INFO - Sync 1 DAGs
[2024-08-30T05:53:52.984+0000] {logging_mixin.py:190} INFO - [2024-08-30T05:53:52.984+0000] {dag.py:4138} INFO - Setting next_dagrun for example_short_circuit_operator to 2024-08-29 00:00:00+00:00, run_after=2024-08-30 00:00:00+00:00
[2024-08-30T05:53:53.004+0000] {processor.py:208} INFO - Processing /home/airflow/.local/lib/python3.12/site-packages/airflow/example_dags/example_short_circuit_operator.py took 0.090 seconds
[2024-08-30T05:54:23.269+0000] {processor.py:186} INFO - Started process (PID=796) to work on /home/airflow/.local/lib/python3.12/site-packages/airflow/example_dags/example_short_circuit_operator.py
[2024-08-30T05:54:23.271+0000] {processor.py:914} INFO - Processing file /home/airflow/.local/lib/python3.12/site-packages/airflow/example_dags/example_short_circuit_operator.py for tasks to queue
[2024-08-30T05:54:23.274+0000] {logging_mixin.py:190} INFO - [2024-08-30T05:54:23.273+0000] {dagbag.py:587} INFO - Filling up the DagBag from /home/airflow/.local/lib/python3.12/site-packages/airflow/example_dags/example_short_circuit_operator.py
[2024-08-30T05:54:23.283+0000] {processor.py:925} INFO - DAG(s) 'example_short_circuit_operator' retrieved from /home/airflow/.local/lib/python3.12/site-packages/airflow/example_dags/example_short_circuit_operator.py
[2024-08-30T05:54:23.310+0000] {logging_mixin.py:190} INFO - [2024-08-30T05:54:23.310+0000] {dag.py:3211} INFO - Sync 1 DAGs
[2024-08-30T05:54:23.336+0000] {logging_mixin.py:190} INFO - [2024-08-30T05:54:23.335+0000] {dag.py:4138} INFO - Setting next_dagrun for example_short_circuit_operator to 2024-08-29 00:00:00+00:00, run_after=2024-08-30 00:00:00+00:00
[2024-08-30T05:54:23.358+0000] {processor.py:208} INFO - Processing /home/airflow/.local/lib/python3.12/site-packages/airflow/example_dags/example_short_circuit_operator.py took 0.095 seconds
[2024-08-30T05:54:53.625+0000] {processor.py:186} INFO - Started process (PID=858) to work on /home/airflow/.local/lib/python3.12/site-packages/airflow/example_dags/example_short_circuit_operator.py
[2024-08-30T05:54:53.626+0000] {processor.py:914} INFO - Processing file /home/airflow/.local/lib/python3.12/site-packages/airflow/example_dags/example_short_circuit_operator.py for tasks to queue
[2024-08-30T05:54:53.629+0000] {logging_mixin.py:190} INFO - [2024-08-30T05:54:53.629+0000] {dagbag.py:587} INFO - Filling up the DagBag from /home/airflow/.local/lib/python3.12/site-packages/airflow/example_dags/example_short_circuit_operator.py
[2024-08-30T05:54:53.639+0000] {processor.py:925} INFO - DAG(s) 'example_short_circuit_operator' retrieved from /home/airflow/.local/lib/python3.12/site-packages/airflow/example_dags/example_short_circuit_operator.py
[2024-08-30T05:54:53.665+0000] {logging_mixin.py:190} INFO - [2024-08-30T05:54:53.665+0000] {dag.py:3211} INFO - Sync 1 DAGs
[2024-08-30T05:54:53.693+0000] {logging_mixin.py:190} INFO - [2024-08-30T05:54:53.693+0000] {dag.py:4138} INFO - Setting next_dagrun for example_short_circuit_operator to 2024-08-29 00:00:00+00:00, run_after=2024-08-30 00:00:00+00:00
[2024-08-30T05:54:53.715+0000] {processor.py:208} INFO - Processing /home/airflow/.local/lib/python3.12/site-packages/airflow/example_dags/example_short_circuit_operator.py took 0.096 seconds
[2024-08-30T05:55:23.891+0000] {processor.py:186} INFO - Started process (PID=919) to work on /home/airflow/.local/lib/python3.12/site-packages/airflow/example_dags/example_short_circuit_operator.py
[2024-08-30T05:55:23.892+0000] {processor.py:914} INFO - Processing file /home/airflow/.local/lib/python3.12/site-packages/airflow/example_dags/example_short_circuit_operator.py for tasks to queue
[2024-08-30T05:55:23.895+0000] {logging_mixin.py:190} INFO - [2024-08-30T05:55:23.895+0000] {dagbag.py:587} INFO - Filling up the DagBag from /home/airflow/.local/lib/python3.12/site-packages/airflow/example_dags/example_short_circuit_operator.py
[2024-08-30T05:55:23.904+0000] {processor.py:925} INFO - DAG(s) 'example_short_circuit_operator' retrieved from /home/airflow/.local/lib/python3.12/site-packages/airflow/example_dags/example_short_circuit_operator.py
[2024-08-30T05:55:23.930+0000] {logging_mixin.py:190} INFO - [2024-08-30T05:55:23.929+0000] {dag.py:3211} INFO - Sync 1 DAGs
[2024-08-30T05:55:23.961+0000] {logging_mixin.py:190} INFO - [2024-08-30T05:55:23.960+0000] {dag.py:4138} INFO - Setting next_dagrun for example_short_circuit_operator to 2024-08-29 00:00:00+00:00, run_after=2024-08-30 00:00:00+00:00
[2024-08-30T05:55:23.984+0000] {processor.py:208} INFO - Processing /home/airflow/.local/lib/python3.12/site-packages/airflow/example_dags/example_short_circuit_operator.py took 0.099 seconds
[2024-08-30T05:56:01.694+0000] {processor.py:186} INFO - Started process (PID=981) to work on /home/airflow/.local/lib/python3.12/site-packages/airflow/example_dags/example_short_circuit_operator.py
[2024-08-30T05:56:01.695+0000] {processor.py:914} INFO - Processing file /home/airflow/.local/lib/python3.12/site-packages/airflow/example_dags/example_short_circuit_operator.py for tasks to queue
[2024-08-30T05:56:01.698+0000] {logging_mixin.py:190} INFO - [2024-08-30T05:56:01.697+0000] {dagbag.py:587} INFO - Filling up the DagBag from /home/airflow/.local/lib/python3.12/site-packages/airflow/example_dags/example_short_circuit_operator.py
[2024-08-30T05:56:01.707+0000] {processor.py:925} INFO - DAG(s) 'example_short_circuit_operator' retrieved from /home/airflow/.local/lib/python3.12/site-packages/airflow/example_dags/example_short_circuit_operator.py
[2024-08-30T05:56:01.735+0000] {logging_mixin.py:190} INFO - [2024-08-30T05:56:01.734+0000] {dag.py:3211} INFO - Sync 1 DAGs
[2024-08-30T05:56:01.762+0000] {logging_mixin.py:190} INFO - [2024-08-30T05:56:01.762+0000] {dag.py:4138} INFO - Setting next_dagrun for example_short_circuit_operator to 2024-08-29 00:00:00+00:00, run_after=2024-08-30 00:00:00+00:00
[2024-08-30T05:56:01.785+0000] {processor.py:208} INFO - Processing /home/airflow/.local/lib/python3.12/site-packages/airflow/example_dags/example_short_circuit_operator.py took 0.097 seconds
[2024-08-30T05:56:32.526+0000] {processor.py:186} INFO - Started process (PID=1043) to work on /home/airflow/.local/lib/python3.12/site-packages/airflow/example_dags/example_short_circuit_operator.py
[2024-08-30T05:56:32.528+0000] {processor.py:914} INFO - Processing file /home/airflow/.local/lib/python3.12/site-packages/airflow/example_dags/example_short_circuit_operator.py for tasks to queue
[2024-08-30T05:56:32.531+0000] {logging_mixin.py:190} INFO - [2024-08-30T05:56:32.530+0000] {dagbag.py:587} INFO - Filling up the DagBag from /home/airflow/.local/lib/python3.12/site-packages/airflow/example_dags/example_short_circuit_operator.py
[2024-08-30T05:56:32.542+0000] {processor.py:925} INFO - DAG(s) 'example_short_circuit_operator' retrieved from /home/airflow/.local/lib/python3.12/site-packages/airflow/example_dags/example_short_circuit_operator.py
[2024-08-30T05:56:32.569+0000] {logging_mixin.py:190} INFO - [2024-08-30T05:56:32.569+0000] {dag.py:3211} INFO - Sync 1 DAGs
[2024-08-30T05:56:32.595+0000] {logging_mixin.py:190} INFO - [2024-08-30T05:56:32.595+0000] {dag.py:4138} INFO - Setting next_dagrun for example_short_circuit_operator to 2024-08-29 00:00:00+00:00, run_after=2024-08-30 00:00:00+00:00
[2024-08-30T05:56:32.617+0000] {processor.py:208} INFO - Processing /home/airflow/.local/lib/python3.12/site-packages/airflow/example_dags/example_short_circuit_operator.py took 0.099 seconds
