[2024-08-30T05:48:09.513+0000] {processor.py:186} INFO - Started process (PID=69) to work on /home/airflow/.local/lib/python3.12/site-packages/airflow/example_dags/example_task_group.py
[2024-08-30T05:48:09.514+0000] {processor.py:914} INFO - Processing file /home/airflow/.local/lib/python3.12/site-packages/airflow/example_dags/example_task_group.py for tasks to queue
[2024-08-30T05:48:09.517+0000] {logging_mixin.py:190} INFO - [2024-08-30T05:48:09.516+0000] {dagbag.py:587} INFO - Filling up the DagBag from /home/airflow/.local/lib/python3.12/site-packages/airflow/example_dags/example_task_group.py
[2024-08-30T05:48:09.528+0000] {processor.py:925} INFO - DAG(s) 'example_task_group' retrieved from /home/airflow/.local/lib/python3.12/site-packages/airflow/example_dags/example_task_group.py
[2024-08-30T05:48:09.647+0000] {logging_mixin.py:190} INFO - [2024-08-30T05:48:09.646+0000] {override.py:1858} INFO - Created Permission View: can delete on DAG:example_task_group
[2024-08-30T05:48:09.661+0000] {logging_mixin.py:190} INFO - [2024-08-30T05:48:09.660+0000] {override.py:1858} INFO - Created Permission View: can edit on DAG:example_task_group
[2024-08-30T05:48:09.670+0000] {logging_mixin.py:190} INFO - [2024-08-30T05:48:09.670+0000] {override.py:1858} INFO - Created Permission View: can read on DAG:example_task_group
[2024-08-30T05:48:09.671+0000] {logging_mixin.py:190} INFO - [2024-08-30T05:48:09.671+0000] {dag.py:3211} INFO - Sync 1 DAGs
[2024-08-30T05:48:09.691+0000] {logging_mixin.py:190} INFO - [2024-08-30T05:48:09.691+0000] {dag.py:3234} INFO - Creating ORM DAG for example_task_group
[2024-08-30T05:48:09.705+0000] {logging_mixin.py:190} INFO - [2024-08-30T05:48:09.705+0000] {dag.py:4138} INFO - Setting next_dagrun for example_task_group to 2024-08-29 00:00:00+00:00, run_after=2024-08-30 00:00:00+00:00
[2024-08-30T05:48:09.728+0000] {processor.py:208} INFO - Processing /home/airflow/.local/lib/python3.12/site-packages/airflow/example_dags/example_task_group.py took 0.221 seconds
[2024-08-30T05:48:40.808+0000] {processor.py:186} INFO - Started process (PID=131) to work on /home/airflow/.local/lib/python3.12/site-packages/airflow/example_dags/example_task_group.py
[2024-08-30T05:48:40.810+0000] {processor.py:914} INFO - Processing file /home/airflow/.local/lib/python3.12/site-packages/airflow/example_dags/example_task_group.py for tasks to queue
[2024-08-30T05:48:40.827+0000] {logging_mixin.py:190} INFO - [2024-08-30T05:48:40.826+0000] {dagbag.py:587} INFO - Filling up the DagBag from /home/airflow/.local/lib/python3.12/site-packages/airflow/example_dags/example_task_group.py
[2024-08-30T05:48:40.850+0000] {processor.py:925} INFO - DAG(s) 'example_task_group' retrieved from /home/airflow/.local/lib/python3.12/site-packages/airflow/example_dags/example_task_group.py
[2024-08-30T05:48:40.907+0000] {logging_mixin.py:190} INFO - [2024-08-30T05:48:40.907+0000] {dag.py:3211} INFO - Sync 1 DAGs
[2024-08-30T05:48:40.994+0000] {logging_mixin.py:190} INFO - [2024-08-30T05:48:40.993+0000] {dag.py:4138} INFO - Setting next_dagrun for example_task_group to 2024-08-29 00:00:00+00:00, run_after=2024-08-30 00:00:00+00:00
[2024-08-30T05:48:41.048+0000] {processor.py:208} INFO - Processing /home/airflow/.local/lib/python3.12/site-packages/airflow/example_dags/example_task_group.py took 0.258 seconds
[2024-08-30T05:49:28.386+0000] {processor.py:186} INFO - Started process (PID=200) to work on /home/airflow/.local/lib/python3.12/site-packages/airflow/example_dags/example_task_group.py
[2024-08-30T05:49:28.389+0000] {processor.py:914} INFO - Processing file /home/airflow/.local/lib/python3.12/site-packages/airflow/example_dags/example_task_group.py for tasks to queue
[2024-08-30T05:49:28.405+0000] {logging_mixin.py:190} INFO - [2024-08-30T05:49:28.404+0000] {dagbag.py:587} INFO - Filling up the DagBag from /home/airflow/.local/lib/python3.12/site-packages/airflow/example_dags/example_task_group.py
[2024-08-30T05:49:28.441+0000] {processor.py:925} INFO - DAG(s) 'example_task_group' retrieved from /home/airflow/.local/lib/python3.12/site-packages/airflow/example_dags/example_task_group.py
[2024-08-30T05:49:28.519+0000] {logging_mixin.py:190} INFO - [2024-08-30T05:49:28.519+0000] {dag.py:3211} INFO - Sync 1 DAGs
[2024-08-30T05:49:28.625+0000] {logging_mixin.py:190} INFO - [2024-08-30T05:49:28.625+0000] {dag.py:4138} INFO - Setting next_dagrun for example_task_group to 2024-08-29 00:00:00+00:00, run_after=2024-08-30 00:00:00+00:00
[2024-08-30T05:49:28.719+0000] {processor.py:208} INFO - Processing /home/airflow/.local/lib/python3.12/site-packages/airflow/example_dags/example_task_group.py took 0.354 seconds
[2024-08-30T05:49:59.711+0000] {processor.py:186} INFO - Started process (PID=262) to work on /home/airflow/.local/lib/python3.12/site-packages/airflow/example_dags/example_task_group.py
[2024-08-30T05:49:59.713+0000] {processor.py:914} INFO - Processing file /home/airflow/.local/lib/python3.12/site-packages/airflow/example_dags/example_task_group.py for tasks to queue
[2024-08-30T05:49:59.717+0000] {logging_mixin.py:190} INFO - [2024-08-30T05:49:59.717+0000] {dagbag.py:587} INFO - Filling up the DagBag from /home/airflow/.local/lib/python3.12/site-packages/airflow/example_dags/example_task_group.py
[2024-08-30T05:49:59.734+0000] {processor.py:925} INFO - DAG(s) 'example_task_group' retrieved from /home/airflow/.local/lib/python3.12/site-packages/airflow/example_dags/example_task_group.py
[2024-08-30T05:49:59.781+0000] {logging_mixin.py:190} INFO - [2024-08-30T05:49:59.781+0000] {dag.py:3211} INFO - Sync 1 DAGs
[2024-08-30T05:49:59.837+0000] {logging_mixin.py:190} INFO - [2024-08-30T05:49:59.836+0000] {dag.py:4138} INFO - Setting next_dagrun for example_task_group to 2024-08-29 00:00:00+00:00, run_after=2024-08-30 00:00:00+00:00
[2024-08-30T05:49:59.885+0000] {processor.py:208} INFO - Processing /home/airflow/.local/lib/python3.12/site-packages/airflow/example_dags/example_task_group.py took 0.183 seconds
[2024-08-30T05:50:30.138+0000] {processor.py:186} INFO - Started process (PID=324) to work on /home/airflow/.local/lib/python3.12/site-packages/airflow/example_dags/example_task_group.py
[2024-08-30T05:50:30.140+0000] {processor.py:914} INFO - Processing file /home/airflow/.local/lib/python3.12/site-packages/airflow/example_dags/example_task_group.py for tasks to queue
[2024-08-30T05:50:30.145+0000] {logging_mixin.py:190} INFO - [2024-08-30T05:50:30.145+0000] {dagbag.py:587} INFO - Filling up the DagBag from /home/airflow/.local/lib/python3.12/site-packages/airflow/example_dags/example_task_group.py
[2024-08-30T05:50:30.160+0000] {processor.py:925} INFO - DAG(s) 'example_task_group' retrieved from /home/airflow/.local/lib/python3.12/site-packages/airflow/example_dags/example_task_group.py
[2024-08-30T05:50:30.200+0000] {logging_mixin.py:190} INFO - [2024-08-30T05:50:30.200+0000] {dag.py:3211} INFO - Sync 1 DAGs
[2024-08-30T05:50:30.245+0000] {logging_mixin.py:190} INFO - [2024-08-30T05:50:30.244+0000] {dag.py:4138} INFO - Setting next_dagrun for example_task_group to 2024-08-29 00:00:00+00:00, run_after=2024-08-30 00:00:00+00:00
[2024-08-30T05:50:30.297+0000] {processor.py:208} INFO - Processing /home/airflow/.local/lib/python3.12/site-packages/airflow/example_dags/example_task_group.py took 0.169 seconds
[2024-08-30T05:51:00.411+0000] {processor.py:186} INFO - Started process (PID=386) to work on /home/airflow/.local/lib/python3.12/site-packages/airflow/example_dags/example_task_group.py
[2024-08-30T05:51:00.412+0000] {processor.py:914} INFO - Processing file /home/airflow/.local/lib/python3.12/site-packages/airflow/example_dags/example_task_group.py for tasks to queue
[2024-08-30T05:51:00.415+0000] {logging_mixin.py:190} INFO - [2024-08-30T05:51:00.415+0000] {dagbag.py:587} INFO - Filling up the DagBag from /home/airflow/.local/lib/python3.12/site-packages/airflow/example_dags/example_task_group.py
[2024-08-30T05:51:00.424+0000] {processor.py:925} INFO - DAG(s) 'example_task_group' retrieved from /home/airflow/.local/lib/python3.12/site-packages/airflow/example_dags/example_task_group.py
[2024-08-30T05:51:00.449+0000] {logging_mixin.py:190} INFO - [2024-08-30T05:51:00.448+0000] {dag.py:3211} INFO - Sync 1 DAGs
[2024-08-30T05:51:00.485+0000] {logging_mixin.py:190} INFO - [2024-08-30T05:51:00.485+0000] {dag.py:4138} INFO - Setting next_dagrun for example_task_group to 2024-08-29 00:00:00+00:00, run_after=2024-08-30 00:00:00+00:00
[2024-08-30T05:51:00.512+0000] {processor.py:208} INFO - Processing /home/airflow/.local/lib/python3.12/site-packages/airflow/example_dags/example_task_group.py took 0.107 seconds
[2024-08-30T05:51:31.019+0000] {processor.py:186} INFO - Started process (PID=448) to work on /home/airflow/.local/lib/python3.12/site-packages/airflow/example_dags/example_task_group.py
[2024-08-30T05:51:31.042+0000] {processor.py:914} INFO - Processing file /home/airflow/.local/lib/python3.12/site-packages/airflow/example_dags/example_task_group.py for tasks to queue
[2024-08-30T05:51:31.052+0000] {logging_mixin.py:190} INFO - [2024-08-30T05:51:31.051+0000] {dagbag.py:587} INFO - Filling up the DagBag from /home/airflow/.local/lib/python3.12/site-packages/airflow/example_dags/example_task_group.py
[2024-08-30T05:51:31.077+0000] {processor.py:925} INFO - DAG(s) 'example_task_group' retrieved from /home/airflow/.local/lib/python3.12/site-packages/airflow/example_dags/example_task_group.py
[2024-08-30T05:51:31.235+0000] {logging_mixin.py:190} INFO - [2024-08-30T05:51:31.234+0000] {dag.py:3211} INFO - Sync 1 DAGs
[2024-08-30T05:51:31.325+0000] {logging_mixin.py:190} INFO - [2024-08-30T05:51:31.324+0000] {dag.py:4138} INFO - Setting next_dagrun for example_task_group to 2024-08-29 00:00:00+00:00, run_after=2024-08-30 00:00:00+00:00
[2024-08-30T05:51:31.372+0000] {processor.py:208} INFO - Processing /home/airflow/.local/lib/python3.12/site-packages/airflow/example_dags/example_task_group.py took 0.374 seconds
[2024-08-30T05:52:18.957+0000] {processor.py:186} INFO - Started process (PID=529) to work on /home/airflow/.local/lib/python3.12/site-packages/airflow/example_dags/example_task_group.py
[2024-08-30T05:52:18.959+0000] {processor.py:914} INFO - Processing file /home/airflow/.local/lib/python3.12/site-packages/airflow/example_dags/example_task_group.py for tasks to queue
[2024-08-30T05:52:18.962+0000] {logging_mixin.py:190} INFO - [2024-08-30T05:52:18.962+0000] {dagbag.py:587} INFO - Filling up the DagBag from /home/airflow/.local/lib/python3.12/site-packages/airflow/example_dags/example_task_group.py
[2024-08-30T05:52:18.976+0000] {processor.py:925} INFO - DAG(s) 'example_task_group' retrieved from /home/airflow/.local/lib/python3.12/site-packages/airflow/example_dags/example_task_group.py
[2024-08-30T05:52:19.000+0000] {logging_mixin.py:190} INFO - [2024-08-30T05:52:19.000+0000] {dag.py:3211} INFO - Sync 1 DAGs
[2024-08-30T05:52:19.028+0000] {logging_mixin.py:190} INFO - [2024-08-30T05:52:19.028+0000] {dag.py:4138} INFO - Setting next_dagrun for example_task_group to 2024-08-29 00:00:00+00:00, run_after=2024-08-30 00:00:00+00:00
[2024-08-30T05:52:19.052+0000] {processor.py:208} INFO - Processing /home/airflow/.local/lib/python3.12/site-packages/airflow/example_dags/example_task_group.py took 0.102 seconds
[2024-08-30T05:52:50.075+0000] {processor.py:186} INFO - Started process (PID=591) to work on /home/airflow/.local/lib/python3.12/site-packages/airflow/example_dags/example_task_group.py
[2024-08-30T05:52:50.076+0000] {processor.py:914} INFO - Processing file /home/airflow/.local/lib/python3.12/site-packages/airflow/example_dags/example_task_group.py for tasks to queue
[2024-08-30T05:52:50.079+0000] {logging_mixin.py:190} INFO - [2024-08-30T05:52:50.079+0000] {dagbag.py:587} INFO - Filling up the DagBag from /home/airflow/.local/lib/python3.12/site-packages/airflow/example_dags/example_task_group.py
[2024-08-30T05:52:50.089+0000] {processor.py:925} INFO - DAG(s) 'example_task_group' retrieved from /home/airflow/.local/lib/python3.12/site-packages/airflow/example_dags/example_task_group.py
[2024-08-30T05:52:50.112+0000] {logging_mixin.py:190} INFO - [2024-08-30T05:52:50.111+0000] {dag.py:3211} INFO - Sync 1 DAGs
[2024-08-30T05:52:50.135+0000] {logging_mixin.py:190} INFO - [2024-08-30T05:52:50.134+0000] {dag.py:4138} INFO - Setting next_dagrun for example_task_group to 2024-08-29 00:00:00+00:00, run_after=2024-08-30 00:00:00+00:00
[2024-08-30T05:52:50.154+0000] {processor.py:208} INFO - Processing /home/airflow/.local/lib/python3.12/site-packages/airflow/example_dags/example_task_group.py took 0.086 seconds
[2024-08-30T05:53:21.126+0000] {processor.py:186} INFO - Started process (PID=653) to work on /home/airflow/.local/lib/python3.12/site-packages/airflow/example_dags/example_task_group.py
[2024-08-30T05:53:21.128+0000] {processor.py:914} INFO - Processing file /home/airflow/.local/lib/python3.12/site-packages/airflow/example_dags/example_task_group.py for tasks to queue
[2024-08-30T05:53:21.131+0000] {logging_mixin.py:190} INFO - [2024-08-30T05:53:21.130+0000] {dagbag.py:587} INFO - Filling up the DagBag from /home/airflow/.local/lib/python3.12/site-packages/airflow/example_dags/example_task_group.py
[2024-08-30T05:53:21.141+0000] {processor.py:925} INFO - DAG(s) 'example_task_group' retrieved from /home/airflow/.local/lib/python3.12/site-packages/airflow/example_dags/example_task_group.py
[2024-08-30T05:53:21.166+0000] {logging_mixin.py:190} INFO - [2024-08-30T05:53:21.166+0000] {dag.py:3211} INFO - Sync 1 DAGs
[2024-08-30T05:53:21.194+0000] {logging_mixin.py:190} INFO - [2024-08-30T05:53:21.194+0000] {dag.py:4138} INFO - Setting next_dagrun for example_task_group to 2024-08-29 00:00:00+00:00, run_after=2024-08-30 00:00:00+00:00
[2024-08-30T05:53:21.224+0000] {processor.py:208} INFO - Processing /home/airflow/.local/lib/python3.12/site-packages/airflow/example_dags/example_task_group.py took 0.104 seconds
[2024-08-30T05:53:51.446+0000] {processor.py:186} INFO - Started process (PID=715) to work on /home/airflow/.local/lib/python3.12/site-packages/airflow/example_dags/example_task_group.py
[2024-08-30T05:53:51.447+0000] {processor.py:914} INFO - Processing file /home/airflow/.local/lib/python3.12/site-packages/airflow/example_dags/example_task_group.py for tasks to queue
[2024-08-30T05:53:51.451+0000] {logging_mixin.py:190} INFO - [2024-08-30T05:53:51.451+0000] {dagbag.py:587} INFO - Filling up the DagBag from /home/airflow/.local/lib/python3.12/site-packages/airflow/example_dags/example_task_group.py
[2024-08-30T05:53:51.461+0000] {processor.py:925} INFO - DAG(s) 'example_task_group' retrieved from /home/airflow/.local/lib/python3.12/site-packages/airflow/example_dags/example_task_group.py
[2024-08-30T05:53:51.486+0000] {logging_mixin.py:190} INFO - [2024-08-30T05:53:51.485+0000] {dag.py:3211} INFO - Sync 1 DAGs
[2024-08-30T05:53:51.509+0000] {logging_mixin.py:190} INFO - [2024-08-30T05:53:51.508+0000] {dag.py:4138} INFO - Setting next_dagrun for example_task_group to 2024-08-29 00:00:00+00:00, run_after=2024-08-30 00:00:00+00:00
[2024-08-30T05:53:51.528+0000] {processor.py:208} INFO - Processing /home/airflow/.local/lib/python3.12/site-packages/airflow/example_dags/example_task_group.py took 0.089 seconds
[2024-08-30T05:54:21.689+0000] {processor.py:186} INFO - Started process (PID=777) to work on /home/airflow/.local/lib/python3.12/site-packages/airflow/example_dags/example_task_group.py
[2024-08-30T05:54:21.690+0000] {processor.py:914} INFO - Processing file /home/airflow/.local/lib/python3.12/site-packages/airflow/example_dags/example_task_group.py for tasks to queue
[2024-08-30T05:54:21.692+0000] {logging_mixin.py:190} INFO - [2024-08-30T05:54:21.692+0000] {dagbag.py:587} INFO - Filling up the DagBag from /home/airflow/.local/lib/python3.12/site-packages/airflow/example_dags/example_task_group.py
[2024-08-30T05:54:21.701+0000] {processor.py:925} INFO - DAG(s) 'example_task_group' retrieved from /home/airflow/.local/lib/python3.12/site-packages/airflow/example_dags/example_task_group.py
[2024-08-30T05:54:21.724+0000] {logging_mixin.py:190} INFO - [2024-08-30T05:54:21.723+0000] {dag.py:3211} INFO - Sync 1 DAGs
[2024-08-30T05:54:21.748+0000] {logging_mixin.py:190} INFO - [2024-08-30T05:54:21.747+0000] {dag.py:4138} INFO - Setting next_dagrun for example_task_group to 2024-08-29 00:00:00+00:00, run_after=2024-08-30 00:00:00+00:00
[2024-08-30T05:54:21.767+0000] {processor.py:208} INFO - Processing /home/airflow/.local/lib/python3.12/site-packages/airflow/example_dags/example_task_group.py took 0.084 seconds
[2024-08-30T05:54:52.061+0000] {processor.py:186} INFO - Started process (PID=838) to work on /home/airflow/.local/lib/python3.12/site-packages/airflow/example_dags/example_task_group.py
[2024-08-30T05:54:52.062+0000] {processor.py:914} INFO - Processing file /home/airflow/.local/lib/python3.12/site-packages/airflow/example_dags/example_task_group.py for tasks to queue
[2024-08-30T05:54:52.066+0000] {logging_mixin.py:190} INFO - [2024-08-30T05:54:52.065+0000] {dagbag.py:587} INFO - Filling up the DagBag from /home/airflow/.local/lib/python3.12/site-packages/airflow/example_dags/example_task_group.py
[2024-08-30T05:54:52.075+0000] {processor.py:925} INFO - DAG(s) 'example_task_group' retrieved from /home/airflow/.local/lib/python3.12/site-packages/airflow/example_dags/example_task_group.py
[2024-08-30T05:54:52.098+0000] {logging_mixin.py:190} INFO - [2024-08-30T05:54:52.098+0000] {dag.py:3211} INFO - Sync 1 DAGs
[2024-08-30T05:54:52.121+0000] {logging_mixin.py:190} INFO - [2024-08-30T05:54:52.121+0000] {dag.py:4138} INFO - Setting next_dagrun for example_task_group to 2024-08-29 00:00:00+00:00, run_after=2024-08-30 00:00:00+00:00
[2024-08-30T05:54:52.140+0000] {processor.py:208} INFO - Processing /home/airflow/.local/lib/python3.12/site-packages/airflow/example_dags/example_task_group.py took 0.085 seconds
[2024-08-30T05:55:22.418+0000] {processor.py:186} INFO - Started process (PID=900) to work on /home/airflow/.local/lib/python3.12/site-packages/airflow/example_dags/example_task_group.py
[2024-08-30T05:55:22.419+0000] {processor.py:914} INFO - Processing file /home/airflow/.local/lib/python3.12/site-packages/airflow/example_dags/example_task_group.py for tasks to queue
[2024-08-30T05:55:22.422+0000] {logging_mixin.py:190} INFO - [2024-08-30T05:55:22.422+0000] {dagbag.py:587} INFO - Filling up the DagBag from /home/airflow/.local/lib/python3.12/site-packages/airflow/example_dags/example_task_group.py
[2024-08-30T05:55:22.432+0000] {processor.py:925} INFO - DAG(s) 'example_task_group' retrieved from /home/airflow/.local/lib/python3.12/site-packages/airflow/example_dags/example_task_group.py
[2024-08-30T05:55:22.453+0000] {logging_mixin.py:190} INFO - [2024-08-30T05:55:22.453+0000] {dag.py:3211} INFO - Sync 1 DAGs
[2024-08-30T05:55:22.478+0000] {logging_mixin.py:190} INFO - [2024-08-30T05:55:22.477+0000] {dag.py:4138} INFO - Setting next_dagrun for example_task_group to 2024-08-29 00:00:00+00:00, run_after=2024-08-30 00:00:00+00:00
[2024-08-30T05:55:22.498+0000] {processor.py:208} INFO - Processing /home/airflow/.local/lib/python3.12/site-packages/airflow/example_dags/example_task_group.py took 0.086 seconds
[2024-08-30T05:56:00.241+0000] {processor.py:186} INFO - Started process (PID=963) to work on /home/airflow/.local/lib/python3.12/site-packages/airflow/example_dags/example_task_group.py
[2024-08-30T05:56:00.242+0000] {processor.py:914} INFO - Processing file /home/airflow/.local/lib/python3.12/site-packages/airflow/example_dags/example_task_group.py for tasks to queue
[2024-08-30T05:56:00.245+0000] {logging_mixin.py:190} INFO - [2024-08-30T05:56:00.244+0000] {dagbag.py:587} INFO - Filling up the DagBag from /home/airflow/.local/lib/python3.12/site-packages/airflow/example_dags/example_task_group.py
[2024-08-30T05:56:00.255+0000] {processor.py:925} INFO - DAG(s) 'example_task_group' retrieved from /home/airflow/.local/lib/python3.12/site-packages/airflow/example_dags/example_task_group.py
[2024-08-30T05:56:00.276+0000] {logging_mixin.py:190} INFO - [2024-08-30T05:56:00.275+0000] {dag.py:3211} INFO - Sync 1 DAGs
[2024-08-30T05:56:00.299+0000] {logging_mixin.py:190} INFO - [2024-08-30T05:56:00.299+0000] {dag.py:4138} INFO - Setting next_dagrun for example_task_group to 2024-08-29 00:00:00+00:00, run_after=2024-08-30 00:00:00+00:00
[2024-08-30T05:56:00.319+0000] {processor.py:208} INFO - Processing /home/airflow/.local/lib/python3.12/site-packages/airflow/example_dags/example_task_group.py took 0.084 seconds
[2024-08-30T05:56:31.179+0000] {processor.py:186} INFO - Started process (PID=1025) to work on /home/airflow/.local/lib/python3.12/site-packages/airflow/example_dags/example_task_group.py
[2024-08-30T05:56:31.180+0000] {processor.py:914} INFO - Processing file /home/airflow/.local/lib/python3.12/site-packages/airflow/example_dags/example_task_group.py for tasks to queue
[2024-08-30T05:56:31.183+0000] {logging_mixin.py:190} INFO - [2024-08-30T05:56:31.182+0000] {dagbag.py:587} INFO - Filling up the DagBag from /home/airflow/.local/lib/python3.12/site-packages/airflow/example_dags/example_task_group.py
[2024-08-30T05:56:31.195+0000] {processor.py:925} INFO - DAG(s) 'example_task_group' retrieved from /home/airflow/.local/lib/python3.12/site-packages/airflow/example_dags/example_task_group.py
[2024-08-30T05:56:31.217+0000] {logging_mixin.py:190} INFO - [2024-08-30T05:56:31.217+0000] {dag.py:3211} INFO - Sync 1 DAGs
[2024-08-30T05:56:31.241+0000] {logging_mixin.py:190} INFO - [2024-08-30T05:56:31.240+0000] {dag.py:4138} INFO - Setting next_dagrun for example_task_group to 2024-08-29 00:00:00+00:00, run_after=2024-08-30 00:00:00+00:00
[2024-08-30T05:56:31.258+0000] {processor.py:208} INFO - Processing /home/airflow/.local/lib/python3.12/site-packages/airflow/example_dags/example_task_group.py took 0.086 seconds
