[2024-08-30T05:48:08.600+0000] {processor.py:186} INFO - Started process (PID=64) to work on /home/airflow/.local/lib/python3.12/site-packages/airflow/example_dags/example_skip_dag.py
[2024-08-30T05:48:08.601+0000] {processor.py:914} INFO - Processing file /home/airflow/.local/lib/python3.12/site-packages/airflow/example_dags/example_skip_dag.py for tasks to queue
[2024-08-30T05:48:08.605+0000] {logging_mixin.py:190} INFO - [2024-08-30T05:48:08.604+0000] {dagbag.py:587} INFO - Filling up the DagBag from /home/airflow/.local/lib/python3.12/site-packages/airflow/example_dags/example_skip_dag.py
[2024-08-30T05:48:08.616+0000] {processor.py:925} INFO - DAG(s) 'example_skip_dag' retrieved from /home/airflow/.local/lib/python3.12/site-packages/airflow/example_dags/example_skip_dag.py
[2024-08-30T05:48:08.764+0000] {logging_mixin.py:190} INFO - [2024-08-30T05:48:08.763+0000] {override.py:1858} INFO - Created Permission View: can delete on DAG:example_skip_dag
[2024-08-30T05:48:08.780+0000] {logging_mixin.py:190} INFO - [2024-08-30T05:48:08.779+0000] {override.py:1858} INFO - Created Permission View: can edit on DAG:example_skip_dag
[2024-08-30T05:48:08.791+0000] {logging_mixin.py:190} INFO - [2024-08-30T05:48:08.790+0000] {override.py:1858} INFO - Created Permission View: can read on DAG:example_skip_dag
[2024-08-30T05:48:08.792+0000] {logging_mixin.py:190} INFO - [2024-08-30T05:48:08.791+0000] {dag.py:3211} INFO - Sync 1 DAGs
[2024-08-30T05:48:08.810+0000] {logging_mixin.py:190} INFO - [2024-08-30T05:48:08.810+0000] {dag.py:3234} INFO - Creating ORM DAG for example_skip_dag
[2024-08-30T05:48:08.827+0000] {logging_mixin.py:190} INFO - [2024-08-30T05:48:08.827+0000] {dag.py:4138} INFO - Setting next_dagrun for example_skip_dag to 2024-08-29 00:00:00+00:00, run_after=2024-08-30 00:00:00+00:00
[2024-08-30T05:48:08.853+0000] {processor.py:208} INFO - Processing /home/airflow/.local/lib/python3.12/site-packages/airflow/example_dags/example_skip_dag.py took 0.262 seconds
[2024-08-30T05:48:39.810+0000] {processor.py:186} INFO - Started process (PID=126) to work on /home/airflow/.local/lib/python3.12/site-packages/airflow/example_dags/example_skip_dag.py
[2024-08-30T05:48:39.821+0000] {processor.py:914} INFO - Processing file /home/airflow/.local/lib/python3.12/site-packages/airflow/example_dags/example_skip_dag.py for tasks to queue
[2024-08-30T05:48:39.832+0000] {logging_mixin.py:190} INFO - [2024-08-30T05:48:39.831+0000] {dagbag.py:587} INFO - Filling up the DagBag from /home/airflow/.local/lib/python3.12/site-packages/airflow/example_dags/example_skip_dag.py
[2024-08-30T05:48:39.860+0000] {processor.py:925} INFO - DAG(s) 'example_skip_dag' retrieved from /home/airflow/.local/lib/python3.12/site-packages/airflow/example_dags/example_skip_dag.py
[2024-08-30T05:48:39.934+0000] {logging_mixin.py:190} INFO - [2024-08-30T05:48:39.933+0000] {dag.py:3211} INFO - Sync 1 DAGs
[2024-08-30T05:48:40.018+0000] {logging_mixin.py:190} INFO - [2024-08-30T05:48:40.017+0000] {dag.py:4138} INFO - Setting next_dagrun for example_skip_dag to 2024-08-29 00:00:00+00:00, run_after=2024-08-30 00:00:00+00:00
[2024-08-30T05:48:40.068+0000] {processor.py:208} INFO - Processing /home/airflow/.local/lib/python3.12/site-packages/airflow/example_dags/example_skip_dag.py took 0.279 seconds
[2024-08-30T05:49:24.796+0000] {processor.py:186} INFO - Started process (PID=195) to work on /home/airflow/.local/lib/python3.12/site-packages/airflow/example_dags/example_skip_dag.py
[2024-08-30T05:49:24.839+0000] {processor.py:914} INFO - Processing file /home/airflow/.local/lib/python3.12/site-packages/airflow/example_dags/example_skip_dag.py for tasks to queue
[2024-08-30T05:49:24.934+0000] {logging_mixin.py:190} INFO - [2024-08-30T05:49:24.927+0000] {dagbag.py:587} INFO - Filling up the DagBag from /home/airflow/.local/lib/python3.12/site-packages/airflow/example_dags/example_skip_dag.py
[2024-08-30T05:49:25.175+0000] {processor.py:925} INFO - DAG(s) 'example_skip_dag' retrieved from /home/airflow/.local/lib/python3.12/site-packages/airflow/example_dags/example_skip_dag.py
[2024-08-30T05:49:25.666+0000] {logging_mixin.py:190} INFO - [2024-08-30T05:49:25.665+0000] {dag.py:3211} INFO - Sync 1 DAGs
[2024-08-30T05:49:25.999+0000] {logging_mixin.py:190} INFO - [2024-08-30T05:49:25.999+0000] {dag.py:4138} INFO - Setting next_dagrun for example_skip_dag to 2024-08-29 00:00:00+00:00, run_after=2024-08-30 00:00:00+00:00
[2024-08-30T05:49:26.177+0000] {processor.py:208} INFO - Processing /home/airflow/.local/lib/python3.12/site-packages/airflow/example_dags/example_skip_dag.py took 1.444 seconds
[2024-08-30T05:49:56.758+0000] {processor.py:186} INFO - Started process (PID=257) to work on /home/airflow/.local/lib/python3.12/site-packages/airflow/example_dags/example_skip_dag.py
[2024-08-30T05:49:56.762+0000] {processor.py:914} INFO - Processing file /home/airflow/.local/lib/python3.12/site-packages/airflow/example_dags/example_skip_dag.py for tasks to queue
[2024-08-30T05:49:56.777+0000] {logging_mixin.py:190} INFO - [2024-08-30T05:49:56.776+0000] {dagbag.py:587} INFO - Filling up the DagBag from /home/airflow/.local/lib/python3.12/site-packages/airflow/example_dags/example_skip_dag.py
[2024-08-30T05:49:56.815+0000] {processor.py:925} INFO - DAG(s) 'example_skip_dag' retrieved from /home/airflow/.local/lib/python3.12/site-packages/airflow/example_dags/example_skip_dag.py
[2024-08-30T05:49:56.886+0000] {logging_mixin.py:190} INFO - [2024-08-30T05:49:56.886+0000] {dag.py:3211} INFO - Sync 1 DAGs
[2024-08-30T05:49:56.967+0000] {logging_mixin.py:190} INFO - [2024-08-30T05:49:56.967+0000] {dag.py:4138} INFO - Setting next_dagrun for example_skip_dag to 2024-08-29 00:00:00+00:00, run_after=2024-08-30 00:00:00+00:00
[2024-08-30T05:49:57.056+0000] {processor.py:208} INFO - Processing /home/airflow/.local/lib/python3.12/site-packages/airflow/example_dags/example_skip_dag.py took 0.331 seconds
[2024-08-30T05:50:27.336+0000] {processor.py:186} INFO - Started process (PID=319) to work on /home/airflow/.local/lib/python3.12/site-packages/airflow/example_dags/example_skip_dag.py
[2024-08-30T05:50:27.361+0000] {processor.py:914} INFO - Processing file /home/airflow/.local/lib/python3.12/site-packages/airflow/example_dags/example_skip_dag.py for tasks to queue
[2024-08-30T05:50:27.403+0000] {logging_mixin.py:190} INFO - [2024-08-30T05:50:27.402+0000] {dagbag.py:587} INFO - Filling up the DagBag from /home/airflow/.local/lib/python3.12/site-packages/airflow/example_dags/example_skip_dag.py
[2024-08-30T05:50:27.638+0000] {processor.py:925} INFO - DAG(s) 'example_skip_dag' retrieved from /home/airflow/.local/lib/python3.12/site-packages/airflow/example_dags/example_skip_dag.py
[2024-08-30T05:50:27.690+0000] {logging_mixin.py:190} INFO - [2024-08-30T05:50:27.689+0000] {dag.py:3211} INFO - Sync 1 DAGs
[2024-08-30T05:50:27.770+0000] {logging_mixin.py:190} INFO - [2024-08-30T05:50:27.770+0000] {dag.py:4138} INFO - Setting next_dagrun for example_skip_dag to 2024-08-29 00:00:00+00:00, run_after=2024-08-30 00:00:00+00:00
[2024-08-30T05:50:27.840+0000] {processor.py:208} INFO - Processing /home/airflow/.local/lib/python3.12/site-packages/airflow/example_dags/example_skip_dag.py took 0.499 seconds
[2024-08-30T05:50:58.136+0000] {processor.py:186} INFO - Started process (PID=381) to work on /home/airflow/.local/lib/python3.12/site-packages/airflow/example_dags/example_skip_dag.py
[2024-08-30T05:50:58.139+0000] {processor.py:914} INFO - Processing file /home/airflow/.local/lib/python3.12/site-packages/airflow/example_dags/example_skip_dag.py for tasks to queue
[2024-08-30T05:50:58.146+0000] {logging_mixin.py:190} INFO - [2024-08-30T05:50:58.146+0000] {dagbag.py:587} INFO - Filling up the DagBag from /home/airflow/.local/lib/python3.12/site-packages/airflow/example_dags/example_skip_dag.py
[2024-08-30T05:50:58.169+0000] {processor.py:925} INFO - DAG(s) 'example_skip_dag' retrieved from /home/airflow/.local/lib/python3.12/site-packages/airflow/example_dags/example_skip_dag.py
[2024-08-30T05:50:58.237+0000] {logging_mixin.py:190} INFO - [2024-08-30T05:50:58.236+0000] {dag.py:3211} INFO - Sync 1 DAGs
[2024-08-30T05:50:58.298+0000] {logging_mixin.py:190} INFO - [2024-08-30T05:50:58.298+0000] {dag.py:4138} INFO - Setting next_dagrun for example_skip_dag to 2024-08-29 00:00:00+00:00, run_after=2024-08-30 00:00:00+00:00
[2024-08-30T05:50:58.324+0000] {processor.py:208} INFO - Processing /home/airflow/.local/lib/python3.12/site-packages/airflow/example_dags/example_skip_dag.py took 0.207 seconds
[2024-08-30T05:51:28.951+0000] {processor.py:186} INFO - Started process (PID=443) to work on /home/airflow/.local/lib/python3.12/site-packages/airflow/example_dags/example_skip_dag.py
[2024-08-30T05:51:28.953+0000] {processor.py:914} INFO - Processing file /home/airflow/.local/lib/python3.12/site-packages/airflow/example_dags/example_skip_dag.py for tasks to queue
[2024-08-30T05:51:28.958+0000] {logging_mixin.py:190} INFO - [2024-08-30T05:51:28.956+0000] {dagbag.py:587} INFO - Filling up the DagBag from /home/airflow/.local/lib/python3.12/site-packages/airflow/example_dags/example_skip_dag.py
[2024-08-30T05:51:28.979+0000] {processor.py:925} INFO - DAG(s) 'example_skip_dag' retrieved from /home/airflow/.local/lib/python3.12/site-packages/airflow/example_dags/example_skip_dag.py
[2024-08-30T05:51:29.132+0000] {logging_mixin.py:190} INFO - [2024-08-30T05:51:29.132+0000] {dag.py:3211} INFO - Sync 1 DAGs
[2024-08-30T05:51:29.195+0000] {logging_mixin.py:190} INFO - [2024-08-30T05:51:29.195+0000] {dag.py:4138} INFO - Setting next_dagrun for example_skip_dag to 2024-08-29 00:00:00+00:00, run_after=2024-08-30 00:00:00+00:00
[2024-08-30T05:51:29.228+0000] {processor.py:208} INFO - Processing /home/airflow/.local/lib/python3.12/site-packages/airflow/example_dags/example_skip_dag.py took 0.297 seconds
[2024-08-30T05:52:18.258+0000] {processor.py:186} INFO - Started process (PID=524) to work on /home/airflow/.local/lib/python3.12/site-packages/airflow/example_dags/example_skip_dag.py
[2024-08-30T05:52:18.260+0000] {processor.py:914} INFO - Processing file /home/airflow/.local/lib/python3.12/site-packages/airflow/example_dags/example_skip_dag.py for tasks to queue
[2024-08-30T05:52:18.264+0000] {logging_mixin.py:190} INFO - [2024-08-30T05:52:18.264+0000] {dagbag.py:587} INFO - Filling up the DagBag from /home/airflow/.local/lib/python3.12/site-packages/airflow/example_dags/example_skip_dag.py
[2024-08-30T05:52:18.280+0000] {processor.py:925} INFO - DAG(s) 'example_skip_dag' retrieved from /home/airflow/.local/lib/python3.12/site-packages/airflow/example_dags/example_skip_dag.py
[2024-08-30T05:52:18.324+0000] {logging_mixin.py:190} INFO - [2024-08-30T05:52:18.324+0000] {dag.py:3211} INFO - Sync 1 DAGs
[2024-08-30T05:52:18.368+0000] {logging_mixin.py:190} INFO - [2024-08-30T05:52:18.368+0000] {dag.py:4138} INFO - Setting next_dagrun for example_skip_dag to 2024-08-29 00:00:00+00:00, run_after=2024-08-30 00:00:00+00:00
[2024-08-30T05:52:18.399+0000] {processor.py:208} INFO - Processing /home/airflow/.local/lib/python3.12/site-packages/airflow/example_dags/example_skip_dag.py took 0.153 seconds
[2024-08-30T05:52:49.425+0000] {processor.py:186} INFO - Started process (PID=586) to work on /home/airflow/.local/lib/python3.12/site-packages/airflow/example_dags/example_skip_dag.py
[2024-08-30T05:52:49.427+0000] {processor.py:914} INFO - Processing file /home/airflow/.local/lib/python3.12/site-packages/airflow/example_dags/example_skip_dag.py for tasks to queue
[2024-08-30T05:52:49.430+0000] {logging_mixin.py:190} INFO - [2024-08-30T05:52:49.430+0000] {dagbag.py:587} INFO - Filling up the DagBag from /home/airflow/.local/lib/python3.12/site-packages/airflow/example_dags/example_skip_dag.py
[2024-08-30T05:52:49.447+0000] {processor.py:925} INFO - DAG(s) 'example_skip_dag' retrieved from /home/airflow/.local/lib/python3.12/site-packages/airflow/example_dags/example_skip_dag.py
[2024-08-30T05:52:49.493+0000] {logging_mixin.py:190} INFO - [2024-08-30T05:52:49.492+0000] {dag.py:3211} INFO - Sync 1 DAGs
[2024-08-30T05:52:49.529+0000] {logging_mixin.py:190} INFO - [2024-08-30T05:52:49.528+0000] {dag.py:4138} INFO - Setting next_dagrun for example_skip_dag to 2024-08-29 00:00:00+00:00, run_after=2024-08-30 00:00:00+00:00
[2024-08-30T05:52:49.555+0000] {processor.py:208} INFO - Processing /home/airflow/.local/lib/python3.12/site-packages/airflow/example_dags/example_skip_dag.py took 0.138 seconds
[2024-08-30T05:53:19.626+0000] {processor.py:186} INFO - Started process (PID=647) to work on /home/airflow/.local/lib/python3.12/site-packages/airflow/example_dags/example_skip_dag.py
[2024-08-30T05:53:19.627+0000] {processor.py:914} INFO - Processing file /home/airflow/.local/lib/python3.12/site-packages/airflow/example_dags/example_skip_dag.py for tasks to queue
[2024-08-30T05:53:19.629+0000] {logging_mixin.py:190} INFO - [2024-08-30T05:53:19.629+0000] {dagbag.py:587} INFO - Filling up the DagBag from /home/airflow/.local/lib/python3.12/site-packages/airflow/example_dags/example_skip_dag.py
[2024-08-30T05:53:19.637+0000] {processor.py:925} INFO - DAG(s) 'example_skip_dag' retrieved from /home/airflow/.local/lib/python3.12/site-packages/airflow/example_dags/example_skip_dag.py
[2024-08-30T05:53:19.658+0000] {logging_mixin.py:190} INFO - [2024-08-30T05:53:19.658+0000] {dag.py:3211} INFO - Sync 1 DAGs
[2024-08-30T05:53:19.688+0000] {logging_mixin.py:190} INFO - [2024-08-30T05:53:19.688+0000] {dag.py:4138} INFO - Setting next_dagrun for example_skip_dag to 2024-08-29 00:00:00+00:00, run_after=2024-08-30 00:00:00+00:00
[2024-08-30T05:53:19.710+0000] {processor.py:208} INFO - Processing /home/airflow/.local/lib/python3.12/site-packages/airflow/example_dags/example_skip_dag.py took 0.090 seconds
[2024-08-30T05:53:49.915+0000] {processor.py:186} INFO - Started process (PID=709) to work on /home/airflow/.local/lib/python3.12/site-packages/airflow/example_dags/example_skip_dag.py
[2024-08-30T05:53:49.916+0000] {processor.py:914} INFO - Processing file /home/airflow/.local/lib/python3.12/site-packages/airflow/example_dags/example_skip_dag.py for tasks to queue
[2024-08-30T05:53:49.919+0000] {logging_mixin.py:190} INFO - [2024-08-30T05:53:49.919+0000] {dagbag.py:587} INFO - Filling up the DagBag from /home/airflow/.local/lib/python3.12/site-packages/airflow/example_dags/example_skip_dag.py
[2024-08-30T05:53:49.928+0000] {processor.py:925} INFO - DAG(s) 'example_skip_dag' retrieved from /home/airflow/.local/lib/python3.12/site-packages/airflow/example_dags/example_skip_dag.py
[2024-08-30T05:53:49.954+0000] {logging_mixin.py:190} INFO - [2024-08-30T05:53:49.954+0000] {dag.py:3211} INFO - Sync 1 DAGs
[2024-08-30T05:53:49.980+0000] {logging_mixin.py:190} INFO - [2024-08-30T05:53:49.980+0000] {dag.py:4138} INFO - Setting next_dagrun for example_skip_dag to 2024-08-29 00:00:00+00:00, run_after=2024-08-30 00:00:00+00:00
[2024-08-30T05:53:49.998+0000] {processor.py:208} INFO - Processing /home/airflow/.local/lib/python3.12/site-packages/airflow/example_dags/example_skip_dag.py took 0.089 seconds
[2024-08-30T05:54:20.335+0000] {processor.py:186} INFO - Started process (PID=771) to work on /home/airflow/.local/lib/python3.12/site-packages/airflow/example_dags/example_skip_dag.py
[2024-08-30T05:54:20.337+0000] {processor.py:914} INFO - Processing file /home/airflow/.local/lib/python3.12/site-packages/airflow/example_dags/example_skip_dag.py for tasks to queue
[2024-08-30T05:54:20.339+0000] {logging_mixin.py:190} INFO - [2024-08-30T05:54:20.339+0000] {dagbag.py:587} INFO - Filling up the DagBag from /home/airflow/.local/lib/python3.12/site-packages/airflow/example_dags/example_skip_dag.py
[2024-08-30T05:54:20.348+0000] {processor.py:925} INFO - DAG(s) 'example_skip_dag' retrieved from /home/airflow/.local/lib/python3.12/site-packages/airflow/example_dags/example_skip_dag.py
[2024-08-30T05:54:20.369+0000] {logging_mixin.py:190} INFO - [2024-08-30T05:54:20.369+0000] {dag.py:3211} INFO - Sync 1 DAGs
[2024-08-30T05:54:20.395+0000] {logging_mixin.py:190} INFO - [2024-08-30T05:54:20.395+0000] {dag.py:4138} INFO - Setting next_dagrun for example_skip_dag to 2024-08-29 00:00:00+00:00, run_after=2024-08-30 00:00:00+00:00
[2024-08-30T05:54:20.416+0000] {processor.py:208} INFO - Processing /home/airflow/.local/lib/python3.12/site-packages/airflow/example_dags/example_skip_dag.py took 0.086 seconds
[2024-08-30T05:54:50.740+0000] {processor.py:186} INFO - Started process (PID=833) to work on /home/airflow/.local/lib/python3.12/site-packages/airflow/example_dags/example_skip_dag.py
[2024-08-30T05:54:50.741+0000] {processor.py:914} INFO - Processing file /home/airflow/.local/lib/python3.12/site-packages/airflow/example_dags/example_skip_dag.py for tasks to queue
[2024-08-30T05:54:50.744+0000] {logging_mixin.py:190} INFO - [2024-08-30T05:54:50.743+0000] {dagbag.py:587} INFO - Filling up the DagBag from /home/airflow/.local/lib/python3.12/site-packages/airflow/example_dags/example_skip_dag.py
[2024-08-30T05:54:50.751+0000] {processor.py:925} INFO - DAG(s) 'example_skip_dag' retrieved from /home/airflow/.local/lib/python3.12/site-packages/airflow/example_dags/example_skip_dag.py
[2024-08-30T05:54:50.773+0000] {logging_mixin.py:190} INFO - [2024-08-30T05:54:50.773+0000] {dag.py:3211} INFO - Sync 1 DAGs
[2024-08-30T05:54:50.796+0000] {logging_mixin.py:190} INFO - [2024-08-30T05:54:50.796+0000] {dag.py:4138} INFO - Setting next_dagrun for example_skip_dag to 2024-08-29 00:00:00+00:00, run_after=2024-08-30 00:00:00+00:00
[2024-08-30T05:54:50.814+0000] {processor.py:208} INFO - Processing /home/airflow/.local/lib/python3.12/site-packages/airflow/example_dags/example_skip_dag.py took 0.080 seconds
[2024-08-30T05:55:21.084+0000] {processor.py:186} INFO - Started process (PID=895) to work on /home/airflow/.local/lib/python3.12/site-packages/airflow/example_dags/example_skip_dag.py
[2024-08-30T05:55:21.085+0000] {processor.py:914} INFO - Processing file /home/airflow/.local/lib/python3.12/site-packages/airflow/example_dags/example_skip_dag.py for tasks to queue
[2024-08-30T05:55:21.088+0000] {logging_mixin.py:190} INFO - [2024-08-30T05:55:21.087+0000] {dagbag.py:587} INFO - Filling up the DagBag from /home/airflow/.local/lib/python3.12/site-packages/airflow/example_dags/example_skip_dag.py
[2024-08-30T05:55:21.097+0000] {processor.py:925} INFO - DAG(s) 'example_skip_dag' retrieved from /home/airflow/.local/lib/python3.12/site-packages/airflow/example_dags/example_skip_dag.py
[2024-08-30T05:55:21.125+0000] {logging_mixin.py:190} INFO - [2024-08-30T05:55:21.125+0000] {dag.py:3211} INFO - Sync 1 DAGs
[2024-08-30T05:55:21.151+0000] {logging_mixin.py:190} INFO - [2024-08-30T05:55:21.150+0000] {dag.py:4138} INFO - Setting next_dagrun for example_skip_dag to 2024-08-29 00:00:00+00:00, run_after=2024-08-30 00:00:00+00:00
[2024-08-30T05:55:21.169+0000] {processor.py:208} INFO - Processing /home/airflow/.local/lib/python3.12/site-packages/airflow/example_dags/example_skip_dag.py took 0.091 seconds
[2024-08-30T05:55:59.775+0000] {processor.py:186} INFO - Started process (PID=958) to work on /home/airflow/.local/lib/python3.12/site-packages/airflow/example_dags/example_skip_dag.py
[2024-08-30T05:55:59.776+0000] {processor.py:914} INFO - Processing file /home/airflow/.local/lib/python3.12/site-packages/airflow/example_dags/example_skip_dag.py for tasks to queue
[2024-08-30T05:55:59.779+0000] {logging_mixin.py:190} INFO - [2024-08-30T05:55:59.779+0000] {dagbag.py:587} INFO - Filling up the DagBag from /home/airflow/.local/lib/python3.12/site-packages/airflow/example_dags/example_skip_dag.py
[2024-08-30T05:55:59.788+0000] {processor.py:925} INFO - DAG(s) 'example_skip_dag' retrieved from /home/airflow/.local/lib/python3.12/site-packages/airflow/example_dags/example_skip_dag.py
[2024-08-30T05:55:59.812+0000] {logging_mixin.py:190} INFO - [2024-08-30T05:55:59.811+0000] {dag.py:3211} INFO - Sync 1 DAGs
[2024-08-30T05:55:59.842+0000] {logging_mixin.py:190} INFO - [2024-08-30T05:55:59.842+0000] {dag.py:4138} INFO - Setting next_dagrun for example_skip_dag to 2024-08-29 00:00:00+00:00, run_after=2024-08-30 00:00:00+00:00
[2024-08-30T05:55:59.865+0000] {processor.py:208} INFO - Processing /home/airflow/.local/lib/python3.12/site-packages/airflow/example_dags/example_skip_dag.py took 0.096 seconds
[2024-08-30T05:56:30.807+0000] {processor.py:186} INFO - Started process (PID=1020) to work on /home/airflow/.local/lib/python3.12/site-packages/airflow/example_dags/example_skip_dag.py
[2024-08-30T05:56:30.809+0000] {processor.py:914} INFO - Processing file /home/airflow/.local/lib/python3.12/site-packages/airflow/example_dags/example_skip_dag.py for tasks to queue
[2024-08-30T05:56:30.811+0000] {logging_mixin.py:190} INFO - [2024-08-30T05:56:30.811+0000] {dagbag.py:587} INFO - Filling up the DagBag from /home/airflow/.local/lib/python3.12/site-packages/airflow/example_dags/example_skip_dag.py
[2024-08-30T05:56:30.819+0000] {processor.py:925} INFO - DAG(s) 'example_skip_dag' retrieved from /home/airflow/.local/lib/python3.12/site-packages/airflow/example_dags/example_skip_dag.py
[2024-08-30T05:56:30.842+0000] {logging_mixin.py:190} INFO - [2024-08-30T05:56:30.842+0000] {dag.py:3211} INFO - Sync 1 DAGs
[2024-08-30T05:56:30.872+0000] {logging_mixin.py:190} INFO - [2024-08-30T05:56:30.872+0000] {dag.py:4138} INFO - Setting next_dagrun for example_skip_dag to 2024-08-29 00:00:00+00:00, run_after=2024-08-30 00:00:00+00:00
[2024-08-30T05:56:30.895+0000] {processor.py:208} INFO - Processing /home/airflow/.local/lib/python3.12/site-packages/airflow/example_dags/example_skip_dag.py took 0.093 seconds
