[2024-08-30T05:48:01.756+0000] {processor.py:186} INFO - Started process (PID=41) to work on /home/airflow/.local/lib/python3.12/site-packages/airflow/example_dags/example_branch_labels.py
[2024-08-30T05:48:01.758+0000] {processor.py:914} INFO - Processing file /home/airflow/.local/lib/python3.12/site-packages/airflow/example_dags/example_branch_labels.py for tasks to queue
[2024-08-30T05:48:01.764+0000] {logging_mixin.py:190} INFO - [2024-08-30T05:48:01.764+0000] {dagbag.py:587} INFO - Filling up the DagBag from /home/airflow/.local/lib/python3.12/site-packages/airflow/example_dags/example_branch_labels.py
[2024-08-30T05:48:01.804+0000] {processor.py:925} INFO - DAG(s) 'example_branch_labels' retrieved from /home/airflow/.local/lib/python3.12/site-packages/airflow/example_dags/example_branch_labels.py
[2024-08-30T05:48:02.275+0000] {logging_mixin.py:190} INFO - [2024-08-30T05:48:02.273+0000] {override.py:1858} INFO - Created Permission View: can delete on DAG:example_branch_labels
[2024-08-30T05:48:02.294+0000] {logging_mixin.py:190} INFO - [2024-08-30T05:48:02.294+0000] {override.py:1858} INFO - Created Permission View: can edit on DAG:example_branch_labels
[2024-08-30T05:48:02.309+0000] {logging_mixin.py:190} INFO - [2024-08-30T05:48:02.308+0000] {override.py:1858} INFO - Created Permission View: can read on DAG:example_branch_labels
[2024-08-30T05:48:02.311+0000] {logging_mixin.py:190} INFO - [2024-08-30T05:48:02.311+0000] {dag.py:3211} INFO - Sync 1 DAGs
[2024-08-30T05:48:02.338+0000] {logging_mixin.py:190} INFO - [2024-08-30T05:48:02.337+0000] {dag.py:3234} INFO - Creating ORM DAG for example_branch_labels
[2024-08-30T05:48:02.367+0000] {logging_mixin.py:190} INFO - [2024-08-30T05:48:02.367+0000] {dag.py:4138} INFO - Setting next_dagrun for example_branch_labels to 2024-08-29 00:00:00+00:00, run_after=2024-08-30 00:00:00+00:00
[2024-08-30T05:48:02.396+0000] {processor.py:208} INFO - Processing /home/airflow/.local/lib/python3.12/site-packages/airflow/example_dags/example_branch_labels.py took 0.653 seconds
[2024-08-30T05:48:34.200+0000] {processor.py:186} INFO - Started process (PID=103) to work on /home/airflow/.local/lib/python3.12/site-packages/airflow/example_dags/example_branch_labels.py
[2024-08-30T05:48:34.204+0000] {processor.py:914} INFO - Processing file /home/airflow/.local/lib/python3.12/site-packages/airflow/example_dags/example_branch_labels.py for tasks to queue
[2024-08-30T05:48:34.212+0000] {logging_mixin.py:190} INFO - [2024-08-30T05:48:34.211+0000] {dagbag.py:587} INFO - Filling up the DagBag from /home/airflow/.local/lib/python3.12/site-packages/airflow/example_dags/example_branch_labels.py
[2024-08-30T05:48:34.246+0000] {processor.py:925} INFO - DAG(s) 'example_branch_labels' retrieved from /home/airflow/.local/lib/python3.12/site-packages/airflow/example_dags/example_branch_labels.py
[2024-08-30T05:48:34.288+0000] {logging_mixin.py:190} INFO - [2024-08-30T05:48:34.288+0000] {dag.py:3211} INFO - Sync 1 DAGs
[2024-08-30T05:48:34.359+0000] {logging_mixin.py:190} INFO - [2024-08-30T05:48:34.358+0000] {dag.py:4138} INFO - Setting next_dagrun for example_branch_labels to 2024-08-29 00:00:00+00:00, run_after=2024-08-30 00:00:00+00:00
[2024-08-30T05:48:34.408+0000] {processor.py:208} INFO - Processing /home/airflow/.local/lib/python3.12/site-packages/airflow/example_dags/example_branch_labels.py took 0.223 seconds
[2024-08-30T05:49:06.365+0000] {processor.py:186} INFO - Started process (PID=166) to work on /home/airflow/.local/lib/python3.12/site-packages/airflow/example_dags/example_branch_labels.py
[2024-08-30T05:49:06.374+0000] {processor.py:914} INFO - Processing file /home/airflow/.local/lib/python3.12/site-packages/airflow/example_dags/example_branch_labels.py for tasks to queue
[2024-08-30T05:49:06.387+0000] {logging_mixin.py:190} INFO - [2024-08-30T05:49:06.386+0000] {dagbag.py:587} INFO - Filling up the DagBag from /home/airflow/.local/lib/python3.12/site-packages/airflow/example_dags/example_branch_labels.py
[2024-08-30T05:49:06.414+0000] {processor.py:925} INFO - DAG(s) 'example_branch_labels' retrieved from /home/airflow/.local/lib/python3.12/site-packages/airflow/example_dags/example_branch_labels.py
[2024-08-30T05:49:06.484+0000] {logging_mixin.py:190} INFO - [2024-08-30T05:49:06.484+0000] {dag.py:3211} INFO - Sync 1 DAGs
[2024-08-30T05:49:06.534+0000] {logging_mixin.py:190} INFO - [2024-08-30T05:49:06.534+0000] {dag.py:4138} INFO - Setting next_dagrun for example_branch_labels to 2024-08-29 00:00:00+00:00, run_after=2024-08-30 00:00:00+00:00
[2024-08-30T05:49:06.589+0000] {processor.py:208} INFO - Processing /home/airflow/.local/lib/python3.12/site-packages/airflow/example_dags/example_branch_labels.py took 0.236 seconds
[2024-08-30T05:49:37.002+0000] {processor.py:186} INFO - Started process (PID=228) to work on /home/airflow/.local/lib/python3.12/site-packages/airflow/example_dags/example_branch_labels.py
[2024-08-30T05:49:37.004+0000] {processor.py:914} INFO - Processing file /home/airflow/.local/lib/python3.12/site-packages/airflow/example_dags/example_branch_labels.py for tasks to queue
[2024-08-30T05:49:37.009+0000] {logging_mixin.py:190} INFO - [2024-08-30T05:49:37.008+0000] {dagbag.py:587} INFO - Filling up the DagBag from /home/airflow/.local/lib/python3.12/site-packages/airflow/example_dags/example_branch_labels.py
[2024-08-30T05:49:37.024+0000] {processor.py:925} INFO - DAG(s) 'example_branch_labels' retrieved from /home/airflow/.local/lib/python3.12/site-packages/airflow/example_dags/example_branch_labels.py
[2024-08-30T05:49:37.054+0000] {logging_mixin.py:190} INFO - [2024-08-30T05:49:37.053+0000] {dag.py:3211} INFO - Sync 1 DAGs
[2024-08-30T05:49:37.100+0000] {logging_mixin.py:190} INFO - [2024-08-30T05:49:37.100+0000] {dag.py:4138} INFO - Setting next_dagrun for example_branch_labels to 2024-08-29 00:00:00+00:00, run_after=2024-08-30 00:00:00+00:00
[2024-08-30T05:49:37.137+0000] {processor.py:208} INFO - Processing /home/airflow/.local/lib/python3.12/site-packages/airflow/example_dags/example_branch_labels.py took 0.148 seconds
[2024-08-30T05:50:08.463+0000] {processor.py:186} INFO - Started process (PID=290) to work on /home/airflow/.local/lib/python3.12/site-packages/airflow/example_dags/example_branch_labels.py
[2024-08-30T05:50:08.465+0000] {processor.py:914} INFO - Processing file /home/airflow/.local/lib/python3.12/site-packages/airflow/example_dags/example_branch_labels.py for tasks to queue
[2024-08-30T05:50:08.469+0000] {logging_mixin.py:190} INFO - [2024-08-30T05:50:08.469+0000] {dagbag.py:587} INFO - Filling up the DagBag from /home/airflow/.local/lib/python3.12/site-packages/airflow/example_dags/example_branch_labels.py
[2024-08-30T05:50:08.487+0000] {processor.py:925} INFO - DAG(s) 'example_branch_labels' retrieved from /home/airflow/.local/lib/python3.12/site-packages/airflow/example_dags/example_branch_labels.py
[2024-08-30T05:50:08.524+0000] {logging_mixin.py:190} INFO - [2024-08-30T05:50:08.524+0000] {dag.py:3211} INFO - Sync 1 DAGs
[2024-08-30T05:50:08.569+0000] {logging_mixin.py:190} INFO - [2024-08-30T05:50:08.568+0000] {dag.py:4138} INFO - Setting next_dagrun for example_branch_labels to 2024-08-29 00:00:00+00:00, run_after=2024-08-30 00:00:00+00:00
[2024-08-30T05:50:08.600+0000] {processor.py:208} INFO - Processing /home/airflow/.local/lib/python3.12/site-packages/airflow/example_dags/example_branch_labels.py took 0.150 seconds
[2024-08-30T05:50:41.420+0000] {processor.py:186} INFO - Started process (PID=352) to work on /home/airflow/.local/lib/python3.12/site-packages/airflow/example_dags/example_branch_labels.py
[2024-08-30T05:50:41.422+0000] {processor.py:914} INFO - Processing file /home/airflow/.local/lib/python3.12/site-packages/airflow/example_dags/example_branch_labels.py for tasks to queue
[2024-08-30T05:50:41.427+0000] {logging_mixin.py:190} INFO - [2024-08-30T05:50:41.426+0000] {dagbag.py:587} INFO - Filling up the DagBag from /home/airflow/.local/lib/python3.12/site-packages/airflow/example_dags/example_branch_labels.py
[2024-08-30T05:50:41.453+0000] {processor.py:925} INFO - DAG(s) 'example_branch_labels' retrieved from /home/airflow/.local/lib/python3.12/site-packages/airflow/example_dags/example_branch_labels.py
[2024-08-30T05:50:41.495+0000] {logging_mixin.py:190} INFO - [2024-08-30T05:50:41.494+0000] {dag.py:3211} INFO - Sync 1 DAGs
[2024-08-30T05:50:41.538+0000] {logging_mixin.py:190} INFO - [2024-08-30T05:50:41.538+0000] {dag.py:4138} INFO - Setting next_dagrun for example_branch_labels to 2024-08-29 00:00:00+00:00, run_after=2024-08-30 00:00:00+00:00
[2024-08-30T05:50:41.579+0000] {processor.py:208} INFO - Processing /home/airflow/.local/lib/python3.12/site-packages/airflow/example_dags/example_branch_labels.py took 0.168 seconds
[2024-08-30T05:51:12.215+0000] {processor.py:186} INFO - Started process (PID=414) to work on /home/airflow/.local/lib/python3.12/site-packages/airflow/example_dags/example_branch_labels.py
[2024-08-30T05:51:12.216+0000] {processor.py:914} INFO - Processing file /home/airflow/.local/lib/python3.12/site-packages/airflow/example_dags/example_branch_labels.py for tasks to queue
[2024-08-30T05:51:12.220+0000] {logging_mixin.py:190} INFO - [2024-08-30T05:51:12.219+0000] {dagbag.py:587} INFO - Filling up the DagBag from /home/airflow/.local/lib/python3.12/site-packages/airflow/example_dags/example_branch_labels.py
[2024-08-30T05:51:12.234+0000] {processor.py:925} INFO - DAG(s) 'example_branch_labels' retrieved from /home/airflow/.local/lib/python3.12/site-packages/airflow/example_dags/example_branch_labels.py
[2024-08-30T05:51:12.263+0000] {logging_mixin.py:190} INFO - [2024-08-30T05:51:12.263+0000] {dag.py:3211} INFO - Sync 1 DAGs
[2024-08-30T05:51:12.299+0000] {logging_mixin.py:190} INFO - [2024-08-30T05:51:12.299+0000] {dag.py:4138} INFO - Setting next_dagrun for example_branch_labels to 2024-08-29 00:00:00+00:00, run_after=2024-08-30 00:00:00+00:00
[2024-08-30T05:51:12.321+0000] {processor.py:208} INFO - Processing /home/airflow/.local/lib/python3.12/site-packages/airflow/example_dags/example_branch_labels.py took 0.114 seconds
[2024-08-30T05:51:42.969+0000] {processor.py:186} INFO - Started process (PID=476) to work on /home/airflow/.local/lib/python3.12/site-packages/airflow/example_dags/example_branch_labels.py
[2024-08-30T05:51:42.970+0000] {processor.py:914} INFO - Processing file /home/airflow/.local/lib/python3.12/site-packages/airflow/example_dags/example_branch_labels.py for tasks to queue
[2024-08-30T05:51:42.972+0000] {logging_mixin.py:190} INFO - [2024-08-30T05:51:42.972+0000] {dagbag.py:587} INFO - Filling up the DagBag from /home/airflow/.local/lib/python3.12/site-packages/airflow/example_dags/example_branch_labels.py
[2024-08-30T05:51:42.984+0000] {processor.py:925} INFO - DAG(s) 'example_branch_labels' retrieved from /home/airflow/.local/lib/python3.12/site-packages/airflow/example_dags/example_branch_labels.py
[2024-08-30T05:51:43.007+0000] {logging_mixin.py:190} INFO - [2024-08-30T05:51:43.007+0000] {dag.py:3211} INFO - Sync 1 DAGs
[2024-08-30T05:51:43.034+0000] {logging_mixin.py:190} INFO - [2024-08-30T05:51:43.034+0000] {dag.py:4138} INFO - Setting next_dagrun for example_branch_labels to 2024-08-29 00:00:00+00:00, run_after=2024-08-30 00:00:00+00:00
[2024-08-30T05:51:43.066+0000] {processor.py:208} INFO - Processing /home/airflow/.local/lib/python3.12/site-packages/airflow/example_dags/example_branch_labels.py took 0.103 seconds
[2024-08-30T05:52:15.620+0000] {processor.py:186} INFO - Started process (PID=504) to work on /home/airflow/.local/lib/python3.12/site-packages/airflow/example_dags/example_branch_labels.py
[2024-08-30T05:52:15.622+0000] {processor.py:914} INFO - Processing file /home/airflow/.local/lib/python3.12/site-packages/airflow/example_dags/example_branch_labels.py for tasks to queue
[2024-08-30T05:52:15.625+0000] {logging_mixin.py:190} INFO - [2024-08-30T05:52:15.625+0000] {dagbag.py:587} INFO - Filling up the DagBag from /home/airflow/.local/lib/python3.12/site-packages/airflow/example_dags/example_branch_labels.py
[2024-08-30T05:52:15.670+0000] {processor.py:925} INFO - DAG(s) 'example_branch_labels' retrieved from /home/airflow/.local/lib/python3.12/site-packages/airflow/example_dags/example_branch_labels.py
[2024-08-30T05:52:15.694+0000] {logging_mixin.py:190} INFO - [2024-08-30T05:52:15.694+0000] {dag.py:3211} INFO - Sync 1 DAGs
[2024-08-30T05:52:15.732+0000] {logging_mixin.py:190} INFO - [2024-08-30T05:52:15.731+0000] {dag.py:4138} INFO - Setting next_dagrun for example_branch_labels to 2024-08-29 00:00:00+00:00, run_after=2024-08-30 00:00:00+00:00
[2024-08-30T05:52:15.768+0000] {processor.py:208} INFO - Processing /home/airflow/.local/lib/python3.12/site-packages/airflow/example_dags/example_branch_labels.py took 0.155 seconds
[2024-08-30T05:52:46.806+0000] {processor.py:186} INFO - Started process (PID=566) to work on /home/airflow/.local/lib/python3.12/site-packages/airflow/example_dags/example_branch_labels.py
[2024-08-30T05:52:46.807+0000] {processor.py:914} INFO - Processing file /home/airflow/.local/lib/python3.12/site-packages/airflow/example_dags/example_branch_labels.py for tasks to queue
[2024-08-30T05:52:46.810+0000] {logging_mixin.py:190} INFO - [2024-08-30T05:52:46.810+0000] {dagbag.py:587} INFO - Filling up the DagBag from /home/airflow/.local/lib/python3.12/site-packages/airflow/example_dags/example_branch_labels.py
[2024-08-30T05:52:46.825+0000] {processor.py:925} INFO - DAG(s) 'example_branch_labels' retrieved from /home/airflow/.local/lib/python3.12/site-packages/airflow/example_dags/example_branch_labels.py
[2024-08-30T05:52:46.847+0000] {logging_mixin.py:190} INFO - [2024-08-30T05:52:46.847+0000] {dag.py:3211} INFO - Sync 1 DAGs
[2024-08-30T05:52:46.880+0000] {logging_mixin.py:190} INFO - [2024-08-30T05:52:46.880+0000] {dag.py:4138} INFO - Setting next_dagrun for example_branch_labels to 2024-08-29 00:00:00+00:00, run_after=2024-08-30 00:00:00+00:00
[2024-08-30T05:52:46.900+0000] {processor.py:208} INFO - Processing /home/airflow/.local/lib/python3.12/site-packages/airflow/example_dags/example_branch_labels.py took 0.101 seconds
[2024-08-30T05:53:17.267+0000] {processor.py:186} INFO - Started process (PID=628) to work on /home/airflow/.local/lib/python3.12/site-packages/airflow/example_dags/example_branch_labels.py
[2024-08-30T05:53:17.268+0000] {processor.py:914} INFO - Processing file /home/airflow/.local/lib/python3.12/site-packages/airflow/example_dags/example_branch_labels.py for tasks to queue
[2024-08-30T05:53:17.270+0000] {logging_mixin.py:190} INFO - [2024-08-30T05:53:17.270+0000] {dagbag.py:587} INFO - Filling up the DagBag from /home/airflow/.local/lib/python3.12/site-packages/airflow/example_dags/example_branch_labels.py
[2024-08-30T05:53:17.279+0000] {processor.py:925} INFO - DAG(s) 'example_branch_labels' retrieved from /home/airflow/.local/lib/python3.12/site-packages/airflow/example_dags/example_branch_labels.py
[2024-08-30T05:53:17.299+0000] {logging_mixin.py:190} INFO - [2024-08-30T05:53:17.298+0000] {dag.py:3211} INFO - Sync 1 DAGs
[2024-08-30T05:53:17.322+0000] {logging_mixin.py:190} INFO - [2024-08-30T05:53:17.321+0000] {dag.py:4138} INFO - Setting next_dagrun for example_branch_labels to 2024-08-29 00:00:00+00:00, run_after=2024-08-30 00:00:00+00:00
[2024-08-30T05:53:17.338+0000] {processor.py:208} INFO - Processing /home/airflow/.local/lib/python3.12/site-packages/airflow/example_dags/example_branch_labels.py took 0.076 seconds
[2024-08-30T05:53:48.492+0000] {processor.py:186} INFO - Started process (PID=690) to work on /home/airflow/.local/lib/python3.12/site-packages/airflow/example_dags/example_branch_labels.py
[2024-08-30T05:53:48.493+0000] {processor.py:914} INFO - Processing file /home/airflow/.local/lib/python3.12/site-packages/airflow/example_dags/example_branch_labels.py for tasks to queue
[2024-08-30T05:53:48.496+0000] {logging_mixin.py:190} INFO - [2024-08-30T05:53:48.495+0000] {dagbag.py:587} INFO - Filling up the DagBag from /home/airflow/.local/lib/python3.12/site-packages/airflow/example_dags/example_branch_labels.py
[2024-08-30T05:53:48.505+0000] {processor.py:925} INFO - DAG(s) 'example_branch_labels' retrieved from /home/airflow/.local/lib/python3.12/site-packages/airflow/example_dags/example_branch_labels.py
[2024-08-30T05:53:48.525+0000] {logging_mixin.py:190} INFO - [2024-08-30T05:53:48.525+0000] {dag.py:3211} INFO - Sync 1 DAGs
[2024-08-30T05:53:48.549+0000] {logging_mixin.py:190} INFO - [2024-08-30T05:53:48.549+0000] {dag.py:4138} INFO - Setting next_dagrun for example_branch_labels to 2024-08-29 00:00:00+00:00, run_after=2024-08-30 00:00:00+00:00
[2024-08-30T05:53:48.566+0000] {processor.py:208} INFO - Processing /home/airflow/.local/lib/python3.12/site-packages/airflow/example_dags/example_branch_labels.py took 0.080 seconds
[2024-08-30T05:54:18.877+0000] {processor.py:186} INFO - Started process (PID=752) to work on /home/airflow/.local/lib/python3.12/site-packages/airflow/example_dags/example_branch_labels.py
[2024-08-30T05:54:18.878+0000] {processor.py:914} INFO - Processing file /home/airflow/.local/lib/python3.12/site-packages/airflow/example_dags/example_branch_labels.py for tasks to queue
[2024-08-30T05:54:18.880+0000] {logging_mixin.py:190} INFO - [2024-08-30T05:54:18.880+0000] {dagbag.py:587} INFO - Filling up the DagBag from /home/airflow/.local/lib/python3.12/site-packages/airflow/example_dags/example_branch_labels.py
[2024-08-30T05:54:18.890+0000] {processor.py:925} INFO - DAG(s) 'example_branch_labels' retrieved from /home/airflow/.local/lib/python3.12/site-packages/airflow/example_dags/example_branch_labels.py
[2024-08-30T05:54:18.911+0000] {logging_mixin.py:190} INFO - [2024-08-30T05:54:18.910+0000] {dag.py:3211} INFO - Sync 1 DAGs
[2024-08-30T05:54:18.934+0000] {logging_mixin.py:190} INFO - [2024-08-30T05:54:18.933+0000] {dag.py:4138} INFO - Setting next_dagrun for example_branch_labels to 2024-08-29 00:00:00+00:00, run_after=2024-08-30 00:00:00+00:00
[2024-08-30T05:54:18.950+0000] {processor.py:208} INFO - Processing /home/airflow/.local/lib/python3.12/site-packages/airflow/example_dags/example_branch_labels.py took 0.079 seconds
[2024-08-30T05:54:49.256+0000] {processor.py:186} INFO - Started process (PID=814) to work on /home/airflow/.local/lib/python3.12/site-packages/airflow/example_dags/example_branch_labels.py
[2024-08-30T05:54:49.257+0000] {processor.py:914} INFO - Processing file /home/airflow/.local/lib/python3.12/site-packages/airflow/example_dags/example_branch_labels.py for tasks to queue
[2024-08-30T05:54:49.259+0000] {logging_mixin.py:190} INFO - [2024-08-30T05:54:49.259+0000] {dagbag.py:587} INFO - Filling up the DagBag from /home/airflow/.local/lib/python3.12/site-packages/airflow/example_dags/example_branch_labels.py
[2024-08-30T05:54:49.269+0000] {processor.py:925} INFO - DAG(s) 'example_branch_labels' retrieved from /home/airflow/.local/lib/python3.12/site-packages/airflow/example_dags/example_branch_labels.py
[2024-08-30T05:54:49.290+0000] {logging_mixin.py:190} INFO - [2024-08-30T05:54:49.290+0000] {dag.py:3211} INFO - Sync 1 DAGs
[2024-08-30T05:54:49.314+0000] {logging_mixin.py:190} INFO - [2024-08-30T05:54:49.313+0000] {dag.py:4138} INFO - Setting next_dagrun for example_branch_labels to 2024-08-29 00:00:00+00:00, run_after=2024-08-30 00:00:00+00:00
[2024-08-30T05:54:49.331+0000] {processor.py:208} INFO - Processing /home/airflow/.local/lib/python3.12/site-packages/airflow/example_dags/example_branch_labels.py took 0.081 seconds
[2024-08-30T05:55:19.619+0000] {processor.py:186} INFO - Started process (PID=876) to work on /home/airflow/.local/lib/python3.12/site-packages/airflow/example_dags/example_branch_labels.py
[2024-08-30T05:55:19.620+0000] {processor.py:914} INFO - Processing file /home/airflow/.local/lib/python3.12/site-packages/airflow/example_dags/example_branch_labels.py for tasks to queue
[2024-08-30T05:55:19.622+0000] {logging_mixin.py:190} INFO - [2024-08-30T05:55:19.622+0000] {dagbag.py:587} INFO - Filling up the DagBag from /home/airflow/.local/lib/python3.12/site-packages/airflow/example_dags/example_branch_labels.py
[2024-08-30T05:55:19.632+0000] {processor.py:925} INFO - DAG(s) 'example_branch_labels' retrieved from /home/airflow/.local/lib/python3.12/site-packages/airflow/example_dags/example_branch_labels.py
[2024-08-30T05:55:19.653+0000] {logging_mixin.py:190} INFO - [2024-08-30T05:55:19.653+0000] {dag.py:3211} INFO - Sync 1 DAGs
[2024-08-30T05:55:19.680+0000] {logging_mixin.py:190} INFO - [2024-08-30T05:55:19.680+0000] {dag.py:4138} INFO - Setting next_dagrun for example_branch_labels to 2024-08-29 00:00:00+00:00, run_after=2024-08-30 00:00:00+00:00
[2024-08-30T05:55:19.700+0000] {processor.py:208} INFO - Processing /home/airflow/.local/lib/python3.12/site-packages/airflow/example_dags/example_branch_labels.py took 0.086 seconds
[2024-08-30T05:55:54.646+0000] {processor.py:186} INFO - Started process (PID=938) to work on /home/airflow/.local/lib/python3.12/site-packages/airflow/example_dags/example_branch_labels.py
[2024-08-30T05:55:54.647+0000] {processor.py:914} INFO - Processing file /home/airflow/.local/lib/python3.12/site-packages/airflow/example_dags/example_branch_labels.py for tasks to queue
[2024-08-30T05:55:54.651+0000] {logging_mixin.py:190} INFO - [2024-08-30T05:55:54.651+0000] {dagbag.py:587} INFO - Filling up the DagBag from /home/airflow/.local/lib/python3.12/site-packages/airflow/example_dags/example_branch_labels.py
[2024-08-30T05:55:54.665+0000] {processor.py:925} INFO - DAG(s) 'example_branch_labels' retrieved from /home/airflow/.local/lib/python3.12/site-packages/airflow/example_dags/example_branch_labels.py
[2024-08-30T05:55:54.693+0000] {logging_mixin.py:190} INFO - [2024-08-30T05:55:54.692+0000] {dag.py:3211} INFO - Sync 1 DAGs
[2024-08-30T05:55:54.727+0000] {logging_mixin.py:190} INFO - [2024-08-30T05:55:54.727+0000] {dag.py:4138} INFO - Setting next_dagrun for example_branch_labels to 2024-08-29 00:00:00+00:00, run_after=2024-08-30 00:00:00+00:00
[2024-08-30T05:55:54.752+0000] {processor.py:208} INFO - Processing /home/airflow/.local/lib/python3.12/site-packages/airflow/example_dags/example_branch_labels.py took 0.114 seconds
[2024-08-30T05:56:24.947+0000] {processor.py:186} INFO - Started process (PID=999) to work on /home/airflow/.local/lib/python3.12/site-packages/airflow/example_dags/example_branch_labels.py
[2024-08-30T05:56:24.948+0000] {processor.py:914} INFO - Processing file /home/airflow/.local/lib/python3.12/site-packages/airflow/example_dags/example_branch_labels.py for tasks to queue
[2024-08-30T05:56:24.951+0000] {logging_mixin.py:190} INFO - [2024-08-30T05:56:24.951+0000] {dagbag.py:587} INFO - Filling up the DagBag from /home/airflow/.local/lib/python3.12/site-packages/airflow/example_dags/example_branch_labels.py
[2024-08-30T05:56:24.965+0000] {processor.py:925} INFO - DAG(s) 'example_branch_labels' retrieved from /home/airflow/.local/lib/python3.12/site-packages/airflow/example_dags/example_branch_labels.py
[2024-08-30T05:56:24.988+0000] {logging_mixin.py:190} INFO - [2024-08-30T05:56:24.988+0000] {dag.py:3211} INFO - Sync 1 DAGs
[2024-08-30T05:56:25.021+0000] {logging_mixin.py:190} INFO - [2024-08-30T05:56:25.020+0000] {dag.py:4138} INFO - Setting next_dagrun for example_branch_labels to 2024-08-29 00:00:00+00:00, run_after=2024-08-30 00:00:00+00:00
[2024-08-30T05:56:25.042+0000] {processor.py:208} INFO - Processing /home/airflow/.local/lib/python3.12/site-packages/airflow/example_dags/example_branch_labels.py took 0.104 seconds
