[2024-08-30T05:48:10.531+0000] {processor.py:186} INFO - Started process (PID=74) to work on /home/airflow/.local/lib/python3.12/site-packages/airflow/example_dags/example_latest_only_with_trigger.py
[2024-08-30T05:48:10.532+0000] {processor.py:914} INFO - Processing file /home/airflow/.local/lib/python3.12/site-packages/airflow/example_dags/example_latest_only_with_trigger.py for tasks to queue
[2024-08-30T05:48:10.537+0000] {logging_mixin.py:190} INFO - [2024-08-30T05:48:10.536+0000] {dagbag.py:587} INFO - Filling up the DagBag from /home/airflow/.local/lib/python3.12/site-packages/airflow/example_dags/example_latest_only_with_trigger.py
[2024-08-30T05:48:10.550+0000] {processor.py:925} INFO - DAG(s) 'latest_only_with_trigger' retrieved from /home/airflow/.local/lib/python3.12/site-packages/airflow/example_dags/example_latest_only_with_trigger.py
[2024-08-30T05:48:10.696+0000] {logging_mixin.py:190} INFO - [2024-08-30T05:48:10.695+0000] {override.py:1858} INFO - Created Permission View: can delete on DAG:latest_only_with_trigger
[2024-08-30T05:48:10.710+0000] {logging_mixin.py:190} INFO - [2024-08-30T05:48:10.709+0000] {override.py:1858} INFO - Created Permission View: can edit on DAG:latest_only_with_trigger
[2024-08-30T05:48:10.718+0000] {logging_mixin.py:190} INFO - [2024-08-30T05:48:10.717+0000] {override.py:1858} INFO - Created Permission View: can read on DAG:latest_only_with_trigger
[2024-08-30T05:48:10.719+0000] {logging_mixin.py:190} INFO - [2024-08-30T05:48:10.719+0000] {dag.py:3211} INFO - Sync 1 DAGs
[2024-08-30T05:48:10.741+0000] {logging_mixin.py:190} INFO - [2024-08-30T05:48:10.740+0000] {dag.py:3234} INFO - Creating ORM DAG for latest_only_with_trigger
[2024-08-30T05:48:10.760+0000] {logging_mixin.py:190} INFO - [2024-08-30T05:48:10.760+0000] {dag.py:4138} INFO - Setting next_dagrun for latest_only_with_trigger to 2024-08-30 00:00:00+00:00, run_after=2024-08-30 04:00:00+00:00
[2024-08-30T05:48:10.784+0000] {processor.py:208} INFO - Processing /home/airflow/.local/lib/python3.12/site-packages/airflow/example_dags/example_latest_only_with_trigger.py took 0.261 seconds
[2024-08-30T05:48:41.803+0000] {processor.py:186} INFO - Started process (PID=136) to work on /home/airflow/.local/lib/python3.12/site-packages/airflow/example_dags/example_latest_only_with_trigger.py
[2024-08-30T05:48:41.805+0000] {processor.py:914} INFO - Processing file /home/airflow/.local/lib/python3.12/site-packages/airflow/example_dags/example_latest_only_with_trigger.py for tasks to queue
[2024-08-30T05:48:41.810+0000] {logging_mixin.py:190} INFO - [2024-08-30T05:48:41.809+0000] {dagbag.py:587} INFO - Filling up the DagBag from /home/airflow/.local/lib/python3.12/site-packages/airflow/example_dags/example_latest_only_with_trigger.py
[2024-08-30T05:48:41.829+0000] {processor.py:925} INFO - DAG(s) 'latest_only_with_trigger' retrieved from /home/airflow/.local/lib/python3.12/site-packages/airflow/example_dags/example_latest_only_with_trigger.py
[2024-08-30T05:48:41.874+0000] {logging_mixin.py:190} INFO - [2024-08-30T05:48:41.873+0000] {dag.py:3211} INFO - Sync 1 DAGs
[2024-08-30T05:48:41.913+0000] {logging_mixin.py:190} INFO - [2024-08-30T05:48:41.913+0000] {dag.py:4138} INFO - Setting next_dagrun for latest_only_with_trigger to 2024-08-30 00:00:00+00:00, run_after=2024-08-30 04:00:00+00:00
[2024-08-30T05:48:41.939+0000] {processor.py:208} INFO - Processing /home/airflow/.local/lib/python3.12/site-packages/airflow/example_dags/example_latest_only_with_trigger.py took 0.152 seconds
[2024-08-30T05:49:31.872+0000] {processor.py:186} INFO - Started process (PID=205) to work on /home/airflow/.local/lib/python3.12/site-packages/airflow/example_dags/example_latest_only_with_trigger.py
[2024-08-30T05:49:31.880+0000] {processor.py:914} INFO - Processing file /home/airflow/.local/lib/python3.12/site-packages/airflow/example_dags/example_latest_only_with_trigger.py for tasks to queue
[2024-08-30T05:49:31.894+0000] {logging_mixin.py:190} INFO - [2024-08-30T05:49:31.894+0000] {dagbag.py:587} INFO - Filling up the DagBag from /home/airflow/.local/lib/python3.12/site-packages/airflow/example_dags/example_latest_only_with_trigger.py
[2024-08-30T05:49:31.932+0000] {processor.py:925} INFO - DAG(s) 'latest_only_with_trigger' retrieved from /home/airflow/.local/lib/python3.12/site-packages/airflow/example_dags/example_latest_only_with_trigger.py
[2024-08-30T05:49:31.998+0000] {logging_mixin.py:190} INFO - [2024-08-30T05:49:31.997+0000] {dag.py:3211} INFO - Sync 1 DAGs
[2024-08-30T05:49:32.112+0000] {logging_mixin.py:190} INFO - [2024-08-30T05:49:32.111+0000] {dag.py:4138} INFO - Setting next_dagrun for latest_only_with_trigger to 2024-08-30 00:00:00+00:00, run_after=2024-08-30 04:00:00+00:00
[2024-08-30T05:49:32.153+0000] {processor.py:208} INFO - Processing /home/airflow/.local/lib/python3.12/site-packages/airflow/example_dags/example_latest_only_with_trigger.py took 0.313 seconds
[2024-08-30T05:50:02.392+0000] {processor.py:186} INFO - Started process (PID=267) to work on /home/airflow/.local/lib/python3.12/site-packages/airflow/example_dags/example_latest_only_with_trigger.py
[2024-08-30T05:50:02.394+0000] {processor.py:914} INFO - Processing file /home/airflow/.local/lib/python3.12/site-packages/airflow/example_dags/example_latest_only_with_trigger.py for tasks to queue
[2024-08-30T05:50:02.399+0000] {logging_mixin.py:190} INFO - [2024-08-30T05:50:02.398+0000] {dagbag.py:587} INFO - Filling up the DagBag from /home/airflow/.local/lib/python3.12/site-packages/airflow/example_dags/example_latest_only_with_trigger.py
[2024-08-30T05:50:02.413+0000] {processor.py:925} INFO - DAG(s) 'latest_only_with_trigger' retrieved from /home/airflow/.local/lib/python3.12/site-packages/airflow/example_dags/example_latest_only_with_trigger.py
[2024-08-30T05:50:02.454+0000] {logging_mixin.py:190} INFO - [2024-08-30T05:50:02.453+0000] {dag.py:3211} INFO - Sync 1 DAGs
[2024-08-30T05:50:02.503+0000] {logging_mixin.py:190} INFO - [2024-08-30T05:50:02.502+0000] {dag.py:4138} INFO - Setting next_dagrun for latest_only_with_trigger to 2024-08-30 00:00:00+00:00, run_after=2024-08-30 04:00:00+00:00
[2024-08-30T05:50:02.534+0000] {processor.py:208} INFO - Processing /home/airflow/.local/lib/python3.12/site-packages/airflow/example_dags/example_latest_only_with_trigger.py took 0.156 seconds
[2024-08-30T05:50:33.922+0000] {processor.py:186} INFO - Started process (PID=329) to work on /home/airflow/.local/lib/python3.12/site-packages/airflow/example_dags/example_latest_only_with_trigger.py
[2024-08-30T05:50:33.924+0000] {processor.py:914} INFO - Processing file /home/airflow/.local/lib/python3.12/site-packages/airflow/example_dags/example_latest_only_with_trigger.py for tasks to queue
[2024-08-30T05:50:33.936+0000] {logging_mixin.py:190} INFO - [2024-08-30T05:50:33.935+0000] {dagbag.py:587} INFO - Filling up the DagBag from /home/airflow/.local/lib/python3.12/site-packages/airflow/example_dags/example_latest_only_with_trigger.py
[2024-08-30T05:50:33.952+0000] {processor.py:925} INFO - DAG(s) 'latest_only_with_trigger' retrieved from /home/airflow/.local/lib/python3.12/site-packages/airflow/example_dags/example_latest_only_with_trigger.py
[2024-08-30T05:50:34.094+0000] {logging_mixin.py:190} INFO - [2024-08-30T05:50:34.093+0000] {dag.py:3211} INFO - Sync 1 DAGs
[2024-08-30T05:50:34.316+0000] {logging_mixin.py:190} INFO - [2024-08-30T05:50:34.314+0000] {dag.py:4138} INFO - Setting next_dagrun for latest_only_with_trigger to 2024-08-30 00:00:00+00:00, run_after=2024-08-30 04:00:00+00:00
[2024-08-30T05:50:34.405+0000] {processor.py:208} INFO - Processing /home/airflow/.local/lib/python3.12/site-packages/airflow/example_dags/example_latest_only_with_trigger.py took 0.561 seconds
[2024-08-30T05:51:05.130+0000] {processor.py:186} INFO - Started process (PID=391) to work on /home/airflow/.local/lib/python3.12/site-packages/airflow/example_dags/example_latest_only_with_trigger.py
[2024-08-30T05:51:05.142+0000] {processor.py:914} INFO - Processing file /home/airflow/.local/lib/python3.12/site-packages/airflow/example_dags/example_latest_only_with_trigger.py for tasks to queue
[2024-08-30T05:51:05.146+0000] {logging_mixin.py:190} INFO - [2024-08-30T05:51:05.146+0000] {dagbag.py:587} INFO - Filling up the DagBag from /home/airflow/.local/lib/python3.12/site-packages/airflow/example_dags/example_latest_only_with_trigger.py
[2024-08-30T05:51:05.155+0000] {processor.py:925} INFO - DAG(s) 'latest_only_with_trigger' retrieved from /home/airflow/.local/lib/python3.12/site-packages/airflow/example_dags/example_latest_only_with_trigger.py
[2024-08-30T05:51:05.184+0000] {logging_mixin.py:190} INFO - [2024-08-30T05:51:05.184+0000] {dag.py:3211} INFO - Sync 1 DAGs
[2024-08-30T05:51:05.212+0000] {logging_mixin.py:190} INFO - [2024-08-30T05:51:05.212+0000] {dag.py:4138} INFO - Setting next_dagrun for latest_only_with_trigger to 2024-08-30 00:00:00+00:00, run_after=2024-08-30 04:00:00+00:00
[2024-08-30T05:51:05.258+0000] {processor.py:208} INFO - Processing /home/airflow/.local/lib/python3.12/site-packages/airflow/example_dags/example_latest_only_with_trigger.py took 0.137 seconds
[2024-08-30T05:51:35.775+0000] {processor.py:186} INFO - Started process (PID=453) to work on /home/airflow/.local/lib/python3.12/site-packages/airflow/example_dags/example_latest_only_with_trigger.py
[2024-08-30T05:51:35.776+0000] {processor.py:914} INFO - Processing file /home/airflow/.local/lib/python3.12/site-packages/airflow/example_dags/example_latest_only_with_trigger.py for tasks to queue
[2024-08-30T05:51:35.779+0000] {logging_mixin.py:190} INFO - [2024-08-30T05:51:35.779+0000] {dagbag.py:587} INFO - Filling up the DagBag from /home/airflow/.local/lib/python3.12/site-packages/airflow/example_dags/example_latest_only_with_trigger.py
[2024-08-30T05:51:35.788+0000] {processor.py:925} INFO - DAG(s) 'latest_only_with_trigger' retrieved from /home/airflow/.local/lib/python3.12/site-packages/airflow/example_dags/example_latest_only_with_trigger.py
[2024-08-30T05:51:35.813+0000] {logging_mixin.py:190} INFO - [2024-08-30T05:51:35.812+0000] {dag.py:3211} INFO - Sync 1 DAGs
[2024-08-30T05:51:35.844+0000] {logging_mixin.py:190} INFO - [2024-08-30T05:51:35.844+0000] {dag.py:4138} INFO - Setting next_dagrun for latest_only_with_trigger to 2024-08-30 00:00:00+00:00, run_after=2024-08-30 04:00:00+00:00
[2024-08-30T05:51:35.866+0000] {processor.py:208} INFO - Processing /home/airflow/.local/lib/python3.12/site-packages/airflow/example_dags/example_latest_only_with_trigger.py took 0.097 seconds
[2024-08-30T05:52:19.691+0000] {processor.py:186} INFO - Started process (PID=534) to work on /home/airflow/.local/lib/python3.12/site-packages/airflow/example_dags/example_latest_only_with_trigger.py
[2024-08-30T05:52:19.692+0000] {processor.py:914} INFO - Processing file /home/airflow/.local/lib/python3.12/site-packages/airflow/example_dags/example_latest_only_with_trigger.py for tasks to queue
[2024-08-30T05:52:19.694+0000] {logging_mixin.py:190} INFO - [2024-08-30T05:52:19.694+0000] {dagbag.py:587} INFO - Filling up the DagBag from /home/airflow/.local/lib/python3.12/site-packages/airflow/example_dags/example_latest_only_with_trigger.py
[2024-08-30T05:52:19.702+0000] {processor.py:925} INFO - DAG(s) 'latest_only_with_trigger' retrieved from /home/airflow/.local/lib/python3.12/site-packages/airflow/example_dags/example_latest_only_with_trigger.py
[2024-08-30T05:52:19.724+0000] {logging_mixin.py:190} INFO - [2024-08-30T05:52:19.723+0000] {dag.py:3211} INFO - Sync 1 DAGs
[2024-08-30T05:52:19.748+0000] {logging_mixin.py:190} INFO - [2024-08-30T05:52:19.748+0000] {dag.py:4138} INFO - Setting next_dagrun for latest_only_with_trigger to 2024-08-30 00:00:00+00:00, run_after=2024-08-30 04:00:00+00:00
[2024-08-30T05:52:19.768+0000] {processor.py:208} INFO - Processing /home/airflow/.local/lib/python3.12/site-packages/airflow/example_dags/example_latest_only_with_trigger.py took 0.084 seconds
[2024-08-30T05:52:50.440+0000] {processor.py:186} INFO - Started process (PID=596) to work on /home/airflow/.local/lib/python3.12/site-packages/airflow/example_dags/example_latest_only_with_trigger.py
[2024-08-30T05:52:50.441+0000] {processor.py:914} INFO - Processing file /home/airflow/.local/lib/python3.12/site-packages/airflow/example_dags/example_latest_only_with_trigger.py for tasks to queue
[2024-08-30T05:52:50.443+0000] {logging_mixin.py:190} INFO - [2024-08-30T05:52:50.443+0000] {dagbag.py:587} INFO - Filling up the DagBag from /home/airflow/.local/lib/python3.12/site-packages/airflow/example_dags/example_latest_only_with_trigger.py
[2024-08-30T05:52:50.452+0000] {processor.py:925} INFO - DAG(s) 'latest_only_with_trigger' retrieved from /home/airflow/.local/lib/python3.12/site-packages/airflow/example_dags/example_latest_only_with_trigger.py
[2024-08-30T05:52:50.472+0000] {logging_mixin.py:190} INFO - [2024-08-30T05:52:50.472+0000] {dag.py:3211} INFO - Sync 1 DAGs
[2024-08-30T05:52:50.500+0000] {logging_mixin.py:190} INFO - [2024-08-30T05:52:50.500+0000] {dag.py:4138} INFO - Setting next_dagrun for latest_only_with_trigger to 2024-08-30 00:00:00+00:00, run_after=2024-08-30 04:00:00+00:00
[2024-08-30T05:52:50.521+0000] {processor.py:208} INFO - Processing /home/airflow/.local/lib/python3.12/site-packages/airflow/example_dags/example_latest_only_with_trigger.py took 0.087 seconds
[2024-08-30T05:53:21.599+0000] {processor.py:186} INFO - Started process (PID=658) to work on /home/airflow/.local/lib/python3.12/site-packages/airflow/example_dags/example_latest_only_with_trigger.py
[2024-08-30T05:53:21.601+0000] {processor.py:914} INFO - Processing file /home/airflow/.local/lib/python3.12/site-packages/airflow/example_dags/example_latest_only_with_trigger.py for tasks to queue
[2024-08-30T05:53:21.604+0000] {logging_mixin.py:190} INFO - [2024-08-30T05:53:21.603+0000] {dagbag.py:587} INFO - Filling up the DagBag from /home/airflow/.local/lib/python3.12/site-packages/airflow/example_dags/example_latest_only_with_trigger.py
[2024-08-30T05:53:21.616+0000] {processor.py:925} INFO - DAG(s) 'latest_only_with_trigger' retrieved from /home/airflow/.local/lib/python3.12/site-packages/airflow/example_dags/example_latest_only_with_trigger.py
[2024-08-30T05:53:21.639+0000] {logging_mixin.py:190} INFO - [2024-08-30T05:53:21.638+0000] {dag.py:3211} INFO - Sync 1 DAGs
[2024-08-30T05:53:21.667+0000] {logging_mixin.py:190} INFO - [2024-08-30T05:53:21.666+0000] {dag.py:4138} INFO - Setting next_dagrun for latest_only_with_trigger to 2024-08-30 00:00:00+00:00, run_after=2024-08-30 04:00:00+00:00
[2024-08-30T05:53:21.688+0000] {processor.py:208} INFO - Processing /home/airflow/.local/lib/python3.12/site-packages/airflow/example_dags/example_latest_only_with_trigger.py took 0.097 seconds
[2024-08-30T05:53:51.802+0000] {processor.py:186} INFO - Started process (PID=720) to work on /home/airflow/.local/lib/python3.12/site-packages/airflow/example_dags/example_latest_only_with_trigger.py
[2024-08-30T05:53:51.803+0000] {processor.py:914} INFO - Processing file /home/airflow/.local/lib/python3.12/site-packages/airflow/example_dags/example_latest_only_with_trigger.py for tasks to queue
[2024-08-30T05:53:51.806+0000] {logging_mixin.py:190} INFO - [2024-08-30T05:53:51.805+0000] {dagbag.py:587} INFO - Filling up the DagBag from /home/airflow/.local/lib/python3.12/site-packages/airflow/example_dags/example_latest_only_with_trigger.py
[2024-08-30T05:53:51.814+0000] {processor.py:925} INFO - DAG(s) 'latest_only_with_trigger' retrieved from /home/airflow/.local/lib/python3.12/site-packages/airflow/example_dags/example_latest_only_with_trigger.py
[2024-08-30T05:53:51.836+0000] {logging_mixin.py:190} INFO - [2024-08-30T05:53:51.835+0000] {dag.py:3211} INFO - Sync 1 DAGs
[2024-08-30T05:53:51.858+0000] {logging_mixin.py:190} INFO - [2024-08-30T05:53:51.858+0000] {dag.py:4138} INFO - Setting next_dagrun for latest_only_with_trigger to 2024-08-30 00:00:00+00:00, run_after=2024-08-30 04:00:00+00:00
[2024-08-30T05:53:51.876+0000] {processor.py:208} INFO - Processing /home/airflow/.local/lib/python3.12/site-packages/airflow/example_dags/example_latest_only_with_trigger.py took 0.080 seconds
[2024-08-30T05:54:22.020+0000] {processor.py:186} INFO - Started process (PID=781) to work on /home/airflow/.local/lib/python3.12/site-packages/airflow/example_dags/example_latest_only_with_trigger.py
[2024-08-30T05:54:22.021+0000] {processor.py:914} INFO - Processing file /home/airflow/.local/lib/python3.12/site-packages/airflow/example_dags/example_latest_only_with_trigger.py for tasks to queue
[2024-08-30T05:54:22.024+0000] {logging_mixin.py:190} INFO - [2024-08-30T05:54:22.024+0000] {dagbag.py:587} INFO - Filling up the DagBag from /home/airflow/.local/lib/python3.12/site-packages/airflow/example_dags/example_latest_only_with_trigger.py
[2024-08-30T05:54:22.033+0000] {processor.py:925} INFO - DAG(s) 'latest_only_with_trigger' retrieved from /home/airflow/.local/lib/python3.12/site-packages/airflow/example_dags/example_latest_only_with_trigger.py
[2024-08-30T05:54:22.056+0000] {logging_mixin.py:190} INFO - [2024-08-30T05:54:22.055+0000] {dag.py:3211} INFO - Sync 1 DAGs
[2024-08-30T05:54:22.081+0000] {logging_mixin.py:190} INFO - [2024-08-30T05:54:22.081+0000] {dag.py:4138} INFO - Setting next_dagrun for latest_only_with_trigger to 2024-08-30 00:00:00+00:00, run_after=2024-08-30 04:00:00+00:00
[2024-08-30T05:54:22.106+0000] {processor.py:208} INFO - Processing /home/airflow/.local/lib/python3.12/site-packages/airflow/example_dags/example_latest_only_with_trigger.py took 0.092 seconds
[2024-08-30T05:54:52.523+0000] {processor.py:186} INFO - Started process (PID=844) to work on /home/airflow/.local/lib/python3.12/site-packages/airflow/example_dags/example_latest_only_with_trigger.py
[2024-08-30T05:54:52.525+0000] {processor.py:914} INFO - Processing file /home/airflow/.local/lib/python3.12/site-packages/airflow/example_dags/example_latest_only_with_trigger.py for tasks to queue
[2024-08-30T05:54:52.527+0000] {logging_mixin.py:190} INFO - [2024-08-30T05:54:52.527+0000] {dagbag.py:587} INFO - Filling up the DagBag from /home/airflow/.local/lib/python3.12/site-packages/airflow/example_dags/example_latest_only_with_trigger.py
[2024-08-30T05:54:52.536+0000] {processor.py:925} INFO - DAG(s) 'latest_only_with_trigger' retrieved from /home/airflow/.local/lib/python3.12/site-packages/airflow/example_dags/example_latest_only_with_trigger.py
[2024-08-30T05:54:52.561+0000] {logging_mixin.py:190} INFO - [2024-08-30T05:54:52.561+0000] {dag.py:3211} INFO - Sync 1 DAGs
[2024-08-30T05:54:52.588+0000] {logging_mixin.py:190} INFO - [2024-08-30T05:54:52.588+0000] {dag.py:4138} INFO - Setting next_dagrun for latest_only_with_trigger to 2024-08-30 00:00:00+00:00, run_after=2024-08-30 04:00:00+00:00
[2024-08-30T05:54:52.609+0000] {processor.py:208} INFO - Processing /home/airflow/.local/lib/python3.12/site-packages/airflow/example_dags/example_latest_only_with_trigger.py took 0.092 seconds
[2024-08-30T05:55:22.913+0000] {processor.py:186} INFO - Started process (PID=906) to work on /home/airflow/.local/lib/python3.12/site-packages/airflow/example_dags/example_latest_only_with_trigger.py
[2024-08-30T05:55:22.914+0000] {processor.py:914} INFO - Processing file /home/airflow/.local/lib/python3.12/site-packages/airflow/example_dags/example_latest_only_with_trigger.py for tasks to queue
[2024-08-30T05:55:22.917+0000] {logging_mixin.py:190} INFO - [2024-08-30T05:55:22.917+0000] {dagbag.py:587} INFO - Filling up the DagBag from /home/airflow/.local/lib/python3.12/site-packages/airflow/example_dags/example_latest_only_with_trigger.py
[2024-08-30T05:55:22.926+0000] {processor.py:925} INFO - DAG(s) 'latest_only_with_trigger' retrieved from /home/airflow/.local/lib/python3.12/site-packages/airflow/example_dags/example_latest_only_with_trigger.py
[2024-08-30T05:55:22.949+0000] {logging_mixin.py:190} INFO - [2024-08-30T05:55:22.949+0000] {dag.py:3211} INFO - Sync 1 DAGs
[2024-08-30T05:55:22.975+0000] {logging_mixin.py:190} INFO - [2024-08-30T05:55:22.975+0000] {dag.py:4138} INFO - Setting next_dagrun for latest_only_with_trigger to 2024-08-30 00:00:00+00:00, run_after=2024-08-30 04:00:00+00:00
[2024-08-30T05:55:22.996+0000] {processor.py:208} INFO - Processing /home/airflow/.local/lib/python3.12/site-packages/airflow/example_dags/example_latest_only_with_trigger.py took 0.090 seconds
[2024-08-30T05:56:00.675+0000] {processor.py:186} INFO - Started process (PID=968) to work on /home/airflow/.local/lib/python3.12/site-packages/airflow/example_dags/example_latest_only_with_trigger.py
[2024-08-30T05:56:00.676+0000] {processor.py:914} INFO - Processing file /home/airflow/.local/lib/python3.12/site-packages/airflow/example_dags/example_latest_only_with_trigger.py for tasks to queue
[2024-08-30T05:56:00.679+0000] {logging_mixin.py:190} INFO - [2024-08-30T05:56:00.679+0000] {dagbag.py:587} INFO - Filling up the DagBag from /home/airflow/.local/lib/python3.12/site-packages/airflow/example_dags/example_latest_only_with_trigger.py
[2024-08-30T05:56:00.688+0000] {processor.py:925} INFO - DAG(s) 'latest_only_with_trigger' retrieved from /home/airflow/.local/lib/python3.12/site-packages/airflow/example_dags/example_latest_only_with_trigger.py
[2024-08-30T05:56:00.711+0000] {logging_mixin.py:190} INFO - [2024-08-30T05:56:00.710+0000] {dag.py:3211} INFO - Sync 1 DAGs
[2024-08-30T05:56:00.738+0000] {logging_mixin.py:190} INFO - [2024-08-30T05:56:00.737+0000] {dag.py:4138} INFO - Setting next_dagrun for latest_only_with_trigger to 2024-08-30 00:00:00+00:00, run_after=2024-08-30 04:00:00+00:00
[2024-08-30T05:56:00.760+0000] {processor.py:208} INFO - Processing /home/airflow/.local/lib/python3.12/site-packages/airflow/example_dags/example_latest_only_with_trigger.py took 0.091 seconds
[2024-08-30T05:56:31.581+0000] {processor.py:186} INFO - Started process (PID=1030) to work on /home/airflow/.local/lib/python3.12/site-packages/airflow/example_dags/example_latest_only_with_trigger.py
[2024-08-30T05:56:31.583+0000] {processor.py:914} INFO - Processing file /home/airflow/.local/lib/python3.12/site-packages/airflow/example_dags/example_latest_only_with_trigger.py for tasks to queue
[2024-08-30T05:56:31.586+0000] {logging_mixin.py:190} INFO - [2024-08-30T05:56:31.585+0000] {dagbag.py:587} INFO - Filling up the DagBag from /home/airflow/.local/lib/python3.12/site-packages/airflow/example_dags/example_latest_only_with_trigger.py
[2024-08-30T05:56:31.606+0000] {processor.py:925} INFO - DAG(s) 'latest_only_with_trigger' retrieved from /home/airflow/.local/lib/python3.12/site-packages/airflow/example_dags/example_latest_only_with_trigger.py
[2024-08-30T05:56:31.631+0000] {logging_mixin.py:190} INFO - [2024-08-30T05:56:31.631+0000] {dag.py:3211} INFO - Sync 1 DAGs
[2024-08-30T05:56:31.673+0000] {logging_mixin.py:190} INFO - [2024-08-30T05:56:31.673+0000] {dag.py:4138} INFO - Setting next_dagrun for latest_only_with_trigger to 2024-08-30 00:00:00+00:00, run_after=2024-08-30 04:00:00+00:00
[2024-08-30T05:56:31.696+0000] {processor.py:208} INFO - Processing /home/airflow/.local/lib/python3.12/site-packages/airflow/example_dags/example_latest_only_with_trigger.py took 0.122 seconds
