[2024-08-30T05:48:08.194+0000] {processor.py:186} INFO - Started process (PID=63) to work on /home/airflow/.local/lib/python3.12/site-packages/airflow/example_dags/example_nested_branch_dag.py
[2024-08-30T05:48:08.196+0000] {processor.py:914} INFO - Processing file /home/airflow/.local/lib/python3.12/site-packages/airflow/example_dags/example_nested_branch_dag.py for tasks to queue
[2024-08-30T05:48:08.200+0000] {logging_mixin.py:190} INFO - [2024-08-30T05:48:08.199+0000] {dagbag.py:587} INFO - Filling up the DagBag from /home/airflow/.local/lib/python3.12/site-packages/airflow/example_dags/example_nested_branch_dag.py
[2024-08-30T05:48:08.225+0000] {processor.py:925} INFO - DAG(s) 'example_nested_branch_dag' retrieved from /home/airflow/.local/lib/python3.12/site-packages/airflow/example_dags/example_nested_branch_dag.py
[2024-08-30T05:48:08.432+0000] {logging_mixin.py:190} INFO - [2024-08-30T05:48:08.431+0000] {override.py:1858} INFO - Created Permission View: can delete on DAG:example_nested_branch_dag
[2024-08-30T05:48:08.488+0000] {logging_mixin.py:190} INFO - [2024-08-30T05:48:08.488+0000] {override.py:1858} INFO - Created Permission View: can edit on DAG:example_nested_branch_dag
[2024-08-30T05:48:08.501+0000] {logging_mixin.py:190} INFO - [2024-08-30T05:48:08.501+0000] {override.py:1858} INFO - Created Permission View: can read on DAG:example_nested_branch_dag
[2024-08-30T05:48:08.502+0000] {logging_mixin.py:190} INFO - [2024-08-30T05:48:08.502+0000] {dag.py:3211} INFO - Sync 1 DAGs
[2024-08-30T05:48:08.516+0000] {logging_mixin.py:190} INFO - [2024-08-30T05:48:08.516+0000] {dag.py:3234} INFO - Creating ORM DAG for example_nested_branch_dag
[2024-08-30T05:48:08.530+0000] {logging_mixin.py:190} INFO - [2024-08-30T05:48:08.529+0000] {dag.py:4138} INFO - Setting next_dagrun for example_nested_branch_dag to 2024-08-29 00:00:00+00:00, run_after=2024-08-30 00:00:00+00:00
[2024-08-30T05:48:08.554+0000] {processor.py:208} INFO - Processing /home/airflow/.local/lib/python3.12/site-packages/airflow/example_dags/example_nested_branch_dag.py took 0.368 seconds
[2024-08-30T05:48:39.414+0000] {processor.py:186} INFO - Started process (PID=125) to work on /home/airflow/.local/lib/python3.12/site-packages/airflow/example_dags/example_nested_branch_dag.py
[2024-08-30T05:48:39.417+0000] {processor.py:914} INFO - Processing file /home/airflow/.local/lib/python3.12/site-packages/airflow/example_dags/example_nested_branch_dag.py for tasks to queue
[2024-08-30T05:48:39.423+0000] {logging_mixin.py:190} INFO - [2024-08-30T05:48:39.422+0000] {dagbag.py:587} INFO - Filling up the DagBag from /home/airflow/.local/lib/python3.12/site-packages/airflow/example_dags/example_nested_branch_dag.py
[2024-08-30T05:48:39.458+0000] {processor.py:925} INFO - DAG(s) 'example_nested_branch_dag' retrieved from /home/airflow/.local/lib/python3.12/site-packages/airflow/example_dags/example_nested_branch_dag.py
[2024-08-30T05:48:39.506+0000] {logging_mixin.py:190} INFO - [2024-08-30T05:48:39.506+0000] {dag.py:3211} INFO - Sync 1 DAGs
[2024-08-30T05:48:39.592+0000] {logging_mixin.py:190} INFO - [2024-08-30T05:48:39.591+0000] {dag.py:4138} INFO - Setting next_dagrun for example_nested_branch_dag to 2024-08-29 00:00:00+00:00, run_after=2024-08-30 00:00:00+00:00
[2024-08-30T05:48:39.689+0000] {processor.py:208} INFO - Processing /home/airflow/.local/lib/python3.12/site-packages/airflow/example_dags/example_nested_branch_dag.py took 0.284 seconds
[2024-08-30T05:49:23.279+0000] {processor.py:186} INFO - Started process (PID=188) to work on /home/airflow/.local/lib/python3.12/site-packages/airflow/example_dags/example_nested_branch_dag.py
[2024-08-30T05:49:23.302+0000] {processor.py:914} INFO - Processing file /home/airflow/.local/lib/python3.12/site-packages/airflow/example_dags/example_nested_branch_dag.py for tasks to queue
[2024-08-30T05:49:23.442+0000] {logging_mixin.py:190} INFO - [2024-08-30T05:49:23.421+0000] {dagbag.py:587} INFO - Filling up the DagBag from /home/airflow/.local/lib/python3.12/site-packages/airflow/example_dags/example_nested_branch_dag.py
[2024-08-30T05:49:23.815+0000] {processor.py:925} INFO - DAG(s) 'example_nested_branch_dag' retrieved from /home/airflow/.local/lib/python3.12/site-packages/airflow/example_dags/example_nested_branch_dag.py
[2024-08-30T05:49:23.944+0000] {logging_mixin.py:190} INFO - [2024-08-30T05:49:23.943+0000] {dag.py:3211} INFO - Sync 1 DAGs
[2024-08-30T05:49:24.048+0000] {logging_mixin.py:190} INFO - [2024-08-30T05:49:24.047+0000] {dag.py:4138} INFO - Setting next_dagrun for example_nested_branch_dag to 2024-08-29 00:00:00+00:00, run_after=2024-08-30 00:00:00+00:00
[2024-08-30T05:49:24.219+0000] {processor.py:208} INFO - Processing /home/airflow/.local/lib/python3.12/site-packages/airflow/example_dags/example_nested_branch_dag.py took 0.972 seconds
[2024-08-30T05:49:54.413+0000] {processor.py:186} INFO - Started process (PID=250) to work on /home/airflow/.local/lib/python3.12/site-packages/airflow/example_dags/example_nested_branch_dag.py
[2024-08-30T05:49:54.418+0000] {processor.py:914} INFO - Processing file /home/airflow/.local/lib/python3.12/site-packages/airflow/example_dags/example_nested_branch_dag.py for tasks to queue
[2024-08-30T05:49:54.429+0000] {logging_mixin.py:190} INFO - [2024-08-30T05:49:54.428+0000] {dagbag.py:587} INFO - Filling up the DagBag from /home/airflow/.local/lib/python3.12/site-packages/airflow/example_dags/example_nested_branch_dag.py
[2024-08-30T05:49:54.475+0000] {processor.py:925} INFO - DAG(s) 'example_nested_branch_dag' retrieved from /home/airflow/.local/lib/python3.12/site-packages/airflow/example_dags/example_nested_branch_dag.py
[2024-08-30T05:49:54.544+0000] {logging_mixin.py:190} INFO - [2024-08-30T05:49:54.544+0000] {dag.py:3211} INFO - Sync 1 DAGs
[2024-08-30T05:49:54.600+0000] {logging_mixin.py:190} INFO - [2024-08-30T05:49:54.600+0000] {dag.py:4138} INFO - Setting next_dagrun for example_nested_branch_dag to 2024-08-29 00:00:00+00:00, run_after=2024-08-30 00:00:00+00:00
[2024-08-30T05:49:54.643+0000] {processor.py:208} INFO - Processing /home/airflow/.local/lib/python3.12/site-packages/airflow/example_dags/example_nested_branch_dag.py took 0.255 seconds
[2024-08-30T05:50:25.253+0000] {processor.py:186} INFO - Started process (PID=312) to work on /home/airflow/.local/lib/python3.12/site-packages/airflow/example_dags/example_nested_branch_dag.py
[2024-08-30T05:50:25.280+0000] {processor.py:914} INFO - Processing file /home/airflow/.local/lib/python3.12/site-packages/airflow/example_dags/example_nested_branch_dag.py for tasks to queue
[2024-08-30T05:50:25.286+0000] {logging_mixin.py:190} INFO - [2024-08-30T05:50:25.285+0000] {dagbag.py:587} INFO - Filling up the DagBag from /home/airflow/.local/lib/python3.12/site-packages/airflow/example_dags/example_nested_branch_dag.py
[2024-08-30T05:50:25.299+0000] {processor.py:925} INFO - DAG(s) 'example_nested_branch_dag' retrieved from /home/airflow/.local/lib/python3.12/site-packages/airflow/example_dags/example_nested_branch_dag.py
[2024-08-30T05:50:25.328+0000] {logging_mixin.py:190} INFO - [2024-08-30T05:50:25.328+0000] {dag.py:3211} INFO - Sync 1 DAGs
[2024-08-30T05:50:25.397+0000] {logging_mixin.py:190} INFO - [2024-08-30T05:50:25.396+0000] {dag.py:4138} INFO - Setting next_dagrun for example_nested_branch_dag to 2024-08-29 00:00:00+00:00, run_after=2024-08-30 00:00:00+00:00
[2024-08-30T05:50:25.486+0000] {processor.py:208} INFO - Processing /home/airflow/.local/lib/python3.12/site-packages/airflow/example_dags/example_nested_branch_dag.py took 0.241 seconds
[2024-08-30T05:50:56.411+0000] {processor.py:186} INFO - Started process (PID=373) to work on /home/airflow/.local/lib/python3.12/site-packages/airflow/example_dags/example_nested_branch_dag.py
[2024-08-30T05:50:56.415+0000] {processor.py:914} INFO - Processing file /home/airflow/.local/lib/python3.12/site-packages/airflow/example_dags/example_nested_branch_dag.py for tasks to queue
[2024-08-30T05:50:56.426+0000] {logging_mixin.py:190} INFO - [2024-08-30T05:50:56.425+0000] {dagbag.py:587} INFO - Filling up the DagBag from /home/airflow/.local/lib/python3.12/site-packages/airflow/example_dags/example_nested_branch_dag.py
[2024-08-30T05:50:56.464+0000] {processor.py:925} INFO - DAG(s) 'example_nested_branch_dag' retrieved from /home/airflow/.local/lib/python3.12/site-packages/airflow/example_dags/example_nested_branch_dag.py
[2024-08-30T05:50:56.522+0000] {logging_mixin.py:190} INFO - [2024-08-30T05:50:56.521+0000] {dag.py:3211} INFO - Sync 1 DAGs
[2024-08-30T05:50:56.576+0000] {logging_mixin.py:190} INFO - [2024-08-30T05:50:56.575+0000] {dag.py:4138} INFO - Setting next_dagrun for example_nested_branch_dag to 2024-08-29 00:00:00+00:00, run_after=2024-08-30 00:00:00+00:00
[2024-08-30T05:50:56.613+0000] {processor.py:208} INFO - Processing /home/airflow/.local/lib/python3.12/site-packages/airflow/example_dags/example_nested_branch_dag.py took 0.219 seconds
[2024-08-30T05:51:26.764+0000] {processor.py:186} INFO - Started process (PID=435) to work on /home/airflow/.local/lib/python3.12/site-packages/airflow/example_dags/example_nested_branch_dag.py
[2024-08-30T05:51:26.765+0000] {processor.py:914} INFO - Processing file /home/airflow/.local/lib/python3.12/site-packages/airflow/example_dags/example_nested_branch_dag.py for tasks to queue
[2024-08-30T05:51:26.768+0000] {logging_mixin.py:190} INFO - [2024-08-30T05:51:26.768+0000] {dagbag.py:587} INFO - Filling up the DagBag from /home/airflow/.local/lib/python3.12/site-packages/airflow/example_dags/example_nested_branch_dag.py
[2024-08-30T05:51:26.779+0000] {processor.py:925} INFO - DAG(s) 'example_nested_branch_dag' retrieved from /home/airflow/.local/lib/python3.12/site-packages/airflow/example_dags/example_nested_branch_dag.py
[2024-08-30T05:51:26.806+0000] {logging_mixin.py:190} INFO - [2024-08-30T05:51:26.806+0000] {dag.py:3211} INFO - Sync 1 DAGs
[2024-08-30T05:51:26.835+0000] {logging_mixin.py:190} INFO - [2024-08-30T05:51:26.835+0000] {dag.py:4138} INFO - Setting next_dagrun for example_nested_branch_dag to 2024-08-29 00:00:00+00:00, run_after=2024-08-30 00:00:00+00:00
[2024-08-30T05:51:26.859+0000] {processor.py:208} INFO - Processing /home/airflow/.local/lib/python3.12/site-packages/airflow/example_dags/example_nested_branch_dag.py took 0.101 seconds
[2024-08-30T05:52:18.017+0000] {processor.py:186} INFO - Started process (PID=523) to work on /home/airflow/.local/lib/python3.12/site-packages/airflow/example_dags/example_nested_branch_dag.py
[2024-08-30T05:52:18.019+0000] {processor.py:914} INFO - Processing file /home/airflow/.local/lib/python3.12/site-packages/airflow/example_dags/example_nested_branch_dag.py for tasks to queue
[2024-08-30T05:52:18.024+0000] {logging_mixin.py:190} INFO - [2024-08-30T05:52:18.024+0000] {dagbag.py:587} INFO - Filling up the DagBag from /home/airflow/.local/lib/python3.12/site-packages/airflow/example_dags/example_nested_branch_dag.py
[2024-08-30T05:52:18.046+0000] {processor.py:925} INFO - DAG(s) 'example_nested_branch_dag' retrieved from /home/airflow/.local/lib/python3.12/site-packages/airflow/example_dags/example_nested_branch_dag.py
[2024-08-30T05:52:18.109+0000] {logging_mixin.py:190} INFO - [2024-08-30T05:52:18.109+0000] {dag.py:3211} INFO - Sync 1 DAGs
[2024-08-30T05:52:18.156+0000] {logging_mixin.py:190} INFO - [2024-08-30T05:52:18.155+0000] {dag.py:4138} INFO - Setting next_dagrun for example_nested_branch_dag to 2024-08-29 00:00:00+00:00, run_after=2024-08-30 00:00:00+00:00
[2024-08-30T05:52:18.189+0000] {processor.py:208} INFO - Processing /home/airflow/.local/lib/python3.12/site-packages/airflow/example_dags/example_nested_branch_dag.py took 0.180 seconds
[2024-08-30T05:52:48.255+0000] {processor.py:186} INFO - Started process (PID=584) to work on /home/airflow/.local/lib/python3.12/site-packages/airflow/example_dags/example_nested_branch_dag.py
[2024-08-30T05:52:48.256+0000] {processor.py:914} INFO - Processing file /home/airflow/.local/lib/python3.12/site-packages/airflow/example_dags/example_nested_branch_dag.py for tasks to queue
[2024-08-30T05:52:48.260+0000] {logging_mixin.py:190} INFO - [2024-08-30T05:52:48.259+0000] {dagbag.py:587} INFO - Filling up the DagBag from /home/airflow/.local/lib/python3.12/site-packages/airflow/example_dags/example_nested_branch_dag.py
[2024-08-30T05:52:48.275+0000] {processor.py:925} INFO - DAG(s) 'example_nested_branch_dag' retrieved from /home/airflow/.local/lib/python3.12/site-packages/airflow/example_dags/example_nested_branch_dag.py
[2024-08-30T05:52:48.314+0000] {logging_mixin.py:190} INFO - [2024-08-30T05:52:48.313+0000] {dag.py:3211} INFO - Sync 1 DAGs
[2024-08-30T05:52:48.352+0000] {logging_mixin.py:190} INFO - [2024-08-30T05:52:48.351+0000] {dag.py:4138} INFO - Setting next_dagrun for example_nested_branch_dag to 2024-08-29 00:00:00+00:00, run_after=2024-08-30 00:00:00+00:00
[2024-08-30T05:52:48.380+0000] {processor.py:208} INFO - Processing /home/airflow/.local/lib/python3.12/site-packages/airflow/example_dags/example_nested_branch_dag.py took 0.132 seconds
[2024-08-30T05:53:18.615+0000] {processor.py:186} INFO - Started process (PID=646) to work on /home/airflow/.local/lib/python3.12/site-packages/airflow/example_dags/example_nested_branch_dag.py
[2024-08-30T05:53:18.616+0000] {processor.py:914} INFO - Processing file /home/airflow/.local/lib/python3.12/site-packages/airflow/example_dags/example_nested_branch_dag.py for tasks to queue
[2024-08-30T05:53:18.618+0000] {logging_mixin.py:190} INFO - [2024-08-30T05:53:18.618+0000] {dagbag.py:587} INFO - Filling up the DagBag from /home/airflow/.local/lib/python3.12/site-packages/airflow/example_dags/example_nested_branch_dag.py
[2024-08-30T05:53:18.630+0000] {processor.py:925} INFO - DAG(s) 'example_nested_branch_dag' retrieved from /home/airflow/.local/lib/python3.12/site-packages/airflow/example_dags/example_nested_branch_dag.py
[2024-08-30T05:53:18.652+0000] {logging_mixin.py:190} INFO - [2024-08-30T05:53:18.652+0000] {dag.py:3211} INFO - Sync 1 DAGs
[2024-08-30T05:53:18.676+0000] {logging_mixin.py:190} INFO - [2024-08-30T05:53:18.676+0000] {dag.py:4138} INFO - Setting next_dagrun for example_nested_branch_dag to 2024-08-29 00:00:00+00:00, run_after=2024-08-30 00:00:00+00:00
[2024-08-30T05:53:18.695+0000] {processor.py:208} INFO - Processing /home/airflow/.local/lib/python3.12/site-packages/airflow/example_dags/example_nested_branch_dag.py took 0.086 seconds
[2024-08-30T05:53:49.816+0000] {processor.py:186} INFO - Started process (PID=708) to work on /home/airflow/.local/lib/python3.12/site-packages/airflow/example_dags/example_nested_branch_dag.py
[2024-08-30T05:53:49.817+0000] {processor.py:914} INFO - Processing file /home/airflow/.local/lib/python3.12/site-packages/airflow/example_dags/example_nested_branch_dag.py for tasks to queue
[2024-08-30T05:53:49.820+0000] {logging_mixin.py:190} INFO - [2024-08-30T05:53:49.820+0000] {dagbag.py:587} INFO - Filling up the DagBag from /home/airflow/.local/lib/python3.12/site-packages/airflow/example_dags/example_nested_branch_dag.py
[2024-08-30T05:53:49.832+0000] {processor.py:925} INFO - DAG(s) 'example_nested_branch_dag' retrieved from /home/airflow/.local/lib/python3.12/site-packages/airflow/example_dags/example_nested_branch_dag.py
[2024-08-30T05:53:49.857+0000] {logging_mixin.py:190} INFO - [2024-08-30T05:53:49.857+0000] {dag.py:3211} INFO - Sync 1 DAGs
[2024-08-30T05:53:49.883+0000] {logging_mixin.py:190} INFO - [2024-08-30T05:53:49.883+0000] {dag.py:4138} INFO - Setting next_dagrun for example_nested_branch_dag to 2024-08-29 00:00:00+00:00, run_after=2024-08-30 00:00:00+00:00
[2024-08-30T05:53:49.905+0000] {processor.py:208} INFO - Processing /home/airflow/.local/lib/python3.12/site-packages/airflow/example_dags/example_nested_branch_dag.py took 0.094 seconds
[2024-08-30T05:54:20.287+0000] {processor.py:186} INFO - Started process (PID=770) to work on /home/airflow/.local/lib/python3.12/site-packages/airflow/example_dags/example_nested_branch_dag.py
[2024-08-30T05:54:20.288+0000] {processor.py:914} INFO - Processing file /home/airflow/.local/lib/python3.12/site-packages/airflow/example_dags/example_nested_branch_dag.py for tasks to queue
[2024-08-30T05:54:20.291+0000] {logging_mixin.py:190} INFO - [2024-08-30T05:54:20.291+0000] {dagbag.py:587} INFO - Filling up the DagBag from /home/airflow/.local/lib/python3.12/site-packages/airflow/example_dags/example_nested_branch_dag.py
[2024-08-30T05:54:20.303+0000] {processor.py:925} INFO - DAG(s) 'example_nested_branch_dag' retrieved from /home/airflow/.local/lib/python3.12/site-packages/airflow/example_dags/example_nested_branch_dag.py
[2024-08-30T05:54:20.327+0000] {logging_mixin.py:190} INFO - [2024-08-30T05:54:20.327+0000] {dag.py:3211} INFO - Sync 1 DAGs
[2024-08-30T05:54:20.353+0000] {logging_mixin.py:190} INFO - [2024-08-30T05:54:20.353+0000] {dag.py:4138} INFO - Setting next_dagrun for example_nested_branch_dag to 2024-08-29 00:00:00+00:00, run_after=2024-08-30 00:00:00+00:00
[2024-08-30T05:54:20.372+0000] {processor.py:208} INFO - Processing /home/airflow/.local/lib/python3.12/site-packages/airflow/example_dags/example_nested_branch_dag.py took 0.091 seconds
[2024-08-30T05:54:50.740+0000] {processor.py:186} INFO - Started process (PID=832) to work on /home/airflow/.local/lib/python3.12/site-packages/airflow/example_dags/example_nested_branch_dag.py
[2024-08-30T05:54:50.741+0000] {processor.py:914} INFO - Processing file /home/airflow/.local/lib/python3.12/site-packages/airflow/example_dags/example_nested_branch_dag.py for tasks to queue
[2024-08-30T05:54:50.743+0000] {logging_mixin.py:190} INFO - [2024-08-30T05:54:50.743+0000] {dagbag.py:587} INFO - Filling up the DagBag from /home/airflow/.local/lib/python3.12/site-packages/airflow/example_dags/example_nested_branch_dag.py
[2024-08-30T05:54:50.755+0000] {processor.py:925} INFO - DAG(s) 'example_nested_branch_dag' retrieved from /home/airflow/.local/lib/python3.12/site-packages/airflow/example_dags/example_nested_branch_dag.py
[2024-08-30T05:54:50.778+0000] {logging_mixin.py:190} INFO - [2024-08-30T05:54:50.778+0000] {dag.py:3211} INFO - Sync 1 DAGs
[2024-08-30T05:54:50.802+0000] {logging_mixin.py:190} INFO - [2024-08-30T05:54:50.802+0000] {dag.py:4138} INFO - Setting next_dagrun for example_nested_branch_dag to 2024-08-29 00:00:00+00:00, run_after=2024-08-30 00:00:00+00:00
[2024-08-30T05:54:50.822+0000] {processor.py:208} INFO - Processing /home/airflow/.local/lib/python3.12/site-packages/airflow/example_dags/example_nested_branch_dag.py took 0.089 seconds
[2024-08-30T05:55:21.003+0000] {processor.py:186} INFO - Started process (PID=894) to work on /home/airflow/.local/lib/python3.12/site-packages/airflow/example_dags/example_nested_branch_dag.py
[2024-08-30T05:55:21.005+0000] {processor.py:914} INFO - Processing file /home/airflow/.local/lib/python3.12/site-packages/airflow/example_dags/example_nested_branch_dag.py for tasks to queue
[2024-08-30T05:55:21.008+0000] {logging_mixin.py:190} INFO - [2024-08-30T05:55:21.007+0000] {dagbag.py:587} INFO - Filling up the DagBag from /home/airflow/.local/lib/python3.12/site-packages/airflow/example_dags/example_nested_branch_dag.py
[2024-08-30T05:55:21.020+0000] {processor.py:925} INFO - DAG(s) 'example_nested_branch_dag' retrieved from /home/airflow/.local/lib/python3.12/site-packages/airflow/example_dags/example_nested_branch_dag.py
[2024-08-30T05:55:21.044+0000] {logging_mixin.py:190} INFO - [2024-08-30T05:55:21.044+0000] {dag.py:3211} INFO - Sync 1 DAGs
[2024-08-30T05:55:21.072+0000] {logging_mixin.py:190} INFO - [2024-08-30T05:55:21.072+0000] {dag.py:4138} INFO - Setting next_dagrun for example_nested_branch_dag to 2024-08-29 00:00:00+00:00, run_after=2024-08-30 00:00:00+00:00
[2024-08-30T05:55:21.093+0000] {processor.py:208} INFO - Processing /home/airflow/.local/lib/python3.12/site-packages/airflow/example_dags/example_nested_branch_dag.py took 0.096 seconds
[2024-08-30T05:55:59.645+0000] {processor.py:186} INFO - Started process (PID=957) to work on /home/airflow/.local/lib/python3.12/site-packages/airflow/example_dags/example_nested_branch_dag.py
[2024-08-30T05:55:59.646+0000] {processor.py:914} INFO - Processing file /home/airflow/.local/lib/python3.12/site-packages/airflow/example_dags/example_nested_branch_dag.py for tasks to queue
[2024-08-30T05:55:59.649+0000] {logging_mixin.py:190} INFO - [2024-08-30T05:55:59.649+0000] {dagbag.py:587} INFO - Filling up the DagBag from /home/airflow/.local/lib/python3.12/site-packages/airflow/example_dags/example_nested_branch_dag.py
[2024-08-30T05:55:59.661+0000] {processor.py:925} INFO - DAG(s) 'example_nested_branch_dag' retrieved from /home/airflow/.local/lib/python3.12/site-packages/airflow/example_dags/example_nested_branch_dag.py
[2024-08-30T05:55:59.686+0000] {logging_mixin.py:190} INFO - [2024-08-30T05:55:59.685+0000] {dag.py:3211} INFO - Sync 1 DAGs
[2024-08-30T05:55:59.714+0000] {logging_mixin.py:190} INFO - [2024-08-30T05:55:59.714+0000] {dag.py:4138} INFO - Setting next_dagrun for example_nested_branch_dag to 2024-08-29 00:00:00+00:00, run_after=2024-08-30 00:00:00+00:00
[2024-08-30T05:55:59.737+0000] {processor.py:208} INFO - Processing /home/airflow/.local/lib/python3.12/site-packages/airflow/example_dags/example_nested_branch_dag.py took 0.099 seconds
[2024-08-30T05:56:30.672+0000] {processor.py:186} INFO - Started process (PID=1019) to work on /home/airflow/.local/lib/python3.12/site-packages/airflow/example_dags/example_nested_branch_dag.py
[2024-08-30T05:56:30.674+0000] {processor.py:914} INFO - Processing file /home/airflow/.local/lib/python3.12/site-packages/airflow/example_dags/example_nested_branch_dag.py for tasks to queue
[2024-08-30T05:56:30.678+0000] {logging_mixin.py:190} INFO - [2024-08-30T05:56:30.677+0000] {dagbag.py:587} INFO - Filling up the DagBag from /home/airflow/.local/lib/python3.12/site-packages/airflow/example_dags/example_nested_branch_dag.py
[2024-08-30T05:56:30.695+0000] {processor.py:925} INFO - DAG(s) 'example_nested_branch_dag' retrieved from /home/airflow/.local/lib/python3.12/site-packages/airflow/example_dags/example_nested_branch_dag.py
[2024-08-30T05:56:30.720+0000] {logging_mixin.py:190} INFO - [2024-08-30T05:56:30.720+0000] {dag.py:3211} INFO - Sync 1 DAGs
[2024-08-30T05:56:30.748+0000] {logging_mixin.py:190} INFO - [2024-08-30T05:56:30.748+0000] {dag.py:4138} INFO - Setting next_dagrun for example_nested_branch_dag to 2024-08-29 00:00:00+00:00, run_after=2024-08-30 00:00:00+00:00
[2024-08-30T05:56:30.770+0000] {processor.py:208} INFO - Processing /home/airflow/.local/lib/python3.12/site-packages/airflow/example_dags/example_nested_branch_dag.py took 0.107 seconds
