[2024-08-30T05:48:08.805+0000] {processor.py:186} INFO - Started process (PID=65) to work on /home/airflow/.local/lib/python3.12/site-packages/airflow/example_dags/example_trigger_target_dag.py
[2024-08-30T05:48:08.807+0000] {processor.py:914} INFO - Processing file /home/airflow/.local/lib/python3.12/site-packages/airflow/example_dags/example_trigger_target_dag.py for tasks to queue
[2024-08-30T05:48:08.810+0000] {logging_mixin.py:190} INFO - [2024-08-30T05:48:08.810+0000] {dagbag.py:587} INFO - Filling up the DagBag from /home/airflow/.local/lib/python3.12/site-packages/airflow/example_dags/example_trigger_target_dag.py
[2024-08-30T05:48:08.827+0000] {processor.py:925} INFO - DAG(s) 'example_trigger_target_dag' retrieved from /home/airflow/.local/lib/python3.12/site-packages/airflow/example_dags/example_trigger_target_dag.py
[2024-08-30T05:48:08.971+0000] {logging_mixin.py:190} INFO - [2024-08-30T05:48:08.970+0000] {override.py:1858} INFO - Created Permission View: can delete on DAG:example_trigger_target_dag
[2024-08-30T05:48:08.987+0000] {logging_mixin.py:190} INFO - [2024-08-30T05:48:08.986+0000] {override.py:1858} INFO - Created Permission View: can edit on DAG:example_trigger_target_dag
[2024-08-30T05:48:08.997+0000] {logging_mixin.py:190} INFO - [2024-08-30T05:48:08.997+0000] {override.py:1858} INFO - Created Permission View: can read on DAG:example_trigger_target_dag
[2024-08-30T05:48:08.998+0000] {logging_mixin.py:190} INFO - [2024-08-30T05:48:08.998+0000] {dag.py:3211} INFO - Sync 1 DAGs
[2024-08-30T05:48:09.017+0000] {logging_mixin.py:190} INFO - [2024-08-30T05:48:09.017+0000] {dag.py:3234} INFO - Creating ORM DAG for example_trigger_target_dag
[2024-08-30T05:48:09.018+0000] {logging_mixin.py:190} INFO - [2024-08-30T05:48:09.018+0000] {dag.py:4138} INFO - Setting next_dagrun for example_trigger_target_dag to None, run_after=None
[2024-08-30T05:48:09.041+0000] {processor.py:208} INFO - Processing /home/airflow/.local/lib/python3.12/site-packages/airflow/example_dags/example_trigger_target_dag.py took 0.245 seconds
[2024-08-30T05:48:40.060+0000] {processor.py:186} INFO - Started process (PID=127) to work on /home/airflow/.local/lib/python3.12/site-packages/airflow/example_dags/example_trigger_target_dag.py
[2024-08-30T05:48:40.062+0000] {processor.py:914} INFO - Processing file /home/airflow/.local/lib/python3.12/site-packages/airflow/example_dags/example_trigger_target_dag.py for tasks to queue
[2024-08-30T05:48:40.067+0000] {logging_mixin.py:190} INFO - [2024-08-30T05:48:40.066+0000] {dagbag.py:587} INFO - Filling up the DagBag from /home/airflow/.local/lib/python3.12/site-packages/airflow/example_dags/example_trigger_target_dag.py
[2024-08-30T05:48:40.085+0000] {processor.py:925} INFO - DAG(s) 'example_trigger_target_dag' retrieved from /home/airflow/.local/lib/python3.12/site-packages/airflow/example_dags/example_trigger_target_dag.py
[2024-08-30T05:48:40.135+0000] {logging_mixin.py:190} INFO - [2024-08-30T05:48:40.134+0000] {dag.py:3211} INFO - Sync 1 DAGs
[2024-08-30T05:48:40.183+0000] {logging_mixin.py:190} INFO - [2024-08-30T05:48:40.182+0000] {dag.py:4138} INFO - Setting next_dagrun for example_trigger_target_dag to None, run_after=None
[2024-08-30T05:48:40.241+0000] {processor.py:208} INFO - Processing /home/airflow/.local/lib/python3.12/site-packages/airflow/example_dags/example_trigger_target_dag.py took 0.191 seconds
[2024-08-30T05:49:24.828+0000] {processor.py:186} INFO - Started process (PID=196) to work on /home/airflow/.local/lib/python3.12/site-packages/airflow/example_dags/example_trigger_target_dag.py
[2024-08-30T05:49:24.856+0000] {processor.py:914} INFO - Processing file /home/airflow/.local/lib/python3.12/site-packages/airflow/example_dags/example_trigger_target_dag.py for tasks to queue
[2024-08-30T05:49:24.898+0000] {logging_mixin.py:190} INFO - [2024-08-30T05:49:24.895+0000] {dagbag.py:587} INFO - Filling up the DagBag from /home/airflow/.local/lib/python3.12/site-packages/airflow/example_dags/example_trigger_target_dag.py
[2024-08-30T05:49:25.270+0000] {processor.py:925} INFO - DAG(s) 'example_trigger_target_dag' retrieved from /home/airflow/.local/lib/python3.12/site-packages/airflow/example_dags/example_trigger_target_dag.py
[2024-08-30T05:49:25.827+0000] {logging_mixin.py:190} INFO - [2024-08-30T05:49:25.826+0000] {dag.py:3211} INFO - Sync 1 DAGs
[2024-08-30T05:49:25.977+0000] {logging_mixin.py:190} INFO - [2024-08-30T05:49:25.977+0000] {dag.py:4138} INFO - Setting next_dagrun for example_trigger_target_dag to None, run_after=None
[2024-08-30T05:49:26.211+0000] {processor.py:208} INFO - Processing /home/airflow/.local/lib/python3.12/site-packages/airflow/example_dags/example_trigger_target_dag.py took 1.479 seconds
[2024-08-30T05:49:56.759+0000] {processor.py:186} INFO - Started process (PID=258) to work on /home/airflow/.local/lib/python3.12/site-packages/airflow/example_dags/example_trigger_target_dag.py
[2024-08-30T05:49:56.763+0000] {processor.py:914} INFO - Processing file /home/airflow/.local/lib/python3.12/site-packages/airflow/example_dags/example_trigger_target_dag.py for tasks to queue
[2024-08-30T05:49:56.776+0000] {logging_mixin.py:190} INFO - [2024-08-30T05:49:56.775+0000] {dagbag.py:587} INFO - Filling up the DagBag from /home/airflow/.local/lib/python3.12/site-packages/airflow/example_dags/example_trigger_target_dag.py
[2024-08-30T05:49:56.817+0000] {processor.py:925} INFO - DAG(s) 'example_trigger_target_dag' retrieved from /home/airflow/.local/lib/python3.12/site-packages/airflow/example_dags/example_trigger_target_dag.py
[2024-08-30T05:49:56.884+0000] {logging_mixin.py:190} INFO - [2024-08-30T05:49:56.884+0000] {dag.py:3211} INFO - Sync 1 DAGs
[2024-08-30T05:49:56.926+0000] {logging_mixin.py:190} INFO - [2024-08-30T05:49:56.926+0000] {dag.py:4138} INFO - Setting next_dagrun for example_trigger_target_dag to None, run_after=None
[2024-08-30T05:49:57.008+0000] {processor.py:208} INFO - Processing /home/airflow/.local/lib/python3.12/site-packages/airflow/example_dags/example_trigger_target_dag.py took 0.280 seconds
[2024-08-30T05:50:27.324+0000] {processor.py:186} INFO - Started process (PID=320) to work on /home/airflow/.local/lib/python3.12/site-packages/airflow/example_dags/example_trigger_target_dag.py
[2024-08-30T05:50:27.361+0000] {processor.py:914} INFO - Processing file /home/airflow/.local/lib/python3.12/site-packages/airflow/example_dags/example_trigger_target_dag.py for tasks to queue
[2024-08-30T05:50:27.402+0000] {logging_mixin.py:190} INFO - [2024-08-30T05:50:27.402+0000] {dagbag.py:587} INFO - Filling up the DagBag from /home/airflow/.local/lib/python3.12/site-packages/airflow/example_dags/example_trigger_target_dag.py
[2024-08-30T05:50:27.637+0000] {processor.py:925} INFO - DAG(s) 'example_trigger_target_dag' retrieved from /home/airflow/.local/lib/python3.12/site-packages/airflow/example_dags/example_trigger_target_dag.py
[2024-08-30T05:50:27.683+0000] {logging_mixin.py:190} INFO - [2024-08-30T05:50:27.682+0000] {dag.py:3211} INFO - Sync 1 DAGs
[2024-08-30T05:50:27.738+0000] {logging_mixin.py:190} INFO - [2024-08-30T05:50:27.737+0000] {dag.py:4138} INFO - Setting next_dagrun for example_trigger_target_dag to None, run_after=None
[2024-08-30T05:50:27.800+0000] {processor.py:208} INFO - Processing /home/airflow/.local/lib/python3.12/site-packages/airflow/example_dags/example_trigger_target_dag.py took 0.459 seconds
[2024-08-30T05:50:58.136+0000] {processor.py:186} INFO - Started process (PID=382) to work on /home/airflow/.local/lib/python3.12/site-packages/airflow/example_dags/example_trigger_target_dag.py
[2024-08-30T05:50:58.139+0000] {processor.py:914} INFO - Processing file /home/airflow/.local/lib/python3.12/site-packages/airflow/example_dags/example_trigger_target_dag.py for tasks to queue
[2024-08-30T05:50:58.147+0000] {logging_mixin.py:190} INFO - [2024-08-30T05:50:58.146+0000] {dagbag.py:587} INFO - Filling up the DagBag from /home/airflow/.local/lib/python3.12/site-packages/airflow/example_dags/example_trigger_target_dag.py
[2024-08-30T05:50:58.171+0000] {processor.py:925} INFO - DAG(s) 'example_trigger_target_dag' retrieved from /home/airflow/.local/lib/python3.12/site-packages/airflow/example_dags/example_trigger_target_dag.py
[2024-08-30T05:50:58.238+0000] {logging_mixin.py:190} INFO - [2024-08-30T05:50:58.238+0000] {dag.py:3211} INFO - Sync 1 DAGs
[2024-08-30T05:50:58.287+0000] {logging_mixin.py:190} INFO - [2024-08-30T05:50:58.287+0000] {dag.py:4138} INFO - Setting next_dagrun for example_trigger_target_dag to None, run_after=None
[2024-08-30T05:50:58.321+0000] {processor.py:208} INFO - Processing /home/airflow/.local/lib/python3.12/site-packages/airflow/example_dags/example_trigger_target_dag.py took 0.206 seconds
[2024-08-30T05:51:28.951+0000] {processor.py:186} INFO - Started process (PID=444) to work on /home/airflow/.local/lib/python3.12/site-packages/airflow/example_dags/example_trigger_target_dag.py
[2024-08-30T05:51:28.954+0000] {processor.py:914} INFO - Processing file /home/airflow/.local/lib/python3.12/site-packages/airflow/example_dags/example_trigger_target_dag.py for tasks to queue
[2024-08-30T05:51:28.958+0000] {logging_mixin.py:190} INFO - [2024-08-30T05:51:28.958+0000] {dagbag.py:587} INFO - Filling up the DagBag from /home/airflow/.local/lib/python3.12/site-packages/airflow/example_dags/example_trigger_target_dag.py
[2024-08-30T05:51:28.979+0000] {processor.py:925} INFO - DAG(s) 'example_trigger_target_dag' retrieved from /home/airflow/.local/lib/python3.12/site-packages/airflow/example_dags/example_trigger_target_dag.py
[2024-08-30T05:51:29.132+0000] {logging_mixin.py:190} INFO - [2024-08-30T05:51:29.132+0000] {dag.py:3211} INFO - Sync 1 DAGs
[2024-08-30T05:51:29.167+0000] {logging_mixin.py:190} INFO - [2024-08-30T05:51:29.166+0000] {dag.py:4138} INFO - Setting next_dagrun for example_trigger_target_dag to None, run_after=None
[2024-08-30T05:51:29.205+0000] {processor.py:208} INFO - Processing /home/airflow/.local/lib/python3.12/site-packages/airflow/example_dags/example_trigger_target_dag.py took 0.268 seconds
[2024-08-30T05:52:18.476+0000] {processor.py:186} INFO - Started process (PID=525) to work on /home/airflow/.local/lib/python3.12/site-packages/airflow/example_dags/example_trigger_target_dag.py
[2024-08-30T05:52:18.477+0000] {processor.py:914} INFO - Processing file /home/airflow/.local/lib/python3.12/site-packages/airflow/example_dags/example_trigger_target_dag.py for tasks to queue
[2024-08-30T05:52:18.481+0000] {logging_mixin.py:190} INFO - [2024-08-30T05:52:18.480+0000] {dagbag.py:587} INFO - Filling up the DagBag from /home/airflow/.local/lib/python3.12/site-packages/airflow/example_dags/example_trigger_target_dag.py
[2024-08-30T05:52:18.497+0000] {processor.py:925} INFO - DAG(s) 'example_trigger_target_dag' retrieved from /home/airflow/.local/lib/python3.12/site-packages/airflow/example_dags/example_trigger_target_dag.py
[2024-08-30T05:52:18.545+0000] {logging_mixin.py:190} INFO - [2024-08-30T05:52:18.545+0000] {dag.py:3211} INFO - Sync 1 DAGs
[2024-08-30T05:52:18.564+0000] {logging_mixin.py:190} INFO - [2024-08-30T05:52:18.564+0000] {dag.py:4138} INFO - Setting next_dagrun for example_trigger_target_dag to None, run_after=None
[2024-08-30T05:52:18.594+0000] {processor.py:208} INFO - Processing /home/airflow/.local/lib/python3.12/site-packages/airflow/example_dags/example_trigger_target_dag.py took 0.129 seconds
[2024-08-30T05:52:49.595+0000] {processor.py:186} INFO - Started process (PID=587) to work on /home/airflow/.local/lib/python3.12/site-packages/airflow/example_dags/example_trigger_target_dag.py
[2024-08-30T05:52:49.597+0000] {processor.py:914} INFO - Processing file /home/airflow/.local/lib/python3.12/site-packages/airflow/example_dags/example_trigger_target_dag.py for tasks to queue
[2024-08-30T05:52:49.600+0000] {logging_mixin.py:190} INFO - [2024-08-30T05:52:49.600+0000] {dagbag.py:587} INFO - Filling up the DagBag from /home/airflow/.local/lib/python3.12/site-packages/airflow/example_dags/example_trigger_target_dag.py
[2024-08-30T05:52:49.611+0000] {processor.py:925} INFO - DAG(s) 'example_trigger_target_dag' retrieved from /home/airflow/.local/lib/python3.12/site-packages/airflow/example_dags/example_trigger_target_dag.py
[2024-08-30T05:52:49.650+0000] {logging_mixin.py:190} INFO - [2024-08-30T05:52:49.649+0000] {dag.py:3211} INFO - Sync 1 DAGs
[2024-08-30T05:52:49.672+0000] {logging_mixin.py:190} INFO - [2024-08-30T05:52:49.672+0000] {dag.py:4138} INFO - Setting next_dagrun for example_trigger_target_dag to None, run_after=None
[2024-08-30T05:52:49.697+0000] {processor.py:208} INFO - Processing /home/airflow/.local/lib/python3.12/site-packages/airflow/example_dags/example_trigger_target_dag.py took 0.110 seconds
[2024-08-30T05:53:19.748+0000] {processor.py:186} INFO - Started process (PID=648) to work on /home/airflow/.local/lib/python3.12/site-packages/airflow/example_dags/example_trigger_target_dag.py
[2024-08-30T05:53:19.749+0000] {processor.py:914} INFO - Processing file /home/airflow/.local/lib/python3.12/site-packages/airflow/example_dags/example_trigger_target_dag.py for tasks to queue
[2024-08-30T05:53:19.751+0000] {logging_mixin.py:190} INFO - [2024-08-30T05:53:19.751+0000] {dagbag.py:587} INFO - Filling up the DagBag from /home/airflow/.local/lib/python3.12/site-packages/airflow/example_dags/example_trigger_target_dag.py
[2024-08-30T05:53:19.759+0000] {processor.py:925} INFO - DAG(s) 'example_trigger_target_dag' retrieved from /home/airflow/.local/lib/python3.12/site-packages/airflow/example_dags/example_trigger_target_dag.py
[2024-08-30T05:53:19.778+0000] {logging_mixin.py:190} INFO - [2024-08-30T05:53:19.778+0000] {dag.py:3211} INFO - Sync 1 DAGs
[2024-08-30T05:53:19.793+0000] {logging_mixin.py:190} INFO - [2024-08-30T05:53:19.793+0000] {dag.py:4138} INFO - Setting next_dagrun for example_trigger_target_dag to None, run_after=None
[2024-08-30T05:53:19.814+0000] {processor.py:208} INFO - Processing /home/airflow/.local/lib/python3.12/site-packages/airflow/example_dags/example_trigger_target_dag.py took 0.071 seconds
[2024-08-30T05:53:49.942+0000] {processor.py:186} INFO - Started process (PID=710) to work on /home/airflow/.local/lib/python3.12/site-packages/airflow/example_dags/example_trigger_target_dag.py
[2024-08-30T05:53:49.943+0000] {processor.py:914} INFO - Processing file /home/airflow/.local/lib/python3.12/site-packages/airflow/example_dags/example_trigger_target_dag.py for tasks to queue
[2024-08-30T05:53:49.946+0000] {logging_mixin.py:190} INFO - [2024-08-30T05:53:49.946+0000] {dagbag.py:587} INFO - Filling up the DagBag from /home/airflow/.local/lib/python3.12/site-packages/airflow/example_dags/example_trigger_target_dag.py
[2024-08-30T05:53:49.959+0000] {processor.py:925} INFO - DAG(s) 'example_trigger_target_dag' retrieved from /home/airflow/.local/lib/python3.12/site-packages/airflow/example_dags/example_trigger_target_dag.py
[2024-08-30T05:53:49.978+0000] {logging_mixin.py:190} INFO - [2024-08-30T05:53:49.978+0000] {dag.py:3211} INFO - Sync 1 DAGs
[2024-08-30T05:53:49.993+0000] {logging_mixin.py:190} INFO - [2024-08-30T05:53:49.993+0000] {dag.py:4138} INFO - Setting next_dagrun for example_trigger_target_dag to None, run_after=None
[2024-08-30T05:53:50.014+0000] {processor.py:208} INFO - Processing /home/airflow/.local/lib/python3.12/site-packages/airflow/example_dags/example_trigger_target_dag.py took 0.078 seconds
[2024-08-30T05:54:20.408+0000] {processor.py:186} INFO - Started process (PID=772) to work on /home/airflow/.local/lib/python3.12/site-packages/airflow/example_dags/example_trigger_target_dag.py
[2024-08-30T05:54:20.409+0000] {processor.py:914} INFO - Processing file /home/airflow/.local/lib/python3.12/site-packages/airflow/example_dags/example_trigger_target_dag.py for tasks to queue
[2024-08-30T05:54:20.412+0000] {logging_mixin.py:190} INFO - [2024-08-30T05:54:20.412+0000] {dagbag.py:587} INFO - Filling up the DagBag from /home/airflow/.local/lib/python3.12/site-packages/airflow/example_dags/example_trigger_target_dag.py
[2024-08-30T05:54:20.420+0000] {processor.py:925} INFO - DAG(s) 'example_trigger_target_dag' retrieved from /home/airflow/.local/lib/python3.12/site-packages/airflow/example_dags/example_trigger_target_dag.py
[2024-08-30T05:54:20.443+0000] {logging_mixin.py:190} INFO - [2024-08-30T05:54:20.442+0000] {dag.py:3211} INFO - Sync 1 DAGs
[2024-08-30T05:54:20.457+0000] {logging_mixin.py:190} INFO - [2024-08-30T05:54:20.457+0000] {dag.py:4138} INFO - Setting next_dagrun for example_trigger_target_dag to None, run_after=None
[2024-08-30T05:54:20.476+0000] {processor.py:208} INFO - Processing /home/airflow/.local/lib/python3.12/site-packages/airflow/example_dags/example_trigger_target_dag.py took 0.074 seconds
[2024-08-30T05:54:50.859+0000] {processor.py:186} INFO - Started process (PID=834) to work on /home/airflow/.local/lib/python3.12/site-packages/airflow/example_dags/example_trigger_target_dag.py
[2024-08-30T05:54:50.861+0000] {processor.py:914} INFO - Processing file /home/airflow/.local/lib/python3.12/site-packages/airflow/example_dags/example_trigger_target_dag.py for tasks to queue
[2024-08-30T05:54:50.863+0000] {logging_mixin.py:190} INFO - [2024-08-30T05:54:50.863+0000] {dagbag.py:587} INFO - Filling up the DagBag from /home/airflow/.local/lib/python3.12/site-packages/airflow/example_dags/example_trigger_target_dag.py
[2024-08-30T05:54:50.873+0000] {processor.py:925} INFO - DAG(s) 'example_trigger_target_dag' retrieved from /home/airflow/.local/lib/python3.12/site-packages/airflow/example_dags/example_trigger_target_dag.py
[2024-08-30T05:54:50.894+0000] {logging_mixin.py:190} INFO - [2024-08-30T05:54:50.894+0000] {dag.py:3211} INFO - Sync 1 DAGs
[2024-08-30T05:54:50.908+0000] {logging_mixin.py:190} INFO - [2024-08-30T05:54:50.908+0000] {dag.py:4138} INFO - Setting next_dagrun for example_trigger_target_dag to None, run_after=None
[2024-08-30T05:54:50.927+0000] {processor.py:208} INFO - Processing /home/airflow/.local/lib/python3.12/site-packages/airflow/example_dags/example_trigger_target_dag.py took 0.075 seconds
[2024-08-30T05:55:21.133+0000] {processor.py:186} INFO - Started process (PID=896) to work on /home/airflow/.local/lib/python3.12/site-packages/airflow/example_dags/example_trigger_target_dag.py
[2024-08-30T05:55:21.135+0000] {processor.py:914} INFO - Processing file /home/airflow/.local/lib/python3.12/site-packages/airflow/example_dags/example_trigger_target_dag.py for tasks to queue
[2024-08-30T05:55:21.137+0000] {logging_mixin.py:190} INFO - [2024-08-30T05:55:21.137+0000] {dagbag.py:587} INFO - Filling up the DagBag from /home/airflow/.local/lib/python3.12/site-packages/airflow/example_dags/example_trigger_target_dag.py
[2024-08-30T05:55:21.146+0000] {processor.py:925} INFO - DAG(s) 'example_trigger_target_dag' retrieved from /home/airflow/.local/lib/python3.12/site-packages/airflow/example_dags/example_trigger_target_dag.py
[2024-08-30T05:55:21.167+0000] {logging_mixin.py:190} INFO - [2024-08-30T05:55:21.167+0000] {dag.py:3211} INFO - Sync 1 DAGs
[2024-08-30T05:55:21.183+0000] {logging_mixin.py:190} INFO - [2024-08-30T05:55:21.183+0000] {dag.py:4138} INFO - Setting next_dagrun for example_trigger_target_dag to None, run_after=None
[2024-08-30T05:55:21.201+0000] {processor.py:208} INFO - Processing /home/airflow/.local/lib/python3.12/site-packages/airflow/example_dags/example_trigger_target_dag.py took 0.074 seconds
[2024-08-30T05:55:59.914+0000] {processor.py:186} INFO - Started process (PID=959) to work on /home/airflow/.local/lib/python3.12/site-packages/airflow/example_dags/example_trigger_target_dag.py
[2024-08-30T05:55:59.915+0000] {processor.py:914} INFO - Processing file /home/airflow/.local/lib/python3.12/site-packages/airflow/example_dags/example_trigger_target_dag.py for tasks to queue
[2024-08-30T05:55:59.918+0000] {logging_mixin.py:190} INFO - [2024-08-30T05:55:59.917+0000] {dagbag.py:587} INFO - Filling up the DagBag from /home/airflow/.local/lib/python3.12/site-packages/airflow/example_dags/example_trigger_target_dag.py
[2024-08-30T05:55:59.928+0000] {processor.py:925} INFO - DAG(s) 'example_trigger_target_dag' retrieved from /home/airflow/.local/lib/python3.12/site-packages/airflow/example_dags/example_trigger_target_dag.py
[2024-08-30T05:55:59.953+0000] {logging_mixin.py:190} INFO - [2024-08-30T05:55:59.953+0000] {dag.py:3211} INFO - Sync 1 DAGs
[2024-08-30T05:55:59.974+0000] {logging_mixin.py:190} INFO - [2024-08-30T05:55:59.973+0000] {dag.py:4138} INFO - Setting next_dagrun for example_trigger_target_dag to None, run_after=None
[2024-08-30T05:55:59.997+0000] {processor.py:208} INFO - Processing /home/airflow/.local/lib/python3.12/site-packages/airflow/example_dags/example_trigger_target_dag.py took 0.094 seconds
[2024-08-30T05:56:30.879+0000] {processor.py:186} INFO - Started process (PID=1021) to work on /home/airflow/.local/lib/python3.12/site-packages/airflow/example_dags/example_trigger_target_dag.py
[2024-08-30T05:56:30.880+0000] {processor.py:914} INFO - Processing file /home/airflow/.local/lib/python3.12/site-packages/airflow/example_dags/example_trigger_target_dag.py for tasks to queue
[2024-08-30T05:56:30.883+0000] {logging_mixin.py:190} INFO - [2024-08-30T05:56:30.883+0000] {dagbag.py:587} INFO - Filling up the DagBag from /home/airflow/.local/lib/python3.12/site-packages/airflow/example_dags/example_trigger_target_dag.py
[2024-08-30T05:56:30.894+0000] {processor.py:925} INFO - DAG(s) 'example_trigger_target_dag' retrieved from /home/airflow/.local/lib/python3.12/site-packages/airflow/example_dags/example_trigger_target_dag.py
[2024-08-30T05:56:30.921+0000] {logging_mixin.py:190} INFO - [2024-08-30T05:56:30.921+0000] {dag.py:3211} INFO - Sync 1 DAGs
[2024-08-30T05:56:30.945+0000] {logging_mixin.py:190} INFO - [2024-08-30T05:56:30.944+0000] {dag.py:4138} INFO - Setting next_dagrun for example_trigger_target_dag to None, run_after=None
[2024-08-30T05:56:30.965+0000] {processor.py:208} INFO - Processing /home/airflow/.local/lib/python3.12/site-packages/airflow/example_dags/example_trigger_target_dag.py took 0.093 seconds
