[2024-08-30T05:48:11.809+0000] {processor.py:186} INFO - Started process (PID=81) to work on /home/airflow/.local/lib/python3.12/site-packages/airflow/example_dags/example_params_trigger_ui.py
[2024-08-30T05:48:11.810+0000] {processor.py:914} INFO - Processing file /home/airflow/.local/lib/python3.12/site-packages/airflow/example_dags/example_params_trigger_ui.py for tasks to queue
[2024-08-30T05:48:11.814+0000] {logging_mixin.py:190} INFO - [2024-08-30T05:48:11.814+0000] {dagbag.py:587} INFO - Filling up the DagBag from /home/airflow/.local/lib/python3.12/site-packages/airflow/example_dags/example_params_trigger_ui.py
[2024-08-30T05:48:11.842+0000] {processor.py:925} INFO - DAG(s) 'example_params_trigger_ui' retrieved from /home/airflow/.local/lib/python3.12/site-packages/airflow/example_dags/example_params_trigger_ui.py
[2024-08-30T05:48:12.037+0000] {logging_mixin.py:190} INFO - [2024-08-30T05:48:12.037+0000] {override.py:1858} INFO - Created Permission View: can delete on DAG:example_params_trigger_ui
[2024-08-30T05:48:12.052+0000] {logging_mixin.py:190} INFO - [2024-08-30T05:48:12.051+0000] {override.py:1858} INFO - Created Permission View: can edit on DAG:example_params_trigger_ui
[2024-08-30T05:48:12.060+0000] {logging_mixin.py:190} INFO - [2024-08-30T05:48:12.060+0000] {override.py:1858} INFO - Created Permission View: can read on DAG:example_params_trigger_ui
[2024-08-30T05:48:12.061+0000] {logging_mixin.py:190} INFO - [2024-08-30T05:48:12.061+0000] {dag.py:3211} INFO - Sync 1 DAGs
[2024-08-30T05:48:12.083+0000] {logging_mixin.py:190} INFO - [2024-08-30T05:48:12.083+0000] {dag.py:3234} INFO - Creating ORM DAG for example_params_trigger_ui
[2024-08-30T05:48:12.085+0000] {logging_mixin.py:190} INFO - [2024-08-30T05:48:12.084+0000] {dag.py:4138} INFO - Setting next_dagrun for example_params_trigger_ui to None, run_after=None
[2024-08-30T05:48:12.111+0000] {processor.py:208} INFO - Processing /home/airflow/.local/lib/python3.12/site-packages/airflow/example_dags/example_params_trigger_ui.py took 0.309 seconds
[2024-08-30T05:48:42.553+0000] {processor.py:186} INFO - Started process (PID=143) to work on /home/airflow/.local/lib/python3.12/site-packages/airflow/example_dags/example_params_trigger_ui.py
[2024-08-30T05:48:42.555+0000] {processor.py:914} INFO - Processing file /home/airflow/.local/lib/python3.12/site-packages/airflow/example_dags/example_params_trigger_ui.py for tasks to queue
[2024-08-30T05:48:42.557+0000] {logging_mixin.py:190} INFO - [2024-08-30T05:48:42.557+0000] {dagbag.py:587} INFO - Filling up the DagBag from /home/airflow/.local/lib/python3.12/site-packages/airflow/example_dags/example_params_trigger_ui.py
[2024-08-30T05:48:42.575+0000] {processor.py:925} INFO - DAG(s) 'example_params_trigger_ui' retrieved from /home/airflow/.local/lib/python3.12/site-packages/airflow/example_dags/example_params_trigger_ui.py
[2024-08-30T05:48:42.640+0000] {logging_mixin.py:190} INFO - [2024-08-30T05:48:42.640+0000] {dag.py:3211} INFO - Sync 1 DAGs
[2024-08-30T05:48:42.680+0000] {logging_mixin.py:190} INFO - [2024-08-30T05:48:42.680+0000] {dag.py:4138} INFO - Setting next_dagrun for example_params_trigger_ui to None, run_after=None
[2024-08-30T05:48:42.736+0000] {processor.py:208} INFO - Processing /home/airflow/.local/lib/python3.12/site-packages/airflow/example_dags/example_params_trigger_ui.py took 0.191 seconds
[2024-08-30T05:49:33.372+0000] {processor.py:186} INFO - Started process (PID=212) to work on /home/airflow/.local/lib/python3.12/site-packages/airflow/example_dags/example_params_trigger_ui.py
[2024-08-30T05:49:33.374+0000] {processor.py:914} INFO - Processing file /home/airflow/.local/lib/python3.12/site-packages/airflow/example_dags/example_params_trigger_ui.py for tasks to queue
[2024-08-30T05:49:33.376+0000] {logging_mixin.py:190} INFO - [2024-08-30T05:49:33.376+0000] {dagbag.py:587} INFO - Filling up the DagBag from /home/airflow/.local/lib/python3.12/site-packages/airflow/example_dags/example_params_trigger_ui.py
[2024-08-30T05:49:33.412+0000] {processor.py:925} INFO - DAG(s) 'example_params_trigger_ui' retrieved from /home/airflow/.local/lib/python3.12/site-packages/airflow/example_dags/example_params_trigger_ui.py
[2024-08-30T05:49:33.573+0000] {logging_mixin.py:190} INFO - [2024-08-30T05:49:33.573+0000] {dag.py:3211} INFO - Sync 1 DAGs
[2024-08-30T05:49:33.596+0000] {logging_mixin.py:190} INFO - [2024-08-30T05:49:33.596+0000] {dag.py:4138} INFO - Setting next_dagrun for example_params_trigger_ui to None, run_after=None
[2024-08-30T05:49:33.627+0000] {processor.py:208} INFO - Processing /home/airflow/.local/lib/python3.12/site-packages/airflow/example_dags/example_params_trigger_ui.py took 0.265 seconds
[2024-08-30T05:50:04.506+0000] {processor.py:186} INFO - Started process (PID=274) to work on /home/airflow/.local/lib/python3.12/site-packages/airflow/example_dags/example_params_trigger_ui.py
[2024-08-30T05:50:04.507+0000] {processor.py:914} INFO - Processing file /home/airflow/.local/lib/python3.12/site-packages/airflow/example_dags/example_params_trigger_ui.py for tasks to queue
[2024-08-30T05:50:04.511+0000] {logging_mixin.py:190} INFO - [2024-08-30T05:50:04.511+0000] {dagbag.py:587} INFO - Filling up the DagBag from /home/airflow/.local/lib/python3.12/site-packages/airflow/example_dags/example_params_trigger_ui.py
[2024-08-30T05:50:04.542+0000] {processor.py:925} INFO - DAG(s) 'example_params_trigger_ui' retrieved from /home/airflow/.local/lib/python3.12/site-packages/airflow/example_dags/example_params_trigger_ui.py
[2024-08-30T05:50:04.658+0000] {logging_mixin.py:190} INFO - [2024-08-30T05:50:04.657+0000] {dag.py:3211} INFO - Sync 1 DAGs
[2024-08-30T05:50:04.700+0000] {logging_mixin.py:190} INFO - [2024-08-30T05:50:04.699+0000] {dag.py:4138} INFO - Setting next_dagrun for example_params_trigger_ui to None, run_after=None
[2024-08-30T05:50:04.742+0000] {processor.py:208} INFO - Processing /home/airflow/.local/lib/python3.12/site-packages/airflow/example_dags/example_params_trigger_ui.py took 0.250 seconds
[2024-08-30T05:50:35.356+0000] {processor.py:186} INFO - Started process (PID=336) to work on /home/airflow/.local/lib/python3.12/site-packages/airflow/example_dags/example_params_trigger_ui.py
[2024-08-30T05:50:35.358+0000] {processor.py:914} INFO - Processing file /home/airflow/.local/lib/python3.12/site-packages/airflow/example_dags/example_params_trigger_ui.py for tasks to queue
[2024-08-30T05:50:35.362+0000] {logging_mixin.py:190} INFO - [2024-08-30T05:50:35.362+0000] {dagbag.py:587} INFO - Filling up the DagBag from /home/airflow/.local/lib/python3.12/site-packages/airflow/example_dags/example_params_trigger_ui.py
[2024-08-30T05:50:35.380+0000] {processor.py:925} INFO - DAG(s) 'example_params_trigger_ui' retrieved from /home/airflow/.local/lib/python3.12/site-packages/airflow/example_dags/example_params_trigger_ui.py
[2024-08-30T05:50:35.472+0000] {logging_mixin.py:190} INFO - [2024-08-30T05:50:35.472+0000] {dag.py:3211} INFO - Sync 1 DAGs
[2024-08-30T05:50:35.517+0000] {logging_mixin.py:190} INFO - [2024-08-30T05:50:35.517+0000] {dag.py:4138} INFO - Setting next_dagrun for example_params_trigger_ui to None, run_after=None
[2024-08-30T05:50:35.588+0000] {processor.py:208} INFO - Processing /home/airflow/.local/lib/python3.12/site-packages/airflow/example_dags/example_params_trigger_ui.py took 0.242 seconds
[2024-08-30T05:51:05.838+0000] {processor.py:186} INFO - Started process (PID=398) to work on /home/airflow/.local/lib/python3.12/site-packages/airflow/example_dags/example_params_trigger_ui.py
[2024-08-30T05:51:05.840+0000] {processor.py:914} INFO - Processing file /home/airflow/.local/lib/python3.12/site-packages/airflow/example_dags/example_params_trigger_ui.py for tasks to queue
[2024-08-30T05:51:05.843+0000] {logging_mixin.py:190} INFO - [2024-08-30T05:51:05.842+0000] {dagbag.py:587} INFO - Filling up the DagBag from /home/airflow/.local/lib/python3.12/site-packages/airflow/example_dags/example_params_trigger_ui.py
[2024-08-30T05:51:05.854+0000] {processor.py:925} INFO - DAG(s) 'example_params_trigger_ui' retrieved from /home/airflow/.local/lib/python3.12/site-packages/airflow/example_dags/example_params_trigger_ui.py
[2024-08-30T05:51:05.905+0000] {logging_mixin.py:190} INFO - [2024-08-30T05:51:05.904+0000] {dag.py:3211} INFO - Sync 1 DAGs
[2024-08-30T05:51:05.919+0000] {logging_mixin.py:190} INFO - [2024-08-30T05:51:05.919+0000] {dag.py:4138} INFO - Setting next_dagrun for example_params_trigger_ui to None, run_after=None
[2024-08-30T05:51:05.946+0000] {processor.py:208} INFO - Processing /home/airflow/.local/lib/python3.12/site-packages/airflow/example_dags/example_params_trigger_ui.py took 0.114 seconds
[2024-08-30T05:51:36.330+0000] {processor.py:186} INFO - Started process (PID=460) to work on /home/airflow/.local/lib/python3.12/site-packages/airflow/example_dags/example_params_trigger_ui.py
[2024-08-30T05:51:36.331+0000] {processor.py:914} INFO - Processing file /home/airflow/.local/lib/python3.12/site-packages/airflow/example_dags/example_params_trigger_ui.py for tasks to queue
[2024-08-30T05:51:36.335+0000] {logging_mixin.py:190} INFO - [2024-08-30T05:51:36.334+0000] {dagbag.py:587} INFO - Filling up the DagBag from /home/airflow/.local/lib/python3.12/site-packages/airflow/example_dags/example_params_trigger_ui.py
[2024-08-30T05:51:36.352+0000] {processor.py:925} INFO - DAG(s) 'example_params_trigger_ui' retrieved from /home/airflow/.local/lib/python3.12/site-packages/airflow/example_dags/example_params_trigger_ui.py
[2024-08-30T05:51:36.406+0000] {logging_mixin.py:190} INFO - [2024-08-30T05:51:36.405+0000] {dag.py:3211} INFO - Sync 1 DAGs
[2024-08-30T05:51:36.420+0000] {logging_mixin.py:190} INFO - [2024-08-30T05:51:36.420+0000] {dag.py:4138} INFO - Setting next_dagrun for example_params_trigger_ui to None, run_after=None
[2024-08-30T05:51:36.439+0000] {processor.py:208} INFO - Processing /home/airflow/.local/lib/python3.12/site-packages/airflow/example_dags/example_params_trigger_ui.py took 0.117 seconds
[2024-08-30T05:52:20.270+0000] {processor.py:186} INFO - Started process (PID=541) to work on /home/airflow/.local/lib/python3.12/site-packages/airflow/example_dags/example_params_trigger_ui.py
[2024-08-30T05:52:20.272+0000] {processor.py:914} INFO - Processing file /home/airflow/.local/lib/python3.12/site-packages/airflow/example_dags/example_params_trigger_ui.py for tasks to queue
[2024-08-30T05:52:20.275+0000] {logging_mixin.py:190} INFO - [2024-08-30T05:52:20.275+0000] {dagbag.py:587} INFO - Filling up the DagBag from /home/airflow/.local/lib/python3.12/site-packages/airflow/example_dags/example_params_trigger_ui.py
[2024-08-30T05:52:20.289+0000] {processor.py:925} INFO - DAG(s) 'example_params_trigger_ui' retrieved from /home/airflow/.local/lib/python3.12/site-packages/airflow/example_dags/example_params_trigger_ui.py
[2024-08-30T05:52:20.341+0000] {logging_mixin.py:190} INFO - [2024-08-30T05:52:20.341+0000] {dag.py:3211} INFO - Sync 1 DAGs
[2024-08-30T05:52:20.359+0000] {logging_mixin.py:190} INFO - [2024-08-30T05:52:20.359+0000] {dag.py:4138} INFO - Setting next_dagrun for example_params_trigger_ui to None, run_after=None
[2024-08-30T05:52:20.382+0000] {processor.py:208} INFO - Processing /home/airflow/.local/lib/python3.12/site-packages/airflow/example_dags/example_params_trigger_ui.py took 0.118 seconds
[2024-08-30T05:52:50.947+0000] {processor.py:186} INFO - Started process (PID=603) to work on /home/airflow/.local/lib/python3.12/site-packages/airflow/example_dags/example_params_trigger_ui.py
[2024-08-30T05:52:50.948+0000] {processor.py:914} INFO - Processing file /home/airflow/.local/lib/python3.12/site-packages/airflow/example_dags/example_params_trigger_ui.py for tasks to queue
[2024-08-30T05:52:50.951+0000] {logging_mixin.py:190} INFO - [2024-08-30T05:52:50.950+0000] {dagbag.py:587} INFO - Filling up the DagBag from /home/airflow/.local/lib/python3.12/site-packages/airflow/example_dags/example_params_trigger_ui.py
[2024-08-30T05:52:50.963+0000] {processor.py:925} INFO - DAG(s) 'example_params_trigger_ui' retrieved from /home/airflow/.local/lib/python3.12/site-packages/airflow/example_dags/example_params_trigger_ui.py
[2024-08-30T05:52:51.008+0000] {logging_mixin.py:190} INFO - [2024-08-30T05:52:51.008+0000] {dag.py:3211} INFO - Sync 1 DAGs
[2024-08-30T05:52:51.025+0000] {logging_mixin.py:190} INFO - [2024-08-30T05:52:51.025+0000] {dag.py:4138} INFO - Setting next_dagrun for example_params_trigger_ui to None, run_after=None
[2024-08-30T05:52:51.045+0000] {processor.py:208} INFO - Processing /home/airflow/.local/lib/python3.12/site-packages/airflow/example_dags/example_params_trigger_ui.py took 0.104 seconds
[2024-08-30T05:53:22.157+0000] {processor.py:186} INFO - Started process (PID=665) to work on /home/airflow/.local/lib/python3.12/site-packages/airflow/example_dags/example_params_trigger_ui.py
[2024-08-30T05:53:22.159+0000] {processor.py:914} INFO - Processing file /home/airflow/.local/lib/python3.12/site-packages/airflow/example_dags/example_params_trigger_ui.py for tasks to queue
[2024-08-30T05:53:22.161+0000] {logging_mixin.py:190} INFO - [2024-08-30T05:53:22.161+0000] {dagbag.py:587} INFO - Filling up the DagBag from /home/airflow/.local/lib/python3.12/site-packages/airflow/example_dags/example_params_trigger_ui.py
[2024-08-30T05:53:22.175+0000] {processor.py:925} INFO - DAG(s) 'example_params_trigger_ui' retrieved from /home/airflow/.local/lib/python3.12/site-packages/airflow/example_dags/example_params_trigger_ui.py
[2024-08-30T05:53:22.233+0000] {logging_mixin.py:190} INFO - [2024-08-30T05:53:22.233+0000] {dag.py:3211} INFO - Sync 1 DAGs
[2024-08-30T05:53:22.253+0000] {logging_mixin.py:190} INFO - [2024-08-30T05:53:22.252+0000] {dag.py:4138} INFO - Setting next_dagrun for example_params_trigger_ui to None, run_after=None
[2024-08-30T05:53:22.275+0000] {processor.py:208} INFO - Processing /home/airflow/.local/lib/python3.12/site-packages/airflow/example_dags/example_params_trigger_ui.py took 0.125 seconds
[2024-08-30T05:53:52.308+0000] {processor.py:186} INFO - Started process (PID=727) to work on /home/airflow/.local/lib/python3.12/site-packages/airflow/example_dags/example_params_trigger_ui.py
[2024-08-30T05:53:52.309+0000] {processor.py:914} INFO - Processing file /home/airflow/.local/lib/python3.12/site-packages/airflow/example_dags/example_params_trigger_ui.py for tasks to queue
[2024-08-30T05:53:52.312+0000] {logging_mixin.py:190} INFO - [2024-08-30T05:53:52.312+0000] {dagbag.py:587} INFO - Filling up the DagBag from /home/airflow/.local/lib/python3.12/site-packages/airflow/example_dags/example_params_trigger_ui.py
[2024-08-30T05:53:52.323+0000] {processor.py:925} INFO - DAG(s) 'example_params_trigger_ui' retrieved from /home/airflow/.local/lib/python3.12/site-packages/airflow/example_dags/example_params_trigger_ui.py
[2024-08-30T05:53:52.368+0000] {logging_mixin.py:190} INFO - [2024-08-30T05:53:52.368+0000] {dag.py:3211} INFO - Sync 1 DAGs
[2024-08-30T05:53:52.383+0000] {logging_mixin.py:190} INFO - [2024-08-30T05:53:52.383+0000] {dag.py:4138} INFO - Setting next_dagrun for example_params_trigger_ui to None, run_after=None
[2024-08-30T05:53:52.404+0000] {processor.py:208} INFO - Processing /home/airflow/.local/lib/python3.12/site-packages/airflow/example_dags/example_params_trigger_ui.py took 0.101 seconds
[2024-08-30T05:54:22.866+0000] {processor.py:186} INFO - Started process (PID=789) to work on /home/airflow/.local/lib/python3.12/site-packages/airflow/example_dags/example_params_trigger_ui.py
[2024-08-30T05:54:22.867+0000] {processor.py:914} INFO - Processing file /home/airflow/.local/lib/python3.12/site-packages/airflow/example_dags/example_params_trigger_ui.py for tasks to queue
[2024-08-30T05:54:22.869+0000] {logging_mixin.py:190} INFO - [2024-08-30T05:54:22.869+0000] {dagbag.py:587} INFO - Filling up the DagBag from /home/airflow/.local/lib/python3.12/site-packages/airflow/example_dags/example_params_trigger_ui.py
[2024-08-30T05:54:22.880+0000] {processor.py:925} INFO - DAG(s) 'example_params_trigger_ui' retrieved from /home/airflow/.local/lib/python3.12/site-packages/airflow/example_dags/example_params_trigger_ui.py
[2024-08-30T05:54:22.925+0000] {logging_mixin.py:190} INFO - [2024-08-30T05:54:22.924+0000] {dag.py:3211} INFO - Sync 1 DAGs
[2024-08-30T05:54:22.939+0000] {logging_mixin.py:190} INFO - [2024-08-30T05:54:22.939+0000] {dag.py:4138} INFO - Setting next_dagrun for example_params_trigger_ui to None, run_after=None
[2024-08-30T05:54:22.961+0000] {processor.py:208} INFO - Processing /home/airflow/.local/lib/python3.12/site-packages/airflow/example_dags/example_params_trigger_ui.py took 0.101 seconds
[2024-08-30T05:54:53.058+0000] {processor.py:186} INFO - Started process (PID=851) to work on /home/airflow/.local/lib/python3.12/site-packages/airflow/example_dags/example_params_trigger_ui.py
[2024-08-30T05:54:53.059+0000] {processor.py:914} INFO - Processing file /home/airflow/.local/lib/python3.12/site-packages/airflow/example_dags/example_params_trigger_ui.py for tasks to queue
[2024-08-30T05:54:53.062+0000] {logging_mixin.py:190} INFO - [2024-08-30T05:54:53.061+0000] {dagbag.py:587} INFO - Filling up the DagBag from /home/airflow/.local/lib/python3.12/site-packages/airflow/example_dags/example_params_trigger_ui.py
[2024-08-30T05:54:53.076+0000] {processor.py:925} INFO - DAG(s) 'example_params_trigger_ui' retrieved from /home/airflow/.local/lib/python3.12/site-packages/airflow/example_dags/example_params_trigger_ui.py
[2024-08-30T05:54:53.128+0000] {logging_mixin.py:190} INFO - [2024-08-30T05:54:53.127+0000] {dag.py:3211} INFO - Sync 1 DAGs
[2024-08-30T05:54:53.144+0000] {logging_mixin.py:190} INFO - [2024-08-30T05:54:53.143+0000] {dag.py:4138} INFO - Setting next_dagrun for example_params_trigger_ui to None, run_after=None
[2024-08-30T05:54:53.162+0000] {processor.py:208} INFO - Processing /home/airflow/.local/lib/python3.12/site-packages/airflow/example_dags/example_params_trigger_ui.py took 0.112 seconds
[2024-08-30T05:55:23.474+0000] {processor.py:186} INFO - Started process (PID=913) to work on /home/airflow/.local/lib/python3.12/site-packages/airflow/example_dags/example_params_trigger_ui.py
[2024-08-30T05:55:23.475+0000] {processor.py:914} INFO - Processing file /home/airflow/.local/lib/python3.12/site-packages/airflow/example_dags/example_params_trigger_ui.py for tasks to queue
[2024-08-30T05:55:23.479+0000] {logging_mixin.py:190} INFO - [2024-08-30T05:55:23.478+0000] {dagbag.py:587} INFO - Filling up the DagBag from /home/airflow/.local/lib/python3.12/site-packages/airflow/example_dags/example_params_trigger_ui.py
[2024-08-30T05:55:23.495+0000] {processor.py:925} INFO - DAG(s) 'example_params_trigger_ui' retrieved from /home/airflow/.local/lib/python3.12/site-packages/airflow/example_dags/example_params_trigger_ui.py
[2024-08-30T05:55:23.559+0000] {logging_mixin.py:190} INFO - [2024-08-30T05:55:23.559+0000] {dag.py:3211} INFO - Sync 1 DAGs
[2024-08-30T05:55:23.578+0000] {logging_mixin.py:190} INFO - [2024-08-30T05:55:23.577+0000] {dag.py:4138} INFO - Setting next_dagrun for example_params_trigger_ui to None, run_after=None
[2024-08-30T05:55:23.603+0000] {processor.py:208} INFO - Processing /home/airflow/.local/lib/python3.12/site-packages/airflow/example_dags/example_params_trigger_ui.py took 0.136 seconds
[2024-08-30T05:56:01.311+0000] {processor.py:186} INFO - Started process (PID=975) to work on /home/airflow/.local/lib/python3.12/site-packages/airflow/example_dags/example_params_trigger_ui.py
[2024-08-30T05:56:01.312+0000] {processor.py:914} INFO - Processing file /home/airflow/.local/lib/python3.12/site-packages/airflow/example_dags/example_params_trigger_ui.py for tasks to queue
[2024-08-30T05:56:01.315+0000] {logging_mixin.py:190} INFO - [2024-08-30T05:56:01.315+0000] {dagbag.py:587} INFO - Filling up the DagBag from /home/airflow/.local/lib/python3.12/site-packages/airflow/example_dags/example_params_trigger_ui.py
[2024-08-30T05:56:01.327+0000] {processor.py:925} INFO - DAG(s) 'example_params_trigger_ui' retrieved from /home/airflow/.local/lib/python3.12/site-packages/airflow/example_dags/example_params_trigger_ui.py
[2024-08-30T05:56:01.373+0000] {logging_mixin.py:190} INFO - [2024-08-30T05:56:01.373+0000] {dag.py:3211} INFO - Sync 1 DAGs
[2024-08-30T05:56:01.388+0000] {logging_mixin.py:190} INFO - [2024-08-30T05:56:01.388+0000] {dag.py:4138} INFO - Setting next_dagrun for example_params_trigger_ui to None, run_after=None
[2024-08-30T05:56:01.406+0000] {processor.py:208} INFO - Processing /home/airflow/.local/lib/python3.12/site-packages/airflow/example_dags/example_params_trigger_ui.py took 0.102 seconds
[2024-08-30T05:56:32.124+0000] {processor.py:186} INFO - Started process (PID=1037) to work on /home/airflow/.local/lib/python3.12/site-packages/airflow/example_dags/example_params_trigger_ui.py
[2024-08-30T05:56:32.125+0000] {processor.py:914} INFO - Processing file /home/airflow/.local/lib/python3.12/site-packages/airflow/example_dags/example_params_trigger_ui.py for tasks to queue
[2024-08-30T05:56:32.128+0000] {logging_mixin.py:190} INFO - [2024-08-30T05:56:32.128+0000] {dagbag.py:587} INFO - Filling up the DagBag from /home/airflow/.local/lib/python3.12/site-packages/airflow/example_dags/example_params_trigger_ui.py
[2024-08-30T05:56:32.140+0000] {processor.py:925} INFO - DAG(s) 'example_params_trigger_ui' retrieved from /home/airflow/.local/lib/python3.12/site-packages/airflow/example_dags/example_params_trigger_ui.py
[2024-08-30T05:56:32.194+0000] {logging_mixin.py:190} INFO - [2024-08-30T05:56:32.194+0000] {dag.py:3211} INFO - Sync 1 DAGs
[2024-08-30T05:56:32.214+0000] {logging_mixin.py:190} INFO - [2024-08-30T05:56:32.213+0000] {dag.py:4138} INFO - Setting next_dagrun for example_params_trigger_ui to None, run_after=None
[2024-08-30T05:56:32.235+0000] {processor.py:208} INFO - Processing /home/airflow/.local/lib/python3.12/site-packages/airflow/example_dags/example_params_trigger_ui.py took 0.117 seconds
