[2024-08-30T05:48:03.327+0000] {processor.py:186} INFO - Started process (PID=45) to work on /home/airflow/.local/lib/python3.12/site-packages/airflow/example_dags/example_sensor_decorator.py
[2024-08-30T05:48:03.330+0000] {processor.py:914} INFO - Processing file /home/airflow/.local/lib/python3.12/site-packages/airflow/example_dags/example_sensor_decorator.py for tasks to queue
[2024-08-30T05:48:03.365+0000] {logging_mixin.py:190} INFO - [2024-08-30T05:48:03.363+0000] {dagbag.py:587} INFO - Filling up the DagBag from /home/airflow/.local/lib/python3.12/site-packages/airflow/example_dags/example_sensor_decorator.py
[2024-08-30T05:48:03.424+0000] {processor.py:925} INFO - DAG(s) 'example_sensor_decorator' retrieved from /home/airflow/.local/lib/python3.12/site-packages/airflow/example_dags/example_sensor_decorator.py
[2024-08-30T05:48:03.907+0000] {logging_mixin.py:190} INFO - [2024-08-30T05:48:03.905+0000] {override.py:1858} INFO - Created Permission View: can delete on DAG:example_sensor_decorator
[2024-08-30T05:48:03.934+0000] {logging_mixin.py:190} INFO - [2024-08-30T05:48:03.934+0000] {override.py:1858} INFO - Created Permission View: can edit on DAG:example_sensor_decorator
[2024-08-30T05:48:03.950+0000] {logging_mixin.py:190} INFO - [2024-08-30T05:48:03.949+0000] {override.py:1858} INFO - Created Permission View: can read on DAG:example_sensor_decorator
[2024-08-30T05:48:03.951+0000] {logging_mixin.py:190} INFO - [2024-08-30T05:48:03.951+0000] {dag.py:3211} INFO - Sync 1 DAGs
[2024-08-30T05:48:03.976+0000] {logging_mixin.py:190} INFO - [2024-08-30T05:48:03.975+0000] {dag.py:3234} INFO - Creating ORM DAG for example_sensor_decorator
[2024-08-30T05:48:03.979+0000] {logging_mixin.py:190} INFO - [2024-08-30T05:48:03.978+0000] {dag.py:4138} INFO - Setting next_dagrun for example_sensor_decorator to None, run_after=None
[2024-08-30T05:48:04.015+0000] {processor.py:208} INFO - Processing /home/airflow/.local/lib/python3.12/site-packages/airflow/example_dags/example_sensor_decorator.py took 0.707 seconds
[2024-08-30T05:48:34.831+0000] {processor.py:186} INFO - Started process (PID=107) to work on /home/airflow/.local/lib/python3.12/site-packages/airflow/example_dags/example_sensor_decorator.py
[2024-08-30T05:48:34.832+0000] {processor.py:914} INFO - Processing file /home/airflow/.local/lib/python3.12/site-packages/airflow/example_dags/example_sensor_decorator.py for tasks to queue
[2024-08-30T05:48:34.836+0000] {logging_mixin.py:190} INFO - [2024-08-30T05:48:34.835+0000] {dagbag.py:587} INFO - Filling up the DagBag from /home/airflow/.local/lib/python3.12/site-packages/airflow/example_dags/example_sensor_decorator.py
[2024-08-30T05:48:34.847+0000] {processor.py:925} INFO - DAG(s) 'example_sensor_decorator' retrieved from /home/airflow/.local/lib/python3.12/site-packages/airflow/example_dags/example_sensor_decorator.py
[2024-08-30T05:48:34.873+0000] {logging_mixin.py:190} INFO - [2024-08-30T05:48:34.873+0000] {dag.py:3211} INFO - Sync 1 DAGs
[2024-08-30T05:48:34.890+0000] {logging_mixin.py:190} INFO - [2024-08-30T05:48:34.890+0000] {dag.py:4138} INFO - Setting next_dagrun for example_sensor_decorator to None, run_after=None
[2024-08-30T05:48:34.912+0000] {processor.py:208} INFO - Processing /home/airflow/.local/lib/python3.12/site-packages/airflow/example_dags/example_sensor_decorator.py took 0.090 seconds
[2024-08-30T05:49:06.967+0000] {processor.py:186} INFO - Started process (PID=170) to work on /home/airflow/.local/lib/python3.12/site-packages/airflow/example_dags/example_sensor_decorator.py
[2024-08-30T05:49:06.969+0000] {processor.py:914} INFO - Processing file /home/airflow/.local/lib/python3.12/site-packages/airflow/example_dags/example_sensor_decorator.py for tasks to queue
[2024-08-30T05:49:06.976+0000] {logging_mixin.py:190} INFO - [2024-08-30T05:49:06.975+0000] {dagbag.py:587} INFO - Filling up the DagBag from /home/airflow/.local/lib/python3.12/site-packages/airflow/example_dags/example_sensor_decorator.py
[2024-08-30T05:49:06.995+0000] {processor.py:925} INFO - DAG(s) 'example_sensor_decorator' retrieved from /home/airflow/.local/lib/python3.12/site-packages/airflow/example_dags/example_sensor_decorator.py
[2024-08-30T05:49:07.035+0000] {logging_mixin.py:190} INFO - [2024-08-30T05:49:07.034+0000] {dag.py:3211} INFO - Sync 1 DAGs
[2024-08-30T05:49:07.067+0000] {logging_mixin.py:190} INFO - [2024-08-30T05:49:07.067+0000] {dag.py:4138} INFO - Setting next_dagrun for example_sensor_decorator to None, run_after=None
[2024-08-30T05:49:07.109+0000] {processor.py:208} INFO - Processing /home/airflow/.local/lib/python3.12/site-packages/airflow/example_dags/example_sensor_decorator.py took 0.154 seconds
[2024-08-30T05:49:37.360+0000] {processor.py:186} INFO - Started process (PID=232) to work on /home/airflow/.local/lib/python3.12/site-packages/airflow/example_dags/example_sensor_decorator.py
[2024-08-30T05:49:37.362+0000] {processor.py:914} INFO - Processing file /home/airflow/.local/lib/python3.12/site-packages/airflow/example_dags/example_sensor_decorator.py for tasks to queue
[2024-08-30T05:49:37.368+0000] {logging_mixin.py:190} INFO - [2024-08-30T05:49:37.367+0000] {dagbag.py:587} INFO - Filling up the DagBag from /home/airflow/.local/lib/python3.12/site-packages/airflow/example_dags/example_sensor_decorator.py
[2024-08-30T05:49:37.381+0000] {processor.py:925} INFO - DAG(s) 'example_sensor_decorator' retrieved from /home/airflow/.local/lib/python3.12/site-packages/airflow/example_dags/example_sensor_decorator.py
[2024-08-30T05:49:37.413+0000] {logging_mixin.py:190} INFO - [2024-08-30T05:49:37.413+0000] {dag.py:3211} INFO - Sync 1 DAGs
[2024-08-30T05:49:37.441+0000] {logging_mixin.py:190} INFO - [2024-08-30T05:49:37.441+0000] {dag.py:4138} INFO - Setting next_dagrun for example_sensor_decorator to None, run_after=None
[2024-08-30T05:49:37.492+0000] {processor.py:208} INFO - Processing /home/airflow/.local/lib/python3.12/site-packages/airflow/example_dags/example_sensor_decorator.py took 0.142 seconds
[2024-08-30T05:50:09.173+0000] {processor.py:186} INFO - Started process (PID=294) to work on /home/airflow/.local/lib/python3.12/site-packages/airflow/example_dags/example_sensor_decorator.py
[2024-08-30T05:50:09.188+0000] {processor.py:914} INFO - Processing file /home/airflow/.local/lib/python3.12/site-packages/airflow/example_dags/example_sensor_decorator.py for tasks to queue
[2024-08-30T05:50:09.194+0000] {logging_mixin.py:190} INFO - [2024-08-30T05:50:09.193+0000] {dagbag.py:587} INFO - Filling up the DagBag from /home/airflow/.local/lib/python3.12/site-packages/airflow/example_dags/example_sensor_decorator.py
[2024-08-30T05:50:09.214+0000] {processor.py:925} INFO - DAG(s) 'example_sensor_decorator' retrieved from /home/airflow/.local/lib/python3.12/site-packages/airflow/example_dags/example_sensor_decorator.py
[2024-08-30T05:50:09.249+0000] {logging_mixin.py:190} INFO - [2024-08-30T05:50:09.248+0000] {dag.py:3211} INFO - Sync 1 DAGs
[2024-08-30T05:50:09.306+0000] {logging_mixin.py:190} INFO - [2024-08-30T05:50:09.305+0000] {dag.py:4138} INFO - Setting next_dagrun for example_sensor_decorator to None, run_after=None
[2024-08-30T05:50:09.343+0000] {processor.py:208} INFO - Processing /home/airflow/.local/lib/python3.12/site-packages/airflow/example_dags/example_sensor_decorator.py took 0.180 seconds
[2024-08-30T05:50:42.084+0000] {processor.py:186} INFO - Started process (PID=356) to work on /home/airflow/.local/lib/python3.12/site-packages/airflow/example_dags/example_sensor_decorator.py
[2024-08-30T05:50:42.086+0000] {processor.py:914} INFO - Processing file /home/airflow/.local/lib/python3.12/site-packages/airflow/example_dags/example_sensor_decorator.py for tasks to queue
[2024-08-30T05:50:42.090+0000] {logging_mixin.py:190} INFO - [2024-08-30T05:50:42.090+0000] {dagbag.py:587} INFO - Filling up the DagBag from /home/airflow/.local/lib/python3.12/site-packages/airflow/example_dags/example_sensor_decorator.py
[2024-08-30T05:50:42.104+0000] {processor.py:925} INFO - DAG(s) 'example_sensor_decorator' retrieved from /home/airflow/.local/lib/python3.12/site-packages/airflow/example_dags/example_sensor_decorator.py
[2024-08-30T05:50:42.142+0000] {logging_mixin.py:190} INFO - [2024-08-30T05:50:42.141+0000] {dag.py:3211} INFO - Sync 1 DAGs
[2024-08-30T05:50:42.169+0000] {logging_mixin.py:190} INFO - [2024-08-30T05:50:42.169+0000] {dag.py:4138} INFO - Setting next_dagrun for example_sensor_decorator to None, run_after=None
[2024-08-30T05:50:42.204+0000] {processor.py:208} INFO - Processing /home/airflow/.local/lib/python3.12/site-packages/airflow/example_dags/example_sensor_decorator.py took 0.129 seconds
[2024-08-30T05:51:12.719+0000] {processor.py:186} INFO - Started process (PID=418) to work on /home/airflow/.local/lib/python3.12/site-packages/airflow/example_dags/example_sensor_decorator.py
[2024-08-30T05:51:12.721+0000] {processor.py:914} INFO - Processing file /home/airflow/.local/lib/python3.12/site-packages/airflow/example_dags/example_sensor_decorator.py for tasks to queue
[2024-08-30T05:51:12.725+0000] {logging_mixin.py:190} INFO - [2024-08-30T05:51:12.724+0000] {dagbag.py:587} INFO - Filling up the DagBag from /home/airflow/.local/lib/python3.12/site-packages/airflow/example_dags/example_sensor_decorator.py
[2024-08-30T05:51:12.738+0000] {processor.py:925} INFO - DAG(s) 'example_sensor_decorator' retrieved from /home/airflow/.local/lib/python3.12/site-packages/airflow/example_dags/example_sensor_decorator.py
[2024-08-30T05:51:12.770+0000] {logging_mixin.py:190} INFO - [2024-08-30T05:51:12.770+0000] {dag.py:3211} INFO - Sync 1 DAGs
[2024-08-30T05:51:12.791+0000] {logging_mixin.py:190} INFO - [2024-08-30T05:51:12.791+0000] {dag.py:4138} INFO - Setting next_dagrun for example_sensor_decorator to None, run_after=None
[2024-08-30T05:51:12.817+0000] {processor.py:208} INFO - Processing /home/airflow/.local/lib/python3.12/site-packages/airflow/example_dags/example_sensor_decorator.py took 0.105 seconds
[2024-08-30T05:51:43.253+0000] {processor.py:186} INFO - Started process (PID=480) to work on /home/airflow/.local/lib/python3.12/site-packages/airflow/example_dags/example_sensor_decorator.py
[2024-08-30T05:51:43.254+0000] {processor.py:914} INFO - Processing file /home/airflow/.local/lib/python3.12/site-packages/airflow/example_dags/example_sensor_decorator.py for tasks to queue
[2024-08-30T05:51:43.258+0000] {logging_mixin.py:190} INFO - [2024-08-30T05:51:43.257+0000] {dagbag.py:587} INFO - Filling up the DagBag from /home/airflow/.local/lib/python3.12/site-packages/airflow/example_dags/example_sensor_decorator.py
[2024-08-30T05:51:43.267+0000] {processor.py:925} INFO - DAG(s) 'example_sensor_decorator' retrieved from /home/airflow/.local/lib/python3.12/site-packages/airflow/example_dags/example_sensor_decorator.py
[2024-08-30T05:51:43.289+0000] {logging_mixin.py:190} INFO - [2024-08-30T05:51:43.289+0000] {dag.py:3211} INFO - Sync 1 DAGs
[2024-08-30T05:51:43.305+0000] {logging_mixin.py:190} INFO - [2024-08-30T05:51:43.305+0000] {dag.py:4138} INFO - Setting next_dagrun for example_sensor_decorator to None, run_after=None
[2024-08-30T05:51:43.327+0000] {processor.py:208} INFO - Processing /home/airflow/.local/lib/python3.12/site-packages/airflow/example_dags/example_sensor_decorator.py took 0.080 seconds
[2024-08-30T05:52:16.226+0000] {processor.py:186} INFO - Started process (PID=508) to work on /home/airflow/.local/lib/python3.12/site-packages/airflow/example_dags/example_sensor_decorator.py
[2024-08-30T05:52:16.228+0000] {processor.py:914} INFO - Processing file /home/airflow/.local/lib/python3.12/site-packages/airflow/example_dags/example_sensor_decorator.py for tasks to queue
[2024-08-30T05:52:16.232+0000] {logging_mixin.py:190} INFO - [2024-08-30T05:52:16.231+0000] {dagbag.py:587} INFO - Filling up the DagBag from /home/airflow/.local/lib/python3.12/site-packages/airflow/example_dags/example_sensor_decorator.py
[2024-08-30T05:52:16.250+0000] {processor.py:925} INFO - DAG(s) 'example_sensor_decorator' retrieved from /home/airflow/.local/lib/python3.12/site-packages/airflow/example_dags/example_sensor_decorator.py
[2024-08-30T05:52:16.300+0000] {logging_mixin.py:190} INFO - [2024-08-30T05:52:16.299+0000] {dag.py:3211} INFO - Sync 1 DAGs
[2024-08-30T05:52:16.342+0000] {logging_mixin.py:190} INFO - [2024-08-30T05:52:16.342+0000] {dag.py:4138} INFO - Setting next_dagrun for example_sensor_decorator to None, run_after=None
[2024-08-30T05:52:16.377+0000] {processor.py:208} INFO - Processing /home/airflow/.local/lib/python3.12/site-packages/airflow/example_dags/example_sensor_decorator.py took 0.164 seconds
[2024-08-30T05:52:47.071+0000] {processor.py:186} INFO - Started process (PID=570) to work on /home/airflow/.local/lib/python3.12/site-packages/airflow/example_dags/example_sensor_decorator.py
[2024-08-30T05:52:47.072+0000] {processor.py:914} INFO - Processing file /home/airflow/.local/lib/python3.12/site-packages/airflow/example_dags/example_sensor_decorator.py for tasks to queue
[2024-08-30T05:52:47.075+0000] {logging_mixin.py:190} INFO - [2024-08-30T05:52:47.075+0000] {dagbag.py:587} INFO - Filling up the DagBag from /home/airflow/.local/lib/python3.12/site-packages/airflow/example_dags/example_sensor_decorator.py
[2024-08-30T05:52:47.085+0000] {processor.py:925} INFO - DAG(s) 'example_sensor_decorator' retrieved from /home/airflow/.local/lib/python3.12/site-packages/airflow/example_dags/example_sensor_decorator.py
[2024-08-30T05:52:47.111+0000] {logging_mixin.py:190} INFO - [2024-08-30T05:52:47.110+0000] {dag.py:3211} INFO - Sync 1 DAGs
[2024-08-30T05:52:47.129+0000] {logging_mixin.py:190} INFO - [2024-08-30T05:52:47.129+0000] {dag.py:4138} INFO - Setting next_dagrun for example_sensor_decorator to None, run_after=None
[2024-08-30T05:52:47.154+0000] {processor.py:208} INFO - Processing /home/airflow/.local/lib/python3.12/site-packages/airflow/example_dags/example_sensor_decorator.py took 0.090 seconds
[2024-08-30T05:53:17.607+0000] {processor.py:186} INFO - Started process (PID=632) to work on /home/airflow/.local/lib/python3.12/site-packages/airflow/example_dags/example_sensor_decorator.py
[2024-08-30T05:53:17.608+0000] {processor.py:914} INFO - Processing file /home/airflow/.local/lib/python3.12/site-packages/airflow/example_dags/example_sensor_decorator.py for tasks to queue
[2024-08-30T05:53:17.611+0000] {logging_mixin.py:190} INFO - [2024-08-30T05:53:17.611+0000] {dagbag.py:587} INFO - Filling up the DagBag from /home/airflow/.local/lib/python3.12/site-packages/airflow/example_dags/example_sensor_decorator.py
[2024-08-30T05:53:17.619+0000] {processor.py:925} INFO - DAG(s) 'example_sensor_decorator' retrieved from /home/airflow/.local/lib/python3.12/site-packages/airflow/example_dags/example_sensor_decorator.py
[2024-08-30T05:53:17.638+0000] {logging_mixin.py:190} INFO - [2024-08-30T05:53:17.638+0000] {dag.py:3211} INFO - Sync 1 DAGs
[2024-08-30T05:53:17.653+0000] {logging_mixin.py:190} INFO - [2024-08-30T05:53:17.653+0000] {dag.py:4138} INFO - Setting next_dagrun for example_sensor_decorator to None, run_after=None
[2024-08-30T05:53:17.673+0000] {processor.py:208} INFO - Processing /home/airflow/.local/lib/python3.12/site-packages/airflow/example_dags/example_sensor_decorator.py took 0.071 seconds
[2024-08-30T05:53:48.842+0000] {processor.py:186} INFO - Started process (PID=694) to work on /home/airflow/.local/lib/python3.12/site-packages/airflow/example_dags/example_sensor_decorator.py
[2024-08-30T05:53:48.843+0000] {processor.py:914} INFO - Processing file /home/airflow/.local/lib/python3.12/site-packages/airflow/example_dags/example_sensor_decorator.py for tasks to queue
[2024-08-30T05:53:48.846+0000] {logging_mixin.py:190} INFO - [2024-08-30T05:53:48.845+0000] {dagbag.py:587} INFO - Filling up the DagBag from /home/airflow/.local/lib/python3.12/site-packages/airflow/example_dags/example_sensor_decorator.py
[2024-08-30T05:53:48.854+0000] {processor.py:925} INFO - DAG(s) 'example_sensor_decorator' retrieved from /home/airflow/.local/lib/python3.12/site-packages/airflow/example_dags/example_sensor_decorator.py
[2024-08-30T05:53:48.874+0000] {logging_mixin.py:190} INFO - [2024-08-30T05:53:48.873+0000] {dag.py:3211} INFO - Sync 1 DAGs
[2024-08-30T05:53:48.888+0000] {logging_mixin.py:190} INFO - [2024-08-30T05:53:48.888+0000] {dag.py:4138} INFO - Setting next_dagrun for example_sensor_decorator to None, run_after=None
[2024-08-30T05:53:48.908+0000] {processor.py:208} INFO - Processing /home/airflow/.local/lib/python3.12/site-packages/airflow/example_dags/example_sensor_decorator.py took 0.072 seconds
[2024-08-30T05:54:19.226+0000] {processor.py:186} INFO - Started process (PID=756) to work on /home/airflow/.local/lib/python3.12/site-packages/airflow/example_dags/example_sensor_decorator.py
[2024-08-30T05:54:19.227+0000] {processor.py:914} INFO - Processing file /home/airflow/.local/lib/python3.12/site-packages/airflow/example_dags/example_sensor_decorator.py for tasks to queue
[2024-08-30T05:54:19.230+0000] {logging_mixin.py:190} INFO - [2024-08-30T05:54:19.229+0000] {dagbag.py:587} INFO - Filling up the DagBag from /home/airflow/.local/lib/python3.12/site-packages/airflow/example_dags/example_sensor_decorator.py
[2024-08-30T05:54:19.238+0000] {processor.py:925} INFO - DAG(s) 'example_sensor_decorator' retrieved from /home/airflow/.local/lib/python3.12/site-packages/airflow/example_dags/example_sensor_decorator.py
[2024-08-30T05:54:19.258+0000] {logging_mixin.py:190} INFO - [2024-08-30T05:54:19.258+0000] {dag.py:3211} INFO - Sync 1 DAGs
[2024-08-30T05:54:19.273+0000] {logging_mixin.py:190} INFO - [2024-08-30T05:54:19.273+0000] {dag.py:4138} INFO - Setting next_dagrun for example_sensor_decorator to None, run_after=None
[2024-08-30T05:54:19.292+0000] {processor.py:208} INFO - Processing /home/airflow/.local/lib/python3.12/site-packages/airflow/example_dags/example_sensor_decorator.py took 0.073 seconds
[2024-08-30T05:54:49.601+0000] {processor.py:186} INFO - Started process (PID=818) to work on /home/airflow/.local/lib/python3.12/site-packages/airflow/example_dags/example_sensor_decorator.py
[2024-08-30T05:54:49.602+0000] {processor.py:914} INFO - Processing file /home/airflow/.local/lib/python3.12/site-packages/airflow/example_dags/example_sensor_decorator.py for tasks to queue
[2024-08-30T05:54:49.605+0000] {logging_mixin.py:190} INFO - [2024-08-30T05:54:49.604+0000] {dagbag.py:587} INFO - Filling up the DagBag from /home/airflow/.local/lib/python3.12/site-packages/airflow/example_dags/example_sensor_decorator.py
[2024-08-30T05:54:49.613+0000] {processor.py:925} INFO - DAG(s) 'example_sensor_decorator' retrieved from /home/airflow/.local/lib/python3.12/site-packages/airflow/example_dags/example_sensor_decorator.py
[2024-08-30T05:54:49.633+0000] {logging_mixin.py:190} INFO - [2024-08-30T05:54:49.633+0000] {dag.py:3211} INFO - Sync 1 DAGs
[2024-08-30T05:54:49.648+0000] {logging_mixin.py:190} INFO - [2024-08-30T05:54:49.648+0000] {dag.py:4138} INFO - Setting next_dagrun for example_sensor_decorator to None, run_after=None
[2024-08-30T05:54:49.669+0000] {processor.py:208} INFO - Processing /home/airflow/.local/lib/python3.12/site-packages/airflow/example_dags/example_sensor_decorator.py took 0.074 seconds
[2024-08-30T05:55:19.979+0000] {processor.py:186} INFO - Started process (PID=880) to work on /home/airflow/.local/lib/python3.12/site-packages/airflow/example_dags/example_sensor_decorator.py
[2024-08-30T05:55:19.980+0000] {processor.py:914} INFO - Processing file /home/airflow/.local/lib/python3.12/site-packages/airflow/example_dags/example_sensor_decorator.py for tasks to queue
[2024-08-30T05:55:19.983+0000] {logging_mixin.py:190} INFO - [2024-08-30T05:55:19.982+0000] {dagbag.py:587} INFO - Filling up the DagBag from /home/airflow/.local/lib/python3.12/site-packages/airflow/example_dags/example_sensor_decorator.py
[2024-08-30T05:55:19.992+0000] {processor.py:925} INFO - DAG(s) 'example_sensor_decorator' retrieved from /home/airflow/.local/lib/python3.12/site-packages/airflow/example_dags/example_sensor_decorator.py
[2024-08-30T05:55:20.014+0000] {logging_mixin.py:190} INFO - [2024-08-30T05:55:20.014+0000] {dag.py:3211} INFO - Sync 1 DAGs
[2024-08-30T05:55:20.028+0000] {logging_mixin.py:190} INFO - [2024-08-30T05:55:20.028+0000] {dag.py:4138} INFO - Setting next_dagrun for example_sensor_decorator to None, run_after=None
[2024-08-30T05:55:20.048+0000] {processor.py:208} INFO - Processing /home/airflow/.local/lib/python3.12/site-packages/airflow/example_dags/example_sensor_decorator.py took 0.075 seconds
[2024-08-30T05:55:55.099+0000] {processor.py:186} INFO - Started process (PID=942) to work on /home/airflow/.local/lib/python3.12/site-packages/airflow/example_dags/example_sensor_decorator.py
[2024-08-30T05:55:55.101+0000] {processor.py:914} INFO - Processing file /home/airflow/.local/lib/python3.12/site-packages/airflow/example_dags/example_sensor_decorator.py for tasks to queue
[2024-08-30T05:55:55.104+0000] {logging_mixin.py:190} INFO - [2024-08-30T05:55:55.103+0000] {dagbag.py:587} INFO - Filling up the DagBag from /home/airflow/.local/lib/python3.12/site-packages/airflow/example_dags/example_sensor_decorator.py
[2024-08-30T05:55:55.115+0000] {processor.py:925} INFO - DAG(s) 'example_sensor_decorator' retrieved from /home/airflow/.local/lib/python3.12/site-packages/airflow/example_dags/example_sensor_decorator.py
[2024-08-30T05:55:55.149+0000] {logging_mixin.py:190} INFO - [2024-08-30T05:55:55.149+0000] {dag.py:3211} INFO - Sync 1 DAGs
[2024-08-30T05:55:55.171+0000] {logging_mixin.py:190} INFO - [2024-08-30T05:55:55.171+0000] {dag.py:4138} INFO - Setting next_dagrun for example_sensor_decorator to None, run_after=None
[2024-08-30T05:55:55.209+0000] {processor.py:208} INFO - Processing /home/airflow/.local/lib/python3.12/site-packages/airflow/example_dags/example_sensor_decorator.py took 0.117 seconds
[2024-08-30T05:56:25.367+0000] {processor.py:186} INFO - Started process (PID=1004) to work on /home/airflow/.local/lib/python3.12/site-packages/airflow/example_dags/example_sensor_decorator.py
[2024-08-30T05:56:25.369+0000] {processor.py:914} INFO - Processing file /home/airflow/.local/lib/python3.12/site-packages/airflow/example_dags/example_sensor_decorator.py for tasks to queue
[2024-08-30T05:56:25.372+0000] {logging_mixin.py:190} INFO - [2024-08-30T05:56:25.371+0000] {dagbag.py:587} INFO - Filling up the DagBag from /home/airflow/.local/lib/python3.12/site-packages/airflow/example_dags/example_sensor_decorator.py
[2024-08-30T05:56:25.382+0000] {processor.py:925} INFO - DAG(s) 'example_sensor_decorator' retrieved from /home/airflow/.local/lib/python3.12/site-packages/airflow/example_dags/example_sensor_decorator.py
[2024-08-30T05:56:25.407+0000] {logging_mixin.py:190} INFO - [2024-08-30T05:56:25.407+0000] {dag.py:3211} INFO - Sync 1 DAGs
[2024-08-30T05:56:25.423+0000] {logging_mixin.py:190} INFO - [2024-08-30T05:56:25.423+0000] {dag.py:4138} INFO - Setting next_dagrun for example_sensor_decorator to None, run_after=None
[2024-08-30T05:56:25.441+0000] {processor.py:208} INFO - Processing /home/airflow/.local/lib/python3.12/site-packages/airflow/example_dags/example_sensor_decorator.py took 0.083 seconds
