[2024-08-30T05:48:03.902+0000] {processor.py:186} INFO - Started process (PID=46) to work on /home/airflow/.local/lib/python3.12/site-packages/airflow/example_dags/example_time_delta_sensor_async.py
[2024-08-30T05:48:03.904+0000] {processor.py:914} INFO - Processing file /home/airflow/.local/lib/python3.12/site-packages/airflow/example_dags/example_time_delta_sensor_async.py for tasks to queue
[2024-08-30T05:48:03.920+0000] {logging_mixin.py:190} INFO - [2024-08-30T05:48:03.920+0000] {dagbag.py:587} INFO - Filling up the DagBag from /home/airflow/.local/lib/python3.12/site-packages/airflow/example_dags/example_time_delta_sensor_async.py
[2024-08-30T05:48:03.935+0000] {processor.py:925} INFO - DAG(s) 'example_time_delta_sensor_async' retrieved from /home/airflow/.local/lib/python3.12/site-packages/airflow/example_dags/example_time_delta_sensor_async.py
[2024-08-30T05:48:04.284+0000] {logging_mixin.py:190} INFO - [2024-08-30T05:48:04.281+0000] {override.py:1858} INFO - Created Permission View: can delete on DAG:example_time_delta_sensor_async
[2024-08-30T05:48:04.309+0000] {logging_mixin.py:190} INFO - [2024-08-30T05:48:04.308+0000] {override.py:1858} INFO - Created Permission View: can edit on DAG:example_time_delta_sensor_async
[2024-08-30T05:48:04.325+0000] {logging_mixin.py:190} INFO - [2024-08-30T05:48:04.324+0000] {override.py:1858} INFO - Created Permission View: can read on DAG:example_time_delta_sensor_async
[2024-08-30T05:48:04.327+0000] {logging_mixin.py:190} INFO - [2024-08-30T05:48:04.327+0000] {dag.py:3211} INFO - Sync 1 DAGs
[2024-08-30T05:48:04.386+0000] {logging_mixin.py:190} INFO - [2024-08-30T05:48:04.386+0000] {dag.py:3234} INFO - Creating ORM DAG for example_time_delta_sensor_async
[2024-08-30T05:48:04.388+0000] {logging_mixin.py:190} INFO - [2024-08-30T05:48:04.388+0000] {dag.py:4138} INFO - Setting next_dagrun for example_time_delta_sensor_async to None, run_after=None
[2024-08-30T05:48:04.443+0000] {processor.py:208} INFO - Processing /home/airflow/.local/lib/python3.12/site-packages/airflow/example_dags/example_time_delta_sensor_async.py took 0.551 seconds
[2024-08-30T05:48:34.966+0000] {processor.py:186} INFO - Started process (PID=108) to work on /home/airflow/.local/lib/python3.12/site-packages/airflow/example_dags/example_time_delta_sensor_async.py
[2024-08-30T05:48:34.968+0000] {processor.py:914} INFO - Processing file /home/airflow/.local/lib/python3.12/site-packages/airflow/example_dags/example_time_delta_sensor_async.py for tasks to queue
[2024-08-30T05:48:34.971+0000] {logging_mixin.py:190} INFO - [2024-08-30T05:48:34.971+0000] {dagbag.py:587} INFO - Filling up the DagBag from /home/airflow/.local/lib/python3.12/site-packages/airflow/example_dags/example_time_delta_sensor_async.py
[2024-08-30T05:48:34.982+0000] {processor.py:925} INFO - DAG(s) 'example_time_delta_sensor_async' retrieved from /home/airflow/.local/lib/python3.12/site-packages/airflow/example_dags/example_time_delta_sensor_async.py
[2024-08-30T05:48:35.014+0000] {logging_mixin.py:190} INFO - [2024-08-30T05:48:35.013+0000] {dag.py:3211} INFO - Sync 1 DAGs
[2024-08-30T05:48:35.037+0000] {logging_mixin.py:190} INFO - [2024-08-30T05:48:35.037+0000] {dag.py:4138} INFO - Setting next_dagrun for example_time_delta_sensor_async to None, run_after=None
[2024-08-30T05:48:35.085+0000] {processor.py:208} INFO - Processing /home/airflow/.local/lib/python3.12/site-packages/airflow/example_dags/example_time_delta_sensor_async.py took 0.126 seconds
[2024-08-30T05:49:07.043+0000] {processor.py:186} INFO - Started process (PID=171) to work on /home/airflow/.local/lib/python3.12/site-packages/airflow/example_dags/example_time_delta_sensor_async.py
[2024-08-30T05:49:07.047+0000] {processor.py:914} INFO - Processing file /home/airflow/.local/lib/python3.12/site-packages/airflow/example_dags/example_time_delta_sensor_async.py for tasks to queue
[2024-08-30T05:49:07.053+0000] {logging_mixin.py:190} INFO - [2024-08-30T05:49:07.052+0000] {dagbag.py:587} INFO - Filling up the DagBag from /home/airflow/.local/lib/python3.12/site-packages/airflow/example_dags/example_time_delta_sensor_async.py
[2024-08-30T05:49:07.070+0000] {processor.py:925} INFO - DAG(s) 'example_time_delta_sensor_async' retrieved from /home/airflow/.local/lib/python3.12/site-packages/airflow/example_dags/example_time_delta_sensor_async.py
[2024-08-30T05:49:07.112+0000] {logging_mixin.py:190} INFO - [2024-08-30T05:49:07.111+0000] {dag.py:3211} INFO - Sync 1 DAGs
[2024-08-30T05:49:07.154+0000] {logging_mixin.py:190} INFO - [2024-08-30T05:49:07.154+0000] {dag.py:4138} INFO - Setting next_dagrun for example_time_delta_sensor_async to None, run_after=None
[2024-08-30T05:49:07.206+0000] {processor.py:208} INFO - Processing /home/airflow/.local/lib/python3.12/site-packages/airflow/example_dags/example_time_delta_sensor_async.py took 0.176 seconds
[2024-08-30T05:49:37.400+0000] {processor.py:186} INFO - Started process (PID=233) to work on /home/airflow/.local/lib/python3.12/site-packages/airflow/example_dags/example_time_delta_sensor_async.py
[2024-08-30T05:49:37.402+0000] {processor.py:914} INFO - Processing file /home/airflow/.local/lib/python3.12/site-packages/airflow/example_dags/example_time_delta_sensor_async.py for tasks to queue
[2024-08-30T05:49:37.406+0000] {logging_mixin.py:190} INFO - [2024-08-30T05:49:37.405+0000] {dagbag.py:587} INFO - Filling up the DagBag from /home/airflow/.local/lib/python3.12/site-packages/airflow/example_dags/example_time_delta_sensor_async.py
[2024-08-30T05:49:37.417+0000] {processor.py:925} INFO - DAG(s) 'example_time_delta_sensor_async' retrieved from /home/airflow/.local/lib/python3.12/site-packages/airflow/example_dags/example_time_delta_sensor_async.py
[2024-08-30T05:49:37.449+0000] {logging_mixin.py:190} INFO - [2024-08-30T05:49:37.449+0000] {dag.py:3211} INFO - Sync 1 DAGs
[2024-08-30T05:49:37.496+0000] {logging_mixin.py:190} INFO - [2024-08-30T05:49:37.494+0000] {dag.py:4138} INFO - Setting next_dagrun for example_time_delta_sensor_async to None, run_after=None
[2024-08-30T05:49:37.532+0000] {processor.py:208} INFO - Processing /home/airflow/.local/lib/python3.12/site-packages/airflow/example_dags/example_time_delta_sensor_async.py took 0.141 seconds
[2024-08-30T05:50:09.395+0000] {processor.py:186} INFO - Started process (PID=295) to work on /home/airflow/.local/lib/python3.12/site-packages/airflow/example_dags/example_time_delta_sensor_async.py
[2024-08-30T05:50:09.397+0000] {processor.py:914} INFO - Processing file /home/airflow/.local/lib/python3.12/site-packages/airflow/example_dags/example_time_delta_sensor_async.py for tasks to queue
[2024-08-30T05:50:09.407+0000] {logging_mixin.py:190} INFO - [2024-08-30T05:50:09.407+0000] {dagbag.py:587} INFO - Filling up the DagBag from /home/airflow/.local/lib/python3.12/site-packages/airflow/example_dags/example_time_delta_sensor_async.py
[2024-08-30T05:50:09.424+0000] {processor.py:925} INFO - DAG(s) 'example_time_delta_sensor_async' retrieved from /home/airflow/.local/lib/python3.12/site-packages/airflow/example_dags/example_time_delta_sensor_async.py
[2024-08-30T05:50:09.467+0000] {logging_mixin.py:190} INFO - [2024-08-30T05:50:09.467+0000] {dag.py:3211} INFO - Sync 1 DAGs
[2024-08-30T05:50:09.500+0000] {logging_mixin.py:190} INFO - [2024-08-30T05:50:09.499+0000] {dag.py:4138} INFO - Setting next_dagrun for example_time_delta_sensor_async to None, run_after=None
[2024-08-30T05:50:09.528+0000] {processor.py:208} INFO - Processing /home/airflow/.local/lib/python3.12/site-packages/airflow/example_dags/example_time_delta_sensor_async.py took 0.141 seconds
[2024-08-30T05:50:42.288+0000] {processor.py:186} INFO - Started process (PID=357) to work on /home/airflow/.local/lib/python3.12/site-packages/airflow/example_dags/example_time_delta_sensor_async.py
[2024-08-30T05:50:42.290+0000] {processor.py:914} INFO - Processing file /home/airflow/.local/lib/python3.12/site-packages/airflow/example_dags/example_time_delta_sensor_async.py for tasks to queue
[2024-08-30T05:50:42.300+0000] {logging_mixin.py:190} INFO - [2024-08-30T05:50:42.297+0000] {dagbag.py:587} INFO - Filling up the DagBag from /home/airflow/.local/lib/python3.12/site-packages/airflow/example_dags/example_time_delta_sensor_async.py
[2024-08-30T05:50:42.322+0000] {processor.py:925} INFO - DAG(s) 'example_time_delta_sensor_async' retrieved from /home/airflow/.local/lib/python3.12/site-packages/airflow/example_dags/example_time_delta_sensor_async.py
[2024-08-30T05:50:42.379+0000] {logging_mixin.py:190} INFO - [2024-08-30T05:50:42.378+0000] {dag.py:3211} INFO - Sync 1 DAGs
[2024-08-30T05:50:42.431+0000] {logging_mixin.py:190} INFO - [2024-08-30T05:50:42.431+0000] {dag.py:4138} INFO - Setting next_dagrun for example_time_delta_sensor_async to None, run_after=None
[2024-08-30T05:50:42.481+0000] {processor.py:208} INFO - Processing /home/airflow/.local/lib/python3.12/site-packages/airflow/example_dags/example_time_delta_sensor_async.py took 0.206 seconds
[2024-08-30T05:51:12.911+0000] {processor.py:186} INFO - Started process (PID=419) to work on /home/airflow/.local/lib/python3.12/site-packages/airflow/example_dags/example_time_delta_sensor_async.py
[2024-08-30T05:51:12.914+0000] {processor.py:914} INFO - Processing file /home/airflow/.local/lib/python3.12/site-packages/airflow/example_dags/example_time_delta_sensor_async.py for tasks to queue
[2024-08-30T05:51:12.922+0000] {logging_mixin.py:190} INFO - [2024-08-30T05:51:12.921+0000] {dagbag.py:587} INFO - Filling up the DagBag from /home/airflow/.local/lib/python3.12/site-packages/airflow/example_dags/example_time_delta_sensor_async.py
[2024-08-30T05:51:12.938+0000] {processor.py:925} INFO - DAG(s) 'example_time_delta_sensor_async' retrieved from /home/airflow/.local/lib/python3.12/site-packages/airflow/example_dags/example_time_delta_sensor_async.py
[2024-08-30T05:51:12.992+0000] {logging_mixin.py:190} INFO - [2024-08-30T05:51:12.991+0000] {dag.py:3211} INFO - Sync 1 DAGs
[2024-08-30T05:51:13.023+0000] {logging_mixin.py:190} INFO - [2024-08-30T05:51:13.023+0000] {dag.py:4138} INFO - Setting next_dagrun for example_time_delta_sensor_async to None, run_after=None
[2024-08-30T05:51:13.068+0000] {processor.py:208} INFO - Processing /home/airflow/.local/lib/python3.12/site-packages/airflow/example_dags/example_time_delta_sensor_async.py took 0.172 seconds
[2024-08-30T05:51:43.365+0000] {processor.py:186} INFO - Started process (PID=481) to work on /home/airflow/.local/lib/python3.12/site-packages/airflow/example_dags/example_time_delta_sensor_async.py
[2024-08-30T05:51:43.366+0000] {processor.py:914} INFO - Processing file /home/airflow/.local/lib/python3.12/site-packages/airflow/example_dags/example_time_delta_sensor_async.py for tasks to queue
[2024-08-30T05:51:43.369+0000] {logging_mixin.py:190} INFO - [2024-08-30T05:51:43.368+0000] {dagbag.py:587} INFO - Filling up the DagBag from /home/airflow/.local/lib/python3.12/site-packages/airflow/example_dags/example_time_delta_sensor_async.py
[2024-08-30T05:51:43.375+0000] {processor.py:925} INFO - DAG(s) 'example_time_delta_sensor_async' retrieved from /home/airflow/.local/lib/python3.12/site-packages/airflow/example_dags/example_time_delta_sensor_async.py
[2024-08-30T05:51:43.397+0000] {logging_mixin.py:190} INFO - [2024-08-30T05:51:43.397+0000] {dag.py:3211} INFO - Sync 1 DAGs
[2024-08-30T05:51:43.414+0000] {logging_mixin.py:190} INFO - [2024-08-30T05:51:43.414+0000] {dag.py:4138} INFO - Setting next_dagrun for example_time_delta_sensor_async to None, run_after=None
[2024-08-30T05:51:43.435+0000] {processor.py:208} INFO - Processing /home/airflow/.local/lib/python3.12/site-packages/airflow/example_dags/example_time_delta_sensor_async.py took 0.077 seconds
[2024-08-30T05:52:16.349+0000] {processor.py:186} INFO - Started process (PID=509) to work on /home/airflow/.local/lib/python3.12/site-packages/airflow/example_dags/example_time_delta_sensor_async.py
[2024-08-30T05:52:16.351+0000] {processor.py:914} INFO - Processing file /home/airflow/.local/lib/python3.12/site-packages/airflow/example_dags/example_time_delta_sensor_async.py for tasks to queue
[2024-08-30T05:52:16.357+0000] {logging_mixin.py:190} INFO - [2024-08-30T05:52:16.355+0000] {dagbag.py:587} INFO - Filling up the DagBag from /home/airflow/.local/lib/python3.12/site-packages/airflow/example_dags/example_time_delta_sensor_async.py
[2024-08-30T05:52:16.367+0000] {processor.py:925} INFO - DAG(s) 'example_time_delta_sensor_async' retrieved from /home/airflow/.local/lib/python3.12/site-packages/airflow/example_dags/example_time_delta_sensor_async.py
[2024-08-30T05:52:16.401+0000] {logging_mixin.py:190} INFO - [2024-08-30T05:52:16.401+0000] {dag.py:3211} INFO - Sync 1 DAGs
[2024-08-30T05:52:16.430+0000] {logging_mixin.py:190} INFO - [2024-08-30T05:52:16.430+0000] {dag.py:4138} INFO - Setting next_dagrun for example_time_delta_sensor_async to None, run_after=None
[2024-08-30T05:52:16.462+0000] {processor.py:208} INFO - Processing /home/airflow/.local/lib/python3.12/site-packages/airflow/example_dags/example_time_delta_sensor_async.py took 0.125 seconds
[2024-08-30T05:52:47.129+0000] {processor.py:186} INFO - Started process (PID=571) to work on /home/airflow/.local/lib/python3.12/site-packages/airflow/example_dags/example_time_delta_sensor_async.py
[2024-08-30T05:52:47.130+0000] {processor.py:914} INFO - Processing file /home/airflow/.local/lib/python3.12/site-packages/airflow/example_dags/example_time_delta_sensor_async.py for tasks to queue
[2024-08-30T05:52:47.134+0000] {logging_mixin.py:190} INFO - [2024-08-30T05:52:47.133+0000] {dagbag.py:587} INFO - Filling up the DagBag from /home/airflow/.local/lib/python3.12/site-packages/airflow/example_dags/example_time_delta_sensor_async.py
[2024-08-30T05:52:47.143+0000] {processor.py:925} INFO - DAG(s) 'example_time_delta_sensor_async' retrieved from /home/airflow/.local/lib/python3.12/site-packages/airflow/example_dags/example_time_delta_sensor_async.py
[2024-08-30T05:52:47.169+0000] {logging_mixin.py:190} INFO - [2024-08-30T05:52:47.169+0000] {dag.py:3211} INFO - Sync 1 DAGs
[2024-08-30T05:52:47.188+0000] {logging_mixin.py:190} INFO - [2024-08-30T05:52:47.188+0000] {dag.py:4138} INFO - Setting next_dagrun for example_time_delta_sensor_async to None, run_after=None
[2024-08-30T05:52:47.212+0000] {processor.py:208} INFO - Processing /home/airflow/.local/lib/python3.12/site-packages/airflow/example_dags/example_time_delta_sensor_async.py took 0.091 seconds
[2024-08-30T05:53:17.620+0000] {processor.py:186} INFO - Started process (PID=633) to work on /home/airflow/.local/lib/python3.12/site-packages/airflow/example_dags/example_time_delta_sensor_async.py
[2024-08-30T05:53:17.621+0000] {processor.py:914} INFO - Processing file /home/airflow/.local/lib/python3.12/site-packages/airflow/example_dags/example_time_delta_sensor_async.py for tasks to queue
[2024-08-30T05:53:17.623+0000] {logging_mixin.py:190} INFO - [2024-08-30T05:53:17.623+0000] {dagbag.py:587} INFO - Filling up the DagBag from /home/airflow/.local/lib/python3.12/site-packages/airflow/example_dags/example_time_delta_sensor_async.py
[2024-08-30T05:53:17.630+0000] {processor.py:925} INFO - DAG(s) 'example_time_delta_sensor_async' retrieved from /home/airflow/.local/lib/python3.12/site-packages/airflow/example_dags/example_time_delta_sensor_async.py
[2024-08-30T05:53:17.649+0000] {logging_mixin.py:190} INFO - [2024-08-30T05:53:17.649+0000] {dag.py:3211} INFO - Sync 1 DAGs
[2024-08-30T05:53:17.665+0000] {logging_mixin.py:190} INFO - [2024-08-30T05:53:17.664+0000] {dag.py:4138} INFO - Setting next_dagrun for example_time_delta_sensor_async to None, run_after=None
[2024-08-30T05:53:17.685+0000] {processor.py:208} INFO - Processing /home/airflow/.local/lib/python3.12/site-packages/airflow/example_dags/example_time_delta_sensor_async.py took 0.071 seconds
[2024-08-30T05:53:48.843+0000] {processor.py:186} INFO - Started process (PID=695) to work on /home/airflow/.local/lib/python3.12/site-packages/airflow/example_dags/example_time_delta_sensor_async.py
[2024-08-30T05:53:48.844+0000] {processor.py:914} INFO - Processing file /home/airflow/.local/lib/python3.12/site-packages/airflow/example_dags/example_time_delta_sensor_async.py for tasks to queue
[2024-08-30T05:53:48.847+0000] {logging_mixin.py:190} INFO - [2024-08-30T05:53:48.846+0000] {dagbag.py:587} INFO - Filling up the DagBag from /home/airflow/.local/lib/python3.12/site-packages/airflow/example_dags/example_time_delta_sensor_async.py
[2024-08-30T05:53:48.854+0000] {processor.py:925} INFO - DAG(s) 'example_time_delta_sensor_async' retrieved from /home/airflow/.local/lib/python3.12/site-packages/airflow/example_dags/example_time_delta_sensor_async.py
[2024-08-30T05:53:48.874+0000] {logging_mixin.py:190} INFO - [2024-08-30T05:53:48.873+0000] {dag.py:3211} INFO - Sync 1 DAGs
[2024-08-30T05:53:48.888+0000] {logging_mixin.py:190} INFO - [2024-08-30T05:53:48.888+0000] {dag.py:4138} INFO - Setting next_dagrun for example_time_delta_sensor_async to None, run_after=None
[2024-08-30T05:53:48.907+0000] {processor.py:208} INFO - Processing /home/airflow/.local/lib/python3.12/site-packages/airflow/example_dags/example_time_delta_sensor_async.py took 0.070 seconds
[2024-08-30T05:54:19.230+0000] {processor.py:186} INFO - Started process (PID=757) to work on /home/airflow/.local/lib/python3.12/site-packages/airflow/example_dags/example_time_delta_sensor_async.py
[2024-08-30T05:54:19.231+0000] {processor.py:914} INFO - Processing file /home/airflow/.local/lib/python3.12/site-packages/airflow/example_dags/example_time_delta_sensor_async.py for tasks to queue
[2024-08-30T05:54:19.233+0000] {logging_mixin.py:190} INFO - [2024-08-30T05:54:19.233+0000] {dagbag.py:587} INFO - Filling up the DagBag from /home/airflow/.local/lib/python3.12/site-packages/airflow/example_dags/example_time_delta_sensor_async.py
[2024-08-30T05:54:19.240+0000] {processor.py:925} INFO - DAG(s) 'example_time_delta_sensor_async' retrieved from /home/airflow/.local/lib/python3.12/site-packages/airflow/example_dags/example_time_delta_sensor_async.py
[2024-08-30T05:54:19.260+0000] {logging_mixin.py:190} INFO - [2024-08-30T05:54:19.259+0000] {dag.py:3211} INFO - Sync 1 DAGs
[2024-08-30T05:54:19.274+0000] {logging_mixin.py:190} INFO - [2024-08-30T05:54:19.274+0000] {dag.py:4138} INFO - Setting next_dagrun for example_time_delta_sensor_async to None, run_after=None
[2024-08-30T05:54:19.293+0000] {processor.py:208} INFO - Processing /home/airflow/.local/lib/python3.12/site-packages/airflow/example_dags/example_time_delta_sensor_async.py took 0.070 seconds
[2024-08-30T05:54:49.602+0000] {processor.py:186} INFO - Started process (PID=819) to work on /home/airflow/.local/lib/python3.12/site-packages/airflow/example_dags/example_time_delta_sensor_async.py
[2024-08-30T05:54:49.603+0000] {processor.py:914} INFO - Processing file /home/airflow/.local/lib/python3.12/site-packages/airflow/example_dags/example_time_delta_sensor_async.py for tasks to queue
[2024-08-30T05:54:49.606+0000] {logging_mixin.py:190} INFO - [2024-08-30T05:54:49.605+0000] {dagbag.py:587} INFO - Filling up the DagBag from /home/airflow/.local/lib/python3.12/site-packages/airflow/example_dags/example_time_delta_sensor_async.py
[2024-08-30T05:54:49.613+0000] {processor.py:925} INFO - DAG(s) 'example_time_delta_sensor_async' retrieved from /home/airflow/.local/lib/python3.12/site-packages/airflow/example_dags/example_time_delta_sensor_async.py
[2024-08-30T05:54:49.633+0000] {logging_mixin.py:190} INFO - [2024-08-30T05:54:49.633+0000] {dag.py:3211} INFO - Sync 1 DAGs
[2024-08-30T05:54:49.648+0000] {logging_mixin.py:190} INFO - [2024-08-30T05:54:49.648+0000] {dag.py:4138} INFO - Setting next_dagrun for example_time_delta_sensor_async to None, run_after=None
[2024-08-30T05:54:49.669+0000] {processor.py:208} INFO - Processing /home/airflow/.local/lib/python3.12/site-packages/airflow/example_dags/example_time_delta_sensor_async.py took 0.073 seconds
[2024-08-30T05:55:19.980+0000] {processor.py:186} INFO - Started process (PID=881) to work on /home/airflow/.local/lib/python3.12/site-packages/airflow/example_dags/example_time_delta_sensor_async.py
[2024-08-30T05:55:19.981+0000] {processor.py:914} INFO - Processing file /home/airflow/.local/lib/python3.12/site-packages/airflow/example_dags/example_time_delta_sensor_async.py for tasks to queue
[2024-08-30T05:55:19.983+0000] {logging_mixin.py:190} INFO - [2024-08-30T05:55:19.983+0000] {dagbag.py:587} INFO - Filling up the DagBag from /home/airflow/.local/lib/python3.12/site-packages/airflow/example_dags/example_time_delta_sensor_async.py
[2024-08-30T05:55:19.990+0000] {processor.py:925} INFO - DAG(s) 'example_time_delta_sensor_async' retrieved from /home/airflow/.local/lib/python3.12/site-packages/airflow/example_dags/example_time_delta_sensor_async.py
[2024-08-30T05:55:20.013+0000] {logging_mixin.py:190} INFO - [2024-08-30T05:55:20.013+0000] {dag.py:3211} INFO - Sync 1 DAGs
[2024-08-30T05:55:20.028+0000] {logging_mixin.py:190} INFO - [2024-08-30T05:55:20.028+0000] {dag.py:4138} INFO - Setting next_dagrun for example_time_delta_sensor_async to None, run_after=None
[2024-08-30T05:55:20.048+0000] {processor.py:208} INFO - Processing /home/airflow/.local/lib/python3.12/site-packages/airflow/example_dags/example_time_delta_sensor_async.py took 0.074 seconds
[2024-08-30T05:55:55.238+0000] {processor.py:186} INFO - Started process (PID=943) to work on /home/airflow/.local/lib/python3.12/site-packages/airflow/example_dags/example_time_delta_sensor_async.py
[2024-08-30T05:55:55.240+0000] {processor.py:914} INFO - Processing file /home/airflow/.local/lib/python3.12/site-packages/airflow/example_dags/example_time_delta_sensor_async.py for tasks to queue
[2024-08-30T05:55:55.243+0000] {logging_mixin.py:190} INFO - [2024-08-30T05:55:55.243+0000] {dagbag.py:587} INFO - Filling up the DagBag from /home/airflow/.local/lib/python3.12/site-packages/airflow/example_dags/example_time_delta_sensor_async.py
[2024-08-30T05:55:55.261+0000] {processor.py:925} INFO - DAG(s) 'example_time_delta_sensor_async' retrieved from /home/airflow/.local/lib/python3.12/site-packages/airflow/example_dags/example_time_delta_sensor_async.py
[2024-08-30T05:55:55.396+0000] {logging_mixin.py:190} INFO - [2024-08-30T05:55:55.395+0000] {dag.py:3211} INFO - Sync 1 DAGs
[2024-08-30T05:55:55.421+0000] {logging_mixin.py:190} INFO - [2024-08-30T05:55:55.421+0000] {dag.py:4138} INFO - Setting next_dagrun for example_time_delta_sensor_async to None, run_after=None
[2024-08-30T05:55:55.455+0000] {processor.py:208} INFO - Processing /home/airflow/.local/lib/python3.12/site-packages/airflow/example_dags/example_time_delta_sensor_async.py took 0.224 seconds
[2024-08-30T05:56:26.427+0000] {processor.py:186} INFO - Started process (PID=1005) to work on /home/airflow/.local/lib/python3.12/site-packages/airflow/example_dags/example_time_delta_sensor_async.py
[2024-08-30T05:56:26.428+0000] {processor.py:914} INFO - Processing file /home/airflow/.local/lib/python3.12/site-packages/airflow/example_dags/example_time_delta_sensor_async.py for tasks to queue
[2024-08-30T05:56:26.432+0000] {logging_mixin.py:190} INFO - [2024-08-30T05:56:26.431+0000] {dagbag.py:587} INFO - Filling up the DagBag from /home/airflow/.local/lib/python3.12/site-packages/airflow/example_dags/example_time_delta_sensor_async.py
[2024-08-30T05:56:26.441+0000] {processor.py:925} INFO - DAG(s) 'example_time_delta_sensor_async' retrieved from /home/airflow/.local/lib/python3.12/site-packages/airflow/example_dags/example_time_delta_sensor_async.py
[2024-08-30T05:56:26.467+0000] {logging_mixin.py:190} INFO - [2024-08-30T05:56:26.467+0000] {dag.py:3211} INFO - Sync 1 DAGs
[2024-08-30T05:56:26.488+0000] {logging_mixin.py:190} INFO - [2024-08-30T05:56:26.488+0000] {dag.py:4138} INFO - Setting next_dagrun for example_time_delta_sensor_async to None, run_after=None
[2024-08-30T05:56:26.520+0000] {processor.py:208} INFO - Processing /home/airflow/.local/lib/python3.12/site-packages/airflow/example_dags/example_time_delta_sensor_async.py took 0.099 seconds
