[2024-08-30T05:48:11.176+0000] {processor.py:186} INFO - Started process (PID=78) to work on /home/airflow/.local/lib/python3.12/site-packages/airflow/example_dags/example_subdag_operator.py
[2024-08-30T05:48:11.178+0000] {processor.py:914} INFO - Processing file /home/airflow/.local/lib/python3.12/site-packages/airflow/example_dags/example_subdag_operator.py for tasks to queue
[2024-08-30T05:48:11.181+0000] {logging_mixin.py:190} INFO - [2024-08-30T05:48:11.181+0000] {dagbag.py:587} INFO - Filling up the DagBag from /home/airflow/.local/lib/python3.12/site-packages/airflow/example_dags/example_subdag_operator.py
[2024-08-30T05:48:11.214+0000] {processor.py:925} INFO - DAG(s) 'example_subdag_operator.section-1', 'example_subdag_operator.section-2', 'example_subdag_operator' retrieved from /home/airflow/.local/lib/python3.12/site-packages/airflow/example_dags/example_subdag_operator.py
[2024-08-30T05:48:11.355+0000] {logging_mixin.py:190} INFO - [2024-08-30T05:48:11.354+0000] {override.py:1858} INFO - Created Permission View: can delete on DAG:example_subdag_operator
[2024-08-30T05:48:11.381+0000] {logging_mixin.py:190} INFO - [2024-08-30T05:48:11.380+0000] {override.py:1858} INFO - Created Permission View: can edit on DAG:example_subdag_operator
[2024-08-30T05:48:11.394+0000] {logging_mixin.py:190} INFO - [2024-08-30T05:48:11.393+0000] {override.py:1858} INFO - Created Permission View: can read on DAG:example_subdag_operator
[2024-08-30T05:48:11.395+0000] {logging_mixin.py:190} INFO - [2024-08-30T05:48:11.394+0000] {dag.py:3211} INFO - Sync 3 DAGs
[2024-08-30T05:48:11.420+0000] {logging_mixin.py:190} INFO - [2024-08-30T05:48:11.419+0000] {dag.py:3234} INFO - Creating ORM DAG for example_subdag_operator.section-1
[2024-08-30T05:48:11.421+0000] {logging_mixin.py:190} INFO - [2024-08-30T05:48:11.421+0000] {dag.py:3234} INFO - Creating ORM DAG for example_subdag_operator
[2024-08-30T05:48:11.422+0000] {logging_mixin.py:190} INFO - [2024-08-30T05:48:11.422+0000] {dag.py:3234} INFO - Creating ORM DAG for example_subdag_operator.section-2
[2024-08-30T05:48:11.436+0000] {logging_mixin.py:190} INFO - [2024-08-30T05:48:11.436+0000] {dag.py:4138} INFO - Setting next_dagrun for example_subdag_operator to 2022-01-01 00:00:00+00:00, run_after=2022-01-01 00:00:00+00:00
[2024-08-30T05:48:11.437+0000] {logging_mixin.py:190} INFO - [2024-08-30T05:48:11.437+0000] {dag.py:4138} INFO - Setting next_dagrun for example_subdag_operator.section-1 to None, run_after=None
[2024-08-30T05:48:11.438+0000] {logging_mixin.py:190} INFO - [2024-08-30T05:48:11.438+0000] {dag.py:4138} INFO - Setting next_dagrun for example_subdag_operator.section-2 to None, run_after=None
[2024-08-30T05:48:11.450+0000] {logging_mixin.py:190} INFO - [2024-08-30T05:48:11.450+0000] {dag.py:3211} INFO - Sync 2 DAGs
[2024-08-30T05:48:11.457+0000] {logging_mixin.py:190} INFO - [2024-08-30T05:48:11.457+0000] {dag.py:4138} INFO - Setting next_dagrun for example_subdag_operator.section-1 to None, run_after=None
[2024-08-30T05:48:11.464+0000] {logging_mixin.py:190} INFO - [2024-08-30T05:48:11.463+0000] {dag.py:4138} INFO - Setting next_dagrun for example_subdag_operator.section-2 to None, run_after=None
[2024-08-30T05:48:11.494+0000] {processor.py:208} INFO - Processing /home/airflow/.local/lib/python3.12/site-packages/airflow/example_dags/example_subdag_operator.py took 0.324 seconds
[2024-08-30T05:48:42.144+0000] {processor.py:186} INFO - Started process (PID=140) to work on /home/airflow/.local/lib/python3.12/site-packages/airflow/example_dags/example_subdag_operator.py
[2024-08-30T05:48:42.145+0000] {processor.py:914} INFO - Processing file /home/airflow/.local/lib/python3.12/site-packages/airflow/example_dags/example_subdag_operator.py for tasks to queue
[2024-08-30T05:48:42.149+0000] {logging_mixin.py:190} INFO - [2024-08-30T05:48:42.148+0000] {dagbag.py:587} INFO - Filling up the DagBag from /home/airflow/.local/lib/python3.12/site-packages/airflow/example_dags/example_subdag_operator.py
[2024-08-30T05:48:42.192+0000] {processor.py:925} INFO - DAG(s) 'example_subdag_operator.section-1', 'example_subdag_operator.section-2', 'example_subdag_operator' retrieved from /home/airflow/.local/lib/python3.12/site-packages/airflow/example_dags/example_subdag_operator.py
[2024-08-30T05:48:42.220+0000] {logging_mixin.py:190} INFO - [2024-08-30T05:48:42.219+0000] {dag.py:3211} INFO - Sync 3 DAGs
[2024-08-30T05:48:42.263+0000] {logging_mixin.py:190} INFO - [2024-08-30T05:48:42.263+0000] {dag.py:4138} INFO - Setting next_dagrun for example_subdag_operator to 2022-01-01 00:00:00+00:00, run_after=2022-01-01 00:00:00+00:00
[2024-08-30T05:48:42.271+0000] {logging_mixin.py:190} INFO - [2024-08-30T05:48:42.270+0000] {dag.py:4138} INFO - Setting next_dagrun for example_subdag_operator.section-1 to None, run_after=None
[2024-08-30T05:48:42.274+0000] {logging_mixin.py:190} INFO - [2024-08-30T05:48:42.273+0000] {dag.py:4138} INFO - Setting next_dagrun for example_subdag_operator.section-2 to None, run_after=None
[2024-08-30T05:48:42.285+0000] {logging_mixin.py:190} INFO - [2024-08-30T05:48:42.285+0000] {dag.py:3211} INFO - Sync 2 DAGs
[2024-08-30T05:48:42.295+0000] {logging_mixin.py:190} INFO - [2024-08-30T05:48:42.295+0000] {dag.py:4138} INFO - Setting next_dagrun for example_subdag_operator.section-1 to None, run_after=None
[2024-08-30T05:48:42.297+0000] {logging_mixin.py:190} INFO - [2024-08-30T05:48:42.296+0000] {dag.py:4138} INFO - Setting next_dagrun for example_subdag_operator.section-2 to None, run_after=None
[2024-08-30T05:48:42.316+0000] {processor.py:208} INFO - Processing /home/airflow/.local/lib/python3.12/site-packages/airflow/example_dags/example_subdag_operator.py took 0.181 seconds
[2024-08-30T05:49:32.544+0000] {processor.py:186} INFO - Started process (PID=209) to work on /home/airflow/.local/lib/python3.12/site-packages/airflow/example_dags/example_subdag_operator.py
[2024-08-30T05:49:32.546+0000] {processor.py:914} INFO - Processing file /home/airflow/.local/lib/python3.12/site-packages/airflow/example_dags/example_subdag_operator.py for tasks to queue
[2024-08-30T05:49:32.550+0000] {logging_mixin.py:190} INFO - [2024-08-30T05:49:32.549+0000] {dagbag.py:587} INFO - Filling up the DagBag from /home/airflow/.local/lib/python3.12/site-packages/airflow/example_dags/example_subdag_operator.py
[2024-08-30T05:49:32.605+0000] {processor.py:925} INFO - DAG(s) 'example_subdag_operator.section-1', 'example_subdag_operator.section-2', 'example_subdag_operator' retrieved from /home/airflow/.local/lib/python3.12/site-packages/airflow/example_dags/example_subdag_operator.py
[2024-08-30T05:49:32.638+0000] {logging_mixin.py:190} INFO - [2024-08-30T05:49:32.638+0000] {dag.py:3211} INFO - Sync 3 DAGs
[2024-08-30T05:49:32.687+0000] {logging_mixin.py:190} INFO - [2024-08-30T05:49:32.686+0000] {dag.py:4138} INFO - Setting next_dagrun for example_subdag_operator to 2022-01-01 00:00:00+00:00, run_after=2022-01-01 00:00:00+00:00
[2024-08-30T05:49:32.718+0000] {logging_mixin.py:190} INFO - [2024-08-30T05:49:32.717+0000] {dag.py:4138} INFO - Setting next_dagrun for example_subdag_operator.section-1 to None, run_after=None
[2024-08-30T05:49:32.722+0000] {logging_mixin.py:190} INFO - [2024-08-30T05:49:32.721+0000] {dag.py:4138} INFO - Setting next_dagrun for example_subdag_operator.section-2 to None, run_after=None
[2024-08-30T05:49:32.820+0000] {logging_mixin.py:190} INFO - [2024-08-30T05:49:32.820+0000] {dag.py:3211} INFO - Sync 2 DAGs
[2024-08-30T05:49:32.834+0000] {logging_mixin.py:190} INFO - [2024-08-30T05:49:32.833+0000] {dag.py:4138} INFO - Setting next_dagrun for example_subdag_operator.section-1 to None, run_after=None
[2024-08-30T05:49:32.837+0000] {logging_mixin.py:190} INFO - [2024-08-30T05:49:32.836+0000] {dag.py:4138} INFO - Setting next_dagrun for example_subdag_operator.section-2 to None, run_after=None
[2024-08-30T05:49:32.864+0000] {processor.py:208} INFO - Processing /home/airflow/.local/lib/python3.12/site-packages/airflow/example_dags/example_subdag_operator.py took 0.331 seconds
[2024-08-30T05:50:02.959+0000] {processor.py:186} INFO - Started process (PID=271) to work on /home/airflow/.local/lib/python3.12/site-packages/airflow/example_dags/example_subdag_operator.py
[2024-08-30T05:50:02.961+0000] {processor.py:914} INFO - Processing file /home/airflow/.local/lib/python3.12/site-packages/airflow/example_dags/example_subdag_operator.py for tasks to queue
[2024-08-30T05:50:02.965+0000] {logging_mixin.py:190} INFO - [2024-08-30T05:50:02.965+0000] {dagbag.py:587} INFO - Filling up the DagBag from /home/airflow/.local/lib/python3.12/site-packages/airflow/example_dags/example_subdag_operator.py
[2024-08-30T05:50:03.009+0000] {processor.py:925} INFO - DAG(s) 'example_subdag_operator.section-1', 'example_subdag_operator.section-2', 'example_subdag_operator' retrieved from /home/airflow/.local/lib/python3.12/site-packages/airflow/example_dags/example_subdag_operator.py
[2024-08-30T05:50:03.038+0000] {logging_mixin.py:190} INFO - [2024-08-30T05:50:03.037+0000] {dag.py:3211} INFO - Sync 3 DAGs
[2024-08-30T05:50:03.074+0000] {logging_mixin.py:190} INFO - [2024-08-30T05:50:03.074+0000] {dag.py:4138} INFO - Setting next_dagrun for example_subdag_operator to 2022-01-01 00:00:00+00:00, run_after=2022-01-01 00:00:00+00:00
[2024-08-30T05:50:03.082+0000] {logging_mixin.py:190} INFO - [2024-08-30T05:50:03.081+0000] {dag.py:4138} INFO - Setting next_dagrun for example_subdag_operator.section-1 to None, run_after=None
[2024-08-30T05:50:03.084+0000] {logging_mixin.py:190} INFO - [2024-08-30T05:50:03.084+0000] {dag.py:4138} INFO - Setting next_dagrun for example_subdag_operator.section-2 to None, run_after=None
[2024-08-30T05:50:03.100+0000] {logging_mixin.py:190} INFO - [2024-08-30T05:50:03.100+0000] {dag.py:3211} INFO - Sync 2 DAGs
[2024-08-30T05:50:03.109+0000] {logging_mixin.py:190} INFO - [2024-08-30T05:50:03.109+0000] {dag.py:4138} INFO - Setting next_dagrun for example_subdag_operator.section-1 to None, run_after=None
[2024-08-30T05:50:03.111+0000] {logging_mixin.py:190} INFO - [2024-08-30T05:50:03.110+0000] {dag.py:4138} INFO - Setting next_dagrun for example_subdag_operator.section-2 to None, run_after=None
[2024-08-30T05:50:03.134+0000] {processor.py:208} INFO - Processing /home/airflow/.local/lib/python3.12/site-packages/airflow/example_dags/example_subdag_operator.py took 0.186 seconds
[2024-08-30T05:50:34.719+0000] {processor.py:186} INFO - Started process (PID=333) to work on /home/airflow/.local/lib/python3.12/site-packages/airflow/example_dags/example_subdag_operator.py
[2024-08-30T05:50:34.721+0000] {processor.py:914} INFO - Processing file /home/airflow/.local/lib/python3.12/site-packages/airflow/example_dags/example_subdag_operator.py for tasks to queue
[2024-08-30T05:50:34.724+0000] {logging_mixin.py:190} INFO - [2024-08-30T05:50:34.724+0000] {dagbag.py:587} INFO - Filling up the DagBag from /home/airflow/.local/lib/python3.12/site-packages/airflow/example_dags/example_subdag_operator.py
[2024-08-30T05:50:34.780+0000] {processor.py:925} INFO - DAG(s) 'example_subdag_operator.section-1', 'example_subdag_operator.section-2', 'example_subdag_operator' retrieved from /home/airflow/.local/lib/python3.12/site-packages/airflow/example_dags/example_subdag_operator.py
[2024-08-30T05:50:34.809+0000] {logging_mixin.py:190} INFO - [2024-08-30T05:50:34.808+0000] {dag.py:3211} INFO - Sync 3 DAGs
[2024-08-30T05:50:34.862+0000] {logging_mixin.py:190} INFO - [2024-08-30T05:50:34.862+0000] {dag.py:4138} INFO - Setting next_dagrun for example_subdag_operator to 2022-01-01 00:00:00+00:00, run_after=2022-01-01 00:00:00+00:00
[2024-08-30T05:50:34.871+0000] {logging_mixin.py:190} INFO - [2024-08-30T05:50:34.871+0000] {dag.py:4138} INFO - Setting next_dagrun for example_subdag_operator.section-1 to None, run_after=None
[2024-08-30T05:50:34.874+0000] {logging_mixin.py:190} INFO - [2024-08-30T05:50:34.874+0000] {dag.py:4138} INFO - Setting next_dagrun for example_subdag_operator.section-2 to None, run_after=None
[2024-08-30T05:50:34.888+0000] {logging_mixin.py:190} INFO - [2024-08-30T05:50:34.888+0000] {dag.py:3211} INFO - Sync 2 DAGs
[2024-08-30T05:50:34.900+0000] {logging_mixin.py:190} INFO - [2024-08-30T05:50:34.900+0000] {dag.py:4138} INFO - Setting next_dagrun for example_subdag_operator.section-1 to None, run_after=None
[2024-08-30T05:50:34.901+0000] {logging_mixin.py:190} INFO - [2024-08-30T05:50:34.901+0000] {dag.py:4138} INFO - Setting next_dagrun for example_subdag_operator.section-2 to None, run_after=None
[2024-08-30T05:50:34.920+0000] {processor.py:208} INFO - Processing /home/airflow/.local/lib/python3.12/site-packages/airflow/example_dags/example_subdag_operator.py took 0.211 seconds
[2024-08-30T05:51:05.488+0000] {processor.py:186} INFO - Started process (PID=395) to work on /home/airflow/.local/lib/python3.12/site-packages/airflow/example_dags/example_subdag_operator.py
[2024-08-30T05:51:05.489+0000] {processor.py:914} INFO - Processing file /home/airflow/.local/lib/python3.12/site-packages/airflow/example_dags/example_subdag_operator.py for tasks to queue
[2024-08-30T05:51:05.493+0000] {logging_mixin.py:190} INFO - [2024-08-30T05:51:05.492+0000] {dagbag.py:587} INFO - Filling up the DagBag from /home/airflow/.local/lib/python3.12/site-packages/airflow/example_dags/example_subdag_operator.py
[2024-08-30T05:51:05.521+0000] {processor.py:925} INFO - DAG(s) 'example_subdag_operator.section-1', 'example_subdag_operator.section-2', 'example_subdag_operator' retrieved from /home/airflow/.local/lib/python3.12/site-packages/airflow/example_dags/example_subdag_operator.py
[2024-08-30T05:51:05.539+0000] {logging_mixin.py:190} INFO - [2024-08-30T05:51:05.539+0000] {dag.py:3211} INFO - Sync 3 DAGs
[2024-08-30T05:51:05.567+0000] {logging_mixin.py:190} INFO - [2024-08-30T05:51:05.567+0000] {dag.py:4138} INFO - Setting next_dagrun for example_subdag_operator to 2022-01-01 00:00:00+00:00, run_after=2022-01-01 00:00:00+00:00
[2024-08-30T05:51:05.573+0000] {logging_mixin.py:190} INFO - [2024-08-30T05:51:05.572+0000] {dag.py:4138} INFO - Setting next_dagrun for example_subdag_operator.section-1 to None, run_after=None
[2024-08-30T05:51:05.575+0000] {logging_mixin.py:190} INFO - [2024-08-30T05:51:05.575+0000] {dag.py:4138} INFO - Setting next_dagrun for example_subdag_operator.section-2 to None, run_after=None
[2024-08-30T05:51:05.585+0000] {logging_mixin.py:190} INFO - [2024-08-30T05:51:05.585+0000] {dag.py:3211} INFO - Sync 2 DAGs
[2024-08-30T05:51:05.591+0000] {logging_mixin.py:190} INFO - [2024-08-30T05:51:05.590+0000] {dag.py:4138} INFO - Setting next_dagrun for example_subdag_operator.section-1 to None, run_after=None
[2024-08-30T05:51:05.592+0000] {logging_mixin.py:190} INFO - [2024-08-30T05:51:05.592+0000] {dag.py:4138} INFO - Setting next_dagrun for example_subdag_operator.section-2 to None, run_after=None
[2024-08-30T05:51:05.618+0000] {processor.py:208} INFO - Processing /home/airflow/.local/lib/python3.12/site-packages/airflow/example_dags/example_subdag_operator.py took 0.136 seconds
[2024-08-30T05:51:36.039+0000] {processor.py:186} INFO - Started process (PID=457) to work on /home/airflow/.local/lib/python3.12/site-packages/airflow/example_dags/example_subdag_operator.py
[2024-08-30T05:51:36.040+0000] {processor.py:914} INFO - Processing file /home/airflow/.local/lib/python3.12/site-packages/airflow/example_dags/example_subdag_operator.py for tasks to queue
[2024-08-30T05:51:36.042+0000] {logging_mixin.py:190} INFO - [2024-08-30T05:51:36.042+0000] {dagbag.py:587} INFO - Filling up the DagBag from /home/airflow/.local/lib/python3.12/site-packages/airflow/example_dags/example_subdag_operator.py
[2024-08-30T05:51:36.078+0000] {processor.py:925} INFO - DAG(s) 'example_subdag_operator.section-1', 'example_subdag_operator.section-2', 'example_subdag_operator' retrieved from /home/airflow/.local/lib/python3.12/site-packages/airflow/example_dags/example_subdag_operator.py
[2024-08-30T05:51:36.099+0000] {logging_mixin.py:190} INFO - [2024-08-30T05:51:36.099+0000] {dag.py:3211} INFO - Sync 3 DAGs
[2024-08-30T05:51:36.126+0000] {logging_mixin.py:190} INFO - [2024-08-30T05:51:36.126+0000] {dag.py:4138} INFO - Setting next_dagrun for example_subdag_operator to 2022-01-01 00:00:00+00:00, run_after=2022-01-01 00:00:00+00:00
[2024-08-30T05:51:36.130+0000] {logging_mixin.py:190} INFO - [2024-08-30T05:51:36.130+0000] {dag.py:4138} INFO - Setting next_dagrun for example_subdag_operator.section-1 to None, run_after=None
[2024-08-30T05:51:36.132+0000] {logging_mixin.py:190} INFO - [2024-08-30T05:51:36.132+0000] {dag.py:4138} INFO - Setting next_dagrun for example_subdag_operator.section-2 to None, run_after=None
[2024-08-30T05:51:36.140+0000] {logging_mixin.py:190} INFO - [2024-08-30T05:51:36.139+0000] {dag.py:3211} INFO - Sync 2 DAGs
[2024-08-30T05:51:36.145+0000] {logging_mixin.py:190} INFO - [2024-08-30T05:51:36.145+0000] {dag.py:4138} INFO - Setting next_dagrun for example_subdag_operator.section-1 to None, run_after=None
[2024-08-30T05:51:36.146+0000] {logging_mixin.py:190} INFO - [2024-08-30T05:51:36.146+0000] {dag.py:4138} INFO - Setting next_dagrun for example_subdag_operator.section-2 to None, run_after=None
[2024-08-30T05:51:36.156+0000] {processor.py:208} INFO - Processing /home/airflow/.local/lib/python3.12/site-packages/airflow/example_dags/example_subdag_operator.py took 0.124 seconds
[2024-08-30T05:52:19.968+0000] {processor.py:186} INFO - Started process (PID=538) to work on /home/airflow/.local/lib/python3.12/site-packages/airflow/example_dags/example_subdag_operator.py
[2024-08-30T05:52:19.970+0000] {processor.py:914} INFO - Processing file /home/airflow/.local/lib/python3.12/site-packages/airflow/example_dags/example_subdag_operator.py for tasks to queue
[2024-08-30T05:52:19.975+0000] {logging_mixin.py:190} INFO - [2024-08-30T05:52:19.974+0000] {dagbag.py:587} INFO - Filling up the DagBag from /home/airflow/.local/lib/python3.12/site-packages/airflow/example_dags/example_subdag_operator.py
[2024-08-30T05:52:20.007+0000] {processor.py:925} INFO - DAG(s) 'example_subdag_operator.section-1', 'example_subdag_operator.section-2', 'example_subdag_operator' retrieved from /home/airflow/.local/lib/python3.12/site-packages/airflow/example_dags/example_subdag_operator.py
[2024-08-30T05:52:20.025+0000] {logging_mixin.py:190} INFO - [2024-08-30T05:52:20.025+0000] {dag.py:3211} INFO - Sync 3 DAGs
[2024-08-30T05:52:20.052+0000] {logging_mixin.py:190} INFO - [2024-08-30T05:52:20.051+0000] {dag.py:4138} INFO - Setting next_dagrun for example_subdag_operator to 2022-01-01 00:00:00+00:00, run_after=2022-01-01 00:00:00+00:00
[2024-08-30T05:52:20.058+0000] {logging_mixin.py:190} INFO - [2024-08-30T05:52:20.058+0000] {dag.py:4138} INFO - Setting next_dagrun for example_subdag_operator.section-1 to None, run_after=None
[2024-08-30T05:52:20.060+0000] {logging_mixin.py:190} INFO - [2024-08-30T05:52:20.060+0000] {dag.py:4138} INFO - Setting next_dagrun for example_subdag_operator.section-2 to None, run_after=None
[2024-08-30T05:52:20.069+0000] {logging_mixin.py:190} INFO - [2024-08-30T05:52:20.069+0000] {dag.py:3211} INFO - Sync 2 DAGs
[2024-08-30T05:52:20.078+0000] {logging_mixin.py:190} INFO - [2024-08-30T05:52:20.077+0000] {dag.py:4138} INFO - Setting next_dagrun for example_subdag_operator.section-1 to None, run_after=None
[2024-08-30T05:52:20.079+0000] {logging_mixin.py:190} INFO - [2024-08-30T05:52:20.078+0000] {dag.py:4138} INFO - Setting next_dagrun for example_subdag_operator.section-2 to None, run_after=None
[2024-08-30T05:52:20.092+0000] {processor.py:208} INFO - Processing /home/airflow/.local/lib/python3.12/site-packages/airflow/example_dags/example_subdag_operator.py took 0.130 seconds
[2024-08-30T05:52:50.670+0000] {processor.py:186} INFO - Started process (PID=600) to work on /home/airflow/.local/lib/python3.12/site-packages/airflow/example_dags/example_subdag_operator.py
[2024-08-30T05:52:50.671+0000] {processor.py:914} INFO - Processing file /home/airflow/.local/lib/python3.12/site-packages/airflow/example_dags/example_subdag_operator.py for tasks to queue
[2024-08-30T05:52:50.673+0000] {logging_mixin.py:190} INFO - [2024-08-30T05:52:50.673+0000] {dagbag.py:587} INFO - Filling up the DagBag from /home/airflow/.local/lib/python3.12/site-packages/airflow/example_dags/example_subdag_operator.py
[2024-08-30T05:52:50.703+0000] {processor.py:925} INFO - DAG(s) 'example_subdag_operator.section-1', 'example_subdag_operator.section-2', 'example_subdag_operator' retrieved from /home/airflow/.local/lib/python3.12/site-packages/airflow/example_dags/example_subdag_operator.py
[2024-08-30T05:52:50.721+0000] {logging_mixin.py:190} INFO - [2024-08-30T05:52:50.721+0000] {dag.py:3211} INFO - Sync 3 DAGs
[2024-08-30T05:52:50.750+0000] {logging_mixin.py:190} INFO - [2024-08-30T05:52:50.750+0000] {dag.py:4138} INFO - Setting next_dagrun for example_subdag_operator to 2022-01-01 00:00:00+00:00, run_after=2022-01-01 00:00:00+00:00
[2024-08-30T05:52:50.754+0000] {logging_mixin.py:190} INFO - [2024-08-30T05:52:50.754+0000] {dag.py:4138} INFO - Setting next_dagrun for example_subdag_operator.section-1 to None, run_after=None
[2024-08-30T05:52:50.756+0000] {logging_mixin.py:190} INFO - [2024-08-30T05:52:50.756+0000] {dag.py:4138} INFO - Setting next_dagrun for example_subdag_operator.section-2 to None, run_after=None
[2024-08-30T05:52:50.766+0000] {logging_mixin.py:190} INFO - [2024-08-30T05:52:50.765+0000] {dag.py:3211} INFO - Sync 2 DAGs
[2024-08-30T05:52:50.772+0000] {logging_mixin.py:190} INFO - [2024-08-30T05:52:50.772+0000] {dag.py:4138} INFO - Setting next_dagrun for example_subdag_operator.section-1 to None, run_after=None
[2024-08-30T05:52:50.773+0000] {logging_mixin.py:190} INFO - [2024-08-30T05:52:50.773+0000] {dag.py:4138} INFO - Setting next_dagrun for example_subdag_operator.section-2 to None, run_after=None
[2024-08-30T05:52:50.787+0000] {processor.py:208} INFO - Processing /home/airflow/.local/lib/python3.12/site-packages/airflow/example_dags/example_subdag_operator.py took 0.124 seconds
[2024-08-30T05:53:21.857+0000] {processor.py:186} INFO - Started process (PID=662) to work on /home/airflow/.local/lib/python3.12/site-packages/airflow/example_dags/example_subdag_operator.py
[2024-08-30T05:53:21.858+0000] {processor.py:914} INFO - Processing file /home/airflow/.local/lib/python3.12/site-packages/airflow/example_dags/example_subdag_operator.py for tasks to queue
[2024-08-30T05:53:21.861+0000] {logging_mixin.py:190} INFO - [2024-08-30T05:53:21.861+0000] {dagbag.py:587} INFO - Filling up the DagBag from /home/airflow/.local/lib/python3.12/site-packages/airflow/example_dags/example_subdag_operator.py
[2024-08-30T05:53:21.890+0000] {processor.py:925} INFO - DAG(s) 'example_subdag_operator.section-1', 'example_subdag_operator.section-2', 'example_subdag_operator' retrieved from /home/airflow/.local/lib/python3.12/site-packages/airflow/example_dags/example_subdag_operator.py
[2024-08-30T05:53:21.909+0000] {logging_mixin.py:190} INFO - [2024-08-30T05:53:21.908+0000] {dag.py:3211} INFO - Sync 3 DAGs
[2024-08-30T05:53:21.938+0000] {logging_mixin.py:190} INFO - [2024-08-30T05:53:21.938+0000] {dag.py:4138} INFO - Setting next_dagrun for example_subdag_operator to 2022-01-01 00:00:00+00:00, run_after=2022-01-01 00:00:00+00:00
[2024-08-30T05:53:21.943+0000] {logging_mixin.py:190} INFO - [2024-08-30T05:53:21.943+0000] {dag.py:4138} INFO - Setting next_dagrun for example_subdag_operator.section-1 to None, run_after=None
[2024-08-30T05:53:21.945+0000] {logging_mixin.py:190} INFO - [2024-08-30T05:53:21.945+0000] {dag.py:4138} INFO - Setting next_dagrun for example_subdag_operator.section-2 to None, run_after=None
[2024-08-30T05:53:21.953+0000] {logging_mixin.py:190} INFO - [2024-08-30T05:53:21.953+0000] {dag.py:3211} INFO - Sync 2 DAGs
[2024-08-30T05:53:21.959+0000] {logging_mixin.py:190} INFO - [2024-08-30T05:53:21.959+0000] {dag.py:4138} INFO - Setting next_dagrun for example_subdag_operator.section-1 to None, run_after=None
[2024-08-30T05:53:21.960+0000] {logging_mixin.py:190} INFO - [2024-08-30T05:53:21.960+0000] {dag.py:4138} INFO - Setting next_dagrun for example_subdag_operator.section-2 to None, run_after=None
[2024-08-30T05:53:21.975+0000] {processor.py:208} INFO - Processing /home/airflow/.local/lib/python3.12/site-packages/airflow/example_dags/example_subdag_operator.py took 0.125 seconds
[2024-08-30T05:53:52.063+0000] {processor.py:186} INFO - Started process (PID=724) to work on /home/airflow/.local/lib/python3.12/site-packages/airflow/example_dags/example_subdag_operator.py
[2024-08-30T05:53:52.064+0000] {processor.py:914} INFO - Processing file /home/airflow/.local/lib/python3.12/site-packages/airflow/example_dags/example_subdag_operator.py for tasks to queue
[2024-08-30T05:53:52.067+0000] {logging_mixin.py:190} INFO - [2024-08-30T05:53:52.066+0000] {dagbag.py:587} INFO - Filling up the DagBag from /home/airflow/.local/lib/python3.12/site-packages/airflow/example_dags/example_subdag_operator.py
[2024-08-30T05:53:52.094+0000] {processor.py:925} INFO - DAG(s) 'example_subdag_operator.section-1', 'example_subdag_operator.section-2', 'example_subdag_operator' retrieved from /home/airflow/.local/lib/python3.12/site-packages/airflow/example_dags/example_subdag_operator.py
[2024-08-30T05:53:52.109+0000] {logging_mixin.py:190} INFO - [2024-08-30T05:53:52.109+0000] {dag.py:3211} INFO - Sync 3 DAGs
[2024-08-30T05:53:52.133+0000] {logging_mixin.py:190} INFO - [2024-08-30T05:53:52.133+0000] {dag.py:4138} INFO - Setting next_dagrun for example_subdag_operator to 2022-01-01 00:00:00+00:00, run_after=2022-01-01 00:00:00+00:00
[2024-08-30T05:53:52.139+0000] {logging_mixin.py:190} INFO - [2024-08-30T05:53:52.138+0000] {dag.py:4138} INFO - Setting next_dagrun for example_subdag_operator.section-1 to None, run_after=None
[2024-08-30T05:53:52.140+0000] {logging_mixin.py:190} INFO - [2024-08-30T05:53:52.140+0000] {dag.py:4138} INFO - Setting next_dagrun for example_subdag_operator.section-2 to None, run_after=None
[2024-08-30T05:53:52.149+0000] {logging_mixin.py:190} INFO - [2024-08-30T05:53:52.148+0000] {dag.py:3211} INFO - Sync 2 DAGs
[2024-08-30T05:53:52.157+0000] {logging_mixin.py:190} INFO - [2024-08-30T05:53:52.156+0000] {dag.py:4138} INFO - Setting next_dagrun for example_subdag_operator.section-1 to None, run_after=None
[2024-08-30T05:53:52.158+0000] {logging_mixin.py:190} INFO - [2024-08-30T05:53:52.157+0000] {dag.py:4138} INFO - Setting next_dagrun for example_subdag_operator.section-2 to None, run_after=None
[2024-08-30T05:53:52.172+0000] {processor.py:208} INFO - Processing /home/airflow/.local/lib/python3.12/site-packages/airflow/example_dags/example_subdag_operator.py took 0.115 seconds
[2024-08-30T05:54:22.501+0000] {processor.py:186} INFO - Started process (PID=786) to work on /home/airflow/.local/lib/python3.12/site-packages/airflow/example_dags/example_subdag_operator.py
[2024-08-30T05:54:22.502+0000] {processor.py:914} INFO - Processing file /home/airflow/.local/lib/python3.12/site-packages/airflow/example_dags/example_subdag_operator.py for tasks to queue
[2024-08-30T05:54:22.504+0000] {logging_mixin.py:190} INFO - [2024-08-30T05:54:22.504+0000] {dagbag.py:587} INFO - Filling up the DagBag from /home/airflow/.local/lib/python3.12/site-packages/airflow/example_dags/example_subdag_operator.py
[2024-08-30T05:54:22.533+0000] {processor.py:925} INFO - DAG(s) 'example_subdag_operator.section-1', 'example_subdag_operator.section-2', 'example_subdag_operator' retrieved from /home/airflow/.local/lib/python3.12/site-packages/airflow/example_dags/example_subdag_operator.py
[2024-08-30T05:54:22.551+0000] {logging_mixin.py:190} INFO - [2024-08-30T05:54:22.550+0000] {dag.py:3211} INFO - Sync 3 DAGs
[2024-08-30T05:54:22.574+0000] {logging_mixin.py:190} INFO - [2024-08-30T05:54:22.574+0000] {dag.py:4138} INFO - Setting next_dagrun for example_subdag_operator to 2022-01-01 00:00:00+00:00, run_after=2022-01-01 00:00:00+00:00
[2024-08-30T05:54:22.579+0000] {logging_mixin.py:190} INFO - [2024-08-30T05:54:22.579+0000] {dag.py:4138} INFO - Setting next_dagrun for example_subdag_operator.section-1 to None, run_after=None
[2024-08-30T05:54:22.581+0000] {logging_mixin.py:190} INFO - [2024-08-30T05:54:22.580+0000] {dag.py:4138} INFO - Setting next_dagrun for example_subdag_operator.section-2 to None, run_after=None
[2024-08-30T05:54:22.588+0000] {logging_mixin.py:190} INFO - [2024-08-30T05:54:22.588+0000] {dag.py:3211} INFO - Sync 2 DAGs
[2024-08-30T05:54:22.595+0000] {logging_mixin.py:190} INFO - [2024-08-30T05:54:22.594+0000] {dag.py:4138} INFO - Setting next_dagrun for example_subdag_operator.section-1 to None, run_after=None
[2024-08-30T05:54:22.596+0000] {logging_mixin.py:190} INFO - [2024-08-30T05:54:22.595+0000] {dag.py:4138} INFO - Setting next_dagrun for example_subdag_operator.section-2 to None, run_after=None
[2024-08-30T05:54:22.609+0000] {processor.py:208} INFO - Processing /home/airflow/.local/lib/python3.12/site-packages/airflow/example_dags/example_subdag_operator.py took 0.114 seconds
[2024-08-30T05:54:52.805+0000] {processor.py:186} INFO - Started process (PID=848) to work on /home/airflow/.local/lib/python3.12/site-packages/airflow/example_dags/example_subdag_operator.py
[2024-08-30T05:54:52.807+0000] {processor.py:914} INFO - Processing file /home/airflow/.local/lib/python3.12/site-packages/airflow/example_dags/example_subdag_operator.py for tasks to queue
[2024-08-30T05:54:52.810+0000] {logging_mixin.py:190} INFO - [2024-08-30T05:54:52.809+0000] {dagbag.py:587} INFO - Filling up the DagBag from /home/airflow/.local/lib/python3.12/site-packages/airflow/example_dags/example_subdag_operator.py
[2024-08-30T05:54:52.837+0000] {processor.py:925} INFO - DAG(s) 'example_subdag_operator.section-1', 'example_subdag_operator.section-2', 'example_subdag_operator' retrieved from /home/airflow/.local/lib/python3.12/site-packages/airflow/example_dags/example_subdag_operator.py
[2024-08-30T05:54:52.853+0000] {logging_mixin.py:190} INFO - [2024-08-30T05:54:52.853+0000] {dag.py:3211} INFO - Sync 3 DAGs
[2024-08-30T05:54:52.878+0000] {logging_mixin.py:190} INFO - [2024-08-30T05:54:52.878+0000] {dag.py:4138} INFO - Setting next_dagrun for example_subdag_operator to 2022-01-01 00:00:00+00:00, run_after=2022-01-01 00:00:00+00:00
[2024-08-30T05:54:52.883+0000] {logging_mixin.py:190} INFO - [2024-08-30T05:54:52.882+0000] {dag.py:4138} INFO - Setting next_dagrun for example_subdag_operator.section-1 to None, run_after=None
[2024-08-30T05:54:52.884+0000] {logging_mixin.py:190} INFO - [2024-08-30T05:54:52.884+0000] {dag.py:4138} INFO - Setting next_dagrun for example_subdag_operator.section-2 to None, run_after=None
[2024-08-30T05:54:52.893+0000] {logging_mixin.py:190} INFO - [2024-08-30T05:54:52.892+0000] {dag.py:3211} INFO - Sync 2 DAGs
[2024-08-30T05:54:52.900+0000] {logging_mixin.py:190} INFO - [2024-08-30T05:54:52.899+0000] {dag.py:4138} INFO - Setting next_dagrun for example_subdag_operator.section-1 to None, run_after=None
[2024-08-30T05:54:52.900+0000] {logging_mixin.py:190} INFO - [2024-08-30T05:54:52.900+0000] {dag.py:4138} INFO - Setting next_dagrun for example_subdag_operator.section-2 to None, run_after=None
[2024-08-30T05:54:52.914+0000] {processor.py:208} INFO - Processing /home/airflow/.local/lib/python3.12/site-packages/airflow/example_dags/example_subdag_operator.py took 0.114 seconds
[2024-08-30T05:55:23.188+0000] {processor.py:186} INFO - Started process (PID=910) to work on /home/airflow/.local/lib/python3.12/site-packages/airflow/example_dags/example_subdag_operator.py
[2024-08-30T05:55:23.189+0000] {processor.py:914} INFO - Processing file /home/airflow/.local/lib/python3.12/site-packages/airflow/example_dags/example_subdag_operator.py for tasks to queue
[2024-08-30T05:55:23.191+0000] {logging_mixin.py:190} INFO - [2024-08-30T05:55:23.191+0000] {dagbag.py:587} INFO - Filling up the DagBag from /home/airflow/.local/lib/python3.12/site-packages/airflow/example_dags/example_subdag_operator.py
[2024-08-30T05:55:23.219+0000] {processor.py:925} INFO - DAG(s) 'example_subdag_operator.section-1', 'example_subdag_operator.section-2', 'example_subdag_operator' retrieved from /home/airflow/.local/lib/python3.12/site-packages/airflow/example_dags/example_subdag_operator.py
[2024-08-30T05:55:23.235+0000] {logging_mixin.py:190} INFO - [2024-08-30T05:55:23.235+0000] {dag.py:3211} INFO - Sync 3 DAGs
[2024-08-30T05:55:23.260+0000] {logging_mixin.py:190} INFO - [2024-08-30T05:55:23.260+0000] {dag.py:4138} INFO - Setting next_dagrun for example_subdag_operator to 2022-01-01 00:00:00+00:00, run_after=2022-01-01 00:00:00+00:00
[2024-08-30T05:55:23.265+0000] {logging_mixin.py:190} INFO - [2024-08-30T05:55:23.265+0000] {dag.py:4138} INFO - Setting next_dagrun for example_subdag_operator.section-1 to None, run_after=None
[2024-08-30T05:55:23.267+0000] {logging_mixin.py:190} INFO - [2024-08-30T05:55:23.267+0000] {dag.py:4138} INFO - Setting next_dagrun for example_subdag_operator.section-2 to None, run_after=None
[2024-08-30T05:55:23.275+0000] {logging_mixin.py:190} INFO - [2024-08-30T05:55:23.274+0000] {dag.py:3211} INFO - Sync 2 DAGs
[2024-08-30T05:55:23.282+0000] {logging_mixin.py:190} INFO - [2024-08-30T05:55:23.281+0000] {dag.py:4138} INFO - Setting next_dagrun for example_subdag_operator.section-1 to None, run_after=None
[2024-08-30T05:55:23.282+0000] {logging_mixin.py:190} INFO - [2024-08-30T05:55:23.282+0000] {dag.py:4138} INFO - Setting next_dagrun for example_subdag_operator.section-2 to None, run_after=None
[2024-08-30T05:55:23.296+0000] {processor.py:208} INFO - Processing /home/airflow/.local/lib/python3.12/site-packages/airflow/example_dags/example_subdag_operator.py took 0.114 seconds
[2024-08-30T05:56:01.058+0000] {processor.py:186} INFO - Started process (PID=972) to work on /home/airflow/.local/lib/python3.12/site-packages/airflow/example_dags/example_subdag_operator.py
[2024-08-30T05:56:01.059+0000] {processor.py:914} INFO - Processing file /home/airflow/.local/lib/python3.12/site-packages/airflow/example_dags/example_subdag_operator.py for tasks to queue
[2024-08-30T05:56:01.061+0000] {logging_mixin.py:190} INFO - [2024-08-30T05:56:01.061+0000] {dagbag.py:587} INFO - Filling up the DagBag from /home/airflow/.local/lib/python3.12/site-packages/airflow/example_dags/example_subdag_operator.py
[2024-08-30T05:56:01.089+0000] {processor.py:925} INFO - DAG(s) 'example_subdag_operator.section-1', 'example_subdag_operator.section-2', 'example_subdag_operator' retrieved from /home/airflow/.local/lib/python3.12/site-packages/airflow/example_dags/example_subdag_operator.py
[2024-08-30T05:56:01.106+0000] {logging_mixin.py:190} INFO - [2024-08-30T05:56:01.106+0000] {dag.py:3211} INFO - Sync 3 DAGs
[2024-08-30T05:56:01.133+0000] {logging_mixin.py:190} INFO - [2024-08-30T05:56:01.133+0000] {dag.py:4138} INFO - Setting next_dagrun for example_subdag_operator to 2022-01-01 00:00:00+00:00, run_after=2022-01-01 00:00:00+00:00
[2024-08-30T05:56:01.137+0000] {logging_mixin.py:190} INFO - [2024-08-30T05:56:01.137+0000] {dag.py:4138} INFO - Setting next_dagrun for example_subdag_operator.section-1 to None, run_after=None
[2024-08-30T05:56:01.138+0000] {logging_mixin.py:190} INFO - [2024-08-30T05:56:01.138+0000] {dag.py:4138} INFO - Setting next_dagrun for example_subdag_operator.section-2 to None, run_after=None
[2024-08-30T05:56:01.146+0000] {logging_mixin.py:190} INFO - [2024-08-30T05:56:01.146+0000] {dag.py:3211} INFO - Sync 2 DAGs
[2024-08-30T05:56:01.152+0000] {logging_mixin.py:190} INFO - [2024-08-30T05:56:01.152+0000] {dag.py:4138} INFO - Setting next_dagrun for example_subdag_operator.section-1 to None, run_after=None
[2024-08-30T05:56:01.153+0000] {logging_mixin.py:190} INFO - [2024-08-30T05:56:01.152+0000] {dag.py:4138} INFO - Setting next_dagrun for example_subdag_operator.section-2 to None, run_after=None
[2024-08-30T05:56:01.164+0000] {processor.py:208} INFO - Processing /home/airflow/.local/lib/python3.12/site-packages/airflow/example_dags/example_subdag_operator.py took 0.112 seconds
[2024-08-30T05:56:31.844+0000] {processor.py:186} INFO - Started process (PID=1034) to work on /home/airflow/.local/lib/python3.12/site-packages/airflow/example_dags/example_subdag_operator.py
[2024-08-30T05:56:31.845+0000] {processor.py:914} INFO - Processing file /home/airflow/.local/lib/python3.12/site-packages/airflow/example_dags/example_subdag_operator.py for tasks to queue
[2024-08-30T05:56:31.848+0000] {logging_mixin.py:190} INFO - [2024-08-30T05:56:31.847+0000] {dagbag.py:587} INFO - Filling up the DagBag from /home/airflow/.local/lib/python3.12/site-packages/airflow/example_dags/example_subdag_operator.py
[2024-08-30T05:56:31.878+0000] {processor.py:925} INFO - DAG(s) 'example_subdag_operator.section-1', 'example_subdag_operator.section-2', 'example_subdag_operator' retrieved from /home/airflow/.local/lib/python3.12/site-packages/airflow/example_dags/example_subdag_operator.py
[2024-08-30T05:56:31.895+0000] {logging_mixin.py:190} INFO - [2024-08-30T05:56:31.895+0000] {dag.py:3211} INFO - Sync 3 DAGs
[2024-08-30T05:56:31.926+0000] {logging_mixin.py:190} INFO - [2024-08-30T05:56:31.926+0000] {dag.py:4138} INFO - Setting next_dagrun for example_subdag_operator to 2022-01-01 00:00:00+00:00, run_after=2022-01-01 00:00:00+00:00
[2024-08-30T05:56:31.931+0000] {logging_mixin.py:190} INFO - [2024-08-30T05:56:31.930+0000] {dag.py:4138} INFO - Setting next_dagrun for example_subdag_operator.section-1 to None, run_after=None
[2024-08-30T05:56:31.933+0000] {logging_mixin.py:190} INFO - [2024-08-30T05:56:31.932+0000] {dag.py:4138} INFO - Setting next_dagrun for example_subdag_operator.section-2 to None, run_after=None
[2024-08-30T05:56:31.941+0000] {logging_mixin.py:190} INFO - [2024-08-30T05:56:31.941+0000] {dag.py:3211} INFO - Sync 2 DAGs
[2024-08-30T05:56:31.947+0000] {logging_mixin.py:190} INFO - [2024-08-30T05:56:31.947+0000] {dag.py:4138} INFO - Setting next_dagrun for example_subdag_operator.section-1 to None, run_after=None
[2024-08-30T05:56:31.948+0000] {logging_mixin.py:190} INFO - [2024-08-30T05:56:31.947+0000] {dag.py:4138} INFO - Setting next_dagrun for example_subdag_operator.section-2 to None, run_after=None
[2024-08-30T05:56:31.961+0000] {processor.py:208} INFO - Processing /home/airflow/.local/lib/python3.12/site-packages/airflow/example_dags/example_subdag_operator.py took 0.124 seconds
