[2024-08-30T05:48:10.830+0000] {processor.py:186} INFO - Started process (PID=76) to work on /home/airflow/.local/lib/python3.12/site-packages/airflow/example_dags/example_display_name.py
[2024-08-30T05:48:10.832+0000] {processor.py:914} INFO - Processing file /home/airflow/.local/lib/python3.12/site-packages/airflow/example_dags/example_display_name.py for tasks to queue
[2024-08-30T05:48:10.835+0000] {logging_mixin.py:190} INFO - [2024-08-30T05:48:10.835+0000] {dagbag.py:587} INFO - Filling up the DagBag from /home/airflow/.local/lib/python3.12/site-packages/airflow/example_dags/example_display_name.py
[2024-08-30T05:48:10.845+0000] {processor.py:925} INFO - DAG(s) 'example_display_name' retrieved from /home/airflow/.local/lib/python3.12/site-packages/airflow/example_dags/example_display_name.py
[2024-08-30T05:48:11.019+0000] {logging_mixin.py:190} INFO - [2024-08-30T05:48:11.018+0000] {override.py:1858} INFO - Created Permission View: can delete on DAG:example_display_name
[2024-08-30T05:48:11.036+0000] {logging_mixin.py:190} INFO - [2024-08-30T05:48:11.036+0000] {override.py:1858} INFO - Created Permission View: can edit on DAG:example_display_name
[2024-08-30T05:48:11.059+0000] {logging_mixin.py:190} INFO - [2024-08-30T05:48:11.058+0000] {override.py:1858} INFO - Created Permission View: can read on DAG:example_display_name
[2024-08-30T05:48:11.060+0000] {logging_mixin.py:190} INFO - [2024-08-30T05:48:11.059+0000] {dag.py:3211} INFO - Sync 1 DAGs
[2024-08-30T05:48:11.104+0000] {logging_mixin.py:190} INFO - [2024-08-30T05:48:11.104+0000] {dag.py:3234} INFO - Creating ORM DAG for example_display_name
[2024-08-30T05:48:11.105+0000] {logging_mixin.py:190} INFO - [2024-08-30T05:48:11.105+0000] {dag.py:4138} INFO - Setting next_dagrun for example_display_name to None, run_after=None
[2024-08-30T05:48:11.132+0000] {processor.py:208} INFO - Processing /home/airflow/.local/lib/python3.12/site-packages/airflow/example_dags/example_display_name.py took 0.311 seconds
[2024-08-30T05:48:41.990+0000] {processor.py:186} INFO - Started process (PID=138) to work on /home/airflow/.local/lib/python3.12/site-packages/airflow/example_dags/example_display_name.py
[2024-08-30T05:48:41.992+0000] {processor.py:914} INFO - Processing file /home/airflow/.local/lib/python3.12/site-packages/airflow/example_dags/example_display_name.py for tasks to queue
[2024-08-30T05:48:41.997+0000] {logging_mixin.py:190} INFO - [2024-08-30T05:48:41.996+0000] {dagbag.py:587} INFO - Filling up the DagBag from /home/airflow/.local/lib/python3.12/site-packages/airflow/example_dags/example_display_name.py
[2024-08-30T05:48:42.009+0000] {processor.py:925} INFO - DAG(s) 'example_display_name' retrieved from /home/airflow/.local/lib/python3.12/site-packages/airflow/example_dags/example_display_name.py
[2024-08-30T05:48:42.044+0000] {logging_mixin.py:190} INFO - [2024-08-30T05:48:42.043+0000] {dag.py:3211} INFO - Sync 1 DAGs
[2024-08-30T05:48:42.065+0000] {logging_mixin.py:190} INFO - [2024-08-30T05:48:42.064+0000] {dag.py:4138} INFO - Setting next_dagrun for example_display_name to None, run_after=None
[2024-08-30T05:48:42.093+0000] {processor.py:208} INFO - Processing /home/airflow/.local/lib/python3.12/site-packages/airflow/example_dags/example_display_name.py took 0.114 seconds
[2024-08-30T05:49:32.233+0000] {processor.py:186} INFO - Started process (PID=207) to work on /home/airflow/.local/lib/python3.12/site-packages/airflow/example_dags/example_display_name.py
[2024-08-30T05:49:32.239+0000] {processor.py:914} INFO - Processing file /home/airflow/.local/lib/python3.12/site-packages/airflow/example_dags/example_display_name.py for tasks to queue
[2024-08-30T05:49:32.245+0000] {logging_mixin.py:190} INFO - [2024-08-30T05:49:32.244+0000] {dagbag.py:587} INFO - Filling up the DagBag from /home/airflow/.local/lib/python3.12/site-packages/airflow/example_dags/example_display_name.py
[2024-08-30T05:49:32.257+0000] {processor.py:925} INFO - DAG(s) 'example_display_name' retrieved from /home/airflow/.local/lib/python3.12/site-packages/airflow/example_dags/example_display_name.py
[2024-08-30T05:49:32.291+0000] {logging_mixin.py:190} INFO - [2024-08-30T05:49:32.291+0000] {dag.py:3211} INFO - Sync 1 DAGs
[2024-08-30T05:49:32.373+0000] {logging_mixin.py:190} INFO - [2024-08-30T05:49:32.373+0000] {dag.py:4138} INFO - Setting next_dagrun for example_display_name to None, run_after=None
[2024-08-30T05:49:32.452+0000] {processor.py:208} INFO - Processing /home/airflow/.local/lib/python3.12/site-packages/airflow/example_dags/example_display_name.py took 0.233 seconds
[2024-08-30T05:50:02.791+0000] {processor.py:186} INFO - Started process (PID=269) to work on /home/airflow/.local/lib/python3.12/site-packages/airflow/example_dags/example_display_name.py
[2024-08-30T05:50:02.792+0000] {processor.py:914} INFO - Processing file /home/airflow/.local/lib/python3.12/site-packages/airflow/example_dags/example_display_name.py for tasks to queue
[2024-08-30T05:50:02.796+0000] {logging_mixin.py:190} INFO - [2024-08-30T05:50:02.795+0000] {dagbag.py:587} INFO - Filling up the DagBag from /home/airflow/.local/lib/python3.12/site-packages/airflow/example_dags/example_display_name.py
[2024-08-30T05:50:02.806+0000] {processor.py:925} INFO - DAG(s) 'example_display_name' retrieved from /home/airflow/.local/lib/python3.12/site-packages/airflow/example_dags/example_display_name.py
[2024-08-30T05:50:02.836+0000] {logging_mixin.py:190} INFO - [2024-08-30T05:50:02.835+0000] {dag.py:3211} INFO - Sync 1 DAGs
[2024-08-30T05:50:02.858+0000] {logging_mixin.py:190} INFO - [2024-08-30T05:50:02.858+0000] {dag.py:4138} INFO - Setting next_dagrun for example_display_name to None, run_after=None
[2024-08-30T05:50:02.883+0000] {processor.py:208} INFO - Processing /home/airflow/.local/lib/python3.12/site-packages/airflow/example_dags/example_display_name.py took 0.101 seconds
[2024-08-30T05:50:34.472+0000] {processor.py:186} INFO - Started process (PID=331) to work on /home/airflow/.local/lib/python3.12/site-packages/airflow/example_dags/example_display_name.py
[2024-08-30T05:50:34.474+0000] {processor.py:914} INFO - Processing file /home/airflow/.local/lib/python3.12/site-packages/airflow/example_dags/example_display_name.py for tasks to queue
[2024-08-30T05:50:34.479+0000] {logging_mixin.py:190} INFO - [2024-08-30T05:50:34.478+0000] {dagbag.py:587} INFO - Filling up the DagBag from /home/airflow/.local/lib/python3.12/site-packages/airflow/example_dags/example_display_name.py
[2024-08-30T05:50:34.502+0000] {processor.py:925} INFO - DAG(s) 'example_display_name' retrieved from /home/airflow/.local/lib/python3.12/site-packages/airflow/example_dags/example_display_name.py
[2024-08-30T05:50:34.581+0000] {logging_mixin.py:190} INFO - [2024-08-30T05:50:34.581+0000] {dag.py:3211} INFO - Sync 1 DAGs
[2024-08-30T05:50:34.626+0000] {logging_mixin.py:190} INFO - [2024-08-30T05:50:34.625+0000] {dag.py:4138} INFO - Setting next_dagrun for example_display_name to None, run_after=None
[2024-08-30T05:50:34.658+0000] {processor.py:208} INFO - Processing /home/airflow/.local/lib/python3.12/site-packages/airflow/example_dags/example_display_name.py took 0.195 seconds
[2024-08-30T05:51:05.317+0000] {processor.py:186} INFO - Started process (PID=393) to work on /home/airflow/.local/lib/python3.12/site-packages/airflow/example_dags/example_display_name.py
[2024-08-30T05:51:05.342+0000] {processor.py:914} INFO - Processing file /home/airflow/.local/lib/python3.12/site-packages/airflow/example_dags/example_display_name.py for tasks to queue
[2024-08-30T05:51:05.345+0000] {logging_mixin.py:190} INFO - [2024-08-30T05:51:05.345+0000] {dagbag.py:587} INFO - Filling up the DagBag from /home/airflow/.local/lib/python3.12/site-packages/airflow/example_dags/example_display_name.py
[2024-08-30T05:51:05.390+0000] {processor.py:925} INFO - DAG(s) 'example_display_name' retrieved from /home/airflow/.local/lib/python3.12/site-packages/airflow/example_dags/example_display_name.py
[2024-08-30T05:51:05.410+0000] {logging_mixin.py:190} INFO - [2024-08-30T05:51:05.409+0000] {dag.py:3211} INFO - Sync 1 DAGs
[2024-08-30T05:51:05.425+0000] {logging_mixin.py:190} INFO - [2024-08-30T05:51:05.425+0000] {dag.py:4138} INFO - Setting next_dagrun for example_display_name to None, run_after=None
[2024-08-30T05:51:05.449+0000] {processor.py:208} INFO - Processing /home/airflow/.local/lib/python3.12/site-packages/airflow/example_dags/example_display_name.py took 0.142 seconds
[2024-08-30T05:51:35.913+0000] {processor.py:186} INFO - Started process (PID=455) to work on /home/airflow/.local/lib/python3.12/site-packages/airflow/example_dags/example_display_name.py
[2024-08-30T05:51:35.914+0000] {processor.py:914} INFO - Processing file /home/airflow/.local/lib/python3.12/site-packages/airflow/example_dags/example_display_name.py for tasks to queue
[2024-08-30T05:51:35.917+0000] {logging_mixin.py:190} INFO - [2024-08-30T05:51:35.917+0000] {dagbag.py:587} INFO - Filling up the DagBag from /home/airflow/.local/lib/python3.12/site-packages/airflow/example_dags/example_display_name.py
[2024-08-30T05:51:35.928+0000] {processor.py:925} INFO - DAG(s) 'example_display_name' retrieved from /home/airflow/.local/lib/python3.12/site-packages/airflow/example_dags/example_display_name.py
[2024-08-30T05:51:35.960+0000] {logging_mixin.py:190} INFO - [2024-08-30T05:51:35.959+0000] {dag.py:3211} INFO - Sync 1 DAGs
[2024-08-30T05:51:35.978+0000] {logging_mixin.py:190} INFO - [2024-08-30T05:51:35.978+0000] {dag.py:4138} INFO - Setting next_dagrun for example_display_name to None, run_after=None
[2024-08-30T05:51:35.999+0000] {processor.py:208} INFO - Processing /home/airflow/.local/lib/python3.12/site-packages/airflow/example_dags/example_display_name.py took 0.093 seconds
[2024-08-30T05:52:19.817+0000] {processor.py:186} INFO - Started process (PID=536) to work on /home/airflow/.local/lib/python3.12/site-packages/airflow/example_dags/example_display_name.py
[2024-08-30T05:52:19.818+0000] {processor.py:914} INFO - Processing file /home/airflow/.local/lib/python3.12/site-packages/airflow/example_dags/example_display_name.py for tasks to queue
[2024-08-30T05:52:19.822+0000] {logging_mixin.py:190} INFO - [2024-08-30T05:52:19.821+0000] {dagbag.py:587} INFO - Filling up the DagBag from /home/airflow/.local/lib/python3.12/site-packages/airflow/example_dags/example_display_name.py
[2024-08-30T05:52:19.830+0000] {processor.py:925} INFO - DAG(s) 'example_display_name' retrieved from /home/airflow/.local/lib/python3.12/site-packages/airflow/example_dags/example_display_name.py
[2024-08-30T05:52:19.855+0000] {logging_mixin.py:190} INFO - [2024-08-30T05:52:19.854+0000] {dag.py:3211} INFO - Sync 1 DAGs
[2024-08-30T05:52:19.874+0000] {logging_mixin.py:190} INFO - [2024-08-30T05:52:19.873+0000] {dag.py:4138} INFO - Setting next_dagrun for example_display_name to None, run_after=None
[2024-08-30T05:52:19.896+0000] {processor.py:208} INFO - Processing /home/airflow/.local/lib/python3.12/site-packages/airflow/example_dags/example_display_name.py took 0.085 seconds
[2024-08-30T05:52:50.556+0000] {processor.py:186} INFO - Started process (PID=598) to work on /home/airflow/.local/lib/python3.12/site-packages/airflow/example_dags/example_display_name.py
[2024-08-30T05:52:50.557+0000] {processor.py:914} INFO - Processing file /home/airflow/.local/lib/python3.12/site-packages/airflow/example_dags/example_display_name.py for tasks to queue
[2024-08-30T05:52:50.560+0000] {logging_mixin.py:190} INFO - [2024-08-30T05:52:50.560+0000] {dagbag.py:587} INFO - Filling up the DagBag from /home/airflow/.local/lib/python3.12/site-packages/airflow/example_dags/example_display_name.py
[2024-08-30T05:52:50.568+0000] {processor.py:925} INFO - DAG(s) 'example_display_name' retrieved from /home/airflow/.local/lib/python3.12/site-packages/airflow/example_dags/example_display_name.py
[2024-08-30T05:52:50.590+0000] {logging_mixin.py:190} INFO - [2024-08-30T05:52:50.589+0000] {dag.py:3211} INFO - Sync 1 DAGs
[2024-08-30T05:52:50.606+0000] {logging_mixin.py:190} INFO - [2024-08-30T05:52:50.606+0000] {dag.py:4138} INFO - Setting next_dagrun for example_display_name to None, run_after=None
[2024-08-30T05:52:50.628+0000] {processor.py:208} INFO - Processing /home/airflow/.local/lib/python3.12/site-packages/airflow/example_dags/example_display_name.py took 0.078 seconds
[2024-08-30T05:53:21.732+0000] {processor.py:186} INFO - Started process (PID=660) to work on /home/airflow/.local/lib/python3.12/site-packages/airflow/example_dags/example_display_name.py
[2024-08-30T05:53:21.733+0000] {processor.py:914} INFO - Processing file /home/airflow/.local/lib/python3.12/site-packages/airflow/example_dags/example_display_name.py for tasks to queue
[2024-08-30T05:53:21.737+0000] {logging_mixin.py:190} INFO - [2024-08-30T05:53:21.736+0000] {dagbag.py:587} INFO - Filling up the DagBag from /home/airflow/.local/lib/python3.12/site-packages/airflow/example_dags/example_display_name.py
[2024-08-30T05:53:21.748+0000] {processor.py:925} INFO - DAG(s) 'example_display_name' retrieved from /home/airflow/.local/lib/python3.12/site-packages/airflow/example_dags/example_display_name.py
[2024-08-30T05:53:21.774+0000] {logging_mixin.py:190} INFO - [2024-08-30T05:53:21.774+0000] {dag.py:3211} INFO - Sync 1 DAGs
[2024-08-30T05:53:21.796+0000] {logging_mixin.py:190} INFO - [2024-08-30T05:53:21.795+0000] {dag.py:4138} INFO - Setting next_dagrun for example_display_name to None, run_after=None
[2024-08-30T05:53:21.819+0000] {processor.py:208} INFO - Processing /home/airflow/.local/lib/python3.12/site-packages/airflow/example_dags/example_display_name.py took 0.097 seconds
[2024-08-30T05:53:51.960+0000] {processor.py:186} INFO - Started process (PID=722) to work on /home/airflow/.local/lib/python3.12/site-packages/airflow/example_dags/example_display_name.py
[2024-08-30T05:53:51.961+0000] {processor.py:914} INFO - Processing file /home/airflow/.local/lib/python3.12/site-packages/airflow/example_dags/example_display_name.py for tasks to queue
[2024-08-30T05:53:51.963+0000] {logging_mixin.py:190} INFO - [2024-08-30T05:53:51.963+0000] {dagbag.py:587} INFO - Filling up the DagBag from /home/airflow/.local/lib/python3.12/site-packages/airflow/example_dags/example_display_name.py
[2024-08-30T05:53:51.971+0000] {processor.py:925} INFO - DAG(s) 'example_display_name' retrieved from /home/airflow/.local/lib/python3.12/site-packages/airflow/example_dags/example_display_name.py
[2024-08-30T05:53:51.990+0000] {logging_mixin.py:190} INFO - [2024-08-30T05:53:51.990+0000] {dag.py:3211} INFO - Sync 1 DAGs
[2024-08-30T05:53:52.004+0000] {logging_mixin.py:190} INFO - [2024-08-30T05:53:52.004+0000] {dag.py:4138} INFO - Setting next_dagrun for example_display_name to None, run_after=None
[2024-08-30T05:53:52.026+0000] {processor.py:208} INFO - Processing /home/airflow/.local/lib/python3.12/site-packages/airflow/example_dags/example_display_name.py took 0.072 seconds
[2024-08-30T05:54:22.272+0000] {processor.py:186} INFO - Started process (PID=784) to work on /home/airflow/.local/lib/python3.12/site-packages/airflow/example_dags/example_display_name.py
[2024-08-30T05:54:22.273+0000] {processor.py:914} INFO - Processing file /home/airflow/.local/lib/python3.12/site-packages/airflow/example_dags/example_display_name.py for tasks to queue
[2024-08-30T05:54:22.276+0000] {logging_mixin.py:190} INFO - [2024-08-30T05:54:22.276+0000] {dagbag.py:587} INFO - Filling up the DagBag from /home/airflow/.local/lib/python3.12/site-packages/airflow/example_dags/example_display_name.py
[2024-08-30T05:54:22.284+0000] {processor.py:925} INFO - DAG(s) 'example_display_name' retrieved from /home/airflow/.local/lib/python3.12/site-packages/airflow/example_dags/example_display_name.py
[2024-08-30T05:54:22.304+0000] {logging_mixin.py:190} INFO - [2024-08-30T05:54:22.303+0000] {dag.py:3211} INFO - Sync 1 DAGs
[2024-08-30T05:54:22.318+0000] {logging_mixin.py:190} INFO - [2024-08-30T05:54:22.317+0000] {dag.py:4138} INFO - Setting next_dagrun for example_display_name to None, run_after=None
[2024-08-30T05:54:22.337+0000] {processor.py:208} INFO - Processing /home/airflow/.local/lib/python3.12/site-packages/airflow/example_dags/example_display_name.py took 0.070 seconds
[2024-08-30T05:54:52.694+0000] {processor.py:186} INFO - Started process (PID=846) to work on /home/airflow/.local/lib/python3.12/site-packages/airflow/example_dags/example_display_name.py
[2024-08-30T05:54:52.695+0000] {processor.py:914} INFO - Processing file /home/airflow/.local/lib/python3.12/site-packages/airflow/example_dags/example_display_name.py for tasks to queue
[2024-08-30T05:54:52.698+0000] {logging_mixin.py:190} INFO - [2024-08-30T05:54:52.698+0000] {dagbag.py:587} INFO - Filling up the DagBag from /home/airflow/.local/lib/python3.12/site-packages/airflow/example_dags/example_display_name.py
[2024-08-30T05:54:52.708+0000] {processor.py:925} INFO - DAG(s) 'example_display_name' retrieved from /home/airflow/.local/lib/python3.12/site-packages/airflow/example_dags/example_display_name.py
[2024-08-30T05:54:52.731+0000] {logging_mixin.py:190} INFO - [2024-08-30T05:54:52.730+0000] {dag.py:3211} INFO - Sync 1 DAGs
[2024-08-30T05:54:52.746+0000] {logging_mixin.py:190} INFO - [2024-08-30T05:54:52.746+0000] {dag.py:4138} INFO - Setting next_dagrun for example_display_name to None, run_after=None
[2024-08-30T05:54:52.768+0000] {processor.py:208} INFO - Processing /home/airflow/.local/lib/python3.12/site-packages/airflow/example_dags/example_display_name.py took 0.081 seconds
[2024-08-30T05:55:23.064+0000] {processor.py:186} INFO - Started process (PID=908) to work on /home/airflow/.local/lib/python3.12/site-packages/airflow/example_dags/example_display_name.py
[2024-08-30T05:55:23.065+0000] {processor.py:914} INFO - Processing file /home/airflow/.local/lib/python3.12/site-packages/airflow/example_dags/example_display_name.py for tasks to queue
[2024-08-30T05:55:23.068+0000] {logging_mixin.py:190} INFO - [2024-08-30T05:55:23.067+0000] {dagbag.py:587} INFO - Filling up the DagBag from /home/airflow/.local/lib/python3.12/site-packages/airflow/example_dags/example_display_name.py
[2024-08-30T05:55:23.076+0000] {processor.py:925} INFO - DAG(s) 'example_display_name' retrieved from /home/airflow/.local/lib/python3.12/site-packages/airflow/example_dags/example_display_name.py
[2024-08-30T05:55:23.101+0000] {logging_mixin.py:190} INFO - [2024-08-30T05:55:23.100+0000] {dag.py:3211} INFO - Sync 1 DAGs
[2024-08-30T05:55:23.117+0000] {logging_mixin.py:190} INFO - [2024-08-30T05:55:23.116+0000] {dag.py:4138} INFO - Setting next_dagrun for example_display_name to None, run_after=None
[2024-08-30T05:55:23.135+0000] {processor.py:208} INFO - Processing /home/airflow/.local/lib/python3.12/site-packages/airflow/example_dags/example_display_name.py took 0.079 seconds
[2024-08-30T05:56:00.797+0000] {processor.py:186} INFO - Started process (PID=970) to work on /home/airflow/.local/lib/python3.12/site-packages/airflow/example_dags/example_display_name.py
[2024-08-30T05:56:00.798+0000] {processor.py:914} INFO - Processing file /home/airflow/.local/lib/python3.12/site-packages/airflow/example_dags/example_display_name.py for tasks to queue
[2024-08-30T05:56:00.801+0000] {logging_mixin.py:190} INFO - [2024-08-30T05:56:00.800+0000] {dagbag.py:587} INFO - Filling up the DagBag from /home/airflow/.local/lib/python3.12/site-packages/airflow/example_dags/example_display_name.py
[2024-08-30T05:56:00.808+0000] {processor.py:925} INFO - DAG(s) 'example_display_name' retrieved from /home/airflow/.local/lib/python3.12/site-packages/airflow/example_dags/example_display_name.py
[2024-08-30T05:56:00.828+0000] {logging_mixin.py:190} INFO - [2024-08-30T05:56:00.827+0000] {dag.py:3211} INFO - Sync 1 DAGs
[2024-08-30T05:56:00.843+0000] {logging_mixin.py:190} INFO - [2024-08-30T05:56:00.843+0000] {dag.py:4138} INFO - Setting next_dagrun for example_display_name to None, run_after=None
[2024-08-30T05:56:00.863+0000] {processor.py:208} INFO - Processing /home/airflow/.local/lib/python3.12/site-packages/airflow/example_dags/example_display_name.py took 0.072 seconds
[2024-08-30T05:56:31.735+0000] {processor.py:186} INFO - Started process (PID=1032) to work on /home/airflow/.local/lib/python3.12/site-packages/airflow/example_dags/example_display_name.py
[2024-08-30T05:56:31.736+0000] {processor.py:914} INFO - Processing file /home/airflow/.local/lib/python3.12/site-packages/airflow/example_dags/example_display_name.py for tasks to queue
[2024-08-30T05:56:31.739+0000] {logging_mixin.py:190} INFO - [2024-08-30T05:56:31.739+0000] {dagbag.py:587} INFO - Filling up the DagBag from /home/airflow/.local/lib/python3.12/site-packages/airflow/example_dags/example_display_name.py
[2024-08-30T05:56:31.748+0000] {processor.py:925} INFO - DAG(s) 'example_display_name' retrieved from /home/airflow/.local/lib/python3.12/site-packages/airflow/example_dags/example_display_name.py
[2024-08-30T05:56:31.769+0000] {logging_mixin.py:190} INFO - [2024-08-30T05:56:31.768+0000] {dag.py:3211} INFO - Sync 1 DAGs
[2024-08-30T05:56:31.789+0000] {logging_mixin.py:190} INFO - [2024-08-30T05:56:31.788+0000] {dag.py:4138} INFO - Setting next_dagrun for example_display_name to None, run_after=None
[2024-08-30T05:56:31.809+0000] {processor.py:208} INFO - Processing /home/airflow/.local/lib/python3.12/site-packages/airflow/example_dags/example_display_name.py took 0.080 seconds
