[2024-08-30T05:48:12.172+0000] {processor.py:186} INFO - Started process (PID=83) to work on /home/airflow/.local/lib/python3.12/site-packages/airflow/example_dags/example_complex.py
[2024-08-30T05:48:12.174+0000] {processor.py:914} INFO - Processing file /home/airflow/.local/lib/python3.12/site-packages/airflow/example_dags/example_complex.py for tasks to queue
[2024-08-30T05:48:12.177+0000] {logging_mixin.py:190} INFO - [2024-08-30T05:48:12.176+0000] {dagbag.py:587} INFO - Filling up the DagBag from /home/airflow/.local/lib/python3.12/site-packages/airflow/example_dags/example_complex.py
[2024-08-30T05:48:12.192+0000] {processor.py:925} INFO - DAG(s) 'example_complex' retrieved from /home/airflow/.local/lib/python3.12/site-packages/airflow/example_dags/example_complex.py
[2024-08-30T05:48:12.358+0000] {logging_mixin.py:190} INFO - [2024-08-30T05:48:12.357+0000] {override.py:1858} INFO - Created Permission View: can delete on DAG:example_complex
[2024-08-30T05:48:12.372+0000] {logging_mixin.py:190} INFO - [2024-08-30T05:48:12.371+0000] {override.py:1858} INFO - Created Permission View: can edit on DAG:example_complex
[2024-08-30T05:48:12.379+0000] {logging_mixin.py:190} INFO - [2024-08-30T05:48:12.379+0000] {override.py:1858} INFO - Created Permission View: can read on DAG:example_complex
[2024-08-30T05:48:12.381+0000] {logging_mixin.py:190} INFO - [2024-08-30T05:48:12.380+0000] {dag.py:3211} INFO - Sync 1 DAGs
[2024-08-30T05:48:12.398+0000] {logging_mixin.py:190} INFO - [2024-08-30T05:48:12.397+0000] {dag.py:3234} INFO - Creating ORM DAG for example_complex
[2024-08-30T05:48:12.399+0000] {logging_mixin.py:190} INFO - [2024-08-30T05:48:12.399+0000] {dag.py:4138} INFO - Setting next_dagrun for example_complex to None, run_after=None
[2024-08-30T05:48:12.424+0000] {processor.py:208} INFO - Processing /home/airflow/.local/lib/python3.12/site-packages/airflow/example_dags/example_complex.py took 0.258 seconds
[2024-08-30T05:48:42.817+0000] {processor.py:186} INFO - Started process (PID=145) to work on /home/airflow/.local/lib/python3.12/site-packages/airflow/example_dags/example_complex.py
[2024-08-30T05:48:42.819+0000] {processor.py:914} INFO - Processing file /home/airflow/.local/lib/python3.12/site-packages/airflow/example_dags/example_complex.py for tasks to queue
[2024-08-30T05:48:42.828+0000] {logging_mixin.py:190} INFO - [2024-08-30T05:48:42.825+0000] {dagbag.py:587} INFO - Filling up the DagBag from /home/airflow/.local/lib/python3.12/site-packages/airflow/example_dags/example_complex.py
[2024-08-30T05:48:42.860+0000] {processor.py:925} INFO - DAG(s) 'example_complex' retrieved from /home/airflow/.local/lib/python3.12/site-packages/airflow/example_dags/example_complex.py
[2024-08-30T05:48:42.968+0000] {logging_mixin.py:190} INFO - [2024-08-30T05:48:42.968+0000] {dag.py:3211} INFO - Sync 1 DAGs
[2024-08-30T05:48:43.034+0000] {logging_mixin.py:190} INFO - [2024-08-30T05:48:43.033+0000] {dag.py:4138} INFO - Setting next_dagrun for example_complex to None, run_after=None
[2024-08-30T05:48:43.102+0000] {processor.py:208} INFO - Processing /home/airflow/.local/lib/python3.12/site-packages/airflow/example_dags/example_complex.py took 0.297 seconds
[2024-08-30T05:49:33.689+0000] {processor.py:186} INFO - Started process (PID=214) to work on /home/airflow/.local/lib/python3.12/site-packages/airflow/example_dags/example_complex.py
[2024-08-30T05:49:33.692+0000] {processor.py:914} INFO - Processing file /home/airflow/.local/lib/python3.12/site-packages/airflow/example_dags/example_complex.py for tasks to queue
[2024-08-30T05:49:33.696+0000] {logging_mixin.py:190} INFO - [2024-08-30T05:49:33.696+0000] {dagbag.py:587} INFO - Filling up the DagBag from /home/airflow/.local/lib/python3.12/site-packages/airflow/example_dags/example_complex.py
[2024-08-30T05:49:33.718+0000] {processor.py:925} INFO - DAG(s) 'example_complex' retrieved from /home/airflow/.local/lib/python3.12/site-packages/airflow/example_dags/example_complex.py
[2024-08-30T05:49:33.825+0000] {logging_mixin.py:190} INFO - [2024-08-30T05:49:33.825+0000] {dag.py:3211} INFO - Sync 1 DAGs
[2024-08-30T05:49:33.869+0000] {logging_mixin.py:190} INFO - [2024-08-30T05:49:33.868+0000] {dag.py:4138} INFO - Setting next_dagrun for example_complex to None, run_after=None
[2024-08-30T05:49:33.941+0000] {processor.py:208} INFO - Processing /home/airflow/.local/lib/python3.12/site-packages/airflow/example_dags/example_complex.py took 0.261 seconds
[2024-08-30T05:50:04.807+0000] {processor.py:186} INFO - Started process (PID=276) to work on /home/airflow/.local/lib/python3.12/site-packages/airflow/example_dags/example_complex.py
[2024-08-30T05:50:04.809+0000] {processor.py:914} INFO - Processing file /home/airflow/.local/lib/python3.12/site-packages/airflow/example_dags/example_complex.py for tasks to queue
[2024-08-30T05:50:04.817+0000] {logging_mixin.py:190} INFO - [2024-08-30T05:50:04.816+0000] {dagbag.py:587} INFO - Filling up the DagBag from /home/airflow/.local/lib/python3.12/site-packages/airflow/example_dags/example_complex.py
[2024-08-30T05:50:04.843+0000] {processor.py:925} INFO - DAG(s) 'example_complex' retrieved from /home/airflow/.local/lib/python3.12/site-packages/airflow/example_dags/example_complex.py
[2024-08-30T05:50:04.925+0000] {logging_mixin.py:190} INFO - [2024-08-30T05:50:04.925+0000] {dag.py:3211} INFO - Sync 1 DAGs
[2024-08-30T05:50:04.981+0000] {logging_mixin.py:190} INFO - [2024-08-30T05:50:04.981+0000] {dag.py:4138} INFO - Setting next_dagrun for example_complex to None, run_after=None
[2024-08-30T05:50:05.023+0000] {processor.py:208} INFO - Processing /home/airflow/.local/lib/python3.12/site-packages/airflow/example_dags/example_complex.py took 0.227 seconds
[2024-08-30T05:50:35.694+0000] {processor.py:186} INFO - Started process (PID=338) to work on /home/airflow/.local/lib/python3.12/site-packages/airflow/example_dags/example_complex.py
[2024-08-30T05:50:35.697+0000] {processor.py:914} INFO - Processing file /home/airflow/.local/lib/python3.12/site-packages/airflow/example_dags/example_complex.py for tasks to queue
[2024-08-30T05:50:35.702+0000] {logging_mixin.py:190} INFO - [2024-08-30T05:50:35.701+0000] {dagbag.py:587} INFO - Filling up the DagBag from /home/airflow/.local/lib/python3.12/site-packages/airflow/example_dags/example_complex.py
[2024-08-30T05:50:35.735+0000] {processor.py:925} INFO - DAG(s) 'example_complex' retrieved from /home/airflow/.local/lib/python3.12/site-packages/airflow/example_dags/example_complex.py
[2024-08-30T05:50:35.822+0000] {logging_mixin.py:190} INFO - [2024-08-30T05:50:35.821+0000] {dag.py:3211} INFO - Sync 1 DAGs
[2024-08-30T05:50:35.848+0000] {logging_mixin.py:190} INFO - [2024-08-30T05:50:35.847+0000] {dag.py:4138} INFO - Setting next_dagrun for example_complex to None, run_after=None
[2024-08-30T05:50:35.931+0000] {processor.py:208} INFO - Processing /home/airflow/.local/lib/python3.12/site-packages/airflow/example_dags/example_complex.py took 0.258 seconds
[2024-08-30T05:51:06.032+0000] {processor.py:186} INFO - Started process (PID=400) to work on /home/airflow/.local/lib/python3.12/site-packages/airflow/example_dags/example_complex.py
[2024-08-30T05:51:06.033+0000] {processor.py:914} INFO - Processing file /home/airflow/.local/lib/python3.12/site-packages/airflow/example_dags/example_complex.py for tasks to queue
[2024-08-30T05:51:06.036+0000] {logging_mixin.py:190} INFO - [2024-08-30T05:51:06.035+0000] {dagbag.py:587} INFO - Filling up the DagBag from /home/airflow/.local/lib/python3.12/site-packages/airflow/example_dags/example_complex.py
[2024-08-30T05:51:06.050+0000] {processor.py:925} INFO - DAG(s) 'example_complex' retrieved from /home/airflow/.local/lib/python3.12/site-packages/airflow/example_dags/example_complex.py
[2024-08-30T05:51:06.088+0000] {logging_mixin.py:190} INFO - [2024-08-30T05:51:06.087+0000] {dag.py:3211} INFO - Sync 1 DAGs
[2024-08-30T05:51:06.105+0000] {logging_mixin.py:190} INFO - [2024-08-30T05:51:06.105+0000] {dag.py:4138} INFO - Setting next_dagrun for example_complex to None, run_after=None
[2024-08-30T05:51:06.127+0000] {processor.py:208} INFO - Processing /home/airflow/.local/lib/python3.12/site-packages/airflow/example_dags/example_complex.py took 0.101 seconds
[2024-08-30T05:51:36.480+0000] {processor.py:186} INFO - Started process (PID=462) to work on /home/airflow/.local/lib/python3.12/site-packages/airflow/example_dags/example_complex.py
[2024-08-30T05:51:36.481+0000] {processor.py:914} INFO - Processing file /home/airflow/.local/lib/python3.12/site-packages/airflow/example_dags/example_complex.py for tasks to queue
[2024-08-30T05:51:36.483+0000] {logging_mixin.py:190} INFO - [2024-08-30T05:51:36.483+0000] {dagbag.py:587} INFO - Filling up the DagBag from /home/airflow/.local/lib/python3.12/site-packages/airflow/example_dags/example_complex.py
[2024-08-30T05:51:36.495+0000] {processor.py:925} INFO - DAG(s) 'example_complex' retrieved from /home/airflow/.local/lib/python3.12/site-packages/airflow/example_dags/example_complex.py
[2024-08-30T05:51:36.529+0000] {logging_mixin.py:190} INFO - [2024-08-30T05:51:36.529+0000] {dag.py:3211} INFO - Sync 1 DAGs
[2024-08-30T05:51:36.546+0000] {logging_mixin.py:190} INFO - [2024-08-30T05:51:36.545+0000] {dag.py:4138} INFO - Setting next_dagrun for example_complex to None, run_after=None
[2024-08-30T05:51:36.565+0000] {processor.py:208} INFO - Processing /home/airflow/.local/lib/python3.12/site-packages/airflow/example_dags/example_complex.py took 0.091 seconds
[2024-08-30T05:52:20.424+0000] {processor.py:186} INFO - Started process (PID=543) to work on /home/airflow/.local/lib/python3.12/site-packages/airflow/example_dags/example_complex.py
[2024-08-30T05:52:20.426+0000] {processor.py:914} INFO - Processing file /home/airflow/.local/lib/python3.12/site-packages/airflow/example_dags/example_complex.py for tasks to queue
[2024-08-30T05:52:20.428+0000] {logging_mixin.py:190} INFO - [2024-08-30T05:52:20.428+0000] {dagbag.py:587} INFO - Filling up the DagBag from /home/airflow/.local/lib/python3.12/site-packages/airflow/example_dags/example_complex.py
[2024-08-30T05:52:20.442+0000] {processor.py:925} INFO - DAG(s) 'example_complex' retrieved from /home/airflow/.local/lib/python3.12/site-packages/airflow/example_dags/example_complex.py
[2024-08-30T05:52:20.479+0000] {logging_mixin.py:190} INFO - [2024-08-30T05:52:20.479+0000] {dag.py:3211} INFO - Sync 1 DAGs
[2024-08-30T05:52:20.498+0000] {logging_mixin.py:190} INFO - [2024-08-30T05:52:20.497+0000] {dag.py:4138} INFO - Setting next_dagrun for example_complex to None, run_after=None
[2024-08-30T05:52:20.526+0000] {processor.py:208} INFO - Processing /home/airflow/.local/lib/python3.12/site-packages/airflow/example_dags/example_complex.py took 0.108 seconds
[2024-08-30T05:52:51.081+0000] {processor.py:186} INFO - Started process (PID=605) to work on /home/airflow/.local/lib/python3.12/site-packages/airflow/example_dags/example_complex.py
[2024-08-30T05:52:51.082+0000] {processor.py:914} INFO - Processing file /home/airflow/.local/lib/python3.12/site-packages/airflow/example_dags/example_complex.py for tasks to queue
[2024-08-30T05:52:51.085+0000] {logging_mixin.py:190} INFO - [2024-08-30T05:52:51.084+0000] {dagbag.py:587} INFO - Filling up the DagBag from /home/airflow/.local/lib/python3.12/site-packages/airflow/example_dags/example_complex.py
[2024-08-30T05:52:51.097+0000] {processor.py:925} INFO - DAG(s) 'example_complex' retrieved from /home/airflow/.local/lib/python3.12/site-packages/airflow/example_dags/example_complex.py
[2024-08-30T05:52:51.132+0000] {logging_mixin.py:190} INFO - [2024-08-30T05:52:51.132+0000] {dag.py:3211} INFO - Sync 1 DAGs
[2024-08-30T05:52:51.147+0000] {logging_mixin.py:190} INFO - [2024-08-30T05:52:51.147+0000] {dag.py:4138} INFO - Setting next_dagrun for example_complex to None, run_after=None
[2024-08-30T05:52:51.168+0000] {processor.py:208} INFO - Processing /home/airflow/.local/lib/python3.12/site-packages/airflow/example_dags/example_complex.py took 0.094 seconds
[2024-08-30T05:53:22.322+0000] {processor.py:186} INFO - Started process (PID=667) to work on /home/airflow/.local/lib/python3.12/site-packages/airflow/example_dags/example_complex.py
[2024-08-30T05:53:22.324+0000] {processor.py:914} INFO - Processing file /home/airflow/.local/lib/python3.12/site-packages/airflow/example_dags/example_complex.py for tasks to queue
[2024-08-30T05:53:22.328+0000] {logging_mixin.py:190} INFO - [2024-08-30T05:53:22.327+0000] {dagbag.py:587} INFO - Filling up the DagBag from /home/airflow/.local/lib/python3.12/site-packages/airflow/example_dags/example_complex.py
[2024-08-30T05:53:22.345+0000] {processor.py:925} INFO - DAG(s) 'example_complex' retrieved from /home/airflow/.local/lib/python3.12/site-packages/airflow/example_dags/example_complex.py
[2024-08-30T05:53:22.389+0000] {logging_mixin.py:190} INFO - [2024-08-30T05:53:22.389+0000] {dag.py:3211} INFO - Sync 1 DAGs
[2024-08-30T05:53:22.408+0000] {logging_mixin.py:190} INFO - [2024-08-30T05:53:22.408+0000] {dag.py:4138} INFO - Setting next_dagrun for example_complex to None, run_after=None
[2024-08-30T05:53:22.430+0000] {processor.py:208} INFO - Processing /home/airflow/.local/lib/python3.12/site-packages/airflow/example_dags/example_complex.py took 0.116 seconds
[2024-08-30T05:53:52.549+0000] {processor.py:186} INFO - Started process (PID=729) to work on /home/airflow/.local/lib/python3.12/site-packages/airflow/example_dags/example_complex.py
[2024-08-30T05:53:52.550+0000] {processor.py:914} INFO - Processing file /home/airflow/.local/lib/python3.12/site-packages/airflow/example_dags/example_complex.py for tasks to queue
[2024-08-30T05:53:52.552+0000] {logging_mixin.py:190} INFO - [2024-08-30T05:53:52.552+0000] {dagbag.py:587} INFO - Filling up the DagBag from /home/airflow/.local/lib/python3.12/site-packages/airflow/example_dags/example_complex.py
[2024-08-30T05:53:52.565+0000] {processor.py:925} INFO - DAG(s) 'example_complex' retrieved from /home/airflow/.local/lib/python3.12/site-packages/airflow/example_dags/example_complex.py
[2024-08-30T05:53:52.598+0000] {logging_mixin.py:190} INFO - [2024-08-30T05:53:52.598+0000] {dag.py:3211} INFO - Sync 1 DAGs
[2024-08-30T05:53:52.615+0000] {logging_mixin.py:190} INFO - [2024-08-30T05:53:52.615+0000] {dag.py:4138} INFO - Setting next_dagrun for example_complex to None, run_after=None
[2024-08-30T05:53:52.636+0000] {processor.py:208} INFO - Processing /home/airflow/.local/lib/python3.12/site-packages/airflow/example_dags/example_complex.py took 0.093 seconds
[2024-08-30T05:54:22.984+0000] {processor.py:186} INFO - Started process (PID=791) to work on /home/airflow/.local/lib/python3.12/site-packages/airflow/example_dags/example_complex.py
[2024-08-30T05:54:22.985+0000] {processor.py:914} INFO - Processing file /home/airflow/.local/lib/python3.12/site-packages/airflow/example_dags/example_complex.py for tasks to queue
[2024-08-30T05:54:22.988+0000] {logging_mixin.py:190} INFO - [2024-08-30T05:54:22.988+0000] {dagbag.py:587} INFO - Filling up the DagBag from /home/airflow/.local/lib/python3.12/site-packages/airflow/example_dags/example_complex.py
[2024-08-30T05:54:23.002+0000] {processor.py:925} INFO - DAG(s) 'example_complex' retrieved from /home/airflow/.local/lib/python3.12/site-packages/airflow/example_dags/example_complex.py
[2024-08-30T05:54:23.035+0000] {logging_mixin.py:190} INFO - [2024-08-30T05:54:23.035+0000] {dag.py:3211} INFO - Sync 1 DAGs
[2024-08-30T05:54:23.050+0000] {logging_mixin.py:190} INFO - [2024-08-30T05:54:23.050+0000] {dag.py:4138} INFO - Setting next_dagrun for example_complex to None, run_after=None
[2024-08-30T05:54:23.071+0000] {processor.py:208} INFO - Processing /home/airflow/.local/lib/python3.12/site-packages/airflow/example_dags/example_complex.py took 0.092 seconds
[2024-08-30T05:54:53.321+0000] {processor.py:186} INFO - Started process (PID=853) to work on /home/airflow/.local/lib/python3.12/site-packages/airflow/example_dags/example_complex.py
[2024-08-30T05:54:53.322+0000] {processor.py:914} INFO - Processing file /home/airflow/.local/lib/python3.12/site-packages/airflow/example_dags/example_complex.py for tasks to queue
[2024-08-30T05:54:53.325+0000] {logging_mixin.py:190} INFO - [2024-08-30T05:54:53.324+0000] {dagbag.py:587} INFO - Filling up the DagBag from /home/airflow/.local/lib/python3.12/site-packages/airflow/example_dags/example_complex.py
[2024-08-30T05:54:53.337+0000] {processor.py:925} INFO - DAG(s) 'example_complex' retrieved from /home/airflow/.local/lib/python3.12/site-packages/airflow/example_dags/example_complex.py
[2024-08-30T05:54:53.369+0000] {logging_mixin.py:190} INFO - [2024-08-30T05:54:53.369+0000] {dag.py:3211} INFO - Sync 1 DAGs
[2024-08-30T05:54:53.385+0000] {logging_mixin.py:190} INFO - [2024-08-30T05:54:53.385+0000] {dag.py:4138} INFO - Setting next_dagrun for example_complex to None, run_after=None
[2024-08-30T05:54:53.406+0000] {processor.py:208} INFO - Processing /home/airflow/.local/lib/python3.12/site-packages/airflow/example_dags/example_complex.py took 0.091 seconds
[2024-08-30T05:55:23.641+0000] {processor.py:186} INFO - Started process (PID=915) to work on /home/airflow/.local/lib/python3.12/site-packages/airflow/example_dags/example_complex.py
[2024-08-30T05:55:23.643+0000] {processor.py:914} INFO - Processing file /home/airflow/.local/lib/python3.12/site-packages/airflow/example_dags/example_complex.py for tasks to queue
[2024-08-30T05:55:23.646+0000] {logging_mixin.py:190} INFO - [2024-08-30T05:55:23.645+0000] {dagbag.py:587} INFO - Filling up the DagBag from /home/airflow/.local/lib/python3.12/site-packages/airflow/example_dags/example_complex.py
[2024-08-30T05:55:23.660+0000] {processor.py:925} INFO - DAG(s) 'example_complex' retrieved from /home/airflow/.local/lib/python3.12/site-packages/airflow/example_dags/example_complex.py
[2024-08-30T05:55:23.696+0000] {logging_mixin.py:190} INFO - [2024-08-30T05:55:23.695+0000] {dag.py:3211} INFO - Sync 1 DAGs
[2024-08-30T05:55:23.716+0000] {logging_mixin.py:190} INFO - [2024-08-30T05:55:23.715+0000] {dag.py:4138} INFO - Setting next_dagrun for example_complex to None, run_after=None
[2024-08-30T05:55:23.736+0000] {processor.py:208} INFO - Processing /home/airflow/.local/lib/python3.12/site-packages/airflow/example_dags/example_complex.py took 0.101 seconds
[2024-08-30T05:56:01.446+0000] {processor.py:186} INFO - Started process (PID=977) to work on /home/airflow/.local/lib/python3.12/site-packages/airflow/example_dags/example_complex.py
[2024-08-30T05:56:01.447+0000] {processor.py:914} INFO - Processing file /home/airflow/.local/lib/python3.12/site-packages/airflow/example_dags/example_complex.py for tasks to queue
[2024-08-30T05:56:01.449+0000] {logging_mixin.py:190} INFO - [2024-08-30T05:56:01.449+0000] {dagbag.py:587} INFO - Filling up the DagBag from /home/airflow/.local/lib/python3.12/site-packages/airflow/example_dags/example_complex.py
[2024-08-30T05:56:01.461+0000] {processor.py:925} INFO - DAG(s) 'example_complex' retrieved from /home/airflow/.local/lib/python3.12/site-packages/airflow/example_dags/example_complex.py
[2024-08-30T05:56:01.492+0000] {logging_mixin.py:190} INFO - [2024-08-30T05:56:01.492+0000] {dag.py:3211} INFO - Sync 1 DAGs
[2024-08-30T05:56:01.507+0000] {logging_mixin.py:190} INFO - [2024-08-30T05:56:01.507+0000] {dag.py:4138} INFO - Setting next_dagrun for example_complex to None, run_after=None
[2024-08-30T05:56:01.526+0000] {processor.py:208} INFO - Processing /home/airflow/.local/lib/python3.12/site-packages/airflow/example_dags/example_complex.py took 0.087 seconds
[2024-08-30T05:56:32.275+0000] {processor.py:186} INFO - Started process (PID=1039) to work on /home/airflow/.local/lib/python3.12/site-packages/airflow/example_dags/example_complex.py
[2024-08-30T05:56:32.276+0000] {processor.py:914} INFO - Processing file /home/airflow/.local/lib/python3.12/site-packages/airflow/example_dags/example_complex.py for tasks to queue
[2024-08-30T05:56:32.279+0000] {logging_mixin.py:190} INFO - [2024-08-30T05:56:32.279+0000] {dagbag.py:587} INFO - Filling up the DagBag from /home/airflow/.local/lib/python3.12/site-packages/airflow/example_dags/example_complex.py
[2024-08-30T05:56:32.293+0000] {processor.py:925} INFO - DAG(s) 'example_complex' retrieved from /home/airflow/.local/lib/python3.12/site-packages/airflow/example_dags/example_complex.py
[2024-08-30T05:56:32.328+0000] {logging_mixin.py:190} INFO - [2024-08-30T05:56:32.327+0000] {dag.py:3211} INFO - Sync 1 DAGs
[2024-08-30T05:56:32.344+0000] {logging_mixin.py:190} INFO - [2024-08-30T05:56:32.343+0000] {dag.py:4138} INFO - Setting next_dagrun for example_complex to None, run_after=None
[2024-08-30T05:56:32.362+0000] {processor.py:208} INFO - Processing /home/airflow/.local/lib/python3.12/site-packages/airflow/example_dags/example_complex.py took 0.093 seconds
