[2024-08-30T05:48:10.097+0000] {processor.py:186} INFO - Started process (PID=72) to work on /home/airflow/.local/lib/python3.12/site-packages/airflow/example_dags/example_latest_only.py
[2024-08-30T05:48:10.098+0000] {processor.py:914} INFO - Processing file /home/airflow/.local/lib/python3.12/site-packages/airflow/example_dags/example_latest_only.py for tasks to queue
[2024-08-30T05:48:10.102+0000] {logging_mixin.py:190} INFO - [2024-08-30T05:48:10.102+0000] {dagbag.py:587} INFO - Filling up the DagBag from /home/airflow/.local/lib/python3.12/site-packages/airflow/example_dags/example_latest_only.py
[2024-08-30T05:48:10.112+0000] {processor.py:925} INFO - DAG(s) 'latest_only' retrieved from /home/airflow/.local/lib/python3.12/site-packages/airflow/example_dags/example_latest_only.py
[2024-08-30T05:48:10.288+0000] {logging_mixin.py:190} INFO - [2024-08-30T05:48:10.288+0000] {override.py:1858} INFO - Created Permission View: can delete on DAG:latest_only
[2024-08-30T05:48:10.304+0000] {logging_mixin.py:190} INFO - [2024-08-30T05:48:10.304+0000] {override.py:1858} INFO - Created Permission View: can edit on DAG:latest_only
[2024-08-30T05:48:10.316+0000] {logging_mixin.py:190} INFO - [2024-08-30T05:48:10.315+0000] {override.py:1858} INFO - Created Permission View: can read on DAG:latest_only
[2024-08-30T05:48:10.317+0000] {logging_mixin.py:190} INFO - [2024-08-30T05:48:10.317+0000] {dag.py:3211} INFO - Sync 1 DAGs
[2024-08-30T05:48:10.344+0000] {logging_mixin.py:190} INFO - [2024-08-30T05:48:10.344+0000] {dag.py:3234} INFO - Creating ORM DAG for latest_only
[2024-08-30T05:48:10.362+0000] {logging_mixin.py:190} INFO - [2024-08-30T05:48:10.361+0000] {dag.py:4138} INFO - Setting next_dagrun for latest_only to 2024-08-30 00:00:00+00:00, run_after=2024-08-30 04:00:00+00:00
[2024-08-30T05:48:10.391+0000] {processor.py:208} INFO - Processing /home/airflow/.local/lib/python3.12/site-packages/airflow/example_dags/example_latest_only.py took 0.301 seconds
[2024-08-30T05:48:41.229+0000] {processor.py:186} INFO - Started process (PID=134) to work on /home/airflow/.local/lib/python3.12/site-packages/airflow/example_dags/example_latest_only.py
[2024-08-30T05:48:41.231+0000] {processor.py:914} INFO - Processing file /home/airflow/.local/lib/python3.12/site-packages/airflow/example_dags/example_latest_only.py for tasks to queue
[2024-08-30T05:48:41.240+0000] {logging_mixin.py:190} INFO - [2024-08-30T05:48:41.240+0000] {dagbag.py:587} INFO - Filling up the DagBag from /home/airflow/.local/lib/python3.12/site-packages/airflow/example_dags/example_latest_only.py
[2024-08-30T05:48:41.262+0000] {processor.py:925} INFO - DAG(s) 'latest_only' retrieved from /home/airflow/.local/lib/python3.12/site-packages/airflow/example_dags/example_latest_only.py
[2024-08-30T05:48:41.308+0000] {logging_mixin.py:190} INFO - [2024-08-30T05:48:41.307+0000] {dag.py:3211} INFO - Sync 1 DAGs
[2024-08-30T05:48:41.364+0000] {logging_mixin.py:190} INFO - [2024-08-30T05:48:41.363+0000] {dag.py:4138} INFO - Setting next_dagrun for latest_only to 2024-08-30 00:00:00+00:00, run_after=2024-08-30 04:00:00+00:00
[2024-08-30T05:48:41.411+0000] {processor.py:208} INFO - Processing /home/airflow/.local/lib/python3.12/site-packages/airflow/example_dags/example_latest_only.py took 0.199 seconds
[2024-08-30T05:49:29.727+0000] {processor.py:186} INFO - Started process (PID=203) to work on /home/airflow/.local/lib/python3.12/site-packages/airflow/example_dags/example_latest_only.py
[2024-08-30T05:49:29.731+0000] {processor.py:914} INFO - Processing file /home/airflow/.local/lib/python3.12/site-packages/airflow/example_dags/example_latest_only.py for tasks to queue
[2024-08-30T05:49:29.790+0000] {logging_mixin.py:190} INFO - [2024-08-30T05:49:29.775+0000] {dagbag.py:587} INFO - Filling up the DagBag from /home/airflow/.local/lib/python3.12/site-packages/airflow/example_dags/example_latest_only.py
[2024-08-30T05:49:29.951+0000] {processor.py:925} INFO - DAG(s) 'latest_only' retrieved from /home/airflow/.local/lib/python3.12/site-packages/airflow/example_dags/example_latest_only.py
[2024-08-30T05:49:30.282+0000] {logging_mixin.py:190} INFO - [2024-08-30T05:49:30.281+0000] {dag.py:3211} INFO - Sync 1 DAGs
[2024-08-30T05:49:30.487+0000] {logging_mixin.py:190} INFO - [2024-08-30T05:49:30.487+0000] {dag.py:4138} INFO - Setting next_dagrun for latest_only to 2024-08-30 00:00:00+00:00, run_after=2024-08-30 04:00:00+00:00
[2024-08-30T05:49:30.904+0000] {processor.py:208} INFO - Processing /home/airflow/.local/lib/python3.12/site-packages/airflow/example_dags/example_latest_only.py took 1.248 seconds
[2024-08-30T05:50:01.105+0000] {processor.py:186} INFO - Started process (PID=264) to work on /home/airflow/.local/lib/python3.12/site-packages/airflow/example_dags/example_latest_only.py
[2024-08-30T05:50:01.107+0000] {processor.py:914} INFO - Processing file /home/airflow/.local/lib/python3.12/site-packages/airflow/example_dags/example_latest_only.py for tasks to queue
[2024-08-30T05:50:01.111+0000] {logging_mixin.py:190} INFO - [2024-08-30T05:50:01.110+0000] {dagbag.py:587} INFO - Filling up the DagBag from /home/airflow/.local/lib/python3.12/site-packages/airflow/example_dags/example_latest_only.py
[2024-08-30T05:50:01.150+0000] {processor.py:925} INFO - DAG(s) 'latest_only' retrieved from /home/airflow/.local/lib/python3.12/site-packages/airflow/example_dags/example_latest_only.py
[2024-08-30T05:50:01.208+0000] {logging_mixin.py:190} INFO - [2024-08-30T05:50:01.208+0000] {dag.py:3211} INFO - Sync 1 DAGs
[2024-08-30T05:50:01.269+0000] {logging_mixin.py:190} INFO - [2024-08-30T05:50:01.268+0000] {dag.py:4138} INFO - Setting next_dagrun for latest_only to 2024-08-30 00:00:00+00:00, run_after=2024-08-30 04:00:00+00:00
[2024-08-30T05:50:01.302+0000] {processor.py:208} INFO - Processing /home/airflow/.local/lib/python3.12/site-packages/airflow/example_dags/example_latest_only.py took 0.213 seconds
[2024-08-30T05:50:31.397+0000] {processor.py:186} INFO - Started process (PID=326) to work on /home/airflow/.local/lib/python3.12/site-packages/airflow/example_dags/example_latest_only.py
[2024-08-30T05:50:31.399+0000] {processor.py:914} INFO - Processing file /home/airflow/.local/lib/python3.12/site-packages/airflow/example_dags/example_latest_only.py for tasks to queue
[2024-08-30T05:50:31.403+0000] {logging_mixin.py:190} INFO - [2024-08-30T05:50:31.402+0000] {dagbag.py:587} INFO - Filling up the DagBag from /home/airflow/.local/lib/python3.12/site-packages/airflow/example_dags/example_latest_only.py
[2024-08-30T05:50:31.425+0000] {processor.py:925} INFO - DAG(s) 'latest_only' retrieved from /home/airflow/.local/lib/python3.12/site-packages/airflow/example_dags/example_latest_only.py
[2024-08-30T05:50:31.492+0000] {logging_mixin.py:190} INFO - [2024-08-30T05:50:31.491+0000] {dag.py:3211} INFO - Sync 1 DAGs
[2024-08-30T05:50:31.560+0000] {logging_mixin.py:190} INFO - [2024-08-30T05:50:31.558+0000] {dag.py:4138} INFO - Setting next_dagrun for latest_only to 2024-08-30 00:00:00+00:00, run_after=2024-08-30 04:00:00+00:00
[2024-08-30T05:50:31.606+0000] {processor.py:208} INFO - Processing /home/airflow/.local/lib/python3.12/site-packages/airflow/example_dags/example_latest_only.py took 0.226 seconds
[2024-08-30T05:51:01.704+0000] {processor.py:186} INFO - Started process (PID=388) to work on /home/airflow/.local/lib/python3.12/site-packages/airflow/example_dags/example_latest_only.py
[2024-08-30T05:51:01.705+0000] {processor.py:914} INFO - Processing file /home/airflow/.local/lib/python3.12/site-packages/airflow/example_dags/example_latest_only.py for tasks to queue
[2024-08-30T05:51:01.708+0000] {logging_mixin.py:190} INFO - [2024-08-30T05:51:01.708+0000] {dagbag.py:587} INFO - Filling up the DagBag from /home/airflow/.local/lib/python3.12/site-packages/airflow/example_dags/example_latest_only.py
[2024-08-30T05:51:01.716+0000] {processor.py:925} INFO - DAG(s) 'latest_only' retrieved from /home/airflow/.local/lib/python3.12/site-packages/airflow/example_dags/example_latest_only.py
[2024-08-30T05:51:01.734+0000] {logging_mixin.py:190} INFO - [2024-08-30T05:51:01.734+0000] {dag.py:3211} INFO - Sync 1 DAGs
[2024-08-30T05:51:01.758+0000] {logging_mixin.py:190} INFO - [2024-08-30T05:51:01.758+0000] {dag.py:4138} INFO - Setting next_dagrun for latest_only to 2024-08-30 00:00:00+00:00, run_after=2024-08-30 04:00:00+00:00
[2024-08-30T05:51:01.780+0000] {processor.py:208} INFO - Processing /home/airflow/.local/lib/python3.12/site-packages/airflow/example_dags/example_latest_only.py took 0.083 seconds
[2024-08-30T05:51:32.468+0000] {processor.py:186} INFO - Started process (PID=450) to work on /home/airflow/.local/lib/python3.12/site-packages/airflow/example_dags/example_latest_only.py
[2024-08-30T05:51:32.469+0000] {processor.py:914} INFO - Processing file /home/airflow/.local/lib/python3.12/site-packages/airflow/example_dags/example_latest_only.py for tasks to queue
[2024-08-30T05:51:32.472+0000] {logging_mixin.py:190} INFO - [2024-08-30T05:51:32.471+0000] {dagbag.py:587} INFO - Filling up the DagBag from /home/airflow/.local/lib/python3.12/site-packages/airflow/example_dags/example_latest_only.py
[2024-08-30T05:51:32.482+0000] {processor.py:925} INFO - DAG(s) 'latest_only' retrieved from /home/airflow/.local/lib/python3.12/site-packages/airflow/example_dags/example_latest_only.py
[2024-08-30T05:51:32.511+0000] {logging_mixin.py:190} INFO - [2024-08-30T05:51:32.511+0000] {dag.py:3211} INFO - Sync 1 DAGs
[2024-08-30T05:51:32.551+0000] {logging_mixin.py:190} INFO - [2024-08-30T05:51:32.550+0000] {dag.py:4138} INFO - Setting next_dagrun for latest_only to 2024-08-30 00:00:00+00:00, run_after=2024-08-30 04:00:00+00:00
[2024-08-30T05:51:32.578+0000] {processor.py:208} INFO - Processing /home/airflow/.local/lib/python3.12/site-packages/airflow/example_dags/example_latest_only.py took 0.121 seconds
[2024-08-30T05:52:19.532+0000] {processor.py:186} INFO - Started process (PID=532) to work on /home/airflow/.local/lib/python3.12/site-packages/airflow/example_dags/example_latest_only.py
[2024-08-30T05:52:19.534+0000] {processor.py:914} INFO - Processing file /home/airflow/.local/lib/python3.12/site-packages/airflow/example_dags/example_latest_only.py for tasks to queue
[2024-08-30T05:52:19.537+0000] {logging_mixin.py:190} INFO - [2024-08-30T05:52:19.537+0000] {dagbag.py:587} INFO - Filling up the DagBag from /home/airflow/.local/lib/python3.12/site-packages/airflow/example_dags/example_latest_only.py
[2024-08-30T05:52:19.547+0000] {processor.py:925} INFO - DAG(s) 'latest_only' retrieved from /home/airflow/.local/lib/python3.12/site-packages/airflow/example_dags/example_latest_only.py
[2024-08-30T05:52:19.586+0000] {logging_mixin.py:190} INFO - [2024-08-30T05:52:19.585+0000] {dag.py:3211} INFO - Sync 1 DAGs
[2024-08-30T05:52:19.623+0000] {logging_mixin.py:190} INFO - [2024-08-30T05:52:19.622+0000] {dag.py:4138} INFO - Setting next_dagrun for latest_only to 2024-08-30 00:00:00+00:00, run_after=2024-08-30 04:00:00+00:00
[2024-08-30T05:52:19.645+0000] {processor.py:208} INFO - Processing /home/airflow/.local/lib/python3.12/site-packages/airflow/example_dags/example_latest_only.py took 0.119 seconds
[2024-08-30T05:52:50.216+0000] {processor.py:186} INFO - Started process (PID=594) to work on /home/airflow/.local/lib/python3.12/site-packages/airflow/example_dags/example_latest_only.py
[2024-08-30T05:52:50.217+0000] {processor.py:914} INFO - Processing file /home/airflow/.local/lib/python3.12/site-packages/airflow/example_dags/example_latest_only.py for tasks to queue
[2024-08-30T05:52:50.220+0000] {logging_mixin.py:190} INFO - [2024-08-30T05:52:50.220+0000] {dagbag.py:587} INFO - Filling up the DagBag from /home/airflow/.local/lib/python3.12/site-packages/airflow/example_dags/example_latest_only.py
[2024-08-30T05:52:50.227+0000] {processor.py:925} INFO - DAG(s) 'latest_only' retrieved from /home/airflow/.local/lib/python3.12/site-packages/airflow/example_dags/example_latest_only.py
[2024-08-30T05:52:50.247+0000] {logging_mixin.py:190} INFO - [2024-08-30T05:52:50.246+0000] {dag.py:3211} INFO - Sync 1 DAGs
[2024-08-30T05:52:50.273+0000] {logging_mixin.py:190} INFO - [2024-08-30T05:52:50.272+0000] {dag.py:4138} INFO - Setting next_dagrun for latest_only to 2024-08-30 00:00:00+00:00, run_after=2024-08-30 04:00:00+00:00
[2024-08-30T05:52:50.291+0000] {processor.py:208} INFO - Processing /home/airflow/.local/lib/python3.12/site-packages/airflow/example_dags/example_latest_only.py took 0.081 seconds
[2024-08-30T05:53:21.353+0000] {processor.py:186} INFO - Started process (PID=656) to work on /home/airflow/.local/lib/python3.12/site-packages/airflow/example_dags/example_latest_only.py
[2024-08-30T05:53:21.354+0000] {processor.py:914} INFO - Processing file /home/airflow/.local/lib/python3.12/site-packages/airflow/example_dags/example_latest_only.py for tasks to queue
[2024-08-30T05:53:21.357+0000] {logging_mixin.py:190} INFO - [2024-08-30T05:53:21.357+0000] {dagbag.py:587} INFO - Filling up the DagBag from /home/airflow/.local/lib/python3.12/site-packages/airflow/example_dags/example_latest_only.py
[2024-08-30T05:53:21.367+0000] {processor.py:925} INFO - DAG(s) 'latest_only' retrieved from /home/airflow/.local/lib/python3.12/site-packages/airflow/example_dags/example_latest_only.py
[2024-08-30T05:53:21.390+0000] {logging_mixin.py:190} INFO - [2024-08-30T05:53:21.390+0000] {dag.py:3211} INFO - Sync 1 DAGs
[2024-08-30T05:53:21.417+0000] {logging_mixin.py:190} INFO - [2024-08-30T05:53:21.417+0000] {dag.py:4138} INFO - Setting next_dagrun for latest_only to 2024-08-30 00:00:00+00:00, run_after=2024-08-30 04:00:00+00:00
[2024-08-30T05:53:21.437+0000] {processor.py:208} INFO - Processing /home/airflow/.local/lib/python3.12/site-packages/airflow/example_dags/example_latest_only.py took 0.091 seconds
[2024-08-30T05:53:51.564+0000] {processor.py:186} INFO - Started process (PID=717) to work on /home/airflow/.local/lib/python3.12/site-packages/airflow/example_dags/example_latest_only.py
[2024-08-30T05:53:51.565+0000] {processor.py:914} INFO - Processing file /home/airflow/.local/lib/python3.12/site-packages/airflow/example_dags/example_latest_only.py for tasks to queue
[2024-08-30T05:53:51.569+0000] {logging_mixin.py:190} INFO - [2024-08-30T05:53:51.568+0000] {dagbag.py:587} INFO - Filling up the DagBag from /home/airflow/.local/lib/python3.12/site-packages/airflow/example_dags/example_latest_only.py
[2024-08-30T05:53:51.576+0000] {processor.py:925} INFO - DAG(s) 'latest_only' retrieved from /home/airflow/.local/lib/python3.12/site-packages/airflow/example_dags/example_latest_only.py
[2024-08-30T05:53:51.595+0000] {logging_mixin.py:190} INFO - [2024-08-30T05:53:51.595+0000] {dag.py:3211} INFO - Sync 1 DAGs
[2024-08-30T05:53:51.617+0000] {logging_mixin.py:190} INFO - [2024-08-30T05:53:51.617+0000] {dag.py:4138} INFO - Setting next_dagrun for latest_only to 2024-08-30 00:00:00+00:00, run_after=2024-08-30 04:00:00+00:00
[2024-08-30T05:53:51.635+0000] {processor.py:208} INFO - Processing /home/airflow/.local/lib/python3.12/site-packages/airflow/example_dags/example_latest_only.py took 0.078 seconds
[2024-08-30T05:54:21.907+0000] {processor.py:186} INFO - Started process (PID=779) to work on /home/airflow/.local/lib/python3.12/site-packages/airflow/example_dags/example_latest_only.py
[2024-08-30T05:54:21.908+0000] {processor.py:914} INFO - Processing file /home/airflow/.local/lib/python3.12/site-packages/airflow/example_dags/example_latest_only.py for tasks to queue
[2024-08-30T05:54:21.910+0000] {logging_mixin.py:190} INFO - [2024-08-30T05:54:21.910+0000] {dagbag.py:587} INFO - Filling up the DagBag from /home/airflow/.local/lib/python3.12/site-packages/airflow/example_dags/example_latest_only.py
[2024-08-30T05:54:21.918+0000] {processor.py:925} INFO - DAG(s) 'latest_only' retrieved from /home/airflow/.local/lib/python3.12/site-packages/airflow/example_dags/example_latest_only.py
[2024-08-30T05:54:21.938+0000] {logging_mixin.py:190} INFO - [2024-08-30T05:54:21.937+0000] {dag.py:3211} INFO - Sync 1 DAGs
[2024-08-30T05:54:21.964+0000] {logging_mixin.py:190} INFO - [2024-08-30T05:54:21.963+0000] {dag.py:4138} INFO - Setting next_dagrun for latest_only to 2024-08-30 00:00:00+00:00, run_after=2024-08-30 04:00:00+00:00
[2024-08-30T05:54:21.983+0000] {processor.py:208} INFO - Processing /home/airflow/.local/lib/python3.12/site-packages/airflow/example_dags/example_latest_only.py took 0.083 seconds
[2024-08-30T05:54:52.284+0000] {processor.py:186} INFO - Started process (PID=841) to work on /home/airflow/.local/lib/python3.12/site-packages/airflow/example_dags/example_latest_only.py
[2024-08-30T05:54:52.285+0000] {processor.py:914} INFO - Processing file /home/airflow/.local/lib/python3.12/site-packages/airflow/example_dags/example_latest_only.py for tasks to queue
[2024-08-30T05:54:52.288+0000] {logging_mixin.py:190} INFO - [2024-08-30T05:54:52.287+0000] {dagbag.py:587} INFO - Filling up the DagBag from /home/airflow/.local/lib/python3.12/site-packages/airflow/example_dags/example_latest_only.py
[2024-08-30T05:54:52.296+0000] {processor.py:925} INFO - DAG(s) 'latest_only' retrieved from /home/airflow/.local/lib/python3.12/site-packages/airflow/example_dags/example_latest_only.py
[2024-08-30T05:54:52.316+0000] {logging_mixin.py:190} INFO - [2024-08-30T05:54:52.316+0000] {dag.py:3211} INFO - Sync 1 DAGs
[2024-08-30T05:54:52.340+0000] {logging_mixin.py:190} INFO - [2024-08-30T05:54:52.340+0000] {dag.py:4138} INFO - Setting next_dagrun for latest_only to 2024-08-30 00:00:00+00:00, run_after=2024-08-30 04:00:00+00:00
[2024-08-30T05:54:52.358+0000] {processor.py:208} INFO - Processing /home/airflow/.local/lib/python3.12/site-packages/airflow/example_dags/example_latest_only.py took 0.079 seconds
[2024-08-30T05:55:22.645+0000] {processor.py:186} INFO - Started process (PID=903) to work on /home/airflow/.local/lib/python3.12/site-packages/airflow/example_dags/example_latest_only.py
[2024-08-30T05:55:22.646+0000] {processor.py:914} INFO - Processing file /home/airflow/.local/lib/python3.12/site-packages/airflow/example_dags/example_latest_only.py for tasks to queue
[2024-08-30T05:55:22.649+0000] {logging_mixin.py:190} INFO - [2024-08-30T05:55:22.648+0000] {dagbag.py:587} INFO - Filling up the DagBag from /home/airflow/.local/lib/python3.12/site-packages/airflow/example_dags/example_latest_only.py
[2024-08-30T05:55:22.658+0000] {processor.py:925} INFO - DAG(s) 'latest_only' retrieved from /home/airflow/.local/lib/python3.12/site-packages/airflow/example_dags/example_latest_only.py
[2024-08-30T05:55:22.679+0000] {logging_mixin.py:190} INFO - [2024-08-30T05:55:22.679+0000] {dag.py:3211} INFO - Sync 1 DAGs
[2024-08-30T05:55:22.705+0000] {logging_mixin.py:190} INFO - [2024-08-30T05:55:22.704+0000] {dag.py:4138} INFO - Setting next_dagrun for latest_only to 2024-08-30 00:00:00+00:00, run_after=2024-08-30 04:00:00+00:00
[2024-08-30T05:55:22.722+0000] {processor.py:208} INFO - Processing /home/airflow/.local/lib/python3.12/site-packages/airflow/example_dags/example_latest_only.py took 0.084 seconds
[2024-08-30T05:56:00.378+0000] {processor.py:186} INFO - Started process (PID=966) to work on /home/airflow/.local/lib/python3.12/site-packages/airflow/example_dags/example_latest_only.py
[2024-08-30T05:56:00.380+0000] {processor.py:914} INFO - Processing file /home/airflow/.local/lib/python3.12/site-packages/airflow/example_dags/example_latest_only.py for tasks to queue
[2024-08-30T05:56:00.382+0000] {logging_mixin.py:190} INFO - [2024-08-30T05:56:00.382+0000] {dagbag.py:587} INFO - Filling up the DagBag from /home/airflow/.local/lib/python3.12/site-packages/airflow/example_dags/example_latest_only.py
[2024-08-30T05:56:00.390+0000] {processor.py:925} INFO - DAG(s) 'latest_only' retrieved from /home/airflow/.local/lib/python3.12/site-packages/airflow/example_dags/example_latest_only.py
[2024-08-30T05:56:00.412+0000] {logging_mixin.py:190} INFO - [2024-08-30T05:56:00.412+0000] {dag.py:3211} INFO - Sync 1 DAGs
[2024-08-30T05:56:00.456+0000] {logging_mixin.py:190} INFO - [2024-08-30T05:56:00.455+0000] {dag.py:4138} INFO - Setting next_dagrun for latest_only to 2024-08-30 00:00:00+00:00, run_after=2024-08-30 04:00:00+00:00
[2024-08-30T05:56:00.489+0000] {processor.py:208} INFO - Processing /home/airflow/.local/lib/python3.12/site-packages/airflow/example_dags/example_latest_only.py took 0.118 seconds
[2024-08-30T05:56:31.326+0000] {processor.py:186} INFO - Started process (PID=1028) to work on /home/airflow/.local/lib/python3.12/site-packages/airflow/example_dags/example_latest_only.py
[2024-08-30T05:56:31.328+0000] {processor.py:914} INFO - Processing file /home/airflow/.local/lib/python3.12/site-packages/airflow/example_dags/example_latest_only.py for tasks to queue
[2024-08-30T05:56:31.330+0000] {logging_mixin.py:190} INFO - [2024-08-30T05:56:31.330+0000] {dagbag.py:587} INFO - Filling up the DagBag from /home/airflow/.local/lib/python3.12/site-packages/airflow/example_dags/example_latest_only.py
[2024-08-30T05:56:31.337+0000] {processor.py:925} INFO - DAG(s) 'latest_only' retrieved from /home/airflow/.local/lib/python3.12/site-packages/airflow/example_dags/example_latest_only.py
[2024-08-30T05:56:31.357+0000] {logging_mixin.py:190} INFO - [2024-08-30T05:56:31.357+0000] {dag.py:3211} INFO - Sync 1 DAGs
[2024-08-30T05:56:31.382+0000] {logging_mixin.py:190} INFO - [2024-08-30T05:56:31.382+0000] {dag.py:4138} INFO - Setting next_dagrun for latest_only to 2024-08-30 00:00:00+00:00, run_after=2024-08-30 04:00:00+00:00
[2024-08-30T05:56:31.403+0000] {processor.py:208} INFO - Processing /home/airflow/.local/lib/python3.12/site-packages/airflow/example_dags/example_latest_only.py took 0.083 seconds
