[2024-08-30T05:48:12.139+0000] {processor.py:186} INFO - Started process (PID=82) to work on /home/airflow/.local/lib/python3.12/site-packages/airflow/example_dags/example_sensors.py
[2024-08-30T05:48:12.141+0000] {processor.py:914} INFO - Processing file /home/airflow/.local/lib/python3.12/site-packages/airflow/example_dags/example_sensors.py for tasks to queue
[2024-08-30T05:48:12.145+0000] {logging_mixin.py:190} INFO - [2024-08-30T05:48:12.144+0000] {dagbag.py:587} INFO - Filling up the DagBag from /home/airflow/.local/lib/python3.12/site-packages/airflow/example_dags/example_sensors.py
[2024-08-30T05:48:12.164+0000] {processor.py:925} INFO - DAG(s) 'example_sensors' retrieved from /home/airflow/.local/lib/python3.12/site-packages/airflow/example_dags/example_sensors.py
[2024-08-30T05:48:12.314+0000] {logging_mixin.py:190} INFO - [2024-08-30T05:48:12.313+0000] {override.py:1858} INFO - Created Permission View: can delete on DAG:example_sensors
[2024-08-30T05:48:12.330+0000] {logging_mixin.py:190} INFO - [2024-08-30T05:48:12.330+0000] {override.py:1858} INFO - Created Permission View: can edit on DAG:example_sensors
[2024-08-30T05:48:12.339+0000] {logging_mixin.py:190} INFO - [2024-08-30T05:48:12.338+0000] {override.py:1858} INFO - Created Permission View: can read on DAG:example_sensors
[2024-08-30T05:48:12.340+0000] {logging_mixin.py:190} INFO - [2024-08-30T05:48:12.339+0000] {dag.py:3211} INFO - Sync 1 DAGs
[2024-08-30T05:48:12.357+0000] {logging_mixin.py:190} INFO - [2024-08-30T05:48:12.357+0000] {dag.py:3234} INFO - Creating ORM DAG for example_sensors
[2024-08-30T05:48:12.359+0000] {logging_mixin.py:190} INFO - [2024-08-30T05:48:12.358+0000] {dag.py:4138} INFO - Setting next_dagrun for example_sensors to None, run_after=None
[2024-08-30T05:48:12.381+0000] {processor.py:208} INFO - Processing /home/airflow/.local/lib/python3.12/site-packages/airflow/example_dags/example_sensors.py took 0.251 seconds
[2024-08-30T05:48:42.632+0000] {processor.py:186} INFO - Started process (PID=144) to work on /home/airflow/.local/lib/python3.12/site-packages/airflow/example_dags/example_sensors.py
[2024-08-30T05:48:42.634+0000] {processor.py:914} INFO - Processing file /home/airflow/.local/lib/python3.12/site-packages/airflow/example_dags/example_sensors.py for tasks to queue
[2024-08-30T05:48:42.637+0000] {logging_mixin.py:190} INFO - [2024-08-30T05:48:42.637+0000] {dagbag.py:587} INFO - Filling up the DagBag from /home/airflow/.local/lib/python3.12/site-packages/airflow/example_dags/example_sensors.py
[2024-08-30T05:48:42.664+0000] {processor.py:925} INFO - DAG(s) 'example_sensors' retrieved from /home/airflow/.local/lib/python3.12/site-packages/airflow/example_dags/example_sensors.py
[2024-08-30T05:48:42.763+0000] {logging_mixin.py:190} INFO - [2024-08-30T05:48:42.763+0000] {dag.py:3211} INFO - Sync 1 DAGs
[2024-08-30T05:48:42.813+0000] {logging_mixin.py:190} INFO - [2024-08-30T05:48:42.812+0000] {dag.py:4138} INFO - Setting next_dagrun for example_sensors to None, run_after=None
[2024-08-30T05:48:42.861+0000] {processor.py:208} INFO - Processing /home/airflow/.local/lib/python3.12/site-packages/airflow/example_dags/example_sensors.py took 0.238 seconds
[2024-08-30T05:49:33.586+0000] {processor.py:186} INFO - Started process (PID=213) to work on /home/airflow/.local/lib/python3.12/site-packages/airflow/example_dags/example_sensors.py
[2024-08-30T05:49:33.588+0000] {processor.py:914} INFO - Processing file /home/airflow/.local/lib/python3.12/site-packages/airflow/example_dags/example_sensors.py for tasks to queue
[2024-08-30T05:49:33.592+0000] {logging_mixin.py:190} INFO - [2024-08-30T05:49:33.591+0000] {dagbag.py:587} INFO - Filling up the DagBag from /home/airflow/.local/lib/python3.12/site-packages/airflow/example_dags/example_sensors.py
[2024-08-30T05:49:33.610+0000] {processor.py:925} INFO - DAG(s) 'example_sensors' retrieved from /home/airflow/.local/lib/python3.12/site-packages/airflow/example_dags/example_sensors.py
[2024-08-30T05:49:33.668+0000] {logging_mixin.py:190} INFO - [2024-08-30T05:49:33.668+0000] {dag.py:3211} INFO - Sync 1 DAGs
[2024-08-30T05:49:33.695+0000] {logging_mixin.py:190} INFO - [2024-08-30T05:49:33.694+0000] {dag.py:4138} INFO - Setting next_dagrun for example_sensors to None, run_after=None
[2024-08-30T05:49:33.727+0000] {processor.py:208} INFO - Processing /home/airflow/.local/lib/python3.12/site-packages/airflow/example_dags/example_sensors.py took 0.150 seconds
[2024-08-30T05:50:04.694+0000] {processor.py:186} INFO - Started process (PID=275) to work on /home/airflow/.local/lib/python3.12/site-packages/airflow/example_dags/example_sensors.py
[2024-08-30T05:50:04.696+0000] {processor.py:914} INFO - Processing file /home/airflow/.local/lib/python3.12/site-packages/airflow/example_dags/example_sensors.py for tasks to queue
[2024-08-30T05:50:04.707+0000] {logging_mixin.py:190} INFO - [2024-08-30T05:50:04.706+0000] {dagbag.py:587} INFO - Filling up the DagBag from /home/airflow/.local/lib/python3.12/site-packages/airflow/example_dags/example_sensors.py
[2024-08-30T05:50:04.731+0000] {processor.py:925} INFO - DAG(s) 'example_sensors' retrieved from /home/airflow/.local/lib/python3.12/site-packages/airflow/example_dags/example_sensors.py
[2024-08-30T05:50:04.792+0000] {logging_mixin.py:190} INFO - [2024-08-30T05:50:04.792+0000] {dag.py:3211} INFO - Sync 1 DAGs
[2024-08-30T05:50:04.827+0000] {logging_mixin.py:190} INFO - [2024-08-30T05:50:04.827+0000] {dag.py:4138} INFO - Setting next_dagrun for example_sensors to None, run_after=None
[2024-08-30T05:50:04.866+0000] {processor.py:208} INFO - Processing /home/airflow/.local/lib/python3.12/site-packages/airflow/example_dags/example_sensors.py took 0.184 seconds
[2024-08-30T05:50:35.456+0000] {processor.py:186} INFO - Started process (PID=337) to work on /home/airflow/.local/lib/python3.12/site-packages/airflow/example_dags/example_sensors.py
[2024-08-30T05:50:35.457+0000] {processor.py:914} INFO - Processing file /home/airflow/.local/lib/python3.12/site-packages/airflow/example_dags/example_sensors.py for tasks to queue
[2024-08-30T05:50:35.462+0000] {logging_mixin.py:190} INFO - [2024-08-30T05:50:35.461+0000] {dagbag.py:587} INFO - Filling up the DagBag from /home/airflow/.local/lib/python3.12/site-packages/airflow/example_dags/example_sensors.py
[2024-08-30T05:50:35.479+0000] {processor.py:925} INFO - DAG(s) 'example_sensors' retrieved from /home/airflow/.local/lib/python3.12/site-packages/airflow/example_dags/example_sensors.py
[2024-08-30T05:50:35.550+0000] {logging_mixin.py:190} INFO - [2024-08-30T05:50:35.550+0000] {dag.py:3211} INFO - Sync 1 DAGs
[2024-08-30T05:50:35.597+0000] {logging_mixin.py:190} INFO - [2024-08-30T05:50:35.596+0000] {dag.py:4138} INFO - Setting next_dagrun for example_sensors to None, run_after=None
[2024-08-30T05:50:35.646+0000] {processor.py:208} INFO - Processing /home/airflow/.local/lib/python3.12/site-packages/airflow/example_dags/example_sensors.py took 0.203 seconds
[2024-08-30T05:51:05.981+0000] {processor.py:186} INFO - Started process (PID=399) to work on /home/airflow/.local/lib/python3.12/site-packages/airflow/example_dags/example_sensors.py
[2024-08-30T05:51:05.983+0000] {processor.py:914} INFO - Processing file /home/airflow/.local/lib/python3.12/site-packages/airflow/example_dags/example_sensors.py for tasks to queue
[2024-08-30T05:51:05.985+0000] {logging_mixin.py:190} INFO - [2024-08-30T05:51:05.985+0000] {dagbag.py:587} INFO - Filling up the DagBag from /home/airflow/.local/lib/python3.12/site-packages/airflow/example_dags/example_sensors.py
[2024-08-30T05:51:05.997+0000] {processor.py:925} INFO - DAG(s) 'example_sensors' retrieved from /home/airflow/.local/lib/python3.12/site-packages/airflow/example_dags/example_sensors.py
[2024-08-30T05:51:06.028+0000] {logging_mixin.py:190} INFO - [2024-08-30T05:51:06.028+0000] {dag.py:3211} INFO - Sync 1 DAGs
[2024-08-30T05:51:06.043+0000] {logging_mixin.py:190} INFO - [2024-08-30T05:51:06.043+0000] {dag.py:4138} INFO - Setting next_dagrun for example_sensors to None, run_after=None
[2024-08-30T05:51:06.071+0000] {processor.py:208} INFO - Processing /home/airflow/.local/lib/python3.12/site-packages/airflow/example_dags/example_sensors.py took 0.095 seconds
[2024-08-30T05:51:36.360+0000] {processor.py:186} INFO - Started process (PID=461) to work on /home/airflow/.local/lib/python3.12/site-packages/airflow/example_dags/example_sensors.py
[2024-08-30T05:51:36.361+0000] {processor.py:914} INFO - Processing file /home/airflow/.local/lib/python3.12/site-packages/airflow/example_dags/example_sensors.py for tasks to queue
[2024-08-30T05:51:36.364+0000] {logging_mixin.py:190} INFO - [2024-08-30T05:51:36.364+0000] {dagbag.py:587} INFO - Filling up the DagBag from /home/airflow/.local/lib/python3.12/site-packages/airflow/example_dags/example_sensors.py
[2024-08-30T05:51:36.376+0000] {processor.py:925} INFO - DAG(s) 'example_sensors' retrieved from /home/airflow/.local/lib/python3.12/site-packages/airflow/example_dags/example_sensors.py
[2024-08-30T05:51:36.402+0000] {logging_mixin.py:190} INFO - [2024-08-30T05:51:36.402+0000] {dag.py:3211} INFO - Sync 1 DAGs
[2024-08-30T05:51:36.417+0000] {logging_mixin.py:190} INFO - [2024-08-30T05:51:36.417+0000] {dag.py:4138} INFO - Setting next_dagrun for example_sensors to None, run_after=None
[2024-08-30T05:51:36.436+0000] {processor.py:208} INFO - Processing /home/airflow/.local/lib/python3.12/site-packages/airflow/example_dags/example_sensors.py took 0.082 seconds
[2024-08-30T05:52:20.376+0000] {processor.py:186} INFO - Started process (PID=542) to work on /home/airflow/.local/lib/python3.12/site-packages/airflow/example_dags/example_sensors.py
[2024-08-30T05:52:20.377+0000] {processor.py:914} INFO - Processing file /home/airflow/.local/lib/python3.12/site-packages/airflow/example_dags/example_sensors.py for tasks to queue
[2024-08-30T05:52:20.380+0000] {logging_mixin.py:190} INFO - [2024-08-30T05:52:20.380+0000] {dagbag.py:587} INFO - Filling up the DagBag from /home/airflow/.local/lib/python3.12/site-packages/airflow/example_dags/example_sensors.py
[2024-08-30T05:52:20.394+0000] {processor.py:925} INFO - DAG(s) 'example_sensors' retrieved from /home/airflow/.local/lib/python3.12/site-packages/airflow/example_dags/example_sensors.py
[2024-08-30T05:52:20.426+0000] {logging_mixin.py:190} INFO - [2024-08-30T05:52:20.426+0000] {dag.py:3211} INFO - Sync 1 DAGs
[2024-08-30T05:52:20.442+0000] {logging_mixin.py:190} INFO - [2024-08-30T05:52:20.442+0000] {dag.py:4138} INFO - Setting next_dagrun for example_sensors to None, run_after=None
[2024-08-30T05:52:20.465+0000] {processor.py:208} INFO - Processing /home/airflow/.local/lib/python3.12/site-packages/airflow/example_dags/example_sensors.py took 0.096 seconds
[2024-08-30T05:52:51.032+0000] {processor.py:186} INFO - Started process (PID=604) to work on /home/airflow/.local/lib/python3.12/site-packages/airflow/example_dags/example_sensors.py
[2024-08-30T05:52:51.033+0000] {processor.py:914} INFO - Processing file /home/airflow/.local/lib/python3.12/site-packages/airflow/example_dags/example_sensors.py for tasks to queue
[2024-08-30T05:52:51.035+0000] {logging_mixin.py:190} INFO - [2024-08-30T05:52:51.035+0000] {dagbag.py:587} INFO - Filling up the DagBag from /home/airflow/.local/lib/python3.12/site-packages/airflow/example_dags/example_sensors.py
[2024-08-30T05:52:51.048+0000] {processor.py:925} INFO - DAG(s) 'example_sensors' retrieved from /home/airflow/.local/lib/python3.12/site-packages/airflow/example_dags/example_sensors.py
[2024-08-30T05:52:51.077+0000] {logging_mixin.py:190} INFO - [2024-08-30T05:52:51.077+0000] {dag.py:3211} INFO - Sync 1 DAGs
[2024-08-30T05:52:51.092+0000] {logging_mixin.py:190} INFO - [2024-08-30T05:52:51.092+0000] {dag.py:4138} INFO - Setting next_dagrun for example_sensors to None, run_after=None
[2024-08-30T05:52:51.112+0000] {processor.py:208} INFO - Processing /home/airflow/.local/lib/python3.12/site-packages/airflow/example_dags/example_sensors.py took 0.086 seconds
[2024-08-30T05:53:22.201+0000] {processor.py:186} INFO - Started process (PID=666) to work on /home/airflow/.local/lib/python3.12/site-packages/airflow/example_dags/example_sensors.py
[2024-08-30T05:53:22.202+0000] {processor.py:914} INFO - Processing file /home/airflow/.local/lib/python3.12/site-packages/airflow/example_dags/example_sensors.py for tasks to queue
[2024-08-30T05:53:22.204+0000] {logging_mixin.py:190} INFO - [2024-08-30T05:53:22.204+0000] {dagbag.py:587} INFO - Filling up the DagBag from /home/airflow/.local/lib/python3.12/site-packages/airflow/example_dags/example_sensors.py
[2024-08-30T05:53:22.219+0000] {processor.py:925} INFO - DAG(s) 'example_sensors' retrieved from /home/airflow/.local/lib/python3.12/site-packages/airflow/example_dags/example_sensors.py
[2024-08-30T05:53:22.248+0000] {logging_mixin.py:190} INFO - [2024-08-30T05:53:22.248+0000] {dag.py:3211} INFO - Sync 1 DAGs
[2024-08-30T05:53:22.269+0000] {logging_mixin.py:190} INFO - [2024-08-30T05:53:22.268+0000] {dag.py:4138} INFO - Setting next_dagrun for example_sensors to None, run_after=None
[2024-08-30T05:53:22.299+0000] {processor.py:208} INFO - Processing /home/airflow/.local/lib/python3.12/site-packages/airflow/example_dags/example_sensors.py took 0.104 seconds
[2024-08-30T05:53:52.435+0000] {processor.py:186} INFO - Started process (PID=728) to work on /home/airflow/.local/lib/python3.12/site-packages/airflow/example_dags/example_sensors.py
[2024-08-30T05:53:52.436+0000] {processor.py:914} INFO - Processing file /home/airflow/.local/lib/python3.12/site-packages/airflow/example_dags/example_sensors.py for tasks to queue
[2024-08-30T05:53:52.438+0000] {logging_mixin.py:190} INFO - [2024-08-30T05:53:52.438+0000] {dagbag.py:587} INFO - Filling up the DagBag from /home/airflow/.local/lib/python3.12/site-packages/airflow/example_dags/example_sensors.py
[2024-08-30T05:53:52.449+0000] {processor.py:925} INFO - DAG(s) 'example_sensors' retrieved from /home/airflow/.local/lib/python3.12/site-packages/airflow/example_dags/example_sensors.py
[2024-08-30T05:53:52.475+0000] {logging_mixin.py:190} INFO - [2024-08-30T05:53:52.474+0000] {dag.py:3211} INFO - Sync 1 DAGs
[2024-08-30T05:53:52.490+0000] {logging_mixin.py:190} INFO - [2024-08-30T05:53:52.489+0000] {dag.py:4138} INFO - Setting next_dagrun for example_sensors to None, run_after=None
[2024-08-30T05:53:52.508+0000] {processor.py:208} INFO - Processing /home/airflow/.local/lib/python3.12/site-packages/airflow/example_dags/example_sensors.py took 0.078 seconds
[2024-08-30T05:54:22.871+0000] {processor.py:186} INFO - Started process (PID=790) to work on /home/airflow/.local/lib/python3.12/site-packages/airflow/example_dags/example_sensors.py
[2024-08-30T05:54:22.872+0000] {processor.py:914} INFO - Processing file /home/airflow/.local/lib/python3.12/site-packages/airflow/example_dags/example_sensors.py for tasks to queue
[2024-08-30T05:54:22.875+0000] {logging_mixin.py:190} INFO - [2024-08-30T05:54:22.874+0000] {dagbag.py:587} INFO - Filling up the DagBag from /home/airflow/.local/lib/python3.12/site-packages/airflow/example_dags/example_sensors.py
[2024-08-30T05:54:22.886+0000] {processor.py:925} INFO - DAG(s) 'example_sensors' retrieved from /home/airflow/.local/lib/python3.12/site-packages/airflow/example_dags/example_sensors.py
[2024-08-30T05:54:22.912+0000] {logging_mixin.py:190} INFO - [2024-08-30T05:54:22.911+0000] {dag.py:3211} INFO - Sync 1 DAGs
[2024-08-30T05:54:22.926+0000] {logging_mixin.py:190} INFO - [2024-08-30T05:54:22.926+0000] {dag.py:4138} INFO - Setting next_dagrun for example_sensors to None, run_after=None
[2024-08-30T05:54:22.944+0000] {processor.py:208} INFO - Processing /home/airflow/.local/lib/python3.12/site-packages/airflow/example_dags/example_sensors.py took 0.079 seconds
[2024-08-30T05:54:53.205+0000] {processor.py:186} INFO - Started process (PID=852) to work on /home/airflow/.local/lib/python3.12/site-packages/airflow/example_dags/example_sensors.py
[2024-08-30T05:54:53.206+0000] {processor.py:914} INFO - Processing file /home/airflow/.local/lib/python3.12/site-packages/airflow/example_dags/example_sensors.py for tasks to queue
[2024-08-30T05:54:53.208+0000] {logging_mixin.py:190} INFO - [2024-08-30T05:54:53.208+0000] {dagbag.py:587} INFO - Filling up the DagBag from /home/airflow/.local/lib/python3.12/site-packages/airflow/example_dags/example_sensors.py
[2024-08-30T05:54:53.219+0000] {processor.py:925} INFO - DAG(s) 'example_sensors' retrieved from /home/airflow/.local/lib/python3.12/site-packages/airflow/example_dags/example_sensors.py
[2024-08-30T05:54:53.243+0000] {logging_mixin.py:190} INFO - [2024-08-30T05:54:53.243+0000] {dag.py:3211} INFO - Sync 1 DAGs
[2024-08-30T05:54:53.257+0000] {logging_mixin.py:190} INFO - [2024-08-30T05:54:53.257+0000] {dag.py:4138} INFO - Setting next_dagrun for example_sensors to None, run_after=None
[2024-08-30T05:54:53.277+0000] {processor.py:208} INFO - Processing /home/airflow/.local/lib/python3.12/site-packages/airflow/example_dags/example_sensors.py took 0.077 seconds
[2024-08-30T05:55:23.596+0000] {processor.py:186} INFO - Started process (PID=914) to work on /home/airflow/.local/lib/python3.12/site-packages/airflow/example_dags/example_sensors.py
[2024-08-30T05:55:23.597+0000] {processor.py:914} INFO - Processing file /home/airflow/.local/lib/python3.12/site-packages/airflow/example_dags/example_sensors.py for tasks to queue
[2024-08-30T05:55:23.600+0000] {logging_mixin.py:190} INFO - [2024-08-30T05:55:23.599+0000] {dagbag.py:587} INFO - Filling up the DagBag from /home/airflow/.local/lib/python3.12/site-packages/airflow/example_dags/example_sensors.py
[2024-08-30T05:55:23.615+0000] {processor.py:925} INFO - DAG(s) 'example_sensors' retrieved from /home/airflow/.local/lib/python3.12/site-packages/airflow/example_dags/example_sensors.py
[2024-08-30T05:55:23.643+0000] {logging_mixin.py:190} INFO - [2024-08-30T05:55:23.643+0000] {dag.py:3211} INFO - Sync 1 DAGs
[2024-08-30T05:55:23.659+0000] {logging_mixin.py:190} INFO - [2024-08-30T05:55:23.658+0000] {dag.py:4138} INFO - Setting next_dagrun for example_sensors to None, run_after=None
[2024-08-30T05:55:23.680+0000] {processor.py:208} INFO - Processing /home/airflow/.local/lib/python3.12/site-packages/airflow/example_dags/example_sensors.py took 0.092 seconds
[2024-08-30T05:56:01.335+0000] {processor.py:186} INFO - Started process (PID=976) to work on /home/airflow/.local/lib/python3.12/site-packages/airflow/example_dags/example_sensors.py
[2024-08-30T05:56:01.336+0000] {processor.py:914} INFO - Processing file /home/airflow/.local/lib/python3.12/site-packages/airflow/example_dags/example_sensors.py for tasks to queue
[2024-08-30T05:56:01.339+0000] {logging_mixin.py:190} INFO - [2024-08-30T05:56:01.339+0000] {dagbag.py:587} INFO - Filling up the DagBag from /home/airflow/.local/lib/python3.12/site-packages/airflow/example_dags/example_sensors.py
[2024-08-30T05:56:01.352+0000] {processor.py:925} INFO - DAG(s) 'example_sensors' retrieved from /home/airflow/.local/lib/python3.12/site-packages/airflow/example_dags/example_sensors.py
[2024-08-30T05:56:01.378+0000] {logging_mixin.py:190} INFO - [2024-08-30T05:56:01.378+0000] {dag.py:3211} INFO - Sync 1 DAGs
[2024-08-30T05:56:01.393+0000] {logging_mixin.py:190} INFO - [2024-08-30T05:56:01.392+0000] {dag.py:4138} INFO - Setting next_dagrun for example_sensors to None, run_after=None
[2024-08-30T05:56:01.412+0000] {processor.py:208} INFO - Processing /home/airflow/.local/lib/python3.12/site-packages/airflow/example_dags/example_sensors.py took 0.084 seconds
[2024-08-30T05:56:32.188+0000] {processor.py:186} INFO - Started process (PID=1038) to work on /home/airflow/.local/lib/python3.12/site-packages/airflow/example_dags/example_sensors.py
[2024-08-30T05:56:32.189+0000] {processor.py:914} INFO - Processing file /home/airflow/.local/lib/python3.12/site-packages/airflow/example_dags/example_sensors.py for tasks to queue
[2024-08-30T05:56:32.192+0000] {logging_mixin.py:190} INFO - [2024-08-30T05:56:32.191+0000] {dagbag.py:587} INFO - Filling up the DagBag from /home/airflow/.local/lib/python3.12/site-packages/airflow/example_dags/example_sensors.py
[2024-08-30T05:56:32.207+0000] {processor.py:925} INFO - DAG(s) 'example_sensors' retrieved from /home/airflow/.local/lib/python3.12/site-packages/airflow/example_dags/example_sensors.py
[2024-08-30T05:56:32.239+0000] {logging_mixin.py:190} INFO - [2024-08-30T05:56:32.238+0000] {dag.py:3211} INFO - Sync 1 DAGs
[2024-08-30T05:56:32.258+0000] {logging_mixin.py:190} INFO - [2024-08-30T05:56:32.258+0000] {dag.py:4138} INFO - Setting next_dagrun for example_sensors to None, run_after=None
[2024-08-30T05:56:32.281+0000] {processor.py:208} INFO - Processing /home/airflow/.local/lib/python3.12/site-packages/airflow/example_dags/example_sensors.py took 0.101 seconds
