[2024-08-30T05:48:05.742+0000] {processor.py:186} INFO - Started process (PID=52) to work on /home/airflow/.local/lib/python3.12/site-packages/airflow/example_dags/example_inlet_event_extra.py
[2024-08-30T05:48:05.743+0000] {processor.py:914} INFO - Processing file /home/airflow/.local/lib/python3.12/site-packages/airflow/example_dags/example_inlet_event_extra.py for tasks to queue
[2024-08-30T05:48:05.747+0000] {logging_mixin.py:190} INFO - [2024-08-30T05:48:05.746+0000] {dagbag.py:587} INFO - Filling up the DagBag from /home/airflow/.local/lib/python3.12/site-packages/airflow/example_dags/example_inlet_event_extra.py
[2024-08-30T05:48:06.075+0000] {processor.py:925} INFO - DAG(s) 'read_dataset_event', 'read_dataset_event_from_classic' retrieved from /home/airflow/.local/lib/python3.12/site-packages/airflow/example_dags/example_inlet_event_extra.py
[2024-08-30T05:48:06.229+0000] {logging_mixin.py:190} INFO - [2024-08-30T05:48:06.228+0000] {override.py:1858} INFO - Created Permission View: can delete on DAG:read_dataset_event
[2024-08-30T05:48:06.249+0000] {logging_mixin.py:190} INFO - [2024-08-30T05:48:06.248+0000] {override.py:1858} INFO - Created Permission View: can edit on DAG:read_dataset_event
[2024-08-30T05:48:06.263+0000] {logging_mixin.py:190} INFO - [2024-08-30T05:48:06.262+0000] {override.py:1858} INFO - Created Permission View: can read on DAG:read_dataset_event
[2024-08-30T05:48:06.302+0000] {logging_mixin.py:190} INFO - [2024-08-30T05:48:06.301+0000] {override.py:1858} INFO - Created Permission View: can delete on DAG:read_dataset_event_from_classic
[2024-08-30T05:48:06.314+0000] {logging_mixin.py:190} INFO - [2024-08-30T05:48:06.314+0000] {override.py:1858} INFO - Created Permission View: can edit on DAG:read_dataset_event_from_classic
[2024-08-30T05:48:06.326+0000] {logging_mixin.py:190} INFO - [2024-08-30T05:48:06.325+0000] {override.py:1858} INFO - Created Permission View: can read on DAG:read_dataset_event_from_classic
[2024-08-30T05:48:06.327+0000] {logging_mixin.py:190} INFO - [2024-08-30T05:48:06.327+0000] {dag.py:3211} INFO - Sync 2 DAGs
[2024-08-30T05:48:06.342+0000] {logging_mixin.py:190} INFO - [2024-08-30T05:48:06.342+0000] {dag.py:3234} INFO - Creating ORM DAG for read_dataset_event
[2024-08-30T05:48:06.344+0000] {logging_mixin.py:190} INFO - [2024-08-30T05:48:06.344+0000] {dag.py:3234} INFO - Creating ORM DAG for read_dataset_event_from_classic
[2024-08-30T05:48:06.357+0000] {logging_mixin.py:190} INFO - [2024-08-30T05:48:06.357+0000] {dag.py:4138} INFO - Setting next_dagrun for read_dataset_event to 2024-08-29 00:00:00+00:00, run_after=2024-08-30 00:00:00+00:00
[2024-08-30T05:48:06.360+0000] {logging_mixin.py:190} INFO - [2024-08-30T05:48:06.360+0000] {dag.py:4138} INFO - Setting next_dagrun for read_dataset_event_from_classic to 2024-08-29 00:00:00+00:00, run_after=2024-08-30 00:00:00+00:00
[2024-08-30T05:48:06.388+0000] {processor.py:208} INFO - Processing /home/airflow/.local/lib/python3.12/site-packages/airflow/example_dags/example_inlet_event_extra.py took 0.654 seconds
[2024-08-30T05:48:36.569+0000] {processor.py:186} INFO - Started process (PID=115) to work on /home/airflow/.local/lib/python3.12/site-packages/airflow/example_dags/example_inlet_event_extra.py
[2024-08-30T05:48:36.570+0000] {processor.py:914} INFO - Processing file /home/airflow/.local/lib/python3.12/site-packages/airflow/example_dags/example_inlet_event_extra.py for tasks to queue
[2024-08-30T05:48:36.579+0000] {logging_mixin.py:190} INFO - [2024-08-30T05:48:36.578+0000] {dagbag.py:587} INFO - Filling up the DagBag from /home/airflow/.local/lib/python3.12/site-packages/airflow/example_dags/example_inlet_event_extra.py
[2024-08-30T05:48:36.943+0000] {processor.py:925} INFO - DAG(s) 'read_dataset_event_from_classic', 'read_dataset_event' retrieved from /home/airflow/.local/lib/python3.12/site-packages/airflow/example_dags/example_inlet_event_extra.py
[2024-08-30T05:48:37.008+0000] {logging_mixin.py:190} INFO - [2024-08-30T05:48:37.006+0000] {dag.py:3211} INFO - Sync 2 DAGs
[2024-08-30T05:48:37.054+0000] {logging_mixin.py:190} INFO - [2024-08-30T05:48:37.053+0000] {dag.py:4138} INFO - Setting next_dagrun for read_dataset_event to 2024-08-29 00:00:00+00:00, run_after=2024-08-30 00:00:00+00:00
[2024-08-30T05:48:37.061+0000] {logging_mixin.py:190} INFO - [2024-08-30T05:48:37.060+0000] {dag.py:4138} INFO - Setting next_dagrun for read_dataset_event_from_classic to 2024-08-29 00:00:00+00:00, run_after=2024-08-30 00:00:00+00:00
[2024-08-30T05:48:37.083+0000] {processor.py:208} INFO - Processing /home/airflow/.local/lib/python3.12/site-packages/airflow/example_dags/example_inlet_event_extra.py took 0.522 seconds
[2024-08-30T05:49:08.394+0000] {processor.py:186} INFO - Started process (PID=178) to work on /home/airflow/.local/lib/python3.12/site-packages/airflow/example_dags/example_inlet_event_extra.py
[2024-08-30T05:49:08.398+0000] {processor.py:914} INFO - Processing file /home/airflow/.local/lib/python3.12/site-packages/airflow/example_dags/example_inlet_event_extra.py for tasks to queue
[2024-08-30T05:49:08.403+0000] {logging_mixin.py:190} INFO - [2024-08-30T05:49:08.402+0000] {dagbag.py:587} INFO - Filling up the DagBag from /home/airflow/.local/lib/python3.12/site-packages/airflow/example_dags/example_inlet_event_extra.py
[2024-08-30T05:49:08.921+0000] {processor.py:925} INFO - DAG(s) 'read_dataset_event_from_classic', 'read_dataset_event' retrieved from /home/airflow/.local/lib/python3.12/site-packages/airflow/example_dags/example_inlet_event_extra.py
[2024-08-30T05:49:09.014+0000] {logging_mixin.py:190} INFO - [2024-08-30T05:49:09.012+0000] {dag.py:3211} INFO - Sync 2 DAGs
[2024-08-30T05:49:09.365+0000] {logging_mixin.py:190} INFO - [2024-08-30T05:49:09.365+0000] {dag.py:4138} INFO - Setting next_dagrun for read_dataset_event to 2024-08-29 00:00:00+00:00, run_after=2024-08-30 00:00:00+00:00
[2024-08-30T05:49:09.376+0000] {logging_mixin.py:190} INFO - [2024-08-30T05:49:09.376+0000] {dag.py:4138} INFO - Setting next_dagrun for read_dataset_event_from_classic to 2024-08-29 00:00:00+00:00, run_after=2024-08-30 00:00:00+00:00
[2024-08-30T05:49:09.450+0000] {processor.py:208} INFO - Processing /home/airflow/.local/lib/python3.12/site-packages/airflow/example_dags/example_inlet_event_extra.py took 1.066 seconds
[2024-08-30T05:49:40.204+0000] {processor.py:186} INFO - Started process (PID=240) to work on /home/airflow/.local/lib/python3.12/site-packages/airflow/example_dags/example_inlet_event_extra.py
[2024-08-30T05:49:40.208+0000] {processor.py:914} INFO - Processing file /home/airflow/.local/lib/python3.12/site-packages/airflow/example_dags/example_inlet_event_extra.py for tasks to queue
[2024-08-30T05:49:40.212+0000] {logging_mixin.py:190} INFO - [2024-08-30T05:49:40.211+0000] {dagbag.py:587} INFO - Filling up the DagBag from /home/airflow/.local/lib/python3.12/site-packages/airflow/example_dags/example_inlet_event_extra.py
[2024-08-30T05:49:40.522+0000] {processor.py:925} INFO - DAG(s) 'read_dataset_event_from_classic', 'read_dataset_event' retrieved from /home/airflow/.local/lib/python3.12/site-packages/airflow/example_dags/example_inlet_event_extra.py
[2024-08-30T05:49:40.556+0000] {logging_mixin.py:190} INFO - [2024-08-30T05:49:40.555+0000] {dag.py:3211} INFO - Sync 2 DAGs
[2024-08-30T05:49:40.604+0000] {logging_mixin.py:190} INFO - [2024-08-30T05:49:40.604+0000] {dag.py:4138} INFO - Setting next_dagrun for read_dataset_event to 2024-08-29 00:00:00+00:00, run_after=2024-08-30 00:00:00+00:00
[2024-08-30T05:49:40.619+0000] {logging_mixin.py:190} INFO - [2024-08-30T05:49:40.618+0000] {dag.py:4138} INFO - Setting next_dagrun for read_dataset_event_from_classic to 2024-08-29 00:00:00+00:00, run_after=2024-08-30 00:00:00+00:00
[2024-08-30T05:49:40.645+0000] {processor.py:208} INFO - Processing /home/airflow/.local/lib/python3.12/site-packages/airflow/example_dags/example_inlet_event_extra.py took 0.450 seconds
[2024-08-30T05:50:11.000+0000] {processor.py:186} INFO - Started process (PID=302) to work on /home/airflow/.local/lib/python3.12/site-packages/airflow/example_dags/example_inlet_event_extra.py
[2024-08-30T05:50:11.003+0000] {processor.py:914} INFO - Processing file /home/airflow/.local/lib/python3.12/site-packages/airflow/example_dags/example_inlet_event_extra.py for tasks to queue
[2024-08-30T05:50:11.008+0000] {logging_mixin.py:190} INFO - [2024-08-30T05:50:11.008+0000] {dagbag.py:587} INFO - Filling up the DagBag from /home/airflow/.local/lib/python3.12/site-packages/airflow/example_dags/example_inlet_event_extra.py
[2024-08-30T05:50:11.269+0000] {processor.py:925} INFO - DAG(s) 'read_dataset_event_from_classic', 'read_dataset_event' retrieved from /home/airflow/.local/lib/python3.12/site-packages/airflow/example_dags/example_inlet_event_extra.py
[2024-08-30T05:50:11.301+0000] {logging_mixin.py:190} INFO - [2024-08-30T05:50:11.301+0000] {dag.py:3211} INFO - Sync 2 DAGs
[2024-08-30T05:50:11.352+0000] {logging_mixin.py:190} INFO - [2024-08-30T05:50:11.352+0000] {dag.py:4138} INFO - Setting next_dagrun for read_dataset_event to 2024-08-29 00:00:00+00:00, run_after=2024-08-30 00:00:00+00:00
[2024-08-30T05:50:11.361+0000] {logging_mixin.py:190} INFO - [2024-08-30T05:50:11.360+0000] {dag.py:4138} INFO - Setting next_dagrun for read_dataset_event_from_classic to 2024-08-29 00:00:00+00:00, run_after=2024-08-30 00:00:00+00:00
[2024-08-30T05:50:11.392+0000] {processor.py:208} INFO - Processing /home/airflow/.local/lib/python3.12/site-packages/airflow/example_dags/example_inlet_event_extra.py took 0.414 seconds
[2024-08-30T05:50:43.050+0000] {processor.py:186} INFO - Started process (PID=363) to work on /home/airflow/.local/lib/python3.12/site-packages/airflow/example_dags/example_inlet_event_extra.py
[2024-08-30T05:50:43.063+0000] {processor.py:914} INFO - Processing file /home/airflow/.local/lib/python3.12/site-packages/airflow/example_dags/example_inlet_event_extra.py for tasks to queue
[2024-08-30T05:50:43.066+0000] {logging_mixin.py:190} INFO - [2024-08-30T05:50:43.065+0000] {dagbag.py:587} INFO - Filling up the DagBag from /home/airflow/.local/lib/python3.12/site-packages/airflow/example_dags/example_inlet_event_extra.py
[2024-08-30T05:50:43.264+0000] {processor.py:925} INFO - DAG(s) 'read_dataset_event', 'read_dataset_event_from_classic' retrieved from /home/airflow/.local/lib/python3.12/site-packages/airflow/example_dags/example_inlet_event_extra.py
[2024-08-30T05:50:43.297+0000] {logging_mixin.py:190} INFO - [2024-08-30T05:50:43.297+0000] {dag.py:3211} INFO - Sync 2 DAGs
[2024-08-30T05:50:43.338+0000] {logging_mixin.py:190} INFO - [2024-08-30T05:50:43.338+0000] {dag.py:4138} INFO - Setting next_dagrun for read_dataset_event to 2024-08-29 00:00:00+00:00, run_after=2024-08-30 00:00:00+00:00
[2024-08-30T05:50:43.347+0000] {logging_mixin.py:190} INFO - [2024-08-30T05:50:43.347+0000] {dag.py:4138} INFO - Setting next_dagrun for read_dataset_event_from_classic to 2024-08-29 00:00:00+00:00, run_after=2024-08-30 00:00:00+00:00
[2024-08-30T05:50:43.374+0000] {processor.py:208} INFO - Processing /home/airflow/.local/lib/python3.12/site-packages/airflow/example_dags/example_inlet_event_extra.py took 0.330 seconds
[2024-08-30T05:51:13.718+0000] {processor.py:186} INFO - Started process (PID=426) to work on /home/airflow/.local/lib/python3.12/site-packages/airflow/example_dags/example_inlet_event_extra.py
[2024-08-30T05:51:13.720+0000] {processor.py:914} INFO - Processing file /home/airflow/.local/lib/python3.12/site-packages/airflow/example_dags/example_inlet_event_extra.py for tasks to queue
[2024-08-30T05:51:13.725+0000] {logging_mixin.py:190} INFO - [2024-08-30T05:51:13.724+0000] {dagbag.py:587} INFO - Filling up the DagBag from /home/airflow/.local/lib/python3.12/site-packages/airflow/example_dags/example_inlet_event_extra.py
[2024-08-30T05:51:14.024+0000] {processor.py:925} INFO - DAG(s) 'read_dataset_event', 'read_dataset_event_from_classic' retrieved from /home/airflow/.local/lib/python3.12/site-packages/airflow/example_dags/example_inlet_event_extra.py
[2024-08-30T05:51:14.054+0000] {logging_mixin.py:190} INFO - [2024-08-30T05:51:14.053+0000] {dag.py:3211} INFO - Sync 2 DAGs
[2024-08-30T05:51:14.097+0000] {logging_mixin.py:190} INFO - [2024-08-30T05:51:14.097+0000] {dag.py:4138} INFO - Setting next_dagrun for read_dataset_event to 2024-08-29 00:00:00+00:00, run_after=2024-08-30 00:00:00+00:00
[2024-08-30T05:51:14.107+0000] {logging_mixin.py:190} INFO - [2024-08-30T05:51:14.107+0000] {dag.py:4138} INFO - Setting next_dagrun for read_dataset_event_from_classic to 2024-08-29 00:00:00+00:00, run_after=2024-08-30 00:00:00+00:00
[2024-08-30T05:51:14.163+0000] {processor.py:208} INFO - Processing /home/airflow/.local/lib/python3.12/site-packages/airflow/example_dags/example_inlet_event_extra.py took 0.455 seconds
[2024-08-30T05:51:44.244+0000] {processor.py:186} INFO - Started process (PID=489) to work on /home/airflow/.local/lib/python3.12/site-packages/airflow/example_dags/example_inlet_event_extra.py
[2024-08-30T05:51:44.245+0000] {processor.py:914} INFO - Processing file /home/airflow/.local/lib/python3.12/site-packages/airflow/example_dags/example_inlet_event_extra.py for tasks to queue
[2024-08-30T05:51:44.248+0000] {logging_mixin.py:190} INFO - [2024-08-30T05:51:44.248+0000] {dagbag.py:587} INFO - Filling up the DagBag from /home/airflow/.local/lib/python3.12/site-packages/airflow/example_dags/example_inlet_event_extra.py
[2024-08-30T05:51:44.526+0000] {processor.py:925} INFO - DAG(s) 'read_dataset_event', 'read_dataset_event_from_classic' retrieved from /home/airflow/.local/lib/python3.12/site-packages/airflow/example_dags/example_inlet_event_extra.py
[2024-08-30T05:51:44.552+0000] {logging_mixin.py:190} INFO - [2024-08-30T05:51:44.552+0000] {dag.py:3211} INFO - Sync 2 DAGs
[2024-08-30T05:51:44.581+0000] {logging_mixin.py:190} INFO - [2024-08-30T05:51:44.581+0000] {dag.py:4138} INFO - Setting next_dagrun for read_dataset_event to 2024-08-29 00:00:00+00:00, run_after=2024-08-30 00:00:00+00:00
[2024-08-30T05:51:44.587+0000] {logging_mixin.py:190} INFO - [2024-08-30T05:51:44.587+0000] {dag.py:4138} INFO - Setting next_dagrun for read_dataset_event_from_classic to 2024-08-29 00:00:00+00:00, run_after=2024-08-30 00:00:00+00:00
[2024-08-30T05:51:44.606+0000] {processor.py:208} INFO - Processing /home/airflow/.local/lib/python3.12/site-packages/airflow/example_dags/example_inlet_event_extra.py took 0.370 seconds
[2024-08-30T05:52:16.891+0000] {processor.py:186} INFO - Started process (PID=515) to work on /home/airflow/.local/lib/python3.12/site-packages/airflow/example_dags/example_inlet_event_extra.py
[2024-08-30T05:52:16.892+0000] {processor.py:914} INFO - Processing file /home/airflow/.local/lib/python3.12/site-packages/airflow/example_dags/example_inlet_event_extra.py for tasks to queue
[2024-08-30T05:52:16.897+0000] {logging_mixin.py:190} INFO - [2024-08-30T05:52:16.897+0000] {dagbag.py:587} INFO - Filling up the DagBag from /home/airflow/.local/lib/python3.12/site-packages/airflow/example_dags/example_inlet_event_extra.py
[2024-08-30T05:52:17.191+0000] {processor.py:925} INFO - DAG(s) 'read_dataset_event_from_classic', 'read_dataset_event' retrieved from /home/airflow/.local/lib/python3.12/site-packages/airflow/example_dags/example_inlet_event_extra.py
[2024-08-30T05:52:17.230+0000] {logging_mixin.py:190} INFO - [2024-08-30T05:52:17.229+0000] {dag.py:3211} INFO - Sync 2 DAGs
[2024-08-30T05:52:17.277+0000] {logging_mixin.py:190} INFO - [2024-08-30T05:52:17.276+0000] {dag.py:4138} INFO - Setting next_dagrun for read_dataset_event to 2024-08-29 00:00:00+00:00, run_after=2024-08-30 00:00:00+00:00
[2024-08-30T05:52:17.284+0000] {logging_mixin.py:190} INFO - [2024-08-30T05:52:17.284+0000] {dag.py:4138} INFO - Setting next_dagrun for read_dataset_event_from_classic to 2024-08-29 00:00:00+00:00, run_after=2024-08-30 00:00:00+00:00
[2024-08-30T05:52:17.312+0000] {processor.py:208} INFO - Processing /home/airflow/.local/lib/python3.12/site-packages/airflow/example_dags/example_inlet_event_extra.py took 0.430 seconds
[2024-08-30T05:52:47.509+0000] {processor.py:186} INFO - Started process (PID=577) to work on /home/airflow/.local/lib/python3.12/site-packages/airflow/example_dags/example_inlet_event_extra.py
[2024-08-30T05:52:47.510+0000] {processor.py:914} INFO - Processing file /home/airflow/.local/lib/python3.12/site-packages/airflow/example_dags/example_inlet_event_extra.py for tasks to queue
[2024-08-30T05:52:47.513+0000] {logging_mixin.py:190} INFO - [2024-08-30T05:52:47.513+0000] {dagbag.py:587} INFO - Filling up the DagBag from /home/airflow/.local/lib/python3.12/site-packages/airflow/example_dags/example_inlet_event_extra.py
[2024-08-30T05:52:47.726+0000] {processor.py:925} INFO - DAG(s) 'read_dataset_event_from_classic', 'read_dataset_event' retrieved from /home/airflow/.local/lib/python3.12/site-packages/airflow/example_dags/example_inlet_event_extra.py
[2024-08-30T05:52:47.753+0000] {logging_mixin.py:190} INFO - [2024-08-30T05:52:47.753+0000] {dag.py:3211} INFO - Sync 2 DAGs
[2024-08-30T05:52:47.802+0000] {logging_mixin.py:190} INFO - [2024-08-30T05:52:47.801+0000] {dag.py:4138} INFO - Setting next_dagrun for read_dataset_event to 2024-08-29 00:00:00+00:00, run_after=2024-08-30 00:00:00+00:00
[2024-08-30T05:52:47.809+0000] {logging_mixin.py:190} INFO - [2024-08-30T05:52:47.809+0000] {dag.py:4138} INFO - Setting next_dagrun for read_dataset_event_from_classic to 2024-08-29 00:00:00+00:00, run_after=2024-08-30 00:00:00+00:00
[2024-08-30T05:52:47.836+0000] {processor.py:208} INFO - Processing /home/airflow/.local/lib/python3.12/site-packages/airflow/example_dags/example_inlet_event_extra.py took 0.333 seconds
[2024-08-30T05:53:18.070+0000] {processor.py:186} INFO - Started process (PID=640) to work on /home/airflow/.local/lib/python3.12/site-packages/airflow/example_dags/example_inlet_event_extra.py
[2024-08-30T05:53:18.071+0000] {processor.py:914} INFO - Processing file /home/airflow/.local/lib/python3.12/site-packages/airflow/example_dags/example_inlet_event_extra.py for tasks to queue
[2024-08-30T05:53:18.074+0000] {logging_mixin.py:190} INFO - [2024-08-30T05:53:18.074+0000] {dagbag.py:587} INFO - Filling up the DagBag from /home/airflow/.local/lib/python3.12/site-packages/airflow/example_dags/example_inlet_event_extra.py
[2024-08-30T05:53:18.225+0000] {processor.py:925} INFO - DAG(s) 'read_dataset_event_from_classic', 'read_dataset_event' retrieved from /home/airflow/.local/lib/python3.12/site-packages/airflow/example_dags/example_inlet_event_extra.py
[2024-08-30T05:53:18.250+0000] {logging_mixin.py:190} INFO - [2024-08-30T05:53:18.249+0000] {dag.py:3211} INFO - Sync 2 DAGs
[2024-08-30T05:53:18.279+0000] {logging_mixin.py:190} INFO - [2024-08-30T05:53:18.278+0000] {dag.py:4138} INFO - Setting next_dagrun for read_dataset_event to 2024-08-29 00:00:00+00:00, run_after=2024-08-30 00:00:00+00:00
[2024-08-30T05:53:18.284+0000] {logging_mixin.py:190} INFO - [2024-08-30T05:53:18.284+0000] {dag.py:4138} INFO - Setting next_dagrun for read_dataset_event_from_classic to 2024-08-29 00:00:00+00:00, run_after=2024-08-30 00:00:00+00:00
[2024-08-30T05:53:18.301+0000] {processor.py:208} INFO - Processing /home/airflow/.local/lib/python3.12/site-packages/airflow/example_dags/example_inlet_event_extra.py took 0.236 seconds
[2024-08-30T05:53:49.396+0000] {processor.py:186} INFO - Started process (PID=702) to work on /home/airflow/.local/lib/python3.12/site-packages/airflow/example_dags/example_inlet_event_extra.py
[2024-08-30T05:53:49.398+0000] {processor.py:914} INFO - Processing file /home/airflow/.local/lib/python3.12/site-packages/airflow/example_dags/example_inlet_event_extra.py for tasks to queue
[2024-08-30T05:53:49.401+0000] {logging_mixin.py:190} INFO - [2024-08-30T05:53:49.401+0000] {dagbag.py:587} INFO - Filling up the DagBag from /home/airflow/.local/lib/python3.12/site-packages/airflow/example_dags/example_inlet_event_extra.py
[2024-08-30T05:53:49.551+0000] {processor.py:925} INFO - DAG(s) 'read_dataset_event_from_classic', 'read_dataset_event' retrieved from /home/airflow/.local/lib/python3.12/site-packages/airflow/example_dags/example_inlet_event_extra.py
[2024-08-30T05:53:49.576+0000] {logging_mixin.py:190} INFO - [2024-08-30T05:53:49.575+0000] {dag.py:3211} INFO - Sync 2 DAGs
[2024-08-30T05:53:49.603+0000] {logging_mixin.py:190} INFO - [2024-08-30T05:53:49.603+0000] {dag.py:4138} INFO - Setting next_dagrun for read_dataset_event to 2024-08-29 00:00:00+00:00, run_after=2024-08-30 00:00:00+00:00
[2024-08-30T05:53:49.608+0000] {logging_mixin.py:190} INFO - [2024-08-30T05:53:49.608+0000] {dag.py:4138} INFO - Setting next_dagrun for read_dataset_event_from_classic to 2024-08-29 00:00:00+00:00, run_after=2024-08-30 00:00:00+00:00
[2024-08-30T05:53:49.625+0000] {processor.py:208} INFO - Processing /home/airflow/.local/lib/python3.12/site-packages/airflow/example_dags/example_inlet_event_extra.py took 0.236 seconds
[2024-08-30T05:54:19.921+0000] {processor.py:186} INFO - Started process (PID=765) to work on /home/airflow/.local/lib/python3.12/site-packages/airflow/example_dags/example_inlet_event_extra.py
[2024-08-30T05:54:19.922+0000] {processor.py:914} INFO - Processing file /home/airflow/.local/lib/python3.12/site-packages/airflow/example_dags/example_inlet_event_extra.py for tasks to queue
[2024-08-30T05:54:19.925+0000] {logging_mixin.py:190} INFO - [2024-08-30T05:54:19.925+0000] {dagbag.py:587} INFO - Filling up the DagBag from /home/airflow/.local/lib/python3.12/site-packages/airflow/example_dags/example_inlet_event_extra.py
[2024-08-30T05:54:20.079+0000] {processor.py:925} INFO - DAG(s) 'read_dataset_event_from_classic', 'read_dataset_event' retrieved from /home/airflow/.local/lib/python3.12/site-packages/airflow/example_dags/example_inlet_event_extra.py
[2024-08-30T05:54:20.102+0000] {logging_mixin.py:190} INFO - [2024-08-30T05:54:20.101+0000] {dag.py:3211} INFO - Sync 2 DAGs
[2024-08-30T05:54:20.128+0000] {logging_mixin.py:190} INFO - [2024-08-30T05:54:20.127+0000] {dag.py:4138} INFO - Setting next_dagrun for read_dataset_event to 2024-08-29 00:00:00+00:00, run_after=2024-08-30 00:00:00+00:00
[2024-08-30T05:54:20.132+0000] {logging_mixin.py:190} INFO - [2024-08-30T05:54:20.132+0000] {dag.py:4138} INFO - Setting next_dagrun for read_dataset_event_from_classic to 2024-08-29 00:00:00+00:00, run_after=2024-08-30 00:00:00+00:00
[2024-08-30T05:54:20.149+0000] {processor.py:208} INFO - Processing /home/airflow/.local/lib/python3.12/site-packages/airflow/example_dags/example_inlet_event_extra.py took 0.234 seconds
[2024-08-30T05:54:50.316+0000] {processor.py:186} INFO - Started process (PID=828) to work on /home/airflow/.local/lib/python3.12/site-packages/airflow/example_dags/example_inlet_event_extra.py
[2024-08-30T05:54:50.317+0000] {processor.py:914} INFO - Processing file /home/airflow/.local/lib/python3.12/site-packages/airflow/example_dags/example_inlet_event_extra.py for tasks to queue
[2024-08-30T05:54:50.319+0000] {logging_mixin.py:190} INFO - [2024-08-30T05:54:50.319+0000] {dagbag.py:587} INFO - Filling up the DagBag from /home/airflow/.local/lib/python3.12/site-packages/airflow/example_dags/example_inlet_event_extra.py
[2024-08-30T05:54:50.467+0000] {processor.py:925} INFO - DAG(s) 'read_dataset_event', 'read_dataset_event_from_classic' retrieved from /home/airflow/.local/lib/python3.12/site-packages/airflow/example_dags/example_inlet_event_extra.py
[2024-08-30T05:54:50.488+0000] {logging_mixin.py:190} INFO - [2024-08-30T05:54:50.488+0000] {dag.py:3211} INFO - Sync 2 DAGs
[2024-08-30T05:54:50.519+0000] {logging_mixin.py:190} INFO - [2024-08-30T05:54:50.518+0000] {dag.py:4138} INFO - Setting next_dagrun for read_dataset_event to 2024-08-29 00:00:00+00:00, run_after=2024-08-30 00:00:00+00:00
[2024-08-30T05:54:50.525+0000] {logging_mixin.py:190} INFO - [2024-08-30T05:54:50.525+0000] {dag.py:4138} INFO - Setting next_dagrun for read_dataset_event_from_classic to 2024-08-29 00:00:00+00:00, run_after=2024-08-30 00:00:00+00:00
[2024-08-30T05:54:50.546+0000] {processor.py:208} INFO - Processing /home/airflow/.local/lib/python3.12/site-packages/airflow/example_dags/example_inlet_event_extra.py took 0.237 seconds
[2024-08-30T05:55:20.723+0000] {processor.py:186} INFO - Started process (PID=891) to work on /home/airflow/.local/lib/python3.12/site-packages/airflow/example_dags/example_inlet_event_extra.py
[2024-08-30T05:55:20.724+0000] {processor.py:914} INFO - Processing file /home/airflow/.local/lib/python3.12/site-packages/airflow/example_dags/example_inlet_event_extra.py for tasks to queue
[2024-08-30T05:55:20.729+0000] {logging_mixin.py:190} INFO - [2024-08-30T05:55:20.728+0000] {dagbag.py:587} INFO - Filling up the DagBag from /home/airflow/.local/lib/python3.12/site-packages/airflow/example_dags/example_inlet_event_extra.py
[2024-08-30T05:55:20.890+0000] {processor.py:925} INFO - DAG(s) 'read_dataset_event', 'read_dataset_event_from_classic' retrieved from /home/airflow/.local/lib/python3.12/site-packages/airflow/example_dags/example_inlet_event_extra.py
[2024-08-30T05:55:20.913+0000] {logging_mixin.py:190} INFO - [2024-08-30T05:55:20.912+0000] {dag.py:3211} INFO - Sync 2 DAGs
[2024-08-30T05:55:20.941+0000] {logging_mixin.py:190} INFO - [2024-08-30T05:55:20.941+0000] {dag.py:4138} INFO - Setting next_dagrun for read_dataset_event to 2024-08-29 00:00:00+00:00, run_after=2024-08-30 00:00:00+00:00
[2024-08-30T05:55:20.948+0000] {logging_mixin.py:190} INFO - [2024-08-30T05:55:20.947+0000] {dag.py:4138} INFO - Setting next_dagrun for read_dataset_event_from_classic to 2024-08-29 00:00:00+00:00, run_after=2024-08-30 00:00:00+00:00
[2024-08-30T05:55:20.966+0000] {processor.py:208} INFO - Processing /home/airflow/.local/lib/python3.12/site-packages/airflow/example_dags/example_inlet_event_extra.py took 0.250 seconds
[2024-08-30T05:55:56.408+0000] {processor.py:186} INFO - Started process (PID=949) to work on /home/airflow/.local/lib/python3.12/site-packages/airflow/example_dags/example_inlet_event_extra.py
[2024-08-30T05:55:56.410+0000] {processor.py:914} INFO - Processing file /home/airflow/.local/lib/python3.12/site-packages/airflow/example_dags/example_inlet_event_extra.py for tasks to queue
[2024-08-30T05:55:56.417+0000] {logging_mixin.py:190} INFO - [2024-08-30T05:55:56.414+0000] {dagbag.py:587} INFO - Filling up the DagBag from /home/airflow/.local/lib/python3.12/site-packages/airflow/example_dags/example_inlet_event_extra.py
[2024-08-30T05:55:56.908+0000] {processor.py:925} INFO - DAG(s) 'read_dataset_event_from_classic', 'read_dataset_event' retrieved from /home/airflow/.local/lib/python3.12/site-packages/airflow/example_dags/example_inlet_event_extra.py
[2024-08-30T05:55:57.843+0000] {logging_mixin.py:190} INFO - [2024-08-30T05:55:57.755+0000] {dag.py:3211} INFO - Sync 2 DAGs
[2024-08-30T05:55:57.955+0000] {logging_mixin.py:190} INFO - [2024-08-30T05:55:57.950+0000] {dag.py:4138} INFO - Setting next_dagrun for read_dataset_event to 2024-08-29 00:00:00+00:00, run_after=2024-08-30 00:00:00+00:00
[2024-08-30T05:55:57.974+0000] {logging_mixin.py:190} INFO - [2024-08-30T05:55:57.972+0000] {dag.py:4138} INFO - Setting next_dagrun for read_dataset_event_from_classic to 2024-08-29 00:00:00+00:00, run_after=2024-08-30 00:00:00+00:00
[2024-08-30T05:55:58.350+0000] {processor.py:208} INFO - Processing /home/airflow/.local/lib/python3.12/site-packages/airflow/example_dags/example_inlet_event_extra.py took 1.957 seconds
[2024-08-30T05:56:28.966+0000] {processor.py:186} INFO - Started process (PID=1011) to work on /home/airflow/.local/lib/python3.12/site-packages/airflow/example_dags/example_inlet_event_extra.py
[2024-08-30T05:56:28.968+0000] {processor.py:914} INFO - Processing file /home/airflow/.local/lib/python3.12/site-packages/airflow/example_dags/example_inlet_event_extra.py for tasks to queue
[2024-08-30T05:56:28.972+0000] {logging_mixin.py:190} INFO - [2024-08-30T05:56:28.970+0000] {dagbag.py:587} INFO - Filling up the DagBag from /home/airflow/.local/lib/python3.12/site-packages/airflow/example_dags/example_inlet_event_extra.py
[2024-08-30T05:56:29.225+0000] {processor.py:925} INFO - DAG(s) 'read_dataset_event', 'read_dataset_event_from_classic' retrieved from /home/airflow/.local/lib/python3.12/site-packages/airflow/example_dags/example_inlet_event_extra.py
[2024-08-30T05:56:29.245+0000] {logging_mixin.py:190} INFO - [2024-08-30T05:56:29.245+0000] {dag.py:3211} INFO - Sync 2 DAGs
[2024-08-30T05:56:29.268+0000] {logging_mixin.py:190} INFO - [2024-08-30T05:56:29.268+0000] {dag.py:4138} INFO - Setting next_dagrun for read_dataset_event to 2024-08-29 00:00:00+00:00, run_after=2024-08-30 00:00:00+00:00
[2024-08-30T05:56:29.273+0000] {logging_mixin.py:190} INFO - [2024-08-30T05:56:29.273+0000] {dag.py:4138} INFO - Setting next_dagrun for read_dataset_event_from_classic to 2024-08-29 00:00:00+00:00, run_after=2024-08-30 00:00:00+00:00
[2024-08-30T05:56:29.289+0000] {processor.py:208} INFO - Processing /home/airflow/.local/lib/python3.12/site-packages/airflow/example_dags/example_inlet_event_extra.py took 0.333 seconds
