[2024-08-30T05:48:05.253+0000] {processor.py:186} INFO - Started process (PID=50) to work on /home/airflow/.local/lib/python3.12/site-packages/airflow/example_dags/example_python_decorator.py
[2024-08-30T05:48:05.255+0000] {processor.py:914} INFO - Processing file /home/airflow/.local/lib/python3.12/site-packages/airflow/example_dags/example_python_decorator.py for tasks to queue
[2024-08-30T05:48:05.262+0000] {logging_mixin.py:190} INFO - [2024-08-30T05:48:05.261+0000] {dagbag.py:587} INFO - Filling up the DagBag from /home/airflow/.local/lib/python3.12/site-packages/airflow/example_dags/example_python_decorator.py
[2024-08-30T05:48:05.344+0000] {processor.py:925} INFO - DAG(s) 'example_python_decorator' retrieved from /home/airflow/.local/lib/python3.12/site-packages/airflow/example_dags/example_python_decorator.py
[2024-08-30T05:48:05.605+0000] {logging_mixin.py:190} INFO - [2024-08-30T05:48:05.603+0000] {override.py:1858} INFO - Created Permission View: can delete on DAG:example_python_decorator
[2024-08-30T05:48:05.625+0000] {logging_mixin.py:190} INFO - [2024-08-30T05:48:05.624+0000] {override.py:1858} INFO - Created Permission View: can edit on DAG:example_python_decorator
[2024-08-30T05:48:05.641+0000] {logging_mixin.py:190} INFO - [2024-08-30T05:48:05.640+0000] {override.py:1858} INFO - Created Permission View: can read on DAG:example_python_decorator
[2024-08-30T05:48:05.642+0000] {logging_mixin.py:190} INFO - [2024-08-30T05:48:05.642+0000] {dag.py:3211} INFO - Sync 1 DAGs
[2024-08-30T05:48:05.665+0000] {logging_mixin.py:190} INFO - [2024-08-30T05:48:05.665+0000] {dag.py:3234} INFO - Creating ORM DAG for example_python_decorator
[2024-08-30T05:48:05.668+0000] {logging_mixin.py:190} INFO - [2024-08-30T05:48:05.668+0000] {dag.py:4138} INFO - Setting next_dagrun for example_python_decorator to None, run_after=None
[2024-08-30T05:48:05.696+0000] {processor.py:208} INFO - Processing /home/airflow/.local/lib/python3.12/site-packages/airflow/example_dags/example_python_decorator.py took 0.455 seconds
[2024-08-30T05:48:35.920+0000] {processor.py:186} INFO - Started process (PID=112) to work on /home/airflow/.local/lib/python3.12/site-packages/airflow/example_dags/example_python_decorator.py
[2024-08-30T05:48:35.923+0000] {processor.py:914} INFO - Processing file /home/airflow/.local/lib/python3.12/site-packages/airflow/example_dags/example_python_decorator.py for tasks to queue
[2024-08-30T05:48:35.928+0000] {logging_mixin.py:190} INFO - [2024-08-30T05:48:35.927+0000] {dagbag.py:587} INFO - Filling up the DagBag from /home/airflow/.local/lib/python3.12/site-packages/airflow/example_dags/example_python_decorator.py
[2024-08-30T05:48:35.985+0000] {processor.py:925} INFO - DAG(s) 'example_python_decorator' retrieved from /home/airflow/.local/lib/python3.12/site-packages/airflow/example_dags/example_python_decorator.py
[2024-08-30T05:48:36.046+0000] {logging_mixin.py:190} INFO - [2024-08-30T05:48:36.045+0000] {dag.py:3211} INFO - Sync 1 DAGs
[2024-08-30T05:48:36.088+0000] {logging_mixin.py:190} INFO - [2024-08-30T05:48:36.087+0000] {dag.py:4138} INFO - Setting next_dagrun for example_python_decorator to None, run_after=None
[2024-08-30T05:48:36.140+0000] {processor.py:208} INFO - Processing /home/airflow/.local/lib/python3.12/site-packages/airflow/example_dags/example_python_decorator.py took 0.235 seconds
[2024-08-30T05:49:07.755+0000] {processor.py:186} INFO - Started process (PID=175) to work on /home/airflow/.local/lib/python3.12/site-packages/airflow/example_dags/example_python_decorator.py
[2024-08-30T05:49:07.757+0000] {processor.py:914} INFO - Processing file /home/airflow/.local/lib/python3.12/site-packages/airflow/example_dags/example_python_decorator.py for tasks to queue
[2024-08-30T05:49:07.774+0000] {logging_mixin.py:190} INFO - [2024-08-30T05:49:07.773+0000] {dagbag.py:587} INFO - Filling up the DagBag from /home/airflow/.local/lib/python3.12/site-packages/airflow/example_dags/example_python_decorator.py
[2024-08-30T05:49:07.875+0000] {processor.py:925} INFO - DAG(s) 'example_python_decorator' retrieved from /home/airflow/.local/lib/python3.12/site-packages/airflow/example_dags/example_python_decorator.py
[2024-08-30T05:49:08.000+0000] {logging_mixin.py:190} INFO - [2024-08-30T05:49:07.999+0000] {dag.py:3211} INFO - Sync 1 DAGs
[2024-08-30T05:49:08.058+0000] {logging_mixin.py:190} INFO - [2024-08-30T05:49:08.057+0000] {dag.py:4138} INFO - Setting next_dagrun for example_python_decorator to None, run_after=None
[2024-08-30T05:49:08.117+0000] {processor.py:208} INFO - Processing /home/airflow/.local/lib/python3.12/site-packages/airflow/example_dags/example_python_decorator.py took 0.382 seconds
[2024-08-30T05:49:39.032+0000] {processor.py:186} INFO - Started process (PID=237) to work on /home/airflow/.local/lib/python3.12/site-packages/airflow/example_dags/example_python_decorator.py
[2024-08-30T05:49:39.033+0000] {processor.py:914} INFO - Processing file /home/airflow/.local/lib/python3.12/site-packages/airflow/example_dags/example_python_decorator.py for tasks to queue
[2024-08-30T05:49:39.036+0000] {logging_mixin.py:190} INFO - [2024-08-30T05:49:39.036+0000] {dagbag.py:587} INFO - Filling up the DagBag from /home/airflow/.local/lib/python3.12/site-packages/airflow/example_dags/example_python_decorator.py
[2024-08-30T05:49:39.054+0000] {processor.py:925} INFO - DAG(s) 'example_python_decorator' retrieved from /home/airflow/.local/lib/python3.12/site-packages/airflow/example_dags/example_python_decorator.py
[2024-08-30T05:49:39.089+0000] {logging_mixin.py:190} INFO - [2024-08-30T05:49:39.089+0000] {dag.py:3211} INFO - Sync 1 DAGs
[2024-08-30T05:49:39.108+0000] {logging_mixin.py:190} INFO - [2024-08-30T05:49:39.108+0000] {dag.py:4138} INFO - Setting next_dagrun for example_python_decorator to None, run_after=None
[2024-08-30T05:49:39.130+0000] {processor.py:208} INFO - Processing /home/airflow/.local/lib/python3.12/site-packages/airflow/example_dags/example_python_decorator.py took 0.105 seconds
[2024-08-30T05:50:10.310+0000] {processor.py:186} INFO - Started process (PID=299) to work on /home/airflow/.local/lib/python3.12/site-packages/airflow/example_dags/example_python_decorator.py
[2024-08-30T05:50:10.313+0000] {processor.py:914} INFO - Processing file /home/airflow/.local/lib/python3.12/site-packages/airflow/example_dags/example_python_decorator.py for tasks to queue
[2024-08-30T05:50:10.318+0000] {logging_mixin.py:190} INFO - [2024-08-30T05:50:10.317+0000] {dagbag.py:587} INFO - Filling up the DagBag from /home/airflow/.local/lib/python3.12/site-packages/airflow/example_dags/example_python_decorator.py
[2024-08-30T05:50:10.368+0000] {processor.py:925} INFO - DAG(s) 'example_python_decorator' retrieved from /home/airflow/.local/lib/python3.12/site-packages/airflow/example_dags/example_python_decorator.py
[2024-08-30T05:50:10.449+0000] {logging_mixin.py:190} INFO - [2024-08-30T05:50:10.448+0000] {dag.py:3211} INFO - Sync 1 DAGs
[2024-08-30T05:50:10.508+0000] {logging_mixin.py:190} INFO - [2024-08-30T05:50:10.507+0000] {dag.py:4138} INFO - Setting next_dagrun for example_python_decorator to None, run_after=None
[2024-08-30T05:50:10.565+0000] {processor.py:208} INFO - Processing /home/airflow/.local/lib/python3.12/site-packages/airflow/example_dags/example_python_decorator.py took 0.276 seconds
[2024-08-30T05:50:42.851+0000] {processor.py:186} INFO - Started process (PID=361) to work on /home/airflow/.local/lib/python3.12/site-packages/airflow/example_dags/example_python_decorator.py
[2024-08-30T05:50:42.853+0000] {processor.py:914} INFO - Processing file /home/airflow/.local/lib/python3.12/site-packages/airflow/example_dags/example_python_decorator.py for tasks to queue
[2024-08-30T05:50:42.856+0000] {logging_mixin.py:190} INFO - [2024-08-30T05:50:42.856+0000] {dagbag.py:587} INFO - Filling up the DagBag from /home/airflow/.local/lib/python3.12/site-packages/airflow/example_dags/example_python_decorator.py
[2024-08-30T05:50:42.896+0000] {processor.py:925} INFO - DAG(s) 'example_python_decorator' retrieved from /home/airflow/.local/lib/python3.12/site-packages/airflow/example_dags/example_python_decorator.py
[2024-08-30T05:50:42.935+0000] {logging_mixin.py:190} INFO - [2024-08-30T05:50:42.934+0000] {dag.py:3211} INFO - Sync 1 DAGs
[2024-08-30T05:50:42.963+0000] {logging_mixin.py:190} INFO - [2024-08-30T05:50:42.963+0000] {dag.py:4138} INFO - Setting next_dagrun for example_python_decorator to None, run_after=None
[2024-08-30T05:50:42.995+0000] {processor.py:208} INFO - Processing /home/airflow/.local/lib/python3.12/site-packages/airflow/example_dags/example_python_decorator.py took 0.152 seconds
[2024-08-30T05:51:13.368+0000] {processor.py:186} INFO - Started process (PID=423) to work on /home/airflow/.local/lib/python3.12/site-packages/airflow/example_dags/example_python_decorator.py
[2024-08-30T05:51:13.370+0000] {processor.py:914} INFO - Processing file /home/airflow/.local/lib/python3.12/site-packages/airflow/example_dags/example_python_decorator.py for tasks to queue
[2024-08-30T05:51:13.374+0000] {logging_mixin.py:190} INFO - [2024-08-30T05:51:13.374+0000] {dagbag.py:587} INFO - Filling up the DagBag from /home/airflow/.local/lib/python3.12/site-packages/airflow/example_dags/example_python_decorator.py
[2024-08-30T05:51:13.395+0000] {processor.py:925} INFO - DAG(s) 'example_python_decorator' retrieved from /home/airflow/.local/lib/python3.12/site-packages/airflow/example_dags/example_python_decorator.py
[2024-08-30T05:51:13.433+0000] {logging_mixin.py:190} INFO - [2024-08-30T05:51:13.433+0000] {dag.py:3211} INFO - Sync 1 DAGs
[2024-08-30T05:51:13.461+0000] {logging_mixin.py:190} INFO - [2024-08-30T05:51:13.461+0000] {dag.py:4138} INFO - Setting next_dagrun for example_python_decorator to None, run_after=None
[2024-08-30T05:51:13.488+0000] {processor.py:208} INFO - Processing /home/airflow/.local/lib/python3.12/site-packages/airflow/example_dags/example_python_decorator.py took 0.129 seconds
[2024-08-30T05:51:43.763+0000] {processor.py:186} INFO - Started process (PID=485) to work on /home/airflow/.local/lib/python3.12/site-packages/airflow/example_dags/example_python_decorator.py
[2024-08-30T05:51:43.764+0000] {processor.py:914} INFO - Processing file /home/airflow/.local/lib/python3.12/site-packages/airflow/example_dags/example_python_decorator.py for tasks to queue
[2024-08-30T05:51:43.767+0000] {logging_mixin.py:190} INFO - [2024-08-30T05:51:43.767+0000] {dagbag.py:587} INFO - Filling up the DagBag from /home/airflow/.local/lib/python3.12/site-packages/airflow/example_dags/example_python_decorator.py
[2024-08-30T05:51:43.804+0000] {processor.py:925} INFO - DAG(s) 'example_python_decorator' retrieved from /home/airflow/.local/lib/python3.12/site-packages/airflow/example_dags/example_python_decorator.py
[2024-08-30T05:51:43.837+0000] {logging_mixin.py:190} INFO - [2024-08-30T05:51:43.836+0000] {dag.py:3211} INFO - Sync 1 DAGs
[2024-08-30T05:51:43.855+0000] {logging_mixin.py:190} INFO - [2024-08-30T05:51:43.854+0000] {dag.py:4138} INFO - Setting next_dagrun for example_python_decorator to None, run_after=None
[2024-08-30T05:51:43.882+0000] {processor.py:208} INFO - Processing /home/airflow/.local/lib/python3.12/site-packages/airflow/example_dags/example_python_decorator.py took 0.129 seconds
[2024-08-30T05:52:16.717+0000] {processor.py:186} INFO - Started process (PID=513) to work on /home/airflow/.local/lib/python3.12/site-packages/airflow/example_dags/example_python_decorator.py
[2024-08-30T05:52:16.719+0000] {processor.py:914} INFO - Processing file /home/airflow/.local/lib/python3.12/site-packages/airflow/example_dags/example_python_decorator.py for tasks to queue
[2024-08-30T05:52:16.724+0000] {logging_mixin.py:190} INFO - [2024-08-30T05:52:16.723+0000] {dagbag.py:587} INFO - Filling up the DagBag from /home/airflow/.local/lib/python3.12/site-packages/airflow/example_dags/example_python_decorator.py
[2024-08-30T05:52:16.745+0000] {processor.py:925} INFO - DAG(s) 'example_python_decorator' retrieved from /home/airflow/.local/lib/python3.12/site-packages/airflow/example_dags/example_python_decorator.py
[2024-08-30T05:52:16.795+0000] {logging_mixin.py:190} INFO - [2024-08-30T05:52:16.795+0000] {dag.py:3211} INFO - Sync 1 DAGs
[2024-08-30T05:52:16.822+0000] {logging_mixin.py:190} INFO - [2024-08-30T05:52:16.822+0000] {dag.py:4138} INFO - Setting next_dagrun for example_python_decorator to None, run_after=None
[2024-08-30T05:52:16.848+0000] {processor.py:208} INFO - Processing /home/airflow/.local/lib/python3.12/site-packages/airflow/example_dags/example_python_decorator.py took 0.138 seconds
[2024-08-30T05:52:47.383+0000] {processor.py:186} INFO - Started process (PID=575) to work on /home/airflow/.local/lib/python3.12/site-packages/airflow/example_dags/example_python_decorator.py
[2024-08-30T05:52:47.384+0000] {processor.py:914} INFO - Processing file /home/airflow/.local/lib/python3.12/site-packages/airflow/example_dags/example_python_decorator.py for tasks to queue
[2024-08-30T05:52:47.387+0000] {logging_mixin.py:190} INFO - [2024-08-30T05:52:47.387+0000] {dagbag.py:587} INFO - Filling up the DagBag from /home/airflow/.local/lib/python3.12/site-packages/airflow/example_dags/example_python_decorator.py
[2024-08-30T05:52:47.405+0000] {processor.py:925} INFO - DAG(s) 'example_python_decorator' retrieved from /home/airflow/.local/lib/python3.12/site-packages/airflow/example_dags/example_python_decorator.py
[2024-08-30T05:52:47.431+0000] {logging_mixin.py:190} INFO - [2024-08-30T05:52:47.431+0000] {dag.py:3211} INFO - Sync 1 DAGs
[2024-08-30T05:52:47.448+0000] {logging_mixin.py:190} INFO - [2024-08-30T05:52:47.448+0000] {dag.py:4138} INFO - Setting next_dagrun for example_python_decorator to None, run_after=None
[2024-08-30T05:52:47.471+0000] {processor.py:208} INFO - Processing /home/airflow/.local/lib/python3.12/site-packages/airflow/example_dags/example_python_decorator.py took 0.094 seconds
[2024-08-30T05:53:17.862+0000] {processor.py:186} INFO - Started process (PID=637) to work on /home/airflow/.local/lib/python3.12/site-packages/airflow/example_dags/example_python_decorator.py
[2024-08-30T05:53:17.863+0000] {processor.py:914} INFO - Processing file /home/airflow/.local/lib/python3.12/site-packages/airflow/example_dags/example_python_decorator.py for tasks to queue
[2024-08-30T05:53:17.867+0000] {logging_mixin.py:190} INFO - [2024-08-30T05:53:17.866+0000] {dagbag.py:587} INFO - Filling up the DagBag from /home/airflow/.local/lib/python3.12/site-packages/airflow/example_dags/example_python_decorator.py
[2024-08-30T05:53:17.886+0000] {processor.py:925} INFO - DAG(s) 'example_python_decorator' retrieved from /home/airflow/.local/lib/python3.12/site-packages/airflow/example_dags/example_python_decorator.py
[2024-08-30T05:53:17.914+0000] {logging_mixin.py:190} INFO - [2024-08-30T05:53:17.913+0000] {dag.py:3211} INFO - Sync 1 DAGs
[2024-08-30T05:53:17.935+0000] {logging_mixin.py:190} INFO - [2024-08-30T05:53:17.935+0000] {dag.py:4138} INFO - Setting next_dagrun for example_python_decorator to None, run_after=None
[2024-08-30T05:53:17.962+0000] {processor.py:208} INFO - Processing /home/airflow/.local/lib/python3.12/site-packages/airflow/example_dags/example_python_decorator.py took 0.107 seconds
[2024-08-30T05:53:49.183+0000] {processor.py:186} INFO - Started process (PID=699) to work on /home/airflow/.local/lib/python3.12/site-packages/airflow/example_dags/example_python_decorator.py
[2024-08-30T05:53:49.184+0000] {processor.py:914} INFO - Processing file /home/airflow/.local/lib/python3.12/site-packages/airflow/example_dags/example_python_decorator.py for tasks to queue
[2024-08-30T05:53:49.186+0000] {logging_mixin.py:190} INFO - [2024-08-30T05:53:49.186+0000] {dagbag.py:587} INFO - Filling up the DagBag from /home/airflow/.local/lib/python3.12/site-packages/airflow/example_dags/example_python_decorator.py
[2024-08-30T05:53:49.201+0000] {processor.py:925} INFO - DAG(s) 'example_python_decorator' retrieved from /home/airflow/.local/lib/python3.12/site-packages/airflow/example_dags/example_python_decorator.py
[2024-08-30T05:53:49.223+0000] {logging_mixin.py:190} INFO - [2024-08-30T05:53:49.223+0000] {dag.py:3211} INFO - Sync 1 DAGs
[2024-08-30T05:53:49.237+0000] {logging_mixin.py:190} INFO - [2024-08-30T05:53:49.236+0000] {dag.py:4138} INFO - Setting next_dagrun for example_python_decorator to None, run_after=None
[2024-08-30T05:53:49.254+0000] {processor.py:208} INFO - Processing /home/airflow/.local/lib/python3.12/site-packages/airflow/example_dags/example_python_decorator.py took 0.077 seconds
[2024-08-30T05:54:19.566+0000] {processor.py:186} INFO - Started process (PID=761) to work on /home/airflow/.local/lib/python3.12/site-packages/airflow/example_dags/example_python_decorator.py
[2024-08-30T05:54:19.567+0000] {processor.py:914} INFO - Processing file /home/airflow/.local/lib/python3.12/site-packages/airflow/example_dags/example_python_decorator.py for tasks to queue
[2024-08-30T05:54:19.570+0000] {logging_mixin.py:190} INFO - [2024-08-30T05:54:19.569+0000] {dagbag.py:587} INFO - Filling up the DagBag from /home/airflow/.local/lib/python3.12/site-packages/airflow/example_dags/example_python_decorator.py
[2024-08-30T05:54:19.585+0000] {processor.py:925} INFO - DAG(s) 'example_python_decorator' retrieved from /home/airflow/.local/lib/python3.12/site-packages/airflow/example_dags/example_python_decorator.py
[2024-08-30T05:54:19.608+0000] {logging_mixin.py:190} INFO - [2024-08-30T05:54:19.608+0000] {dag.py:3211} INFO - Sync 1 DAGs
[2024-08-30T05:54:19.623+0000] {logging_mixin.py:190} INFO - [2024-08-30T05:54:19.622+0000] {dag.py:4138} INFO - Setting next_dagrun for example_python_decorator to None, run_after=None
[2024-08-30T05:54:19.644+0000] {processor.py:208} INFO - Processing /home/airflow/.local/lib/python3.12/site-packages/airflow/example_dags/example_python_decorator.py took 0.084 seconds
[2024-08-30T05:54:49.937+0000] {processor.py:186} INFO - Started process (PID=823) to work on /home/airflow/.local/lib/python3.12/site-packages/airflow/example_dags/example_python_decorator.py
[2024-08-30T05:54:49.938+0000] {processor.py:914} INFO - Processing file /home/airflow/.local/lib/python3.12/site-packages/airflow/example_dags/example_python_decorator.py for tasks to queue
[2024-08-30T05:54:49.941+0000] {logging_mixin.py:190} INFO - [2024-08-30T05:54:49.941+0000] {dagbag.py:587} INFO - Filling up the DagBag from /home/airflow/.local/lib/python3.12/site-packages/airflow/example_dags/example_python_decorator.py
[2024-08-30T05:54:49.958+0000] {processor.py:925} INFO - DAG(s) 'example_python_decorator' retrieved from /home/airflow/.local/lib/python3.12/site-packages/airflow/example_dags/example_python_decorator.py
[2024-08-30T05:54:49.986+0000] {logging_mixin.py:190} INFO - [2024-08-30T05:54:49.985+0000] {dag.py:3211} INFO - Sync 1 DAGs
[2024-08-30T05:54:50.002+0000] {logging_mixin.py:190} INFO - [2024-08-30T05:54:50.002+0000] {dag.py:4138} INFO - Setting next_dagrun for example_python_decorator to None, run_after=None
[2024-08-30T05:54:50.024+0000] {processor.py:208} INFO - Processing /home/airflow/.local/lib/python3.12/site-packages/airflow/example_dags/example_python_decorator.py took 0.092 seconds
[2024-08-30T05:55:20.309+0000] {processor.py:186} INFO - Started process (PID=885) to work on /home/airflow/.local/lib/python3.12/site-packages/airflow/example_dags/example_python_decorator.py
[2024-08-30T05:55:20.310+0000] {processor.py:914} INFO - Processing file /home/airflow/.local/lib/python3.12/site-packages/airflow/example_dags/example_python_decorator.py for tasks to queue
[2024-08-30T05:55:20.312+0000] {logging_mixin.py:190} INFO - [2024-08-30T05:55:20.312+0000] {dagbag.py:587} INFO - Filling up the DagBag from /home/airflow/.local/lib/python3.12/site-packages/airflow/example_dags/example_python_decorator.py
[2024-08-30T05:55:20.326+0000] {processor.py:925} INFO - DAG(s) 'example_python_decorator' retrieved from /home/airflow/.local/lib/python3.12/site-packages/airflow/example_dags/example_python_decorator.py
[2024-08-30T05:55:20.347+0000] {logging_mixin.py:190} INFO - [2024-08-30T05:55:20.347+0000] {dag.py:3211} INFO - Sync 1 DAGs
[2024-08-30T05:55:20.361+0000] {logging_mixin.py:190} INFO - [2024-08-30T05:55:20.361+0000] {dag.py:4138} INFO - Setting next_dagrun for example_python_decorator to None, run_after=None
[2024-08-30T05:55:20.378+0000] {processor.py:208} INFO - Processing /home/airflow/.local/lib/python3.12/site-packages/airflow/example_dags/example_python_decorator.py took 0.075 seconds
[2024-08-30T05:55:55.813+0000] {processor.py:186} INFO - Started process (PID=947) to work on /home/airflow/.local/lib/python3.12/site-packages/airflow/example_dags/example_python_decorator.py
[2024-08-30T05:55:55.814+0000] {processor.py:914} INFO - Processing file /home/airflow/.local/lib/python3.12/site-packages/airflow/example_dags/example_python_decorator.py for tasks to queue
[2024-08-30T05:55:55.821+0000] {logging_mixin.py:190} INFO - [2024-08-30T05:55:55.818+0000] {dagbag.py:587} INFO - Filling up the DagBag from /home/airflow/.local/lib/python3.12/site-packages/airflow/example_dags/example_python_decorator.py
[2024-08-30T05:55:55.870+0000] {processor.py:925} INFO - DAG(s) 'example_python_decorator' retrieved from /home/airflow/.local/lib/python3.12/site-packages/airflow/example_dags/example_python_decorator.py
[2024-08-30T05:55:56.243+0000] {logging_mixin.py:190} INFO - [2024-08-30T05:55:56.237+0000] {dag.py:3211} INFO - Sync 1 DAGs
[2024-08-30T05:55:56.274+0000] {logging_mixin.py:190} INFO - [2024-08-30T05:55:56.274+0000] {dag.py:4138} INFO - Setting next_dagrun for example_python_decorator to None, run_after=None
[2024-08-30T05:55:56.316+0000] {processor.py:208} INFO - Processing /home/airflow/.local/lib/python3.12/site-packages/airflow/example_dags/example_python_decorator.py took 0.518 seconds
[2024-08-30T05:56:26.769+0000] {processor.py:186} INFO - Started process (PID=1009) to work on /home/airflow/.local/lib/python3.12/site-packages/airflow/example_dags/example_python_decorator.py
[2024-08-30T05:56:26.770+0000] {processor.py:914} INFO - Processing file /home/airflow/.local/lib/python3.12/site-packages/airflow/example_dags/example_python_decorator.py for tasks to queue
[2024-08-30T05:56:26.773+0000] {logging_mixin.py:190} INFO - [2024-08-30T05:56:26.772+0000] {dagbag.py:587} INFO - Filling up the DagBag from /home/airflow/.local/lib/python3.12/site-packages/airflow/example_dags/example_python_decorator.py
[2024-08-30T05:56:26.797+0000] {processor.py:925} INFO - DAG(s) 'example_python_decorator' retrieved from /home/airflow/.local/lib/python3.12/site-packages/airflow/example_dags/example_python_decorator.py
[2024-08-30T05:56:26.827+0000] {logging_mixin.py:190} INFO - [2024-08-30T05:56:26.827+0000] {dag.py:3211} INFO - Sync 1 DAGs
[2024-08-30T05:56:26.852+0000] {logging_mixin.py:190} INFO - [2024-08-30T05:56:26.852+0000] {dag.py:4138} INFO - Setting next_dagrun for example_python_decorator to None, run_after=None
[2024-08-30T05:56:26.885+0000] {processor.py:208} INFO - Processing /home/airflow/.local/lib/python3.12/site-packages/airflow/example_dags/example_python_decorator.py took 0.126 seconds
