[2024-08-30T05:48:05.059+0000] {processor.py:186} INFO - Started process (PID=49) to work on /home/airflow/.local/lib/python3.12/site-packages/airflow/example_dags/tutorial_objectstorage.py
[2024-08-30T05:48:05.061+0000] {processor.py:914} INFO - Processing file /home/airflow/.local/lib/python3.12/site-packages/airflow/example_dags/tutorial_objectstorage.py for tasks to queue
[2024-08-30T05:48:05.068+0000] {logging_mixin.py:190} INFO - [2024-08-30T05:48:05.067+0000] {dagbag.py:587} INFO - Filling up the DagBag from /home/airflow/.local/lib/python3.12/site-packages/airflow/example_dags/tutorial_objectstorage.py
[2024-08-30T05:48:05.094+0000] {processor.py:925} INFO - DAG(s) 'tutorial_objectstorage' retrieved from /home/airflow/.local/lib/python3.12/site-packages/airflow/example_dags/tutorial_objectstorage.py
[2024-08-30T05:48:05.394+0000] {logging_mixin.py:190} INFO - [2024-08-30T05:48:05.388+0000] {override.py:1858} INFO - Created Permission View: can delete on DAG:tutorial_objectstorage
[2024-08-30T05:48:05.424+0000] {logging_mixin.py:190} INFO - [2024-08-30T05:48:05.423+0000] {override.py:1858} INFO - Created Permission View: can edit on DAG:tutorial_objectstorage
[2024-08-30T05:48:05.443+0000] {logging_mixin.py:190} INFO - [2024-08-30T05:48:05.442+0000] {override.py:1858} INFO - Created Permission View: can read on DAG:tutorial_objectstorage
[2024-08-30T05:48:05.444+0000] {logging_mixin.py:190} INFO - [2024-08-30T05:48:05.444+0000] {dag.py:3211} INFO - Sync 1 DAGs
[2024-08-30T05:48:05.478+0000] {logging_mixin.py:190} INFO - [2024-08-30T05:48:05.478+0000] {dag.py:3234} INFO - Creating ORM DAG for tutorial_objectstorage
[2024-08-30T05:48:05.480+0000] {logging_mixin.py:190} INFO - [2024-08-30T05:48:05.480+0000] {dag.py:4138} INFO - Setting next_dagrun for tutorial_objectstorage to None, run_after=None
[2024-08-30T05:48:05.519+0000] {processor.py:208} INFO - Processing /home/airflow/.local/lib/python3.12/site-packages/airflow/example_dags/tutorial_objectstorage.py took 0.480 seconds
[2024-08-30T05:48:35.910+0000] {processor.py:186} INFO - Started process (PID=111) to work on /home/airflow/.local/lib/python3.12/site-packages/airflow/example_dags/tutorial_objectstorage.py
[2024-08-30T05:48:35.915+0000] {processor.py:914} INFO - Processing file /home/airflow/.local/lib/python3.12/site-packages/airflow/example_dags/tutorial_objectstorage.py for tasks to queue
[2024-08-30T05:48:35.923+0000] {logging_mixin.py:190} INFO - [2024-08-30T05:48:35.922+0000] {dagbag.py:587} INFO - Filling up the DagBag from /home/airflow/.local/lib/python3.12/site-packages/airflow/example_dags/tutorial_objectstorage.py
[2024-08-30T05:48:35.945+0000] {processor.py:925} INFO - DAG(s) 'tutorial_objectstorage' retrieved from /home/airflow/.local/lib/python3.12/site-packages/airflow/example_dags/tutorial_objectstorage.py
[2024-08-30T05:48:36.005+0000] {logging_mixin.py:190} INFO - [2024-08-30T05:48:36.005+0000] {dag.py:3211} INFO - Sync 1 DAGs
[2024-08-30T05:48:36.050+0000] {logging_mixin.py:190} INFO - [2024-08-30T05:48:36.049+0000] {dag.py:4138} INFO - Setting next_dagrun for tutorial_objectstorage to None, run_after=None
[2024-08-30T05:48:36.102+0000] {processor.py:208} INFO - Processing /home/airflow/.local/lib/python3.12/site-packages/airflow/example_dags/tutorial_objectstorage.py took 0.203 seconds
[2024-08-30T05:49:07.648+0000] {processor.py:186} INFO - Started process (PID=174) to work on /home/airflow/.local/lib/python3.12/site-packages/airflow/example_dags/tutorial_objectstorage.py
[2024-08-30T05:49:07.663+0000] {processor.py:914} INFO - Processing file /home/airflow/.local/lib/python3.12/site-packages/airflow/example_dags/tutorial_objectstorage.py for tasks to queue
[2024-08-30T05:49:07.682+0000] {logging_mixin.py:190} INFO - [2024-08-30T05:49:07.681+0000] {dagbag.py:587} INFO - Filling up the DagBag from /home/airflow/.local/lib/python3.12/site-packages/airflow/example_dags/tutorial_objectstorage.py
[2024-08-30T05:49:07.754+0000] {processor.py:925} INFO - DAG(s) 'tutorial_objectstorage' retrieved from /home/airflow/.local/lib/python3.12/site-packages/airflow/example_dags/tutorial_objectstorage.py
[2024-08-30T05:49:07.846+0000] {logging_mixin.py:190} INFO - [2024-08-30T05:49:07.846+0000] {dag.py:3211} INFO - Sync 1 DAGs
[2024-08-30T05:49:07.897+0000] {logging_mixin.py:190} INFO - [2024-08-30T05:49:07.896+0000] {dag.py:4138} INFO - Setting next_dagrun for tutorial_objectstorage to None, run_after=None
[2024-08-30T05:49:07.940+0000] {processor.py:208} INFO - Processing /home/airflow/.local/lib/python3.12/site-packages/airflow/example_dags/tutorial_objectstorage.py took 0.308 seconds
[2024-08-30T05:49:38.897+0000] {processor.py:186} INFO - Started process (PID=236) to work on /home/airflow/.local/lib/python3.12/site-packages/airflow/example_dags/tutorial_objectstorage.py
[2024-08-30T05:49:38.899+0000] {processor.py:914} INFO - Processing file /home/airflow/.local/lib/python3.12/site-packages/airflow/example_dags/tutorial_objectstorage.py for tasks to queue
[2024-08-30T05:49:38.902+0000] {logging_mixin.py:190} INFO - [2024-08-30T05:49:38.902+0000] {dagbag.py:587} INFO - Filling up the DagBag from /home/airflow/.local/lib/python3.12/site-packages/airflow/example_dags/tutorial_objectstorage.py
[2024-08-30T05:49:38.918+0000] {processor.py:925} INFO - DAG(s) 'tutorial_objectstorage' retrieved from /home/airflow/.local/lib/python3.12/site-packages/airflow/example_dags/tutorial_objectstorage.py
[2024-08-30T05:49:38.947+0000] {logging_mixin.py:190} INFO - [2024-08-30T05:49:38.947+0000] {dag.py:3211} INFO - Sync 1 DAGs
[2024-08-30T05:49:38.965+0000] {logging_mixin.py:190} INFO - [2024-08-30T05:49:38.965+0000] {dag.py:4138} INFO - Setting next_dagrun for tutorial_objectstorage to None, run_after=None
[2024-08-30T05:49:38.985+0000] {processor.py:208} INFO - Processing /home/airflow/.local/lib/python3.12/site-packages/airflow/example_dags/tutorial_objectstorage.py took 0.096 seconds
[2024-08-30T05:50:09.931+0000] {processor.py:186} INFO - Started process (PID=298) to work on /home/airflow/.local/lib/python3.12/site-packages/airflow/example_dags/tutorial_objectstorage.py
[2024-08-30T05:50:09.942+0000] {processor.py:914} INFO - Processing file /home/airflow/.local/lib/python3.12/site-packages/airflow/example_dags/tutorial_objectstorage.py for tasks to queue
[2024-08-30T05:50:09.950+0000] {logging_mixin.py:190} INFO - [2024-08-30T05:50:09.949+0000] {dagbag.py:587} INFO - Filling up the DagBag from /home/airflow/.local/lib/python3.12/site-packages/airflow/example_dags/tutorial_objectstorage.py
[2024-08-30T05:50:09.989+0000] {processor.py:925} INFO - DAG(s) 'tutorial_objectstorage' retrieved from /home/airflow/.local/lib/python3.12/site-packages/airflow/example_dags/tutorial_objectstorage.py
[2024-08-30T05:50:10.047+0000] {logging_mixin.py:190} INFO - [2024-08-30T05:50:10.047+0000] {dag.py:3211} INFO - Sync 1 DAGs
[2024-08-30T05:50:10.090+0000] {logging_mixin.py:190} INFO - [2024-08-30T05:50:10.089+0000] {dag.py:4138} INFO - Setting next_dagrun for tutorial_objectstorage to None, run_after=None
[2024-08-30T05:50:10.158+0000] {processor.py:208} INFO - Processing /home/airflow/.local/lib/python3.12/site-packages/airflow/example_dags/tutorial_objectstorage.py took 0.251 seconds
[2024-08-30T05:50:42.664+0000] {processor.py:186} INFO - Started process (PID=360) to work on /home/airflow/.local/lib/python3.12/site-packages/airflow/example_dags/tutorial_objectstorage.py
[2024-08-30T05:50:42.665+0000] {processor.py:914} INFO - Processing file /home/airflow/.local/lib/python3.12/site-packages/airflow/example_dags/tutorial_objectstorage.py for tasks to queue
[2024-08-30T05:50:42.671+0000] {logging_mixin.py:190} INFO - [2024-08-30T05:50:42.670+0000] {dagbag.py:587} INFO - Filling up the DagBag from /home/airflow/.local/lib/python3.12/site-packages/airflow/example_dags/tutorial_objectstorage.py
[2024-08-30T05:50:42.710+0000] {processor.py:925} INFO - DAG(s) 'tutorial_objectstorage' retrieved from /home/airflow/.local/lib/python3.12/site-packages/airflow/example_dags/tutorial_objectstorage.py
[2024-08-30T05:50:42.753+0000] {logging_mixin.py:190} INFO - [2024-08-30T05:50:42.753+0000] {dag.py:3211} INFO - Sync 1 DAGs
[2024-08-30T05:50:42.789+0000] {logging_mixin.py:190} INFO - [2024-08-30T05:50:42.789+0000] {dag.py:4138} INFO - Setting next_dagrun for tutorial_objectstorage to None, run_after=None
[2024-08-30T05:50:42.822+0000] {processor.py:208} INFO - Processing /home/airflow/.local/lib/python3.12/site-packages/airflow/example_dags/tutorial_objectstorage.py took 0.171 seconds
[2024-08-30T05:51:13.143+0000] {processor.py:186} INFO - Started process (PID=422) to work on /home/airflow/.local/lib/python3.12/site-packages/airflow/example_dags/tutorial_objectstorage.py
[2024-08-30T05:51:13.145+0000] {processor.py:914} INFO - Processing file /home/airflow/.local/lib/python3.12/site-packages/airflow/example_dags/tutorial_objectstorage.py for tasks to queue
[2024-08-30T05:51:13.149+0000] {logging_mixin.py:190} INFO - [2024-08-30T05:51:13.148+0000] {dagbag.py:587} INFO - Filling up the DagBag from /home/airflow/.local/lib/python3.12/site-packages/airflow/example_dags/tutorial_objectstorage.py
[2024-08-30T05:51:13.168+0000] {processor.py:925} INFO - DAG(s) 'tutorial_objectstorage' retrieved from /home/airflow/.local/lib/python3.12/site-packages/airflow/example_dags/tutorial_objectstorage.py
[2024-08-30T05:51:13.209+0000] {logging_mixin.py:190} INFO - [2024-08-30T05:51:13.209+0000] {dag.py:3211} INFO - Sync 1 DAGs
[2024-08-30T05:51:13.242+0000] {logging_mixin.py:190} INFO - [2024-08-30T05:51:13.241+0000] {dag.py:4138} INFO - Setting next_dagrun for tutorial_objectstorage to None, run_after=None
[2024-08-30T05:51:13.314+0000] {processor.py:208} INFO - Processing /home/airflow/.local/lib/python3.12/site-packages/airflow/example_dags/tutorial_objectstorage.py took 0.181 seconds
[2024-08-30T05:51:43.625+0000] {processor.py:186} INFO - Started process (PID=484) to work on /home/airflow/.local/lib/python3.12/site-packages/airflow/example_dags/tutorial_objectstorage.py
[2024-08-30T05:51:43.627+0000] {processor.py:914} INFO - Processing file /home/airflow/.local/lib/python3.12/site-packages/airflow/example_dags/tutorial_objectstorage.py for tasks to queue
[2024-08-30T05:51:43.630+0000] {logging_mixin.py:190} INFO - [2024-08-30T05:51:43.630+0000] {dagbag.py:587} INFO - Filling up the DagBag from /home/airflow/.local/lib/python3.12/site-packages/airflow/example_dags/tutorial_objectstorage.py
[2024-08-30T05:51:43.643+0000] {processor.py:925} INFO - DAG(s) 'tutorial_objectstorage' retrieved from /home/airflow/.local/lib/python3.12/site-packages/airflow/example_dags/tutorial_objectstorage.py
[2024-08-30T05:51:43.668+0000] {logging_mixin.py:190} INFO - [2024-08-30T05:51:43.667+0000] {dag.py:3211} INFO - Sync 1 DAGs
[2024-08-30T05:51:43.686+0000] {logging_mixin.py:190} INFO - [2024-08-30T05:51:43.685+0000] {dag.py:4138} INFO - Setting next_dagrun for tutorial_objectstorage to None, run_after=None
[2024-08-30T05:51:43.707+0000] {processor.py:208} INFO - Processing /home/airflow/.local/lib/python3.12/site-packages/airflow/example_dags/tutorial_objectstorage.py took 0.088 seconds
[2024-08-30T05:52:16.642+0000] {processor.py:186} INFO - Started process (PID=512) to work on /home/airflow/.local/lib/python3.12/site-packages/airflow/example_dags/tutorial_objectstorage.py
[2024-08-30T05:52:16.644+0000] {processor.py:914} INFO - Processing file /home/airflow/.local/lib/python3.12/site-packages/airflow/example_dags/tutorial_objectstorage.py for tasks to queue
[2024-08-30T05:52:16.647+0000] {logging_mixin.py:190} INFO - [2024-08-30T05:52:16.647+0000] {dagbag.py:587} INFO - Filling up the DagBag from /home/airflow/.local/lib/python3.12/site-packages/airflow/example_dags/tutorial_objectstorage.py
[2024-08-30T05:52:16.660+0000] {processor.py:925} INFO - DAG(s) 'tutorial_objectstorage' retrieved from /home/airflow/.local/lib/python3.12/site-packages/airflow/example_dags/tutorial_objectstorage.py
[2024-08-30T05:52:16.688+0000] {logging_mixin.py:190} INFO - [2024-08-30T05:52:16.687+0000] {dag.py:3211} INFO - Sync 1 DAGs
[2024-08-30T05:52:16.711+0000] {logging_mixin.py:190} INFO - [2024-08-30T05:52:16.711+0000] {dag.py:4138} INFO - Setting next_dagrun for tutorial_objectstorage to None, run_after=None
[2024-08-30T05:52:16.736+0000] {processor.py:208} INFO - Processing /home/airflow/.local/lib/python3.12/site-packages/airflow/example_dags/tutorial_objectstorage.py took 0.103 seconds
[2024-08-30T05:52:47.327+0000] {processor.py:186} INFO - Started process (PID=574) to work on /home/airflow/.local/lib/python3.12/site-packages/airflow/example_dags/tutorial_objectstorage.py
[2024-08-30T05:52:47.328+0000] {processor.py:914} INFO - Processing file /home/airflow/.local/lib/python3.12/site-packages/airflow/example_dags/tutorial_objectstorage.py for tasks to queue
[2024-08-30T05:52:47.331+0000] {logging_mixin.py:190} INFO - [2024-08-30T05:52:47.331+0000] {dagbag.py:587} INFO - Filling up the DagBag from /home/airflow/.local/lib/python3.12/site-packages/airflow/example_dags/tutorial_objectstorage.py
[2024-08-30T05:52:47.343+0000] {processor.py:925} INFO - DAG(s) 'tutorial_objectstorage' retrieved from /home/airflow/.local/lib/python3.12/site-packages/airflow/example_dags/tutorial_objectstorage.py
[2024-08-30T05:52:47.372+0000] {logging_mixin.py:190} INFO - [2024-08-30T05:52:47.371+0000] {dag.py:3211} INFO - Sync 1 DAGs
[2024-08-30T05:52:47.391+0000] {logging_mixin.py:190} INFO - [2024-08-30T05:52:47.390+0000] {dag.py:4138} INFO - Setting next_dagrun for tutorial_objectstorage to None, run_after=None
[2024-08-30T05:52:47.412+0000] {processor.py:208} INFO - Processing /home/airflow/.local/lib/python3.12/site-packages/airflow/example_dags/tutorial_objectstorage.py took 0.093 seconds
[2024-08-30T05:53:17.845+0000] {processor.py:186} INFO - Started process (PID=636) to work on /home/airflow/.local/lib/python3.12/site-packages/airflow/example_dags/tutorial_objectstorage.py
[2024-08-30T05:53:17.847+0000] {processor.py:914} INFO - Processing file /home/airflow/.local/lib/python3.12/site-packages/airflow/example_dags/tutorial_objectstorage.py for tasks to queue
[2024-08-30T05:53:17.850+0000] {logging_mixin.py:190} INFO - [2024-08-30T05:53:17.849+0000] {dagbag.py:587} INFO - Filling up the DagBag from /home/airflow/.local/lib/python3.12/site-packages/airflow/example_dags/tutorial_objectstorage.py
[2024-08-30T05:53:17.862+0000] {processor.py:925} INFO - DAG(s) 'tutorial_objectstorage' retrieved from /home/airflow/.local/lib/python3.12/site-packages/airflow/example_dags/tutorial_objectstorage.py
[2024-08-30T05:53:17.885+0000] {logging_mixin.py:190} INFO - [2024-08-30T05:53:17.885+0000] {dag.py:3211} INFO - Sync 1 DAGs
[2024-08-30T05:53:17.905+0000] {logging_mixin.py:190} INFO - [2024-08-30T05:53:17.905+0000] {dag.py:4138} INFO - Setting next_dagrun for tutorial_objectstorage to None, run_after=None
[2024-08-30T05:53:17.928+0000] {processor.py:208} INFO - Processing /home/airflow/.local/lib/python3.12/site-packages/airflow/example_dags/tutorial_objectstorage.py took 0.089 seconds
[2024-08-30T05:53:49.063+0000] {processor.py:186} INFO - Started process (PID=698) to work on /home/airflow/.local/lib/python3.12/site-packages/airflow/example_dags/tutorial_objectstorage.py
[2024-08-30T05:53:49.065+0000] {processor.py:914} INFO - Processing file /home/airflow/.local/lib/python3.12/site-packages/airflow/example_dags/tutorial_objectstorage.py for tasks to queue
[2024-08-30T05:53:49.068+0000] {logging_mixin.py:190} INFO - [2024-08-30T05:53:49.067+0000] {dagbag.py:587} INFO - Filling up the DagBag from /home/airflow/.local/lib/python3.12/site-packages/airflow/example_dags/tutorial_objectstorage.py
[2024-08-30T05:53:49.076+0000] {processor.py:925} INFO - DAG(s) 'tutorial_objectstorage' retrieved from /home/airflow/.local/lib/python3.12/site-packages/airflow/example_dags/tutorial_objectstorage.py
[2024-08-30T05:53:49.096+0000] {logging_mixin.py:190} INFO - [2024-08-30T05:53:49.096+0000] {dag.py:3211} INFO - Sync 1 DAGs
[2024-08-30T05:53:49.114+0000] {logging_mixin.py:190} INFO - [2024-08-30T05:53:49.114+0000] {dag.py:4138} INFO - Setting next_dagrun for tutorial_objectstorage to None, run_after=None
[2024-08-30T05:53:49.135+0000] {processor.py:208} INFO - Processing /home/airflow/.local/lib/python3.12/site-packages/airflow/example_dags/tutorial_objectstorage.py took 0.077 seconds
[2024-08-30T05:54:19.454+0000] {processor.py:186} INFO - Started process (PID=760) to work on /home/airflow/.local/lib/python3.12/site-packages/airflow/example_dags/tutorial_objectstorage.py
[2024-08-30T05:54:19.455+0000] {processor.py:914} INFO - Processing file /home/airflow/.local/lib/python3.12/site-packages/airflow/example_dags/tutorial_objectstorage.py for tasks to queue
[2024-08-30T05:54:19.458+0000] {logging_mixin.py:190} INFO - [2024-08-30T05:54:19.457+0000] {dagbag.py:587} INFO - Filling up the DagBag from /home/airflow/.local/lib/python3.12/site-packages/airflow/example_dags/tutorial_objectstorage.py
[2024-08-30T05:54:19.467+0000] {processor.py:925} INFO - DAG(s) 'tutorial_objectstorage' retrieved from /home/airflow/.local/lib/python3.12/site-packages/airflow/example_dags/tutorial_objectstorage.py
[2024-08-30T05:54:19.486+0000] {logging_mixin.py:190} INFO - [2024-08-30T05:54:19.486+0000] {dag.py:3211} INFO - Sync 1 DAGs
[2024-08-30T05:54:19.501+0000] {logging_mixin.py:190} INFO - [2024-08-30T05:54:19.501+0000] {dag.py:4138} INFO - Setting next_dagrun for tutorial_objectstorage to None, run_after=None
[2024-08-30T05:54:19.523+0000] {processor.py:208} INFO - Processing /home/airflow/.local/lib/python3.12/site-packages/airflow/example_dags/tutorial_objectstorage.py took 0.074 seconds
[2024-08-30T05:54:49.832+0000] {processor.py:186} INFO - Started process (PID=822) to work on /home/airflow/.local/lib/python3.12/site-packages/airflow/example_dags/tutorial_objectstorage.py
[2024-08-30T05:54:49.833+0000] {processor.py:914} INFO - Processing file /home/airflow/.local/lib/python3.12/site-packages/airflow/example_dags/tutorial_objectstorage.py for tasks to queue
[2024-08-30T05:54:49.836+0000] {logging_mixin.py:190} INFO - [2024-08-30T05:54:49.835+0000] {dagbag.py:587} INFO - Filling up the DagBag from /home/airflow/.local/lib/python3.12/site-packages/airflow/example_dags/tutorial_objectstorage.py
[2024-08-30T05:54:49.845+0000] {processor.py:925} INFO - DAG(s) 'tutorial_objectstorage' retrieved from /home/airflow/.local/lib/python3.12/site-packages/airflow/example_dags/tutorial_objectstorage.py
[2024-08-30T05:54:49.864+0000] {logging_mixin.py:190} INFO - [2024-08-30T05:54:49.864+0000] {dag.py:3211} INFO - Sync 1 DAGs
[2024-08-30T05:54:49.878+0000] {logging_mixin.py:190} INFO - [2024-08-30T05:54:49.878+0000] {dag.py:4138} INFO - Setting next_dagrun for tutorial_objectstorage to None, run_after=None
[2024-08-30T05:54:49.896+0000] {processor.py:208} INFO - Processing /home/airflow/.local/lib/python3.12/site-packages/airflow/example_dags/tutorial_objectstorage.py took 0.070 seconds
[2024-08-30T05:55:20.202+0000] {processor.py:186} INFO - Started process (PID=884) to work on /home/airflow/.local/lib/python3.12/site-packages/airflow/example_dags/tutorial_objectstorage.py
[2024-08-30T05:55:20.203+0000] {processor.py:914} INFO - Processing file /home/airflow/.local/lib/python3.12/site-packages/airflow/example_dags/tutorial_objectstorage.py for tasks to queue
[2024-08-30T05:55:20.206+0000] {logging_mixin.py:190} INFO - [2024-08-30T05:55:20.206+0000] {dagbag.py:587} INFO - Filling up the DagBag from /home/airflow/.local/lib/python3.12/site-packages/airflow/example_dags/tutorial_objectstorage.py
[2024-08-30T05:55:20.215+0000] {processor.py:925} INFO - DAG(s) 'tutorial_objectstorage' retrieved from /home/airflow/.local/lib/python3.12/site-packages/airflow/example_dags/tutorial_objectstorage.py
[2024-08-30T05:55:20.234+0000] {logging_mixin.py:190} INFO - [2024-08-30T05:55:20.234+0000] {dag.py:3211} INFO - Sync 1 DAGs
[2024-08-30T05:55:20.249+0000] {logging_mixin.py:190} INFO - [2024-08-30T05:55:20.249+0000] {dag.py:4138} INFO - Setting next_dagrun for tutorial_objectstorage to None, run_after=None
[2024-08-30T05:55:20.267+0000] {processor.py:208} INFO - Processing /home/airflow/.local/lib/python3.12/site-packages/airflow/example_dags/tutorial_objectstorage.py took 0.071 seconds
[2024-08-30T05:55:55.813+0000] {processor.py:186} INFO - Started process (PID=946) to work on /home/airflow/.local/lib/python3.12/site-packages/airflow/example_dags/tutorial_objectstorage.py
[2024-08-30T05:55:55.815+0000] {processor.py:914} INFO - Processing file /home/airflow/.local/lib/python3.12/site-packages/airflow/example_dags/tutorial_objectstorage.py for tasks to queue
[2024-08-30T05:55:55.821+0000] {logging_mixin.py:190} INFO - [2024-08-30T05:55:55.819+0000] {dagbag.py:587} INFO - Filling up the DagBag from /home/airflow/.local/lib/python3.12/site-packages/airflow/example_dags/tutorial_objectstorage.py
[2024-08-30T05:55:55.846+0000] {processor.py:925} INFO - DAG(s) 'tutorial_objectstorage' retrieved from /home/airflow/.local/lib/python3.12/site-packages/airflow/example_dags/tutorial_objectstorage.py
[2024-08-30T05:55:56.243+0000] {logging_mixin.py:190} INFO - [2024-08-30T05:55:56.237+0000] {dag.py:3211} INFO - Sync 1 DAGs
[2024-08-30T05:55:56.274+0000] {logging_mixin.py:190} INFO - [2024-08-30T05:55:56.273+0000] {dag.py:4138} INFO - Setting next_dagrun for tutorial_objectstorage to None, run_after=None
[2024-08-30T05:55:56.316+0000] {processor.py:208} INFO - Processing /home/airflow/.local/lib/python3.12/site-packages/airflow/example_dags/tutorial_objectstorage.py took 0.518 seconds
[2024-08-30T05:56:26.605+0000] {processor.py:186} INFO - Started process (PID=1008) to work on /home/airflow/.local/lib/python3.12/site-packages/airflow/example_dags/tutorial_objectstorage.py
[2024-08-30T05:56:26.606+0000] {processor.py:914} INFO - Processing file /home/airflow/.local/lib/python3.12/site-packages/airflow/example_dags/tutorial_objectstorage.py for tasks to queue
[2024-08-30T05:56:26.611+0000] {logging_mixin.py:190} INFO - [2024-08-30T05:56:26.611+0000] {dagbag.py:587} INFO - Filling up the DagBag from /home/airflow/.local/lib/python3.12/site-packages/airflow/example_dags/tutorial_objectstorage.py
[2024-08-30T05:56:26.625+0000] {processor.py:925} INFO - DAG(s) 'tutorial_objectstorage' retrieved from /home/airflow/.local/lib/python3.12/site-packages/airflow/example_dags/tutorial_objectstorage.py
[2024-08-30T05:56:26.678+0000] {logging_mixin.py:190} INFO - [2024-08-30T05:56:26.678+0000] {dag.py:3211} INFO - Sync 1 DAGs
[2024-08-30T05:56:26.700+0000] {logging_mixin.py:190} INFO - [2024-08-30T05:56:26.699+0000] {dag.py:4138} INFO - Setting next_dagrun for tutorial_objectstorage to None, run_after=None
[2024-08-30T05:56:26.739+0000] {processor.py:208} INFO - Processing /home/airflow/.local/lib/python3.12/site-packages/airflow/example_dags/tutorial_objectstorage.py took 0.144 seconds
