[2024-08-30T05:48:05.597+0000] {processor.py:186} INFO - Started process (PID=51) to work on /home/airflow/.local/lib/python3.12/site-packages/airflow/example_dags/tutorial_dag.py
[2024-08-30T05:48:05.600+0000] {processor.py:914} INFO - Processing file /home/airflow/.local/lib/python3.12/site-packages/airflow/example_dags/tutorial_dag.py for tasks to queue
[2024-08-30T05:48:05.605+0000] {logging_mixin.py:190} INFO - [2024-08-30T05:48:05.604+0000] {dagbag.py:587} INFO - Filling up the DagBag from /home/airflow/.local/lib/python3.12/site-packages/airflow/example_dags/tutorial_dag.py
[2024-08-30T05:48:05.623+0000] {processor.py:925} INFO - DAG(s) 'tutorial_dag' retrieved from /home/airflow/.local/lib/python3.12/site-packages/airflow/example_dags/tutorial_dag.py
[2024-08-30T05:48:05.788+0000] {logging_mixin.py:190} INFO - [2024-08-30T05:48:05.787+0000] {override.py:1858} INFO - Created Permission View: can delete on DAG:tutorial_dag
[2024-08-30T05:48:05.800+0000] {logging_mixin.py:190} INFO - [2024-08-30T05:48:05.799+0000] {override.py:1858} INFO - Created Permission View: can edit on DAG:tutorial_dag
[2024-08-30T05:48:05.807+0000] {logging_mixin.py:190} INFO - [2024-08-30T05:48:05.806+0000] {override.py:1858} INFO - Created Permission View: can read on DAG:tutorial_dag
[2024-08-30T05:48:05.808+0000] {logging_mixin.py:190} INFO - [2024-08-30T05:48:05.807+0000] {dag.py:3211} INFO - Sync 1 DAGs
[2024-08-30T05:48:05.825+0000] {logging_mixin.py:190} INFO - [2024-08-30T05:48:05.825+0000] {dag.py:3234} INFO - Creating ORM DAG for tutorial_dag
[2024-08-30T05:48:05.826+0000] {logging_mixin.py:190} INFO - [2024-08-30T05:48:05.826+0000] {dag.py:4138} INFO - Setting next_dagrun for tutorial_dag to None, run_after=None
[2024-08-30T05:48:05.847+0000] {processor.py:208} INFO - Processing /home/airflow/.local/lib/python3.12/site-packages/airflow/example_dags/tutorial_dag.py took 0.265 seconds
[2024-08-30T05:48:36.179+0000] {processor.py:186} INFO - Started process (PID=113) to work on /home/airflow/.local/lib/python3.12/site-packages/airflow/example_dags/tutorial_dag.py
[2024-08-30T05:48:36.181+0000] {processor.py:914} INFO - Processing file /home/airflow/.local/lib/python3.12/site-packages/airflow/example_dags/tutorial_dag.py for tasks to queue
[2024-08-30T05:48:36.186+0000] {logging_mixin.py:190} INFO - [2024-08-30T05:48:36.186+0000] {dagbag.py:587} INFO - Filling up the DagBag from /home/airflow/.local/lib/python3.12/site-packages/airflow/example_dags/tutorial_dag.py
[2024-08-30T05:48:36.209+0000] {processor.py:925} INFO - DAG(s) 'tutorial_dag' retrieved from /home/airflow/.local/lib/python3.12/site-packages/airflow/example_dags/tutorial_dag.py
[2024-08-30T05:48:36.258+0000] {logging_mixin.py:190} INFO - [2024-08-30T05:48:36.258+0000] {dag.py:3211} INFO - Sync 1 DAGs
[2024-08-30T05:48:36.303+0000] {logging_mixin.py:190} INFO - [2024-08-30T05:48:36.302+0000] {dag.py:4138} INFO - Setting next_dagrun for tutorial_dag to None, run_after=None
[2024-08-30T05:48:36.359+0000] {processor.py:208} INFO - Processing /home/airflow/.local/lib/python3.12/site-packages/airflow/example_dags/tutorial_dag.py took 0.190 seconds
[2024-08-30T05:49:08.076+0000] {processor.py:186} INFO - Started process (PID=176) to work on /home/airflow/.local/lib/python3.12/site-packages/airflow/example_dags/tutorial_dag.py
[2024-08-30T05:49:08.082+0000] {processor.py:914} INFO - Processing file /home/airflow/.local/lib/python3.12/site-packages/airflow/example_dags/tutorial_dag.py for tasks to queue
[2024-08-30T05:49:08.086+0000] {logging_mixin.py:190} INFO - [2024-08-30T05:49:08.086+0000] {dagbag.py:587} INFO - Filling up the DagBag from /home/airflow/.local/lib/python3.12/site-packages/airflow/example_dags/tutorial_dag.py
[2024-08-30T05:49:08.116+0000] {processor.py:925} INFO - DAG(s) 'tutorial_dag' retrieved from /home/airflow/.local/lib/python3.12/site-packages/airflow/example_dags/tutorial_dag.py
[2024-08-30T05:49:08.172+0000] {logging_mixin.py:190} INFO - [2024-08-30T05:49:08.171+0000] {dag.py:3211} INFO - Sync 1 DAGs
[2024-08-30T05:49:08.221+0000] {logging_mixin.py:190} INFO - [2024-08-30T05:49:08.220+0000] {dag.py:4138} INFO - Setting next_dagrun for tutorial_dag to None, run_after=None
[2024-08-30T05:49:08.261+0000] {processor.py:208} INFO - Processing /home/airflow/.local/lib/python3.12/site-packages/airflow/example_dags/tutorial_dag.py took 0.198 seconds
[2024-08-30T05:49:39.037+0000] {processor.py:186} INFO - Started process (PID=238) to work on /home/airflow/.local/lib/python3.12/site-packages/airflow/example_dags/tutorial_dag.py
[2024-08-30T05:49:39.038+0000] {processor.py:914} INFO - Processing file /home/airflow/.local/lib/python3.12/site-packages/airflow/example_dags/tutorial_dag.py for tasks to queue
[2024-08-30T05:49:39.041+0000] {logging_mixin.py:190} INFO - [2024-08-30T05:49:39.041+0000] {dagbag.py:587} INFO - Filling up the DagBag from /home/airflow/.local/lib/python3.12/site-packages/airflow/example_dags/tutorial_dag.py
[2024-08-30T05:49:39.051+0000] {processor.py:925} INFO - DAG(s) 'tutorial_dag' retrieved from /home/airflow/.local/lib/python3.12/site-packages/airflow/example_dags/tutorial_dag.py
[2024-08-30T05:49:39.082+0000] {logging_mixin.py:190} INFO - [2024-08-30T05:49:39.082+0000] {dag.py:3211} INFO - Sync 1 DAGs
[2024-08-30T05:49:39.103+0000] {logging_mixin.py:190} INFO - [2024-08-30T05:49:39.103+0000] {dag.py:4138} INFO - Setting next_dagrun for tutorial_dag to None, run_after=None
[2024-08-30T05:49:39.125+0000] {processor.py:208} INFO - Processing /home/airflow/.local/lib/python3.12/site-packages/airflow/example_dags/tutorial_dag.py took 0.096 seconds
[2024-08-30T05:50:10.323+0000] {processor.py:186} INFO - Started process (PID=300) to work on /home/airflow/.local/lib/python3.12/site-packages/airflow/example_dags/tutorial_dag.py
[2024-08-30T05:50:10.326+0000] {processor.py:914} INFO - Processing file /home/airflow/.local/lib/python3.12/site-packages/airflow/example_dags/tutorial_dag.py for tasks to queue
[2024-08-30T05:50:10.330+0000] {logging_mixin.py:190} INFO - [2024-08-30T05:50:10.329+0000] {dagbag.py:587} INFO - Filling up the DagBag from /home/airflow/.local/lib/python3.12/site-packages/airflow/example_dags/tutorial_dag.py
[2024-08-30T05:50:10.359+0000] {processor.py:925} INFO - DAG(s) 'tutorial_dag' retrieved from /home/airflow/.local/lib/python3.12/site-packages/airflow/example_dags/tutorial_dag.py
[2024-08-30T05:50:10.432+0000] {logging_mixin.py:190} INFO - [2024-08-30T05:50:10.428+0000] {dag.py:3211} INFO - Sync 1 DAGs
[2024-08-30T05:50:10.491+0000] {logging_mixin.py:190} INFO - [2024-08-30T05:50:10.491+0000] {dag.py:4138} INFO - Setting next_dagrun for tutorial_dag to None, run_after=None
[2024-08-30T05:50:10.547+0000] {processor.py:208} INFO - Processing /home/airflow/.local/lib/python3.12/site-packages/airflow/example_dags/tutorial_dag.py took 0.248 seconds
[2024-08-30T05:50:42.888+0000] {processor.py:186} INFO - Started process (PID=362) to work on /home/airflow/.local/lib/python3.12/site-packages/airflow/example_dags/tutorial_dag.py
[2024-08-30T05:50:42.891+0000] {processor.py:914} INFO - Processing file /home/airflow/.local/lib/python3.12/site-packages/airflow/example_dags/tutorial_dag.py for tasks to queue
[2024-08-30T05:50:42.896+0000] {logging_mixin.py:190} INFO - [2024-08-30T05:50:42.895+0000] {dagbag.py:587} INFO - Filling up the DagBag from /home/airflow/.local/lib/python3.12/site-packages/airflow/example_dags/tutorial_dag.py
[2024-08-30T05:50:42.912+0000] {processor.py:925} INFO - DAG(s) 'tutorial_dag' retrieved from /home/airflow/.local/lib/python3.12/site-packages/airflow/example_dags/tutorial_dag.py
[2024-08-30T05:50:42.961+0000] {logging_mixin.py:190} INFO - [2024-08-30T05:50:42.961+0000] {dag.py:3211} INFO - Sync 1 DAGs
[2024-08-30T05:50:42.984+0000] {logging_mixin.py:190} INFO - [2024-08-30T05:50:42.984+0000] {dag.py:4138} INFO - Setting next_dagrun for tutorial_dag to None, run_after=None
[2024-08-30T05:50:43.013+0000] {processor.py:208} INFO - Processing /home/airflow/.local/lib/python3.12/site-packages/airflow/example_dags/tutorial_dag.py took 0.137 seconds
[2024-08-30T05:51:13.545+0000] {processor.py:186} INFO - Started process (PID=424) to work on /home/airflow/.local/lib/python3.12/site-packages/airflow/example_dags/tutorial_dag.py
[2024-08-30T05:51:13.548+0000] {processor.py:914} INFO - Processing file /home/airflow/.local/lib/python3.12/site-packages/airflow/example_dags/tutorial_dag.py for tasks to queue
[2024-08-30T05:51:13.551+0000] {logging_mixin.py:190} INFO - [2024-08-30T05:51:13.551+0000] {dagbag.py:587} INFO - Filling up the DagBag from /home/airflow/.local/lib/python3.12/site-packages/airflow/example_dags/tutorial_dag.py
[2024-08-30T05:51:13.570+0000] {processor.py:925} INFO - DAG(s) 'tutorial_dag' retrieved from /home/airflow/.local/lib/python3.12/site-packages/airflow/example_dags/tutorial_dag.py
[2024-08-30T05:51:13.607+0000] {logging_mixin.py:190} INFO - [2024-08-30T05:51:13.606+0000] {dag.py:3211} INFO - Sync 1 DAGs
[2024-08-30T05:51:13.630+0000] {logging_mixin.py:190} INFO - [2024-08-30T05:51:13.630+0000] {dag.py:4138} INFO - Setting next_dagrun for tutorial_dag to None, run_after=None
[2024-08-30T05:51:13.661+0000] {processor.py:208} INFO - Processing /home/airflow/.local/lib/python3.12/site-packages/airflow/example_dags/tutorial_dag.py took 0.125 seconds
[2024-08-30T05:51:43.762+0000] {processor.py:186} INFO - Started process (PID=486) to work on /home/airflow/.local/lib/python3.12/site-packages/airflow/example_dags/tutorial_dag.py
[2024-08-30T05:51:43.764+0000] {processor.py:914} INFO - Processing file /home/airflow/.local/lib/python3.12/site-packages/airflow/example_dags/tutorial_dag.py for tasks to queue
[2024-08-30T05:51:43.767+0000] {logging_mixin.py:190} INFO - [2024-08-30T05:51:43.767+0000] {dagbag.py:587} INFO - Filling up the DagBag from /home/airflow/.local/lib/python3.12/site-packages/airflow/example_dags/tutorial_dag.py
[2024-08-30T05:51:43.778+0000] {processor.py:925} INFO - DAG(s) 'tutorial_dag' retrieved from /home/airflow/.local/lib/python3.12/site-packages/airflow/example_dags/tutorial_dag.py
[2024-08-30T05:51:43.807+0000] {logging_mixin.py:190} INFO - [2024-08-30T05:51:43.806+0000] {dag.py:3211} INFO - Sync 1 DAGs
[2024-08-30T05:51:43.832+0000] {logging_mixin.py:190} INFO - [2024-08-30T05:51:43.831+0000] {dag.py:4138} INFO - Setting next_dagrun for tutorial_dag to None, run_after=None
[2024-08-30T05:51:43.855+0000] {processor.py:208} INFO - Processing /home/airflow/.local/lib/python3.12/site-packages/airflow/example_dags/tutorial_dag.py took 0.100 seconds
[2024-08-30T05:52:16.795+0000] {processor.py:186} INFO - Started process (PID=514) to work on /home/airflow/.local/lib/python3.12/site-packages/airflow/example_dags/tutorial_dag.py
[2024-08-30T05:52:16.797+0000] {processor.py:914} INFO - Processing file /home/airflow/.local/lib/python3.12/site-packages/airflow/example_dags/tutorial_dag.py for tasks to queue
[2024-08-30T05:52:16.800+0000] {logging_mixin.py:190} INFO - [2024-08-30T05:52:16.800+0000] {dagbag.py:587} INFO - Filling up the DagBag from /home/airflow/.local/lib/python3.12/site-packages/airflow/example_dags/tutorial_dag.py
[2024-08-30T05:52:16.814+0000] {processor.py:925} INFO - DAG(s) 'tutorial_dag' retrieved from /home/airflow/.local/lib/python3.12/site-packages/airflow/example_dags/tutorial_dag.py
[2024-08-30T05:52:16.843+0000] {logging_mixin.py:190} INFO - [2024-08-30T05:52:16.843+0000] {dag.py:3211} INFO - Sync 1 DAGs
[2024-08-30T05:52:16.865+0000] {logging_mixin.py:190} INFO - [2024-08-30T05:52:16.865+0000] {dag.py:4138} INFO - Setting next_dagrun for tutorial_dag to None, run_after=None
[2024-08-30T05:52:16.892+0000] {processor.py:208} INFO - Processing /home/airflow/.local/lib/python3.12/site-packages/airflow/example_dags/tutorial_dag.py took 0.107 seconds
[2024-08-30T05:52:47.453+0000] {processor.py:186} INFO - Started process (PID=576) to work on /home/airflow/.local/lib/python3.12/site-packages/airflow/example_dags/tutorial_dag.py
[2024-08-30T05:52:47.454+0000] {processor.py:914} INFO - Processing file /home/airflow/.local/lib/python3.12/site-packages/airflow/example_dags/tutorial_dag.py for tasks to queue
[2024-08-30T05:52:47.457+0000] {logging_mixin.py:190} INFO - [2024-08-30T05:52:47.457+0000] {dagbag.py:587} INFO - Filling up the DagBag from /home/airflow/.local/lib/python3.12/site-packages/airflow/example_dags/tutorial_dag.py
[2024-08-30T05:52:47.467+0000] {processor.py:925} INFO - DAG(s) 'tutorial_dag' retrieved from /home/airflow/.local/lib/python3.12/site-packages/airflow/example_dags/tutorial_dag.py
[2024-08-30T05:52:47.493+0000] {logging_mixin.py:190} INFO - [2024-08-30T05:52:47.493+0000] {dag.py:3211} INFO - Sync 1 DAGs
[2024-08-30T05:52:47.513+0000] {logging_mixin.py:190} INFO - [2024-08-30T05:52:47.513+0000] {dag.py:4138} INFO - Setting next_dagrun for tutorial_dag to None, run_after=None
[2024-08-30T05:52:47.539+0000] {processor.py:208} INFO - Processing /home/airflow/.local/lib/python3.12/site-packages/airflow/example_dags/tutorial_dag.py took 0.093 seconds
[2024-08-30T05:53:17.968+0000] {processor.py:186} INFO - Started process (PID=638) to work on /home/airflow/.local/lib/python3.12/site-packages/airflow/example_dags/tutorial_dag.py
[2024-08-30T05:53:17.970+0000] {processor.py:914} INFO - Processing file /home/airflow/.local/lib/python3.12/site-packages/airflow/example_dags/tutorial_dag.py for tasks to queue
[2024-08-30T05:53:17.974+0000] {logging_mixin.py:190} INFO - [2024-08-30T05:53:17.973+0000] {dagbag.py:587} INFO - Filling up the DagBag from /home/airflow/.local/lib/python3.12/site-packages/airflow/example_dags/tutorial_dag.py
[2024-08-30T05:53:17.983+0000] {processor.py:925} INFO - DAG(s) 'tutorial_dag' retrieved from /home/airflow/.local/lib/python3.12/site-packages/airflow/example_dags/tutorial_dag.py
[2024-08-30T05:53:18.005+0000] {logging_mixin.py:190} INFO - [2024-08-30T05:53:18.005+0000] {dag.py:3211} INFO - Sync 1 DAGs
[2024-08-30T05:53:18.020+0000] {logging_mixin.py:190} INFO - [2024-08-30T05:53:18.020+0000] {dag.py:4138} INFO - Setting next_dagrun for tutorial_dag to None, run_after=None
[2024-08-30T05:53:18.038+0000] {processor.py:208} INFO - Processing /home/airflow/.local/lib/python3.12/site-packages/airflow/example_dags/tutorial_dag.py took 0.076 seconds
[2024-08-30T05:53:49.295+0000] {processor.py:186} INFO - Started process (PID=700) to work on /home/airflow/.local/lib/python3.12/site-packages/airflow/example_dags/tutorial_dag.py
[2024-08-30T05:53:49.296+0000] {processor.py:914} INFO - Processing file /home/airflow/.local/lib/python3.12/site-packages/airflow/example_dags/tutorial_dag.py for tasks to queue
[2024-08-30T05:53:49.299+0000] {logging_mixin.py:190} INFO - [2024-08-30T05:53:49.299+0000] {dagbag.py:587} INFO - Filling up the DagBag from /home/airflow/.local/lib/python3.12/site-packages/airflow/example_dags/tutorial_dag.py
[2024-08-30T05:53:49.306+0000] {processor.py:925} INFO - DAG(s) 'tutorial_dag' retrieved from /home/airflow/.local/lib/python3.12/site-packages/airflow/example_dags/tutorial_dag.py
[2024-08-30T05:53:49.327+0000] {logging_mixin.py:190} INFO - [2024-08-30T05:53:49.327+0000] {dag.py:3211} INFO - Sync 1 DAGs
[2024-08-30T05:53:49.342+0000] {logging_mixin.py:190} INFO - [2024-08-30T05:53:49.342+0000] {dag.py:4138} INFO - Setting next_dagrun for tutorial_dag to None, run_after=None
[2024-08-30T05:53:49.361+0000] {processor.py:208} INFO - Processing /home/airflow/.local/lib/python3.12/site-packages/airflow/example_dags/tutorial_dag.py took 0.071 seconds
[2024-08-30T05:54:19.567+0000] {processor.py:186} INFO - Started process (PID=762) to work on /home/airflow/.local/lib/python3.12/site-packages/airflow/example_dags/tutorial_dag.py
[2024-08-30T05:54:19.568+0000] {processor.py:914} INFO - Processing file /home/airflow/.local/lib/python3.12/site-packages/airflow/example_dags/tutorial_dag.py for tasks to queue
[2024-08-30T05:54:19.570+0000] {logging_mixin.py:190} INFO - [2024-08-30T05:54:19.570+0000] {dagbag.py:587} INFO - Filling up the DagBag from /home/airflow/.local/lib/python3.12/site-packages/airflow/example_dags/tutorial_dag.py
[2024-08-30T05:54:19.578+0000] {processor.py:925} INFO - DAG(s) 'tutorial_dag' retrieved from /home/airflow/.local/lib/python3.12/site-packages/airflow/example_dags/tutorial_dag.py
[2024-08-30T05:54:19.599+0000] {logging_mixin.py:190} INFO - [2024-08-30T05:54:19.599+0000] {dag.py:3211} INFO - Sync 1 DAGs
[2024-08-30T05:54:19.613+0000] {logging_mixin.py:190} INFO - [2024-08-30T05:54:19.613+0000] {dag.py:4138} INFO - Setting next_dagrun for tutorial_dag to None, run_after=None
[2024-08-30T05:54:19.633+0000] {processor.py:208} INFO - Processing /home/airflow/.local/lib/python3.12/site-packages/airflow/example_dags/tutorial_dag.py took 0.072 seconds
[2024-08-30T05:54:49.938+0000] {processor.py:186} INFO - Started process (PID=824) to work on /home/airflow/.local/lib/python3.12/site-packages/airflow/example_dags/tutorial_dag.py
[2024-08-30T05:54:49.939+0000] {processor.py:914} INFO - Processing file /home/airflow/.local/lib/python3.12/site-packages/airflow/example_dags/tutorial_dag.py for tasks to queue
[2024-08-30T05:54:49.942+0000] {logging_mixin.py:190} INFO - [2024-08-30T05:54:49.941+0000] {dagbag.py:587} INFO - Filling up the DagBag from /home/airflow/.local/lib/python3.12/site-packages/airflow/example_dags/tutorial_dag.py
[2024-08-30T05:54:49.950+0000] {processor.py:925} INFO - DAG(s) 'tutorial_dag' retrieved from /home/airflow/.local/lib/python3.12/site-packages/airflow/example_dags/tutorial_dag.py
[2024-08-30T05:54:49.972+0000] {logging_mixin.py:190} INFO - [2024-08-30T05:54:49.972+0000] {dag.py:3211} INFO - Sync 1 DAGs
[2024-08-30T05:54:49.993+0000] {logging_mixin.py:190} INFO - [2024-08-30T05:54:49.992+0000] {dag.py:4138} INFO - Setting next_dagrun for tutorial_dag to None, run_after=None
[2024-08-30T05:54:50.012+0000] {processor.py:208} INFO - Processing /home/airflow/.local/lib/python3.12/site-packages/airflow/example_dags/tutorial_dag.py took 0.079 seconds
[2024-08-30T05:55:20.420+0000] {processor.py:186} INFO - Started process (PID=886) to work on /home/airflow/.local/lib/python3.12/site-packages/airflow/example_dags/tutorial_dag.py
[2024-08-30T05:55:20.421+0000] {processor.py:914} INFO - Processing file /home/airflow/.local/lib/python3.12/site-packages/airflow/example_dags/tutorial_dag.py for tasks to queue
[2024-08-30T05:55:20.424+0000] {logging_mixin.py:190} INFO - [2024-08-30T05:55:20.423+0000] {dagbag.py:587} INFO - Filling up the DagBag from /home/airflow/.local/lib/python3.12/site-packages/airflow/example_dags/tutorial_dag.py
[2024-08-30T05:55:20.432+0000] {processor.py:925} INFO - DAG(s) 'tutorial_dag' retrieved from /home/airflow/.local/lib/python3.12/site-packages/airflow/example_dags/tutorial_dag.py
[2024-08-30T05:55:20.452+0000] {logging_mixin.py:190} INFO - [2024-08-30T05:55:20.452+0000] {dag.py:3211} INFO - Sync 1 DAGs
[2024-08-30T05:55:20.467+0000] {logging_mixin.py:190} INFO - [2024-08-30T05:55:20.467+0000] {dag.py:4138} INFO - Setting next_dagrun for tutorial_dag to None, run_after=None
[2024-08-30T05:55:20.486+0000] {processor.py:208} INFO - Processing /home/airflow/.local/lib/python3.12/site-packages/airflow/example_dags/tutorial_dag.py took 0.072 seconds
[2024-08-30T05:55:56.407+0000] {processor.py:186} INFO - Started process (PID=948) to work on /home/airflow/.local/lib/python3.12/site-packages/airflow/example_dags/tutorial_dag.py
[2024-08-30T05:55:56.410+0000] {processor.py:914} INFO - Processing file /home/airflow/.local/lib/python3.12/site-packages/airflow/example_dags/tutorial_dag.py for tasks to queue
[2024-08-30T05:55:56.417+0000] {logging_mixin.py:190} INFO - [2024-08-30T05:55:56.415+0000] {dagbag.py:587} INFO - Filling up the DagBag from /home/airflow/.local/lib/python3.12/site-packages/airflow/example_dags/tutorial_dag.py
[2024-08-30T05:55:56.441+0000] {processor.py:925} INFO - DAG(s) 'tutorial_dag' retrieved from /home/airflow/.local/lib/python3.12/site-packages/airflow/example_dags/tutorial_dag.py
[2024-08-30T05:55:56.743+0000] {logging_mixin.py:190} INFO - [2024-08-30T05:55:56.736+0000] {dag.py:3211} INFO - Sync 1 DAGs
[2024-08-30T05:55:56.772+0000] {logging_mixin.py:190} INFO - [2024-08-30T05:55:56.772+0000] {dag.py:4138} INFO - Setting next_dagrun for tutorial_dag to None, run_after=None
[2024-08-30T05:55:56.813+0000] {processor.py:208} INFO - Processing /home/airflow/.local/lib/python3.12/site-packages/airflow/example_dags/tutorial_dag.py took 0.421 seconds
[2024-08-30T05:56:26.941+0000] {processor.py:186} INFO - Started process (PID=1010) to work on /home/airflow/.local/lib/python3.12/site-packages/airflow/example_dags/tutorial_dag.py
[2024-08-30T05:56:26.943+0000] {processor.py:914} INFO - Processing file /home/airflow/.local/lib/python3.12/site-packages/airflow/example_dags/tutorial_dag.py for tasks to queue
[2024-08-30T05:56:26.946+0000] {logging_mixin.py:190} INFO - [2024-08-30T05:56:26.946+0000] {dagbag.py:587} INFO - Filling up the DagBag from /home/airflow/.local/lib/python3.12/site-packages/airflow/example_dags/tutorial_dag.py
[2024-08-30T05:56:26.955+0000] {processor.py:925} INFO - DAG(s) 'tutorial_dag' retrieved from /home/airflow/.local/lib/python3.12/site-packages/airflow/example_dags/tutorial_dag.py
[2024-08-30T05:56:26.975+0000] {logging_mixin.py:190} INFO - [2024-08-30T05:56:26.975+0000] {dag.py:3211} INFO - Sync 1 DAGs
[2024-08-30T05:56:26.991+0000] {logging_mixin.py:190} INFO - [2024-08-30T05:56:26.991+0000] {dag.py:4138} INFO - Setting next_dagrun for tutorial_dag to None, run_after=None
[2024-08-30T05:56:27.011+0000] {processor.py:208} INFO - Processing /home/airflow/.local/lib/python3.12/site-packages/airflow/example_dags/tutorial_dag.py took 0.079 seconds
