[2024-09-01T15:14:34.651+0000] {local_task_job_runner.py:123} INFO - ::group::Pre task execution logs
[2024-09-01T15:14:34.677+0000] {taskinstance.py:2603} INFO - Dependencies all met for dep_context=non-requeueable deps ti=<TaskInstance: ml_pipeline.load_data manual__2024-09-01T15:14:28.744032+00:00 [queued]>
[2024-09-01T15:14:34.691+0000] {taskinstance.py:2603} INFO - Dependencies all met for dep_context=requeueable deps ti=<TaskInstance: ml_pipeline.load_data manual__2024-09-01T15:14:28.744032+00:00 [queued]>
[2024-09-01T15:14:34.692+0000] {taskinstance.py:2856} INFO - Starting attempt 1 of 2
[2024-09-01T15:14:34.714+0000] {taskinstance.py:2879} INFO - Executing <Task(PythonOperator): load_data> on 2024-09-01 15:14:28.744032+00:00
[2024-09-01T15:14:34.731+0000] {standard_task_runner.py:104} INFO - Running: ['***', 'tasks', 'run', 'ml_pipeline', 'load_data', 'manual__2024-09-01T15:14:28.744032+00:00', '--job-id', '69', '--raw', '--subdir', 'DAGS_FOLDER/ml_pipeline.py', '--cfg-path', '/tmp/tmpkk78rsgm']
[2024-09-01T15:14:34.728+0000] {warnings.py:112} WARNING - /home/***/.local/lib/python3.12/site-packages/***/task/task_runner/standard_task_runner.py:70: DeprecationWarning: This process (pid=712) is multi-threaded, use of fork() may lead to deadlocks in the child.
  pid = os.fork()

[2024-09-01T15:14:34.734+0000] {standard_task_runner.py:105} INFO - Job 69: Subtask load_data
[2024-09-01T15:14:34.734+0000] {standard_task_runner.py:72} INFO - Started process 728 to run task
[2024-09-01T15:14:34.808+0000] {task_command.py:467} INFO - Running <TaskInstance: ml_pipeline.load_data manual__2024-09-01T15:14:28.744032+00:00 [running]> on host e851988aa96f
[2024-09-01T15:14:35.325+0000] {taskinstance.py:3122} INFO - Exporting env vars: AIRFLOW_CTX_DAG_OWNER='***' AIRFLOW_CTX_DAG_ID='ml_pipeline' AIRFLOW_CTX_TASK_ID='load_data' AIRFLOW_CTX_EXECUTION_DATE='2024-09-01T15:14:28.744032+00:00' AIRFLOW_CTX_TRY_NUMBER='1' AIRFLOW_CTX_DAG_RUN_ID='manual__2024-09-01T15:14:28.744032+00:00'
[2024-09-01T15:14:35.327+0000] {logging_mixin.py:190} INFO - Task instance is in running state
[2024-09-01T15:14:35.328+0000] {logging_mixin.py:190} INFO -  Previous state of the Task instance: queued
[2024-09-01T15:14:35.330+0000] {logging_mixin.py:190} INFO - Current task name:load_data state:running start_date:2024-09-01 15:14:34.678966+00:00
[2024-09-01T15:14:35.331+0000] {logging_mixin.py:190} INFO - Dag name:ml_pipeline and current dag run status:running
[2024-09-01T15:14:35.332+0000] {taskinstance.py:731} INFO - ::endgroup::
[2024-09-01T15:14:35.379+0000] {python.py:240} INFO - Done. Returned value was: Airflow/data/iris_data.csv
[2024-09-01T15:14:35.419+0000] {taskinstance.py:340} INFO - ::group::Post task execution logs
[2024-09-01T15:14:35.421+0000] {taskinstance.py:352} INFO - Marking task as SUCCESS. dag_id=ml_pipeline, task_id=load_data, run_id=manual__2024-09-01T15:14:28.744032+00:00, execution_date=20240901T151428, start_date=20240901T151434, end_date=20240901T151435
[2024-09-01T15:14:35.440+0000] {logging_mixin.py:190} INFO - Task instance in success state
[2024-09-01T15:14:35.441+0000] {logging_mixin.py:190} INFO -  Previous state of the Task instance: running
[2024-09-01T15:14:35.442+0000] {logging_mixin.py:190} INFO - Dag name:ml_pipeline queued_at:2024-09-01 15:14:28.788334+00:00
[2024-09-01T15:14:35.443+0000] {logging_mixin.py:190} INFO - Task hostname:e851988aa96f operator:PythonOperator
[2024-09-01T15:14:35.515+0000] {local_task_job_runner.py:261} INFO - Task exited with return code 0
[2024-09-01T15:14:35.592+0000] {taskinstance.py:3891} INFO - 0 downstream tasks scheduled from follow-on schedule check
[2024-09-01T15:14:35.603+0000] {local_task_job_runner.py:240} INFO - ::endgroup::
