[2024-09-01T14:52:39.985+0000] {local_task_job_runner.py:123} INFO - ::group::Pre task execution logs
[2024-09-01T14:52:40.182+0000] {taskinstance.py:2603} INFO - Dependencies all met for dep_context=non-requeueable deps ti=<TaskInstance: ml_pipeline.load_data manual__2024-09-01T14:52:35.405738+00:00 [queued]>
[2024-09-01T14:52:40.198+0000] {taskinstance.py:2603} INFO - Dependencies all met for dep_context=requeueable deps ti=<TaskInstance: ml_pipeline.load_data manual__2024-09-01T14:52:35.405738+00:00 [queued]>
[2024-09-01T14:52:40.199+0000] {taskinstance.py:2856} INFO - Starting attempt 1 of 2
[2024-09-01T14:52:40.220+0000] {taskinstance.py:2879} INFO - Executing <Task(PythonOperator): load_data> on 2024-09-01 14:52:35.405738+00:00
[2024-09-01T14:52:40.235+0000] {warnings.py:112} WARNING - /home/***/.local/lib/python3.12/site-packages/***/task/task_runner/standard_task_runner.py:70: DeprecationWarning: This process (pid=285) is multi-threaded, use of fork() may lead to deadlocks in the child.
  pid = os.fork()

[2024-09-01T14:52:40.239+0000] {standard_task_runner.py:72} INFO - Started process 294 to run task
[2024-09-01T14:52:40.238+0000] {standard_task_runner.py:104} INFO - Running: ['***', 'tasks', 'run', 'ml_pipeline', 'load_data', 'manual__2024-09-01T14:52:35.405738+00:00', '--job-id', '55', '--raw', '--subdir', 'DAGS_FOLDER/ml_pipeline.py', '--cfg-path', '/tmp/tmp0inpvy_e']
[2024-09-01T14:52:40.241+0000] {standard_task_runner.py:105} INFO - Job 55: Subtask load_data
[2024-09-01T14:52:40.334+0000] {task_command.py:467} INFO - Running <TaskInstance: ml_pipeline.load_data manual__2024-09-01T14:52:35.405738+00:00 [running]> on host e851988aa96f
[2024-09-01T14:52:40.456+0000] {taskinstance.py:3122} INFO - Exporting env vars: AIRFLOW_CTX_DAG_OWNER='***' AIRFLOW_CTX_DAG_ID='ml_pipeline' AIRFLOW_CTX_TASK_ID='load_data' AIRFLOW_CTX_EXECUTION_DATE='2024-09-01T14:52:35.405738+00:00' AIRFLOW_CTX_TRY_NUMBER='1' AIRFLOW_CTX_DAG_RUN_ID='manual__2024-09-01T14:52:35.405738+00:00'
[2024-09-01T14:52:40.459+0000] {logging_mixin.py:190} INFO - Task instance is in running state
[2024-09-01T14:52:40.461+0000] {logging_mixin.py:190} INFO -  Previous state of the Task instance: queued
[2024-09-01T14:52:40.461+0000] {logging_mixin.py:190} INFO - Current task name:load_data state:running start_date:2024-09-01 14:52:40.183952+00:00
[2024-09-01T14:52:40.462+0000] {logging_mixin.py:190} INFO - Dag name:ml_pipeline and current dag run status:running
[2024-09-01T14:52:40.463+0000] {taskinstance.py:731} INFO - ::endgroup::
[2024-09-01T14:52:40.501+0000] {python.py:240} INFO - Done. Returned value was:      sepal length (cm)  sepal width (cm)  ...  petal width (cm)  target
0                  5.1               3.5  ...               0.2       0
1                  4.9               3.0  ...               0.2       0
2                  4.7               3.2  ...               0.2       0
3                  4.6               3.1  ...               0.2       0
4                  5.0               3.6  ...               0.2       0
..                 ...               ...  ...               ...     ...
145                6.7               3.0  ...               2.3       2
146                6.3               2.5  ...               1.9       2
147                6.5               3.0  ...               2.0       2
148                6.2               3.4  ...               2.3       2
149                5.9               3.0  ...               1.8       2

[150 rows x 5 columns]
[2024-09-01T14:52:40.711+0000] {taskinstance.py:340} INFO - ::group::Post task execution logs
[2024-09-01T14:52:40.712+0000] {taskinstance.py:352} INFO - Marking task as SUCCESS. dag_id=ml_pipeline, task_id=load_data, run_id=manual__2024-09-01T14:52:35.405738+00:00, execution_date=20240901T145235, start_date=20240901T145240, end_date=20240901T145240
[2024-09-01T14:52:40.727+0000] {logging_mixin.py:190} INFO - Task instance in success state
[2024-09-01T14:52:40.728+0000] {logging_mixin.py:190} INFO -  Previous state of the Task instance: running
[2024-09-01T14:52:40.729+0000] {logging_mixin.py:190} INFO - Dag name:ml_pipeline queued_at:2024-09-01 14:52:35.452890+00:00
[2024-09-01T14:52:40.730+0000] {logging_mixin.py:190} INFO - Task hostname:e851988aa96f operator:PythonOperator
[2024-09-01T14:52:40.779+0000] {local_task_job_runner.py:261} INFO - Task exited with return code 0
[2024-09-01T14:52:40.799+0000] {local_task_job_runner.py:240} INFO - ::endgroup::
