[2024-09-04T17:38:44.932+0000] {local_task_job_runner.py:123} INFO - ::group::Pre task execution logs
[2024-09-04T17:38:44.947+0000] {taskinstance.py:2603} INFO - Dependencies all met for dep_context=non-requeueable deps ti=<TaskInstance: ml_pipeline.train_model manual__2024-09-04T17:38:31.384109+00:00 [queued]>
[2024-09-04T17:38:44.956+0000] {taskinstance.py:2603} INFO - Dependencies all met for dep_context=requeueable deps ti=<TaskInstance: ml_pipeline.train_model manual__2024-09-04T17:38:31.384109+00:00 [queued]>
[2024-09-04T17:38:44.957+0000] {taskinstance.py:2856} INFO - Starting attempt 1 of 2
[2024-09-04T17:38:44.970+0000] {taskinstance.py:2879} INFO - Executing <Task(PythonOperator): train_model> on 2024-09-04 17:38:31.384109+00:00
[2024-09-04T17:38:44.980+0000] {warnings.py:112} WARNING - /home/***/.local/lib/python3.12/site-packages/***/task/task_runner/standard_task_runner.py:70: DeprecationWarning: This process (pid=322) is multi-threaded, use of fork() may lead to deadlocks in the child.
  pid = os.fork()

[2024-09-04T17:38:44.981+0000] {standard_task_runner.py:104} INFO - Running: ['***', 'tasks', 'run', 'ml_pipeline', 'train_model', 'manual__2024-09-04T17:38:31.384109+00:00', '--job-id', '141', '--raw', '--subdir', 'DAGS_FOLDER/ml_pipeline.py', '--cfg-path', '/tmp/tmphl6vsiao']
[2024-09-04T17:38:44.982+0000] {standard_task_runner.py:72} INFO - Started process 331 to run task
[2024-09-04T17:38:44.982+0000] {standard_task_runner.py:105} INFO - Job 141: Subtask train_model
[2024-09-04T17:38:45.038+0000] {task_command.py:467} INFO - Running <TaskInstance: ml_pipeline.train_model manual__2024-09-04T17:38:31.384109+00:00 [running]> on host 0b0bca6cb190
[2024-09-04T17:38:45.146+0000] {taskinstance.py:3122} INFO - Exporting env vars: AIRFLOW_CTX_DAG_OWNER='***' AIRFLOW_CTX_DAG_ID='ml_pipeline' AIRFLOW_CTX_TASK_ID='train_model' AIRFLOW_CTX_EXECUTION_DATE='2024-09-04T17:38:31.384109+00:00' AIRFLOW_CTX_TRY_NUMBER='1' AIRFLOW_CTX_DAG_RUN_ID='manual__2024-09-04T17:38:31.384109+00:00'
[2024-09-04T17:38:45.148+0000] {logging_mixin.py:190} INFO - Task instance is in running state
[2024-09-04T17:38:45.149+0000] {logging_mixin.py:190} INFO -  Previous state of the Task instance: queued
[2024-09-04T17:38:45.149+0000] {logging_mixin.py:190} INFO - Current task name:train_model state:running start_date:2024-09-04 17:38:44.948049+00:00
[2024-09-04T17:38:45.150+0000] {logging_mixin.py:190} INFO - Dag name:ml_pipeline and current dag run status:running
[2024-09-04T17:38:45.150+0000] {taskinstance.py:731} INFO - ::endgroup::
[2024-09-04T17:38:45.195+0000] {logging_mixin.py:190} INFO - X_test shape: (30, 4), y_test shape: (30,)
[2024-09-04T17:38:45.216+0000] {python.py:240} INFO - Done. Returned value was: Airflow/data/decision_tree_model.pkl
[2024-09-04T17:38:45.232+0000] {taskinstance.py:340} INFO - ::group::Post task execution logs
[2024-09-04T17:38:45.233+0000] {taskinstance.py:352} INFO - Marking task as SUCCESS. dag_id=ml_pipeline, task_id=train_model, run_id=manual__2024-09-04T17:38:31.384109+00:00, execution_date=20240904T173831, start_date=20240904T173844, end_date=20240904T173845
[2024-09-04T17:38:45.243+0000] {logging_mixin.py:190} INFO - Task instance in success state
[2024-09-04T17:38:45.244+0000] {logging_mixin.py:190} INFO -  Previous state of the Task instance: running
[2024-09-04T17:38:45.244+0000] {logging_mixin.py:190} INFO - Dag name:ml_pipeline queued_at:2024-09-04 17:38:31.575019+00:00
[2024-09-04T17:38:45.245+0000] {logging_mixin.py:190} INFO - Task hostname:0b0bca6cb190 operator:PythonOperator
[2024-09-04T17:38:45.280+0000] {local_task_job_runner.py:261} INFO - Task exited with return code 0
[2024-09-04T17:38:45.303+0000] {taskinstance.py:3891} INFO - 1 downstream tasks scheduled from follow-on schedule check
[2024-09-04T17:38:45.306+0000] {local_task_job_runner.py:240} INFO - ::endgroup::
