[2024-09-01T16:13:04.261+0000] {local_task_job_runner.py:123} INFO - ::group::Pre task execution logs
[2024-09-01T16:13:04.278+0000] {taskinstance.py:2603} INFO - Dependencies all met for dep_context=non-requeueable deps ti=<TaskInstance: ml_pipeline.load_data manual__2024-09-01T16:12:59.356563+00:00 [queued]>
[2024-09-01T16:13:04.291+0000] {taskinstance.py:2603} INFO - Dependencies all met for dep_context=requeueable deps ti=<TaskInstance: ml_pipeline.load_data manual__2024-09-01T16:12:59.356563+00:00 [queued]>
[2024-09-01T16:13:04.292+0000] {taskinstance.py:2856} INFO - Starting attempt 1 of 2
[2024-09-01T16:13:04.515+0000] {taskinstance.py:2879} INFO - Executing <Task(PythonOperator): load_data> on 2024-09-01 16:12:59.356563+00:00
[2024-09-01T16:13:04.534+0000] {warnings.py:112} WARNING - /home/***/.local/lib/python3.12/site-packages/***/task/task_runner/standard_task_runner.py:70: DeprecationWarning: This process (pid=1934) is multi-threaded, use of fork() may lead to deadlocks in the child.
  pid = os.fork()

[2024-09-01T16:13:04.535+0000] {standard_task_runner.py:104} INFO - Running: ['***', 'tasks', 'run', 'ml_pipeline', 'load_data', 'manual__2024-09-01T16:12:59.356563+00:00', '--job-id', '117', '--raw', '--subdir', 'DAGS_FOLDER/ml_pipeline.py', '--cfg-path', '/tmp/tmp0b0dlaf0']
[2024-09-01T16:13:04.536+0000] {standard_task_runner.py:72} INFO - Started process 1943 to run task
[2024-09-01T16:13:04.537+0000] {standard_task_runner.py:105} INFO - Job 117: Subtask load_data
[2024-09-01T16:13:04.596+0000] {task_command.py:467} INFO - Running <TaskInstance: ml_pipeline.load_data manual__2024-09-01T16:12:59.356563+00:00 [running]> on host e851988aa96f
[2024-09-01T16:13:04.715+0000] {taskinstance.py:3122} INFO - Exporting env vars: AIRFLOW_CTX_DAG_OWNER='***' AIRFLOW_CTX_DAG_ID='ml_pipeline' AIRFLOW_CTX_TASK_ID='load_data' AIRFLOW_CTX_EXECUTION_DATE='2024-09-01T16:12:59.356563+00:00' AIRFLOW_CTX_TRY_NUMBER='1' AIRFLOW_CTX_DAG_RUN_ID='manual__2024-09-01T16:12:59.356563+00:00'
[2024-09-01T16:13:04.718+0000] {logging_mixin.py:190} INFO - Task instance is in running state
[2024-09-01T16:13:04.719+0000] {logging_mixin.py:190} INFO -  Previous state of the Task instance: queued
[2024-09-01T16:13:04.720+0000] {logging_mixin.py:190} INFO - Current task name:load_data state:running start_date:2024-09-01 16:13:04.279372+00:00
[2024-09-01T16:13:04.721+0000] {logging_mixin.py:190} INFO - Dag name:ml_pipeline and current dag run status:running
[2024-09-01T16:13:04.721+0000] {taskinstance.py:731} INFO - ::endgroup::
[2024-09-01T16:13:04.763+0000] {python.py:240} INFO - Done. Returned value was: Airflow/data/iris_data.csv
[2024-09-01T16:13:04.789+0000] {taskinstance.py:340} INFO - ::group::Post task execution logs
[2024-09-01T16:13:04.789+0000] {taskinstance.py:352} INFO - Marking task as SUCCESS. dag_id=ml_pipeline, task_id=load_data, run_id=manual__2024-09-01T16:12:59.356563+00:00, execution_date=20240901T161259, start_date=20240901T161304, end_date=20240901T161304
[2024-09-01T16:13:04.797+0000] {logging_mixin.py:190} INFO - Task instance in success state
[2024-09-01T16:13:04.798+0000] {logging_mixin.py:190} INFO -  Previous state of the Task instance: running
[2024-09-01T16:13:04.799+0000] {logging_mixin.py:190} INFO - Dag name:ml_pipeline queued_at:2024-09-01 16:12:59.388513+00:00
[2024-09-01T16:13:04.799+0000] {logging_mixin.py:190} INFO - Task hostname:e851988aa96f operator:PythonOperator
[2024-09-01T16:13:04.833+0000] {local_task_job_runner.py:261} INFO - Task exited with return code 0
[2024-09-01T16:13:04.842+0000] {local_task_job_runner.py:240} INFO - ::endgroup::
