[2024-09-02T07:11:11.182+0000] {local_task_job_runner.py:123} INFO - ::group::Pre task execution logs
[2024-09-02T07:11:11.207+0000] {taskinstance.py:2603} INFO - Dependencies all met for dep_context=non-requeueable deps ti=<TaskInstance: ml_pipeline.load_data manual__2024-09-02T07:11:04.804541+00:00 [queued]>
[2024-09-02T07:11:11.217+0000] {taskinstance.py:2603} INFO - Dependencies all met for dep_context=requeueable deps ti=<TaskInstance: ml_pipeline.load_data manual__2024-09-02T07:11:04.804541+00:00 [queued]>
[2024-09-02T07:11:11.218+0000] {taskinstance.py:2856} INFO - Starting attempt 1 of 2
[2024-09-02T07:11:11.233+0000] {taskinstance.py:2879} INFO - Executing <Task(PythonOperator): load_data> on 2024-09-02 07:11:04.804541+00:00
[2024-09-02T07:11:11.244+0000] {warnings.py:112} WARNING - /home/***/.local/lib/python3.12/site-packages/***/task/task_runner/standard_task_runner.py:70: DeprecationWarning: This process (pid=127) is multi-threaded, use of fork() may lead to deadlocks in the child.
  pid = os.fork()

[2024-09-02T07:11:11.246+0000] {standard_task_runner.py:104} INFO - Running: ['***', 'tasks', 'run', 'ml_pipeline', 'load_data', 'manual__2024-09-02T07:11:04.804541+00:00', '--job-id', '126', '--raw', '--subdir', 'DAGS_FOLDER/ml_pipeline.py', '--cfg-path', '/tmp/tmpbt20hkdq']
[2024-09-02T07:11:11.247+0000] {standard_task_runner.py:72} INFO - Started process 136 to run task
[2024-09-02T07:11:11.248+0000] {standard_task_runner.py:105} INFO - Job 126: Subtask load_data
[2024-09-02T07:11:11.309+0000] {task_command.py:467} INFO - Running <TaskInstance: ml_pipeline.load_data manual__2024-09-02T07:11:04.804541+00:00 [running]> on host 6936d20d6662
[2024-09-02T07:11:11.411+0000] {taskinstance.py:3122} INFO - Exporting env vars: AIRFLOW_CTX_DAG_OWNER='***' AIRFLOW_CTX_DAG_ID='ml_pipeline' AIRFLOW_CTX_TASK_ID='load_data' AIRFLOW_CTX_EXECUTION_DATE='2024-09-02T07:11:04.804541+00:00' AIRFLOW_CTX_TRY_NUMBER='1' AIRFLOW_CTX_DAG_RUN_ID='manual__2024-09-02T07:11:04.804541+00:00'
[2024-09-02T07:11:11.412+0000] {logging_mixin.py:190} INFO - Task instance is in running state
[2024-09-02T07:11:11.413+0000] {logging_mixin.py:190} INFO -  Previous state of the Task instance: queued
[2024-09-02T07:11:11.415+0000] {logging_mixin.py:190} INFO - Current task name:load_data state:running start_date:2024-09-02 07:11:11.208276+00:00
[2024-09-02T07:11:11.416+0000] {logging_mixin.py:190} INFO - Dag name:ml_pipeline and current dag run status:running
[2024-09-02T07:11:11.416+0000] {taskinstance.py:731} INFO - ::endgroup::
[2024-09-02T07:11:11.441+0000] {python.py:240} INFO - Done. Returned value was: Airflow/data/iris_data.csv
[2024-09-02T07:11:11.472+0000] {taskinstance.py:340} INFO - ::group::Post task execution logs
[2024-09-02T07:11:11.473+0000] {taskinstance.py:352} INFO - Marking task as SUCCESS. dag_id=ml_pipeline, task_id=load_data, run_id=manual__2024-09-02T07:11:04.804541+00:00, execution_date=20240902T071104, start_date=20240902T071111, end_date=20240902T071111
[2024-09-02T07:11:11.487+0000] {logging_mixin.py:190} INFO - Task instance in success state
[2024-09-02T07:11:11.488+0000] {logging_mixin.py:190} INFO -  Previous state of the Task instance: running
[2024-09-02T07:11:11.489+0000] {logging_mixin.py:190} INFO - Dag name:ml_pipeline queued_at:2024-09-02 07:11:04.842684+00:00
[2024-09-02T07:11:11.490+0000] {logging_mixin.py:190} INFO - Task hostname:6936d20d6662 operator:PythonOperator
[2024-09-02T07:11:11.506+0000] {local_task_job_runner.py:261} INFO - Task exited with return code 0
[2024-09-02T07:11:11.538+0000] {taskinstance.py:3891} INFO - 1 downstream tasks scheduled from follow-on schedule check
[2024-09-02T07:11:11.542+0000] {local_task_job_runner.py:240} INFO - ::endgroup::
