[2024-09-04T17:23:04.860+0000] {processor.py:186} INFO - Started process (PID=38) to work on /opt/airflow/dags/ml_pipeline.py
[2024-09-04T17:23:04.884+0000] {processor.py:914} INFO - Processing file /opt/airflow/dags/ml_pipeline.py for tasks to queue
[2024-09-04T17:23:04.925+0000] {logging_mixin.py:190} INFO - [2024-09-04T17:23:04.924+0000] {dagbag.py:587} INFO - Filling up the DagBag from /opt/airflow/dags/ml_pipeline.py
[2024-09-04T17:23:12.621+0000] {processor.py:925} INFO - DAG(s) 'ml_pipeline' retrieved from /opt/airflow/dags/ml_pipeline.py
[2024-09-04T17:23:12.660+0000] {logging_mixin.py:190} INFO - [2024-09-04T17:23:12.659+0000] {dag.py:3211} INFO - Sync 1 DAGs
[2024-09-04T17:23:12.700+0000] {logging_mixin.py:190} INFO - [2024-09-04T17:23:12.700+0000] {dag.py:4138} INFO - Setting next_dagrun for ml_pipeline to 2024-09-04 00:00:00+00:00, run_after=2024-09-05 00:00:00+00:00
[2024-09-04T17:23:12.740+0000] {processor.py:208} INFO - Processing /opt/airflow/dags/ml_pipeline.py took 8.007 seconds
[2024-09-04T17:23:43.612+0000] {processor.py:186} INFO - Started process (PID=122) to work on /opt/airflow/dags/ml_pipeline.py
[2024-09-04T17:23:43.613+0000] {processor.py:914} INFO - Processing file /opt/airflow/dags/ml_pipeline.py for tasks to queue
[2024-09-04T17:23:43.618+0000] {logging_mixin.py:190} INFO - [2024-09-04T17:23:43.618+0000] {dagbag.py:587} INFO - Filling up the DagBag from /opt/airflow/dags/ml_pipeline.py
[2024-09-04T17:23:46.343+0000] {processor.py:925} INFO - DAG(s) 'ml_pipeline' retrieved from /opt/airflow/dags/ml_pipeline.py
[2024-09-04T17:23:46.362+0000] {logging_mixin.py:190} INFO - [2024-09-04T17:23:46.362+0000] {dag.py:3211} INFO - Sync 1 DAGs
[2024-09-04T17:23:46.383+0000] {logging_mixin.py:190} INFO - [2024-09-04T17:23:46.383+0000] {dag.py:4138} INFO - Setting next_dagrun for ml_pipeline to 2024-09-04 00:00:00+00:00, run_after=2024-09-05 00:00:00+00:00
[2024-09-04T17:23:46.401+0000] {processor.py:208} INFO - Processing /opt/airflow/dags/ml_pipeline.py took 2.798 seconds
[2024-09-04T17:24:16.717+0000] {processor.py:186} INFO - Started process (PID=200) to work on /opt/airflow/dags/ml_pipeline.py
[2024-09-04T17:24:16.720+0000] {processor.py:914} INFO - Processing file /opt/airflow/dags/ml_pipeline.py for tasks to queue
[2024-09-04T17:24:16.725+0000] {logging_mixin.py:190} INFO - [2024-09-04T17:24:16.724+0000] {dagbag.py:587} INFO - Filling up the DagBag from /opt/airflow/dags/ml_pipeline.py
[2024-09-04T17:24:18.276+0000] {processor.py:925} INFO - DAG(s) 'ml_pipeline' retrieved from /opt/airflow/dags/ml_pipeline.py
[2024-09-04T17:24:18.301+0000] {logging_mixin.py:190} INFO - [2024-09-04T17:24:18.300+0000] {dag.py:3211} INFO - Sync 1 DAGs
[2024-09-04T17:24:18.334+0000] {logging_mixin.py:190} INFO - [2024-09-04T17:24:18.333+0000] {dag.py:4138} INFO - Setting next_dagrun for ml_pipeline to 2024-09-04 00:00:00+00:00, run_after=2024-09-05 00:00:00+00:00
[2024-09-04T17:24:18.358+0000] {processor.py:208} INFO - Processing /opt/airflow/dags/ml_pipeline.py took 1.653 seconds
[2024-09-04T17:24:48.514+0000] {processor.py:186} INFO - Started process (PID=277) to work on /opt/airflow/dags/ml_pipeline.py
[2024-09-04T17:24:48.515+0000] {processor.py:914} INFO - Processing file /opt/airflow/dags/ml_pipeline.py for tasks to queue
[2024-09-04T17:24:48.518+0000] {logging_mixin.py:190} INFO - [2024-09-04T17:24:48.518+0000] {dagbag.py:587} INFO - Filling up the DagBag from /opt/airflow/dags/ml_pipeline.py
[2024-09-04T17:24:49.661+0000] {processor.py:925} INFO - DAG(s) 'ml_pipeline' retrieved from /opt/airflow/dags/ml_pipeline.py
[2024-09-04T17:24:49.677+0000] {logging_mixin.py:190} INFO - [2024-09-04T17:24:49.677+0000] {dag.py:3211} INFO - Sync 1 DAGs
[2024-09-04T17:24:49.703+0000] {logging_mixin.py:190} INFO - [2024-09-04T17:24:49.703+0000] {dag.py:4138} INFO - Setting next_dagrun for ml_pipeline to 2024-09-04 00:00:00+00:00, run_after=2024-09-05 00:00:00+00:00
[2024-09-04T17:24:49.720+0000] {processor.py:208} INFO - Processing /opt/airflow/dags/ml_pipeline.py took 1.216 seconds
[2024-09-04T17:25:20.468+0000] {processor.py:186} INFO - Started process (PID=352) to work on /opt/airflow/dags/ml_pipeline.py
[2024-09-04T17:25:20.470+0000] {processor.py:914} INFO - Processing file /opt/airflow/dags/ml_pipeline.py for tasks to queue
[2024-09-04T17:25:20.474+0000] {logging_mixin.py:190} INFO - [2024-09-04T17:25:20.474+0000] {dagbag.py:587} INFO - Filling up the DagBag from /opt/airflow/dags/ml_pipeline.py
[2024-09-04T17:25:21.538+0000] {processor.py:925} INFO - DAG(s) 'ml_pipeline' retrieved from /opt/airflow/dags/ml_pipeline.py
[2024-09-04T17:25:21.563+0000] {logging_mixin.py:190} INFO - [2024-09-04T17:25:21.562+0000] {dag.py:3211} INFO - Sync 1 DAGs
[2024-09-04T17:25:21.594+0000] {logging_mixin.py:190} INFO - [2024-09-04T17:25:21.594+0000] {dag.py:4138} INFO - Setting next_dagrun for ml_pipeline to 2024-09-04 00:00:00+00:00, run_after=2024-09-05 00:00:00+00:00
[2024-09-04T17:25:21.620+0000] {processor.py:208} INFO - Processing /opt/airflow/dags/ml_pipeline.py took 1.161 seconds
[2024-09-04T17:25:51.879+0000] {processor.py:186} INFO - Started process (PID=424) to work on /opt/airflow/dags/ml_pipeline.py
[2024-09-04T17:25:51.880+0000] {processor.py:914} INFO - Processing file /opt/airflow/dags/ml_pipeline.py for tasks to queue
[2024-09-04T17:25:51.883+0000] {logging_mixin.py:190} INFO - [2024-09-04T17:25:51.883+0000] {dagbag.py:587} INFO - Filling up the DagBag from /opt/airflow/dags/ml_pipeline.py
[2024-09-04T17:25:53.223+0000] {processor.py:925} INFO - DAG(s) 'ml_pipeline' retrieved from /opt/airflow/dags/ml_pipeline.py
[2024-09-04T17:25:53.250+0000] {logging_mixin.py:190} INFO - [2024-09-04T17:25:53.249+0000] {dag.py:3211} INFO - Sync 1 DAGs
[2024-09-04T17:25:53.277+0000] {logging_mixin.py:190} INFO - [2024-09-04T17:25:53.277+0000] {dag.py:4138} INFO - Setting next_dagrun for ml_pipeline to 2024-09-04 00:00:00+00:00, run_after=2024-09-05 00:00:00+00:00
[2024-09-04T17:25:53.300+0000] {processor.py:208} INFO - Processing /opt/airflow/dags/ml_pipeline.py took 1.433 seconds
[2024-09-04T17:26:23.818+0000] {processor.py:186} INFO - Started process (PID=500) to work on /opt/airflow/dags/ml_pipeline.py
[2024-09-04T17:26:23.820+0000] {processor.py:914} INFO - Processing file /opt/airflow/dags/ml_pipeline.py for tasks to queue
[2024-09-04T17:26:23.823+0000] {logging_mixin.py:190} INFO - [2024-09-04T17:26:23.823+0000] {dagbag.py:587} INFO - Filling up the DagBag from /opt/airflow/dags/ml_pipeline.py
[2024-09-04T17:26:25.161+0000] {processor.py:925} INFO - DAG(s) 'ml_pipeline' retrieved from /opt/airflow/dags/ml_pipeline.py
[2024-09-04T17:26:25.185+0000] {logging_mixin.py:190} INFO - [2024-09-04T17:26:25.184+0000] {dag.py:3211} INFO - Sync 1 DAGs
[2024-09-04T17:26:25.234+0000] {logging_mixin.py:190} INFO - [2024-09-04T17:26:25.233+0000] {dag.py:4138} INFO - Setting next_dagrun for ml_pipeline to 2024-09-04 00:00:00+00:00, run_after=2024-09-05 00:00:00+00:00
[2024-09-04T17:26:25.291+0000] {processor.py:208} INFO - Processing /opt/airflow/dags/ml_pipeline.py took 1.480 seconds
[2024-09-04T17:26:55.382+0000] {processor.py:186} INFO - Started process (PID=577) to work on /opt/airflow/dags/ml_pipeline.py
[2024-09-04T17:26:55.383+0000] {processor.py:914} INFO - Processing file /opt/airflow/dags/ml_pipeline.py for tasks to queue
[2024-09-04T17:26:55.386+0000] {logging_mixin.py:190} INFO - [2024-09-04T17:26:55.386+0000] {dagbag.py:587} INFO - Filling up the DagBag from /opt/airflow/dags/ml_pipeline.py
[2024-09-04T17:26:56.688+0000] {processor.py:925} INFO - DAG(s) 'ml_pipeline' retrieved from /opt/airflow/dags/ml_pipeline.py
[2024-09-04T17:26:56.708+0000] {logging_mixin.py:190} INFO - [2024-09-04T17:26:56.707+0000] {dag.py:3211} INFO - Sync 1 DAGs
[2024-09-04T17:26:56.730+0000] {logging_mixin.py:190} INFO - [2024-09-04T17:26:56.730+0000] {dag.py:4138} INFO - Setting next_dagrun for ml_pipeline to 2024-09-04 00:00:00+00:00, run_after=2024-09-05 00:00:00+00:00
[2024-09-04T17:26:56.752+0000] {processor.py:208} INFO - Processing /opt/airflow/dags/ml_pipeline.py took 1.375 seconds
[2024-09-04T17:27:27.715+0000] {processor.py:186} INFO - Started process (PID=649) to work on /opt/airflow/dags/ml_pipeline.py
[2024-09-04T17:27:27.716+0000] {processor.py:914} INFO - Processing file /opt/airflow/dags/ml_pipeline.py for tasks to queue
[2024-09-04T17:27:27.719+0000] {logging_mixin.py:190} INFO - [2024-09-04T17:27:27.718+0000] {dagbag.py:587} INFO - Filling up the DagBag from /opt/airflow/dags/ml_pipeline.py
[2024-09-04T17:27:29.005+0000] {processor.py:925} INFO - DAG(s) 'ml_pipeline' retrieved from /opt/airflow/dags/ml_pipeline.py
[2024-09-04T17:27:29.025+0000] {logging_mixin.py:190} INFO - [2024-09-04T17:27:29.025+0000] {dag.py:3211} INFO - Sync 1 DAGs
[2024-09-04T17:27:29.063+0000] {logging_mixin.py:190} INFO - [2024-09-04T17:27:29.062+0000] {dag.py:4138} INFO - Setting next_dagrun for ml_pipeline to 2024-09-04 00:00:00+00:00, run_after=2024-09-05 00:00:00+00:00
[2024-09-04T17:27:29.092+0000] {processor.py:208} INFO - Processing /opt/airflow/dags/ml_pipeline.py took 1.388 seconds
[2024-09-04T17:27:59.944+0000] {processor.py:186} INFO - Started process (PID=726) to work on /opt/airflow/dags/ml_pipeline.py
[2024-09-04T17:27:59.946+0000] {processor.py:914} INFO - Processing file /opt/airflow/dags/ml_pipeline.py for tasks to queue
[2024-09-04T17:27:59.949+0000] {logging_mixin.py:190} INFO - [2024-09-04T17:27:59.949+0000] {dagbag.py:587} INFO - Filling up the DagBag from /opt/airflow/dags/ml_pipeline.py
[2024-09-04T17:28:01.234+0000] {processor.py:925} INFO - DAG(s) 'ml_pipeline' retrieved from /opt/airflow/dags/ml_pipeline.py
[2024-09-04T17:28:01.267+0000] {logging_mixin.py:190} INFO - [2024-09-04T17:28:01.266+0000] {dag.py:3211} INFO - Sync 1 DAGs
[2024-09-04T17:28:01.300+0000] {logging_mixin.py:190} INFO - [2024-09-04T17:28:01.299+0000] {dag.py:4138} INFO - Setting next_dagrun for ml_pipeline to 2024-09-04 00:00:00+00:00, run_after=2024-09-05 00:00:00+00:00
[2024-09-04T17:28:01.325+0000] {processor.py:208} INFO - Processing /opt/airflow/dags/ml_pipeline.py took 1.389 seconds
[2024-09-04T17:28:31.706+0000] {processor.py:186} INFO - Started process (PID=809) to work on /opt/airflow/dags/ml_pipeline.py
[2024-09-04T17:28:31.708+0000] {processor.py:914} INFO - Processing file /opt/airflow/dags/ml_pipeline.py for tasks to queue
[2024-09-04T17:28:31.710+0000] {logging_mixin.py:190} INFO - [2024-09-04T17:28:31.710+0000] {dagbag.py:587} INFO - Filling up the DagBag from /opt/airflow/dags/ml_pipeline.py
[2024-09-04T17:28:32.846+0000] {processor.py:925} INFO - DAG(s) 'ml_pipeline' retrieved from /opt/airflow/dags/ml_pipeline.py
[2024-09-04T17:28:32.863+0000] {logging_mixin.py:190} INFO - [2024-09-04T17:28:32.862+0000] {dag.py:3211} INFO - Sync 1 DAGs
[2024-09-04T17:28:32.881+0000] {logging_mixin.py:190} INFO - [2024-09-04T17:28:32.881+0000] {dag.py:4138} INFO - Setting next_dagrun for ml_pipeline to 2024-09-04 00:00:00+00:00, run_after=2024-09-05 00:00:00+00:00
[2024-09-04T17:28:32.899+0000] {processor.py:208} INFO - Processing /opt/airflow/dags/ml_pipeline.py took 1.199 seconds
[2024-09-04T17:29:03.363+0000] {processor.py:186} INFO - Started process (PID=879) to work on /opt/airflow/dags/ml_pipeline.py
[2024-09-04T17:29:03.364+0000] {processor.py:914} INFO - Processing file /opt/airflow/dags/ml_pipeline.py for tasks to queue
[2024-09-04T17:29:03.367+0000] {logging_mixin.py:190} INFO - [2024-09-04T17:29:03.367+0000] {dagbag.py:587} INFO - Filling up the DagBag from /opt/airflow/dags/ml_pipeline.py
[2024-09-04T17:29:04.261+0000] {processor.py:925} INFO - DAG(s) 'ml_pipeline' retrieved from /opt/airflow/dags/ml_pipeline.py
[2024-09-04T17:29:04.276+0000] {logging_mixin.py:190} INFO - [2024-09-04T17:29:04.276+0000] {dag.py:3211} INFO - Sync 1 DAGs
[2024-09-04T17:29:04.296+0000] {logging_mixin.py:190} INFO - [2024-09-04T17:29:04.296+0000] {dag.py:4138} INFO - Setting next_dagrun for ml_pipeline to 2024-09-04 00:00:00+00:00, run_after=2024-09-05 00:00:00+00:00
[2024-09-04T17:29:04.314+0000] {processor.py:208} INFO - Processing /opt/airflow/dags/ml_pipeline.py took 0.956 seconds
[2024-09-04T17:29:34.714+0000] {processor.py:186} INFO - Started process (PID=950) to work on /opt/airflow/dags/ml_pipeline.py
[2024-09-04T17:29:34.715+0000] {processor.py:914} INFO - Processing file /opt/airflow/dags/ml_pipeline.py for tasks to queue
[2024-09-04T17:29:34.717+0000] {logging_mixin.py:190} INFO - [2024-09-04T17:29:34.717+0000] {dagbag.py:587} INFO - Filling up the DagBag from /opt/airflow/dags/ml_pipeline.py
[2024-09-04T17:29:35.625+0000] {processor.py:925} INFO - DAG(s) 'ml_pipeline' retrieved from /opt/airflow/dags/ml_pipeline.py
[2024-09-04T17:29:35.647+0000] {logging_mixin.py:190} INFO - [2024-09-04T17:29:35.646+0000] {dag.py:3211} INFO - Sync 1 DAGs
[2024-09-04T17:29:35.669+0000] {logging_mixin.py:190} INFO - [2024-09-04T17:29:35.669+0000] {dag.py:4138} INFO - Setting next_dagrun for ml_pipeline to 2024-09-04 00:00:00+00:00, run_after=2024-09-05 00:00:00+00:00
[2024-09-04T17:29:35.688+0000] {processor.py:208} INFO - Processing /opt/airflow/dags/ml_pipeline.py took 0.979 seconds
[2024-09-04T17:30:05.899+0000] {processor.py:186} INFO - Started process (PID=1020) to work on /opt/airflow/dags/ml_pipeline.py
[2024-09-04T17:30:05.900+0000] {processor.py:914} INFO - Processing file /opt/airflow/dags/ml_pipeline.py for tasks to queue
[2024-09-04T17:30:05.903+0000] {logging_mixin.py:190} INFO - [2024-09-04T17:30:05.903+0000] {dagbag.py:587} INFO - Filling up the DagBag from /opt/airflow/dags/ml_pipeline.py
[2024-09-04T17:30:06.958+0000] {processor.py:925} INFO - DAG(s) 'ml_pipeline' retrieved from /opt/airflow/dags/ml_pipeline.py
[2024-09-04T17:30:06.976+0000] {logging_mixin.py:190} INFO - [2024-09-04T17:30:06.976+0000] {dag.py:3211} INFO - Sync 1 DAGs
[2024-09-04T17:30:06.995+0000] {logging_mixin.py:190} INFO - [2024-09-04T17:30:06.994+0000] {dag.py:4138} INFO - Setting next_dagrun for ml_pipeline to 2024-09-04 00:00:00+00:00, run_after=2024-09-05 00:00:00+00:00
[2024-09-04T17:30:07.011+0000] {processor.py:208} INFO - Processing /opt/airflow/dags/ml_pipeline.py took 1.119 seconds
[2024-09-04T17:30:37.236+0000] {processor.py:186} INFO - Started process (PID=1090) to work on /opt/airflow/dags/ml_pipeline.py
[2024-09-04T17:30:37.238+0000] {processor.py:914} INFO - Processing file /opt/airflow/dags/ml_pipeline.py for tasks to queue
[2024-09-04T17:30:37.240+0000] {logging_mixin.py:190} INFO - [2024-09-04T17:30:37.240+0000] {dagbag.py:587} INFO - Filling up the DagBag from /opt/airflow/dags/ml_pipeline.py
[2024-09-04T17:30:38.274+0000] {processor.py:925} INFO - DAG(s) 'ml_pipeline' retrieved from /opt/airflow/dags/ml_pipeline.py
[2024-09-04T17:30:38.303+0000] {logging_mixin.py:190} INFO - [2024-09-04T17:30:38.302+0000] {dag.py:3211} INFO - Sync 1 DAGs
[2024-09-04T17:30:38.324+0000] {logging_mixin.py:190} INFO - [2024-09-04T17:30:38.324+0000] {dag.py:4138} INFO - Setting next_dagrun for ml_pipeline to 2024-09-04 00:00:00+00:00, run_after=2024-09-05 00:00:00+00:00
[2024-09-04T17:30:38.347+0000] {processor.py:208} INFO - Processing /opt/airflow/dags/ml_pipeline.py took 1.117 seconds
[2024-09-04T17:31:08.411+0000] {processor.py:186} INFO - Started process (PID=1160) to work on /opt/airflow/dags/ml_pipeline.py
[2024-09-04T17:31:08.412+0000] {processor.py:914} INFO - Processing file /opt/airflow/dags/ml_pipeline.py for tasks to queue
[2024-09-04T17:31:08.414+0000] {logging_mixin.py:190} INFO - [2024-09-04T17:31:08.414+0000] {dagbag.py:587} INFO - Filling up the DagBag from /opt/airflow/dags/ml_pipeline.py
[2024-09-04T17:31:09.595+0000] {processor.py:925} INFO - DAG(s) 'ml_pipeline' retrieved from /opt/airflow/dags/ml_pipeline.py
[2024-09-04T17:31:09.641+0000] {logging_mixin.py:190} INFO - [2024-09-04T17:31:09.640+0000] {dag.py:3211} INFO - Sync 1 DAGs
[2024-09-04T17:31:09.667+0000] {logging_mixin.py:190} INFO - [2024-09-04T17:31:09.666+0000] {dag.py:4138} INFO - Setting next_dagrun for ml_pipeline to 2024-09-04 00:00:00+00:00, run_after=2024-09-05 00:00:00+00:00
[2024-09-04T17:31:09.686+0000] {processor.py:208} INFO - Processing /opt/airflow/dags/ml_pipeline.py took 1.282 seconds
[2024-09-04T17:31:40.672+0000] {processor.py:186} INFO - Started process (PID=1230) to work on /opt/airflow/dags/ml_pipeline.py
[2024-09-04T17:31:40.673+0000] {processor.py:914} INFO - Processing file /opt/airflow/dags/ml_pipeline.py for tasks to queue
[2024-09-04T17:31:40.676+0000] {logging_mixin.py:190} INFO - [2024-09-04T17:31:40.676+0000] {dagbag.py:587} INFO - Filling up the DagBag from /opt/airflow/dags/ml_pipeline.py
[2024-09-04T17:31:41.584+0000] {processor.py:925} INFO - DAG(s) 'ml_pipeline' retrieved from /opt/airflow/dags/ml_pipeline.py
[2024-09-04T17:31:41.603+0000] {logging_mixin.py:190} INFO - [2024-09-04T17:31:41.602+0000] {dag.py:3211} INFO - Sync 1 DAGs
[2024-09-04T17:31:41.638+0000] {logging_mixin.py:190} INFO - [2024-09-04T17:31:41.638+0000] {dag.py:4138} INFO - Setting next_dagrun for ml_pipeline to 2024-09-04 00:00:00+00:00, run_after=2024-09-05 00:00:00+00:00
[2024-09-04T17:31:41.658+0000] {processor.py:208} INFO - Processing /opt/airflow/dags/ml_pipeline.py took 0.992 seconds
[2024-09-04T17:32:12.642+0000] {processor.py:186} INFO - Started process (PID=1300) to work on /opt/airflow/dags/ml_pipeline.py
[2024-09-04T17:32:12.643+0000] {processor.py:914} INFO - Processing file /opt/airflow/dags/ml_pipeline.py for tasks to queue
[2024-09-04T17:32:12.645+0000] {logging_mixin.py:190} INFO - [2024-09-04T17:32:12.645+0000] {dagbag.py:587} INFO - Filling up the DagBag from /opt/airflow/dags/ml_pipeline.py
[2024-09-04T17:32:13.751+0000] {processor.py:925} INFO - DAG(s) 'ml_pipeline' retrieved from /opt/airflow/dags/ml_pipeline.py
[2024-09-04T17:32:13.787+0000] {logging_mixin.py:190} INFO - [2024-09-04T17:32:13.786+0000] {dag.py:3211} INFO - Sync 1 DAGs
[2024-09-04T17:32:13.810+0000] {logging_mixin.py:190} INFO - [2024-09-04T17:32:13.810+0000] {dag.py:4138} INFO - Setting next_dagrun for ml_pipeline to 2024-09-04 00:00:00+00:00, run_after=2024-09-05 00:00:00+00:00
[2024-09-04T17:32:13.832+0000] {processor.py:208} INFO - Processing /opt/airflow/dags/ml_pipeline.py took 1.196 seconds
[2024-09-04T17:32:43.993+0000] {processor.py:186} INFO - Started process (PID=1370) to work on /opt/airflow/dags/ml_pipeline.py
[2024-09-04T17:32:43.994+0000] {processor.py:914} INFO - Processing file /opt/airflow/dags/ml_pipeline.py for tasks to queue
[2024-09-04T17:32:43.997+0000] {logging_mixin.py:190} INFO - [2024-09-04T17:32:43.996+0000] {dagbag.py:587} INFO - Filling up the DagBag from /opt/airflow/dags/ml_pipeline.py
[2024-09-04T17:32:44.885+0000] {processor.py:925} INFO - DAG(s) 'ml_pipeline' retrieved from /opt/airflow/dags/ml_pipeline.py
[2024-09-04T17:32:44.902+0000] {logging_mixin.py:190} INFO - [2024-09-04T17:32:44.902+0000] {dag.py:3211} INFO - Sync 1 DAGs
[2024-09-04T17:32:44.922+0000] {logging_mixin.py:190} INFO - [2024-09-04T17:32:44.922+0000] {dag.py:4138} INFO - Setting next_dagrun for ml_pipeline to 2024-09-04 00:00:00+00:00, run_after=2024-09-05 00:00:00+00:00
[2024-09-04T17:32:44.943+0000] {processor.py:208} INFO - Processing /opt/airflow/dags/ml_pipeline.py took 0.956 seconds
[2024-09-04T17:33:15.099+0000] {processor.py:186} INFO - Started process (PID=1440) to work on /opt/airflow/dags/ml_pipeline.py
[2024-09-04T17:33:15.101+0000] {processor.py:914} INFO - Processing file /opt/airflow/dags/ml_pipeline.py for tasks to queue
[2024-09-04T17:33:15.104+0000] {logging_mixin.py:190} INFO - [2024-09-04T17:33:15.104+0000] {dagbag.py:587} INFO - Filling up the DagBag from /opt/airflow/dags/ml_pipeline.py
[2024-09-04T17:33:15.851+0000] {processor.py:925} INFO - DAG(s) 'ml_pipeline' retrieved from /opt/airflow/dags/ml_pipeline.py
[2024-09-04T17:33:15.872+0000] {logging_mixin.py:190} INFO - [2024-09-04T17:33:15.871+0000] {dag.py:3211} INFO - Sync 1 DAGs
[2024-09-04T17:33:15.897+0000] {logging_mixin.py:190} INFO - [2024-09-04T17:33:15.897+0000] {dag.py:4138} INFO - Setting next_dagrun for ml_pipeline to 2024-09-04 00:00:00+00:00, run_after=2024-09-05 00:00:00+00:00
[2024-09-04T17:33:15.919+0000] {processor.py:208} INFO - Processing /opt/airflow/dags/ml_pipeline.py took 0.825 seconds
[2024-09-04T17:33:46.239+0000] {processor.py:186} INFO - Started process (PID=1510) to work on /opt/airflow/dags/ml_pipeline.py
[2024-09-04T17:33:46.240+0000] {processor.py:914} INFO - Processing file /opt/airflow/dags/ml_pipeline.py for tasks to queue
[2024-09-04T17:33:46.243+0000] {logging_mixin.py:190} INFO - [2024-09-04T17:33:46.243+0000] {dagbag.py:587} INFO - Filling up the DagBag from /opt/airflow/dags/ml_pipeline.py
[2024-09-04T17:33:47.060+0000] {processor.py:925} INFO - DAG(s) 'ml_pipeline' retrieved from /opt/airflow/dags/ml_pipeline.py
[2024-09-04T17:33:47.077+0000] {logging_mixin.py:190} INFO - [2024-09-04T17:33:47.077+0000] {dag.py:3211} INFO - Sync 1 DAGs
[2024-09-04T17:33:47.097+0000] {logging_mixin.py:190} INFO - [2024-09-04T17:33:47.097+0000] {dag.py:4138} INFO - Setting next_dagrun for ml_pipeline to 2024-09-04 00:00:00+00:00, run_after=2024-09-05 00:00:00+00:00
[2024-09-04T17:33:47.112+0000] {processor.py:208} INFO - Processing /opt/airflow/dags/ml_pipeline.py took 0.880 seconds
[2024-09-04T17:34:17.710+0000] {processor.py:186} INFO - Started process (PID=1582) to work on /opt/airflow/dags/ml_pipeline.py
[2024-09-04T17:34:17.710+0000] {processor.py:914} INFO - Processing file /opt/airflow/dags/ml_pipeline.py for tasks to queue
[2024-09-04T17:34:17.712+0000] {logging_mixin.py:190} INFO - [2024-09-04T17:34:17.712+0000] {dagbag.py:587} INFO - Filling up the DagBag from /opt/airflow/dags/ml_pipeline.py
[2024-09-04T17:34:18.410+0000] {processor.py:925} INFO - DAG(s) 'ml_pipeline' retrieved from /opt/airflow/dags/ml_pipeline.py
[2024-09-04T17:34:18.427+0000] {logging_mixin.py:190} INFO - [2024-09-04T17:34:18.426+0000] {dag.py:3211} INFO - Sync 1 DAGs
[2024-09-04T17:34:18.447+0000] {logging_mixin.py:190} INFO - [2024-09-04T17:34:18.447+0000] {dag.py:4138} INFO - Setting next_dagrun for ml_pipeline to 2024-09-04 00:00:00+00:00, run_after=2024-09-05 00:00:00+00:00
[2024-09-04T17:34:18.464+0000] {processor.py:208} INFO - Processing /opt/airflow/dags/ml_pipeline.py took 0.760 seconds
[2024-09-04T17:34:49.240+0000] {processor.py:186} INFO - Started process (PID=1652) to work on /opt/airflow/dags/ml_pipeline.py
[2024-09-04T17:34:49.241+0000] {processor.py:914} INFO - Processing file /opt/airflow/dags/ml_pipeline.py for tasks to queue
[2024-09-04T17:34:49.243+0000] {logging_mixin.py:190} INFO - [2024-09-04T17:34:49.243+0000] {dagbag.py:587} INFO - Filling up the DagBag from /opt/airflow/dags/ml_pipeline.py
[2024-09-04T17:34:50.038+0000] {processor.py:925} INFO - DAG(s) 'ml_pipeline' retrieved from /opt/airflow/dags/ml_pipeline.py
[2024-09-04T17:34:50.055+0000] {logging_mixin.py:190} INFO - [2024-09-04T17:34:50.054+0000] {dag.py:3211} INFO - Sync 1 DAGs
[2024-09-04T17:34:50.074+0000] {logging_mixin.py:190} INFO - [2024-09-04T17:34:50.074+0000] {dag.py:4138} INFO - Setting next_dagrun for ml_pipeline to 2024-09-04 00:00:00+00:00, run_after=2024-09-05 00:00:00+00:00
[2024-09-04T17:34:50.092+0000] {processor.py:208} INFO - Processing /opt/airflow/dags/ml_pipeline.py took 0.857 seconds
[2024-09-04T17:35:20.667+0000] {processor.py:186} INFO - Started process (PID=1722) to work on /opt/airflow/dags/ml_pipeline.py
[2024-09-04T17:35:20.668+0000] {processor.py:914} INFO - Processing file /opt/airflow/dags/ml_pipeline.py for tasks to queue
[2024-09-04T17:35:20.670+0000] {logging_mixin.py:190} INFO - [2024-09-04T17:35:20.669+0000] {dagbag.py:587} INFO - Filling up the DagBag from /opt/airflow/dags/ml_pipeline.py
[2024-09-04T17:35:21.419+0000] {processor.py:925} INFO - DAG(s) 'ml_pipeline' retrieved from /opt/airflow/dags/ml_pipeline.py
[2024-09-04T17:35:21.436+0000] {logging_mixin.py:190} INFO - [2024-09-04T17:35:21.435+0000] {dag.py:3211} INFO - Sync 1 DAGs
[2024-09-04T17:35:21.456+0000] {logging_mixin.py:190} INFO - [2024-09-04T17:35:21.456+0000] {dag.py:4138} INFO - Setting next_dagrun for ml_pipeline to 2024-09-04 00:00:00+00:00, run_after=2024-09-05 00:00:00+00:00
[2024-09-04T17:35:21.474+0000] {processor.py:208} INFO - Processing /opt/airflow/dags/ml_pipeline.py took 0.812 seconds
[2024-09-04T17:35:52.262+0000] {processor.py:186} INFO - Started process (PID=1792) to work on /opt/airflow/dags/ml_pipeline.py
[2024-09-04T17:35:52.263+0000] {processor.py:914} INFO - Processing file /opt/airflow/dags/ml_pipeline.py for tasks to queue
[2024-09-04T17:35:52.266+0000] {logging_mixin.py:190} INFO - [2024-09-04T17:35:52.265+0000] {dagbag.py:587} INFO - Filling up the DagBag from /opt/airflow/dags/ml_pipeline.py
[2024-09-04T17:35:52.954+0000] {processor.py:925} INFO - DAG(s) 'ml_pipeline' retrieved from /opt/airflow/dags/ml_pipeline.py
[2024-09-04T17:35:52.970+0000] {logging_mixin.py:190} INFO - [2024-09-04T17:35:52.970+0000] {dag.py:3211} INFO - Sync 1 DAGs
[2024-09-04T17:35:52.989+0000] {logging_mixin.py:190} INFO - [2024-09-04T17:35:52.989+0000] {dag.py:4138} INFO - Setting next_dagrun for ml_pipeline to 2024-09-04 00:00:00+00:00, run_after=2024-09-05 00:00:00+00:00
[2024-09-04T17:35:53.005+0000] {processor.py:208} INFO - Processing /opt/airflow/dags/ml_pipeline.py took 0.748 seconds
[2024-09-04T17:36:23.127+0000] {processor.py:186} INFO - Started process (PID=1862) to work on /opt/airflow/dags/ml_pipeline.py
[2024-09-04T17:36:23.128+0000] {processor.py:914} INFO - Processing file /opt/airflow/dags/ml_pipeline.py for tasks to queue
[2024-09-04T17:36:23.131+0000] {logging_mixin.py:190} INFO - [2024-09-04T17:36:23.130+0000] {dagbag.py:587} INFO - Filling up the DagBag from /opt/airflow/dags/ml_pipeline.py
[2024-09-04T17:36:23.901+0000] {processor.py:925} INFO - DAG(s) 'ml_pipeline' retrieved from /opt/airflow/dags/ml_pipeline.py
[2024-09-04T17:36:23.918+0000] {logging_mixin.py:190} INFO - [2024-09-04T17:36:23.918+0000] {dag.py:3211} INFO - Sync 1 DAGs
[2024-09-04T17:36:23.938+0000] {logging_mixin.py:190} INFO - [2024-09-04T17:36:23.937+0000] {dag.py:4138} INFO - Setting next_dagrun for ml_pipeline to 2024-09-04 00:00:00+00:00, run_after=2024-09-05 00:00:00+00:00
[2024-09-04T17:36:23.955+0000] {processor.py:208} INFO - Processing /opt/airflow/dags/ml_pipeline.py took 0.833 seconds
[2024-09-04T17:36:54.411+0000] {processor.py:186} INFO - Started process (PID=1932) to work on /opt/airflow/dags/ml_pipeline.py
[2024-09-04T17:36:54.414+0000] {processor.py:914} INFO - Processing file /opt/airflow/dags/ml_pipeline.py for tasks to queue
[2024-09-04T17:36:54.417+0000] {logging_mixin.py:190} INFO - [2024-09-04T17:36:54.417+0000] {dagbag.py:587} INFO - Filling up the DagBag from /opt/airflow/dags/ml_pipeline.py
[2024-09-04T17:36:55.241+0000] {processor.py:925} INFO - DAG(s) 'ml_pipeline' retrieved from /opt/airflow/dags/ml_pipeline.py
[2024-09-04T17:36:55.258+0000] {logging_mixin.py:190} INFO - [2024-09-04T17:36:55.258+0000] {dag.py:3211} INFO - Sync 1 DAGs
[2024-09-04T17:36:55.278+0000] {logging_mixin.py:190} INFO - [2024-09-04T17:36:55.278+0000] {dag.py:4138} INFO - Setting next_dagrun for ml_pipeline to 2024-09-04 00:00:00+00:00, run_after=2024-09-05 00:00:00+00:00
[2024-09-04T17:36:55.294+0000] {processor.py:208} INFO - Processing /opt/airflow/dags/ml_pipeline.py took 0.890 seconds
[2024-09-04T17:37:25.744+0000] {processor.py:186} INFO - Started process (PID=2002) to work on /opt/airflow/dags/ml_pipeline.py
[2024-09-04T17:37:25.745+0000] {processor.py:914} INFO - Processing file /opt/airflow/dags/ml_pipeline.py for tasks to queue
[2024-09-04T17:37:25.747+0000] {logging_mixin.py:190} INFO - [2024-09-04T17:37:25.746+0000] {dagbag.py:587} INFO - Filling up the DagBag from /opt/airflow/dags/ml_pipeline.py
[2024-09-04T17:37:26.489+0000] {processor.py:925} INFO - DAG(s) 'ml_pipeline' retrieved from /opt/airflow/dags/ml_pipeline.py
[2024-09-04T17:37:26.508+0000] {logging_mixin.py:190} INFO - [2024-09-04T17:37:26.508+0000] {dag.py:3211} INFO - Sync 1 DAGs
[2024-09-04T17:37:26.528+0000] {logging_mixin.py:190} INFO - [2024-09-04T17:37:26.528+0000] {dag.py:4138} INFO - Setting next_dagrun for ml_pipeline to 2024-09-04 00:00:00+00:00, run_after=2024-09-05 00:00:00+00:00
[2024-09-04T17:37:26.544+0000] {processor.py:208} INFO - Processing /opt/airflow/dags/ml_pipeline.py took 0.805 seconds
[2024-09-04T17:37:56.795+0000] {processor.py:186} INFO - Started process (PID=2072) to work on /opt/airflow/dags/ml_pipeline.py
[2024-09-04T17:37:56.796+0000] {processor.py:914} INFO - Processing file /opt/airflow/dags/ml_pipeline.py for tasks to queue
[2024-09-04T17:37:56.798+0000] {logging_mixin.py:190} INFO - [2024-09-04T17:37:56.798+0000] {dagbag.py:587} INFO - Filling up the DagBag from /opt/airflow/dags/ml_pipeline.py
[2024-09-04T17:37:57.473+0000] {processor.py:925} INFO - DAG(s) 'ml_pipeline' retrieved from /opt/airflow/dags/ml_pipeline.py
[2024-09-04T17:37:57.489+0000] {logging_mixin.py:190} INFO - [2024-09-04T17:37:57.489+0000] {dag.py:3211} INFO - Sync 1 DAGs
[2024-09-04T17:37:57.509+0000] {logging_mixin.py:190} INFO - [2024-09-04T17:37:57.508+0000] {dag.py:4138} INFO - Setting next_dagrun for ml_pipeline to 2024-09-04 00:00:00+00:00, run_after=2024-09-05 00:00:00+00:00
[2024-09-04T17:37:57.525+0000] {processor.py:208} INFO - Processing /opt/airflow/dags/ml_pipeline.py took 0.736 seconds
[2024-09-04T17:38:28.102+0000] {processor.py:186} INFO - Started process (PID=2143) to work on /opt/airflow/dags/ml_pipeline.py
[2024-09-04T17:38:28.103+0000] {processor.py:914} INFO - Processing file /opt/airflow/dags/ml_pipeline.py for tasks to queue
[2024-09-04T17:38:28.105+0000] {logging_mixin.py:190} INFO - [2024-09-04T17:38:28.105+0000] {dagbag.py:587} INFO - Filling up the DagBag from /opt/airflow/dags/ml_pipeline.py
[2024-09-04T17:38:29.067+0000] {processor.py:925} INFO - DAG(s) 'ml_pipeline' retrieved from /opt/airflow/dags/ml_pipeline.py
[2024-09-04T17:38:29.084+0000] {logging_mixin.py:190} INFO - [2024-09-04T17:38:29.083+0000] {dag.py:3211} INFO - Sync 1 DAGs
[2024-09-04T17:38:29.105+0000] {logging_mixin.py:190} INFO - [2024-09-04T17:38:29.105+0000] {dag.py:4138} INFO - Setting next_dagrun for ml_pipeline to 2024-09-04 00:00:00+00:00, run_after=2024-09-05 00:00:00+00:00
[2024-09-04T17:38:29.121+0000] {processor.py:208} INFO - Processing /opt/airflow/dags/ml_pipeline.py took 1.025 seconds
[2024-09-04T17:38:59.427+0000] {processor.py:186} INFO - Started process (PID=2213) to work on /opt/airflow/dags/ml_pipeline.py
[2024-09-04T17:38:59.428+0000] {processor.py:914} INFO - Processing file /opt/airflow/dags/ml_pipeline.py for tasks to queue
[2024-09-04T17:38:59.430+0000] {logging_mixin.py:190} INFO - [2024-09-04T17:38:59.430+0000] {dagbag.py:587} INFO - Filling up the DagBag from /opt/airflow/dags/ml_pipeline.py
[2024-09-04T17:39:00.615+0000] {processor.py:925} INFO - DAG(s) 'ml_pipeline' retrieved from /opt/airflow/dags/ml_pipeline.py
[2024-09-04T17:39:00.634+0000] {logging_mixin.py:190} INFO - [2024-09-04T17:39:00.634+0000] {dag.py:3211} INFO - Sync 1 DAGs
[2024-09-04T17:39:00.656+0000] {logging_mixin.py:190} INFO - [2024-09-04T17:39:00.656+0000] {dag.py:4138} INFO - Setting next_dagrun for ml_pipeline to 2024-09-04 00:00:00+00:00, run_after=2024-09-05 00:00:00+00:00
[2024-09-04T17:39:00.674+0000] {processor.py:208} INFO - Processing /opt/airflow/dags/ml_pipeline.py took 1.253 seconds
[2024-09-04T17:39:31.185+0000] {processor.py:186} INFO - Started process (PID=2283) to work on /opt/airflow/dags/ml_pipeline.py
[2024-09-04T17:39:31.186+0000] {processor.py:914} INFO - Processing file /opt/airflow/dags/ml_pipeline.py for tasks to queue
[2024-09-04T17:39:31.189+0000] {logging_mixin.py:190} INFO - [2024-09-04T17:39:31.188+0000] {dagbag.py:587} INFO - Filling up the DagBag from /opt/airflow/dags/ml_pipeline.py
[2024-09-04T17:39:32.377+0000] {processor.py:925} INFO - DAG(s) 'ml_pipeline' retrieved from /opt/airflow/dags/ml_pipeline.py
[2024-09-04T17:39:32.398+0000] {logging_mixin.py:190} INFO - [2024-09-04T17:39:32.398+0000] {dag.py:3211} INFO - Sync 1 DAGs
[2024-09-04T17:39:32.432+0000] {logging_mixin.py:190} INFO - [2024-09-04T17:39:32.431+0000] {dag.py:4138} INFO - Setting next_dagrun for ml_pipeline to 2024-09-04 00:00:00+00:00, run_after=2024-09-05 00:00:00+00:00
[2024-09-04T17:39:32.456+0000] {processor.py:208} INFO - Processing /opt/airflow/dags/ml_pipeline.py took 1.276 seconds
[2024-09-04T17:40:03.392+0000] {processor.py:186} INFO - Started process (PID=2359) to work on /opt/airflow/dags/ml_pipeline.py
[2024-09-04T17:40:03.394+0000] {processor.py:914} INFO - Processing file /opt/airflow/dags/ml_pipeline.py for tasks to queue
[2024-09-04T17:40:03.396+0000] {logging_mixin.py:190} INFO - [2024-09-04T17:40:03.396+0000] {dagbag.py:587} INFO - Filling up the DagBag from /opt/airflow/dags/ml_pipeline.py
[2024-09-04T17:40:04.702+0000] {processor.py:925} INFO - DAG(s) 'ml_pipeline' retrieved from /opt/airflow/dags/ml_pipeline.py
[2024-09-04T17:40:04.719+0000] {logging_mixin.py:190} INFO - [2024-09-04T17:40:04.718+0000] {dag.py:3211} INFO - Sync 1 DAGs
[2024-09-04T17:40:04.739+0000] {logging_mixin.py:190} INFO - [2024-09-04T17:40:04.739+0000] {dag.py:4138} INFO - Setting next_dagrun for ml_pipeline to 2024-09-04 00:00:00+00:00, run_after=2024-09-05 00:00:00+00:00
[2024-09-04T17:40:04.759+0000] {processor.py:208} INFO - Processing /opt/airflow/dags/ml_pipeline.py took 1.376 seconds
[2024-09-04T17:40:35.098+0000] {processor.py:186} INFO - Started process (PID=2435) to work on /opt/airflow/dags/ml_pipeline.py
[2024-09-04T17:40:35.099+0000] {processor.py:914} INFO - Processing file /opt/airflow/dags/ml_pipeline.py for tasks to queue
[2024-09-04T17:40:35.102+0000] {logging_mixin.py:190} INFO - [2024-09-04T17:40:35.101+0000] {dagbag.py:587} INFO - Filling up the DagBag from /opt/airflow/dags/ml_pipeline.py
[2024-09-04T17:40:36.616+0000] {processor.py:925} INFO - DAG(s) 'ml_pipeline' retrieved from /opt/airflow/dags/ml_pipeline.py
[2024-09-04T17:40:36.633+0000] {logging_mixin.py:190} INFO - [2024-09-04T17:40:36.633+0000] {dag.py:3211} INFO - Sync 1 DAGs
[2024-09-04T17:40:36.655+0000] {logging_mixin.py:190} INFO - [2024-09-04T17:40:36.655+0000] {dag.py:4138} INFO - Setting next_dagrun for ml_pipeline to 2024-09-04 00:00:00+00:00, run_after=2024-09-05 00:00:00+00:00
[2024-09-04T17:40:36.673+0000] {processor.py:208} INFO - Processing /opt/airflow/dags/ml_pipeline.py took 1.582 seconds
[2024-09-04T17:41:06.753+0000] {processor.py:186} INFO - Started process (PID=2516) to work on /opt/airflow/dags/ml_pipeline.py
[2024-09-04T17:41:06.754+0000] {processor.py:914} INFO - Processing file /opt/airflow/dags/ml_pipeline.py for tasks to queue
[2024-09-04T17:41:06.757+0000] {logging_mixin.py:190} INFO - [2024-09-04T17:41:06.757+0000] {dagbag.py:587} INFO - Filling up the DagBag from /opt/airflow/dags/ml_pipeline.py
[2024-09-04T17:41:08.402+0000] {processor.py:925} INFO - DAG(s) 'ml_pipeline' retrieved from /opt/airflow/dags/ml_pipeline.py
[2024-09-04T17:41:08.424+0000] {logging_mixin.py:190} INFO - [2024-09-04T17:41:08.424+0000] {dag.py:3211} INFO - Sync 1 DAGs
[2024-09-04T17:41:08.448+0000] {logging_mixin.py:190} INFO - [2024-09-04T17:41:08.448+0000] {dag.py:4138} INFO - Setting next_dagrun for ml_pipeline to 2024-09-04 00:00:00+00:00, run_after=2024-09-05 00:00:00+00:00
[2024-09-04T17:41:08.474+0000] {processor.py:208} INFO - Processing /opt/airflow/dags/ml_pipeline.py took 1.728 seconds
[2024-09-04T17:41:38.545+0000] {processor.py:186} INFO - Started process (PID=2589) to work on /opt/airflow/dags/ml_pipeline.py
[2024-09-04T17:41:38.546+0000] {processor.py:914} INFO - Processing file /opt/airflow/dags/ml_pipeline.py for tasks to queue
[2024-09-04T17:41:38.548+0000] {logging_mixin.py:190} INFO - [2024-09-04T17:41:38.548+0000] {dagbag.py:587} INFO - Filling up the DagBag from /opt/airflow/dags/ml_pipeline.py
[2024-09-04T17:41:40.063+0000] {processor.py:925} INFO - DAG(s) 'ml_pipeline' retrieved from /opt/airflow/dags/ml_pipeline.py
[2024-09-04T17:41:40.084+0000] {logging_mixin.py:190} INFO - [2024-09-04T17:41:40.083+0000] {dag.py:3211} INFO - Sync 1 DAGs
[2024-09-04T17:41:40.113+0000] {logging_mixin.py:190} INFO - [2024-09-04T17:41:40.113+0000] {dag.py:4138} INFO - Setting next_dagrun for ml_pipeline to 2024-09-04 00:00:00+00:00, run_after=2024-09-05 00:00:00+00:00
[2024-09-04T17:41:40.136+0000] {processor.py:208} INFO - Processing /opt/airflow/dags/ml_pipeline.py took 1.600 seconds
[2024-09-04T17:42:10.249+0000] {processor.py:186} INFO - Started process (PID=2667) to work on /opt/airflow/dags/ml_pipeline.py
[2024-09-04T17:42:10.250+0000] {processor.py:914} INFO - Processing file /opt/airflow/dags/ml_pipeline.py for tasks to queue
[2024-09-04T17:42:10.253+0000] {logging_mixin.py:190} INFO - [2024-09-04T17:42:10.252+0000] {dagbag.py:587} INFO - Filling up the DagBag from /opt/airflow/dags/ml_pipeline.py
[2024-09-04T17:42:11.735+0000] {processor.py:925} INFO - DAG(s) 'ml_pipeline' retrieved from /opt/airflow/dags/ml_pipeline.py
[2024-09-04T17:42:11.757+0000] {logging_mixin.py:190} INFO - [2024-09-04T17:42:11.756+0000] {dag.py:3211} INFO - Sync 1 DAGs
[2024-09-04T17:42:11.783+0000] {logging_mixin.py:190} INFO - [2024-09-04T17:42:11.782+0000] {dag.py:4138} INFO - Setting next_dagrun for ml_pipeline to 2024-09-04 00:00:00+00:00, run_after=2024-09-05 00:00:00+00:00
[2024-09-04T17:42:11.803+0000] {processor.py:208} INFO - Processing /opt/airflow/dags/ml_pipeline.py took 1.559 seconds
[2024-09-04T17:42:42.185+0000] {processor.py:186} INFO - Started process (PID=2745) to work on /opt/airflow/dags/ml_pipeline.py
[2024-09-04T17:42:42.186+0000] {processor.py:914} INFO - Processing file /opt/airflow/dags/ml_pipeline.py for tasks to queue
[2024-09-04T17:42:42.190+0000] {logging_mixin.py:190} INFO - [2024-09-04T17:42:42.190+0000] {dagbag.py:587} INFO - Filling up the DagBag from /opt/airflow/dags/ml_pipeline.py
[2024-09-04T17:42:43.583+0000] {processor.py:925} INFO - DAG(s) 'ml_pipeline' retrieved from /opt/airflow/dags/ml_pipeline.py
[2024-09-04T17:42:43.601+0000] {logging_mixin.py:190} INFO - [2024-09-04T17:42:43.600+0000] {dag.py:3211} INFO - Sync 1 DAGs
[2024-09-04T17:42:43.625+0000] {logging_mixin.py:190} INFO - [2024-09-04T17:42:43.625+0000] {dag.py:4138} INFO - Setting next_dagrun for ml_pipeline to 2024-09-04 00:00:00+00:00, run_after=2024-09-05 00:00:00+00:00
[2024-09-04T17:42:43.643+0000] {processor.py:208} INFO - Processing /opt/airflow/dags/ml_pipeline.py took 1.464 seconds
[2024-09-04T17:43:14.267+0000] {processor.py:186} INFO - Started process (PID=2820) to work on /opt/airflow/dags/ml_pipeline.py
[2024-09-04T17:43:14.269+0000] {processor.py:914} INFO - Processing file /opt/airflow/dags/ml_pipeline.py for tasks to queue
[2024-09-04T17:43:14.272+0000] {logging_mixin.py:190} INFO - [2024-09-04T17:43:14.272+0000] {dagbag.py:587} INFO - Filling up the DagBag from /opt/airflow/dags/ml_pipeline.py
[2024-09-04T17:43:16.165+0000] {processor.py:925} INFO - DAG(s) 'ml_pipeline' retrieved from /opt/airflow/dags/ml_pipeline.py
[2024-09-04T17:43:16.183+0000] {logging_mixin.py:190} INFO - [2024-09-04T17:43:16.183+0000] {dag.py:3211} INFO - Sync 1 DAGs
[2024-09-04T17:43:16.206+0000] {logging_mixin.py:190} INFO - [2024-09-04T17:43:16.206+0000] {dag.py:4138} INFO - Setting next_dagrun for ml_pipeline to 2024-09-04 00:00:00+00:00, run_after=2024-09-05 00:00:00+00:00
[2024-09-04T17:43:16.227+0000] {processor.py:208} INFO - Processing /opt/airflow/dags/ml_pipeline.py took 1.968 seconds
[2024-09-04T17:43:46.496+0000] {processor.py:186} INFO - Started process (PID=2891) to work on /opt/airflow/dags/ml_pipeline.py
[2024-09-04T17:43:46.497+0000] {processor.py:914} INFO - Processing file /opt/airflow/dags/ml_pipeline.py for tasks to queue
[2024-09-04T17:43:46.500+0000] {logging_mixin.py:190} INFO - [2024-09-04T17:43:46.500+0000] {dagbag.py:587} INFO - Filling up the DagBag from /opt/airflow/dags/ml_pipeline.py
[2024-09-04T17:43:47.820+0000] {processor.py:925} INFO - DAG(s) 'ml_pipeline' retrieved from /opt/airflow/dags/ml_pipeline.py
[2024-09-04T17:43:47.838+0000] {logging_mixin.py:190} INFO - [2024-09-04T17:43:47.837+0000] {dag.py:3211} INFO - Sync 1 DAGs
[2024-09-04T17:43:47.860+0000] {logging_mixin.py:190} INFO - [2024-09-04T17:43:47.860+0000] {dag.py:4138} INFO - Setting next_dagrun for ml_pipeline to 2024-09-04 00:00:00+00:00, run_after=2024-09-05 00:00:00+00:00
[2024-09-04T17:43:47.881+0000] {processor.py:208} INFO - Processing /opt/airflow/dags/ml_pipeline.py took 1.391 seconds
[2024-09-04T17:44:18.016+0000] {processor.py:186} INFO - Started process (PID=2962) to work on /opt/airflow/dags/ml_pipeline.py
[2024-09-04T17:44:18.017+0000] {processor.py:914} INFO - Processing file /opt/airflow/dags/ml_pipeline.py for tasks to queue
[2024-09-04T17:44:18.020+0000] {logging_mixin.py:190} INFO - [2024-09-04T17:44:18.019+0000] {dagbag.py:587} INFO - Filling up the DagBag from /opt/airflow/dags/ml_pipeline.py
[2024-09-04T17:44:19.516+0000] {processor.py:925} INFO - DAG(s) 'ml_pipeline' retrieved from /opt/airflow/dags/ml_pipeline.py
[2024-09-04T17:44:19.539+0000] {logging_mixin.py:190} INFO - [2024-09-04T17:44:19.539+0000] {dag.py:3211} INFO - Sync 1 DAGs
[2024-09-04T17:44:19.565+0000] {logging_mixin.py:190} INFO - [2024-09-04T17:44:19.564+0000] {dag.py:4138} INFO - Setting next_dagrun for ml_pipeline to 2024-09-04 00:00:00+00:00, run_after=2024-09-05 00:00:00+00:00
[2024-09-04T17:44:19.583+0000] {processor.py:208} INFO - Processing /opt/airflow/dags/ml_pipeline.py took 1.573 seconds
[2024-09-04T17:44:49.700+0000] {processor.py:186} INFO - Started process (PID=3044) to work on /opt/airflow/dags/ml_pipeline.py
[2024-09-04T17:44:49.702+0000] {processor.py:914} INFO - Processing file /opt/airflow/dags/ml_pipeline.py for tasks to queue
[2024-09-04T17:44:49.704+0000] {logging_mixin.py:190} INFO - [2024-09-04T17:44:49.704+0000] {dagbag.py:587} INFO - Filling up the DagBag from /opt/airflow/dags/ml_pipeline.py
[2024-09-04T17:44:50.857+0000] {processor.py:925} INFO - DAG(s) 'ml_pipeline' retrieved from /opt/airflow/dags/ml_pipeline.py
[2024-09-04T17:44:50.874+0000] {logging_mixin.py:190} INFO - [2024-09-04T17:44:50.874+0000] {dag.py:3211} INFO - Sync 1 DAGs
[2024-09-04T17:44:50.895+0000] {logging_mixin.py:190} INFO - [2024-09-04T17:44:50.895+0000] {dag.py:4138} INFO - Setting next_dagrun for ml_pipeline to 2024-09-04 00:00:00+00:00, run_after=2024-09-05 00:00:00+00:00
[2024-09-04T17:44:50.913+0000] {processor.py:208} INFO - Processing /opt/airflow/dags/ml_pipeline.py took 1.218 seconds
[2024-09-04T17:45:20.962+0000] {processor.py:186} INFO - Started process (PID=3114) to work on /opt/airflow/dags/ml_pipeline.py
[2024-09-04T17:45:20.963+0000] {processor.py:914} INFO - Processing file /opt/airflow/dags/ml_pipeline.py for tasks to queue
[2024-09-04T17:45:20.965+0000] {logging_mixin.py:190} INFO - [2024-09-04T17:45:20.965+0000] {dagbag.py:587} INFO - Filling up the DagBag from /opt/airflow/dags/ml_pipeline.py
[2024-09-04T17:45:22.175+0000] {processor.py:925} INFO - DAG(s) 'ml_pipeline' retrieved from /opt/airflow/dags/ml_pipeline.py
[2024-09-04T17:45:22.193+0000] {logging_mixin.py:190} INFO - [2024-09-04T17:45:22.193+0000] {dag.py:3211} INFO - Sync 1 DAGs
[2024-09-04T17:45:22.214+0000] {logging_mixin.py:190} INFO - [2024-09-04T17:45:22.214+0000] {dag.py:4138} INFO - Setting next_dagrun for ml_pipeline to 2024-09-04 00:00:00+00:00, run_after=2024-09-05 00:00:00+00:00
[2024-09-04T17:45:22.232+0000] {processor.py:208} INFO - Processing /opt/airflow/dags/ml_pipeline.py took 1.275 seconds
[2024-09-04T17:45:52.954+0000] {processor.py:186} INFO - Started process (PID=3184) to work on /opt/airflow/dags/ml_pipeline.py
[2024-09-04T17:45:52.955+0000] {processor.py:914} INFO - Processing file /opt/airflow/dags/ml_pipeline.py for tasks to queue
[2024-09-04T17:45:52.958+0000] {logging_mixin.py:190} INFO - [2024-09-04T17:45:52.958+0000] {dagbag.py:587} INFO - Filling up the DagBag from /opt/airflow/dags/ml_pipeline.py
[2024-09-04T17:45:54.266+0000] {processor.py:925} INFO - DAG(s) 'ml_pipeline' retrieved from /opt/airflow/dags/ml_pipeline.py
[2024-09-04T17:45:54.287+0000] {logging_mixin.py:190} INFO - [2024-09-04T17:45:54.286+0000] {dag.py:3211} INFO - Sync 1 DAGs
[2024-09-04T17:45:54.309+0000] {logging_mixin.py:190} INFO - [2024-09-04T17:45:54.309+0000] {dag.py:4138} INFO - Setting next_dagrun for ml_pipeline to 2024-09-04 00:00:00+00:00, run_after=2024-09-05 00:00:00+00:00
[2024-09-04T17:45:54.328+0000] {processor.py:208} INFO - Processing /opt/airflow/dags/ml_pipeline.py took 1.381 seconds
[2024-09-04T17:46:24.433+0000] {processor.py:186} INFO - Started process (PID=3254) to work on /opt/airflow/dags/ml_pipeline.py
[2024-09-04T17:46:24.434+0000] {processor.py:914} INFO - Processing file /opt/airflow/dags/ml_pipeline.py for tasks to queue
[2024-09-04T17:46:24.437+0000] {logging_mixin.py:190} INFO - [2024-09-04T17:46:24.437+0000] {dagbag.py:587} INFO - Filling up the DagBag from /opt/airflow/dags/ml_pipeline.py
[2024-09-04T17:46:25.696+0000] {processor.py:925} INFO - DAG(s) 'ml_pipeline' retrieved from /opt/airflow/dags/ml_pipeline.py
[2024-09-04T17:46:25.712+0000] {logging_mixin.py:190} INFO - [2024-09-04T17:46:25.712+0000] {dag.py:3211} INFO - Sync 1 DAGs
[2024-09-04T17:46:25.734+0000] {logging_mixin.py:190} INFO - [2024-09-04T17:46:25.734+0000] {dag.py:4138} INFO - Setting next_dagrun for ml_pipeline to 2024-09-04 00:00:00+00:00, run_after=2024-09-05 00:00:00+00:00
[2024-09-04T17:46:25.752+0000] {processor.py:208} INFO - Processing /opt/airflow/dags/ml_pipeline.py took 1.325 seconds
[2024-09-04T17:46:56.252+0000] {processor.py:186} INFO - Started process (PID=3324) to work on /opt/airflow/dags/ml_pipeline.py
[2024-09-04T17:46:56.254+0000] {processor.py:914} INFO - Processing file /opt/airflow/dags/ml_pipeline.py for tasks to queue
[2024-09-04T17:46:56.256+0000] {logging_mixin.py:190} INFO - [2024-09-04T17:46:56.256+0000] {dagbag.py:587} INFO - Filling up the DagBag from /opt/airflow/dags/ml_pipeline.py
[2024-09-04T17:46:57.656+0000] {processor.py:925} INFO - DAG(s) 'ml_pipeline' retrieved from /opt/airflow/dags/ml_pipeline.py
[2024-09-04T17:46:57.676+0000] {logging_mixin.py:190} INFO - [2024-09-04T17:46:57.675+0000] {dag.py:3211} INFO - Sync 1 DAGs
[2024-09-04T17:46:57.696+0000] {logging_mixin.py:190} INFO - [2024-09-04T17:46:57.696+0000] {dag.py:4138} INFO - Setting next_dagrun for ml_pipeline to 2024-09-04 00:00:00+00:00, run_after=2024-09-05 00:00:00+00:00
[2024-09-04T17:46:57.713+0000] {processor.py:208} INFO - Processing /opt/airflow/dags/ml_pipeline.py took 1.467 seconds
[2024-09-04T17:47:28.223+0000] {processor.py:186} INFO - Started process (PID=3394) to work on /opt/airflow/dags/ml_pipeline.py
[2024-09-04T17:47:28.224+0000] {processor.py:914} INFO - Processing file /opt/airflow/dags/ml_pipeline.py for tasks to queue
[2024-09-04T17:47:28.227+0000] {logging_mixin.py:190} INFO - [2024-09-04T17:47:28.226+0000] {dagbag.py:587} INFO - Filling up the DagBag from /opt/airflow/dags/ml_pipeline.py
[2024-09-04T17:47:29.587+0000] {processor.py:925} INFO - DAG(s) 'ml_pipeline' retrieved from /opt/airflow/dags/ml_pipeline.py
[2024-09-04T17:47:29.687+0000] {logging_mixin.py:190} INFO - [2024-09-04T17:47:29.687+0000] {dag.py:3211} INFO - Sync 1 DAGs
[2024-09-04T17:47:29.719+0000] {logging_mixin.py:190} INFO - [2024-09-04T17:47:29.718+0000] {dag.py:4138} INFO - Setting next_dagrun for ml_pipeline to 2024-09-04 00:00:00+00:00, run_after=2024-09-05 00:00:00+00:00
[2024-09-04T17:47:29.744+0000] {processor.py:208} INFO - Processing /opt/airflow/dags/ml_pipeline.py took 1.523 seconds
[2024-09-04T17:47:59.902+0000] {processor.py:186} INFO - Started process (PID=3464) to work on /opt/airflow/dags/ml_pipeline.py
[2024-09-04T17:47:59.903+0000] {processor.py:914} INFO - Processing file /opt/airflow/dags/ml_pipeline.py for tasks to queue
[2024-09-04T17:47:59.905+0000] {logging_mixin.py:190} INFO - [2024-09-04T17:47:59.905+0000] {dagbag.py:587} INFO - Filling up the DagBag from /opt/airflow/dags/ml_pipeline.py
[2024-09-04T17:48:01.065+0000] {processor.py:925} INFO - DAG(s) 'ml_pipeline' retrieved from /opt/airflow/dags/ml_pipeline.py
[2024-09-04T17:48:01.100+0000] {logging_mixin.py:190} INFO - [2024-09-04T17:48:01.100+0000] {dag.py:3211} INFO - Sync 1 DAGs
[2024-09-04T17:48:01.133+0000] {logging_mixin.py:190} INFO - [2024-09-04T17:48:01.133+0000] {dag.py:4138} INFO - Setting next_dagrun for ml_pipeline to 2024-09-04 00:00:00+00:00, run_after=2024-09-05 00:00:00+00:00
[2024-09-04T17:48:01.153+0000] {processor.py:208} INFO - Processing /opt/airflow/dags/ml_pipeline.py took 1.257 seconds
[2024-09-04T17:48:31.226+0000] {processor.py:186} INFO - Started process (PID=3534) to work on /opt/airflow/dags/ml_pipeline.py
[2024-09-04T17:48:31.227+0000] {processor.py:914} INFO - Processing file /opt/airflow/dags/ml_pipeline.py for tasks to queue
[2024-09-04T17:48:31.230+0000] {logging_mixin.py:190} INFO - [2024-09-04T17:48:31.229+0000] {dagbag.py:587} INFO - Filling up the DagBag from /opt/airflow/dags/ml_pipeline.py
[2024-09-04T17:48:32.351+0000] {processor.py:925} INFO - DAG(s) 'ml_pipeline' retrieved from /opt/airflow/dags/ml_pipeline.py
[2024-09-04T17:48:32.380+0000] {logging_mixin.py:190} INFO - [2024-09-04T17:48:32.379+0000] {dag.py:3211} INFO - Sync 1 DAGs
[2024-09-04T17:48:32.408+0000] {logging_mixin.py:190} INFO - [2024-09-04T17:48:32.408+0000] {dag.py:4138} INFO - Setting next_dagrun for ml_pipeline to 2024-09-04 00:00:00+00:00, run_after=2024-09-05 00:00:00+00:00
[2024-09-04T17:48:32.428+0000] {processor.py:208} INFO - Processing /opt/airflow/dags/ml_pipeline.py took 1.212 seconds
[2024-09-04T17:49:02.554+0000] {processor.py:186} INFO - Started process (PID=3606) to work on /opt/airflow/dags/ml_pipeline.py
[2024-09-04T17:49:02.555+0000] {processor.py:914} INFO - Processing file /opt/airflow/dags/ml_pipeline.py for tasks to queue
[2024-09-04T17:49:02.558+0000] {logging_mixin.py:190} INFO - [2024-09-04T17:49:02.558+0000] {dagbag.py:587} INFO - Filling up the DagBag from /opt/airflow/dags/ml_pipeline.py
[2024-09-04T17:49:03.666+0000] {processor.py:925} INFO - DAG(s) 'ml_pipeline' retrieved from /opt/airflow/dags/ml_pipeline.py
[2024-09-04T17:49:03.690+0000] {logging_mixin.py:190} INFO - [2024-09-04T17:49:03.689+0000] {dag.py:3211} INFO - Sync 1 DAGs
[2024-09-04T17:49:03.721+0000] {logging_mixin.py:190} INFO - [2024-09-04T17:49:03.720+0000] {dag.py:4138} INFO - Setting next_dagrun for ml_pipeline to 2024-09-04 00:00:00+00:00, run_after=2024-09-05 00:00:00+00:00
[2024-09-04T17:49:03.744+0000] {processor.py:208} INFO - Processing /opt/airflow/dags/ml_pipeline.py took 1.196 seconds
[2024-09-04T17:49:33.921+0000] {processor.py:186} INFO - Started process (PID=3676) to work on /opt/airflow/dags/ml_pipeline.py
[2024-09-04T17:49:33.923+0000] {processor.py:914} INFO - Processing file /opt/airflow/dags/ml_pipeline.py for tasks to queue
[2024-09-04T17:49:33.928+0000] {logging_mixin.py:190} INFO - [2024-09-04T17:49:33.927+0000] {dagbag.py:587} INFO - Filling up the DagBag from /opt/airflow/dags/ml_pipeline.py
[2024-09-04T17:49:35.141+0000] {processor.py:925} INFO - DAG(s) 'ml_pipeline' retrieved from /opt/airflow/dags/ml_pipeline.py
[2024-09-04T17:49:35.164+0000] {logging_mixin.py:190} INFO - [2024-09-04T17:49:35.164+0000] {dag.py:3211} INFO - Sync 1 DAGs
[2024-09-04T17:49:35.194+0000] {logging_mixin.py:190} INFO - [2024-09-04T17:49:35.194+0000] {dag.py:4138} INFO - Setting next_dagrun for ml_pipeline to 2024-09-04 00:00:00+00:00, run_after=2024-09-05 00:00:00+00:00
[2024-09-04T17:49:35.215+0000] {processor.py:208} INFO - Processing /opt/airflow/dags/ml_pipeline.py took 1.301 seconds
[2024-09-04T17:50:05.714+0000] {processor.py:186} INFO - Started process (PID=3752) to work on /opt/airflow/dags/ml_pipeline.py
[2024-09-04T17:50:05.720+0000] {processor.py:914} INFO - Processing file /opt/airflow/dags/ml_pipeline.py for tasks to queue
[2024-09-04T17:50:05.724+0000] {logging_mixin.py:190} INFO - [2024-09-04T17:50:05.724+0000] {dagbag.py:587} INFO - Filling up the DagBag from /opt/airflow/dags/ml_pipeline.py
[2024-09-04T17:50:09.080+0000] {processor.py:925} INFO - DAG(s) 'ml_pipeline' retrieved from /opt/airflow/dags/ml_pipeline.py
[2024-09-04T17:50:09.131+0000] {logging_mixin.py:190} INFO - [2024-09-04T17:50:09.131+0000] {dag.py:3211} INFO - Sync 1 DAGs
[2024-09-04T17:50:09.194+0000] {logging_mixin.py:190} INFO - [2024-09-04T17:50:09.194+0000] {dag.py:4138} INFO - Setting next_dagrun for ml_pipeline to 2024-09-04 00:00:00+00:00, run_after=2024-09-05 00:00:00+00:00
[2024-09-04T17:50:09.216+0000] {processor.py:208} INFO - Processing /opt/airflow/dags/ml_pipeline.py took 3.513 seconds
[2024-09-04T17:50:39.532+0000] {processor.py:186} INFO - Started process (PID=3823) to work on /opt/airflow/dags/ml_pipeline.py
[2024-09-04T17:50:39.534+0000] {processor.py:914} INFO - Processing file /opt/airflow/dags/ml_pipeline.py for tasks to queue
[2024-09-04T17:50:39.539+0000] {logging_mixin.py:190} INFO - [2024-09-04T17:50:39.538+0000] {dagbag.py:587} INFO - Filling up the DagBag from /opt/airflow/dags/ml_pipeline.py
[2024-09-04T17:50:41.017+0000] {processor.py:925} INFO - DAG(s) 'ml_pipeline' retrieved from /opt/airflow/dags/ml_pipeline.py
[2024-09-04T17:50:41.060+0000] {logging_mixin.py:190} INFO - [2024-09-04T17:50:41.059+0000] {dag.py:3211} INFO - Sync 1 DAGs
[2024-09-04T17:50:41.110+0000] {logging_mixin.py:190} INFO - [2024-09-04T17:50:41.109+0000] {dag.py:4138} INFO - Setting next_dagrun for ml_pipeline to 2024-09-04 00:00:00+00:00, run_after=2024-09-05 00:00:00+00:00
[2024-09-04T17:50:41.146+0000] {processor.py:208} INFO - Processing /opt/airflow/dags/ml_pipeline.py took 1.621 seconds
[2024-09-04T17:51:11.678+0000] {processor.py:186} INFO - Started process (PID=3893) to work on /opt/airflow/dags/ml_pipeline.py
[2024-09-04T17:51:11.679+0000] {processor.py:914} INFO - Processing file /opt/airflow/dags/ml_pipeline.py for tasks to queue
[2024-09-04T17:51:11.681+0000] {logging_mixin.py:190} INFO - [2024-09-04T17:51:11.681+0000] {dagbag.py:587} INFO - Filling up the DagBag from /opt/airflow/dags/ml_pipeline.py
[2024-09-04T17:51:12.852+0000] {processor.py:925} INFO - DAG(s) 'ml_pipeline' retrieved from /opt/airflow/dags/ml_pipeline.py
[2024-09-04T17:51:12.874+0000] {logging_mixin.py:190} INFO - [2024-09-04T17:51:12.874+0000] {dag.py:3211} INFO - Sync 1 DAGs
[2024-09-04T17:51:12.899+0000] {logging_mixin.py:190} INFO - [2024-09-04T17:51:12.898+0000] {dag.py:4138} INFO - Setting next_dagrun for ml_pipeline to 2024-09-04 00:00:00+00:00, run_after=2024-09-05 00:00:00+00:00
[2024-09-04T17:51:12.921+0000] {processor.py:208} INFO - Processing /opt/airflow/dags/ml_pipeline.py took 1.249 seconds
[2024-09-04T17:51:43.622+0000] {processor.py:186} INFO - Started process (PID=3963) to work on /opt/airflow/dags/ml_pipeline.py
[2024-09-04T17:51:43.623+0000] {processor.py:914} INFO - Processing file /opt/airflow/dags/ml_pipeline.py for tasks to queue
[2024-09-04T17:51:43.626+0000] {logging_mixin.py:190} INFO - [2024-09-04T17:51:43.625+0000] {dagbag.py:587} INFO - Filling up the DagBag from /opt/airflow/dags/ml_pipeline.py
[2024-09-04T17:51:44.898+0000] {processor.py:925} INFO - DAG(s) 'ml_pipeline' retrieved from /opt/airflow/dags/ml_pipeline.py
[2024-09-04T17:51:44.922+0000] {logging_mixin.py:190} INFO - [2024-09-04T17:51:44.922+0000] {dag.py:3211} INFO - Sync 1 DAGs
[2024-09-04T17:51:44.948+0000] {logging_mixin.py:190} INFO - [2024-09-04T17:51:44.948+0000] {dag.py:4138} INFO - Setting next_dagrun for ml_pipeline to 2024-09-04 00:00:00+00:00, run_after=2024-09-05 00:00:00+00:00
[2024-09-04T17:51:44.966+0000] {processor.py:208} INFO - Processing /opt/airflow/dags/ml_pipeline.py took 1.352 seconds
[2024-09-04T17:52:15.316+0000] {processor.py:186} INFO - Started process (PID=4033) to work on /opt/airflow/dags/ml_pipeline.py
[2024-09-04T17:52:15.322+0000] {processor.py:914} INFO - Processing file /opt/airflow/dags/ml_pipeline.py for tasks to queue
[2024-09-04T17:52:15.337+0000] {logging_mixin.py:190} INFO - [2024-09-04T17:52:15.336+0000] {dagbag.py:587} INFO - Filling up the DagBag from /opt/airflow/dags/ml_pipeline.py
[2024-09-04T17:52:17.262+0000] {processor.py:925} INFO - DAG(s) 'ml_pipeline' retrieved from /opt/airflow/dags/ml_pipeline.py
[2024-09-04T17:52:17.297+0000] {logging_mixin.py:190} INFO - [2024-09-04T17:52:17.297+0000] {dag.py:3211} INFO - Sync 1 DAGs
[2024-09-04T17:52:17.332+0000] {logging_mixin.py:190} INFO - [2024-09-04T17:52:17.332+0000] {dag.py:4138} INFO - Setting next_dagrun for ml_pipeline to 2024-09-04 00:00:00+00:00, run_after=2024-09-05 00:00:00+00:00
[2024-09-04T17:52:17.361+0000] {processor.py:208} INFO - Processing /opt/airflow/dags/ml_pipeline.py took 2.061 seconds
[2024-09-04T17:52:47.772+0000] {processor.py:186} INFO - Started process (PID=4106) to work on /opt/airflow/dags/ml_pipeline.py
[2024-09-04T17:52:47.773+0000] {processor.py:914} INFO - Processing file /opt/airflow/dags/ml_pipeline.py for tasks to queue
[2024-09-04T17:52:47.776+0000] {logging_mixin.py:190} INFO - [2024-09-04T17:52:47.776+0000] {dagbag.py:587} INFO - Filling up the DagBag from /opt/airflow/dags/ml_pipeline.py
[2024-09-04T17:52:49.056+0000] {processor.py:925} INFO - DAG(s) 'ml_pipeline' retrieved from /opt/airflow/dags/ml_pipeline.py
[2024-09-04T17:52:49.095+0000] {logging_mixin.py:190} INFO - [2024-09-04T17:52:49.094+0000] {dag.py:3211} INFO - Sync 1 DAGs
[2024-09-04T17:52:49.130+0000] {logging_mixin.py:190} INFO - [2024-09-04T17:52:49.130+0000] {dag.py:4138} INFO - Setting next_dagrun for ml_pipeline to 2024-09-04 00:00:00+00:00, run_after=2024-09-05 00:00:00+00:00
[2024-09-04T17:52:49.155+0000] {processor.py:208} INFO - Processing /opt/airflow/dags/ml_pipeline.py took 1.390 seconds
[2024-09-04T17:53:19.682+0000] {processor.py:186} INFO - Started process (PID=4176) to work on /opt/airflow/dags/ml_pipeline.py
[2024-09-04T17:53:19.684+0000] {processor.py:914} INFO - Processing file /opt/airflow/dags/ml_pipeline.py for tasks to queue
[2024-09-04T17:53:19.687+0000] {logging_mixin.py:190} INFO - [2024-09-04T17:53:19.686+0000] {dagbag.py:587} INFO - Filling up the DagBag from /opt/airflow/dags/ml_pipeline.py
[2024-09-04T17:53:21.532+0000] {processor.py:925} INFO - DAG(s) 'ml_pipeline' retrieved from /opt/airflow/dags/ml_pipeline.py
[2024-09-04T17:53:21.556+0000] {logging_mixin.py:190} INFO - [2024-09-04T17:53:21.555+0000] {dag.py:3211} INFO - Sync 1 DAGs
[2024-09-04T17:53:21.582+0000] {logging_mixin.py:190} INFO - [2024-09-04T17:53:21.582+0000] {dag.py:4138} INFO - Setting next_dagrun for ml_pipeline to 2024-09-04 00:00:00+00:00, run_after=2024-09-05 00:00:00+00:00
[2024-09-04T17:53:21.601+0000] {processor.py:208} INFO - Processing /opt/airflow/dags/ml_pipeline.py took 1.925 seconds
[2024-09-04T17:53:51.868+0000] {processor.py:186} INFO - Started process (PID=4246) to work on /opt/airflow/dags/ml_pipeline.py
[2024-09-04T17:53:51.869+0000] {processor.py:914} INFO - Processing file /opt/airflow/dags/ml_pipeline.py for tasks to queue
[2024-09-04T17:53:51.871+0000] {logging_mixin.py:190} INFO - [2024-09-04T17:53:51.871+0000] {dagbag.py:587} INFO - Filling up the DagBag from /opt/airflow/dags/ml_pipeline.py
[2024-09-04T17:53:52.907+0000] {processor.py:925} INFO - DAG(s) 'ml_pipeline' retrieved from /opt/airflow/dags/ml_pipeline.py
[2024-09-04T17:53:52.930+0000] {logging_mixin.py:190} INFO - [2024-09-04T17:53:52.929+0000] {dag.py:3211} INFO - Sync 1 DAGs
[2024-09-04T17:53:52.959+0000] {logging_mixin.py:190} INFO - [2024-09-04T17:53:52.959+0000] {dag.py:4138} INFO - Setting next_dagrun for ml_pipeline to 2024-09-04 00:00:00+00:00, run_after=2024-09-05 00:00:00+00:00
[2024-09-04T17:53:52.979+0000] {processor.py:208} INFO - Processing /opt/airflow/dags/ml_pipeline.py took 1.118 seconds
[2024-09-04T17:54:23.688+0000] {processor.py:186} INFO - Started process (PID=4316) to work on /opt/airflow/dags/ml_pipeline.py
[2024-09-04T17:54:23.689+0000] {processor.py:914} INFO - Processing file /opt/airflow/dags/ml_pipeline.py for tasks to queue
[2024-09-04T17:54:23.692+0000] {logging_mixin.py:190} INFO - [2024-09-04T17:54:23.691+0000] {dagbag.py:587} INFO - Filling up the DagBag from /opt/airflow/dags/ml_pipeline.py
[2024-09-04T17:54:24.922+0000] {processor.py:925} INFO - DAG(s) 'ml_pipeline' retrieved from /opt/airflow/dags/ml_pipeline.py
[2024-09-04T17:54:24.949+0000] {logging_mixin.py:190} INFO - [2024-09-04T17:54:24.948+0000] {dag.py:3211} INFO - Sync 1 DAGs
[2024-09-04T17:54:24.979+0000] {logging_mixin.py:190} INFO - [2024-09-04T17:54:24.979+0000] {dag.py:4138} INFO - Setting next_dagrun for ml_pipeline to 2024-09-04 00:00:00+00:00, run_after=2024-09-05 00:00:00+00:00
[2024-09-04T17:54:25.004+0000] {processor.py:208} INFO - Processing /opt/airflow/dags/ml_pipeline.py took 1.323 seconds
[2024-09-04T17:54:55.056+0000] {processor.py:186} INFO - Started process (PID=4386) to work on /opt/airflow/dags/ml_pipeline.py
[2024-09-04T17:54:55.057+0000] {processor.py:914} INFO - Processing file /opt/airflow/dags/ml_pipeline.py for tasks to queue
[2024-09-04T17:54:55.059+0000] {logging_mixin.py:190} INFO - [2024-09-04T17:54:55.059+0000] {dagbag.py:587} INFO - Filling up the DagBag from /opt/airflow/dags/ml_pipeline.py
[2024-09-04T17:54:56.184+0000] {processor.py:925} INFO - DAG(s) 'ml_pipeline' retrieved from /opt/airflow/dags/ml_pipeline.py
[2024-09-04T17:54:56.205+0000] {logging_mixin.py:190} INFO - [2024-09-04T17:54:56.205+0000] {dag.py:3211} INFO - Sync 1 DAGs
[2024-09-04T17:54:56.231+0000] {logging_mixin.py:190} INFO - [2024-09-04T17:54:56.230+0000] {dag.py:4138} INFO - Setting next_dagrun for ml_pipeline to 2024-09-04 00:00:00+00:00, run_after=2024-09-05 00:00:00+00:00
[2024-09-04T17:54:56.253+0000] {processor.py:208} INFO - Processing /opt/airflow/dags/ml_pipeline.py took 1.203 seconds
[2024-09-04T17:55:26.902+0000] {processor.py:186} INFO - Started process (PID=4456) to work on /opt/airflow/dags/ml_pipeline.py
[2024-09-04T17:55:26.904+0000] {processor.py:914} INFO - Processing file /opt/airflow/dags/ml_pipeline.py for tasks to queue
[2024-09-04T17:55:26.907+0000] {logging_mixin.py:190} INFO - [2024-09-04T17:55:26.907+0000] {dagbag.py:587} INFO - Filling up the DagBag from /opt/airflow/dags/ml_pipeline.py
[2024-09-04T17:55:27.988+0000] {processor.py:925} INFO - DAG(s) 'ml_pipeline' retrieved from /opt/airflow/dags/ml_pipeline.py
[2024-09-04T17:55:28.008+0000] {logging_mixin.py:190} INFO - [2024-09-04T17:55:28.008+0000] {dag.py:3211} INFO - Sync 1 DAGs
[2024-09-04T17:55:28.031+0000] {logging_mixin.py:190} INFO - [2024-09-04T17:55:28.031+0000] {dag.py:4138} INFO - Setting next_dagrun for ml_pipeline to 2024-09-04 00:00:00+00:00, run_after=2024-09-05 00:00:00+00:00
[2024-09-04T17:55:28.052+0000] {processor.py:208} INFO - Processing /opt/airflow/dags/ml_pipeline.py took 1.159 seconds
[2024-09-04T17:55:58.193+0000] {processor.py:186} INFO - Started process (PID=4525) to work on /opt/airflow/dags/ml_pipeline.py
[2024-09-04T17:55:58.195+0000] {processor.py:914} INFO - Processing file /opt/airflow/dags/ml_pipeline.py for tasks to queue
[2024-09-04T17:55:58.197+0000] {logging_mixin.py:190} INFO - [2024-09-04T17:55:58.197+0000] {dagbag.py:587} INFO - Filling up the DagBag from /opt/airflow/dags/ml_pipeline.py
[2024-09-04T17:55:59.306+0000] {processor.py:925} INFO - DAG(s) 'ml_pipeline' retrieved from /opt/airflow/dags/ml_pipeline.py
[2024-09-04T17:55:59.334+0000] {logging_mixin.py:190} INFO - [2024-09-04T17:55:59.334+0000] {dag.py:3211} INFO - Sync 1 DAGs
[2024-09-04T17:55:59.371+0000] {logging_mixin.py:190} INFO - [2024-09-04T17:55:59.369+0000] {dag.py:4138} INFO - Setting next_dagrun for ml_pipeline to 2024-09-04 00:00:00+00:00, run_after=2024-09-05 00:00:00+00:00
[2024-09-04T17:55:59.399+0000] {processor.py:208} INFO - Processing /opt/airflow/dags/ml_pipeline.py took 1.212 seconds
[2024-09-04T17:56:29.863+0000] {processor.py:186} INFO - Started process (PID=4595) to work on /opt/airflow/dags/ml_pipeline.py
[2024-09-04T17:56:29.864+0000] {processor.py:914} INFO - Processing file /opt/airflow/dags/ml_pipeline.py for tasks to queue
[2024-09-04T17:56:29.867+0000] {logging_mixin.py:190} INFO - [2024-09-04T17:56:29.867+0000] {dagbag.py:587} INFO - Filling up the DagBag from /opt/airflow/dags/ml_pipeline.py
[2024-09-04T17:56:30.897+0000] {processor.py:925} INFO - DAG(s) 'ml_pipeline' retrieved from /opt/airflow/dags/ml_pipeline.py
[2024-09-04T17:56:30.918+0000] {logging_mixin.py:190} INFO - [2024-09-04T17:56:30.918+0000] {dag.py:3211} INFO - Sync 1 DAGs
[2024-09-04T17:56:30.942+0000] {logging_mixin.py:190} INFO - [2024-09-04T17:56:30.942+0000] {dag.py:4138} INFO - Setting next_dagrun for ml_pipeline to 2024-09-04 00:00:00+00:00, run_after=2024-09-05 00:00:00+00:00
[2024-09-04T17:56:30.962+0000] {processor.py:208} INFO - Processing /opt/airflow/dags/ml_pipeline.py took 1.106 seconds
[2024-09-04T17:57:01.376+0000] {processor.py:186} INFO - Started process (PID=4665) to work on /opt/airflow/dags/ml_pipeline.py
[2024-09-04T17:57:01.377+0000] {processor.py:914} INFO - Processing file /opt/airflow/dags/ml_pipeline.py for tasks to queue
[2024-09-04T17:57:01.379+0000] {logging_mixin.py:190} INFO - [2024-09-04T17:57:01.379+0000] {dagbag.py:587} INFO - Filling up the DagBag from /opt/airflow/dags/ml_pipeline.py
[2024-09-04T17:57:02.491+0000] {processor.py:925} INFO - DAG(s) 'ml_pipeline' retrieved from /opt/airflow/dags/ml_pipeline.py
[2024-09-04T17:57:02.513+0000] {logging_mixin.py:190} INFO - [2024-09-04T17:57:02.513+0000] {dag.py:3211} INFO - Sync 1 DAGs
[2024-09-04T17:57:02.541+0000] {logging_mixin.py:190} INFO - [2024-09-04T17:57:02.541+0000] {dag.py:4138} INFO - Setting next_dagrun for ml_pipeline to 2024-09-04 00:00:00+00:00, run_after=2024-09-05 00:00:00+00:00
[2024-09-04T17:57:02.563+0000] {processor.py:208} INFO - Processing /opt/airflow/dags/ml_pipeline.py took 1.194 seconds
[2024-09-04T17:57:32.961+0000] {processor.py:186} INFO - Started process (PID=4735) to work on /opt/airflow/dags/ml_pipeline.py
[2024-09-04T17:57:32.962+0000] {processor.py:914} INFO - Processing file /opt/airflow/dags/ml_pipeline.py for tasks to queue
[2024-09-04T17:57:32.964+0000] {logging_mixin.py:190} INFO - [2024-09-04T17:57:32.964+0000] {dagbag.py:587} INFO - Filling up the DagBag from /opt/airflow/dags/ml_pipeline.py
[2024-09-04T17:57:34.012+0000] {processor.py:925} INFO - DAG(s) 'ml_pipeline' retrieved from /opt/airflow/dags/ml_pipeline.py
[2024-09-04T17:57:34.034+0000] {logging_mixin.py:190} INFO - [2024-09-04T17:57:34.034+0000] {dag.py:3211} INFO - Sync 1 DAGs
[2024-09-04T17:57:34.060+0000] {logging_mixin.py:190} INFO - [2024-09-04T17:57:34.060+0000] {dag.py:4138} INFO - Setting next_dagrun for ml_pipeline to 2024-09-04 00:00:00+00:00, run_after=2024-09-05 00:00:00+00:00
[2024-09-04T17:57:34.082+0000] {processor.py:208} INFO - Processing /opt/airflow/dags/ml_pipeline.py took 1.129 seconds
[2024-09-04T17:58:04.212+0000] {processor.py:186} INFO - Started process (PID=4805) to work on /opt/airflow/dags/ml_pipeline.py
[2024-09-04T17:58:04.213+0000] {processor.py:914} INFO - Processing file /opt/airflow/dags/ml_pipeline.py for tasks to queue
[2024-09-04T17:58:04.218+0000] {logging_mixin.py:190} INFO - [2024-09-04T17:58:04.217+0000] {dagbag.py:587} INFO - Filling up the DagBag from /opt/airflow/dags/ml_pipeline.py
[2024-09-04T17:58:05.705+0000] {processor.py:925} INFO - DAG(s) 'ml_pipeline' retrieved from /opt/airflow/dags/ml_pipeline.py
[2024-09-04T17:58:05.758+0000] {logging_mixin.py:190} INFO - [2024-09-04T17:58:05.752+0000] {dag.py:3211} INFO - Sync 1 DAGs
[2024-09-04T17:58:05.798+0000] {logging_mixin.py:190} INFO - [2024-09-04T17:58:05.797+0000] {dag.py:4138} INFO - Setting next_dagrun for ml_pipeline to 2024-09-04 00:00:00+00:00, run_after=2024-09-05 00:00:00+00:00
[2024-09-04T17:58:05.843+0000] {processor.py:208} INFO - Processing /opt/airflow/dags/ml_pipeline.py took 1.639 seconds
[2024-09-04T17:58:36.022+0000] {processor.py:186} INFO - Started process (PID=4875) to work on /opt/airflow/dags/ml_pipeline.py
[2024-09-04T17:58:36.023+0000] {processor.py:914} INFO - Processing file /opt/airflow/dags/ml_pipeline.py for tasks to queue
[2024-09-04T17:58:36.026+0000] {logging_mixin.py:190} INFO - [2024-09-04T17:58:36.025+0000] {dagbag.py:587} INFO - Filling up the DagBag from /opt/airflow/dags/ml_pipeline.py
[2024-09-04T17:58:37.280+0000] {processor.py:925} INFO - DAG(s) 'ml_pipeline' retrieved from /opt/airflow/dags/ml_pipeline.py
[2024-09-04T17:58:37.300+0000] {logging_mixin.py:190} INFO - [2024-09-04T17:58:37.300+0000] {dag.py:3211} INFO - Sync 1 DAGs
[2024-09-04T17:58:37.325+0000] {logging_mixin.py:190} INFO - [2024-09-04T17:58:37.325+0000] {dag.py:4138} INFO - Setting next_dagrun for ml_pipeline to 2024-09-04 00:00:00+00:00, run_after=2024-09-05 00:00:00+00:00
[2024-09-04T17:58:37.346+0000] {processor.py:208} INFO - Processing /opt/airflow/dags/ml_pipeline.py took 1.332 seconds
[2024-09-04T17:59:07.553+0000] {processor.py:186} INFO - Started process (PID=4946) to work on /opt/airflow/dags/ml_pipeline.py
[2024-09-04T17:59:07.554+0000] {processor.py:914} INFO - Processing file /opt/airflow/dags/ml_pipeline.py for tasks to queue
[2024-09-04T17:59:07.557+0000] {logging_mixin.py:190} INFO - [2024-09-04T17:59:07.557+0000] {dagbag.py:587} INFO - Filling up the DagBag from /opt/airflow/dags/ml_pipeline.py
[2024-09-04T17:59:08.914+0000] {processor.py:925} INFO - DAG(s) 'ml_pipeline' retrieved from /opt/airflow/dags/ml_pipeline.py
[2024-09-04T17:59:08.937+0000] {logging_mixin.py:190} INFO - [2024-09-04T17:59:08.937+0000] {dag.py:3211} INFO - Sync 1 DAGs
[2024-09-04T17:59:08.963+0000] {logging_mixin.py:190} INFO - [2024-09-04T17:59:08.963+0000] {dag.py:4138} INFO - Setting next_dagrun for ml_pipeline to 2024-09-04 00:00:00+00:00, run_after=2024-09-05 00:00:00+00:00
[2024-09-04T17:59:08.989+0000] {processor.py:208} INFO - Processing /opt/airflow/dags/ml_pipeline.py took 1.442 seconds
[2024-09-04T17:59:39.638+0000] {processor.py:186} INFO - Started process (PID=5029) to work on /opt/airflow/dags/ml_pipeline.py
[2024-09-04T17:59:39.639+0000] {processor.py:914} INFO - Processing file /opt/airflow/dags/ml_pipeline.py for tasks to queue
[2024-09-04T17:59:39.642+0000] {logging_mixin.py:190} INFO - [2024-09-04T17:59:39.642+0000] {dagbag.py:587} INFO - Filling up the DagBag from /opt/airflow/dags/ml_pipeline.py
[2024-09-04T17:59:40.902+0000] {processor.py:925} INFO - DAG(s) 'ml_pipeline' retrieved from /opt/airflow/dags/ml_pipeline.py
[2024-09-04T17:59:40.924+0000] {logging_mixin.py:190} INFO - [2024-09-04T17:59:40.924+0000] {dag.py:3211} INFO - Sync 1 DAGs
[2024-09-04T17:59:40.952+0000] {logging_mixin.py:190} INFO - [2024-09-04T17:59:40.952+0000] {dag.py:4138} INFO - Setting next_dagrun for ml_pipeline to 2024-09-04 00:00:00+00:00, run_after=2024-09-05 00:00:00+00:00
[2024-09-04T17:59:40.982+0000] {processor.py:208} INFO - Processing /opt/airflow/dags/ml_pipeline.py took 1.353 seconds
[2024-09-04T18:00:11.079+0000] {processor.py:186} INFO - Started process (PID=5101) to work on /opt/airflow/dags/ml_pipeline.py
[2024-09-04T18:00:11.081+0000] {processor.py:914} INFO - Processing file /opt/airflow/dags/ml_pipeline.py for tasks to queue
[2024-09-04T18:00:11.084+0000] {logging_mixin.py:190} INFO - [2024-09-04T18:00:11.084+0000] {dagbag.py:587} INFO - Filling up the DagBag from /opt/airflow/dags/ml_pipeline.py
[2024-09-04T18:00:12.926+0000] {processor.py:925} INFO - DAG(s) 'ml_pipeline' retrieved from /opt/airflow/dags/ml_pipeline.py
[2024-09-04T18:00:12.948+0000] {logging_mixin.py:190} INFO - [2024-09-04T18:00:12.947+0000] {dag.py:3211} INFO - Sync 1 DAGs
[2024-09-04T18:00:12.978+0000] {logging_mixin.py:190} INFO - [2024-09-04T18:00:12.978+0000] {dag.py:4138} INFO - Setting next_dagrun for ml_pipeline to 2024-09-04 00:00:00+00:00, run_after=2024-09-05 00:00:00+00:00
[2024-09-04T18:00:13.003+0000] {processor.py:208} INFO - Processing /opt/airflow/dags/ml_pipeline.py took 1.935 seconds
[2024-09-04T18:00:43.365+0000] {processor.py:186} INFO - Started process (PID=5176) to work on /opt/airflow/dags/ml_pipeline.py
[2024-09-04T18:00:43.366+0000] {processor.py:914} INFO - Processing file /opt/airflow/dags/ml_pipeline.py for tasks to queue
[2024-09-04T18:00:43.369+0000] {logging_mixin.py:190} INFO - [2024-09-04T18:00:43.369+0000] {dagbag.py:587} INFO - Filling up the DagBag from /opt/airflow/dags/ml_pipeline.py
[2024-09-04T18:00:44.749+0000] {processor.py:925} INFO - DAG(s) 'ml_pipeline' retrieved from /opt/airflow/dags/ml_pipeline.py
[2024-09-04T18:00:44.771+0000] {logging_mixin.py:190} INFO - [2024-09-04T18:00:44.770+0000] {dag.py:3211} INFO - Sync 1 DAGs
[2024-09-04T18:00:44.797+0000] {logging_mixin.py:190} INFO - [2024-09-04T18:00:44.797+0000] {dag.py:4138} INFO - Setting next_dagrun for ml_pipeline to 2024-09-04 00:00:00+00:00, run_after=2024-09-05 00:00:00+00:00
[2024-09-04T18:00:44.821+0000] {processor.py:208} INFO - Processing /opt/airflow/dags/ml_pipeline.py took 1.462 seconds
[2024-09-04T18:01:15.053+0000] {processor.py:186} INFO - Started process (PID=5250) to work on /opt/airflow/dags/ml_pipeline.py
[2024-09-04T18:01:15.055+0000] {processor.py:914} INFO - Processing file /opt/airflow/dags/ml_pipeline.py for tasks to queue
[2024-09-04T18:01:15.058+0000] {logging_mixin.py:190} INFO - [2024-09-04T18:01:15.058+0000] {dagbag.py:587} INFO - Filling up the DagBag from /opt/airflow/dags/ml_pipeline.py
[2024-09-04T18:01:16.794+0000] {processor.py:925} INFO - DAG(s) 'ml_pipeline' retrieved from /opt/airflow/dags/ml_pipeline.py
[2024-09-04T18:01:16.816+0000] {logging_mixin.py:190} INFO - [2024-09-04T18:01:16.816+0000] {dag.py:3211} INFO - Sync 1 DAGs
[2024-09-04T18:01:16.849+0000] {logging_mixin.py:190} INFO - [2024-09-04T18:01:16.849+0000] {dag.py:4138} INFO - Setting next_dagrun for ml_pipeline to 2024-09-04 00:00:00+00:00, run_after=2024-09-05 00:00:00+00:00
[2024-09-04T18:01:16.870+0000] {processor.py:208} INFO - Processing /opt/airflow/dags/ml_pipeline.py took 1.824 seconds
[2024-09-04T18:01:47.017+0000] {processor.py:186} INFO - Started process (PID=5323) to work on /opt/airflow/dags/ml_pipeline.py
[2024-09-04T18:01:47.018+0000] {processor.py:914} INFO - Processing file /opt/airflow/dags/ml_pipeline.py for tasks to queue
[2024-09-04T18:01:47.021+0000] {logging_mixin.py:190} INFO - [2024-09-04T18:01:47.020+0000] {dagbag.py:587} INFO - Filling up the DagBag from /opt/airflow/dags/ml_pipeline.py
[2024-09-04T18:01:48.320+0000] {processor.py:925} INFO - DAG(s) 'ml_pipeline' retrieved from /opt/airflow/dags/ml_pipeline.py
[2024-09-04T18:01:48.343+0000] {logging_mixin.py:190} INFO - [2024-09-04T18:01:48.343+0000] {dag.py:3211} INFO - Sync 1 DAGs
[2024-09-04T18:01:48.368+0000] {logging_mixin.py:190} INFO - [2024-09-04T18:01:48.368+0000] {dag.py:4138} INFO - Setting next_dagrun for ml_pipeline to 2024-09-04 00:00:00+00:00, run_after=2024-09-05 00:00:00+00:00
[2024-09-04T18:01:48.393+0000] {processor.py:208} INFO - Processing /opt/airflow/dags/ml_pipeline.py took 1.383 seconds
[2024-09-04T18:02:18.753+0000] {processor.py:186} INFO - Started process (PID=5398) to work on /opt/airflow/dags/ml_pipeline.py
[2024-09-04T18:02:18.754+0000] {processor.py:914} INFO - Processing file /opt/airflow/dags/ml_pipeline.py for tasks to queue
[2024-09-04T18:02:18.758+0000] {logging_mixin.py:190} INFO - [2024-09-04T18:02:18.758+0000] {dagbag.py:587} INFO - Filling up the DagBag from /opt/airflow/dags/ml_pipeline.py
[2024-09-04T18:02:19.955+0000] {processor.py:925} INFO - DAG(s) 'ml_pipeline' retrieved from /opt/airflow/dags/ml_pipeline.py
[2024-09-04T18:02:19.979+0000] {logging_mixin.py:190} INFO - [2024-09-04T18:02:19.978+0000] {dag.py:3211} INFO - Sync 1 DAGs
[2024-09-04T18:02:20.007+0000] {logging_mixin.py:190} INFO - [2024-09-04T18:02:20.007+0000] {dag.py:4138} INFO - Setting next_dagrun for ml_pipeline to 2024-09-04 00:00:00+00:00, run_after=2024-09-05 00:00:00+00:00
[2024-09-04T18:02:20.027+0000] {processor.py:208} INFO - Processing /opt/airflow/dags/ml_pipeline.py took 1.283 seconds
[2024-09-04T18:02:50.477+0000] {processor.py:186} INFO - Started process (PID=5472) to work on /opt/airflow/dags/ml_pipeline.py
[2024-09-04T18:02:50.479+0000] {processor.py:914} INFO - Processing file /opt/airflow/dags/ml_pipeline.py for tasks to queue
[2024-09-04T18:02:50.481+0000] {logging_mixin.py:190} INFO - [2024-09-04T18:02:50.481+0000] {dagbag.py:587} INFO - Filling up the DagBag from /opt/airflow/dags/ml_pipeline.py
[2024-09-04T18:02:51.770+0000] {processor.py:925} INFO - DAG(s) 'ml_pipeline' retrieved from /opt/airflow/dags/ml_pipeline.py
[2024-09-04T18:02:51.791+0000] {logging_mixin.py:190} INFO - [2024-09-04T18:02:51.791+0000] {dag.py:3211} INFO - Sync 1 DAGs
[2024-09-04T18:02:53.003+0000] {logging_mixin.py:190} INFO - [2024-09-04T18:02:53.003+0000] {dag.py:4138} INFO - Setting next_dagrun for ml_pipeline to 2024-09-04 00:00:00+00:00, run_after=2024-09-05 00:00:00+00:00
[2024-09-04T18:02:53.026+0000] {processor.py:208} INFO - Processing /opt/airflow/dags/ml_pipeline.py took 2.556 seconds
[2024-09-04T18:03:23.537+0000] {processor.py:186} INFO - Started process (PID=5558) to work on /opt/airflow/dags/ml_pipeline.py
[2024-09-04T18:03:23.538+0000] {processor.py:914} INFO - Processing file /opt/airflow/dags/ml_pipeline.py for tasks to queue
[2024-09-04T18:03:23.541+0000] {logging_mixin.py:190} INFO - [2024-09-04T18:03:23.541+0000] {dagbag.py:587} INFO - Filling up the DagBag from /opt/airflow/dags/ml_pipeline.py
[2024-09-04T18:03:24.731+0000] {processor.py:925} INFO - DAG(s) 'ml_pipeline' retrieved from /opt/airflow/dags/ml_pipeline.py
[2024-09-04T18:03:24.750+0000] {logging_mixin.py:190} INFO - [2024-09-04T18:03:24.749+0000] {dag.py:3211} INFO - Sync 1 DAGs
[2024-09-04T18:03:24.772+0000] {logging_mixin.py:190} INFO - [2024-09-04T18:03:24.772+0000] {dag.py:4138} INFO - Setting next_dagrun for ml_pipeline to 2024-09-04 00:00:00+00:00, run_after=2024-09-05 00:00:00+00:00
[2024-09-04T18:03:24.791+0000] {processor.py:208} INFO - Processing /opt/airflow/dags/ml_pipeline.py took 1.260 seconds
[2024-09-04T18:03:55.719+0000] {processor.py:186} INFO - Started process (PID=5634) to work on /opt/airflow/dags/ml_pipeline.py
[2024-09-04T18:03:55.721+0000] {processor.py:914} INFO - Processing file /opt/airflow/dags/ml_pipeline.py for tasks to queue
[2024-09-04T18:03:55.723+0000] {logging_mixin.py:190} INFO - [2024-09-04T18:03:55.723+0000] {dagbag.py:587} INFO - Filling up the DagBag from /opt/airflow/dags/ml_pipeline.py
[2024-09-04T18:03:56.865+0000] {processor.py:925} INFO - DAG(s) 'ml_pipeline' retrieved from /opt/airflow/dags/ml_pipeline.py
[2024-09-04T18:03:56.883+0000] {logging_mixin.py:190} INFO - [2024-09-04T18:03:56.882+0000] {dag.py:3211} INFO - Sync 1 DAGs
[2024-09-04T18:03:56.907+0000] {logging_mixin.py:190} INFO - [2024-09-04T18:03:56.907+0000] {dag.py:4138} INFO - Setting next_dagrun for ml_pipeline to 2024-09-04 00:00:00+00:00, run_after=2024-09-05 00:00:00+00:00
[2024-09-04T18:03:56.925+0000] {processor.py:208} INFO - Processing /opt/airflow/dags/ml_pipeline.py took 1.212 seconds
[2024-09-04T18:04:27.943+0000] {processor.py:186} INFO - Started process (PID=5704) to work on /opt/airflow/dags/ml_pipeline.py
[2024-09-04T18:04:27.945+0000] {processor.py:914} INFO - Processing file /opt/airflow/dags/ml_pipeline.py for tasks to queue
[2024-09-04T18:04:27.949+0000] {logging_mixin.py:190} INFO - [2024-09-04T18:04:27.948+0000] {dagbag.py:587} INFO - Filling up the DagBag from /opt/airflow/dags/ml_pipeline.py
[2024-09-04T18:04:29.324+0000] {processor.py:925} INFO - DAG(s) 'ml_pipeline' retrieved from /opt/airflow/dags/ml_pipeline.py
[2024-09-04T18:04:29.407+0000] {logging_mixin.py:190} INFO - [2024-09-04T18:04:29.405+0000] {dag.py:3211} INFO - Sync 1 DAGs
[2024-09-04T18:04:29.433+0000] {logging_mixin.py:190} INFO - [2024-09-04T18:04:29.433+0000] {dag.py:4138} INFO - Setting next_dagrun for ml_pipeline to 2024-09-04 00:00:00+00:00, run_after=2024-09-05 00:00:00+00:00
[2024-09-04T18:04:29.466+0000] {processor.py:208} INFO - Processing /opt/airflow/dags/ml_pipeline.py took 1.533 seconds
[2024-09-04T18:05:00.066+0000] {processor.py:186} INFO - Started process (PID=5777) to work on /opt/airflow/dags/ml_pipeline.py
[2024-09-04T18:05:00.070+0000] {processor.py:914} INFO - Processing file /opt/airflow/dags/ml_pipeline.py for tasks to queue
[2024-09-04T18:05:00.074+0000] {logging_mixin.py:190} INFO - [2024-09-04T18:05:00.073+0000] {dagbag.py:587} INFO - Filling up the DagBag from /opt/airflow/dags/ml_pipeline.py
[2024-09-04T18:05:01.529+0000] {processor.py:925} INFO - DAG(s) 'ml_pipeline' retrieved from /opt/airflow/dags/ml_pipeline.py
[2024-09-04T18:05:01.567+0000] {logging_mixin.py:190} INFO - [2024-09-04T18:05:01.566+0000] {dag.py:3211} INFO - Sync 1 DAGs
[2024-09-04T18:05:01.592+0000] {logging_mixin.py:190} INFO - [2024-09-04T18:05:01.592+0000] {dag.py:4138} INFO - Setting next_dagrun for ml_pipeline to 2024-09-04 00:00:00+00:00, run_after=2024-09-05 00:00:00+00:00
[2024-09-04T18:05:01.614+0000] {processor.py:208} INFO - Processing /opt/airflow/dags/ml_pipeline.py took 1.567 seconds
[2024-09-04T18:05:31.730+0000] {processor.py:186} INFO - Started process (PID=5847) to work on /opt/airflow/dags/ml_pipeline.py
[2024-09-04T18:05:31.731+0000] {processor.py:914} INFO - Processing file /opt/airflow/dags/ml_pipeline.py for tasks to queue
[2024-09-04T18:05:31.734+0000] {logging_mixin.py:190} INFO - [2024-09-04T18:05:31.733+0000] {dagbag.py:587} INFO - Filling up the DagBag from /opt/airflow/dags/ml_pipeline.py
[2024-09-04T18:05:32.912+0000] {processor.py:925} INFO - DAG(s) 'ml_pipeline' retrieved from /opt/airflow/dags/ml_pipeline.py
[2024-09-04T18:05:33.156+0000] {logging_mixin.py:190} INFO - [2024-09-04T18:05:33.156+0000] {dag.py:3211} INFO - Sync 1 DAGs
[2024-09-04T18:05:33.181+0000] {logging_mixin.py:190} INFO - [2024-09-04T18:05:33.181+0000] {dag.py:4138} INFO - Setting next_dagrun for ml_pipeline to 2024-09-04 00:00:00+00:00, run_after=2024-09-05 00:00:00+00:00
[2024-09-04T18:05:33.200+0000] {processor.py:208} INFO - Processing /opt/airflow/dags/ml_pipeline.py took 1.475 seconds
[2024-09-04T18:06:03.388+0000] {processor.py:186} INFO - Started process (PID=5917) to work on /opt/airflow/dags/ml_pipeline.py
[2024-09-04T18:06:03.390+0000] {processor.py:914} INFO - Processing file /opt/airflow/dags/ml_pipeline.py for tasks to queue
[2024-09-04T18:06:03.393+0000] {logging_mixin.py:190} INFO - [2024-09-04T18:06:03.393+0000] {dagbag.py:587} INFO - Filling up the DagBag from /opt/airflow/dags/ml_pipeline.py
[2024-09-04T18:06:05.002+0000] {processor.py:925} INFO - DAG(s) 'ml_pipeline' retrieved from /opt/airflow/dags/ml_pipeline.py
[2024-09-04T18:06:05.263+0000] {logging_mixin.py:190} INFO - [2024-09-04T18:06:05.262+0000] {dag.py:3211} INFO - Sync 1 DAGs
[2024-09-04T18:06:05.294+0000] {logging_mixin.py:190} INFO - [2024-09-04T18:06:05.293+0000] {dag.py:4138} INFO - Setting next_dagrun for ml_pipeline to 2024-09-04 00:00:00+00:00, run_after=2024-09-05 00:00:00+00:00
[2024-09-04T18:06:05.315+0000] {processor.py:208} INFO - Processing /opt/airflow/dags/ml_pipeline.py took 1.936 seconds
[2024-09-04T18:06:35.834+0000] {processor.py:186} INFO - Started process (PID=5987) to work on /opt/airflow/dags/ml_pipeline.py
[2024-09-04T18:06:35.835+0000] {processor.py:914} INFO - Processing file /opt/airflow/dags/ml_pipeline.py for tasks to queue
[2024-09-04T18:06:35.837+0000] {logging_mixin.py:190} INFO - [2024-09-04T18:06:35.837+0000] {dagbag.py:587} INFO - Filling up the DagBag from /opt/airflow/dags/ml_pipeline.py
[2024-09-04T18:06:36.874+0000] {processor.py:925} INFO - DAG(s) 'ml_pipeline' retrieved from /opt/airflow/dags/ml_pipeline.py
[2024-09-04T18:06:37.077+0000] {logging_mixin.py:190} INFO - [2024-09-04T18:06:37.076+0000] {dag.py:3211} INFO - Sync 1 DAGs
[2024-09-04T18:06:37.098+0000] {logging_mixin.py:190} INFO - [2024-09-04T18:06:37.098+0000] {dag.py:4138} INFO - Setting next_dagrun for ml_pipeline to 2024-09-04 00:00:00+00:00, run_after=2024-09-05 00:00:00+00:00
[2024-09-04T18:06:37.115+0000] {processor.py:208} INFO - Processing /opt/airflow/dags/ml_pipeline.py took 1.287 seconds
[2024-09-04T18:07:07.298+0000] {processor.py:186} INFO - Started process (PID=6057) to work on /opt/airflow/dags/ml_pipeline.py
[2024-09-04T18:07:07.299+0000] {processor.py:914} INFO - Processing file /opt/airflow/dags/ml_pipeline.py for tasks to queue
[2024-09-04T18:07:07.301+0000] {logging_mixin.py:190} INFO - [2024-09-04T18:07:07.301+0000] {dagbag.py:587} INFO - Filling up the DagBag from /opt/airflow/dags/ml_pipeline.py
[2024-09-04T18:07:08.361+0000] {processor.py:925} INFO - DAG(s) 'ml_pipeline' retrieved from /opt/airflow/dags/ml_pipeline.py
[2024-09-04T18:07:08.560+0000] {logging_mixin.py:190} INFO - [2024-09-04T18:07:08.559+0000] {dag.py:3211} INFO - Sync 1 DAGs
[2024-09-04T18:07:08.583+0000] {logging_mixin.py:190} INFO - [2024-09-04T18:07:08.583+0000] {dag.py:4138} INFO - Setting next_dagrun for ml_pipeline to 2024-09-04 00:00:00+00:00, run_after=2024-09-05 00:00:00+00:00
[2024-09-04T18:07:08.601+0000] {processor.py:208} INFO - Processing /opt/airflow/dags/ml_pipeline.py took 1.309 seconds
[2024-09-04T18:07:39.173+0000] {processor.py:186} INFO - Started process (PID=6127) to work on /opt/airflow/dags/ml_pipeline.py
[2024-09-04T18:07:39.174+0000] {processor.py:914} INFO - Processing file /opt/airflow/dags/ml_pipeline.py for tasks to queue
[2024-09-04T18:07:39.177+0000] {logging_mixin.py:190} INFO - [2024-09-04T18:07:39.177+0000] {dagbag.py:587} INFO - Filling up the DagBag from /opt/airflow/dags/ml_pipeline.py
[2024-09-04T18:07:40.576+0000] {processor.py:925} INFO - DAG(s) 'ml_pipeline' retrieved from /opt/airflow/dags/ml_pipeline.py
[2024-09-04T18:07:40.817+0000] {logging_mixin.py:190} INFO - [2024-09-04T18:07:40.816+0000] {dag.py:3211} INFO - Sync 1 DAGs
[2024-09-04T18:07:40.836+0000] {logging_mixin.py:190} INFO - [2024-09-04T18:07:40.836+0000] {dag.py:4138} INFO - Setting next_dagrun for ml_pipeline to 2024-09-04 00:00:00+00:00, run_after=2024-09-05 00:00:00+00:00
[2024-09-04T18:07:40.854+0000] {processor.py:208} INFO - Processing /opt/airflow/dags/ml_pipeline.py took 1.687 seconds
[2024-09-04T18:08:10.923+0000] {processor.py:186} INFO - Started process (PID=6203) to work on /opt/airflow/dags/ml_pipeline.py
[2024-09-04T18:08:10.924+0000] {processor.py:914} INFO - Processing file /opt/airflow/dags/ml_pipeline.py for tasks to queue
[2024-09-04T18:08:10.926+0000] {logging_mixin.py:190} INFO - [2024-09-04T18:08:10.926+0000] {dagbag.py:587} INFO - Filling up the DagBag from /opt/airflow/dags/ml_pipeline.py
[2024-09-04T18:08:12.215+0000] {processor.py:925} INFO - DAG(s) 'ml_pipeline' retrieved from /opt/airflow/dags/ml_pipeline.py
[2024-09-04T18:08:12.249+0000] {logging_mixin.py:190} INFO - [2024-09-04T18:08:12.249+0000] {dag.py:3211} INFO - Sync 1 DAGs
[2024-09-04T18:08:12.276+0000] {logging_mixin.py:190} INFO - [2024-09-04T18:08:12.276+0000] {dag.py:4138} INFO - Setting next_dagrun for ml_pipeline to 2024-09-04 00:00:00+00:00, run_after=2024-09-05 00:00:00+00:00
[2024-09-04T18:08:12.295+0000] {processor.py:208} INFO - Processing /opt/airflow/dags/ml_pipeline.py took 1.378 seconds
[2024-09-04T18:08:42.399+0000] {processor.py:186} INFO - Started process (PID=6273) to work on /opt/airflow/dags/ml_pipeline.py
[2024-09-04T18:08:42.400+0000] {processor.py:914} INFO - Processing file /opt/airflow/dags/ml_pipeline.py for tasks to queue
[2024-09-04T18:08:42.402+0000] {logging_mixin.py:190} INFO - [2024-09-04T18:08:42.402+0000] {dagbag.py:587} INFO - Filling up the DagBag from /opt/airflow/dags/ml_pipeline.py
[2024-09-04T18:08:43.758+0000] {processor.py:925} INFO - DAG(s) 'ml_pipeline' retrieved from /opt/airflow/dags/ml_pipeline.py
[2024-09-04T18:08:43.778+0000] {logging_mixin.py:190} INFO - [2024-09-04T18:08:43.777+0000] {dag.py:3211} INFO - Sync 1 DAGs
[2024-09-04T18:08:43.803+0000] {logging_mixin.py:190} INFO - [2024-09-04T18:08:43.803+0000] {dag.py:4138} INFO - Setting next_dagrun for ml_pipeline to 2024-09-04 00:00:00+00:00, run_after=2024-09-05 00:00:00+00:00
[2024-09-04T18:08:43.826+0000] {processor.py:208} INFO - Processing /opt/airflow/dags/ml_pipeline.py took 1.432 seconds
[2024-09-04T18:09:13.900+0000] {processor.py:186} INFO - Started process (PID=6343) to work on /opt/airflow/dags/ml_pipeline.py
[2024-09-04T18:09:13.902+0000] {processor.py:914} INFO - Processing file /opt/airflow/dags/ml_pipeline.py for tasks to queue
[2024-09-04T18:09:13.905+0000] {logging_mixin.py:190} INFO - [2024-09-04T18:09:13.905+0000] {dagbag.py:587} INFO - Filling up the DagBag from /opt/airflow/dags/ml_pipeline.py
[2024-09-04T18:09:15.263+0000] {processor.py:925} INFO - DAG(s) 'ml_pipeline' retrieved from /opt/airflow/dags/ml_pipeline.py
[2024-09-04T18:09:15.285+0000] {logging_mixin.py:190} INFO - [2024-09-04T18:09:15.285+0000] {dag.py:3211} INFO - Sync 1 DAGs
[2024-09-04T18:09:15.309+0000] {logging_mixin.py:190} INFO - [2024-09-04T18:09:15.309+0000] {dag.py:4138} INFO - Setting next_dagrun for ml_pipeline to 2024-09-04 00:00:00+00:00, run_after=2024-09-05 00:00:00+00:00
[2024-09-04T18:09:15.329+0000] {processor.py:208} INFO - Processing /opt/airflow/dags/ml_pipeline.py took 1.436 seconds
[2024-09-04T18:09:46.224+0000] {processor.py:186} INFO - Started process (PID=6413) to work on /opt/airflow/dags/ml_pipeline.py
[2024-09-04T18:09:46.226+0000] {processor.py:914} INFO - Processing file /opt/airflow/dags/ml_pipeline.py for tasks to queue
[2024-09-04T18:09:46.229+0000] {logging_mixin.py:190} INFO - [2024-09-04T18:09:46.228+0000] {dagbag.py:587} INFO - Filling up the DagBag from /opt/airflow/dags/ml_pipeline.py
[2024-09-04T18:09:47.517+0000] {processor.py:925} INFO - DAG(s) 'ml_pipeline' retrieved from /opt/airflow/dags/ml_pipeline.py
[2024-09-04T18:09:47.539+0000] {logging_mixin.py:190} INFO - [2024-09-04T18:09:47.539+0000] {dag.py:3211} INFO - Sync 1 DAGs
[2024-09-04T18:09:47.565+0000] {logging_mixin.py:190} INFO - [2024-09-04T18:09:47.565+0000] {dag.py:4138} INFO - Setting next_dagrun for ml_pipeline to 2024-09-04 00:00:00+00:00, run_after=2024-09-05 00:00:00+00:00
[2024-09-04T18:09:47.590+0000] {processor.py:208} INFO - Processing /opt/airflow/dags/ml_pipeline.py took 1.372 seconds
[2024-09-04T18:10:17.927+0000] {processor.py:186} INFO - Started process (PID=6483) to work on /opt/airflow/dags/ml_pipeline.py
[2024-09-04T18:10:17.929+0000] {processor.py:914} INFO - Processing file /opt/airflow/dags/ml_pipeline.py for tasks to queue
[2024-09-04T18:10:17.931+0000] {logging_mixin.py:190} INFO - [2024-09-04T18:10:17.931+0000] {dagbag.py:587} INFO - Filling up the DagBag from /opt/airflow/dags/ml_pipeline.py
[2024-09-04T18:10:19.299+0000] {processor.py:925} INFO - DAG(s) 'ml_pipeline' retrieved from /opt/airflow/dags/ml_pipeline.py
[2024-09-04T18:10:19.349+0000] {logging_mixin.py:190} INFO - [2024-09-04T18:10:19.349+0000] {dag.py:3211} INFO - Sync 1 DAGs
[2024-09-04T18:10:19.373+0000] {logging_mixin.py:190} INFO - [2024-09-04T18:10:19.372+0000] {dag.py:4138} INFO - Setting next_dagrun for ml_pipeline to 2024-09-04 00:00:00+00:00, run_after=2024-09-05 00:00:00+00:00
[2024-09-04T18:10:19.394+0000] {processor.py:208} INFO - Processing /opt/airflow/dags/ml_pipeline.py took 1.474 seconds
[2024-09-04T18:10:49.761+0000] {processor.py:186} INFO - Started process (PID=6553) to work on /opt/airflow/dags/ml_pipeline.py
[2024-09-04T18:10:49.762+0000] {processor.py:914} INFO - Processing file /opt/airflow/dags/ml_pipeline.py for tasks to queue
[2024-09-04T18:10:49.764+0000] {logging_mixin.py:190} INFO - [2024-09-04T18:10:49.764+0000] {dagbag.py:587} INFO - Filling up the DagBag from /opt/airflow/dags/ml_pipeline.py
[2024-09-04T18:10:51.090+0000] {processor.py:925} INFO - DAG(s) 'ml_pipeline' retrieved from /opt/airflow/dags/ml_pipeline.py
[2024-09-04T18:10:51.129+0000] {logging_mixin.py:190} INFO - [2024-09-04T18:10:51.129+0000] {dag.py:3211} INFO - Sync 1 DAGs
[2024-09-04T18:10:51.155+0000] {logging_mixin.py:190} INFO - [2024-09-04T18:10:51.155+0000] {dag.py:4138} INFO - Setting next_dagrun for ml_pipeline to 2024-09-04 00:00:00+00:00, run_after=2024-09-05 00:00:00+00:00
[2024-09-04T18:10:51.175+0000] {processor.py:208} INFO - Processing /opt/airflow/dags/ml_pipeline.py took 1.420 seconds
[2024-09-04T18:11:21.265+0000] {processor.py:186} INFO - Started process (PID=6623) to work on /opt/airflow/dags/ml_pipeline.py
[2024-09-04T18:11:21.266+0000] {processor.py:914} INFO - Processing file /opt/airflow/dags/ml_pipeline.py for tasks to queue
[2024-09-04T18:11:21.269+0000] {logging_mixin.py:190} INFO - [2024-09-04T18:11:21.269+0000] {dagbag.py:587} INFO - Filling up the DagBag from /opt/airflow/dags/ml_pipeline.py
[2024-09-04T18:11:22.753+0000] {processor.py:925} INFO - DAG(s) 'ml_pipeline' retrieved from /opt/airflow/dags/ml_pipeline.py
[2024-09-04T18:11:23.172+0000] {logging_mixin.py:190} INFO - [2024-09-04T18:11:23.160+0000] {dag.py:3211} INFO - Sync 1 DAGs
[2024-09-04T18:11:40.136+0000] {logging_mixin.py:190} INFO - [2024-09-04T18:11:39.941+0000] {dag.py:4138} INFO - Setting next_dagrun for ml_pipeline to 2024-09-04 00:00:00+00:00, run_after=2024-09-05 00:00:00+00:00
[2024-09-04T18:13:32.231+0000] {processor.py:208} INFO - Processing /opt/airflow/dags/ml_pipeline.py took 130.973 seconds
[2024-09-04T18:14:03.082+0000] {processor.py:186} INFO - Started process (PID=6693) to work on /opt/airflow/dags/ml_pipeline.py
[2024-09-04T18:14:03.083+0000] {processor.py:914} INFO - Processing file /opt/airflow/dags/ml_pipeline.py for tasks to queue
[2024-09-04T18:14:03.096+0000] {logging_mixin.py:190} INFO - [2024-09-04T18:14:03.095+0000] {dagbag.py:587} INFO - Filling up the DagBag from /opt/airflow/dags/ml_pipeline.py
[2024-09-04T18:14:04.693+0000] {processor.py:925} INFO - DAG(s) 'ml_pipeline' retrieved from /opt/airflow/dags/ml_pipeline.py
[2024-09-04T18:14:04.714+0000] {logging_mixin.py:190} INFO - [2024-09-04T18:14:04.713+0000] {dag.py:3211} INFO - Sync 1 DAGs
[2024-09-04T18:14:04.739+0000] {logging_mixin.py:190} INFO - [2024-09-04T18:14:04.739+0000] {dag.py:4138} INFO - Setting next_dagrun for ml_pipeline to 2024-09-04 00:00:00+00:00, run_after=2024-09-05 00:00:00+00:00
[2024-09-04T18:14:04.760+0000] {processor.py:208} INFO - Processing /opt/airflow/dags/ml_pipeline.py took 1.713 seconds
[2024-09-04T18:14:35.567+0000] {processor.py:186} INFO - Started process (PID=6772) to work on /opt/airflow/dags/ml_pipeline.py
[2024-09-04T18:14:35.568+0000] {processor.py:914} INFO - Processing file /opt/airflow/dags/ml_pipeline.py for tasks to queue
[2024-09-04T18:14:35.571+0000] {logging_mixin.py:190} INFO - [2024-09-04T18:14:35.570+0000] {dagbag.py:587} INFO - Filling up the DagBag from /opt/airflow/dags/ml_pipeline.py
[2024-09-04T18:14:37.065+0000] {processor.py:925} INFO - DAG(s) 'ml_pipeline' retrieved from /opt/airflow/dags/ml_pipeline.py
[2024-09-04T18:14:37.083+0000] {logging_mixin.py:190} INFO - [2024-09-04T18:14:37.083+0000] {dag.py:3211} INFO - Sync 1 DAGs
[2024-09-04T18:14:37.106+0000] {logging_mixin.py:190} INFO - [2024-09-04T18:14:37.105+0000] {dag.py:4138} INFO - Setting next_dagrun for ml_pipeline to 2024-09-04 00:00:00+00:00, run_after=2024-09-05 00:00:00+00:00
[2024-09-04T18:14:37.124+0000] {processor.py:208} INFO - Processing /opt/airflow/dags/ml_pipeline.py took 1.565 seconds
