[2024-09-04T17:23:32.441+0000] {local_task_job_runner.py:123} INFO - ::group::Pre task execution logs
[2024-09-04T17:23:32.462+0000] {taskinstance.py:2603} INFO - Dependencies all met for dep_context=non-requeueable deps ti=<TaskInstance: ml_pipeline.train_model scheduled__2024-09-03T00:00:00+00:00 [queued]>
[2024-09-04T17:23:32.472+0000] {taskinstance.py:2603} INFO - Dependencies all met for dep_context=requeueable deps ti=<TaskInstance: ml_pipeline.train_model scheduled__2024-09-03T00:00:00+00:00 [queued]>
[2024-09-04T17:23:32.473+0000] {taskinstance.py:2856} INFO - Starting attempt 1 of 2
[2024-09-04T17:23:32.490+0000] {taskinstance.py:2879} INFO - Executing <Task(PythonOperator): train_model> on 2024-09-03 00:00:00+00:00
[2024-09-04T17:23:32.502+0000] {standard_task_runner.py:104} INFO - Running: ['***', 'tasks', 'run', 'ml_pipeline', 'train_model', 'scheduled__2024-09-03T00:00:00+00:00', '--job-id', '136', '--raw', '--subdir', 'DAGS_FOLDER/ml_pipeline.py', '--cfg-path', '/tmp/tmp296wtozv']
[2024-09-04T17:23:32.500+0000] {warnings.py:112} WARNING - /home/***/.local/lib/python3.12/site-packages/***/task/task_runner/standard_task_runner.py:70: DeprecationWarning: This process (pid=77) is multi-threaded, use of fork() may lead to deadlocks in the child.
  pid = os.fork()

[2024-09-04T17:23:32.503+0000] {standard_task_runner.py:105} INFO - Job 136: Subtask train_model
[2024-09-04T17:23:32.504+0000] {standard_task_runner.py:72} INFO - Started process 96 to run task
[2024-09-04T17:23:32.609+0000] {task_command.py:467} INFO - Running <TaskInstance: ml_pipeline.train_model scheduled__2024-09-03T00:00:00+00:00 [running]> on host 0b0bca6cb190
[2024-09-04T17:23:32.760+0000] {taskinstance.py:3122} INFO - Exporting env vars: AIRFLOW_CTX_DAG_OWNER='***' AIRFLOW_CTX_DAG_ID='ml_pipeline' AIRFLOW_CTX_TASK_ID='train_model' AIRFLOW_CTX_EXECUTION_DATE='2024-09-03T00:00:00+00:00' AIRFLOW_CTX_TRY_NUMBER='1' AIRFLOW_CTX_DAG_RUN_ID='scheduled__2024-09-03T00:00:00+00:00'
[2024-09-04T17:23:32.766+0000] {logging_mixin.py:190} INFO - Task instance is in running state
[2024-09-04T17:23:32.767+0000] {logging_mixin.py:190} INFO -  Previous state of the Task instance: queued
[2024-09-04T17:23:32.768+0000] {logging_mixin.py:190} INFO - Current task name:train_model state:running start_date:2024-09-04 17:23:32.463632+00:00
[2024-09-04T17:23:32.769+0000] {logging_mixin.py:190} INFO - Dag name:ml_pipeline and current dag run status:running
[2024-09-04T17:23:32.770+0000] {taskinstance.py:731} INFO - ::endgroup::
[2024-09-04T17:23:32.872+0000] {logging_mixin.py:190} INFO - X_test shape: (30, 4), y_test shape: (30,)
[2024-09-04T17:23:32.912+0000] {python.py:240} INFO - Done. Returned value was: Airflow/data/decision_tree_model.pkl
[2024-09-04T17:23:32.957+0000] {taskinstance.py:340} INFO - ::group::Post task execution logs
[2024-09-04T17:23:32.958+0000] {taskinstance.py:352} INFO - Marking task as SUCCESS. dag_id=ml_pipeline, task_id=train_model, run_id=scheduled__2024-09-03T00:00:00+00:00, execution_date=20240903T000000, start_date=20240904T172332, end_date=20240904T172332
[2024-09-04T17:23:32.973+0000] {logging_mixin.py:190} INFO - Task instance in success state
[2024-09-04T17:23:32.974+0000] {logging_mixin.py:190} INFO -  Previous state of the Task instance: running
[2024-09-04T17:23:32.976+0000] {logging_mixin.py:190} INFO - Dag name:ml_pipeline queued_at:2024-09-04 17:23:05.847610+00:00
[2024-09-04T17:23:32.977+0000] {logging_mixin.py:190} INFO - Task hostname:0b0bca6cb190 operator:PythonOperator
[2024-09-04T17:23:33.004+0000] {local_task_job_runner.py:261} INFO - Task exited with return code 0
[2024-09-04T17:23:33.086+0000] {taskinstance.py:3891} INFO - 1 downstream tasks scheduled from follow-on schedule check
[2024-09-04T17:23:33.092+0000] {local_task_job_runner.py:240} INFO - ::endgroup::
