[2024-09-01T14:44:12.592+0000] {local_task_job_runner.py:123} INFO - ::group::Pre task execution logs
[2024-09-01T14:44:12.625+0000] {taskinstance.py:2603} INFO - Dependencies all met for dep_context=non-requeueable deps ti=<TaskInstance: ml_pipeline.load_data manual__2024-09-01T13:34:10.114434+00:00 [queued]>
[2024-09-01T14:44:12.638+0000] {taskinstance.py:2603} INFO - Dependencies all met for dep_context=requeueable deps ti=<TaskInstance: ml_pipeline.load_data manual__2024-09-01T13:34:10.114434+00:00 [queued]>
[2024-09-01T14:44:12.640+0000] {taskinstance.py:2856} INFO - Starting attempt 2 of 2
[2024-09-01T14:44:12.664+0000] {taskinstance.py:2879} INFO - Executing <Task(PythonOperator): load_data> on 2024-09-01 13:34:10.114434+00:00
[2024-09-01T14:44:12.677+0000] {warnings.py:112} WARNING - /home/***/.local/lib/python3.12/site-packages/***/task/task_runner/standard_task_runner.py:70: DeprecationWarning: This process (pid=56) is multi-threaded, use of fork() may lead to deadlocks in the child.
  pid = os.fork()

[2024-09-01T14:44:12.681+0000] {standard_task_runner.py:72} INFO - Started process 73 to run task
[2024-09-01T14:44:12.681+0000] {standard_task_runner.py:104} INFO - Running: ['***', 'tasks', 'run', 'ml_pipeline', 'load_data', 'manual__2024-09-01T13:34:10.114434+00:00', '--job-id', '46', '--raw', '--subdir', 'DAGS_FOLDER/ml_pipeline.py', '--cfg-path', '/tmp/tmpwdokf2c6']
[2024-09-01T14:44:12.683+0000] {standard_task_runner.py:105} INFO - Job 46: Subtask load_data
[2024-09-01T14:44:12.803+0000] {task_command.py:467} INFO - Running <TaskInstance: ml_pipeline.load_data manual__2024-09-01T13:34:10.114434+00:00 [running]> on host e851988aa96f
[2024-09-01T14:44:13.008+0000] {taskinstance.py:3122} INFO - Exporting env vars: AIRFLOW_CTX_DAG_OWNER='***' AIRFLOW_CTX_DAG_ID='ml_pipeline' AIRFLOW_CTX_TASK_ID='load_data' AIRFLOW_CTX_EXECUTION_DATE='2024-09-01T13:34:10.114434+00:00' AIRFLOW_CTX_TRY_NUMBER='2' AIRFLOW_CTX_DAG_RUN_ID='manual__2024-09-01T13:34:10.114434+00:00'
[2024-09-01T14:44:13.011+0000] {logging_mixin.py:190} INFO - Task instance is in running state
[2024-09-01T14:44:13.012+0000] {logging_mixin.py:190} INFO -  Previous state of the Task instance: queued
[2024-09-01T14:44:13.013+0000] {logging_mixin.py:190} INFO - Current task name:load_data state:running start_date:2024-09-01 14:44:12.626062+00:00
[2024-09-01T14:44:13.014+0000] {logging_mixin.py:190} INFO - Dag name:ml_pipeline and current dag run status:running
[2024-09-01T14:44:13.015+0000] {taskinstance.py:731} INFO - ::endgroup::
[2024-09-01T14:44:13.135+0000] {python.py:240} INFO - Done. Returned value was:      sepal length (cm)  sepal width (cm)  ...  petal width (cm)  target
0                  5.1               3.5  ...               0.2       0
1                  4.9               3.0  ...               0.2       0
2                  4.7               3.2  ...               0.2       0
3                  4.6               3.1  ...               0.2       0
4                  5.0               3.6  ...               0.2       0
..                 ...               ...  ...               ...     ...
145                6.7               3.0  ...               2.3       2
146                6.3               2.5  ...               1.9       2
147                6.5               3.0  ...               2.0       2
148                6.2               3.4  ...               2.3       2
149                5.9               3.0  ...               1.8       2

[150 rows x 5 columns]
[2024-09-01T14:44:13.377+0000] {taskinstance.py:340} INFO - ::group::Post task execution logs
[2024-09-01T14:44:13.454+0000] {taskinstance.py:352} INFO - Marking task as SUCCESS. dag_id=ml_pipeline, task_id=load_data, run_id=manual__2024-09-01T13:34:10.114434+00:00, execution_date=20240901T133410, start_date=20240901T144412, end_date=20240901T144413
[2024-09-01T14:44:13.489+0000] {logging_mixin.py:190} INFO - Task instance in success state
[2024-09-01T14:44:13.490+0000] {logging_mixin.py:190} INFO -  Previous state of the Task instance: running
[2024-09-01T14:44:13.491+0000] {logging_mixin.py:190} INFO - Dag name:ml_pipeline queued_at:2024-09-01 13:34:10.132821+00:00
[2024-09-01T14:44:13.492+0000] {logging_mixin.py:190} INFO - Task hostname:e851988aa96f operator:PythonOperator
[2024-09-01T14:44:13.542+0000] {local_task_job_runner.py:261} INFO - Task exited with return code 0
[2024-09-01T14:44:13.593+0000] {taskinstance.py:3891} INFO - 1 downstream tasks scheduled from follow-on schedule check
[2024-09-01T14:44:13.596+0000] {local_task_job_runner.py:240} INFO - ::endgroup::
