[2024-09-02T07:08:50.579+0000] {processor.py:186} INFO - Started process (PID=51) to work on /home/airflow/.local/lib/python3.12/site-packages/airflow/example_dags/example_dataset_alias.py
[2024-09-02T07:08:50.592+0000] {processor.py:914} INFO - Processing file /home/airflow/.local/lib/python3.12/site-packages/airflow/example_dags/example_dataset_alias.py for tasks to queue
[2024-09-02T07:08:50.639+0000] {logging_mixin.py:190} INFO - [2024-09-02T07:08:50.637+0000] {dagbag.py:587} INFO - Filling up the DagBag from /home/airflow/.local/lib/python3.12/site-packages/airflow/example_dags/example_dataset_alias.py
[2024-09-02T07:08:53.333+0000] {processor.py:925} INFO - DAG(s) 'dataset_s3_bucket_producer', 'dataset_s3_bucket_consumer', 'dataset_alias_example_alias_consumer', 'dataset_alias_example_alias_producer' retrieved from /home/airflow/.local/lib/python3.12/site-packages/airflow/example_dags/example_dataset_alias.py
[2024-09-02T07:08:53.475+0000] {logging_mixin.py:190} INFO - [2024-09-02T07:08:53.474+0000] {dag.py:3211} INFO - Sync 4 DAGs
[2024-09-02T07:08:53.709+0000] {logging_mixin.py:190} INFO - [2024-09-02T07:08:53.709+0000] {dag.py:4138} INFO - Setting next_dagrun for dataset_alias_example_alias_consumer to None, run_after=None
[2024-09-02T07:08:53.721+0000] {logging_mixin.py:190} INFO - [2024-09-02T07:08:53.721+0000] {dag.py:4138} INFO - Setting next_dagrun for dataset_alias_example_alias_producer to None, run_after=None
[2024-09-02T07:08:53.725+0000] {logging_mixin.py:190} INFO - [2024-09-02T07:08:53.725+0000] {dag.py:4138} INFO - Setting next_dagrun for dataset_s3_bucket_consumer to None, run_after=None
[2024-09-02T07:08:53.729+0000] {logging_mixin.py:190} INFO - [2024-09-02T07:08:53.729+0000] {dag.py:4138} INFO - Setting next_dagrun for dataset_s3_bucket_producer to None, run_after=None
[2024-09-02T07:08:53.884+0000] {processor.py:208} INFO - Processing /home/airflow/.local/lib/python3.12/site-packages/airflow/example_dags/example_dataset_alias.py took 3.397 seconds
[2024-09-02T07:09:24.356+0000] {processor.py:186} INFO - Started process (PID=114) to work on /home/airflow/.local/lib/python3.12/site-packages/airflow/example_dags/example_dataset_alias.py
[2024-09-02T07:09:24.368+0000] {processor.py:914} INFO - Processing file /home/airflow/.local/lib/python3.12/site-packages/airflow/example_dags/example_dataset_alias.py for tasks to queue
[2024-09-02T07:09:24.373+0000] {logging_mixin.py:190} INFO - [2024-09-02T07:09:24.372+0000] {dagbag.py:587} INFO - Filling up the DagBag from /home/airflow/.local/lib/python3.12/site-packages/airflow/example_dags/example_dataset_alias.py
[2024-09-02T07:09:25.011+0000] {processor.py:925} INFO - DAG(s) 'dataset_alias_example_alias_consumer', 'dataset_s3_bucket_producer', 'dataset_s3_bucket_consumer', 'dataset_alias_example_alias_producer' retrieved from /home/airflow/.local/lib/python3.12/site-packages/airflow/example_dags/example_dataset_alias.py
[2024-09-02T07:09:25.049+0000] {logging_mixin.py:190} INFO - [2024-09-02T07:09:25.049+0000] {dag.py:3211} INFO - Sync 4 DAGs
[2024-09-02T07:09:25.088+0000] {logging_mixin.py:190} INFO - [2024-09-02T07:09:25.088+0000] {dag.py:4138} INFO - Setting next_dagrun for dataset_alias_example_alias_consumer to None, run_after=None
[2024-09-02T07:09:25.093+0000] {logging_mixin.py:190} INFO - [2024-09-02T07:09:25.093+0000] {dag.py:4138} INFO - Setting next_dagrun for dataset_alias_example_alias_producer to None, run_after=None
[2024-09-02T07:09:25.095+0000] {logging_mixin.py:190} INFO - [2024-09-02T07:09:25.095+0000] {dag.py:4138} INFO - Setting next_dagrun for dataset_s3_bucket_consumer to None, run_after=None
[2024-09-02T07:09:25.097+0000] {logging_mixin.py:190} INFO - [2024-09-02T07:09:25.097+0000] {dag.py:4138} INFO - Setting next_dagrun for dataset_s3_bucket_producer to None, run_after=None
[2024-09-02T07:09:25.131+0000] {processor.py:208} INFO - Processing /home/airflow/.local/lib/python3.12/site-packages/airflow/example_dags/example_dataset_alias.py took 0.786 seconds
[2024-09-02T07:09:55.881+0000] {processor.py:186} INFO - Started process (PID=184) to work on /home/airflow/.local/lib/python3.12/site-packages/airflow/example_dags/example_dataset_alias.py
[2024-09-02T07:09:55.883+0000] {processor.py:914} INFO - Processing file /home/airflow/.local/lib/python3.12/site-packages/airflow/example_dags/example_dataset_alias.py for tasks to queue
[2024-09-02T07:09:55.890+0000] {logging_mixin.py:190} INFO - [2024-09-02T07:09:55.889+0000] {dagbag.py:587} INFO - Filling up the DagBag from /home/airflow/.local/lib/python3.12/site-packages/airflow/example_dags/example_dataset_alias.py
[2024-09-02T07:09:56.203+0000] {processor.py:925} INFO - DAG(s) 'dataset_alias_example_alias_producer', 'dataset_s3_bucket_producer', 'dataset_s3_bucket_consumer', 'dataset_alias_example_alias_consumer' retrieved from /home/airflow/.local/lib/python3.12/site-packages/airflow/example_dags/example_dataset_alias.py
[2024-09-02T07:09:56.238+0000] {logging_mixin.py:190} INFO - [2024-09-02T07:09:56.238+0000] {dag.py:3211} INFO - Sync 4 DAGs
[2024-09-02T07:09:56.266+0000] {logging_mixin.py:190} INFO - [2024-09-02T07:09:56.266+0000] {dag.py:4138} INFO - Setting next_dagrun for dataset_alias_example_alias_consumer to None, run_after=None
[2024-09-02T07:09:56.270+0000] {logging_mixin.py:190} INFO - [2024-09-02T07:09:56.270+0000] {dag.py:4138} INFO - Setting next_dagrun for dataset_alias_example_alias_producer to None, run_after=None
[2024-09-02T07:09:56.272+0000] {logging_mixin.py:190} INFO - [2024-09-02T07:09:56.272+0000] {dag.py:4138} INFO - Setting next_dagrun for dataset_s3_bucket_consumer to None, run_after=None
[2024-09-02T07:09:56.273+0000] {logging_mixin.py:190} INFO - [2024-09-02T07:09:56.273+0000] {dag.py:4138} INFO - Setting next_dagrun for dataset_s3_bucket_producer to None, run_after=None
[2024-09-02T07:09:56.301+0000] {processor.py:208} INFO - Processing /home/airflow/.local/lib/python3.12/site-packages/airflow/example_dags/example_dataset_alias.py took 0.432 seconds
[2024-09-02T07:10:26.488+0000] {processor.py:186} INFO - Started process (PID=254) to work on /home/airflow/.local/lib/python3.12/site-packages/airflow/example_dags/example_dataset_alias.py
[2024-09-02T07:10:26.491+0000] {processor.py:914} INFO - Processing file /home/airflow/.local/lib/python3.12/site-packages/airflow/example_dags/example_dataset_alias.py for tasks to queue
[2024-09-02T07:10:26.497+0000] {logging_mixin.py:190} INFO - [2024-09-02T07:10:26.496+0000] {dagbag.py:587} INFO - Filling up the DagBag from /home/airflow/.local/lib/python3.12/site-packages/airflow/example_dags/example_dataset_alias.py
[2024-09-02T07:10:26.932+0000] {processor.py:925} INFO - DAG(s) 'dataset_alias_example_alias_consumer', 'dataset_s3_bucket_producer', 'dataset_alias_example_alias_producer', 'dataset_s3_bucket_consumer' retrieved from /home/airflow/.local/lib/python3.12/site-packages/airflow/example_dags/example_dataset_alias.py
[2024-09-02T07:10:26.991+0000] {logging_mixin.py:190} INFO - [2024-09-02T07:10:26.990+0000] {dag.py:3211} INFO - Sync 4 DAGs
[2024-09-02T07:10:27.033+0000] {logging_mixin.py:190} INFO - [2024-09-02T07:10:27.033+0000] {dag.py:4138} INFO - Setting next_dagrun for dataset_alias_example_alias_consumer to None, run_after=None
[2024-09-02T07:10:27.038+0000] {logging_mixin.py:190} INFO - [2024-09-02T07:10:27.037+0000] {dag.py:4138} INFO - Setting next_dagrun for dataset_alias_example_alias_producer to None, run_after=None
[2024-09-02T07:10:27.041+0000] {logging_mixin.py:190} INFO - [2024-09-02T07:10:27.041+0000] {dag.py:4138} INFO - Setting next_dagrun for dataset_s3_bucket_consumer to None, run_after=None
[2024-09-02T07:10:27.045+0000] {logging_mixin.py:190} INFO - [2024-09-02T07:10:27.045+0000] {dag.py:4138} INFO - Setting next_dagrun for dataset_s3_bucket_producer to None, run_after=None
[2024-09-02T07:10:27.097+0000] {processor.py:208} INFO - Processing /home/airflow/.local/lib/python3.12/site-packages/airflow/example_dags/example_dataset_alias.py took 0.624 seconds
[2024-09-02T07:10:57.931+0000] {processor.py:186} INFO - Started process (PID=331) to work on /home/airflow/.local/lib/python3.12/site-packages/airflow/example_dags/example_dataset_alias.py
[2024-09-02T07:10:57.933+0000] {processor.py:914} INFO - Processing file /home/airflow/.local/lib/python3.12/site-packages/airflow/example_dags/example_dataset_alias.py for tasks to queue
[2024-09-02T07:10:57.938+0000] {logging_mixin.py:190} INFO - [2024-09-02T07:10:57.938+0000] {dagbag.py:587} INFO - Filling up the DagBag from /home/airflow/.local/lib/python3.12/site-packages/airflow/example_dags/example_dataset_alias.py
[2024-09-02T07:10:58.234+0000] {processor.py:925} INFO - DAG(s) 'dataset_s3_bucket_consumer', 'dataset_alias_example_alias_consumer', 'dataset_alias_example_alias_producer', 'dataset_s3_bucket_producer' retrieved from /home/airflow/.local/lib/python3.12/site-packages/airflow/example_dags/example_dataset_alias.py
[2024-09-02T07:10:58.273+0000] {logging_mixin.py:190} INFO - [2024-09-02T07:10:58.273+0000] {dag.py:3211} INFO - Sync 4 DAGs
[2024-09-02T07:10:58.319+0000] {logging_mixin.py:190} INFO - [2024-09-02T07:10:58.319+0000] {dag.py:4138} INFO - Setting next_dagrun for dataset_alias_example_alias_consumer to None, run_after=None
[2024-09-02T07:10:58.326+0000] {logging_mixin.py:190} INFO - [2024-09-02T07:10:58.325+0000] {dag.py:4138} INFO - Setting next_dagrun for dataset_alias_example_alias_producer to None, run_after=None
[2024-09-02T07:10:58.330+0000] {logging_mixin.py:190} INFO - [2024-09-02T07:10:58.329+0000] {dag.py:4138} INFO - Setting next_dagrun for dataset_s3_bucket_consumer to None, run_after=None
[2024-09-02T07:10:58.333+0000] {logging_mixin.py:190} INFO - [2024-09-02T07:10:58.333+0000] {dag.py:4138} INFO - Setting next_dagrun for dataset_s3_bucket_producer to None, run_after=None
[2024-09-02T07:10:58.378+0000] {processor.py:208} INFO - Processing /home/airflow/.local/lib/python3.12/site-packages/airflow/example_dags/example_dataset_alias.py took 0.467 seconds
[2024-09-02T07:11:28.700+0000] {processor.py:186} INFO - Started process (PID=401) to work on /home/airflow/.local/lib/python3.12/site-packages/airflow/example_dags/example_dataset_alias.py
[2024-09-02T07:11:28.702+0000] {processor.py:914} INFO - Processing file /home/airflow/.local/lib/python3.12/site-packages/airflow/example_dags/example_dataset_alias.py for tasks to queue
[2024-09-02T07:11:28.709+0000] {logging_mixin.py:190} INFO - [2024-09-02T07:11:28.708+0000] {dagbag.py:587} INFO - Filling up the DagBag from /home/airflow/.local/lib/python3.12/site-packages/airflow/example_dags/example_dataset_alias.py
[2024-09-02T07:11:28.947+0000] {processor.py:925} INFO - DAG(s) 'dataset_alias_example_alias_consumer', 'dataset_s3_bucket_producer', 'dataset_alias_example_alias_producer', 'dataset_s3_bucket_consumer' retrieved from /home/airflow/.local/lib/python3.12/site-packages/airflow/example_dags/example_dataset_alias.py
[2024-09-02T07:11:28.976+0000] {logging_mixin.py:190} INFO - [2024-09-02T07:11:28.976+0000] {dag.py:3211} INFO - Sync 4 DAGs
[2024-09-02T07:11:29.025+0000] {logging_mixin.py:190} INFO - [2024-09-02T07:11:29.025+0000] {dag.py:4138} INFO - Setting next_dagrun for dataset_alias_example_alias_consumer to None, run_after=None
[2024-09-02T07:11:29.031+0000] {logging_mixin.py:190} INFO - [2024-09-02T07:11:29.030+0000] {dag.py:4138} INFO - Setting next_dagrun for dataset_alias_example_alias_producer to None, run_after=None
[2024-09-02T07:11:29.034+0000] {logging_mixin.py:190} INFO - [2024-09-02T07:11:29.034+0000] {dag.py:4138} INFO - Setting next_dagrun for dataset_s3_bucket_consumer to None, run_after=None
[2024-09-02T07:11:29.037+0000] {logging_mixin.py:190} INFO - [2024-09-02T07:11:29.037+0000] {dag.py:4138} INFO - Setting next_dagrun for dataset_s3_bucket_producer to None, run_after=None
[2024-09-02T07:11:29.073+0000] {processor.py:208} INFO - Processing /home/airflow/.local/lib/python3.12/site-packages/airflow/example_dags/example_dataset_alias.py took 0.385 seconds
[2024-09-02T07:11:59.164+0000] {processor.py:186} INFO - Started process (PID=471) to work on /home/airflow/.local/lib/python3.12/site-packages/airflow/example_dags/example_dataset_alias.py
[2024-09-02T07:11:59.166+0000] {processor.py:914} INFO - Processing file /home/airflow/.local/lib/python3.12/site-packages/airflow/example_dags/example_dataset_alias.py for tasks to queue
[2024-09-02T07:11:59.171+0000] {logging_mixin.py:190} INFO - [2024-09-02T07:11:59.170+0000] {dagbag.py:587} INFO - Filling up the DagBag from /home/airflow/.local/lib/python3.12/site-packages/airflow/example_dags/example_dataset_alias.py
[2024-09-02T07:11:59.455+0000] {processor.py:925} INFO - DAG(s) 'dataset_alias_example_alias_consumer', 'dataset_s3_bucket_producer', 'dataset_alias_example_alias_producer', 'dataset_s3_bucket_consumer' retrieved from /home/airflow/.local/lib/python3.12/site-packages/airflow/example_dags/example_dataset_alias.py
[2024-09-02T07:11:59.488+0000] {logging_mixin.py:190} INFO - [2024-09-02T07:11:59.488+0000] {dag.py:3211} INFO - Sync 4 DAGs
[2024-09-02T07:11:59.528+0000] {logging_mixin.py:190} INFO - [2024-09-02T07:11:59.528+0000] {dag.py:4138} INFO - Setting next_dagrun for dataset_alias_example_alias_consumer to None, run_after=None
[2024-09-02T07:11:59.533+0000] {logging_mixin.py:190} INFO - [2024-09-02T07:11:59.533+0000] {dag.py:4138} INFO - Setting next_dagrun for dataset_alias_example_alias_producer to None, run_after=None
[2024-09-02T07:11:59.535+0000] {logging_mixin.py:190} INFO - [2024-09-02T07:11:59.535+0000] {dag.py:4138} INFO - Setting next_dagrun for dataset_s3_bucket_consumer to None, run_after=None
[2024-09-02T07:11:59.538+0000] {logging_mixin.py:190} INFO - [2024-09-02T07:11:59.538+0000] {dag.py:4138} INFO - Setting next_dagrun for dataset_s3_bucket_producer to None, run_after=None
[2024-09-02T07:11:59.603+0000] {processor.py:208} INFO - Processing /home/airflow/.local/lib/python3.12/site-packages/airflow/example_dags/example_dataset_alias.py took 0.452 seconds
[2024-09-02T07:12:29.753+0000] {processor.py:186} INFO - Started process (PID=541) to work on /home/airflow/.local/lib/python3.12/site-packages/airflow/example_dags/example_dataset_alias.py
[2024-09-02T07:12:29.755+0000] {processor.py:914} INFO - Processing file /home/airflow/.local/lib/python3.12/site-packages/airflow/example_dags/example_dataset_alias.py for tasks to queue
[2024-09-02T07:12:29.761+0000] {logging_mixin.py:190} INFO - [2024-09-02T07:12:29.760+0000] {dagbag.py:587} INFO - Filling up the DagBag from /home/airflow/.local/lib/python3.12/site-packages/airflow/example_dags/example_dataset_alias.py
[2024-09-02T07:12:29.987+0000] {processor.py:925} INFO - DAG(s) 'dataset_alias_example_alias_consumer', 'dataset_alias_example_alias_producer', 'dataset_s3_bucket_consumer', 'dataset_s3_bucket_producer' retrieved from /home/airflow/.local/lib/python3.12/site-packages/airflow/example_dags/example_dataset_alias.py
[2024-09-02T07:12:30.026+0000] {logging_mixin.py:190} INFO - [2024-09-02T07:12:30.025+0000] {dag.py:3211} INFO - Sync 4 DAGs
[2024-09-02T07:12:30.068+0000] {logging_mixin.py:190} INFO - [2024-09-02T07:12:30.068+0000] {dag.py:4138} INFO - Setting next_dagrun for dataset_alias_example_alias_consumer to None, run_after=None
[2024-09-02T07:12:30.074+0000] {logging_mixin.py:190} INFO - [2024-09-02T07:12:30.073+0000] {dag.py:4138} INFO - Setting next_dagrun for dataset_alias_example_alias_producer to None, run_after=None
[2024-09-02T07:12:30.075+0000] {logging_mixin.py:190} INFO - [2024-09-02T07:12:30.075+0000] {dag.py:4138} INFO - Setting next_dagrun for dataset_s3_bucket_consumer to None, run_after=None
[2024-09-02T07:12:30.077+0000] {logging_mixin.py:190} INFO - [2024-09-02T07:12:30.077+0000] {dag.py:4138} INFO - Setting next_dagrun for dataset_s3_bucket_producer to None, run_after=None
[2024-09-02T07:12:30.105+0000] {processor.py:208} INFO - Processing /home/airflow/.local/lib/python3.12/site-packages/airflow/example_dags/example_dataset_alias.py took 0.365 seconds
[2024-09-02T07:13:00.333+0000] {processor.py:186} INFO - Started process (PID=611) to work on /home/airflow/.local/lib/python3.12/site-packages/airflow/example_dags/example_dataset_alias.py
[2024-09-02T07:13:00.334+0000] {processor.py:914} INFO - Processing file /home/airflow/.local/lib/python3.12/site-packages/airflow/example_dags/example_dataset_alias.py for tasks to queue
[2024-09-02T07:13:00.340+0000] {logging_mixin.py:190} INFO - [2024-09-02T07:13:00.339+0000] {dagbag.py:587} INFO - Filling up the DagBag from /home/airflow/.local/lib/python3.12/site-packages/airflow/example_dags/example_dataset_alias.py
[2024-09-02T07:13:00.814+0000] {processor.py:925} INFO - DAG(s) 'dataset_s3_bucket_consumer', 'dataset_alias_example_alias_consumer', 'dataset_alias_example_alias_producer', 'dataset_s3_bucket_producer' retrieved from /home/airflow/.local/lib/python3.12/site-packages/airflow/example_dags/example_dataset_alias.py
[2024-09-02T07:13:00.873+0000] {logging_mixin.py:190} INFO - [2024-09-02T07:13:00.872+0000] {dag.py:3211} INFO - Sync 4 DAGs
[2024-09-02T07:13:00.952+0000] {logging_mixin.py:190} INFO - [2024-09-02T07:13:00.952+0000] {dag.py:4138} INFO - Setting next_dagrun for dataset_alias_example_alias_consumer to None, run_after=None
[2024-09-02T07:13:00.958+0000] {logging_mixin.py:190} INFO - [2024-09-02T07:13:00.958+0000] {dag.py:4138} INFO - Setting next_dagrun for dataset_alias_example_alias_producer to None, run_after=None
[2024-09-02T07:13:00.962+0000] {logging_mixin.py:190} INFO - [2024-09-02T07:13:00.961+0000] {dag.py:4138} INFO - Setting next_dagrun for dataset_s3_bucket_consumer to None, run_after=None
[2024-09-02T07:13:00.967+0000] {logging_mixin.py:190} INFO - [2024-09-02T07:13:00.967+0000] {dag.py:4138} INFO - Setting next_dagrun for dataset_s3_bucket_producer to None, run_after=None
[2024-09-02T07:13:01.012+0000] {processor.py:208} INFO - Processing /home/airflow/.local/lib/python3.12/site-packages/airflow/example_dags/example_dataset_alias.py took 0.692 seconds
[2024-09-02T07:13:31.559+0000] {processor.py:186} INFO - Started process (PID=681) to work on /home/airflow/.local/lib/python3.12/site-packages/airflow/example_dags/example_dataset_alias.py
[2024-09-02T07:13:31.562+0000] {processor.py:914} INFO - Processing file /home/airflow/.local/lib/python3.12/site-packages/airflow/example_dags/example_dataset_alias.py for tasks to queue
[2024-09-02T07:13:31.568+0000] {logging_mixin.py:190} INFO - [2024-09-02T07:13:31.567+0000] {dagbag.py:587} INFO - Filling up the DagBag from /home/airflow/.local/lib/python3.12/site-packages/airflow/example_dags/example_dataset_alias.py
[2024-09-02T07:13:31.806+0000] {processor.py:925} INFO - DAG(s) 'dataset_alias_example_alias_producer', 'dataset_alias_example_alias_consumer', 'dataset_s3_bucket_producer', 'dataset_s3_bucket_consumer' retrieved from /home/airflow/.local/lib/python3.12/site-packages/airflow/example_dags/example_dataset_alias.py
[2024-09-02T07:13:31.857+0000] {logging_mixin.py:190} INFO - [2024-09-02T07:13:31.857+0000] {dag.py:3211} INFO - Sync 4 DAGs
[2024-09-02T07:13:31.906+0000] {logging_mixin.py:190} INFO - [2024-09-02T07:13:31.906+0000] {dag.py:4138} INFO - Setting next_dagrun for dataset_alias_example_alias_consumer to None, run_after=None
[2024-09-02T07:13:31.912+0000] {logging_mixin.py:190} INFO - [2024-09-02T07:13:31.911+0000] {dag.py:4138} INFO - Setting next_dagrun for dataset_alias_example_alias_producer to None, run_after=None
[2024-09-02T07:13:31.916+0000] {logging_mixin.py:190} INFO - [2024-09-02T07:13:31.915+0000] {dag.py:4138} INFO - Setting next_dagrun for dataset_s3_bucket_consumer to None, run_after=None
[2024-09-02T07:13:31.922+0000] {logging_mixin.py:190} INFO - [2024-09-02T07:13:31.921+0000] {dag.py:4138} INFO - Setting next_dagrun for dataset_s3_bucket_producer to None, run_after=None
[2024-09-02T07:13:31.984+0000] {processor.py:208} INFO - Processing /home/airflow/.local/lib/python3.12/site-packages/airflow/example_dags/example_dataset_alias.py took 0.435 seconds
