[2024-09-02T07:09:09.419+0000] {processor.py:186} INFO - Started process (PID=98) to work on /home/airflow/.local/lib/python3.12/site-packages/airflow/example_dags/example_subdag_operator.py
[2024-09-02T07:09:09.422+0000] {processor.py:914} INFO - Processing file /home/airflow/.local/lib/python3.12/site-packages/airflow/example_dags/example_subdag_operator.py for tasks to queue
[2024-09-02T07:09:09.429+0000] {logging_mixin.py:190} INFO - [2024-09-02T07:09:09.429+0000] {dagbag.py:587} INFO - Filling up the DagBag from /home/airflow/.local/lib/python3.12/site-packages/airflow/example_dags/example_subdag_operator.py
[2024-09-02T07:09:09.532+0000] {processor.py:925} INFO - DAG(s) 'example_subdag_operator.section-1', 'example_subdag_operator.section-2', 'example_subdag_operator' retrieved from /home/airflow/.local/lib/python3.12/site-packages/airflow/example_dags/example_subdag_operator.py
[2024-09-02T07:09:09.576+0000] {logging_mixin.py:190} INFO - [2024-09-02T07:09:09.575+0000] {dag.py:3211} INFO - Sync 3 DAGs
[2024-09-02T07:09:09.664+0000] {logging_mixin.py:190} INFO - [2024-09-02T07:09:09.664+0000] {dag.py:4138} INFO - Setting next_dagrun for example_subdag_operator to 2022-01-01 00:00:00+00:00, run_after=2022-01-01 00:00:00+00:00
[2024-09-02T07:09:09.675+0000] {logging_mixin.py:190} INFO - [2024-09-02T07:09:09.674+0000] {dag.py:4138} INFO - Setting next_dagrun for example_subdag_operator.section-1 to None, run_after=None
[2024-09-02T07:09:09.679+0000] {logging_mixin.py:190} INFO - [2024-09-02T07:09:09.679+0000] {dag.py:4138} INFO - Setting next_dagrun for example_subdag_operator.section-2 to None, run_after=None
[2024-09-02T07:09:09.700+0000] {logging_mixin.py:190} INFO - [2024-09-02T07:09:09.697+0000] {dag.py:3211} INFO - Sync 2 DAGs
[2024-09-02T07:09:09.713+0000] {logging_mixin.py:190} INFO - [2024-09-02T07:09:09.713+0000] {dag.py:4138} INFO - Setting next_dagrun for example_subdag_operator.section-1 to None, run_after=None
[2024-09-02T07:09:09.715+0000] {logging_mixin.py:190} INFO - [2024-09-02T07:09:09.714+0000] {dag.py:4138} INFO - Setting next_dagrun for example_subdag_operator.section-2 to None, run_after=None
[2024-09-02T07:09:09.743+0000] {processor.py:208} INFO - Processing /home/airflow/.local/lib/python3.12/site-packages/airflow/example_dags/example_subdag_operator.py took 0.345 seconds
[2024-09-02T07:09:40.384+0000] {processor.py:186} INFO - Started process (PID=168) to work on /home/airflow/.local/lib/python3.12/site-packages/airflow/example_dags/example_subdag_operator.py
[2024-09-02T07:09:40.388+0000] {processor.py:914} INFO - Processing file /home/airflow/.local/lib/python3.12/site-packages/airflow/example_dags/example_subdag_operator.py for tasks to queue
[2024-09-02T07:09:40.392+0000] {logging_mixin.py:190} INFO - [2024-09-02T07:09:40.391+0000] {dagbag.py:587} INFO - Filling up the DagBag from /home/airflow/.local/lib/python3.12/site-packages/airflow/example_dags/example_subdag_operator.py
[2024-09-02T07:09:40.435+0000] {processor.py:925} INFO - DAG(s) 'example_subdag_operator.section-1', 'example_subdag_operator.section-2', 'example_subdag_operator' retrieved from /home/airflow/.local/lib/python3.12/site-packages/airflow/example_dags/example_subdag_operator.py
[2024-09-02T07:09:40.462+0000] {logging_mixin.py:190} INFO - [2024-09-02T07:09:40.461+0000] {dag.py:3211} INFO - Sync 3 DAGs
[2024-09-02T07:09:40.496+0000] {logging_mixin.py:190} INFO - [2024-09-02T07:09:40.496+0000] {dag.py:4138} INFO - Setting next_dagrun for example_subdag_operator to 2022-01-01 00:00:00+00:00, run_after=2022-01-01 00:00:00+00:00
[2024-09-02T07:09:40.502+0000] {logging_mixin.py:190} INFO - [2024-09-02T07:09:40.502+0000] {dag.py:4138} INFO - Setting next_dagrun for example_subdag_operator.section-1 to None, run_after=None
[2024-09-02T07:09:40.505+0000] {logging_mixin.py:190} INFO - [2024-09-02T07:09:40.504+0000] {dag.py:4138} INFO - Setting next_dagrun for example_subdag_operator.section-2 to None, run_after=None
[2024-09-02T07:09:40.516+0000] {logging_mixin.py:190} INFO - [2024-09-02T07:09:40.515+0000] {dag.py:3211} INFO - Sync 2 DAGs
[2024-09-02T07:09:40.524+0000] {logging_mixin.py:190} INFO - [2024-09-02T07:09:40.524+0000] {dag.py:4138} INFO - Setting next_dagrun for example_subdag_operator.section-1 to None, run_after=None
[2024-09-02T07:09:40.525+0000] {logging_mixin.py:190} INFO - [2024-09-02T07:09:40.525+0000] {dag.py:4138} INFO - Setting next_dagrun for example_subdag_operator.section-2 to None, run_after=None
[2024-09-02T07:09:40.546+0000] {processor.py:208} INFO - Processing /home/airflow/.local/lib/python3.12/site-packages/airflow/example_dags/example_subdag_operator.py took 0.170 seconds
[2024-09-02T07:10:11.486+0000] {processor.py:186} INFO - Started process (PID=238) to work on /home/airflow/.local/lib/python3.12/site-packages/airflow/example_dags/example_subdag_operator.py
[2024-09-02T07:10:11.488+0000] {processor.py:914} INFO - Processing file /home/airflow/.local/lib/python3.12/site-packages/airflow/example_dags/example_subdag_operator.py for tasks to queue
[2024-09-02T07:10:11.495+0000] {logging_mixin.py:190} INFO - [2024-09-02T07:10:11.494+0000] {dagbag.py:587} INFO - Filling up the DagBag from /home/airflow/.local/lib/python3.12/site-packages/airflow/example_dags/example_subdag_operator.py
[2024-09-02T07:10:11.540+0000] {processor.py:925} INFO - DAG(s) 'example_subdag_operator.section-1', 'example_subdag_operator.section-2', 'example_subdag_operator' retrieved from /home/airflow/.local/lib/python3.12/site-packages/airflow/example_dags/example_subdag_operator.py
[2024-09-02T07:10:11.569+0000] {logging_mixin.py:190} INFO - [2024-09-02T07:10:11.569+0000] {dag.py:3211} INFO - Sync 3 DAGs
[2024-09-02T07:10:11.610+0000] {logging_mixin.py:190} INFO - [2024-09-02T07:10:11.609+0000] {dag.py:4138} INFO - Setting next_dagrun for example_subdag_operator to 2022-01-01 00:00:00+00:00, run_after=2022-01-01 00:00:00+00:00
[2024-09-02T07:10:11.616+0000] {logging_mixin.py:190} INFO - [2024-09-02T07:10:11.616+0000] {dag.py:4138} INFO - Setting next_dagrun for example_subdag_operator.section-1 to None, run_after=None
[2024-09-02T07:10:11.620+0000] {logging_mixin.py:190} INFO - [2024-09-02T07:10:11.619+0000] {dag.py:4138} INFO - Setting next_dagrun for example_subdag_operator.section-2 to None, run_after=None
[2024-09-02T07:10:11.633+0000] {logging_mixin.py:190} INFO - [2024-09-02T07:10:11.632+0000] {dag.py:3211} INFO - Sync 2 DAGs
[2024-09-02T07:10:11.643+0000] {logging_mixin.py:190} INFO - [2024-09-02T07:10:11.643+0000] {dag.py:4138} INFO - Setting next_dagrun for example_subdag_operator.section-1 to None, run_after=None
[2024-09-02T07:10:11.645+0000] {logging_mixin.py:190} INFO - [2024-09-02T07:10:11.645+0000] {dag.py:4138} INFO - Setting next_dagrun for example_subdag_operator.section-2 to None, run_after=None
[2024-09-02T07:10:11.665+0000] {processor.py:208} INFO - Processing /home/airflow/.local/lib/python3.12/site-packages/airflow/example_dags/example_subdag_operator.py took 0.190 seconds
[2024-09-02T07:10:41.944+0000] {processor.py:186} INFO - Started process (PID=308) to work on /home/airflow/.local/lib/python3.12/site-packages/airflow/example_dags/example_subdag_operator.py
[2024-09-02T07:10:41.946+0000] {processor.py:914} INFO - Processing file /home/airflow/.local/lib/python3.12/site-packages/airflow/example_dags/example_subdag_operator.py for tasks to queue
[2024-09-02T07:10:41.950+0000] {logging_mixin.py:190} INFO - [2024-09-02T07:10:41.950+0000] {dagbag.py:587} INFO - Filling up the DagBag from /home/airflow/.local/lib/python3.12/site-packages/airflow/example_dags/example_subdag_operator.py
[2024-09-02T07:10:41.990+0000] {processor.py:925} INFO - DAG(s) 'example_subdag_operator.section-1', 'example_subdag_operator.section-2', 'example_subdag_operator' retrieved from /home/airflow/.local/lib/python3.12/site-packages/airflow/example_dags/example_subdag_operator.py
[2024-09-02T07:10:42.014+0000] {logging_mixin.py:190} INFO - [2024-09-02T07:10:42.014+0000] {dag.py:3211} INFO - Sync 3 DAGs
[2024-09-02T07:10:42.056+0000] {logging_mixin.py:190} INFO - [2024-09-02T07:10:42.055+0000] {dag.py:4138} INFO - Setting next_dagrun for example_subdag_operator to 2022-01-01 00:00:00+00:00, run_after=2022-01-01 00:00:00+00:00
[2024-09-02T07:10:42.064+0000] {logging_mixin.py:190} INFO - [2024-09-02T07:10:42.063+0000] {dag.py:4138} INFO - Setting next_dagrun for example_subdag_operator.section-1 to None, run_after=None
[2024-09-02T07:10:42.067+0000] {logging_mixin.py:190} INFO - [2024-09-02T07:10:42.066+0000] {dag.py:4138} INFO - Setting next_dagrun for example_subdag_operator.section-2 to None, run_after=None
[2024-09-02T07:10:42.079+0000] {logging_mixin.py:190} INFO - [2024-09-02T07:10:42.079+0000] {dag.py:3211} INFO - Sync 2 DAGs
[2024-09-02T07:10:42.088+0000] {logging_mixin.py:190} INFO - [2024-09-02T07:10:42.088+0000] {dag.py:4138} INFO - Setting next_dagrun for example_subdag_operator.section-1 to None, run_after=None
[2024-09-02T07:10:42.089+0000] {logging_mixin.py:190} INFO - [2024-09-02T07:10:42.089+0000] {dag.py:4138} INFO - Setting next_dagrun for example_subdag_operator.section-2 to None, run_after=None
[2024-09-02T07:10:42.108+0000] {processor.py:208} INFO - Processing /home/airflow/.local/lib/python3.12/site-packages/airflow/example_dags/example_subdag_operator.py took 0.174 seconds
[2024-09-02T07:11:12.726+0000] {processor.py:186} INFO - Started process (PID=378) to work on /home/airflow/.local/lib/python3.12/site-packages/airflow/example_dags/example_subdag_operator.py
[2024-09-02T07:11:12.727+0000] {processor.py:914} INFO - Processing file /home/airflow/.local/lib/python3.12/site-packages/airflow/example_dags/example_subdag_operator.py for tasks to queue
[2024-09-02T07:11:12.733+0000] {logging_mixin.py:190} INFO - [2024-09-02T07:11:12.733+0000] {dagbag.py:587} INFO - Filling up the DagBag from /home/airflow/.local/lib/python3.12/site-packages/airflow/example_dags/example_subdag_operator.py
[2024-09-02T07:11:12.795+0000] {processor.py:925} INFO - DAG(s) 'example_subdag_operator.section-1', 'example_subdag_operator.section-2', 'example_subdag_operator' retrieved from /home/airflow/.local/lib/python3.12/site-packages/airflow/example_dags/example_subdag_operator.py
[2024-09-02T07:11:12.825+0000] {logging_mixin.py:190} INFO - [2024-09-02T07:11:12.825+0000] {dag.py:3211} INFO - Sync 3 DAGs
[2024-09-02T07:11:12.867+0000] {logging_mixin.py:190} INFO - [2024-09-02T07:11:12.867+0000] {dag.py:4138} INFO - Setting next_dagrun for example_subdag_operator to 2022-01-01 00:00:00+00:00, run_after=2022-01-01 00:00:00+00:00
[2024-09-02T07:11:12.876+0000] {logging_mixin.py:190} INFO - [2024-09-02T07:11:12.875+0000] {dag.py:4138} INFO - Setting next_dagrun for example_subdag_operator.section-1 to None, run_after=None
[2024-09-02T07:11:12.878+0000] {logging_mixin.py:190} INFO - [2024-09-02T07:11:12.878+0000] {dag.py:4138} INFO - Setting next_dagrun for example_subdag_operator.section-2 to None, run_after=None
[2024-09-02T07:11:12.892+0000] {logging_mixin.py:190} INFO - [2024-09-02T07:11:12.892+0000] {dag.py:3211} INFO - Sync 2 DAGs
[2024-09-02T07:11:12.905+0000] {logging_mixin.py:190} INFO - [2024-09-02T07:11:12.904+0000] {dag.py:4138} INFO - Setting next_dagrun for example_subdag_operator.section-1 to None, run_after=None
[2024-09-02T07:11:12.906+0000] {logging_mixin.py:190} INFO - [2024-09-02T07:11:12.906+0000] {dag.py:4138} INFO - Setting next_dagrun for example_subdag_operator.section-2 to None, run_after=None
[2024-09-02T07:11:12.942+0000] {processor.py:208} INFO - Processing /home/airflow/.local/lib/python3.12/site-packages/airflow/example_dags/example_subdag_operator.py took 0.230 seconds
[2024-09-02T07:11:43.047+0000] {processor.py:186} INFO - Started process (PID=448) to work on /home/airflow/.local/lib/python3.12/site-packages/airflow/example_dags/example_subdag_operator.py
[2024-09-02T07:11:43.049+0000] {processor.py:914} INFO - Processing file /home/airflow/.local/lib/python3.12/site-packages/airflow/example_dags/example_subdag_operator.py for tasks to queue
[2024-09-02T07:11:43.054+0000] {logging_mixin.py:190} INFO - [2024-09-02T07:11:43.053+0000] {dagbag.py:587} INFO - Filling up the DagBag from /home/airflow/.local/lib/python3.12/site-packages/airflow/example_dags/example_subdag_operator.py
[2024-09-02T07:11:43.110+0000] {processor.py:925} INFO - DAG(s) 'example_subdag_operator.section-1', 'example_subdag_operator.section-2', 'example_subdag_operator' retrieved from /home/airflow/.local/lib/python3.12/site-packages/airflow/example_dags/example_subdag_operator.py
[2024-09-02T07:11:43.144+0000] {logging_mixin.py:190} INFO - [2024-09-02T07:11:43.143+0000] {dag.py:3211} INFO - Sync 3 DAGs
[2024-09-02T07:11:43.180+0000] {logging_mixin.py:190} INFO - [2024-09-02T07:11:43.179+0000] {dag.py:4138} INFO - Setting next_dagrun for example_subdag_operator to 2022-01-01 00:00:00+00:00, run_after=2022-01-01 00:00:00+00:00
[2024-09-02T07:11:43.188+0000] {logging_mixin.py:190} INFO - [2024-09-02T07:11:43.187+0000] {dag.py:4138} INFO - Setting next_dagrun for example_subdag_operator.section-1 to None, run_after=None
[2024-09-02T07:11:43.190+0000] {logging_mixin.py:190} INFO - [2024-09-02T07:11:43.190+0000] {dag.py:4138} INFO - Setting next_dagrun for example_subdag_operator.section-2 to None, run_after=None
[2024-09-02T07:11:43.203+0000] {logging_mixin.py:190} INFO - [2024-09-02T07:11:43.202+0000] {dag.py:3211} INFO - Sync 2 DAGs
[2024-09-02T07:11:43.212+0000] {logging_mixin.py:190} INFO - [2024-09-02T07:11:43.212+0000] {dag.py:4138} INFO - Setting next_dagrun for example_subdag_operator.section-1 to None, run_after=None
[2024-09-02T07:11:43.213+0000] {logging_mixin.py:190} INFO - [2024-09-02T07:11:43.213+0000] {dag.py:4138} INFO - Setting next_dagrun for example_subdag_operator.section-2 to None, run_after=None
[2024-09-02T07:11:43.227+0000] {processor.py:208} INFO - Processing /home/airflow/.local/lib/python3.12/site-packages/airflow/example_dags/example_subdag_operator.py took 0.191 seconds
[2024-09-02T07:12:14.190+0000] {processor.py:186} INFO - Started process (PID=518) to work on /home/airflow/.local/lib/python3.12/site-packages/airflow/example_dags/example_subdag_operator.py
[2024-09-02T07:12:14.192+0000] {processor.py:914} INFO - Processing file /home/airflow/.local/lib/python3.12/site-packages/airflow/example_dags/example_subdag_operator.py for tasks to queue
[2024-09-02T07:12:14.197+0000] {logging_mixin.py:190} INFO - [2024-09-02T07:12:14.196+0000] {dagbag.py:587} INFO - Filling up the DagBag from /home/airflow/.local/lib/python3.12/site-packages/airflow/example_dags/example_subdag_operator.py
[2024-09-02T07:12:14.253+0000] {processor.py:925} INFO - DAG(s) 'example_subdag_operator.section-1', 'example_subdag_operator.section-2', 'example_subdag_operator' retrieved from /home/airflow/.local/lib/python3.12/site-packages/airflow/example_dags/example_subdag_operator.py
[2024-09-02T07:12:14.300+0000] {logging_mixin.py:190} INFO - [2024-09-02T07:12:14.299+0000] {dag.py:3211} INFO - Sync 3 DAGs
[2024-09-02T07:12:14.363+0000] {logging_mixin.py:190} INFO - [2024-09-02T07:12:14.362+0000] {dag.py:4138} INFO - Setting next_dagrun for example_subdag_operator to 2022-01-01 00:00:00+00:00, run_after=2022-01-01 00:00:00+00:00
[2024-09-02T07:12:14.371+0000] {logging_mixin.py:190} INFO - [2024-09-02T07:12:14.371+0000] {dag.py:4138} INFO - Setting next_dagrun for example_subdag_operator.section-1 to None, run_after=None
[2024-09-02T07:12:14.374+0000] {logging_mixin.py:190} INFO - [2024-09-02T07:12:14.374+0000] {dag.py:4138} INFO - Setting next_dagrun for example_subdag_operator.section-2 to None, run_after=None
[2024-09-02T07:12:14.389+0000] {logging_mixin.py:190} INFO - [2024-09-02T07:12:14.388+0000] {dag.py:3211} INFO - Sync 2 DAGs
[2024-09-02T07:12:14.401+0000] {logging_mixin.py:190} INFO - [2024-09-02T07:12:14.401+0000] {dag.py:4138} INFO - Setting next_dagrun for example_subdag_operator.section-1 to None, run_after=None
[2024-09-02T07:12:14.403+0000] {logging_mixin.py:190} INFO - [2024-09-02T07:12:14.402+0000] {dag.py:4138} INFO - Setting next_dagrun for example_subdag_operator.section-2 to None, run_after=None
[2024-09-02T07:12:14.424+0000] {processor.py:208} INFO - Processing /home/airflow/.local/lib/python3.12/site-packages/airflow/example_dags/example_subdag_operator.py took 0.246 seconds
[2024-09-02T07:12:45.247+0000] {processor.py:186} INFO - Started process (PID=588) to work on /home/airflow/.local/lib/python3.12/site-packages/airflow/example_dags/example_subdag_operator.py
[2024-09-02T07:12:45.249+0000] {processor.py:914} INFO - Processing file /home/airflow/.local/lib/python3.12/site-packages/airflow/example_dags/example_subdag_operator.py for tasks to queue
[2024-09-02T07:12:45.252+0000] {logging_mixin.py:190} INFO - [2024-09-02T07:12:45.252+0000] {dagbag.py:587} INFO - Filling up the DagBag from /home/airflow/.local/lib/python3.12/site-packages/airflow/example_dags/example_subdag_operator.py
[2024-09-02T07:12:45.290+0000] {processor.py:925} INFO - DAG(s) 'example_subdag_operator.section-1', 'example_subdag_operator.section-2', 'example_subdag_operator' retrieved from /home/airflow/.local/lib/python3.12/site-packages/airflow/example_dags/example_subdag_operator.py
[2024-09-02T07:12:45.314+0000] {logging_mixin.py:190} INFO - [2024-09-02T07:12:45.314+0000] {dag.py:3211} INFO - Sync 3 DAGs
[2024-09-02T07:12:45.356+0000] {logging_mixin.py:190} INFO - [2024-09-02T07:12:45.356+0000] {dag.py:4138} INFO - Setting next_dagrun for example_subdag_operator to 2022-01-01 00:00:00+00:00, run_after=2022-01-01 00:00:00+00:00
[2024-09-02T07:12:45.362+0000] {logging_mixin.py:190} INFO - [2024-09-02T07:12:45.362+0000] {dag.py:4138} INFO - Setting next_dagrun for example_subdag_operator.section-1 to None, run_after=None
[2024-09-02T07:12:45.365+0000] {logging_mixin.py:190} INFO - [2024-09-02T07:12:45.364+0000] {dag.py:4138} INFO - Setting next_dagrun for example_subdag_operator.section-2 to None, run_after=None
[2024-09-02T07:12:45.376+0000] {logging_mixin.py:190} INFO - [2024-09-02T07:12:45.376+0000] {dag.py:3211} INFO - Sync 2 DAGs
[2024-09-02T07:12:45.385+0000] {logging_mixin.py:190} INFO - [2024-09-02T07:12:45.384+0000] {dag.py:4138} INFO - Setting next_dagrun for example_subdag_operator.section-1 to None, run_after=None
[2024-09-02T07:12:45.386+0000] {logging_mixin.py:190} INFO - [2024-09-02T07:12:45.385+0000] {dag.py:4138} INFO - Setting next_dagrun for example_subdag_operator.section-2 to None, run_after=None
[2024-09-02T07:12:45.402+0000] {processor.py:208} INFO - Processing /home/airflow/.local/lib/python3.12/site-packages/airflow/example_dags/example_subdag_operator.py took 0.164 seconds
[2024-09-02T07:13:16.324+0000] {processor.py:186} INFO - Started process (PID=658) to work on /home/airflow/.local/lib/python3.12/site-packages/airflow/example_dags/example_subdag_operator.py
[2024-09-02T07:13:16.326+0000] {processor.py:914} INFO - Processing file /home/airflow/.local/lib/python3.12/site-packages/airflow/example_dags/example_subdag_operator.py for tasks to queue
[2024-09-02T07:13:16.331+0000] {logging_mixin.py:190} INFO - [2024-09-02T07:13:16.331+0000] {dagbag.py:587} INFO - Filling up the DagBag from /home/airflow/.local/lib/python3.12/site-packages/airflow/example_dags/example_subdag_operator.py
[2024-09-02T07:13:16.383+0000] {processor.py:925} INFO - DAG(s) 'example_subdag_operator.section-1', 'example_subdag_operator.section-2', 'example_subdag_operator' retrieved from /home/airflow/.local/lib/python3.12/site-packages/airflow/example_dags/example_subdag_operator.py
[2024-09-02T07:13:16.414+0000] {logging_mixin.py:190} INFO - [2024-09-02T07:13:16.414+0000] {dag.py:3211} INFO - Sync 3 DAGs
[2024-09-02T07:13:16.460+0000] {logging_mixin.py:190} INFO - [2024-09-02T07:13:16.459+0000] {dag.py:4138} INFO - Setting next_dagrun for example_subdag_operator to 2022-01-01 00:00:00+00:00, run_after=2022-01-01 00:00:00+00:00
[2024-09-02T07:13:16.469+0000] {logging_mixin.py:190} INFO - [2024-09-02T07:13:16.468+0000] {dag.py:4138} INFO - Setting next_dagrun for example_subdag_operator.section-1 to None, run_after=None
[2024-09-02T07:13:16.472+0000] {logging_mixin.py:190} INFO - [2024-09-02T07:13:16.471+0000] {dag.py:4138} INFO - Setting next_dagrun for example_subdag_operator.section-2 to None, run_after=None
[2024-09-02T07:13:16.485+0000] {logging_mixin.py:190} INFO - [2024-09-02T07:13:16.484+0000] {dag.py:3211} INFO - Sync 2 DAGs
[2024-09-02T07:13:16.494+0000] {logging_mixin.py:190} INFO - [2024-09-02T07:13:16.494+0000] {dag.py:4138} INFO - Setting next_dagrun for example_subdag_operator.section-1 to None, run_after=None
[2024-09-02T07:13:16.496+0000] {logging_mixin.py:190} INFO - [2024-09-02T07:13:16.495+0000] {dag.py:4138} INFO - Setting next_dagrun for example_subdag_operator.section-2 to None, run_after=None
[2024-09-02T07:13:16.516+0000] {processor.py:208} INFO - Processing /home/airflow/.local/lib/python3.12/site-packages/airflow/example_dags/example_subdag_operator.py took 0.202 seconds
