[2024-09-02T07:09:00.282+0000] {processor.py:186} INFO - Started process (PID=72) to work on /home/airflow/.local/lib/python3.12/site-packages/airflow/example_dags/example_inlet_event_extra.py
[2024-09-02T07:09:00.288+0000] {processor.py:914} INFO - Processing file /home/airflow/.local/lib/python3.12/site-packages/airflow/example_dags/example_inlet_event_extra.py for tasks to queue
[2024-09-02T07:09:00.305+0000] {logging_mixin.py:190} INFO - [2024-09-02T07:09:00.303+0000] {dagbag.py:587} INFO - Filling up the DagBag from /home/airflow/.local/lib/python3.12/site-packages/airflow/example_dags/example_inlet_event_extra.py
[2024-09-02T07:09:01.785+0000] {processor.py:925} INFO - DAG(s) 'read_dataset_event', 'read_dataset_event_from_classic' retrieved from /home/airflow/.local/lib/python3.12/site-packages/airflow/example_dags/example_inlet_event_extra.py
[2024-09-02T07:09:01.854+0000] {logging_mixin.py:190} INFO - [2024-09-02T07:09:01.853+0000] {dag.py:3211} INFO - Sync 2 DAGs
[2024-09-02T07:09:01.940+0000] {logging_mixin.py:190} INFO - [2024-09-02T07:09:01.939+0000] {dag.py:4138} INFO - Setting next_dagrun for read_dataset_event to 2024-09-01 00:00:00+00:00, run_after=2024-09-02 00:00:00+00:00
[2024-09-02T07:09:01.956+0000] {logging_mixin.py:190} INFO - [2024-09-02T07:09:01.956+0000] {dag.py:4138} INFO - Setting next_dagrun for read_dataset_event_from_classic to 2024-09-01 00:00:00+00:00, run_after=2024-09-02 00:00:00+00:00
[2024-09-02T07:09:02.017+0000] {processor.py:208} INFO - Processing /home/airflow/.local/lib/python3.12/site-packages/airflow/example_dags/example_inlet_event_extra.py took 1.763 seconds
[2024-09-02T07:09:32.085+0000] {processor.py:186} INFO - Started process (PID=143) to work on /home/airflow/.local/lib/python3.12/site-packages/airflow/example_dags/example_inlet_event_extra.py
[2024-09-02T07:09:32.087+0000] {processor.py:914} INFO - Processing file /home/airflow/.local/lib/python3.12/site-packages/airflow/example_dags/example_inlet_event_extra.py for tasks to queue
[2024-09-02T07:09:32.091+0000] {logging_mixin.py:190} INFO - [2024-09-02T07:09:32.091+0000] {dagbag.py:587} INFO - Filling up the DagBag from /home/airflow/.local/lib/python3.12/site-packages/airflow/example_dags/example_inlet_event_extra.py
[2024-09-02T07:09:32.246+0000] {processor.py:925} INFO - DAG(s) 'read_dataset_event', 'read_dataset_event_from_classic' retrieved from /home/airflow/.local/lib/python3.12/site-packages/airflow/example_dags/example_inlet_event_extra.py
[2024-09-02T07:09:32.272+0000] {logging_mixin.py:190} INFO - [2024-09-02T07:09:32.272+0000] {dag.py:3211} INFO - Sync 2 DAGs
[2024-09-02T07:09:32.299+0000] {logging_mixin.py:190} INFO - [2024-09-02T07:09:32.298+0000] {dag.py:4138} INFO - Setting next_dagrun for read_dataset_event to 2024-09-01 00:00:00+00:00, run_after=2024-09-02 00:00:00+00:00
[2024-09-02T07:09:32.304+0000] {logging_mixin.py:190} INFO - [2024-09-02T07:09:32.304+0000] {dag.py:4138} INFO - Setting next_dagrun for read_dataset_event_from_classic to 2024-09-01 00:00:00+00:00, run_after=2024-09-02 00:00:00+00:00
[2024-09-02T07:09:32.324+0000] {processor.py:208} INFO - Processing /home/airflow/.local/lib/python3.12/site-packages/airflow/example_dags/example_inlet_event_extra.py took 0.247 seconds
[2024-09-02T07:10:02.509+0000] {processor.py:186} INFO - Started process (PID=212) to work on /home/airflow/.local/lib/python3.12/site-packages/airflow/example_dags/example_inlet_event_extra.py
[2024-09-02T07:10:02.510+0000] {processor.py:914} INFO - Processing file /home/airflow/.local/lib/python3.12/site-packages/airflow/example_dags/example_inlet_event_extra.py for tasks to queue
[2024-09-02T07:10:02.514+0000] {logging_mixin.py:190} INFO - [2024-09-02T07:10:02.514+0000] {dagbag.py:587} INFO - Filling up the DagBag from /home/airflow/.local/lib/python3.12/site-packages/airflow/example_dags/example_inlet_event_extra.py
[2024-09-02T07:10:02.757+0000] {processor.py:925} INFO - DAG(s) 'read_dataset_event', 'read_dataset_event_from_classic' retrieved from /home/airflow/.local/lib/python3.12/site-packages/airflow/example_dags/example_inlet_event_extra.py
[2024-09-02T07:10:02.794+0000] {logging_mixin.py:190} INFO - [2024-09-02T07:10:02.793+0000] {dag.py:3211} INFO - Sync 2 DAGs
[2024-09-02T07:10:02.831+0000] {logging_mixin.py:190} INFO - [2024-09-02T07:10:02.831+0000] {dag.py:4138} INFO - Setting next_dagrun for read_dataset_event to 2024-09-01 00:00:00+00:00, run_after=2024-09-02 00:00:00+00:00
[2024-09-02T07:10:02.840+0000] {logging_mixin.py:190} INFO - [2024-09-02T07:10:02.839+0000] {dag.py:4138} INFO - Setting next_dagrun for read_dataset_event_from_classic to 2024-09-01 00:00:00+00:00, run_after=2024-09-02 00:00:00+00:00
[2024-09-02T07:10:02.874+0000] {processor.py:208} INFO - Processing /home/airflow/.local/lib/python3.12/site-packages/airflow/example_dags/example_inlet_event_extra.py took 0.375 seconds
[2024-09-02T07:10:33.301+0000] {processor.py:186} INFO - Started process (PID=282) to work on /home/airflow/.local/lib/python3.12/site-packages/airflow/example_dags/example_inlet_event_extra.py
[2024-09-02T07:10:33.303+0000] {processor.py:914} INFO - Processing file /home/airflow/.local/lib/python3.12/site-packages/airflow/example_dags/example_inlet_event_extra.py for tasks to queue
[2024-09-02T07:10:33.306+0000] {logging_mixin.py:190} INFO - [2024-09-02T07:10:33.306+0000] {dagbag.py:587} INFO - Filling up the DagBag from /home/airflow/.local/lib/python3.12/site-packages/airflow/example_dags/example_inlet_event_extra.py
[2024-09-02T07:10:33.553+0000] {processor.py:925} INFO - DAG(s) 'read_dataset_event_from_classic', 'read_dataset_event' retrieved from /home/airflow/.local/lib/python3.12/site-packages/airflow/example_dags/example_inlet_event_extra.py
[2024-09-02T07:10:33.595+0000] {logging_mixin.py:190} INFO - [2024-09-02T07:10:33.595+0000] {dag.py:3211} INFO - Sync 2 DAGs
[2024-09-02T07:10:33.640+0000] {logging_mixin.py:190} INFO - [2024-09-02T07:10:33.640+0000] {dag.py:4138} INFO - Setting next_dagrun for read_dataset_event to 2024-09-01 00:00:00+00:00, run_after=2024-09-02 00:00:00+00:00
[2024-09-02T07:10:33.650+0000] {logging_mixin.py:190} INFO - [2024-09-02T07:10:33.650+0000] {dag.py:4138} INFO - Setting next_dagrun for read_dataset_event_from_classic to 2024-09-01 00:00:00+00:00, run_after=2024-09-02 00:00:00+00:00
[2024-09-02T07:10:33.681+0000] {processor.py:208} INFO - Processing /home/airflow/.local/lib/python3.12/site-packages/airflow/example_dags/example_inlet_event_extra.py took 0.389 seconds
[2024-09-02T07:11:04.171+0000] {processor.py:186} INFO - Started process (PID=345) to work on /home/airflow/.local/lib/python3.12/site-packages/airflow/example_dags/example_inlet_event_extra.py
[2024-09-02T07:11:04.174+0000] {processor.py:914} INFO - Processing file /home/airflow/.local/lib/python3.12/site-packages/airflow/example_dags/example_inlet_event_extra.py for tasks to queue
[2024-09-02T07:11:04.179+0000] {logging_mixin.py:190} INFO - [2024-09-02T07:11:04.178+0000] {dagbag.py:587} INFO - Filling up the DagBag from /home/airflow/.local/lib/python3.12/site-packages/airflow/example_dags/example_inlet_event_extra.py
[2024-09-02T07:11:04.595+0000] {processor.py:925} INFO - DAG(s) 'read_dataset_event_from_classic', 'read_dataset_event' retrieved from /home/airflow/.local/lib/python3.12/site-packages/airflow/example_dags/example_inlet_event_extra.py
[2024-09-02T07:11:04.651+0000] {logging_mixin.py:190} INFO - [2024-09-02T07:11:04.651+0000] {dag.py:3211} INFO - Sync 2 DAGs
[2024-09-02T07:11:04.695+0000] {logging_mixin.py:190} INFO - [2024-09-02T07:11:04.695+0000] {dag.py:4138} INFO - Setting next_dagrun for read_dataset_event to 2024-09-01 00:00:00+00:00, run_after=2024-09-02 00:00:00+00:00
[2024-09-02T07:11:04.703+0000] {logging_mixin.py:190} INFO - [2024-09-02T07:11:04.703+0000] {dag.py:4138} INFO - Setting next_dagrun for read_dataset_event_from_classic to 2024-09-01 00:00:00+00:00, run_after=2024-09-02 00:00:00+00:00
[2024-09-02T07:11:04.727+0000] {processor.py:208} INFO - Processing /home/airflow/.local/lib/python3.12/site-packages/airflow/example_dags/example_inlet_event_extra.py took 0.568 seconds
[2024-09-02T07:11:35.566+0000] {processor.py:186} INFO - Started process (PID=414) to work on /home/airflow/.local/lib/python3.12/site-packages/airflow/example_dags/example_inlet_event_extra.py
[2024-09-02T07:11:35.568+0000] {processor.py:914} INFO - Processing file /home/airflow/.local/lib/python3.12/site-packages/airflow/example_dags/example_inlet_event_extra.py for tasks to queue
[2024-09-02T07:11:35.572+0000] {logging_mixin.py:190} INFO - [2024-09-02T07:11:35.572+0000] {dagbag.py:587} INFO - Filling up the DagBag from /home/airflow/.local/lib/python3.12/site-packages/airflow/example_dags/example_inlet_event_extra.py
[2024-09-02T07:11:36.001+0000] {processor.py:925} INFO - DAG(s) 'read_dataset_event_from_classic', 'read_dataset_event' retrieved from /home/airflow/.local/lib/python3.12/site-packages/airflow/example_dags/example_inlet_event_extra.py
[2024-09-02T07:11:36.054+0000] {logging_mixin.py:190} INFO - [2024-09-02T07:11:36.053+0000] {dag.py:3211} INFO - Sync 2 DAGs
[2024-09-02T07:11:36.110+0000] {logging_mixin.py:190} INFO - [2024-09-02T07:11:36.110+0000] {dag.py:4138} INFO - Setting next_dagrun for read_dataset_event to 2024-09-01 00:00:00+00:00, run_after=2024-09-02 00:00:00+00:00
[2024-09-02T07:11:36.122+0000] {logging_mixin.py:190} INFO - [2024-09-02T07:11:36.121+0000] {dag.py:4138} INFO - Setting next_dagrun for read_dataset_event_from_classic to 2024-09-01 00:00:00+00:00, run_after=2024-09-02 00:00:00+00:00
[2024-09-02T07:11:36.154+0000] {processor.py:208} INFO - Processing /home/airflow/.local/lib/python3.12/site-packages/airflow/example_dags/example_inlet_event_extra.py took 0.597 seconds
[2024-09-02T07:12:06.273+0000] {processor.py:186} INFO - Started process (PID=484) to work on /home/airflow/.local/lib/python3.12/site-packages/airflow/example_dags/example_inlet_event_extra.py
[2024-09-02T07:12:06.274+0000] {processor.py:914} INFO - Processing file /home/airflow/.local/lib/python3.12/site-packages/airflow/example_dags/example_inlet_event_extra.py for tasks to queue
[2024-09-02T07:12:06.281+0000] {logging_mixin.py:190} INFO - [2024-09-02T07:12:06.279+0000] {dagbag.py:587} INFO - Filling up the DagBag from /home/airflow/.local/lib/python3.12/site-packages/airflow/example_dags/example_inlet_event_extra.py
[2024-09-02T07:12:06.594+0000] {processor.py:925} INFO - DAG(s) 'read_dataset_event', 'read_dataset_event_from_classic' retrieved from /home/airflow/.local/lib/python3.12/site-packages/airflow/example_dags/example_inlet_event_extra.py
[2024-09-02T07:12:06.632+0000] {logging_mixin.py:190} INFO - [2024-09-02T07:12:06.631+0000] {dag.py:3211} INFO - Sync 2 DAGs
[2024-09-02T07:12:06.686+0000] {logging_mixin.py:190} INFO - [2024-09-02T07:12:06.686+0000] {dag.py:4138} INFO - Setting next_dagrun for read_dataset_event to 2024-09-01 00:00:00+00:00, run_after=2024-09-02 00:00:00+00:00
[2024-09-02T07:12:06.695+0000] {logging_mixin.py:190} INFO - [2024-09-02T07:12:06.695+0000] {dag.py:4138} INFO - Setting next_dagrun for read_dataset_event_from_classic to 2024-09-01 00:00:00+00:00, run_after=2024-09-02 00:00:00+00:00
[2024-09-02T07:12:06.727+0000] {processor.py:208} INFO - Processing /home/airflow/.local/lib/python3.12/site-packages/airflow/example_dags/example_inlet_event_extra.py took 0.463 seconds
[2024-09-02T07:12:36.809+0000] {processor.py:186} INFO - Started process (PID=554) to work on /home/airflow/.local/lib/python3.12/site-packages/airflow/example_dags/example_inlet_event_extra.py
[2024-09-02T07:12:36.811+0000] {processor.py:914} INFO - Processing file /home/airflow/.local/lib/python3.12/site-packages/airflow/example_dags/example_inlet_event_extra.py for tasks to queue
[2024-09-02T07:12:36.816+0000] {logging_mixin.py:190} INFO - [2024-09-02T07:12:36.815+0000] {dagbag.py:587} INFO - Filling up the DagBag from /home/airflow/.local/lib/python3.12/site-packages/airflow/example_dags/example_inlet_event_extra.py
[2024-09-02T07:12:37.154+0000] {processor.py:925} INFO - DAG(s) 'read_dataset_event_from_classic', 'read_dataset_event' retrieved from /home/airflow/.local/lib/python3.12/site-packages/airflow/example_dags/example_inlet_event_extra.py
[2024-09-02T07:12:37.198+0000] {logging_mixin.py:190} INFO - [2024-09-02T07:12:37.198+0000] {dag.py:3211} INFO - Sync 2 DAGs
[2024-09-02T07:12:37.247+0000] {logging_mixin.py:190} INFO - [2024-09-02T07:12:37.246+0000] {dag.py:4138} INFO - Setting next_dagrun for read_dataset_event to 2024-09-01 00:00:00+00:00, run_after=2024-09-02 00:00:00+00:00
[2024-09-02T07:12:37.260+0000] {logging_mixin.py:190} INFO - [2024-09-02T07:12:37.260+0000] {dag.py:4138} INFO - Setting next_dagrun for read_dataset_event_from_classic to 2024-09-01 00:00:00+00:00, run_after=2024-09-02 00:00:00+00:00
[2024-09-02T07:12:37.293+0000] {processor.py:208} INFO - Processing /home/airflow/.local/lib/python3.12/site-packages/airflow/example_dags/example_inlet_event_extra.py took 0.498 seconds
[2024-09-02T07:13:07.513+0000] {processor.py:186} INFO - Started process (PID=626) to work on /home/airflow/.local/lib/python3.12/site-packages/airflow/example_dags/example_inlet_event_extra.py
[2024-09-02T07:13:07.515+0000] {processor.py:914} INFO - Processing file /home/airflow/.local/lib/python3.12/site-packages/airflow/example_dags/example_inlet_event_extra.py for tasks to queue
[2024-09-02T07:13:07.519+0000] {logging_mixin.py:190} INFO - [2024-09-02T07:13:07.518+0000] {dagbag.py:587} INFO - Filling up the DagBag from /home/airflow/.local/lib/python3.12/site-packages/airflow/example_dags/example_inlet_event_extra.py
[2024-09-02T07:13:07.719+0000] {processor.py:925} INFO - DAG(s) 'read_dataset_event_from_classic', 'read_dataset_event' retrieved from /home/airflow/.local/lib/python3.12/site-packages/airflow/example_dags/example_inlet_event_extra.py
[2024-09-02T07:13:07.754+0000] {logging_mixin.py:190} INFO - [2024-09-02T07:13:07.754+0000] {dag.py:3211} INFO - Sync 2 DAGs
[2024-09-02T07:13:07.789+0000] {logging_mixin.py:190} INFO - [2024-09-02T07:13:07.789+0000] {dag.py:4138} INFO - Setting next_dagrun for read_dataset_event to 2024-09-01 00:00:00+00:00, run_after=2024-09-02 00:00:00+00:00
[2024-09-02T07:13:07.797+0000] {logging_mixin.py:190} INFO - [2024-09-02T07:13:07.797+0000] {dag.py:4138} INFO - Setting next_dagrun for read_dataset_event_from_classic to 2024-09-01 00:00:00+00:00, run_after=2024-09-02 00:00:00+00:00
[2024-09-02T07:13:07.823+0000] {processor.py:208} INFO - Processing /home/airflow/.local/lib/python3.12/site-packages/airflow/example_dags/example_inlet_event_extra.py took 0.318 seconds
[2024-09-02T07:13:38.155+0000] {processor.py:186} INFO - Started process (PID=694) to work on /home/airflow/.local/lib/python3.12/site-packages/airflow/example_dags/example_inlet_event_extra.py
[2024-09-02T07:13:38.158+0000] {processor.py:914} INFO - Processing file /home/airflow/.local/lib/python3.12/site-packages/airflow/example_dags/example_inlet_event_extra.py for tasks to queue
[2024-09-02T07:13:38.163+0000] {logging_mixin.py:190} INFO - [2024-09-02T07:13:38.162+0000] {dagbag.py:587} INFO - Filling up the DagBag from /home/airflow/.local/lib/python3.12/site-packages/airflow/example_dags/example_inlet_event_extra.py
[2024-09-02T07:13:38.578+0000] {processor.py:925} INFO - DAG(s) 'read_dataset_event_from_classic', 'read_dataset_event' retrieved from /home/airflow/.local/lib/python3.12/site-packages/airflow/example_dags/example_inlet_event_extra.py
[2024-09-02T07:13:38.639+0000] {logging_mixin.py:190} INFO - [2024-09-02T07:13:38.639+0000] {dag.py:3211} INFO - Sync 2 DAGs
[2024-09-02T07:13:38.756+0000] {logging_mixin.py:190} INFO - [2024-09-02T07:13:38.755+0000] {dag.py:4138} INFO - Setting next_dagrun for read_dataset_event to 2024-09-01 00:00:00+00:00, run_after=2024-09-02 00:00:00+00:00
[2024-09-02T07:13:38.775+0000] {logging_mixin.py:190} INFO - [2024-09-02T07:13:38.775+0000] {dag.py:4138} INFO - Setting next_dagrun for read_dataset_event_from_classic to 2024-09-01 00:00:00+00:00, run_after=2024-09-02 00:00:00+00:00
[2024-09-02T07:13:38.838+0000] {processor.py:208} INFO - Processing /home/airflow/.local/lib/python3.12/site-packages/airflow/example_dags/example_inlet_event_extra.py took 0.697 seconds
