[2024-09-02T07:09:07.910+0000] {processor.py:186} INFO - Started process (PID=93) to work on /home/airflow/.local/lib/python3.12/site-packages/airflow/example_dags/example_branch_python_dop_operator_3.py
[2024-09-02T07:09:07.913+0000] {processor.py:914} INFO - Processing file /home/airflow/.local/lib/python3.12/site-packages/airflow/example_dags/example_branch_python_dop_operator_3.py for tasks to queue
[2024-09-02T07:09:07.934+0000] {logging_mixin.py:190} INFO - [2024-09-02T07:09:07.933+0000] {dagbag.py:587} INFO - Filling up the DagBag from /home/airflow/.local/lib/python3.12/site-packages/airflow/example_dags/example_branch_python_dop_operator_3.py
[2024-09-02T07:09:08.024+0000] {processor.py:925} INFO - DAG(s) 'example_branch_dop_operator_v3' retrieved from /home/airflow/.local/lib/python3.12/site-packages/airflow/example_dags/example_branch_python_dop_operator_3.py
[2024-09-02T07:09:08.181+0000] {logging_mixin.py:190} INFO - [2024-09-02T07:09:08.181+0000] {dag.py:3211} INFO - Sync 1 DAGs
[2024-09-02T07:09:08.301+0000] {logging_mixin.py:190} INFO - [2024-09-02T07:09:08.300+0000] {dag.py:4138} INFO - Setting next_dagrun for example_branch_dop_operator_v3 to 2024-09-02 07:08:00+00:00, run_after=2024-09-02 07:09:00+00:00
[2024-09-02T07:09:08.351+0000] {processor.py:208} INFO - Processing /home/airflow/.local/lib/python3.12/site-packages/airflow/example_dags/example_branch_python_dop_operator_3.py took 0.462 seconds
[2024-09-02T07:09:38.958+0000] {processor.py:186} INFO - Started process (PID=163) to work on /home/airflow/.local/lib/python3.12/site-packages/airflow/example_dags/example_branch_python_dop_operator_3.py
[2024-09-02T07:09:38.963+0000] {processor.py:914} INFO - Processing file /home/airflow/.local/lib/python3.12/site-packages/airflow/example_dags/example_branch_python_dop_operator_3.py for tasks to queue
[2024-09-02T07:09:38.969+0000] {logging_mixin.py:190} INFO - [2024-09-02T07:09:38.968+0000] {dagbag.py:587} INFO - Filling up the DagBag from /home/airflow/.local/lib/python3.12/site-packages/airflow/example_dags/example_branch_python_dop_operator_3.py
[2024-09-02T07:09:38.997+0000] {processor.py:925} INFO - DAG(s) 'example_branch_dop_operator_v3' retrieved from /home/airflow/.local/lib/python3.12/site-packages/airflow/example_dags/example_branch_python_dop_operator_3.py
[2024-09-02T07:09:39.039+0000] {logging_mixin.py:190} INFO - [2024-09-02T07:09:39.038+0000] {dag.py:3211} INFO - Sync 1 DAGs
[2024-09-02T07:09:39.093+0000] {logging_mixin.py:190} INFO - [2024-09-02T07:09:39.093+0000] {dag.py:4138} INFO - Setting next_dagrun for example_branch_dop_operator_v3 to 2024-09-02 07:08:00+00:00, run_after=2024-09-02 07:09:00+00:00
[2024-09-02T07:09:39.126+0000] {processor.py:208} INFO - Processing /home/airflow/.local/lib/python3.12/site-packages/airflow/example_dags/example_branch_python_dop_operator_3.py took 0.183 seconds
[2024-09-02T07:10:09.974+0000] {processor.py:186} INFO - Started process (PID=233) to work on /home/airflow/.local/lib/python3.12/site-packages/airflow/example_dags/example_branch_python_dop_operator_3.py
[2024-09-02T07:10:09.976+0000] {processor.py:914} INFO - Processing file /home/airflow/.local/lib/python3.12/site-packages/airflow/example_dags/example_branch_python_dop_operator_3.py for tasks to queue
[2024-09-02T07:10:09.980+0000] {logging_mixin.py:190} INFO - [2024-09-02T07:10:09.979+0000] {dagbag.py:587} INFO - Filling up the DagBag from /home/airflow/.local/lib/python3.12/site-packages/airflow/example_dags/example_branch_python_dop_operator_3.py
[2024-09-02T07:10:10.000+0000] {processor.py:925} INFO - DAG(s) 'example_branch_dop_operator_v3' retrieved from /home/airflow/.local/lib/python3.12/site-packages/airflow/example_dags/example_branch_python_dop_operator_3.py
[2024-09-02T07:10:10.035+0000] {logging_mixin.py:190} INFO - [2024-09-02T07:10:10.035+0000] {dag.py:3211} INFO - Sync 1 DAGs
[2024-09-02T07:10:10.093+0000] {logging_mixin.py:190} INFO - [2024-09-02T07:10:10.093+0000] {dag.py:4138} INFO - Setting next_dagrun for example_branch_dop_operator_v3 to 2024-09-02 07:09:00+00:00, run_after=2024-09-02 07:10:00+00:00
[2024-09-02T07:10:10.132+0000] {processor.py:208} INFO - Processing /home/airflow/.local/lib/python3.12/site-packages/airflow/example_dags/example_branch_python_dop_operator_3.py took 0.168 seconds
[2024-09-02T07:10:41.053+0000] {processor.py:186} INFO - Started process (PID=303) to work on /home/airflow/.local/lib/python3.12/site-packages/airflow/example_dags/example_branch_python_dop_operator_3.py
[2024-09-02T07:10:41.055+0000] {processor.py:914} INFO - Processing file /home/airflow/.local/lib/python3.12/site-packages/airflow/example_dags/example_branch_python_dop_operator_3.py for tasks to queue
[2024-09-02T07:10:41.066+0000] {logging_mixin.py:190} INFO - [2024-09-02T07:10:41.065+0000] {dagbag.py:587} INFO - Filling up the DagBag from /home/airflow/.local/lib/python3.12/site-packages/airflow/example_dags/example_branch_python_dop_operator_3.py
[2024-09-02T07:10:41.111+0000] {processor.py:925} INFO - DAG(s) 'example_branch_dop_operator_v3' retrieved from /home/airflow/.local/lib/python3.12/site-packages/airflow/example_dags/example_branch_python_dop_operator_3.py
[2024-09-02T07:10:41.183+0000] {logging_mixin.py:190} INFO - [2024-09-02T07:10:41.183+0000] {dag.py:3211} INFO - Sync 1 DAGs
[2024-09-02T07:10:41.291+0000] {logging_mixin.py:190} INFO - [2024-09-02T07:10:41.290+0000] {dag.py:4138} INFO - Setting next_dagrun for example_branch_dop_operator_v3 to 2024-09-02 07:09:00+00:00, run_after=2024-09-02 07:10:00+00:00
[2024-09-02T07:10:41.341+0000] {processor.py:208} INFO - Processing /home/airflow/.local/lib/python3.12/site-packages/airflow/example_dags/example_branch_python_dop_operator_3.py took 0.298 seconds
[2024-09-02T07:11:11.977+0000] {processor.py:186} INFO - Started process (PID=373) to work on /home/airflow/.local/lib/python3.12/site-packages/airflow/example_dags/example_branch_python_dop_operator_3.py
[2024-09-02T07:11:11.979+0000] {processor.py:914} INFO - Processing file /home/airflow/.local/lib/python3.12/site-packages/airflow/example_dags/example_branch_python_dop_operator_3.py for tasks to queue
[2024-09-02T07:11:11.984+0000] {logging_mixin.py:190} INFO - [2024-09-02T07:11:11.983+0000] {dagbag.py:587} INFO - Filling up the DagBag from /home/airflow/.local/lib/python3.12/site-packages/airflow/example_dags/example_branch_python_dop_operator_3.py
[2024-09-02T07:11:12.006+0000] {processor.py:925} INFO - DAG(s) 'example_branch_dop_operator_v3' retrieved from /home/airflow/.local/lib/python3.12/site-packages/airflow/example_dags/example_branch_python_dop_operator_3.py
[2024-09-02T07:11:12.041+0000] {logging_mixin.py:190} INFO - [2024-09-02T07:11:12.040+0000] {dag.py:3211} INFO - Sync 1 DAGs
[2024-09-02T07:11:12.091+0000] {logging_mixin.py:190} INFO - [2024-09-02T07:11:12.091+0000] {dag.py:4138} INFO - Setting next_dagrun for example_branch_dop_operator_v3 to 2024-09-02 07:10:00+00:00, run_after=2024-09-02 07:11:00+00:00
[2024-09-02T07:11:12.125+0000] {processor.py:208} INFO - Processing /home/airflow/.local/lib/python3.12/site-packages/airflow/example_dags/example_branch_python_dop_operator_3.py took 0.160 seconds
[2024-09-02T07:11:42.364+0000] {processor.py:186} INFO - Started process (PID=442) to work on /home/airflow/.local/lib/python3.12/site-packages/airflow/example_dags/example_branch_python_dop_operator_3.py
[2024-09-02T07:11:42.366+0000] {processor.py:914} INFO - Processing file /home/airflow/.local/lib/python3.12/site-packages/airflow/example_dags/example_branch_python_dop_operator_3.py for tasks to queue
[2024-09-02T07:11:42.369+0000] {logging_mixin.py:190} INFO - [2024-09-02T07:11:42.369+0000] {dagbag.py:587} INFO - Filling up the DagBag from /home/airflow/.local/lib/python3.12/site-packages/airflow/example_dags/example_branch_python_dop_operator_3.py
[2024-09-02T07:11:42.382+0000] {processor.py:925} INFO - DAG(s) 'example_branch_dop_operator_v3' retrieved from /home/airflow/.local/lib/python3.12/site-packages/airflow/example_dags/example_branch_python_dop_operator_3.py
[2024-09-02T07:11:42.407+0000] {logging_mixin.py:190} INFO - [2024-09-02T07:11:42.406+0000] {dag.py:3211} INFO - Sync 1 DAGs
[2024-09-02T07:11:42.454+0000] {logging_mixin.py:190} INFO - [2024-09-02T07:11:42.454+0000] {dag.py:4138} INFO - Setting next_dagrun for example_branch_dop_operator_v3 to 2024-09-02 07:10:00+00:00, run_after=2024-09-02 07:11:00+00:00
[2024-09-02T07:11:42.482+0000] {processor.py:208} INFO - Processing /home/airflow/.local/lib/python3.12/site-packages/airflow/example_dags/example_branch_python_dop_operator_3.py took 0.126 seconds
[2024-09-02T07:12:13.349+0000] {processor.py:186} INFO - Started process (PID=513) to work on /home/airflow/.local/lib/python3.12/site-packages/airflow/example_dags/example_branch_python_dop_operator_3.py
[2024-09-02T07:12:13.352+0000] {processor.py:914} INFO - Processing file /home/airflow/.local/lib/python3.12/site-packages/airflow/example_dags/example_branch_python_dop_operator_3.py for tasks to queue
[2024-09-02T07:12:13.356+0000] {logging_mixin.py:190} INFO - [2024-09-02T07:12:13.355+0000] {dagbag.py:587} INFO - Filling up the DagBag from /home/airflow/.local/lib/python3.12/site-packages/airflow/example_dags/example_branch_python_dop_operator_3.py
[2024-09-02T07:12:13.380+0000] {processor.py:925} INFO - DAG(s) 'example_branch_dop_operator_v3' retrieved from /home/airflow/.local/lib/python3.12/site-packages/airflow/example_dags/example_branch_python_dop_operator_3.py
[2024-09-02T07:12:13.423+0000] {logging_mixin.py:190} INFO - [2024-09-02T07:12:13.422+0000] {dag.py:3211} INFO - Sync 1 DAGs
[2024-09-02T07:12:13.480+0000] {logging_mixin.py:190} INFO - [2024-09-02T07:12:13.479+0000] {dag.py:4138} INFO - Setting next_dagrun for example_branch_dop_operator_v3 to 2024-09-02 07:11:00+00:00, run_after=2024-09-02 07:12:00+00:00
[2024-09-02T07:12:13.514+0000] {processor.py:208} INFO - Processing /home/airflow/.local/lib/python3.12/site-packages/airflow/example_dags/example_branch_python_dop_operator_3.py took 0.177 seconds
[2024-09-02T07:12:43.622+0000] {processor.py:186} INFO - Started process (PID=582) to work on /home/airflow/.local/lib/python3.12/site-packages/airflow/example_dags/example_branch_python_dop_operator_3.py
[2024-09-02T07:12:43.623+0000] {processor.py:914} INFO - Processing file /home/airflow/.local/lib/python3.12/site-packages/airflow/example_dags/example_branch_python_dop_operator_3.py for tasks to queue
[2024-09-02T07:12:43.626+0000] {logging_mixin.py:190} INFO - [2024-09-02T07:12:43.625+0000] {dagbag.py:587} INFO - Filling up the DagBag from /home/airflow/.local/lib/python3.12/site-packages/airflow/example_dags/example_branch_python_dop_operator_3.py
[2024-09-02T07:12:43.638+0000] {processor.py:925} INFO - DAG(s) 'example_branch_dop_operator_v3' retrieved from /home/airflow/.local/lib/python3.12/site-packages/airflow/example_dags/example_branch_python_dop_operator_3.py
[2024-09-02T07:12:43.664+0000] {logging_mixin.py:190} INFO - [2024-09-02T07:12:43.664+0000] {dag.py:3211} INFO - Sync 1 DAGs
[2024-09-02T07:12:43.706+0000] {logging_mixin.py:190} INFO - [2024-09-02T07:12:43.705+0000] {dag.py:4138} INFO - Setting next_dagrun for example_branch_dop_operator_v3 to 2024-09-02 07:11:00+00:00, run_after=2024-09-02 07:12:00+00:00
[2024-09-02T07:12:43.731+0000] {processor.py:208} INFO - Processing /home/airflow/.local/lib/python3.12/site-packages/airflow/example_dags/example_branch_python_dop_operator_3.py took 0.118 seconds
[2024-09-02T07:13:14.098+0000] {processor.py:186} INFO - Started process (PID=645) to work on /home/airflow/.local/lib/python3.12/site-packages/airflow/example_dags/example_branch_python_dop_operator_3.py
[2024-09-02T07:13:14.100+0000] {processor.py:914} INFO - Processing file /home/airflow/.local/lib/python3.12/site-packages/airflow/example_dags/example_branch_python_dop_operator_3.py for tasks to queue
[2024-09-02T07:13:14.106+0000] {logging_mixin.py:190} INFO - [2024-09-02T07:13:14.105+0000] {dagbag.py:587} INFO - Filling up the DagBag from /home/airflow/.local/lib/python3.12/site-packages/airflow/example_dags/example_branch_python_dop_operator_3.py
[2024-09-02T07:13:14.124+0000] {processor.py:925} INFO - DAG(s) 'example_branch_dop_operator_v3' retrieved from /home/airflow/.local/lib/python3.12/site-packages/airflow/example_dags/example_branch_python_dop_operator_3.py
[2024-09-02T07:13:14.162+0000] {logging_mixin.py:190} INFO - [2024-09-02T07:13:14.162+0000] {dag.py:3211} INFO - Sync 1 DAGs
[2024-09-02T07:13:14.268+0000] {logging_mixin.py:190} INFO - [2024-09-02T07:13:14.267+0000] {dag.py:4138} INFO - Setting next_dagrun for example_branch_dop_operator_v3 to 2024-09-02 07:12:00+00:00, run_after=2024-09-02 07:13:00+00:00
[2024-09-02T07:13:14.310+0000] {processor.py:208} INFO - Processing /home/airflow/.local/lib/python3.12/site-packages/airflow/example_dags/example_branch_python_dop_operator_3.py took 0.233 seconds
[2024-09-02T07:13:44.776+0000] {processor.py:186} INFO - Started process (PID=714) to work on /home/airflow/.local/lib/python3.12/site-packages/airflow/example_dags/example_branch_python_dop_operator_3.py
[2024-09-02T07:13:44.778+0000] {processor.py:914} INFO - Processing file /home/airflow/.local/lib/python3.12/site-packages/airflow/example_dags/example_branch_python_dop_operator_3.py for tasks to queue
[2024-09-02T07:13:44.782+0000] {logging_mixin.py:190} INFO - [2024-09-02T07:13:44.781+0000] {dagbag.py:587} INFO - Filling up the DagBag from /home/airflow/.local/lib/python3.12/site-packages/airflow/example_dags/example_branch_python_dop_operator_3.py
[2024-09-02T07:13:44.798+0000] {processor.py:925} INFO - DAG(s) 'example_branch_dop_operator_v3' retrieved from /home/airflow/.local/lib/python3.12/site-packages/airflow/example_dags/example_branch_python_dop_operator_3.py
[2024-09-02T07:13:44.838+0000] {logging_mixin.py:190} INFO - [2024-09-02T07:13:44.837+0000] {dag.py:3211} INFO - Sync 1 DAGs
[2024-09-02T07:13:44.885+0000] {logging_mixin.py:190} INFO - [2024-09-02T07:13:44.884+0000] {dag.py:4138} INFO - Setting next_dagrun for example_branch_dop_operator_v3 to 2024-09-02 07:12:00+00:00, run_after=2024-09-02 07:13:00+00:00
[2024-09-02T07:13:44.913+0000] {processor.py:208} INFO - Processing /home/airflow/.local/lib/python3.12/site-packages/airflow/example_dags/example_branch_python_dop_operator_3.py took 0.147 seconds
