[2024-09-02T07:09:08.337+0000] {processor.py:186} INFO - Started process (PID=94) to work on /home/airflow/.local/lib/python3.12/site-packages/airflow/example_dags/example_latest_only_with_trigger.py
[2024-09-02T07:09:08.340+0000] {processor.py:914} INFO - Processing file /home/airflow/.local/lib/python3.12/site-packages/airflow/example_dags/example_latest_only_with_trigger.py for tasks to queue
[2024-09-02T07:09:08.347+0000] {logging_mixin.py:190} INFO - [2024-09-02T07:09:08.347+0000] {dagbag.py:587} INFO - Filling up the DagBag from /home/airflow/.local/lib/python3.12/site-packages/airflow/example_dags/example_latest_only_with_trigger.py
[2024-09-02T07:09:08.367+0000] {processor.py:925} INFO - DAG(s) 'latest_only_with_trigger' retrieved from /home/airflow/.local/lib/python3.12/site-packages/airflow/example_dags/example_latest_only_with_trigger.py
[2024-09-02T07:09:08.436+0000] {logging_mixin.py:190} INFO - [2024-09-02T07:09:08.435+0000] {dag.py:3211} INFO - Sync 1 DAGs
[2024-09-02T07:09:08.503+0000] {logging_mixin.py:190} INFO - [2024-09-02T07:09:08.502+0000] {dag.py:4138} INFO - Setting next_dagrun for latest_only_with_trigger to 2024-09-02 00:00:00+00:00, run_after=2024-09-02 04:00:00+00:00
[2024-09-02T07:09:08.559+0000] {processor.py:208} INFO - Processing /home/airflow/.local/lib/python3.12/site-packages/airflow/example_dags/example_latest_only_with_trigger.py took 0.236 seconds
[2024-09-02T07:09:39.106+0000] {processor.py:186} INFO - Started process (PID=164) to work on /home/airflow/.local/lib/python3.12/site-packages/airflow/example_dags/example_latest_only_with_trigger.py
[2024-09-02T07:09:39.108+0000] {processor.py:914} INFO - Processing file /home/airflow/.local/lib/python3.12/site-packages/airflow/example_dags/example_latest_only_with_trigger.py for tasks to queue
[2024-09-02T07:09:39.113+0000] {logging_mixin.py:190} INFO - [2024-09-02T07:09:39.112+0000] {dagbag.py:587} INFO - Filling up the DagBag from /home/airflow/.local/lib/python3.12/site-packages/airflow/example_dags/example_latest_only_with_trigger.py
[2024-09-02T07:09:39.129+0000] {processor.py:925} INFO - DAG(s) 'latest_only_with_trigger' retrieved from /home/airflow/.local/lib/python3.12/site-packages/airflow/example_dags/example_latest_only_with_trigger.py
[2024-09-02T07:09:39.167+0000] {logging_mixin.py:190} INFO - [2024-09-02T07:09:39.167+0000] {dag.py:3211} INFO - Sync 1 DAGs
[2024-09-02T07:09:39.214+0000] {logging_mixin.py:190} INFO - [2024-09-02T07:09:39.214+0000] {dag.py:4138} INFO - Setting next_dagrun for latest_only_with_trigger to 2024-09-02 00:00:00+00:00, run_after=2024-09-02 04:00:00+00:00
[2024-09-02T07:09:39.246+0000] {processor.py:208} INFO - Processing /home/airflow/.local/lib/python3.12/site-packages/airflow/example_dags/example_latest_only_with_trigger.py took 0.150 seconds
[2024-09-02T07:10:10.104+0000] {processor.py:186} INFO - Started process (PID=234) to work on /home/airflow/.local/lib/python3.12/site-packages/airflow/example_dags/example_latest_only_with_trigger.py
[2024-09-02T07:10:10.106+0000] {processor.py:914} INFO - Processing file /home/airflow/.local/lib/python3.12/site-packages/airflow/example_dags/example_latest_only_with_trigger.py for tasks to queue
[2024-09-02T07:10:10.111+0000] {logging_mixin.py:190} INFO - [2024-09-02T07:10:10.111+0000] {dagbag.py:587} INFO - Filling up the DagBag from /home/airflow/.local/lib/python3.12/site-packages/airflow/example_dags/example_latest_only_with_trigger.py
[2024-09-02T07:10:10.128+0000] {processor.py:925} INFO - DAG(s) 'latest_only_with_trigger' retrieved from /home/airflow/.local/lib/python3.12/site-packages/airflow/example_dags/example_latest_only_with_trigger.py
[2024-09-02T07:10:10.164+0000] {logging_mixin.py:190} INFO - [2024-09-02T07:10:10.164+0000] {dag.py:3211} INFO - Sync 1 DAGs
[2024-09-02T07:10:10.209+0000] {logging_mixin.py:190} INFO - [2024-09-02T07:10:10.209+0000] {dag.py:4138} INFO - Setting next_dagrun for latest_only_with_trigger to 2024-09-02 00:00:00+00:00, run_after=2024-09-02 04:00:00+00:00
[2024-09-02T07:10:10.244+0000] {processor.py:208} INFO - Processing /home/airflow/.local/lib/python3.12/site-packages/airflow/example_dags/example_latest_only_with_trigger.py took 0.150 seconds
[2024-09-02T07:10:41.456+0000] {processor.py:186} INFO - Started process (PID=304) to work on /home/airflow/.local/lib/python3.12/site-packages/airflow/example_dags/example_latest_only_with_trigger.py
[2024-09-02T07:10:41.458+0000] {processor.py:914} INFO - Processing file /home/airflow/.local/lib/python3.12/site-packages/airflow/example_dags/example_latest_only_with_trigger.py for tasks to queue
[2024-09-02T07:10:41.470+0000] {logging_mixin.py:190} INFO - [2024-09-02T07:10:41.470+0000] {dagbag.py:587} INFO - Filling up the DagBag from /home/airflow/.local/lib/python3.12/site-packages/airflow/example_dags/example_latest_only_with_trigger.py
[2024-09-02T07:10:41.494+0000] {processor.py:925} INFO - DAG(s) 'latest_only_with_trigger' retrieved from /home/airflow/.local/lib/python3.12/site-packages/airflow/example_dags/example_latest_only_with_trigger.py
[2024-09-02T07:10:41.531+0000] {logging_mixin.py:190} INFO - [2024-09-02T07:10:41.531+0000] {dag.py:3211} INFO - Sync 1 DAGs
[2024-09-02T07:10:41.573+0000] {logging_mixin.py:190} INFO - [2024-09-02T07:10:41.572+0000] {dag.py:4138} INFO - Setting next_dagrun for latest_only_with_trigger to 2024-09-02 00:00:00+00:00, run_after=2024-09-02 04:00:00+00:00
[2024-09-02T07:10:41.607+0000] {processor.py:208} INFO - Processing /home/airflow/.local/lib/python3.12/site-packages/airflow/example_dags/example_latest_only_with_trigger.py took 0.166 seconds
[2024-09-02T07:11:12.176+0000] {processor.py:186} INFO - Started process (PID=374) to work on /home/airflow/.local/lib/python3.12/site-packages/airflow/example_dags/example_latest_only_with_trigger.py
[2024-09-02T07:11:12.178+0000] {processor.py:914} INFO - Processing file /home/airflow/.local/lib/python3.12/site-packages/airflow/example_dags/example_latest_only_with_trigger.py for tasks to queue
[2024-09-02T07:11:12.184+0000] {logging_mixin.py:190} INFO - [2024-09-02T07:11:12.183+0000] {dagbag.py:587} INFO - Filling up the DagBag from /home/airflow/.local/lib/python3.12/site-packages/airflow/example_dags/example_latest_only_with_trigger.py
[2024-09-02T07:11:12.198+0000] {processor.py:925} INFO - DAG(s) 'latest_only_with_trigger' retrieved from /home/airflow/.local/lib/python3.12/site-packages/airflow/example_dags/example_latest_only_with_trigger.py
[2024-09-02T07:11:12.233+0000] {logging_mixin.py:190} INFO - [2024-09-02T07:11:12.232+0000] {dag.py:3211} INFO - Sync 1 DAGs
[2024-09-02T07:11:12.280+0000] {logging_mixin.py:190} INFO - [2024-09-02T07:11:12.279+0000] {dag.py:4138} INFO - Setting next_dagrun for latest_only_with_trigger to 2024-09-02 00:00:00+00:00, run_after=2024-09-02 04:00:00+00:00
[2024-09-02T07:11:12.319+0000] {processor.py:208} INFO - Processing /home/airflow/.local/lib/python3.12/site-packages/airflow/example_dags/example_latest_only_with_trigger.py took 0.151 seconds
[2024-09-02T07:11:42.464+0000] {processor.py:186} INFO - Started process (PID=443) to work on /home/airflow/.local/lib/python3.12/site-packages/airflow/example_dags/example_latest_only_with_trigger.py
[2024-09-02T07:11:42.466+0000] {processor.py:914} INFO - Processing file /home/airflow/.local/lib/python3.12/site-packages/airflow/example_dags/example_latest_only_with_trigger.py for tasks to queue
[2024-09-02T07:11:42.470+0000] {logging_mixin.py:190} INFO - [2024-09-02T07:11:42.469+0000] {dagbag.py:587} INFO - Filling up the DagBag from /home/airflow/.local/lib/python3.12/site-packages/airflow/example_dags/example_latest_only_with_trigger.py
[2024-09-02T07:11:42.483+0000] {processor.py:925} INFO - DAG(s) 'latest_only_with_trigger' retrieved from /home/airflow/.local/lib/python3.12/site-packages/airflow/example_dags/example_latest_only_with_trigger.py
[2024-09-02T07:11:42.520+0000] {logging_mixin.py:190} INFO - [2024-09-02T07:11:42.519+0000] {dag.py:3211} INFO - Sync 1 DAGs
[2024-09-02T07:11:42.559+0000] {logging_mixin.py:190} INFO - [2024-09-02T07:11:42.559+0000] {dag.py:4138} INFO - Setting next_dagrun for latest_only_with_trigger to 2024-09-02 00:00:00+00:00, run_after=2024-09-02 04:00:00+00:00
[2024-09-02T07:11:42.590+0000] {processor.py:208} INFO - Processing /home/airflow/.local/lib/python3.12/site-packages/airflow/example_dags/example_latest_only_with_trigger.py took 0.136 seconds
[2024-09-02T07:12:13.567+0000] {processor.py:186} INFO - Started process (PID=514) to work on /home/airflow/.local/lib/python3.12/site-packages/airflow/example_dags/example_latest_only_with_trigger.py
[2024-09-02T07:12:13.569+0000] {processor.py:914} INFO - Processing file /home/airflow/.local/lib/python3.12/site-packages/airflow/example_dags/example_latest_only_with_trigger.py for tasks to queue
[2024-09-02T07:12:13.573+0000] {logging_mixin.py:190} INFO - [2024-09-02T07:12:13.572+0000] {dagbag.py:587} INFO - Filling up the DagBag from /home/airflow/.local/lib/python3.12/site-packages/airflow/example_dags/example_latest_only_with_trigger.py
[2024-09-02T07:12:13.589+0000] {processor.py:925} INFO - DAG(s) 'latest_only_with_trigger' retrieved from /home/airflow/.local/lib/python3.12/site-packages/airflow/example_dags/example_latest_only_with_trigger.py
[2024-09-02T07:12:13.631+0000] {logging_mixin.py:190} INFO - [2024-09-02T07:12:13.631+0000] {dag.py:3211} INFO - Sync 1 DAGs
[2024-09-02T07:12:13.678+0000] {logging_mixin.py:190} INFO - [2024-09-02T07:12:13.677+0000] {dag.py:4138} INFO - Setting next_dagrun for latest_only_with_trigger to 2024-09-02 00:00:00+00:00, run_after=2024-09-02 04:00:00+00:00
[2024-09-02T07:12:13.718+0000] {processor.py:208} INFO - Processing /home/airflow/.local/lib/python3.12/site-packages/airflow/example_dags/example_latest_only_with_trigger.py took 0.162 seconds
[2024-09-02T07:12:43.790+0000] {processor.py:186} INFO - Started process (PID=583) to work on /home/airflow/.local/lib/python3.12/site-packages/airflow/example_dags/example_latest_only_with_trigger.py
[2024-09-02T07:12:43.791+0000] {processor.py:914} INFO - Processing file /home/airflow/.local/lib/python3.12/site-packages/airflow/example_dags/example_latest_only_with_trigger.py for tasks to queue
[2024-09-02T07:12:43.794+0000] {logging_mixin.py:190} INFO - [2024-09-02T07:12:43.794+0000] {dagbag.py:587} INFO - Filling up the DagBag from /home/airflow/.local/lib/python3.12/site-packages/airflow/example_dags/example_latest_only_with_trigger.py
[2024-09-02T07:12:43.803+0000] {processor.py:925} INFO - DAG(s) 'latest_only_with_trigger' retrieved from /home/airflow/.local/lib/python3.12/site-packages/airflow/example_dags/example_latest_only_with_trigger.py
[2024-09-02T07:12:43.830+0000] {logging_mixin.py:190} INFO - [2024-09-02T07:12:43.830+0000] {dag.py:3211} INFO - Sync 1 DAGs
[2024-09-02T07:12:43.866+0000] {logging_mixin.py:190} INFO - [2024-09-02T07:12:43.866+0000] {dag.py:4138} INFO - Setting next_dagrun for latest_only_with_trigger to 2024-09-02 00:00:00+00:00, run_after=2024-09-02 04:00:00+00:00
[2024-09-02T07:12:43.902+0000] {processor.py:208} INFO - Processing /home/airflow/.local/lib/python3.12/site-packages/airflow/example_dags/example_latest_only_with_trigger.py took 0.120 seconds
[2024-09-02T07:13:14.382+0000] {processor.py:186} INFO - Started process (PID=653) to work on /home/airflow/.local/lib/python3.12/site-packages/airflow/example_dags/example_latest_only_with_trigger.py
[2024-09-02T07:13:14.384+0000] {processor.py:914} INFO - Processing file /home/airflow/.local/lib/python3.12/site-packages/airflow/example_dags/example_latest_only_with_trigger.py for tasks to queue
[2024-09-02T07:13:14.389+0000] {logging_mixin.py:190} INFO - [2024-09-02T07:13:14.388+0000] {dagbag.py:587} INFO - Filling up the DagBag from /home/airflow/.local/lib/python3.12/site-packages/airflow/example_dags/example_latest_only_with_trigger.py
[2024-09-02T07:13:14.405+0000] {processor.py:925} INFO - DAG(s) 'latest_only_with_trigger' retrieved from /home/airflow/.local/lib/python3.12/site-packages/airflow/example_dags/example_latest_only_with_trigger.py
[2024-09-02T07:13:14.468+0000] {logging_mixin.py:190} INFO - [2024-09-02T07:13:14.467+0000] {dag.py:3211} INFO - Sync 1 DAGs
[2024-09-02T07:13:14.568+0000] {logging_mixin.py:190} INFO - [2024-09-02T07:13:14.567+0000] {dag.py:4138} INFO - Setting next_dagrun for latest_only_with_trigger to 2024-09-02 00:00:00+00:00, run_after=2024-09-02 04:00:00+00:00
[2024-09-02T07:13:14.645+0000] {processor.py:208} INFO - Processing /home/airflow/.local/lib/python3.12/site-packages/airflow/example_dags/example_latest_only_with_trigger.py took 0.276 seconds
[2024-09-02T07:13:44.862+0000] {processor.py:186} INFO - Started process (PID=715) to work on /home/airflow/.local/lib/python3.12/site-packages/airflow/example_dags/example_latest_only_with_trigger.py
[2024-09-02T07:13:44.864+0000] {processor.py:914} INFO - Processing file /home/airflow/.local/lib/python3.12/site-packages/airflow/example_dags/example_latest_only_with_trigger.py for tasks to queue
[2024-09-02T07:13:44.868+0000] {logging_mixin.py:190} INFO - [2024-09-02T07:13:44.868+0000] {dagbag.py:587} INFO - Filling up the DagBag from /home/airflow/.local/lib/python3.12/site-packages/airflow/example_dags/example_latest_only_with_trigger.py
[2024-09-02T07:13:44.879+0000] {processor.py:925} INFO - DAG(s) 'latest_only_with_trigger' retrieved from /home/airflow/.local/lib/python3.12/site-packages/airflow/example_dags/example_latest_only_with_trigger.py
[2024-09-02T07:13:44.911+0000] {logging_mixin.py:190} INFO - [2024-09-02T07:13:44.911+0000] {dag.py:3211} INFO - Sync 1 DAGs
[2024-09-02T07:13:44.947+0000] {logging_mixin.py:190} INFO - [2024-09-02T07:13:44.947+0000] {dag.py:4138} INFO - Setting next_dagrun for latest_only_with_trigger to 2024-09-02 00:00:00+00:00, run_after=2024-09-02 04:00:00+00:00
[2024-09-02T07:13:44.969+0000] {processor.py:208} INFO - Processing /home/airflow/.local/lib/python3.12/site-packages/airflow/example_dags/example_latest_only_with_trigger.py took 0.116 seconds
