[2024-09-02T07:09:08.640+0000] {processor.py:186} INFO - Started process (PID=96) to work on /home/airflow/.local/lib/python3.12/site-packages/airflow/example_dags/example_display_name.py
[2024-09-02T07:09:08.643+0000] {processor.py:914} INFO - Processing file /home/airflow/.local/lib/python3.12/site-packages/airflow/example_dags/example_display_name.py for tasks to queue
[2024-09-02T07:09:08.649+0000] {logging_mixin.py:190} INFO - [2024-09-02T07:09:08.649+0000] {dagbag.py:587} INFO - Filling up the DagBag from /home/airflow/.local/lib/python3.12/site-packages/airflow/example_dags/example_display_name.py
[2024-09-02T07:09:08.669+0000] {processor.py:925} INFO - DAG(s) 'example_display_name' retrieved from /home/airflow/.local/lib/python3.12/site-packages/airflow/example_dags/example_display_name.py
[2024-09-02T07:09:08.757+0000] {logging_mixin.py:190} INFO - [2024-09-02T07:09:08.757+0000] {dag.py:3211} INFO - Sync 1 DAGs
[2024-09-02T07:09:08.845+0000] {logging_mixin.py:190} INFO - [2024-09-02T07:09:08.845+0000] {dag.py:4138} INFO - Setting next_dagrun for example_display_name to None, run_after=None
[2024-09-02T07:09:08.954+0000] {processor.py:208} INFO - Processing /home/airflow/.local/lib/python3.12/site-packages/airflow/example_dags/example_display_name.py took 0.326 seconds
[2024-09-02T07:09:39.182+0000] {processor.py:186} INFO - Started process (PID=165) to work on /home/airflow/.local/lib/python3.12/site-packages/airflow/example_dags/example_display_name.py
[2024-09-02T07:09:39.184+0000] {processor.py:914} INFO - Processing file /home/airflow/.local/lib/python3.12/site-packages/airflow/example_dags/example_display_name.py for tasks to queue
[2024-09-02T07:09:39.188+0000] {logging_mixin.py:190} INFO - [2024-09-02T07:09:39.187+0000] {dagbag.py:587} INFO - Filling up the DagBag from /home/airflow/.local/lib/python3.12/site-packages/airflow/example_dags/example_display_name.py
[2024-09-02T07:09:39.202+0000] {processor.py:925} INFO - DAG(s) 'example_display_name' retrieved from /home/airflow/.local/lib/python3.12/site-packages/airflow/example_dags/example_display_name.py
[2024-09-02T07:09:39.238+0000] {logging_mixin.py:190} INFO - [2024-09-02T07:09:39.238+0000] {dag.py:3211} INFO - Sync 1 DAGs
[2024-09-02T07:09:39.268+0000] {logging_mixin.py:190} INFO - [2024-09-02T07:09:39.267+0000] {dag.py:4138} INFO - Setting next_dagrun for example_display_name to None, run_after=None
[2024-09-02T07:09:39.305+0000] {processor.py:208} INFO - Processing /home/airflow/.local/lib/python3.12/site-packages/airflow/example_dags/example_display_name.py took 0.135 seconds
[2024-09-02T07:10:10.300+0000] {processor.py:186} INFO - Started process (PID=236) to work on /home/airflow/.local/lib/python3.12/site-packages/airflow/example_dags/example_display_name.py
[2024-09-02T07:10:10.302+0000] {processor.py:914} INFO - Processing file /home/airflow/.local/lib/python3.12/site-packages/airflow/example_dags/example_display_name.py for tasks to queue
[2024-09-02T07:10:10.311+0000] {logging_mixin.py:190} INFO - [2024-09-02T07:10:10.310+0000] {dagbag.py:587} INFO - Filling up the DagBag from /home/airflow/.local/lib/python3.12/site-packages/airflow/example_dags/example_display_name.py
[2024-09-02T07:10:10.338+0000] {processor.py:925} INFO - DAG(s) 'example_display_name' retrieved from /home/airflow/.local/lib/python3.12/site-packages/airflow/example_dags/example_display_name.py
[2024-09-02T07:10:10.383+0000] {logging_mixin.py:190} INFO - [2024-09-02T07:10:10.382+0000] {dag.py:3211} INFO - Sync 1 DAGs
[2024-09-02T07:10:10.413+0000] {logging_mixin.py:190} INFO - [2024-09-02T07:10:10.412+0000] {dag.py:4138} INFO - Setting next_dagrun for example_display_name to None, run_after=None
[2024-09-02T07:10:10.456+0000] {processor.py:208} INFO - Processing /home/airflow/.local/lib/python3.12/site-packages/airflow/example_dags/example_display_name.py took 0.166 seconds
[2024-09-02T07:10:41.763+0000] {processor.py:186} INFO - Started process (PID=306) to work on /home/airflow/.local/lib/python3.12/site-packages/airflow/example_dags/example_display_name.py
[2024-09-02T07:10:41.765+0000] {processor.py:914} INFO - Processing file /home/airflow/.local/lib/python3.12/site-packages/airflow/example_dags/example_display_name.py for tasks to queue
[2024-09-02T07:10:41.769+0000] {logging_mixin.py:190} INFO - [2024-09-02T07:10:41.768+0000] {dagbag.py:587} INFO - Filling up the DagBag from /home/airflow/.local/lib/python3.12/site-packages/airflow/example_dags/example_display_name.py
[2024-09-02T07:10:41.783+0000] {processor.py:925} INFO - DAG(s) 'example_display_name' retrieved from /home/airflow/.local/lib/python3.12/site-packages/airflow/example_dags/example_display_name.py
[2024-09-02T07:10:41.820+0000] {logging_mixin.py:190} INFO - [2024-09-02T07:10:41.820+0000] {dag.py:3211} INFO - Sync 1 DAGs
[2024-09-02T07:10:41.853+0000] {logging_mixin.py:190} INFO - [2024-09-02T07:10:41.853+0000] {dag.py:4138} INFO - Setting next_dagrun for example_display_name to None, run_after=None
[2024-09-02T07:10:41.891+0000] {processor.py:208} INFO - Processing /home/airflow/.local/lib/python3.12/site-packages/airflow/example_dags/example_display_name.py took 0.138 seconds
[2024-09-02T07:11:12.494+0000] {processor.py:186} INFO - Started process (PID=376) to work on /home/airflow/.local/lib/python3.12/site-packages/airflow/example_dags/example_display_name.py
[2024-09-02T07:11:12.496+0000] {processor.py:914} INFO - Processing file /home/airflow/.local/lib/python3.12/site-packages/airflow/example_dags/example_display_name.py for tasks to queue
[2024-09-02T07:11:12.504+0000] {logging_mixin.py:190} INFO - [2024-09-02T07:11:12.502+0000] {dagbag.py:587} INFO - Filling up the DagBag from /home/airflow/.local/lib/python3.12/site-packages/airflow/example_dags/example_display_name.py
[2024-09-02T07:11:12.523+0000] {processor.py:925} INFO - DAG(s) 'example_display_name' retrieved from /home/airflow/.local/lib/python3.12/site-packages/airflow/example_dags/example_display_name.py
[2024-09-02T07:11:12.566+0000] {logging_mixin.py:190} INFO - [2024-09-02T07:11:12.565+0000] {dag.py:3211} INFO - Sync 1 DAGs
[2024-09-02T07:11:12.610+0000] {logging_mixin.py:190} INFO - [2024-09-02T07:11:12.610+0000] {dag.py:4138} INFO - Setting next_dagrun for example_display_name to None, run_after=None
[2024-09-02T07:11:12.653+0000] {processor.py:208} INFO - Processing /home/airflow/.local/lib/python3.12/site-packages/airflow/example_dags/example_display_name.py took 0.171 seconds
[2024-09-02T07:11:42.855+0000] {processor.py:186} INFO - Started process (PID=446) to work on /home/airflow/.local/lib/python3.12/site-packages/airflow/example_dags/example_display_name.py
[2024-09-02T07:11:42.856+0000] {processor.py:914} INFO - Processing file /home/airflow/.local/lib/python3.12/site-packages/airflow/example_dags/example_display_name.py for tasks to queue
[2024-09-02T07:11:42.861+0000] {logging_mixin.py:190} INFO - [2024-09-02T07:11:42.860+0000] {dagbag.py:587} INFO - Filling up the DagBag from /home/airflow/.local/lib/python3.12/site-packages/airflow/example_dags/example_display_name.py
[2024-09-02T07:11:42.874+0000] {processor.py:925} INFO - DAG(s) 'example_display_name' retrieved from /home/airflow/.local/lib/python3.12/site-packages/airflow/example_dags/example_display_name.py
[2024-09-02T07:11:42.911+0000] {logging_mixin.py:190} INFO - [2024-09-02T07:11:42.910+0000] {dag.py:3211} INFO - Sync 1 DAGs
[2024-09-02T07:11:42.940+0000] {logging_mixin.py:190} INFO - [2024-09-02T07:11:42.939+0000] {dag.py:4138} INFO - Setting next_dagrun for example_display_name to None, run_after=None
[2024-09-02T07:11:42.983+0000] {processor.py:208} INFO - Processing /home/airflow/.local/lib/python3.12/site-packages/airflow/example_dags/example_display_name.py took 0.140 seconds
[2024-09-02T07:12:13.983+0000] {processor.py:186} INFO - Started process (PID=516) to work on /home/airflow/.local/lib/python3.12/site-packages/airflow/example_dags/example_display_name.py
[2024-09-02T07:12:13.985+0000] {processor.py:914} INFO - Processing file /home/airflow/.local/lib/python3.12/site-packages/airflow/example_dags/example_display_name.py for tasks to queue
[2024-09-02T07:12:13.991+0000] {logging_mixin.py:190} INFO - [2024-09-02T07:12:13.990+0000] {dagbag.py:587} INFO - Filling up the DagBag from /home/airflow/.local/lib/python3.12/site-packages/airflow/example_dags/example_display_name.py
[2024-09-02T07:12:14.009+0000] {processor.py:925} INFO - DAG(s) 'example_display_name' retrieved from /home/airflow/.local/lib/python3.12/site-packages/airflow/example_dags/example_display_name.py
[2024-09-02T07:12:14.044+0000] {logging_mixin.py:190} INFO - [2024-09-02T07:12:14.044+0000] {dag.py:3211} INFO - Sync 1 DAGs
[2024-09-02T07:12:14.074+0000] {logging_mixin.py:190} INFO - [2024-09-02T07:12:14.074+0000] {dag.py:4138} INFO - Setting next_dagrun for example_display_name to None, run_after=None
[2024-09-02T07:12:14.117+0000] {processor.py:208} INFO - Processing /home/airflow/.local/lib/python3.12/site-packages/airflow/example_dags/example_display_name.py took 0.147 seconds
[2024-09-02T07:12:45.011+0000] {processor.py:186} INFO - Started process (PID=586) to work on /home/airflow/.local/lib/python3.12/site-packages/airflow/example_dags/example_display_name.py
[2024-09-02T07:12:45.012+0000] {processor.py:914} INFO - Processing file /home/airflow/.local/lib/python3.12/site-packages/airflow/example_dags/example_display_name.py for tasks to queue
[2024-09-02T07:12:45.016+0000] {logging_mixin.py:190} INFO - [2024-09-02T07:12:45.015+0000] {dagbag.py:587} INFO - Filling up the DagBag from /home/airflow/.local/lib/python3.12/site-packages/airflow/example_dags/example_display_name.py
[2024-09-02T07:12:45.027+0000] {processor.py:925} INFO - DAG(s) 'example_display_name' retrieved from /home/airflow/.local/lib/python3.12/site-packages/airflow/example_dags/example_display_name.py
[2024-09-02T07:12:45.063+0000] {logging_mixin.py:190} INFO - [2024-09-02T07:12:45.062+0000] {dag.py:3211} INFO - Sync 1 DAGs
[2024-09-02T07:12:45.087+0000] {logging_mixin.py:190} INFO - [2024-09-02T07:12:45.086+0000] {dag.py:4138} INFO - Setting next_dagrun for example_display_name to None, run_after=None
[2024-09-02T07:12:45.114+0000] {processor.py:208} INFO - Processing /home/airflow/.local/lib/python3.12/site-packages/airflow/example_dags/example_display_name.py took 0.112 seconds
[2024-09-02T07:13:16.152+0000] {processor.py:186} INFO - Started process (PID=656) to work on /home/airflow/.local/lib/python3.12/site-packages/airflow/example_dags/example_display_name.py
[2024-09-02T07:13:16.154+0000] {processor.py:914} INFO - Processing file /home/airflow/.local/lib/python3.12/site-packages/airflow/example_dags/example_display_name.py for tasks to queue
[2024-09-02T07:13:16.160+0000] {logging_mixin.py:190} INFO - [2024-09-02T07:13:16.159+0000] {dagbag.py:587} INFO - Filling up the DagBag from /home/airflow/.local/lib/python3.12/site-packages/airflow/example_dags/example_display_name.py
[2024-09-02T07:13:16.177+0000] {processor.py:925} INFO - DAG(s) 'example_display_name' retrieved from /home/airflow/.local/lib/python3.12/site-packages/airflow/example_dags/example_display_name.py
[2024-09-02T07:13:16.210+0000] {logging_mixin.py:190} INFO - [2024-09-02T07:13:16.210+0000] {dag.py:3211} INFO - Sync 1 DAGs
[2024-09-02T07:13:16.235+0000] {logging_mixin.py:190} INFO - [2024-09-02T07:13:16.235+0000] {dag.py:4138} INFO - Setting next_dagrun for example_display_name to None, run_after=None
[2024-09-02T07:13:16.267+0000] {processor.py:208} INFO - Processing /home/airflow/.local/lib/python3.12/site-packages/airflow/example_dags/example_display_name.py took 0.125 seconds
