[2024-09-02T07:09:03.396+0000] {processor.py:186} INFO - Started process (PID=81) to work on /home/airflow/.local/lib/python3.12/site-packages/airflow/example_dags/example_datasets.py
[2024-09-02T07:09:03.400+0000] {processor.py:914} INFO - Processing file /home/airflow/.local/lib/python3.12/site-packages/airflow/example_dags/example_datasets.py for tasks to queue
[2024-09-02T07:09:03.413+0000] {logging_mixin.py:190} INFO - [2024-09-02T07:09:03.412+0000] {dagbag.py:587} INFO - Filling up the DagBag from /home/airflow/.local/lib/python3.12/site-packages/airflow/example_dags/example_datasets.py
[2024-09-02T07:09:04.006+0000] {processor.py:925} INFO - DAG(s) 'dataset_consumes_1_and_2', 'dataset_consumes_unknown_never_scheduled', 'dataset_consumes_1', 'dataset_produces_1', 'conditional_dataset_and_time_based_timetable', 'consume_1_and_2_with_dataset_expressions', 'consume_1_or_2_with_dataset_expressions', 'consume_1_or_both_2_and_3_with_dataset_expressions', 'dataset_consumes_1_never_scheduled', 'dataset_produces_2' retrieved from /home/airflow/.local/lib/python3.12/site-packages/airflow/example_dags/example_datasets.py
[2024-09-02T07:09:04.190+0000] {logging_mixin.py:190} INFO - [2024-09-02T07:09:04.189+0000] {dag.py:3211} INFO - Sync 10 DAGs
[2024-09-02T07:09:04.271+0000] {logging_mixin.py:190} INFO - [2024-09-02T07:09:04.271+0000] {dag.py:4138} INFO - Setting next_dagrun for conditional_dataset_and_time_based_timetable to 2024-08-28 01:00:00+00:00, run_after=2024-08-28 01:00:00+00:00
[2024-09-02T07:09:04.294+0000] {logging_mixin.py:190} INFO - [2024-09-02T07:09:04.294+0000] {dag.py:4138} INFO - Setting next_dagrun for consume_1_and_2_with_dataset_expressions to None, run_after=None
[2024-09-02T07:09:04.299+0000] {logging_mixin.py:190} INFO - [2024-09-02T07:09:04.298+0000] {dag.py:4138} INFO - Setting next_dagrun for consume_1_or_2_with_dataset_expressions to None, run_after=None
[2024-09-02T07:09:04.302+0000] {logging_mixin.py:190} INFO - [2024-09-02T07:09:04.302+0000] {dag.py:4138} INFO - Setting next_dagrun for consume_1_or_both_2_and_3_with_dataset_expressions to None, run_after=None
[2024-09-02T07:09:04.305+0000] {logging_mixin.py:190} INFO - [2024-09-02T07:09:04.305+0000] {dag.py:4138} INFO - Setting next_dagrun for dataset_consumes_1 to None, run_after=None
[2024-09-02T07:09:04.310+0000] {logging_mixin.py:190} INFO - [2024-09-02T07:09:04.309+0000] {dag.py:4138} INFO - Setting next_dagrun for dataset_consumes_1_and_2 to None, run_after=None
[2024-09-02T07:09:04.317+0000] {logging_mixin.py:190} INFO - [2024-09-02T07:09:04.315+0000] {dag.py:4138} INFO - Setting next_dagrun for dataset_consumes_1_never_scheduled to None, run_after=None
[2024-09-02T07:09:04.330+0000] {logging_mixin.py:190} INFO - [2024-09-02T07:09:04.329+0000] {dag.py:4138} INFO - Setting next_dagrun for dataset_consumes_unknown_never_scheduled to None, run_after=None
[2024-09-02T07:09:04.337+0000] {logging_mixin.py:190} INFO - [2024-09-02T07:09:04.336+0000] {dag.py:4138} INFO - Setting next_dagrun for dataset_produces_1 to 2024-09-01 00:00:00+00:00, run_after=2024-09-02 00:00:00+00:00
[2024-09-02T07:09:04.340+0000] {logging_mixin.py:190} INFO - [2024-09-02T07:09:04.340+0000] {dag.py:4138} INFO - Setting next_dagrun for dataset_produces_2 to None, run_after=None
[2024-09-02T07:09:04.527+0000] {processor.py:208} INFO - Processing /home/airflow/.local/lib/python3.12/site-packages/airflow/example_dags/example_datasets.py took 1.155 seconds
[2024-09-02T07:09:35.014+0000] {processor.py:186} INFO - Started process (PID=151) to work on /home/airflow/.local/lib/python3.12/site-packages/airflow/example_dags/example_datasets.py
[2024-09-02T07:09:35.017+0000] {processor.py:914} INFO - Processing file /home/airflow/.local/lib/python3.12/site-packages/airflow/example_dags/example_datasets.py for tasks to queue
[2024-09-02T07:09:35.021+0000] {logging_mixin.py:190} INFO - [2024-09-02T07:09:35.020+0000] {dagbag.py:587} INFO - Filling up the DagBag from /home/airflow/.local/lib/python3.12/site-packages/airflow/example_dags/example_datasets.py
[2024-09-02T07:09:35.348+0000] {processor.py:925} INFO - DAG(s) 'dataset_consumes_1_and_2', 'dataset_produces_2', 'consume_1_or_both_2_and_3_with_dataset_expressions', 'dataset_consumes_unknown_never_scheduled', 'dataset_consumes_1', 'consume_1_and_2_with_dataset_expressions', 'dataset_consumes_1_never_scheduled', 'conditional_dataset_and_time_based_timetable', 'consume_1_or_2_with_dataset_expressions', 'dataset_produces_1' retrieved from /home/airflow/.local/lib/python3.12/site-packages/airflow/example_dags/example_datasets.py
[2024-09-02T07:09:35.439+0000] {logging_mixin.py:190} INFO - [2024-09-02T07:09:35.439+0000] {dag.py:3211} INFO - Sync 10 DAGs
[2024-09-02T07:09:35.483+0000] {logging_mixin.py:190} INFO - [2024-09-02T07:09:35.482+0000] {dag.py:4138} INFO - Setting next_dagrun for conditional_dataset_and_time_based_timetable to 2024-08-28 01:00:00+00:00, run_after=2024-08-28 01:00:00+00:00
[2024-09-02T07:09:35.489+0000] {logging_mixin.py:190} INFO - [2024-09-02T07:09:35.489+0000] {dag.py:4138} INFO - Setting next_dagrun for consume_1_and_2_with_dataset_expressions to None, run_after=None
[2024-09-02T07:09:35.492+0000] {logging_mixin.py:190} INFO - [2024-09-02T07:09:35.492+0000] {dag.py:4138} INFO - Setting next_dagrun for consume_1_or_2_with_dataset_expressions to None, run_after=None
[2024-09-02T07:09:35.494+0000] {logging_mixin.py:190} INFO - [2024-09-02T07:09:35.494+0000] {dag.py:4138} INFO - Setting next_dagrun for consume_1_or_both_2_and_3_with_dataset_expressions to None, run_after=None
[2024-09-02T07:09:35.496+0000] {logging_mixin.py:190} INFO - [2024-09-02T07:09:35.496+0000] {dag.py:4138} INFO - Setting next_dagrun for dataset_consumes_1 to None, run_after=None
[2024-09-02T07:09:35.499+0000] {logging_mixin.py:190} INFO - [2024-09-02T07:09:35.498+0000] {dag.py:4138} INFO - Setting next_dagrun for dataset_consumes_1_and_2 to None, run_after=None
[2024-09-02T07:09:35.501+0000] {logging_mixin.py:190} INFO - [2024-09-02T07:09:35.501+0000] {dag.py:4138} INFO - Setting next_dagrun for dataset_consumes_1_never_scheduled to None, run_after=None
[2024-09-02T07:09:35.504+0000] {logging_mixin.py:190} INFO - [2024-09-02T07:09:35.504+0000] {dag.py:4138} INFO - Setting next_dagrun for dataset_consumes_unknown_never_scheduled to None, run_after=None
[2024-09-02T07:09:35.509+0000] {logging_mixin.py:190} INFO - [2024-09-02T07:09:35.508+0000] {dag.py:4138} INFO - Setting next_dagrun for dataset_produces_1 to 2024-09-01 00:00:00+00:00, run_after=2024-09-02 00:00:00+00:00
[2024-09-02T07:09:35.511+0000] {logging_mixin.py:190} INFO - [2024-09-02T07:09:35.511+0000] {dag.py:4138} INFO - Setting next_dagrun for dataset_produces_2 to None, run_after=None
[2024-09-02T07:09:35.591+0000] {processor.py:208} INFO - Processing /home/airflow/.local/lib/python3.12/site-packages/airflow/example_dags/example_datasets.py took 0.588 seconds
[2024-09-02T07:10:05.778+0000] {processor.py:186} INFO - Started process (PID=223) to work on /home/airflow/.local/lib/python3.12/site-packages/airflow/example_dags/example_datasets.py
[2024-09-02T07:10:05.780+0000] {processor.py:914} INFO - Processing file /home/airflow/.local/lib/python3.12/site-packages/airflow/example_dags/example_datasets.py for tasks to queue
[2024-09-02T07:10:05.788+0000] {logging_mixin.py:190} INFO - [2024-09-02T07:10:05.788+0000] {dagbag.py:587} INFO - Filling up the DagBag from /home/airflow/.local/lib/python3.12/site-packages/airflow/example_dags/example_datasets.py
[2024-09-02T07:10:06.208+0000] {processor.py:925} INFO - DAG(s) 'conditional_dataset_and_time_based_timetable', 'dataset_produces_2', 'dataset_produces_1', 'dataset_consumes_1_and_2', 'dataset_consumes_unknown_never_scheduled', 'consume_1_and_2_with_dataset_expressions', 'dataset_consumes_1', 'dataset_consumes_1_never_scheduled', 'consume_1_or_2_with_dataset_expressions', 'consume_1_or_both_2_and_3_with_dataset_expressions' retrieved from /home/airflow/.local/lib/python3.12/site-packages/airflow/example_dags/example_datasets.py
[2024-09-02T07:10:06.359+0000] {logging_mixin.py:190} INFO - [2024-09-02T07:10:06.359+0000] {dag.py:3211} INFO - Sync 10 DAGs
[2024-09-02T07:10:06.424+0000] {logging_mixin.py:190} INFO - [2024-09-02T07:10:06.424+0000] {dag.py:4138} INFO - Setting next_dagrun for conditional_dataset_and_time_based_timetable to 2024-08-28 01:00:00+00:00, run_after=2024-08-28 01:00:00+00:00
[2024-09-02T07:10:06.431+0000] {logging_mixin.py:190} INFO - [2024-09-02T07:10:06.431+0000] {dag.py:4138} INFO - Setting next_dagrun for consume_1_and_2_with_dataset_expressions to None, run_after=None
[2024-09-02T07:10:06.435+0000] {logging_mixin.py:190} INFO - [2024-09-02T07:10:06.435+0000] {dag.py:4138} INFO - Setting next_dagrun for consume_1_or_2_with_dataset_expressions to None, run_after=None
[2024-09-02T07:10:06.438+0000] {logging_mixin.py:190} INFO - [2024-09-02T07:10:06.438+0000] {dag.py:4138} INFO - Setting next_dagrun for consume_1_or_both_2_and_3_with_dataset_expressions to None, run_after=None
[2024-09-02T07:10:06.440+0000] {logging_mixin.py:190} INFO - [2024-09-02T07:10:06.440+0000] {dag.py:4138} INFO - Setting next_dagrun for dataset_consumes_1 to None, run_after=None
[2024-09-02T07:10:06.443+0000] {logging_mixin.py:190} INFO - [2024-09-02T07:10:06.442+0000] {dag.py:4138} INFO - Setting next_dagrun for dataset_consumes_1_and_2 to None, run_after=None
[2024-09-02T07:10:06.446+0000] {logging_mixin.py:190} INFO - [2024-09-02T07:10:06.445+0000] {dag.py:4138} INFO - Setting next_dagrun for dataset_consumes_1_never_scheduled to None, run_after=None
[2024-09-02T07:10:06.448+0000] {logging_mixin.py:190} INFO - [2024-09-02T07:10:06.448+0000] {dag.py:4138} INFO - Setting next_dagrun for dataset_consumes_unknown_never_scheduled to None, run_after=None
[2024-09-02T07:10:06.454+0000] {logging_mixin.py:190} INFO - [2024-09-02T07:10:06.454+0000] {dag.py:4138} INFO - Setting next_dagrun for dataset_produces_1 to 2024-09-01 00:00:00+00:00, run_after=2024-09-02 00:00:00+00:00
[2024-09-02T07:10:06.457+0000] {logging_mixin.py:190} INFO - [2024-09-02T07:10:06.457+0000] {dag.py:4138} INFO - Setting next_dagrun for dataset_produces_2 to None, run_after=None
[2024-09-02T07:10:06.524+0000] {processor.py:208} INFO - Processing /home/airflow/.local/lib/python3.12/site-packages/airflow/example_dags/example_datasets.py took 0.761 seconds
[2024-09-02T07:10:37.026+0000] {processor.py:186} INFO - Started process (PID=293) to work on /home/airflow/.local/lib/python3.12/site-packages/airflow/example_dags/example_datasets.py
[2024-09-02T07:10:37.029+0000] {processor.py:914} INFO - Processing file /home/airflow/.local/lib/python3.12/site-packages/airflow/example_dags/example_datasets.py for tasks to queue
[2024-09-02T07:10:37.035+0000] {logging_mixin.py:190} INFO - [2024-09-02T07:10:37.034+0000] {dagbag.py:587} INFO - Filling up the DagBag from /home/airflow/.local/lib/python3.12/site-packages/airflow/example_dags/example_datasets.py
[2024-09-02T07:10:37.343+0000] {processor.py:925} INFO - DAG(s) 'consume_1_and_2_with_dataset_expressions', 'consume_1_or_2_with_dataset_expressions', 'dataset_consumes_1_never_scheduled', 'consume_1_or_both_2_and_3_with_dataset_expressions', 'conditional_dataset_and_time_based_timetable', 'dataset_consumes_1_and_2', 'dataset_produces_1', 'dataset_consumes_unknown_never_scheduled', 'dataset_consumes_1', 'dataset_produces_2' retrieved from /home/airflow/.local/lib/python3.12/site-packages/airflow/example_dags/example_datasets.py
[2024-09-02T07:10:37.437+0000] {logging_mixin.py:190} INFO - [2024-09-02T07:10:37.437+0000] {dag.py:3211} INFO - Sync 10 DAGs
[2024-09-02T07:10:37.492+0000] {logging_mixin.py:190} INFO - [2024-09-02T07:10:37.492+0000] {dag.py:4138} INFO - Setting next_dagrun for conditional_dataset_and_time_based_timetable to 2024-08-28 01:00:00+00:00, run_after=2024-08-28 01:00:00+00:00
[2024-09-02T07:10:37.500+0000] {logging_mixin.py:190} INFO - [2024-09-02T07:10:37.500+0000] {dag.py:4138} INFO - Setting next_dagrun for consume_1_and_2_with_dataset_expressions to None, run_after=None
[2024-09-02T07:10:37.503+0000] {logging_mixin.py:190} INFO - [2024-09-02T07:10:37.503+0000] {dag.py:4138} INFO - Setting next_dagrun for consume_1_or_2_with_dataset_expressions to None, run_after=None
[2024-09-02T07:10:37.506+0000] {logging_mixin.py:190} INFO - [2024-09-02T07:10:37.506+0000] {dag.py:4138} INFO - Setting next_dagrun for consume_1_or_both_2_and_3_with_dataset_expressions to None, run_after=None
[2024-09-02T07:10:37.510+0000] {logging_mixin.py:190} INFO - [2024-09-02T07:10:37.509+0000] {dag.py:4138} INFO - Setting next_dagrun for dataset_consumes_1 to None, run_after=None
[2024-09-02T07:10:37.513+0000] {logging_mixin.py:190} INFO - [2024-09-02T07:10:37.513+0000] {dag.py:4138} INFO - Setting next_dagrun for dataset_consumes_1_and_2 to None, run_after=None
[2024-09-02T07:10:37.517+0000] {logging_mixin.py:190} INFO - [2024-09-02T07:10:37.517+0000] {dag.py:4138} INFO - Setting next_dagrun for dataset_consumes_1_never_scheduled to None, run_after=None
[2024-09-02T07:10:37.520+0000] {logging_mixin.py:190} INFO - [2024-09-02T07:10:37.520+0000] {dag.py:4138} INFO - Setting next_dagrun for dataset_consumes_unknown_never_scheduled to None, run_after=None
[2024-09-02T07:10:37.527+0000] {logging_mixin.py:190} INFO - [2024-09-02T07:10:37.526+0000] {dag.py:4138} INFO - Setting next_dagrun for dataset_produces_1 to 2024-09-01 00:00:00+00:00, run_after=2024-09-02 00:00:00+00:00
[2024-09-02T07:10:37.530+0000] {logging_mixin.py:190} INFO - [2024-09-02T07:10:37.530+0000] {dag.py:4138} INFO - Setting next_dagrun for dataset_produces_2 to None, run_after=None
[2024-09-02T07:10:37.588+0000] {processor.py:208} INFO - Processing /home/airflow/.local/lib/python3.12/site-packages/airflow/example_dags/example_datasets.py took 0.573 seconds
[2024-09-02T07:11:07.807+0000] {processor.py:186} INFO - Started process (PID=363) to work on /home/airflow/.local/lib/python3.12/site-packages/airflow/example_dags/example_datasets.py
[2024-09-02T07:11:07.808+0000] {processor.py:914} INFO - Processing file /home/airflow/.local/lib/python3.12/site-packages/airflow/example_dags/example_datasets.py for tasks to queue
[2024-09-02T07:11:07.812+0000] {logging_mixin.py:190} INFO - [2024-09-02T07:11:07.812+0000] {dagbag.py:587} INFO - Filling up the DagBag from /home/airflow/.local/lib/python3.12/site-packages/airflow/example_dags/example_datasets.py
[2024-09-02T07:11:08.121+0000] {processor.py:925} INFO - DAG(s) 'consume_1_and_2_with_dataset_expressions', 'conditional_dataset_and_time_based_timetable', 'dataset_produces_1', 'dataset_consumes_1_and_2', 'consume_1_or_2_with_dataset_expressions', 'consume_1_or_both_2_and_3_with_dataset_expressions', 'dataset_produces_2', 'dataset_consumes_1', 'dataset_consumes_unknown_never_scheduled', 'dataset_consumes_1_never_scheduled' retrieved from /home/airflow/.local/lib/python3.12/site-packages/airflow/example_dags/example_datasets.py
[2024-09-02T07:11:08.209+0000] {logging_mixin.py:190} INFO - [2024-09-02T07:11:08.209+0000] {dag.py:3211} INFO - Sync 10 DAGs
[2024-09-02T07:11:08.260+0000] {logging_mixin.py:190} INFO - [2024-09-02T07:11:08.259+0000] {dag.py:4138} INFO - Setting next_dagrun for conditional_dataset_and_time_based_timetable to 2024-08-28 01:00:00+00:00, run_after=2024-08-28 01:00:00+00:00
[2024-09-02T07:11:08.267+0000] {logging_mixin.py:190} INFO - [2024-09-02T07:11:08.266+0000] {dag.py:4138} INFO - Setting next_dagrun for consume_1_and_2_with_dataset_expressions to None, run_after=None
[2024-09-02T07:11:08.270+0000] {logging_mixin.py:190} INFO - [2024-09-02T07:11:08.270+0000] {dag.py:4138} INFO - Setting next_dagrun for consume_1_or_2_with_dataset_expressions to None, run_after=None
[2024-09-02T07:11:08.272+0000] {logging_mixin.py:190} INFO - [2024-09-02T07:11:08.272+0000] {dag.py:4138} INFO - Setting next_dagrun for consume_1_or_both_2_and_3_with_dataset_expressions to None, run_after=None
[2024-09-02T07:11:08.274+0000] {logging_mixin.py:190} INFO - [2024-09-02T07:11:08.274+0000] {dag.py:4138} INFO - Setting next_dagrun for dataset_consumes_1 to None, run_after=None
[2024-09-02T07:11:08.277+0000] {logging_mixin.py:190} INFO - [2024-09-02T07:11:08.276+0000] {dag.py:4138} INFO - Setting next_dagrun for dataset_consumes_1_and_2 to None, run_after=None
[2024-09-02T07:11:08.279+0000] {logging_mixin.py:190} INFO - [2024-09-02T07:11:08.278+0000] {dag.py:4138} INFO - Setting next_dagrun for dataset_consumes_1_never_scheduled to None, run_after=None
[2024-09-02T07:11:08.283+0000] {logging_mixin.py:190} INFO - [2024-09-02T07:11:08.282+0000] {dag.py:4138} INFO - Setting next_dagrun for dataset_consumes_unknown_never_scheduled to None, run_after=None
[2024-09-02T07:11:08.287+0000] {logging_mixin.py:190} INFO - [2024-09-02T07:11:08.287+0000] {dag.py:4138} INFO - Setting next_dagrun for dataset_produces_1 to 2024-09-01 00:00:00+00:00, run_after=2024-09-02 00:00:00+00:00
[2024-09-02T07:11:08.290+0000] {logging_mixin.py:190} INFO - [2024-09-02T07:11:08.289+0000] {dag.py:4138} INFO - Setting next_dagrun for dataset_produces_2 to None, run_after=None
[2024-09-02T07:11:08.368+0000] {processor.py:208} INFO - Processing /home/airflow/.local/lib/python3.12/site-packages/airflow/example_dags/example_datasets.py took 0.572 seconds
[2024-09-02T07:11:38.491+0000] {processor.py:186} INFO - Started process (PID=435) to work on /home/airflow/.local/lib/python3.12/site-packages/airflow/example_dags/example_datasets.py
[2024-09-02T07:11:38.492+0000] {processor.py:914} INFO - Processing file /home/airflow/.local/lib/python3.12/site-packages/airflow/example_dags/example_datasets.py for tasks to queue
[2024-09-02T07:11:38.497+0000] {logging_mixin.py:190} INFO - [2024-09-02T07:11:38.497+0000] {dagbag.py:587} INFO - Filling up the DagBag from /home/airflow/.local/lib/python3.12/site-packages/airflow/example_dags/example_datasets.py
[2024-09-02T07:11:38.999+0000] {processor.py:925} INFO - DAG(s) 'consume_1_or_both_2_and_3_with_dataset_expressions', 'dataset_produces_2', 'dataset_produces_1', 'dataset_consumes_1_never_scheduled', 'dataset_consumes_unknown_never_scheduled', 'dataset_consumes_1_and_2', 'consume_1_or_2_with_dataset_expressions', 'consume_1_and_2_with_dataset_expressions', 'conditional_dataset_and_time_based_timetable', 'dataset_consumes_1' retrieved from /home/airflow/.local/lib/python3.12/site-packages/airflow/example_dags/example_datasets.py
[2024-09-02T07:11:39.079+0000] {logging_mixin.py:190} INFO - [2024-09-02T07:11:39.078+0000] {dag.py:3211} INFO - Sync 10 DAGs
[2024-09-02T07:11:39.126+0000] {logging_mixin.py:190} INFO - [2024-09-02T07:11:39.125+0000] {dag.py:4138} INFO - Setting next_dagrun for conditional_dataset_and_time_based_timetable to 2024-08-28 01:00:00+00:00, run_after=2024-08-28 01:00:00+00:00
[2024-09-02T07:11:39.133+0000] {logging_mixin.py:190} INFO - [2024-09-02T07:11:39.132+0000] {dag.py:4138} INFO - Setting next_dagrun for consume_1_and_2_with_dataset_expressions to None, run_after=None
[2024-09-02T07:11:39.136+0000] {logging_mixin.py:190} INFO - [2024-09-02T07:11:39.136+0000] {dag.py:4138} INFO - Setting next_dagrun for consume_1_or_2_with_dataset_expressions to None, run_after=None
[2024-09-02T07:11:39.139+0000] {logging_mixin.py:190} INFO - [2024-09-02T07:11:39.138+0000] {dag.py:4138} INFO - Setting next_dagrun for consume_1_or_both_2_and_3_with_dataset_expressions to None, run_after=None
[2024-09-02T07:11:39.141+0000] {logging_mixin.py:190} INFO - [2024-09-02T07:11:39.141+0000] {dag.py:4138} INFO - Setting next_dagrun for dataset_consumes_1 to None, run_after=None
[2024-09-02T07:11:39.144+0000] {logging_mixin.py:190} INFO - [2024-09-02T07:11:39.144+0000] {dag.py:4138} INFO - Setting next_dagrun for dataset_consumes_1_and_2 to None, run_after=None
[2024-09-02T07:11:39.147+0000] {logging_mixin.py:190} INFO - [2024-09-02T07:11:39.147+0000] {dag.py:4138} INFO - Setting next_dagrun for dataset_consumes_1_never_scheduled to None, run_after=None
[2024-09-02T07:11:39.150+0000] {logging_mixin.py:190} INFO - [2024-09-02T07:11:39.149+0000] {dag.py:4138} INFO - Setting next_dagrun for dataset_consumes_unknown_never_scheduled to None, run_after=None
[2024-09-02T07:11:39.154+0000] {logging_mixin.py:190} INFO - [2024-09-02T07:11:39.154+0000] {dag.py:4138} INFO - Setting next_dagrun for dataset_produces_1 to 2024-09-01 00:00:00+00:00, run_after=2024-09-02 00:00:00+00:00
[2024-09-02T07:11:39.157+0000] {logging_mixin.py:190} INFO - [2024-09-02T07:11:39.157+0000] {dag.py:4138} INFO - Setting next_dagrun for dataset_produces_2 to None, run_after=None
[2024-09-02T07:11:39.229+0000] {processor.py:208} INFO - Processing /home/airflow/.local/lib/python3.12/site-packages/airflow/example_dags/example_datasets.py took 0.751 seconds
[2024-09-02T07:12:09.915+0000] {processor.py:186} INFO - Started process (PID=505) to work on /home/airflow/.local/lib/python3.12/site-packages/airflow/example_dags/example_datasets.py
[2024-09-02T07:12:09.917+0000] {processor.py:914} INFO - Processing file /home/airflow/.local/lib/python3.12/site-packages/airflow/example_dags/example_datasets.py for tasks to queue
[2024-09-02T07:12:09.922+0000] {logging_mixin.py:190} INFO - [2024-09-02T07:12:09.921+0000] {dagbag.py:587} INFO - Filling up the DagBag from /home/airflow/.local/lib/python3.12/site-packages/airflow/example_dags/example_datasets.py
[2024-09-02T07:12:10.338+0000] {processor.py:925} INFO - DAG(s) 'dataset_produces_1', 'dataset_consumes_1_never_scheduled', 'dataset_produces_2', 'consume_1_and_2_with_dataset_expressions', 'dataset_consumes_unknown_never_scheduled', 'conditional_dataset_and_time_based_timetable', 'consume_1_or_both_2_and_3_with_dataset_expressions', 'dataset_consumes_1', 'consume_1_or_2_with_dataset_expressions', 'dataset_consumes_1_and_2' retrieved from /home/airflow/.local/lib/python3.12/site-packages/airflow/example_dags/example_datasets.py
[2024-09-02T07:12:10.441+0000] {logging_mixin.py:190} INFO - [2024-09-02T07:12:10.441+0000] {dag.py:3211} INFO - Sync 10 DAGs
[2024-09-02T07:12:10.523+0000] {logging_mixin.py:190} INFO - [2024-09-02T07:12:10.522+0000] {dag.py:4138} INFO - Setting next_dagrun for conditional_dataset_and_time_based_timetable to 2024-08-28 01:00:00+00:00, run_after=2024-08-28 01:00:00+00:00
[2024-09-02T07:12:10.532+0000] {logging_mixin.py:190} INFO - [2024-09-02T07:12:10.531+0000] {dag.py:4138} INFO - Setting next_dagrun for consume_1_and_2_with_dataset_expressions to None, run_after=None
[2024-09-02T07:12:10.535+0000] {logging_mixin.py:190} INFO - [2024-09-02T07:12:10.535+0000] {dag.py:4138} INFO - Setting next_dagrun for consume_1_or_2_with_dataset_expressions to None, run_after=None
[2024-09-02T07:12:10.538+0000] {logging_mixin.py:190} INFO - [2024-09-02T07:12:10.538+0000] {dag.py:4138} INFO - Setting next_dagrun for consume_1_or_both_2_and_3_with_dataset_expressions to None, run_after=None
[2024-09-02T07:12:10.540+0000] {logging_mixin.py:190} INFO - [2024-09-02T07:12:10.540+0000] {dag.py:4138} INFO - Setting next_dagrun for dataset_consumes_1 to None, run_after=None
[2024-09-02T07:12:10.543+0000] {logging_mixin.py:190} INFO - [2024-09-02T07:12:10.543+0000] {dag.py:4138} INFO - Setting next_dagrun for dataset_consumes_1_and_2 to None, run_after=None
[2024-09-02T07:12:10.547+0000] {logging_mixin.py:190} INFO - [2024-09-02T07:12:10.546+0000] {dag.py:4138} INFO - Setting next_dagrun for dataset_consumes_1_never_scheduled to None, run_after=None
[2024-09-02T07:12:10.549+0000] {logging_mixin.py:190} INFO - [2024-09-02T07:12:10.549+0000] {dag.py:4138} INFO - Setting next_dagrun for dataset_consumes_unknown_never_scheduled to None, run_after=None
[2024-09-02T07:12:10.554+0000] {logging_mixin.py:190} INFO - [2024-09-02T07:12:10.553+0000] {dag.py:4138} INFO - Setting next_dagrun for dataset_produces_1 to 2024-09-01 00:00:00+00:00, run_after=2024-09-02 00:00:00+00:00
[2024-09-02T07:12:10.556+0000] {logging_mixin.py:190} INFO - [2024-09-02T07:12:10.556+0000] {dag.py:4138} INFO - Setting next_dagrun for dataset_produces_2 to None, run_after=None
[2024-09-02T07:12:10.644+0000] {processor.py:208} INFO - Processing /home/airflow/.local/lib/python3.12/site-packages/airflow/example_dags/example_datasets.py took 0.744 seconds
[2024-09-02T07:12:41.577+0000] {processor.py:186} INFO - Started process (PID=568) to work on /home/airflow/.local/lib/python3.12/site-packages/airflow/example_dags/example_datasets.py
[2024-09-02T07:12:41.579+0000] {processor.py:914} INFO - Processing file /home/airflow/.local/lib/python3.12/site-packages/airflow/example_dags/example_datasets.py for tasks to queue
[2024-09-02T07:12:41.585+0000] {logging_mixin.py:190} INFO - [2024-09-02T07:12:41.584+0000] {dagbag.py:587} INFO - Filling up the DagBag from /home/airflow/.local/lib/python3.12/site-packages/airflow/example_dags/example_datasets.py
[2024-09-02T07:12:41.913+0000] {processor.py:925} INFO - DAG(s) 'dataset_consumes_1_and_2', 'dataset_consumes_unknown_never_scheduled', 'consume_1_or_both_2_and_3_with_dataset_expressions', 'dataset_consumes_1', 'dataset_consumes_1_never_scheduled', 'consume_1_and_2_with_dataset_expressions', 'dataset_produces_1', 'consume_1_or_2_with_dataset_expressions', 'dataset_produces_2', 'conditional_dataset_and_time_based_timetable' retrieved from /home/airflow/.local/lib/python3.12/site-packages/airflow/example_dags/example_datasets.py
[2024-09-02T07:12:41.990+0000] {logging_mixin.py:190} INFO - [2024-09-02T07:12:41.990+0000] {dag.py:3211} INFO - Sync 10 DAGs
[2024-09-02T07:12:42.036+0000] {logging_mixin.py:190} INFO - [2024-09-02T07:12:42.036+0000] {dag.py:4138} INFO - Setting next_dagrun for conditional_dataset_and_time_based_timetable to 2024-08-28 01:00:00+00:00, run_after=2024-08-28 01:00:00+00:00
[2024-09-02T07:12:42.044+0000] {logging_mixin.py:190} INFO - [2024-09-02T07:12:42.043+0000] {dag.py:4138} INFO - Setting next_dagrun for consume_1_and_2_with_dataset_expressions to None, run_after=None
[2024-09-02T07:12:42.046+0000] {logging_mixin.py:190} INFO - [2024-09-02T07:12:42.046+0000] {dag.py:4138} INFO - Setting next_dagrun for consume_1_or_2_with_dataset_expressions to None, run_after=None
[2024-09-02T07:12:42.049+0000] {logging_mixin.py:190} INFO - [2024-09-02T07:12:42.049+0000] {dag.py:4138} INFO - Setting next_dagrun for consume_1_or_both_2_and_3_with_dataset_expressions to None, run_after=None
[2024-09-02T07:12:42.051+0000] {logging_mixin.py:190} INFO - [2024-09-02T07:12:42.051+0000] {dag.py:4138} INFO - Setting next_dagrun for dataset_consumes_1 to None, run_after=None
[2024-09-02T07:12:42.054+0000] {logging_mixin.py:190} INFO - [2024-09-02T07:12:42.053+0000] {dag.py:4138} INFO - Setting next_dagrun for dataset_consumes_1_and_2 to None, run_after=None
[2024-09-02T07:12:42.056+0000] {logging_mixin.py:190} INFO - [2024-09-02T07:12:42.056+0000] {dag.py:4138} INFO - Setting next_dagrun for dataset_consumes_1_never_scheduled to None, run_after=None
[2024-09-02T07:12:42.059+0000] {logging_mixin.py:190} INFO - [2024-09-02T07:12:42.058+0000] {dag.py:4138} INFO - Setting next_dagrun for dataset_consumes_unknown_never_scheduled to None, run_after=None
[2024-09-02T07:12:42.063+0000] {logging_mixin.py:190} INFO - [2024-09-02T07:12:42.063+0000] {dag.py:4138} INFO - Setting next_dagrun for dataset_produces_1 to 2024-09-01 00:00:00+00:00, run_after=2024-09-02 00:00:00+00:00
[2024-09-02T07:12:42.066+0000] {logging_mixin.py:190} INFO - [2024-09-02T07:12:42.066+0000] {dag.py:4138} INFO - Setting next_dagrun for dataset_produces_2 to None, run_after=None
[2024-09-02T07:12:42.122+0000] {processor.py:208} INFO - Processing /home/airflow/.local/lib/python3.12/site-packages/airflow/example_dags/example_datasets.py took 0.557 seconds
[2024-09-02T07:13:12.928+0000] {processor.py:186} INFO - Started process (PID=637) to work on /home/airflow/.local/lib/python3.12/site-packages/airflow/example_dags/example_datasets.py
[2024-09-02T07:13:12.931+0000] {processor.py:914} INFO - Processing file /home/airflow/.local/lib/python3.12/site-packages/airflow/example_dags/example_datasets.py for tasks to queue
[2024-09-02T07:13:12.935+0000] {logging_mixin.py:190} INFO - [2024-09-02T07:13:12.934+0000] {dagbag.py:587} INFO - Filling up the DagBag from /home/airflow/.local/lib/python3.12/site-packages/airflow/example_dags/example_datasets.py
[2024-09-02T07:13:13.214+0000] {processor.py:925} INFO - DAG(s) 'consume_1_or_2_with_dataset_expressions', 'dataset_produces_2', 'dataset_consumes_1_never_scheduled', 'dataset_consumes_unknown_never_scheduled', 'dataset_consumes_1', 'consume_1_or_both_2_and_3_with_dataset_expressions', 'dataset_consumes_1_and_2', 'conditional_dataset_and_time_based_timetable', 'consume_1_and_2_with_dataset_expressions', 'dataset_produces_1' retrieved from /home/airflow/.local/lib/python3.12/site-packages/airflow/example_dags/example_datasets.py
[2024-09-02T07:13:13.291+0000] {logging_mixin.py:190} INFO - [2024-09-02T07:13:13.291+0000] {dag.py:3211} INFO - Sync 10 DAGs
[2024-09-02T07:13:13.346+0000] {logging_mixin.py:190} INFO - [2024-09-02T07:13:13.345+0000] {dag.py:4138} INFO - Setting next_dagrun for conditional_dataset_and_time_based_timetable to 2024-08-28 01:00:00+00:00, run_after=2024-08-28 01:00:00+00:00
[2024-09-02T07:13:13.355+0000] {logging_mixin.py:190} INFO - [2024-09-02T07:13:13.355+0000] {dag.py:4138} INFO - Setting next_dagrun for consume_1_and_2_with_dataset_expressions to None, run_after=None
[2024-09-02T07:13:13.359+0000] {logging_mixin.py:190} INFO - [2024-09-02T07:13:13.359+0000] {dag.py:4138} INFO - Setting next_dagrun for consume_1_or_2_with_dataset_expressions to None, run_after=None
[2024-09-02T07:13:13.362+0000] {logging_mixin.py:190} INFO - [2024-09-02T07:13:13.361+0000] {dag.py:4138} INFO - Setting next_dagrun for consume_1_or_both_2_and_3_with_dataset_expressions to None, run_after=None
[2024-09-02T07:13:13.365+0000] {logging_mixin.py:190} INFO - [2024-09-02T07:13:13.365+0000] {dag.py:4138} INFO - Setting next_dagrun for dataset_consumes_1 to None, run_after=None
[2024-09-02T07:13:13.368+0000] {logging_mixin.py:190} INFO - [2024-09-02T07:13:13.367+0000] {dag.py:4138} INFO - Setting next_dagrun for dataset_consumes_1_and_2 to None, run_after=None
[2024-09-02T07:13:13.372+0000] {logging_mixin.py:190} INFO - [2024-09-02T07:13:13.371+0000] {dag.py:4138} INFO - Setting next_dagrun for dataset_consumes_1_never_scheduled to None, run_after=None
[2024-09-02T07:13:13.375+0000] {logging_mixin.py:190} INFO - [2024-09-02T07:13:13.375+0000] {dag.py:4138} INFO - Setting next_dagrun for dataset_consumes_unknown_never_scheduled to None, run_after=None
[2024-09-02T07:13:13.382+0000] {logging_mixin.py:190} INFO - [2024-09-02T07:13:13.381+0000] {dag.py:4138} INFO - Setting next_dagrun for dataset_produces_1 to 2024-09-01 00:00:00+00:00, run_after=2024-09-02 00:00:00+00:00
[2024-09-02T07:13:13.386+0000] {logging_mixin.py:190} INFO - [2024-09-02T07:13:13.385+0000] {dag.py:4138} INFO - Setting next_dagrun for dataset_produces_2 to None, run_after=None
[2024-09-02T07:13:13.460+0000] {processor.py:208} INFO - Processing /home/airflow/.local/lib/python3.12/site-packages/airflow/example_dags/example_datasets.py took 0.540 seconds
[2024-09-02T07:13:44.007+0000] {processor.py:186} INFO - Started process (PID=707) to work on /home/airflow/.local/lib/python3.12/site-packages/airflow/example_dags/example_datasets.py
[2024-09-02T07:13:44.010+0000] {processor.py:914} INFO - Processing file /home/airflow/.local/lib/python3.12/site-packages/airflow/example_dags/example_datasets.py for tasks to queue
[2024-09-02T07:13:44.013+0000] {logging_mixin.py:190} INFO - [2024-09-02T07:13:44.013+0000] {dagbag.py:587} INFO - Filling up the DagBag from /home/airflow/.local/lib/python3.12/site-packages/airflow/example_dags/example_datasets.py
[2024-09-02T07:13:44.244+0000] {processor.py:925} INFO - DAG(s) 'dataset_consumes_1_never_scheduled', 'dataset_consumes_1', 'consume_1_or_both_2_and_3_with_dataset_expressions', 'conditional_dataset_and_time_based_timetable', 'dataset_consumes_unknown_never_scheduled', 'dataset_produces_1', 'consume_1_or_2_with_dataset_expressions', 'consume_1_and_2_with_dataset_expressions', 'dataset_consumes_1_and_2', 'dataset_produces_2' retrieved from /home/airflow/.local/lib/python3.12/site-packages/airflow/example_dags/example_datasets.py
[2024-09-02T07:13:44.309+0000] {logging_mixin.py:190} INFO - [2024-09-02T07:13:44.308+0000] {dag.py:3211} INFO - Sync 10 DAGs
[2024-09-02T07:13:44.348+0000] {logging_mixin.py:190} INFO - [2024-09-02T07:13:44.348+0000] {dag.py:4138} INFO - Setting next_dagrun for conditional_dataset_and_time_based_timetable to 2024-08-28 01:00:00+00:00, run_after=2024-08-28 01:00:00+00:00
[2024-09-02T07:13:44.355+0000] {logging_mixin.py:190} INFO - [2024-09-02T07:13:44.355+0000] {dag.py:4138} INFO - Setting next_dagrun for consume_1_and_2_with_dataset_expressions to None, run_after=None
[2024-09-02T07:13:44.358+0000] {logging_mixin.py:190} INFO - [2024-09-02T07:13:44.357+0000] {dag.py:4138} INFO - Setting next_dagrun for consume_1_or_2_with_dataset_expressions to None, run_after=None
[2024-09-02T07:13:44.360+0000] {logging_mixin.py:190} INFO - [2024-09-02T07:13:44.360+0000] {dag.py:4138} INFO - Setting next_dagrun for consume_1_or_both_2_and_3_with_dataset_expressions to None, run_after=None
[2024-09-02T07:13:44.362+0000] {logging_mixin.py:190} INFO - [2024-09-02T07:13:44.362+0000] {dag.py:4138} INFO - Setting next_dagrun for dataset_consumes_1 to None, run_after=None
[2024-09-02T07:13:44.365+0000] {logging_mixin.py:190} INFO - [2024-09-02T07:13:44.365+0000] {dag.py:4138} INFO - Setting next_dagrun for dataset_consumes_1_and_2 to None, run_after=None
[2024-09-02T07:13:44.368+0000] {logging_mixin.py:190} INFO - [2024-09-02T07:13:44.368+0000] {dag.py:4138} INFO - Setting next_dagrun for dataset_consumes_1_never_scheduled to None, run_after=None
[2024-09-02T07:13:44.370+0000] {logging_mixin.py:190} INFO - [2024-09-02T07:13:44.370+0000] {dag.py:4138} INFO - Setting next_dagrun for dataset_consumes_unknown_never_scheduled to None, run_after=None
[2024-09-02T07:13:44.374+0000] {logging_mixin.py:190} INFO - [2024-09-02T07:13:44.373+0000] {dag.py:4138} INFO - Setting next_dagrun for dataset_produces_1 to 2024-09-01 00:00:00+00:00, run_after=2024-09-02 00:00:00+00:00
[2024-09-02T07:13:44.377+0000] {logging_mixin.py:190} INFO - [2024-09-02T07:13:44.376+0000] {dag.py:4138} INFO - Setting next_dagrun for dataset_produces_2 to None, run_after=None
[2024-09-02T07:13:44.438+0000] {processor.py:208} INFO - Processing /home/airflow/.local/lib/python3.12/site-packages/airflow/example_dags/example_datasets.py took 0.440 seconds
