[2024-09-02T07:08:57.028+0000] {processor.py:186} INFO - Started process (PID=63) to work on /home/airflow/.local/lib/python3.12/site-packages/airflow/example_dags/example_external_task_marker_dag.py
[2024-09-02T07:08:57.030+0000] {processor.py:914} INFO - Processing file /home/airflow/.local/lib/python3.12/site-packages/airflow/example_dags/example_external_task_marker_dag.py for tasks to queue
[2024-09-02T07:08:57.034+0000] {logging_mixin.py:190} INFO - [2024-09-02T07:08:57.034+0000] {dagbag.py:587} INFO - Filling up the DagBag from /home/airflow/.local/lib/python3.12/site-packages/airflow/example_dags/example_external_task_marker_dag.py
[2024-09-02T07:08:57.052+0000] {processor.py:925} INFO - DAG(s) 'example_external_task_marker_parent', 'example_external_task_marker_child' retrieved from /home/airflow/.local/lib/python3.12/site-packages/airflow/example_dags/example_external_task_marker_dag.py
[2024-09-02T07:08:57.175+0000] {logging_mixin.py:190} INFO - [2024-09-02T07:08:57.175+0000] {dag.py:3211} INFO - Sync 2 DAGs
[2024-09-02T07:08:57.237+0000] {logging_mixin.py:190} INFO - [2024-09-02T07:08:57.236+0000] {dag.py:4138} INFO - Setting next_dagrun for example_external_task_marker_child to None, run_after=None
[2024-09-02T07:08:57.269+0000] {logging_mixin.py:190} INFO - [2024-09-02T07:08:57.269+0000] {dag.py:4138} INFO - Setting next_dagrun for example_external_task_marker_parent to None, run_after=None
[2024-09-02T07:08:57.354+0000] {processor.py:208} INFO - Processing /home/airflow/.local/lib/python3.12/site-packages/airflow/example_dags/example_external_task_marker_dag.py took 0.337 seconds
[2024-09-02T07:09:27.802+0000] {processor.py:186} INFO - Started process (PID=133) to work on /home/airflow/.local/lib/python3.12/site-packages/airflow/example_dags/example_external_task_marker_dag.py
[2024-09-02T07:09:27.804+0000] {processor.py:914} INFO - Processing file /home/airflow/.local/lib/python3.12/site-packages/airflow/example_dags/example_external_task_marker_dag.py for tasks to queue
[2024-09-02T07:09:27.808+0000] {logging_mixin.py:190} INFO - [2024-09-02T07:09:27.807+0000] {dagbag.py:587} INFO - Filling up the DagBag from /home/airflow/.local/lib/python3.12/site-packages/airflow/example_dags/example_external_task_marker_dag.py
[2024-09-02T07:09:27.823+0000] {processor.py:925} INFO - DAG(s) 'example_external_task_marker_parent', 'example_external_task_marker_child' retrieved from /home/airflow/.local/lib/python3.12/site-packages/airflow/example_dags/example_external_task_marker_dag.py
[2024-09-02T07:09:27.864+0000] {logging_mixin.py:190} INFO - [2024-09-02T07:09:27.864+0000] {dag.py:3211} INFO - Sync 2 DAGs
[2024-09-02T07:09:27.907+0000] {logging_mixin.py:190} INFO - [2024-09-02T07:09:27.906+0000] {dag.py:4138} INFO - Setting next_dagrun for example_external_task_marker_child to None, run_after=None
[2024-09-02T07:09:27.915+0000] {logging_mixin.py:190} INFO - [2024-09-02T07:09:27.915+0000] {dag.py:4138} INFO - Setting next_dagrun for example_external_task_marker_parent to None, run_after=None
[2024-09-02T07:09:27.949+0000] {processor.py:208} INFO - Processing /home/airflow/.local/lib/python3.12/site-packages/airflow/example_dags/example_external_task_marker_dag.py took 0.157 seconds
[2024-09-02T07:09:58.647+0000] {processor.py:186} INFO - Started process (PID=195) to work on /home/airflow/.local/lib/python3.12/site-packages/airflow/example_dags/example_external_task_marker_dag.py
[2024-09-02T07:09:58.650+0000] {processor.py:914} INFO - Processing file /home/airflow/.local/lib/python3.12/site-packages/airflow/example_dags/example_external_task_marker_dag.py for tasks to queue
[2024-09-02T07:09:58.655+0000] {logging_mixin.py:190} INFO - [2024-09-02T07:09:58.654+0000] {dagbag.py:587} INFO - Filling up the DagBag from /home/airflow/.local/lib/python3.12/site-packages/airflow/example_dags/example_external_task_marker_dag.py
[2024-09-02T07:09:58.670+0000] {processor.py:925} INFO - DAG(s) 'example_external_task_marker_parent', 'example_external_task_marker_child' retrieved from /home/airflow/.local/lib/python3.12/site-packages/airflow/example_dags/example_external_task_marker_dag.py
[2024-09-02T07:09:58.712+0000] {logging_mixin.py:190} INFO - [2024-09-02T07:09:58.711+0000] {dag.py:3211} INFO - Sync 2 DAGs
[2024-09-02T07:09:58.738+0000] {logging_mixin.py:190} INFO - [2024-09-02T07:09:58.738+0000] {dag.py:4138} INFO - Setting next_dagrun for example_external_task_marker_child to None, run_after=None
[2024-09-02T07:09:58.745+0000] {logging_mixin.py:190} INFO - [2024-09-02T07:09:58.745+0000] {dag.py:4138} INFO - Setting next_dagrun for example_external_task_marker_parent to None, run_after=None
[2024-09-02T07:09:58.771+0000] {processor.py:208} INFO - Processing /home/airflow/.local/lib/python3.12/site-packages/airflow/example_dags/example_external_task_marker_dag.py took 0.134 seconds
[2024-09-02T07:10:29.465+0000] {processor.py:186} INFO - Started process (PID=265) to work on /home/airflow/.local/lib/python3.12/site-packages/airflow/example_dags/example_external_task_marker_dag.py
[2024-09-02T07:10:29.467+0000] {processor.py:914} INFO - Processing file /home/airflow/.local/lib/python3.12/site-packages/airflow/example_dags/example_external_task_marker_dag.py for tasks to queue
[2024-09-02T07:10:29.473+0000] {logging_mixin.py:190} INFO - [2024-09-02T07:10:29.472+0000] {dagbag.py:587} INFO - Filling up the DagBag from /home/airflow/.local/lib/python3.12/site-packages/airflow/example_dags/example_external_task_marker_dag.py
[2024-09-02T07:10:29.492+0000] {processor.py:925} INFO - DAG(s) 'example_external_task_marker_parent', 'example_external_task_marker_child' retrieved from /home/airflow/.local/lib/python3.12/site-packages/airflow/example_dags/example_external_task_marker_dag.py
[2024-09-02T07:10:29.545+0000] {logging_mixin.py:190} INFO - [2024-09-02T07:10:29.545+0000] {dag.py:3211} INFO - Sync 2 DAGs
[2024-09-02T07:10:29.579+0000] {logging_mixin.py:190} INFO - [2024-09-02T07:10:29.579+0000] {dag.py:4138} INFO - Setting next_dagrun for example_external_task_marker_child to None, run_after=None
[2024-09-02T07:10:29.588+0000] {logging_mixin.py:190} INFO - [2024-09-02T07:10:29.587+0000] {dag.py:4138} INFO - Setting next_dagrun for example_external_task_marker_parent to None, run_after=None
[2024-09-02T07:10:29.620+0000] {processor.py:208} INFO - Processing /home/airflow/.local/lib/python3.12/site-packages/airflow/example_dags/example_external_task_marker_dag.py took 0.168 seconds
[2024-09-02T07:11:00.217+0000] {processor.py:186} INFO - Started process (PID=335) to work on /home/airflow/.local/lib/python3.12/site-packages/airflow/example_dags/example_external_task_marker_dag.py
[2024-09-02T07:11:00.218+0000] {processor.py:914} INFO - Processing file /home/airflow/.local/lib/python3.12/site-packages/airflow/example_dags/example_external_task_marker_dag.py for tasks to queue
[2024-09-02T07:11:00.222+0000] {logging_mixin.py:190} INFO - [2024-09-02T07:11:00.222+0000] {dagbag.py:587} INFO - Filling up the DagBag from /home/airflow/.local/lib/python3.12/site-packages/airflow/example_dags/example_external_task_marker_dag.py
[2024-09-02T07:11:00.236+0000] {processor.py:925} INFO - DAG(s) 'example_external_task_marker_parent', 'example_external_task_marker_child' retrieved from /home/airflow/.local/lib/python3.12/site-packages/airflow/example_dags/example_external_task_marker_dag.py
[2024-09-02T07:11:00.276+0000] {logging_mixin.py:190} INFO - [2024-09-02T07:11:00.276+0000] {dag.py:3211} INFO - Sync 2 DAGs
[2024-09-02T07:11:00.309+0000] {logging_mixin.py:190} INFO - [2024-09-02T07:11:00.309+0000] {dag.py:4138} INFO - Setting next_dagrun for example_external_task_marker_child to None, run_after=None
[2024-09-02T07:11:00.317+0000] {logging_mixin.py:190} INFO - [2024-09-02T07:11:00.317+0000] {dag.py:4138} INFO - Setting next_dagrun for example_external_task_marker_parent to None, run_after=None
[2024-09-02T07:11:00.345+0000] {processor.py:208} INFO - Processing /home/airflow/.local/lib/python3.12/site-packages/airflow/example_dags/example_external_task_marker_dag.py took 0.143 seconds
[2024-09-02T07:11:30.782+0000] {processor.py:186} INFO - Started process (PID=405) to work on /home/airflow/.local/lib/python3.12/site-packages/airflow/example_dags/example_external_task_marker_dag.py
[2024-09-02T07:11:30.783+0000] {processor.py:914} INFO - Processing file /home/airflow/.local/lib/python3.12/site-packages/airflow/example_dags/example_external_task_marker_dag.py for tasks to queue
[2024-09-02T07:11:30.786+0000] {logging_mixin.py:190} INFO - [2024-09-02T07:11:30.786+0000] {dagbag.py:587} INFO - Filling up the DagBag from /home/airflow/.local/lib/python3.12/site-packages/airflow/example_dags/example_external_task_marker_dag.py
[2024-09-02T07:11:30.797+0000] {processor.py:925} INFO - DAG(s) 'example_external_task_marker_parent', 'example_external_task_marker_child' retrieved from /home/airflow/.local/lib/python3.12/site-packages/airflow/example_dags/example_external_task_marker_dag.py
[2024-09-02T07:11:30.824+0000] {logging_mixin.py:190} INFO - [2024-09-02T07:11:30.824+0000] {dag.py:3211} INFO - Sync 2 DAGs
[2024-09-02T07:11:30.842+0000] {logging_mixin.py:190} INFO - [2024-09-02T07:11:30.842+0000] {dag.py:4138} INFO - Setting next_dagrun for example_external_task_marker_child to None, run_after=None
[2024-09-02T07:11:30.847+0000] {logging_mixin.py:190} INFO - [2024-09-02T07:11:30.847+0000] {dag.py:4138} INFO - Setting next_dagrun for example_external_task_marker_parent to None, run_after=None
[2024-09-02T07:11:30.868+0000] {processor.py:208} INFO - Processing /home/airflow/.local/lib/python3.12/site-packages/airflow/example_dags/example_external_task_marker_dag.py took 0.094 seconds
[2024-09-02T07:12:01.460+0000] {processor.py:186} INFO - Started process (PID=475) to work on /home/airflow/.local/lib/python3.12/site-packages/airflow/example_dags/example_external_task_marker_dag.py
[2024-09-02T07:12:01.463+0000] {processor.py:914} INFO - Processing file /home/airflow/.local/lib/python3.12/site-packages/airflow/example_dags/example_external_task_marker_dag.py for tasks to queue
[2024-09-02T07:12:01.468+0000] {logging_mixin.py:190} INFO - [2024-09-02T07:12:01.468+0000] {dagbag.py:587} INFO - Filling up the DagBag from /home/airflow/.local/lib/python3.12/site-packages/airflow/example_dags/example_external_task_marker_dag.py
[2024-09-02T07:12:01.482+0000] {processor.py:925} INFO - DAG(s) 'example_external_task_marker_child', 'example_external_task_marker_parent' retrieved from /home/airflow/.local/lib/python3.12/site-packages/airflow/example_dags/example_external_task_marker_dag.py
[2024-09-02T07:12:01.523+0000] {logging_mixin.py:190} INFO - [2024-09-02T07:12:01.523+0000] {dag.py:3211} INFO - Sync 2 DAGs
[2024-09-02T07:12:01.550+0000] {logging_mixin.py:190} INFO - [2024-09-02T07:12:01.550+0000] {dag.py:4138} INFO - Setting next_dagrun for example_external_task_marker_child to None, run_after=None
[2024-09-02T07:12:01.557+0000] {logging_mixin.py:190} INFO - [2024-09-02T07:12:01.557+0000] {dag.py:4138} INFO - Setting next_dagrun for example_external_task_marker_parent to None, run_after=None
[2024-09-02T07:12:01.587+0000] {processor.py:208} INFO - Processing /home/airflow/.local/lib/python3.12/site-packages/airflow/example_dags/example_external_task_marker_dag.py took 0.136 seconds
[2024-09-02T07:12:32.022+0000] {processor.py:186} INFO - Started process (PID=545) to work on /home/airflow/.local/lib/python3.12/site-packages/airflow/example_dags/example_external_task_marker_dag.py
[2024-09-02T07:12:32.025+0000] {processor.py:914} INFO - Processing file /home/airflow/.local/lib/python3.12/site-packages/airflow/example_dags/example_external_task_marker_dag.py for tasks to queue
[2024-09-02T07:12:32.029+0000] {logging_mixin.py:190} INFO - [2024-09-02T07:12:32.028+0000] {dagbag.py:587} INFO - Filling up the DagBag from /home/airflow/.local/lib/python3.12/site-packages/airflow/example_dags/example_external_task_marker_dag.py
[2024-09-02T07:12:32.039+0000] {processor.py:925} INFO - DAG(s) 'example_external_task_marker_child', 'example_external_task_marker_parent' retrieved from /home/airflow/.local/lib/python3.12/site-packages/airflow/example_dags/example_external_task_marker_dag.py
[2024-09-02T07:12:32.068+0000] {logging_mixin.py:190} INFO - [2024-09-02T07:12:32.067+0000] {dag.py:3211} INFO - Sync 2 DAGs
[2024-09-02T07:12:32.085+0000] {logging_mixin.py:190} INFO - [2024-09-02T07:12:32.085+0000] {dag.py:4138} INFO - Setting next_dagrun for example_external_task_marker_child to None, run_after=None
[2024-09-02T07:12:32.090+0000] {logging_mixin.py:190} INFO - [2024-09-02T07:12:32.090+0000] {dag.py:4138} INFO - Setting next_dagrun for example_external_task_marker_parent to None, run_after=None
[2024-09-02T07:12:32.115+0000] {processor.py:208} INFO - Processing /home/airflow/.local/lib/python3.12/site-packages/airflow/example_dags/example_external_task_marker_dag.py took 0.103 seconds
[2024-09-02T07:13:02.588+0000] {processor.py:186} INFO - Started process (PID=615) to work on /home/airflow/.local/lib/python3.12/site-packages/airflow/example_dags/example_external_task_marker_dag.py
[2024-09-02T07:13:02.590+0000] {processor.py:914} INFO - Processing file /home/airflow/.local/lib/python3.12/site-packages/airflow/example_dags/example_external_task_marker_dag.py for tasks to queue
[2024-09-02T07:13:02.593+0000] {logging_mixin.py:190} INFO - [2024-09-02T07:13:02.592+0000] {dagbag.py:587} INFO - Filling up the DagBag from /home/airflow/.local/lib/python3.12/site-packages/airflow/example_dags/example_external_task_marker_dag.py
[2024-09-02T07:13:02.604+0000] {processor.py:925} INFO - DAG(s) 'example_external_task_marker_child', 'example_external_task_marker_parent' retrieved from /home/airflow/.local/lib/python3.12/site-packages/airflow/example_dags/example_external_task_marker_dag.py
[2024-09-02T07:13:02.638+0000] {logging_mixin.py:190} INFO - [2024-09-02T07:13:02.638+0000] {dag.py:3211} INFO - Sync 2 DAGs
[2024-09-02T07:13:02.655+0000] {logging_mixin.py:190} INFO - [2024-09-02T07:13:02.655+0000] {dag.py:4138} INFO - Setting next_dagrun for example_external_task_marker_child to None, run_after=None
[2024-09-02T07:13:02.660+0000] {logging_mixin.py:190} INFO - [2024-09-02T07:13:02.660+0000] {dag.py:4138} INFO - Setting next_dagrun for example_external_task_marker_parent to None, run_after=None
[2024-09-02T07:13:02.681+0000] {processor.py:208} INFO - Processing /home/airflow/.local/lib/python3.12/site-packages/airflow/example_dags/example_external_task_marker_dag.py took 0.101 seconds
[2024-09-02T07:13:33.276+0000] {processor.py:186} INFO - Started process (PID=685) to work on /home/airflow/.local/lib/python3.12/site-packages/airflow/example_dags/example_external_task_marker_dag.py
[2024-09-02T07:13:33.277+0000] {processor.py:914} INFO - Processing file /home/airflow/.local/lib/python3.12/site-packages/airflow/example_dags/example_external_task_marker_dag.py for tasks to queue
[2024-09-02T07:13:33.280+0000] {logging_mixin.py:190} INFO - [2024-09-02T07:13:33.280+0000] {dagbag.py:587} INFO - Filling up the DagBag from /home/airflow/.local/lib/python3.12/site-packages/airflow/example_dags/example_external_task_marker_dag.py
[2024-09-02T07:13:33.289+0000] {processor.py:925} INFO - DAG(s) 'example_external_task_marker_parent', 'example_external_task_marker_child' retrieved from /home/airflow/.local/lib/python3.12/site-packages/airflow/example_dags/example_external_task_marker_dag.py
[2024-09-02T07:13:33.320+0000] {logging_mixin.py:190} INFO - [2024-09-02T07:13:33.320+0000] {dag.py:3211} INFO - Sync 2 DAGs
[2024-09-02T07:13:33.342+0000] {logging_mixin.py:190} INFO - [2024-09-02T07:13:33.342+0000] {dag.py:4138} INFO - Setting next_dagrun for example_external_task_marker_child to None, run_after=None
[2024-09-02T07:13:33.348+0000] {logging_mixin.py:190} INFO - [2024-09-02T07:13:33.348+0000] {dag.py:4138} INFO - Setting next_dagrun for example_external_task_marker_parent to None, run_after=None
[2024-09-02T07:13:33.368+0000] {processor.py:208} INFO - Processing /home/airflow/.local/lib/python3.12/site-packages/airflow/example_dags/example_external_task_marker_dag.py took 0.100 seconds
