[2024-09-02T07:09:04.679+0000] {processor.py:186} INFO - Started process (PID=83) to work on /home/airflow/.local/lib/python3.12/site-packages/airflow/example_dags/example_nested_branch_dag.py
[2024-09-02T07:09:04.681+0000] {processor.py:914} INFO - Processing file /home/airflow/.local/lib/python3.12/site-packages/airflow/example_dags/example_nested_branch_dag.py for tasks to queue
[2024-09-02T07:09:04.687+0000] {logging_mixin.py:190} INFO - [2024-09-02T07:09:04.686+0000] {dagbag.py:587} INFO - Filling up the DagBag from /home/airflow/.local/lib/python3.12/site-packages/airflow/example_dags/example_nested_branch_dag.py
[2024-09-02T07:09:04.734+0000] {processor.py:925} INFO - DAG(s) 'example_nested_branch_dag' retrieved from /home/airflow/.local/lib/python3.12/site-packages/airflow/example_dags/example_nested_branch_dag.py
[2024-09-02T07:09:04.835+0000] {logging_mixin.py:190} INFO - [2024-09-02T07:09:04.834+0000] {dag.py:3211} INFO - Sync 1 DAGs
[2024-09-02T07:09:04.956+0000] {logging_mixin.py:190} INFO - [2024-09-02T07:09:04.955+0000] {dag.py:4138} INFO - Setting next_dagrun for example_nested_branch_dag to 2024-09-01 00:00:00+00:00, run_after=2024-09-02 00:00:00+00:00
[2024-09-02T07:09:05.043+0000] {processor.py:208} INFO - Processing /home/airflow/.local/lib/python3.12/site-packages/airflow/example_dags/example_nested_branch_dag.py took 0.381 seconds
[2024-09-02T07:09:35.246+0000] {processor.py:186} INFO - Started process (PID=153) to work on /home/airflow/.local/lib/python3.12/site-packages/airflow/example_dags/example_nested_branch_dag.py
[2024-09-02T07:09:35.248+0000] {processor.py:914} INFO - Processing file /home/airflow/.local/lib/python3.12/site-packages/airflow/example_dags/example_nested_branch_dag.py for tasks to queue
[2024-09-02T07:09:35.254+0000] {logging_mixin.py:190} INFO - [2024-09-02T07:09:35.253+0000] {dagbag.py:587} INFO - Filling up the DagBag from /home/airflow/.local/lib/python3.12/site-packages/airflow/example_dags/example_nested_branch_dag.py
[2024-09-02T07:09:35.289+0000] {processor.py:925} INFO - DAG(s) 'example_nested_branch_dag' retrieved from /home/airflow/.local/lib/python3.12/site-packages/airflow/example_dags/example_nested_branch_dag.py
[2024-09-02T07:09:35.327+0000] {logging_mixin.py:190} INFO - [2024-09-02T07:09:35.327+0000] {dag.py:3211} INFO - Sync 1 DAGs
[2024-09-02T07:09:35.371+0000] {logging_mixin.py:190} INFO - [2024-09-02T07:09:35.371+0000] {dag.py:4138} INFO - Setting next_dagrun for example_nested_branch_dag to 2024-09-01 00:00:00+00:00, run_after=2024-09-02 00:00:00+00:00
[2024-09-02T07:09:35.414+0000] {processor.py:208} INFO - Processing /home/airflow/.local/lib/python3.12/site-packages/airflow/example_dags/example_nested_branch_dag.py took 0.178 seconds
[2024-09-02T07:10:05.495+0000] {processor.py:186} INFO - Started process (PID=222) to work on /home/airflow/.local/lib/python3.12/site-packages/airflow/example_dags/example_nested_branch_dag.py
[2024-09-02T07:10:05.498+0000] {processor.py:914} INFO - Processing file /home/airflow/.local/lib/python3.12/site-packages/airflow/example_dags/example_nested_branch_dag.py for tasks to queue
[2024-09-02T07:10:05.505+0000] {logging_mixin.py:190} INFO - [2024-09-02T07:10:05.504+0000] {dagbag.py:587} INFO - Filling up the DagBag from /home/airflow/.local/lib/python3.12/site-packages/airflow/example_dags/example_nested_branch_dag.py
[2024-09-02T07:10:05.538+0000] {processor.py:925} INFO - DAG(s) 'example_nested_branch_dag' retrieved from /home/airflow/.local/lib/python3.12/site-packages/airflow/example_dags/example_nested_branch_dag.py
[2024-09-02T07:10:05.584+0000] {logging_mixin.py:190} INFO - [2024-09-02T07:10:05.584+0000] {dag.py:3211} INFO - Sync 1 DAGs
[2024-09-02T07:10:05.652+0000] {logging_mixin.py:190} INFO - [2024-09-02T07:10:05.651+0000] {dag.py:4138} INFO - Setting next_dagrun for example_nested_branch_dag to 2024-09-01 00:00:00+00:00, run_after=2024-09-02 00:00:00+00:00
[2024-09-02T07:10:05.701+0000] {processor.py:208} INFO - Processing /home/airflow/.local/lib/python3.12/site-packages/airflow/example_dags/example_nested_branch_dag.py took 0.218 seconds
[2024-09-02T07:10:35.914+0000] {processor.py:186} INFO - Started process (PID=292) to work on /home/airflow/.local/lib/python3.12/site-packages/airflow/example_dags/example_nested_branch_dag.py
[2024-09-02T07:10:35.916+0000] {processor.py:914} INFO - Processing file /home/airflow/.local/lib/python3.12/site-packages/airflow/example_dags/example_nested_branch_dag.py for tasks to queue
[2024-09-02T07:10:35.921+0000] {logging_mixin.py:190} INFO - [2024-09-02T07:10:35.920+0000] {dagbag.py:587} INFO - Filling up the DagBag from /home/airflow/.local/lib/python3.12/site-packages/airflow/example_dags/example_nested_branch_dag.py
[2024-09-02T07:10:35.945+0000] {processor.py:925} INFO - DAG(s) 'example_nested_branch_dag' retrieved from /home/airflow/.local/lib/python3.12/site-packages/airflow/example_dags/example_nested_branch_dag.py
[2024-09-02T07:10:35.986+0000] {logging_mixin.py:190} INFO - [2024-09-02T07:10:35.985+0000] {dag.py:3211} INFO - Sync 1 DAGs
[2024-09-02T07:10:36.047+0000] {logging_mixin.py:190} INFO - [2024-09-02T07:10:36.047+0000] {dag.py:4138} INFO - Setting next_dagrun for example_nested_branch_dag to 2024-09-01 00:00:00+00:00, run_after=2024-09-02 00:00:00+00:00
[2024-09-02T07:10:36.079+0000] {processor.py:208} INFO - Processing /home/airflow/.local/lib/python3.12/site-packages/airflow/example_dags/example_nested_branch_dag.py took 0.176 seconds
[2024-09-02T07:11:06.595+0000] {processor.py:186} INFO - Started process (PID=362) to work on /home/airflow/.local/lib/python3.12/site-packages/airflow/example_dags/example_nested_branch_dag.py
[2024-09-02T07:11:06.598+0000] {processor.py:914} INFO - Processing file /home/airflow/.local/lib/python3.12/site-packages/airflow/example_dags/example_nested_branch_dag.py for tasks to queue
[2024-09-02T07:11:06.602+0000] {logging_mixin.py:190} INFO - [2024-09-02T07:11:06.602+0000] {dagbag.py:587} INFO - Filling up the DagBag from /home/airflow/.local/lib/python3.12/site-packages/airflow/example_dags/example_nested_branch_dag.py
[2024-09-02T07:11:06.622+0000] {processor.py:925} INFO - DAG(s) 'example_nested_branch_dag' retrieved from /home/airflow/.local/lib/python3.12/site-packages/airflow/example_dags/example_nested_branch_dag.py
[2024-09-02T07:11:06.657+0000] {logging_mixin.py:190} INFO - [2024-09-02T07:11:06.657+0000] {dag.py:3211} INFO - Sync 1 DAGs
[2024-09-02T07:11:06.699+0000] {logging_mixin.py:190} INFO - [2024-09-02T07:11:06.699+0000] {dag.py:4138} INFO - Setting next_dagrun for example_nested_branch_dag to 2024-09-01 00:00:00+00:00, run_after=2024-09-02 00:00:00+00:00
[2024-09-02T07:11:06.737+0000] {processor.py:208} INFO - Processing /home/airflow/.local/lib/python3.12/site-packages/airflow/example_dags/example_nested_branch_dag.py took 0.151 seconds
[2024-09-02T07:11:37.753+0000] {processor.py:186} INFO - Started process (PID=432) to work on /home/airflow/.local/lib/python3.12/site-packages/airflow/example_dags/example_nested_branch_dag.py
[2024-09-02T07:11:37.756+0000] {processor.py:914} INFO - Processing file /home/airflow/.local/lib/python3.12/site-packages/airflow/example_dags/example_nested_branch_dag.py for tasks to queue
[2024-09-02T07:11:37.762+0000] {logging_mixin.py:190} INFO - [2024-09-02T07:11:37.760+0000] {dagbag.py:587} INFO - Filling up the DagBag from /home/airflow/.local/lib/python3.12/site-packages/airflow/example_dags/example_nested_branch_dag.py
[2024-09-02T07:11:37.803+0000] {processor.py:925} INFO - DAG(s) 'example_nested_branch_dag' retrieved from /home/airflow/.local/lib/python3.12/site-packages/airflow/example_dags/example_nested_branch_dag.py
[2024-09-02T07:11:37.857+0000] {logging_mixin.py:190} INFO - [2024-09-02T07:11:37.856+0000] {dag.py:3211} INFO - Sync 1 DAGs
[2024-09-02T07:11:37.915+0000] {logging_mixin.py:190} INFO - [2024-09-02T07:11:37.913+0000] {dag.py:4138} INFO - Setting next_dagrun for example_nested_branch_dag to 2024-09-01 00:00:00+00:00, run_after=2024-09-02 00:00:00+00:00
[2024-09-02T07:11:37.955+0000] {processor.py:208} INFO - Processing /home/airflow/.local/lib/python3.12/site-packages/airflow/example_dags/example_nested_branch_dag.py took 0.216 seconds
[2024-09-02T07:12:08.439+0000] {processor.py:186} INFO - Started process (PID=494) to work on /home/airflow/.local/lib/python3.12/site-packages/airflow/example_dags/example_nested_branch_dag.py
[2024-09-02T07:12:08.441+0000] {processor.py:914} INFO - Processing file /home/airflow/.local/lib/python3.12/site-packages/airflow/example_dags/example_nested_branch_dag.py for tasks to queue
[2024-09-02T07:12:08.447+0000] {logging_mixin.py:190} INFO - [2024-09-02T07:12:08.446+0000] {dagbag.py:587} INFO - Filling up the DagBag from /home/airflow/.local/lib/python3.12/site-packages/airflow/example_dags/example_nested_branch_dag.py
[2024-09-02T07:12:08.475+0000] {processor.py:925} INFO - DAG(s) 'example_nested_branch_dag' retrieved from /home/airflow/.local/lib/python3.12/site-packages/airflow/example_dags/example_nested_branch_dag.py
[2024-09-02T07:12:08.520+0000] {logging_mixin.py:190} INFO - [2024-09-02T07:12:08.519+0000] {dag.py:3211} INFO - Sync 1 DAGs
[2024-09-02T07:12:08.591+0000] {logging_mixin.py:190} INFO - [2024-09-02T07:12:08.590+0000] {dag.py:4138} INFO - Setting next_dagrun for example_nested_branch_dag to 2024-09-01 00:00:00+00:00, run_after=2024-09-02 00:00:00+00:00
[2024-09-02T07:12:08.641+0000] {processor.py:208} INFO - Processing /home/airflow/.local/lib/python3.12/site-packages/airflow/example_dags/example_nested_branch_dag.py took 0.217 seconds
[2024-09-02T07:12:39.098+0000] {processor.py:186} INFO - Started process (PID=564) to work on /home/airflow/.local/lib/python3.12/site-packages/airflow/example_dags/example_nested_branch_dag.py
[2024-09-02T07:12:39.100+0000] {processor.py:914} INFO - Processing file /home/airflow/.local/lib/python3.12/site-packages/airflow/example_dags/example_nested_branch_dag.py for tasks to queue
[2024-09-02T07:12:39.104+0000] {logging_mixin.py:190} INFO - [2024-09-02T07:12:39.104+0000] {dagbag.py:587} INFO - Filling up the DagBag from /home/airflow/.local/lib/python3.12/site-packages/airflow/example_dags/example_nested_branch_dag.py
[2024-09-02T07:12:39.132+0000] {processor.py:925} INFO - DAG(s) 'example_nested_branch_dag' retrieved from /home/airflow/.local/lib/python3.12/site-packages/airflow/example_dags/example_nested_branch_dag.py
[2024-09-02T07:12:39.184+0000] {logging_mixin.py:190} INFO - [2024-09-02T07:12:39.183+0000] {dag.py:3211} INFO - Sync 1 DAGs
[2024-09-02T07:12:39.253+0000] {logging_mixin.py:190} INFO - [2024-09-02T07:12:39.252+0000] {dag.py:4138} INFO - Setting next_dagrun for example_nested_branch_dag to 2024-09-01 00:00:00+00:00, run_after=2024-09-02 00:00:00+00:00
[2024-09-02T07:12:39.297+0000] {processor.py:208} INFO - Processing /home/airflow/.local/lib/python3.12/site-packages/airflow/example_dags/example_nested_branch_dag.py took 0.211 seconds
[2024-09-02T07:13:09.568+0000] {processor.py:186} INFO - Started process (PID=634) to work on /home/airflow/.local/lib/python3.12/site-packages/airflow/example_dags/example_nested_branch_dag.py
[2024-09-02T07:13:09.569+0000] {processor.py:914} INFO - Processing file /home/airflow/.local/lib/python3.12/site-packages/airflow/example_dags/example_nested_branch_dag.py for tasks to queue
[2024-09-02T07:13:09.574+0000] {logging_mixin.py:190} INFO - [2024-09-02T07:13:09.573+0000] {dagbag.py:587} INFO - Filling up the DagBag from /home/airflow/.local/lib/python3.12/site-packages/airflow/example_dags/example_nested_branch_dag.py
[2024-09-02T07:13:09.594+0000] {processor.py:925} INFO - DAG(s) 'example_nested_branch_dag' retrieved from /home/airflow/.local/lib/python3.12/site-packages/airflow/example_dags/example_nested_branch_dag.py
[2024-09-02T07:13:09.630+0000] {logging_mixin.py:190} INFO - [2024-09-02T07:13:09.630+0000] {dag.py:3211} INFO - Sync 1 DAGs
[2024-09-02T07:13:09.675+0000] {logging_mixin.py:190} INFO - [2024-09-02T07:13:09.674+0000] {dag.py:4138} INFO - Setting next_dagrun for example_nested_branch_dag to 2024-09-01 00:00:00+00:00, run_after=2024-09-02 00:00:00+00:00
[2024-09-02T07:13:09.708+0000] {processor.py:208} INFO - Processing /home/airflow/.local/lib/python3.12/site-packages/airflow/example_dags/example_nested_branch_dag.py took 0.149 seconds
[2024-09-02T07:13:40.638+0000] {processor.py:186} INFO - Started process (PID=704) to work on /home/airflow/.local/lib/python3.12/site-packages/airflow/example_dags/example_nested_branch_dag.py
[2024-09-02T07:13:40.640+0000] {processor.py:914} INFO - Processing file /home/airflow/.local/lib/python3.12/site-packages/airflow/example_dags/example_nested_branch_dag.py for tasks to queue
[2024-09-02T07:13:40.644+0000] {logging_mixin.py:190} INFO - [2024-09-02T07:13:40.644+0000] {dagbag.py:587} INFO - Filling up the DagBag from /home/airflow/.local/lib/python3.12/site-packages/airflow/example_dags/example_nested_branch_dag.py
[2024-09-02T07:13:40.663+0000] {processor.py:925} INFO - DAG(s) 'example_nested_branch_dag' retrieved from /home/airflow/.local/lib/python3.12/site-packages/airflow/example_dags/example_nested_branch_dag.py
[2024-09-02T07:13:40.702+0000] {logging_mixin.py:190} INFO - [2024-09-02T07:13:40.702+0000] {dag.py:3211} INFO - Sync 1 DAGs
[2024-09-02T07:13:40.746+0000] {logging_mixin.py:190} INFO - [2024-09-02T07:13:40.746+0000] {dag.py:4138} INFO - Setting next_dagrun for example_nested_branch_dag to 2024-09-01 00:00:00+00:00, run_after=2024-09-02 00:00:00+00:00
[2024-09-02T07:13:40.779+0000] {processor.py:208} INFO - Processing /home/airflow/.local/lib/python3.12/site-packages/airflow/example_dags/example_nested_branch_dag.py took 0.153 seconds
