[2024-09-02T07:09:05.185+0000] {processor.py:186} INFO - Started process (PID=84) to work on /home/airflow/.local/lib/python3.12/site-packages/airflow/example_dags/example_skip_dag.py
[2024-09-02T07:09:05.188+0000] {processor.py:914} INFO - Processing file /home/airflow/.local/lib/python3.12/site-packages/airflow/example_dags/example_skip_dag.py for tasks to queue
[2024-09-02T07:09:05.196+0000] {logging_mixin.py:190} INFO - [2024-09-02T07:09:05.195+0000] {dagbag.py:587} INFO - Filling up the DagBag from /home/airflow/.local/lib/python3.12/site-packages/airflow/example_dags/example_skip_dag.py
[2024-09-02T07:09:05.231+0000] {processor.py:925} INFO - DAG(s) 'example_skip_dag' retrieved from /home/airflow/.local/lib/python3.12/site-packages/airflow/example_dags/example_skip_dag.py
[2024-09-02T07:09:05.327+0000] {logging_mixin.py:190} INFO - [2024-09-02T07:09:05.326+0000] {dag.py:3211} INFO - Sync 1 DAGs
[2024-09-02T07:09:05.480+0000] {logging_mixin.py:190} INFO - [2024-09-02T07:09:05.480+0000] {dag.py:4138} INFO - Setting next_dagrun for example_skip_dag to 2024-09-01 00:00:00+00:00, run_after=2024-09-02 00:00:00+00:00
[2024-09-02T07:09:05.596+0000] {processor.py:208} INFO - Processing /home/airflow/.local/lib/python3.12/site-packages/airflow/example_dags/example_skip_dag.py took 0.425 seconds
[2024-09-02T07:09:35.889+0000] {processor.py:186} INFO - Started process (PID=155) to work on /home/airflow/.local/lib/python3.12/site-packages/airflow/example_dags/example_skip_dag.py
[2024-09-02T07:09:35.891+0000] {processor.py:914} INFO - Processing file /home/airflow/.local/lib/python3.12/site-packages/airflow/example_dags/example_skip_dag.py for tasks to queue
[2024-09-02T07:09:35.896+0000] {logging_mixin.py:190} INFO - [2024-09-02T07:09:35.896+0000] {dagbag.py:587} INFO - Filling up the DagBag from /home/airflow/.local/lib/python3.12/site-packages/airflow/example_dags/example_skip_dag.py
[2024-09-02T07:09:35.912+0000] {processor.py:925} INFO - DAG(s) 'example_skip_dag' retrieved from /home/airflow/.local/lib/python3.12/site-packages/airflow/example_dags/example_skip_dag.py
[2024-09-02T07:09:35.946+0000] {logging_mixin.py:190} INFO - [2024-09-02T07:09:35.946+0000] {dag.py:3211} INFO - Sync 1 DAGs
[2024-09-02T07:09:35.986+0000] {logging_mixin.py:190} INFO - [2024-09-02T07:09:35.986+0000] {dag.py:4138} INFO - Setting next_dagrun for example_skip_dag to 2024-09-01 00:00:00+00:00, run_after=2024-09-02 00:00:00+00:00
[2024-09-02T07:09:36.018+0000] {processor.py:208} INFO - Processing /home/airflow/.local/lib/python3.12/site-packages/airflow/example_dags/example_skip_dag.py took 0.146 seconds
[2024-09-02T07:10:06.596+0000] {processor.py:186} INFO - Started process (PID=224) to work on /home/airflow/.local/lib/python3.12/site-packages/airflow/example_dags/example_skip_dag.py
[2024-09-02T07:10:06.598+0000] {processor.py:914} INFO - Processing file /home/airflow/.local/lib/python3.12/site-packages/airflow/example_dags/example_skip_dag.py for tasks to queue
[2024-09-02T07:10:06.604+0000] {logging_mixin.py:190} INFO - [2024-09-02T07:10:06.603+0000] {dagbag.py:587} INFO - Filling up the DagBag from /home/airflow/.local/lib/python3.12/site-packages/airflow/example_dags/example_skip_dag.py
[2024-09-02T07:10:06.621+0000] {processor.py:925} INFO - DAG(s) 'example_skip_dag' retrieved from /home/airflow/.local/lib/python3.12/site-packages/airflow/example_dags/example_skip_dag.py
[2024-09-02T07:10:06.664+0000] {logging_mixin.py:190} INFO - [2024-09-02T07:10:06.664+0000] {dag.py:3211} INFO - Sync 1 DAGs
[2024-09-02T07:10:06.720+0000] {logging_mixin.py:190} INFO - [2024-09-02T07:10:06.720+0000] {dag.py:4138} INFO - Setting next_dagrun for example_skip_dag to 2024-09-01 00:00:00+00:00, run_after=2024-09-02 00:00:00+00:00
[2024-09-02T07:10:06.764+0000] {processor.py:208} INFO - Processing /home/airflow/.local/lib/python3.12/site-packages/airflow/example_dags/example_skip_dag.py took 0.179 seconds
[2024-09-02T07:10:37.031+0000] {processor.py:186} INFO - Started process (PID=294) to work on /home/airflow/.local/lib/python3.12/site-packages/airflow/example_dags/example_skip_dag.py
[2024-09-02T07:10:37.035+0000] {processor.py:914} INFO - Processing file /home/airflow/.local/lib/python3.12/site-packages/airflow/example_dags/example_skip_dag.py for tasks to queue
[2024-09-02T07:10:37.042+0000] {logging_mixin.py:190} INFO - [2024-09-02T07:10:37.041+0000] {dagbag.py:587} INFO - Filling up the DagBag from /home/airflow/.local/lib/python3.12/site-packages/airflow/example_dags/example_skip_dag.py
[2024-09-02T07:10:37.056+0000] {processor.py:925} INFO - DAG(s) 'example_skip_dag' retrieved from /home/airflow/.local/lib/python3.12/site-packages/airflow/example_dags/example_skip_dag.py
[2024-09-02T07:10:37.088+0000] {logging_mixin.py:190} INFO - [2024-09-02T07:10:37.088+0000] {dag.py:3211} INFO - Sync 1 DAGs
[2024-09-02T07:10:37.129+0000] {logging_mixin.py:190} INFO - [2024-09-02T07:10:37.129+0000] {dag.py:4138} INFO - Setting next_dagrun for example_skip_dag to 2024-09-01 00:00:00+00:00, run_after=2024-09-02 00:00:00+00:00
[2024-09-02T07:10:37.157+0000] {processor.py:208} INFO - Processing /home/airflow/.local/lib/python3.12/site-packages/airflow/example_dags/example_skip_dag.py took 0.138 seconds
[2024-09-02T07:11:07.809+0000] {processor.py:186} INFO - Started process (PID=364) to work on /home/airflow/.local/lib/python3.12/site-packages/airflow/example_dags/example_skip_dag.py
[2024-09-02T07:11:07.810+0000] {processor.py:914} INFO - Processing file /home/airflow/.local/lib/python3.12/site-packages/airflow/example_dags/example_skip_dag.py for tasks to queue
[2024-09-02T07:11:07.816+0000] {logging_mixin.py:190} INFO - [2024-09-02T07:11:07.815+0000] {dagbag.py:587} INFO - Filling up the DagBag from /home/airflow/.local/lib/python3.12/site-packages/airflow/example_dags/example_skip_dag.py
[2024-09-02T07:11:07.829+0000] {processor.py:925} INFO - DAG(s) 'example_skip_dag' retrieved from /home/airflow/.local/lib/python3.12/site-packages/airflow/example_dags/example_skip_dag.py
[2024-09-02T07:11:07.873+0000] {logging_mixin.py:190} INFO - [2024-09-02T07:11:07.873+0000] {dag.py:3211} INFO - Sync 1 DAGs
[2024-09-02T07:11:07.920+0000] {logging_mixin.py:190} INFO - [2024-09-02T07:11:07.919+0000] {dag.py:4138} INFO - Setting next_dagrun for example_skip_dag to 2024-09-01 00:00:00+00:00, run_after=2024-09-02 00:00:00+00:00
[2024-09-02T07:11:07.957+0000] {processor.py:208} INFO - Processing /home/airflow/.local/lib/python3.12/site-packages/airflow/example_dags/example_skip_dag.py took 0.159 seconds
[2024-09-02T07:11:38.024+0000] {processor.py:186} INFO - Started process (PID=433) to work on /home/airflow/.local/lib/python3.12/site-packages/airflow/example_dags/example_skip_dag.py
[2024-09-02T07:11:38.027+0000] {processor.py:914} INFO - Processing file /home/airflow/.local/lib/python3.12/site-packages/airflow/example_dags/example_skip_dag.py for tasks to queue
[2024-09-02T07:11:38.032+0000] {logging_mixin.py:190} INFO - [2024-09-02T07:11:38.031+0000] {dagbag.py:587} INFO - Filling up the DagBag from /home/airflow/.local/lib/python3.12/site-packages/airflow/example_dags/example_skip_dag.py
[2024-09-02T07:11:38.054+0000] {processor.py:925} INFO - DAG(s) 'example_skip_dag' retrieved from /home/airflow/.local/lib/python3.12/site-packages/airflow/example_dags/example_skip_dag.py
[2024-09-02T07:11:38.131+0000] {logging_mixin.py:190} INFO - [2024-09-02T07:11:38.130+0000] {dag.py:3211} INFO - Sync 1 DAGs
[2024-09-02T07:11:38.193+0000] {logging_mixin.py:190} INFO - [2024-09-02T07:11:38.193+0000] {dag.py:4138} INFO - Setting next_dagrun for example_skip_dag to 2024-09-01 00:00:00+00:00, run_after=2024-09-02 00:00:00+00:00
[2024-09-02T07:11:38.232+0000] {processor.py:208} INFO - Processing /home/airflow/.local/lib/python3.12/site-packages/airflow/example_dags/example_skip_dag.py took 0.219 seconds
[2024-09-02T07:12:08.621+0000] {processor.py:186} INFO - Started process (PID=495) to work on /home/airflow/.local/lib/python3.12/site-packages/airflow/example_dags/example_skip_dag.py
[2024-09-02T07:12:08.623+0000] {processor.py:914} INFO - Processing file /home/airflow/.local/lib/python3.12/site-packages/airflow/example_dags/example_skip_dag.py for tasks to queue
[2024-09-02T07:12:08.628+0000] {logging_mixin.py:190} INFO - [2024-09-02T07:12:08.627+0000] {dagbag.py:587} INFO - Filling up the DagBag from /home/airflow/.local/lib/python3.12/site-packages/airflow/example_dags/example_skip_dag.py
[2024-09-02T07:12:08.653+0000] {processor.py:925} INFO - DAG(s) 'example_skip_dag' retrieved from /home/airflow/.local/lib/python3.12/site-packages/airflow/example_dags/example_skip_dag.py
[2024-09-02T07:12:08.703+0000] {logging_mixin.py:190} INFO - [2024-09-02T07:12:08.702+0000] {dag.py:3211} INFO - Sync 1 DAGs
[2024-09-02T07:12:08.756+0000] {logging_mixin.py:190} INFO - [2024-09-02T07:12:08.756+0000] {dag.py:4138} INFO - Setting next_dagrun for example_skip_dag to 2024-09-01 00:00:00+00:00, run_after=2024-09-02 00:00:00+00:00
[2024-09-02T07:12:08.803+0000] {processor.py:208} INFO - Processing /home/airflow/.local/lib/python3.12/site-packages/airflow/example_dags/example_skip_dag.py took 0.195 seconds
[2024-09-02T07:12:39.294+0000] {processor.py:186} INFO - Started process (PID=565) to work on /home/airflow/.local/lib/python3.12/site-packages/airflow/example_dags/example_skip_dag.py
[2024-09-02T07:12:39.296+0000] {processor.py:914} INFO - Processing file /home/airflow/.local/lib/python3.12/site-packages/airflow/example_dags/example_skip_dag.py for tasks to queue
[2024-09-02T07:12:39.300+0000] {logging_mixin.py:190} INFO - [2024-09-02T07:12:39.300+0000] {dagbag.py:587} INFO - Filling up the DagBag from /home/airflow/.local/lib/python3.12/site-packages/airflow/example_dags/example_skip_dag.py
[2024-09-02T07:12:39.318+0000] {processor.py:925} INFO - DAG(s) 'example_skip_dag' retrieved from /home/airflow/.local/lib/python3.12/site-packages/airflow/example_dags/example_skip_dag.py
[2024-09-02T07:12:39.362+0000] {logging_mixin.py:190} INFO - [2024-09-02T07:12:39.362+0000] {dag.py:3211} INFO - Sync 1 DAGs
[2024-09-02T07:12:39.425+0000] {logging_mixin.py:190} INFO - [2024-09-02T07:12:39.424+0000] {dag.py:4138} INFO - Setting next_dagrun for example_skip_dag to 2024-09-01 00:00:00+00:00, run_after=2024-09-02 00:00:00+00:00
[2024-09-02T07:12:39.464+0000] {processor.py:208} INFO - Processing /home/airflow/.local/lib/python3.12/site-packages/airflow/example_dags/example_skip_dag.py took 0.182 seconds
[2024-09-02T07:13:09.701+0000] {processor.py:186} INFO - Started process (PID=635) to work on /home/airflow/.local/lib/python3.12/site-packages/airflow/example_dags/example_skip_dag.py
[2024-09-02T07:13:09.703+0000] {processor.py:914} INFO - Processing file /home/airflow/.local/lib/python3.12/site-packages/airflow/example_dags/example_skip_dag.py for tasks to queue
[2024-09-02T07:13:09.707+0000] {logging_mixin.py:190} INFO - [2024-09-02T07:13:09.706+0000] {dagbag.py:587} INFO - Filling up the DagBag from /home/airflow/.local/lib/python3.12/site-packages/airflow/example_dags/example_skip_dag.py
[2024-09-02T07:13:09.721+0000] {processor.py:925} INFO - DAG(s) 'example_skip_dag' retrieved from /home/airflow/.local/lib/python3.12/site-packages/airflow/example_dags/example_skip_dag.py
[2024-09-02T07:13:09.761+0000] {logging_mixin.py:190} INFO - [2024-09-02T07:13:09.760+0000] {dag.py:3211} INFO - Sync 1 DAGs
[2024-09-02T07:13:09.806+0000] {logging_mixin.py:190} INFO - [2024-09-02T07:13:09.806+0000] {dag.py:4138} INFO - Setting next_dagrun for example_skip_dag to 2024-09-01 00:00:00+00:00, run_after=2024-09-02 00:00:00+00:00
[2024-09-02T07:13:09.836+0000] {processor.py:208} INFO - Processing /home/airflow/.local/lib/python3.12/site-packages/airflow/example_dags/example_skip_dag.py took 0.145 seconds
[2024-09-02T07:13:40.779+0000] {processor.py:186} INFO - Started process (PID=705) to work on /home/airflow/.local/lib/python3.12/site-packages/airflow/example_dags/example_skip_dag.py
[2024-09-02T07:13:40.781+0000] {processor.py:914} INFO - Processing file /home/airflow/.local/lib/python3.12/site-packages/airflow/example_dags/example_skip_dag.py for tasks to queue
[2024-09-02T07:13:40.785+0000] {logging_mixin.py:190} INFO - [2024-09-02T07:13:40.785+0000] {dagbag.py:587} INFO - Filling up the DagBag from /home/airflow/.local/lib/python3.12/site-packages/airflow/example_dags/example_skip_dag.py
[2024-09-02T07:13:40.800+0000] {processor.py:925} INFO - DAG(s) 'example_skip_dag' retrieved from /home/airflow/.local/lib/python3.12/site-packages/airflow/example_dags/example_skip_dag.py
[2024-09-02T07:13:40.835+0000] {logging_mixin.py:190} INFO - [2024-09-02T07:13:40.834+0000] {dag.py:3211} INFO - Sync 1 DAGs
[2024-09-02T07:13:40.875+0000] {logging_mixin.py:190} INFO - [2024-09-02T07:13:40.875+0000] {dag.py:4138} INFO - Setting next_dagrun for example_skip_dag to 2024-09-01 00:00:00+00:00, run_after=2024-09-02 00:00:00+00:00
[2024-09-02T07:13:40.912+0000] {processor.py:208} INFO - Processing /home/airflow/.local/lib/python3.12/site-packages/airflow/example_dags/example_skip_dag.py took 0.142 seconds
