[2024-09-02T07:08:54.730+0000] {processor.py:186} INFO - Started process (PID=53) to work on /home/airflow/.local/lib/python3.12/site-packages/airflow/example_dags/example_outlet_event_extra.py
[2024-09-02T07:08:54.732+0000] {processor.py:914} INFO - Processing file /home/airflow/.local/lib/python3.12/site-packages/airflow/example_dags/example_outlet_event_extra.py for tasks to queue
[2024-09-02T07:08:54.737+0000] {logging_mixin.py:190} INFO - [2024-09-02T07:08:54.737+0000] {dagbag.py:587} INFO - Filling up the DagBag from /home/airflow/.local/lib/python3.12/site-packages/airflow/example_dags/example_outlet_event_extra.py
[2024-09-02T07:08:55.704+0000] {processor.py:925} INFO - DAG(s) 'dataset_with_extra_by_context', 'dataset_with_extra_by_yield', 'dataset_with_extra_from_classic_operator' retrieved from /home/airflow/.local/lib/python3.12/site-packages/airflow/example_dags/example_outlet_event_extra.py
[2024-09-02T07:08:55.946+0000] {logging_mixin.py:190} INFO - [2024-09-02T07:08:55.945+0000] {dag.py:3211} INFO - Sync 3 DAGs
[2024-09-02T07:08:56.138+0000] {logging_mixin.py:190} INFO - [2024-09-02T07:08:56.138+0000] {dag.py:4138} INFO - Setting next_dagrun for dataset_with_extra_by_context to 2024-09-01 00:00:00+00:00, run_after=2024-09-02 00:00:00+00:00
[2024-09-02T07:08:56.159+0000] {logging_mixin.py:190} INFO - [2024-09-02T07:08:56.158+0000] {dag.py:4138} INFO - Setting next_dagrun for dataset_with_extra_by_yield to 2024-09-01 00:00:00+00:00, run_after=2024-09-02 00:00:00+00:00
[2024-09-02T07:08:56.166+0000] {logging_mixin.py:190} INFO - [2024-09-02T07:08:56.165+0000] {dag.py:4138} INFO - Setting next_dagrun for dataset_with_extra_from_classic_operator to 2024-09-01 00:00:00+00:00, run_after=2024-09-02 00:00:00+00:00
[2024-09-02T07:08:56.239+0000] {processor.py:208} INFO - Processing /home/airflow/.local/lib/python3.12/site-packages/airflow/example_dags/example_outlet_event_extra.py took 1.525 seconds
[2024-09-02T07:09:26.420+0000] {processor.py:186} INFO - Started process (PID=116) to work on /home/airflow/.local/lib/python3.12/site-packages/airflow/example_dags/example_outlet_event_extra.py
[2024-09-02T07:09:26.426+0000] {processor.py:914} INFO - Processing file /home/airflow/.local/lib/python3.12/site-packages/airflow/example_dags/example_outlet_event_extra.py for tasks to queue
[2024-09-02T07:09:26.433+0000] {logging_mixin.py:190} INFO - [2024-09-02T07:09:26.432+0000] {dagbag.py:587} INFO - Filling up the DagBag from /home/airflow/.local/lib/python3.12/site-packages/airflow/example_dags/example_outlet_event_extra.py
[2024-09-02T07:09:26.738+0000] {processor.py:925} INFO - DAG(s) 'dataset_with_extra_by_yield', 'dataset_with_extra_from_classic_operator', 'dataset_with_extra_by_context' retrieved from /home/airflow/.local/lib/python3.12/site-packages/airflow/example_dags/example_outlet_event_extra.py
[2024-09-02T07:09:26.783+0000] {logging_mixin.py:190} INFO - [2024-09-02T07:09:26.782+0000] {dag.py:3211} INFO - Sync 3 DAGs
[2024-09-02T07:09:26.829+0000] {logging_mixin.py:190} INFO - [2024-09-02T07:09:26.829+0000] {dag.py:4138} INFO - Setting next_dagrun for dataset_with_extra_by_context to 2024-09-01 00:00:00+00:00, run_after=2024-09-02 00:00:00+00:00
[2024-09-02T07:09:26.839+0000] {logging_mixin.py:190} INFO - [2024-09-02T07:09:26.839+0000] {dag.py:4138} INFO - Setting next_dagrun for dataset_with_extra_by_yield to 2024-09-01 00:00:00+00:00, run_after=2024-09-02 00:00:00+00:00
[2024-09-02T07:09:26.844+0000] {logging_mixin.py:190} INFO - [2024-09-02T07:09:26.843+0000] {dag.py:4138} INFO - Setting next_dagrun for dataset_with_extra_from_classic_operator to 2024-09-01 00:00:00+00:00, run_after=2024-09-02 00:00:00+00:00
[2024-09-02T07:09:26.888+0000] {processor.py:208} INFO - Processing /home/airflow/.local/lib/python3.12/site-packages/airflow/example_dags/example_outlet_event_extra.py took 0.488 seconds
[2024-09-02T07:09:57.129+0000] {processor.py:186} INFO - Started process (PID=192) to work on /home/airflow/.local/lib/python3.12/site-packages/airflow/example_dags/example_outlet_event_extra.py
[2024-09-02T07:09:57.131+0000] {processor.py:914} INFO - Processing file /home/airflow/.local/lib/python3.12/site-packages/airflow/example_dags/example_outlet_event_extra.py for tasks to queue
[2024-09-02T07:09:57.136+0000] {logging_mixin.py:190} INFO - [2024-09-02T07:09:57.136+0000] {dagbag.py:587} INFO - Filling up the DagBag from /home/airflow/.local/lib/python3.12/site-packages/airflow/example_dags/example_outlet_event_extra.py
[2024-09-02T07:09:57.335+0000] {processor.py:925} INFO - DAG(s) 'dataset_with_extra_by_context', 'dataset_with_extra_from_classic_operator', 'dataset_with_extra_by_yield' retrieved from /home/airflow/.local/lib/python3.12/site-packages/airflow/example_dags/example_outlet_event_extra.py
[2024-09-02T07:09:57.380+0000] {logging_mixin.py:190} INFO - [2024-09-02T07:09:57.380+0000] {dag.py:3211} INFO - Sync 3 DAGs
[2024-09-02T07:09:57.424+0000] {logging_mixin.py:190} INFO - [2024-09-02T07:09:57.423+0000] {dag.py:4138} INFO - Setting next_dagrun for dataset_with_extra_by_context to 2024-09-01 00:00:00+00:00, run_after=2024-09-02 00:00:00+00:00
[2024-09-02T07:09:57.431+0000] {logging_mixin.py:190} INFO - [2024-09-02T07:09:57.430+0000] {dag.py:4138} INFO - Setting next_dagrun for dataset_with_extra_by_yield to 2024-09-01 00:00:00+00:00, run_after=2024-09-02 00:00:00+00:00
[2024-09-02T07:09:57.435+0000] {logging_mixin.py:190} INFO - [2024-09-02T07:09:57.434+0000] {dag.py:4138} INFO - Setting next_dagrun for dataset_with_extra_from_classic_operator to 2024-09-01 00:00:00+00:00, run_after=2024-09-02 00:00:00+00:00
[2024-09-02T07:09:57.467+0000] {processor.py:208} INFO - Processing /home/airflow/.local/lib/python3.12/site-packages/airflow/example_dags/example_outlet_event_extra.py took 0.347 seconds
[2024-09-02T07:10:27.795+0000] {processor.py:186} INFO - Started process (PID=262) to work on /home/airflow/.local/lib/python3.12/site-packages/airflow/example_dags/example_outlet_event_extra.py
[2024-09-02T07:10:27.796+0000] {processor.py:914} INFO - Processing file /home/airflow/.local/lib/python3.12/site-packages/airflow/example_dags/example_outlet_event_extra.py for tasks to queue
[2024-09-02T07:10:27.803+0000] {logging_mixin.py:190} INFO - [2024-09-02T07:10:27.803+0000] {dagbag.py:587} INFO - Filling up the DagBag from /home/airflow/.local/lib/python3.12/site-packages/airflow/example_dags/example_outlet_event_extra.py
[2024-09-02T07:10:28.052+0000] {processor.py:925} INFO - DAG(s) 'dataset_with_extra_by_context', 'dataset_with_extra_by_yield', 'dataset_with_extra_from_classic_operator' retrieved from /home/airflow/.local/lib/python3.12/site-packages/airflow/example_dags/example_outlet_event_extra.py
[2024-09-02T07:10:28.087+0000] {logging_mixin.py:190} INFO - [2024-09-02T07:10:28.087+0000] {dag.py:3211} INFO - Sync 3 DAGs
[2024-09-02T07:10:28.121+0000] {logging_mixin.py:190} INFO - [2024-09-02T07:10:28.121+0000] {dag.py:4138} INFO - Setting next_dagrun for dataset_with_extra_by_context to 2024-09-01 00:00:00+00:00, run_after=2024-09-02 00:00:00+00:00
[2024-09-02T07:10:28.126+0000] {logging_mixin.py:190} INFO - [2024-09-02T07:10:28.126+0000] {dag.py:4138} INFO - Setting next_dagrun for dataset_with_extra_by_yield to 2024-09-01 00:00:00+00:00, run_after=2024-09-02 00:00:00+00:00
[2024-09-02T07:10:28.130+0000] {logging_mixin.py:190} INFO - [2024-09-02T07:10:28.130+0000] {dag.py:4138} INFO - Setting next_dagrun for dataset_with_extra_from_classic_operator to 2024-09-01 00:00:00+00:00, run_after=2024-09-02 00:00:00+00:00
[2024-09-02T07:10:28.162+0000] {processor.py:208} INFO - Processing /home/airflow/.local/lib/python3.12/site-packages/airflow/example_dags/example_outlet_event_extra.py took 0.377 seconds
[2024-09-02T07:10:58.447+0000] {processor.py:186} INFO - Started process (PID=332) to work on /home/airflow/.local/lib/python3.12/site-packages/airflow/example_dags/example_outlet_event_extra.py
[2024-09-02T07:10:58.449+0000] {processor.py:914} INFO - Processing file /home/airflow/.local/lib/python3.12/site-packages/airflow/example_dags/example_outlet_event_extra.py for tasks to queue
[2024-09-02T07:10:58.454+0000] {logging_mixin.py:190} INFO - [2024-09-02T07:10:58.454+0000] {dagbag.py:587} INFO - Filling up the DagBag from /home/airflow/.local/lib/python3.12/site-packages/airflow/example_dags/example_outlet_event_extra.py
[2024-09-02T07:10:58.800+0000] {processor.py:925} INFO - DAG(s) 'dataset_with_extra_by_context', 'dataset_with_extra_from_classic_operator', 'dataset_with_extra_by_yield' retrieved from /home/airflow/.local/lib/python3.12/site-packages/airflow/example_dags/example_outlet_event_extra.py
[2024-09-02T07:10:58.862+0000] {logging_mixin.py:190} INFO - [2024-09-02T07:10:58.862+0000] {dag.py:3211} INFO - Sync 3 DAGs
[2024-09-02T07:10:58.925+0000] {logging_mixin.py:190} INFO - [2024-09-02T07:10:58.924+0000] {dag.py:4138} INFO - Setting next_dagrun for dataset_with_extra_by_context to 2024-09-01 00:00:00+00:00, run_after=2024-09-02 00:00:00+00:00
[2024-09-02T07:10:58.933+0000] {logging_mixin.py:190} INFO - [2024-09-02T07:10:58.933+0000] {dag.py:4138} INFO - Setting next_dagrun for dataset_with_extra_by_yield to 2024-09-01 00:00:00+00:00, run_after=2024-09-02 00:00:00+00:00
[2024-09-02T07:10:58.938+0000] {logging_mixin.py:190} INFO - [2024-09-02T07:10:58.937+0000] {dag.py:4138} INFO - Setting next_dagrun for dataset_with_extra_from_classic_operator to 2024-09-01 00:00:00+00:00, run_after=2024-09-02 00:00:00+00:00
[2024-09-02T07:10:58.972+0000] {processor.py:208} INFO - Processing /home/airflow/.local/lib/python3.12/site-packages/airflow/example_dags/example_outlet_event_extra.py took 0.535 seconds
[2024-09-02T07:11:29.154+0000] {processor.py:186} INFO - Started process (PID=402) to work on /home/airflow/.local/lib/python3.12/site-packages/airflow/example_dags/example_outlet_event_extra.py
[2024-09-02T07:11:29.157+0000] {processor.py:914} INFO - Processing file /home/airflow/.local/lib/python3.12/site-packages/airflow/example_dags/example_outlet_event_extra.py for tasks to queue
[2024-09-02T07:11:29.162+0000] {logging_mixin.py:190} INFO - [2024-09-02T07:11:29.162+0000] {dagbag.py:587} INFO - Filling up the DagBag from /home/airflow/.local/lib/python3.12/site-packages/airflow/example_dags/example_outlet_event_extra.py
[2024-09-02T07:11:29.415+0000] {processor.py:925} INFO - DAG(s) 'dataset_with_extra_from_classic_operator', 'dataset_with_extra_by_context', 'dataset_with_extra_by_yield' retrieved from /home/airflow/.local/lib/python3.12/site-packages/airflow/example_dags/example_outlet_event_extra.py
[2024-09-02T07:11:29.453+0000] {logging_mixin.py:190} INFO - [2024-09-02T07:11:29.453+0000] {dag.py:3211} INFO - Sync 3 DAGs
[2024-09-02T07:11:29.500+0000] {logging_mixin.py:190} INFO - [2024-09-02T07:11:29.499+0000] {dag.py:4138} INFO - Setting next_dagrun for dataset_with_extra_by_context to 2024-09-01 00:00:00+00:00, run_after=2024-09-02 00:00:00+00:00
[2024-09-02T07:11:29.506+0000] {logging_mixin.py:190} INFO - [2024-09-02T07:11:29.505+0000] {dag.py:4138} INFO - Setting next_dagrun for dataset_with_extra_by_yield to 2024-09-01 00:00:00+00:00, run_after=2024-09-02 00:00:00+00:00
[2024-09-02T07:11:29.509+0000] {logging_mixin.py:190} INFO - [2024-09-02T07:11:29.509+0000] {dag.py:4138} INFO - Setting next_dagrun for dataset_with_extra_from_classic_operator to 2024-09-01 00:00:00+00:00, run_after=2024-09-02 00:00:00+00:00
[2024-09-02T07:11:29.540+0000] {processor.py:208} INFO - Processing /home/airflow/.local/lib/python3.12/site-packages/airflow/example_dags/example_outlet_event_extra.py took 0.397 seconds
[2024-09-02T07:11:59.721+0000] {processor.py:186} INFO - Started process (PID=472) to work on /home/airflow/.local/lib/python3.12/site-packages/airflow/example_dags/example_outlet_event_extra.py
[2024-09-02T07:11:59.723+0000] {processor.py:914} INFO - Processing file /home/airflow/.local/lib/python3.12/site-packages/airflow/example_dags/example_outlet_event_extra.py for tasks to queue
[2024-09-02T07:11:59.731+0000] {logging_mixin.py:190} INFO - [2024-09-02T07:11:59.730+0000] {dagbag.py:587} INFO - Filling up the DagBag from /home/airflow/.local/lib/python3.12/site-packages/airflow/example_dags/example_outlet_event_extra.py
[2024-09-02T07:11:59.991+0000] {processor.py:925} INFO - DAG(s) 'dataset_with_extra_from_classic_operator', 'dataset_with_extra_by_context', 'dataset_with_extra_by_yield' retrieved from /home/airflow/.local/lib/python3.12/site-packages/airflow/example_dags/example_outlet_event_extra.py
[2024-09-02T07:12:00.039+0000] {logging_mixin.py:190} INFO - [2024-09-02T07:12:00.038+0000] {dag.py:3211} INFO - Sync 3 DAGs
[2024-09-02T07:12:00.082+0000] {logging_mixin.py:190} INFO - [2024-09-02T07:12:00.082+0000] {dag.py:4138} INFO - Setting next_dagrun for dataset_with_extra_by_context to 2024-09-01 00:00:00+00:00, run_after=2024-09-02 00:00:00+00:00
[2024-09-02T07:12:00.090+0000] {logging_mixin.py:190} INFO - [2024-09-02T07:12:00.090+0000] {dag.py:4138} INFO - Setting next_dagrun for dataset_with_extra_by_yield to 2024-09-01 00:00:00+00:00, run_after=2024-09-02 00:00:00+00:00
[2024-09-02T07:12:00.095+0000] {logging_mixin.py:190} INFO - [2024-09-02T07:12:00.094+0000] {dag.py:4138} INFO - Setting next_dagrun for dataset_with_extra_from_classic_operator to 2024-09-01 00:00:00+00:00, run_after=2024-09-02 00:00:00+00:00
[2024-09-02T07:12:00.133+0000] {processor.py:208} INFO - Processing /home/airflow/.local/lib/python3.12/site-packages/airflow/example_dags/example_outlet_event_extra.py took 0.427 seconds
[2024-09-02T07:12:30.824+0000] {processor.py:186} INFO - Started process (PID=542) to work on /home/airflow/.local/lib/python3.12/site-packages/airflow/example_dags/example_outlet_event_extra.py
[2024-09-02T07:12:30.826+0000] {processor.py:914} INFO - Processing file /home/airflow/.local/lib/python3.12/site-packages/airflow/example_dags/example_outlet_event_extra.py for tasks to queue
[2024-09-02T07:12:30.830+0000] {logging_mixin.py:190} INFO - [2024-09-02T07:12:30.829+0000] {dagbag.py:587} INFO - Filling up the DagBag from /home/airflow/.local/lib/python3.12/site-packages/airflow/example_dags/example_outlet_event_extra.py
[2024-09-02T07:12:31.004+0000] {processor.py:925} INFO - DAG(s) 'dataset_with_extra_from_classic_operator', 'dataset_with_extra_by_yield', 'dataset_with_extra_by_context' retrieved from /home/airflow/.local/lib/python3.12/site-packages/airflow/example_dags/example_outlet_event_extra.py
[2024-09-02T07:12:31.041+0000] {logging_mixin.py:190} INFO - [2024-09-02T07:12:31.041+0000] {dag.py:3211} INFO - Sync 3 DAGs
[2024-09-02T07:12:31.075+0000] {logging_mixin.py:190} INFO - [2024-09-02T07:12:31.075+0000] {dag.py:4138} INFO - Setting next_dagrun for dataset_with_extra_by_context to 2024-09-01 00:00:00+00:00, run_after=2024-09-02 00:00:00+00:00
[2024-09-02T07:12:31.086+0000] {logging_mixin.py:190} INFO - [2024-09-02T07:12:31.085+0000] {dag.py:4138} INFO - Setting next_dagrun for dataset_with_extra_by_yield to 2024-09-01 00:00:00+00:00, run_after=2024-09-02 00:00:00+00:00
[2024-09-02T07:12:31.091+0000] {logging_mixin.py:190} INFO - [2024-09-02T07:12:31.091+0000] {dag.py:4138} INFO - Setting next_dagrun for dataset_with_extra_from_classic_operator to 2024-09-01 00:00:00+00:00, run_after=2024-09-02 00:00:00+00:00
[2024-09-02T07:12:31.128+0000] {processor.py:208} INFO - Processing /home/airflow/.local/lib/python3.12/site-packages/airflow/example_dags/example_outlet_event_extra.py took 0.314 seconds
[2024-09-02T07:13:01.370+0000] {processor.py:186} INFO - Started process (PID=612) to work on /home/airflow/.local/lib/python3.12/site-packages/airflow/example_dags/example_outlet_event_extra.py
[2024-09-02T07:13:01.372+0000] {processor.py:914} INFO - Processing file /home/airflow/.local/lib/python3.12/site-packages/airflow/example_dags/example_outlet_event_extra.py for tasks to queue
[2024-09-02T07:13:01.375+0000] {logging_mixin.py:190} INFO - [2024-09-02T07:13:01.375+0000] {dagbag.py:587} INFO - Filling up the DagBag from /home/airflow/.local/lib/python3.12/site-packages/airflow/example_dags/example_outlet_event_extra.py
[2024-09-02T07:13:01.537+0000] {processor.py:925} INFO - DAG(s) 'dataset_with_extra_from_classic_operator', 'dataset_with_extra_by_context', 'dataset_with_extra_by_yield' retrieved from /home/airflow/.local/lib/python3.12/site-packages/airflow/example_dags/example_outlet_event_extra.py
[2024-09-02T07:13:01.569+0000] {logging_mixin.py:190} INFO - [2024-09-02T07:13:01.569+0000] {dag.py:3211} INFO - Sync 3 DAGs
[2024-09-02T07:13:01.600+0000] {logging_mixin.py:190} INFO - [2024-09-02T07:13:01.599+0000] {dag.py:4138} INFO - Setting next_dagrun for dataset_with_extra_by_context to 2024-09-01 00:00:00+00:00, run_after=2024-09-02 00:00:00+00:00
[2024-09-02T07:13:01.605+0000] {logging_mixin.py:190} INFO - [2024-09-02T07:13:01.604+0000] {dag.py:4138} INFO - Setting next_dagrun for dataset_with_extra_by_yield to 2024-09-01 00:00:00+00:00, run_after=2024-09-02 00:00:00+00:00
[2024-09-02T07:13:01.608+0000] {logging_mixin.py:190} INFO - [2024-09-02T07:13:01.608+0000] {dag.py:4138} INFO - Setting next_dagrun for dataset_with_extra_from_classic_operator to 2024-09-01 00:00:00+00:00, run_after=2024-09-02 00:00:00+00:00
[2024-09-02T07:13:01.636+0000] {processor.py:208} INFO - Processing /home/airflow/.local/lib/python3.12/site-packages/airflow/example_dags/example_outlet_event_extra.py took 0.274 seconds
[2024-09-02T07:13:31.701+0000] {processor.py:186} INFO - Started process (PID=682) to work on /home/airflow/.local/lib/python3.12/site-packages/airflow/example_dags/example_outlet_event_extra.py
[2024-09-02T07:13:31.702+0000] {processor.py:914} INFO - Processing file /home/airflow/.local/lib/python3.12/site-packages/airflow/example_dags/example_outlet_event_extra.py for tasks to queue
[2024-09-02T07:13:31.707+0000] {logging_mixin.py:190} INFO - [2024-09-02T07:13:31.706+0000] {dagbag.py:587} INFO - Filling up the DagBag from /home/airflow/.local/lib/python3.12/site-packages/airflow/example_dags/example_outlet_event_extra.py
[2024-09-02T07:13:31.982+0000] {processor.py:925} INFO - DAG(s) 'dataset_with_extra_from_classic_operator', 'dataset_with_extra_by_context', 'dataset_with_extra_by_yield' retrieved from /home/airflow/.local/lib/python3.12/site-packages/airflow/example_dags/example_outlet_event_extra.py
[2024-09-02T07:13:32.057+0000] {logging_mixin.py:190} INFO - [2024-09-02T07:13:32.056+0000] {dag.py:3211} INFO - Sync 3 DAGs
[2024-09-02T07:13:32.106+0000] {logging_mixin.py:190} INFO - [2024-09-02T07:13:32.105+0000] {dag.py:4138} INFO - Setting next_dagrun for dataset_with_extra_by_context to 2024-09-01 00:00:00+00:00, run_after=2024-09-02 00:00:00+00:00
[2024-09-02T07:13:32.115+0000] {logging_mixin.py:190} INFO - [2024-09-02T07:13:32.115+0000] {dag.py:4138} INFO - Setting next_dagrun for dataset_with_extra_by_yield to 2024-09-01 00:00:00+00:00, run_after=2024-09-02 00:00:00+00:00
[2024-09-02T07:13:32.122+0000] {logging_mixin.py:190} INFO - [2024-09-02T07:13:32.121+0000] {dag.py:4138} INFO - Setting next_dagrun for dataset_with_extra_from_classic_operator to 2024-09-01 00:00:00+00:00, run_after=2024-09-02 00:00:00+00:00
[2024-09-02T07:13:32.184+0000] {processor.py:208} INFO - Processing /home/airflow/.local/lib/python3.12/site-packages/airflow/example_dags/example_outlet_event_extra.py took 0.491 seconds
