[2024-09-02T07:09:10.695+0000] {processor.py:186} INFO - Started process (PID=103) to work on /home/airflow/.local/lib/python3.12/site-packages/airflow/example_dags/example_complex.py
[2024-09-02T07:09:10.698+0000] {processor.py:914} INFO - Processing file /home/airflow/.local/lib/python3.12/site-packages/airflow/example_dags/example_complex.py for tasks to queue
[2024-09-02T07:09:10.703+0000] {logging_mixin.py:190} INFO - [2024-09-02T07:09:10.703+0000] {dagbag.py:587} INFO - Filling up the DagBag from /home/airflow/.local/lib/python3.12/site-packages/airflow/example_dags/example_complex.py
[2024-09-02T07:09:10.736+0000] {processor.py:925} INFO - DAG(s) 'example_complex' retrieved from /home/airflow/.local/lib/python3.12/site-packages/airflow/example_dags/example_complex.py
[2024-09-02T07:09:10.831+0000] {logging_mixin.py:190} INFO - [2024-09-02T07:09:10.831+0000] {dag.py:3211} INFO - Sync 1 DAGs
[2024-09-02T07:09:10.869+0000] {logging_mixin.py:190} INFO - [2024-09-02T07:09:10.869+0000] {dag.py:4138} INFO - Setting next_dagrun for example_complex to None, run_after=None
[2024-09-02T07:09:10.921+0000] {processor.py:208} INFO - Processing /home/airflow/.local/lib/python3.12/site-packages/airflow/example_dags/example_complex.py took 0.239 seconds
[2024-09-02T07:09:40.983+0000] {processor.py:186} INFO - Started process (PID=173) to work on /home/airflow/.local/lib/python3.12/site-packages/airflow/example_dags/example_complex.py
[2024-09-02T07:09:40.985+0000] {processor.py:914} INFO - Processing file /home/airflow/.local/lib/python3.12/site-packages/airflow/example_dags/example_complex.py for tasks to queue
[2024-09-02T07:09:40.989+0000] {logging_mixin.py:190} INFO - [2024-09-02T07:09:40.989+0000] {dagbag.py:587} INFO - Filling up the DagBag from /home/airflow/.local/lib/python3.12/site-packages/airflow/example_dags/example_complex.py
[2024-09-02T07:09:41.007+0000] {processor.py:925} INFO - DAG(s) 'example_complex' retrieved from /home/airflow/.local/lib/python3.12/site-packages/airflow/example_dags/example_complex.py
[2024-09-02T07:09:41.058+0000] {logging_mixin.py:190} INFO - [2024-09-02T07:09:41.058+0000] {dag.py:3211} INFO - Sync 1 DAGs
[2024-09-02T07:09:41.085+0000] {logging_mixin.py:190} INFO - [2024-09-02T07:09:41.084+0000] {dag.py:4138} INFO - Setting next_dagrun for example_complex to None, run_after=None
[2024-09-02T07:09:41.120+0000] {processor.py:208} INFO - Processing /home/airflow/.local/lib/python3.12/site-packages/airflow/example_dags/example_complex.py took 0.147 seconds
[2024-09-02T07:10:12.428+0000] {processor.py:186} INFO - Started process (PID=243) to work on /home/airflow/.local/lib/python3.12/site-packages/airflow/example_dags/example_complex.py
[2024-09-02T07:10:12.431+0000] {processor.py:914} INFO - Processing file /home/airflow/.local/lib/python3.12/site-packages/airflow/example_dags/example_complex.py for tasks to queue
[2024-09-02T07:10:12.436+0000] {logging_mixin.py:190} INFO - [2024-09-02T07:10:12.435+0000] {dagbag.py:587} INFO - Filling up the DagBag from /home/airflow/.local/lib/python3.12/site-packages/airflow/example_dags/example_complex.py
[2024-09-02T07:10:12.463+0000] {processor.py:925} INFO - DAG(s) 'example_complex' retrieved from /home/airflow/.local/lib/python3.12/site-packages/airflow/example_dags/example_complex.py
[2024-09-02T07:10:12.513+0000] {logging_mixin.py:190} INFO - [2024-09-02T07:10:12.512+0000] {dag.py:3211} INFO - Sync 1 DAGs
[2024-09-02T07:10:12.536+0000] {logging_mixin.py:190} INFO - [2024-09-02T07:10:12.536+0000] {dag.py:4138} INFO - Setting next_dagrun for example_complex to None, run_after=None
[2024-09-02T07:10:12.568+0000] {processor.py:208} INFO - Processing /home/airflow/.local/lib/python3.12/site-packages/airflow/example_dags/example_complex.py took 0.154 seconds
[2024-09-02T07:10:42.787+0000] {processor.py:186} INFO - Started process (PID=313) to work on /home/airflow/.local/lib/python3.12/site-packages/airflow/example_dags/example_complex.py
[2024-09-02T07:10:42.789+0000] {processor.py:914} INFO - Processing file /home/airflow/.local/lib/python3.12/site-packages/airflow/example_dags/example_complex.py for tasks to queue
[2024-09-02T07:10:42.792+0000] {logging_mixin.py:190} INFO - [2024-09-02T07:10:42.792+0000] {dagbag.py:587} INFO - Filling up the DagBag from /home/airflow/.local/lib/python3.12/site-packages/airflow/example_dags/example_complex.py
[2024-09-02T07:10:42.810+0000] {processor.py:925} INFO - DAG(s) 'example_complex' retrieved from /home/airflow/.local/lib/python3.12/site-packages/airflow/example_dags/example_complex.py
[2024-09-02T07:10:42.866+0000] {logging_mixin.py:190} INFO - [2024-09-02T07:10:42.865+0000] {dag.py:3211} INFO - Sync 1 DAGs
[2024-09-02T07:10:42.891+0000] {logging_mixin.py:190} INFO - [2024-09-02T07:10:42.891+0000] {dag.py:4138} INFO - Setting next_dagrun for example_complex to None, run_after=None
[2024-09-02T07:10:42.924+0000] {processor.py:208} INFO - Processing /home/airflow/.local/lib/python3.12/site-packages/airflow/example_dags/example_complex.py took 0.146 seconds
[2024-09-02T07:11:13.539+0000] {processor.py:186} INFO - Started process (PID=383) to work on /home/airflow/.local/lib/python3.12/site-packages/airflow/example_dags/example_complex.py
[2024-09-02T07:11:13.541+0000] {processor.py:914} INFO - Processing file /home/airflow/.local/lib/python3.12/site-packages/airflow/example_dags/example_complex.py for tasks to queue
[2024-09-02T07:11:13.546+0000] {logging_mixin.py:190} INFO - [2024-09-02T07:11:13.545+0000] {dagbag.py:587} INFO - Filling up the DagBag from /home/airflow/.local/lib/python3.12/site-packages/airflow/example_dags/example_complex.py
[2024-09-02T07:11:13.578+0000] {processor.py:925} INFO - DAG(s) 'example_complex' retrieved from /home/airflow/.local/lib/python3.12/site-packages/airflow/example_dags/example_complex.py
[2024-09-02T07:11:13.642+0000] {logging_mixin.py:190} INFO - [2024-09-02T07:11:13.642+0000] {dag.py:3211} INFO - Sync 1 DAGs
[2024-09-02T07:11:13.683+0000] {logging_mixin.py:190} INFO - [2024-09-02T07:11:13.683+0000] {dag.py:4138} INFO - Setting next_dagrun for example_complex to None, run_after=None
[2024-09-02T07:11:13.716+0000] {processor.py:208} INFO - Processing /home/airflow/.local/lib/python3.12/site-packages/airflow/example_dags/example_complex.py took 0.190 seconds
[2024-09-02T07:11:44.108+0000] {processor.py:186} INFO - Started process (PID=453) to work on /home/airflow/.local/lib/python3.12/site-packages/airflow/example_dags/example_complex.py
[2024-09-02T07:11:44.109+0000] {processor.py:914} INFO - Processing file /home/airflow/.local/lib/python3.12/site-packages/airflow/example_dags/example_complex.py for tasks to queue
[2024-09-02T07:11:44.115+0000] {logging_mixin.py:190} INFO - [2024-09-02T07:11:44.115+0000] {dagbag.py:587} INFO - Filling up the DagBag from /home/airflow/.local/lib/python3.12/site-packages/airflow/example_dags/example_complex.py
[2024-09-02T07:11:44.144+0000] {processor.py:925} INFO - DAG(s) 'example_complex' retrieved from /home/airflow/.local/lib/python3.12/site-packages/airflow/example_dags/example_complex.py
[2024-09-02T07:11:44.204+0000] {logging_mixin.py:190} INFO - [2024-09-02T07:11:44.204+0000] {dag.py:3211} INFO - Sync 1 DAGs
[2024-09-02T07:11:44.234+0000] {logging_mixin.py:190} INFO - [2024-09-02T07:11:44.233+0000] {dag.py:4138} INFO - Setting next_dagrun for example_complex to None, run_after=None
[2024-09-02T07:11:44.270+0000] {processor.py:208} INFO - Processing /home/airflow/.local/lib/python3.12/site-packages/airflow/example_dags/example_complex.py took 0.174 seconds
[2024-09-02T07:12:15.100+0000] {processor.py:186} INFO - Started process (PID=523) to work on /home/airflow/.local/lib/python3.12/site-packages/airflow/example_dags/example_complex.py
[2024-09-02T07:12:15.102+0000] {processor.py:914} INFO - Processing file /home/airflow/.local/lib/python3.12/site-packages/airflow/example_dags/example_complex.py for tasks to queue
[2024-09-02T07:12:15.107+0000] {logging_mixin.py:190} INFO - [2024-09-02T07:12:15.106+0000] {dagbag.py:587} INFO - Filling up the DagBag from /home/airflow/.local/lib/python3.12/site-packages/airflow/example_dags/example_complex.py
[2024-09-02T07:12:15.138+0000] {processor.py:925} INFO - DAG(s) 'example_complex' retrieved from /home/airflow/.local/lib/python3.12/site-packages/airflow/example_dags/example_complex.py
[2024-09-02T07:12:15.207+0000] {logging_mixin.py:190} INFO - [2024-09-02T07:12:15.207+0000] {dag.py:3211} INFO - Sync 1 DAGs
[2024-09-02T07:12:15.237+0000] {logging_mixin.py:190} INFO - [2024-09-02T07:12:15.237+0000] {dag.py:4138} INFO - Setting next_dagrun for example_complex to None, run_after=None
[2024-09-02T07:12:15.273+0000] {processor.py:208} INFO - Processing /home/airflow/.local/lib/python3.12/site-packages/airflow/example_dags/example_complex.py took 0.187 seconds
[2024-09-02T07:12:45.956+0000] {processor.py:186} INFO - Started process (PID=593) to work on /home/airflow/.local/lib/python3.12/site-packages/airflow/example_dags/example_complex.py
[2024-09-02T07:12:45.958+0000] {processor.py:914} INFO - Processing file /home/airflow/.local/lib/python3.12/site-packages/airflow/example_dags/example_complex.py for tasks to queue
[2024-09-02T07:12:45.962+0000] {logging_mixin.py:190} INFO - [2024-09-02T07:12:45.962+0000] {dagbag.py:587} INFO - Filling up the DagBag from /home/airflow/.local/lib/python3.12/site-packages/airflow/example_dags/example_complex.py
[2024-09-02T07:12:45.992+0000] {processor.py:925} INFO - DAG(s) 'example_complex' retrieved from /home/airflow/.local/lib/python3.12/site-packages/airflow/example_dags/example_complex.py
[2024-09-02T07:12:46.059+0000] {logging_mixin.py:190} INFO - [2024-09-02T07:12:46.058+0000] {dag.py:3211} INFO - Sync 1 DAGs
[2024-09-02T07:12:46.086+0000] {logging_mixin.py:190} INFO - [2024-09-02T07:12:46.085+0000] {dag.py:4138} INFO - Setting next_dagrun for example_complex to None, run_after=None
[2024-09-02T07:12:46.131+0000] {processor.py:208} INFO - Processing /home/airflow/.local/lib/python3.12/site-packages/airflow/example_dags/example_complex.py took 0.187 seconds
[2024-09-02T07:13:17.039+0000] {processor.py:186} INFO - Started process (PID=663) to work on /home/airflow/.local/lib/python3.12/site-packages/airflow/example_dags/example_complex.py
[2024-09-02T07:13:17.041+0000] {processor.py:914} INFO - Processing file /home/airflow/.local/lib/python3.12/site-packages/airflow/example_dags/example_complex.py for tasks to queue
[2024-09-02T07:13:17.045+0000] {logging_mixin.py:190} INFO - [2024-09-02T07:13:17.045+0000] {dagbag.py:587} INFO - Filling up the DagBag from /home/airflow/.local/lib/python3.12/site-packages/airflow/example_dags/example_complex.py
[2024-09-02T07:13:17.065+0000] {processor.py:925} INFO - DAG(s) 'example_complex' retrieved from /home/airflow/.local/lib/python3.12/site-packages/airflow/example_dags/example_complex.py
[2024-09-02T07:13:17.119+0000] {logging_mixin.py:190} INFO - [2024-09-02T07:13:17.119+0000] {dag.py:3211} INFO - Sync 1 DAGs
[2024-09-02T07:13:17.143+0000] {logging_mixin.py:190} INFO - [2024-09-02T07:13:17.142+0000] {dag.py:4138} INFO - Setting next_dagrun for example_complex to None, run_after=None
[2024-09-02T07:13:17.175+0000] {processor.py:208} INFO - Processing /home/airflow/.local/lib/python3.12/site-packages/airflow/example_dags/example_complex.py took 0.151 seconds
