[2024-09-02T07:08:59.719+0000] {processor.py:186} INFO - Started process (PID=71) to work on /home/airflow/.local/lib/python3.12/site-packages/airflow/example_dags/tutorial_dag.py
[2024-09-02T07:08:59.728+0000] {processor.py:914} INFO - Processing file /home/airflow/.local/lib/python3.12/site-packages/airflow/example_dags/tutorial_dag.py for tasks to queue
[2024-09-02T07:08:59.758+0000] {logging_mixin.py:190} INFO - [2024-09-02T07:08:59.756+0000] {dagbag.py:587} INFO - Filling up the DagBag from /home/airflow/.local/lib/python3.12/site-packages/airflow/example_dags/tutorial_dag.py
[2024-09-02T07:08:59.810+0000] {processor.py:925} INFO - DAG(s) 'tutorial_dag' retrieved from /home/airflow/.local/lib/python3.12/site-packages/airflow/example_dags/tutorial_dag.py
[2024-09-02T07:09:00.040+0000] {logging_mixin.py:190} INFO - [2024-09-02T07:09:00.039+0000] {dag.py:3211} INFO - Sync 1 DAGs
[2024-09-02T07:09:00.120+0000] {logging_mixin.py:190} INFO - [2024-09-02T07:09:00.120+0000] {dag.py:4138} INFO - Setting next_dagrun for tutorial_dag to None, run_after=None
[2024-09-02T07:09:00.181+0000] {processor.py:208} INFO - Processing /home/airflow/.local/lib/python3.12/site-packages/airflow/example_dags/tutorial_dag.py took 0.532 seconds
[2024-09-02T07:09:30.772+0000] {processor.py:186} INFO - Started process (PID=141) to work on /home/airflow/.local/lib/python3.12/site-packages/airflow/example_dags/tutorial_dag.py
[2024-09-02T07:09:30.775+0000] {processor.py:914} INFO - Processing file /home/airflow/.local/lib/python3.12/site-packages/airflow/example_dags/tutorial_dag.py for tasks to queue
[2024-09-02T07:09:30.779+0000] {logging_mixin.py:190} INFO - [2024-09-02T07:09:30.778+0000] {dagbag.py:587} INFO - Filling up the DagBag from /home/airflow/.local/lib/python3.12/site-packages/airflow/example_dags/tutorial_dag.py
[2024-09-02T07:09:30.790+0000] {processor.py:925} INFO - DAG(s) 'tutorial_dag' retrieved from /home/airflow/.local/lib/python3.12/site-packages/airflow/example_dags/tutorial_dag.py
[2024-09-02T07:09:30.822+0000] {logging_mixin.py:190} INFO - [2024-09-02T07:09:30.821+0000] {dag.py:3211} INFO - Sync 1 DAGs
[2024-09-02T07:09:30.847+0000] {logging_mixin.py:190} INFO - [2024-09-02T07:09:30.846+0000] {dag.py:4138} INFO - Setting next_dagrun for tutorial_dag to None, run_after=None
[2024-09-02T07:09:30.874+0000] {processor.py:208} INFO - Processing /home/airflow/.local/lib/python3.12/site-packages/airflow/example_dags/tutorial_dag.py took 0.111 seconds
[2024-09-02T07:10:01.288+0000] {processor.py:186} INFO - Started process (PID=211) to work on /home/airflow/.local/lib/python3.12/site-packages/airflow/example_dags/tutorial_dag.py
[2024-09-02T07:10:01.291+0000] {processor.py:914} INFO - Processing file /home/airflow/.local/lib/python3.12/site-packages/airflow/example_dags/tutorial_dag.py for tasks to queue
[2024-09-02T07:10:01.297+0000] {logging_mixin.py:190} INFO - [2024-09-02T07:10:01.296+0000] {dagbag.py:587} INFO - Filling up the DagBag from /home/airflow/.local/lib/python3.12/site-packages/airflow/example_dags/tutorial_dag.py
[2024-09-02T07:10:01.313+0000] {processor.py:925} INFO - DAG(s) 'tutorial_dag' retrieved from /home/airflow/.local/lib/python3.12/site-packages/airflow/example_dags/tutorial_dag.py
[2024-09-02T07:10:01.355+0000] {logging_mixin.py:190} INFO - [2024-09-02T07:10:01.354+0000] {dag.py:3211} INFO - Sync 1 DAGs
[2024-09-02T07:10:01.388+0000] {logging_mixin.py:190} INFO - [2024-09-02T07:10:01.388+0000] {dag.py:4138} INFO - Setting next_dagrun for tutorial_dag to None, run_after=None
[2024-09-02T07:10:01.427+0000] {processor.py:208} INFO - Processing /home/airflow/.local/lib/python3.12/site-packages/airflow/example_dags/tutorial_dag.py took 0.154 seconds
[2024-09-02T07:10:32.289+0000] {processor.py:186} INFO - Started process (PID=274) to work on /home/airflow/.local/lib/python3.12/site-packages/airflow/example_dags/tutorial_dag.py
[2024-09-02T07:10:32.291+0000] {processor.py:914} INFO - Processing file /home/airflow/.local/lib/python3.12/site-packages/airflow/example_dags/tutorial_dag.py for tasks to queue
[2024-09-02T07:10:32.296+0000] {logging_mixin.py:190} INFO - [2024-09-02T07:10:32.295+0000] {dagbag.py:587} INFO - Filling up the DagBag from /home/airflow/.local/lib/python3.12/site-packages/airflow/example_dags/tutorial_dag.py
[2024-09-02T07:10:32.310+0000] {processor.py:925} INFO - DAG(s) 'tutorial_dag' retrieved from /home/airflow/.local/lib/python3.12/site-packages/airflow/example_dags/tutorial_dag.py
[2024-09-02T07:10:32.367+0000] {logging_mixin.py:190} INFO - [2024-09-02T07:10:32.366+0000] {dag.py:3211} INFO - Sync 1 DAGs
[2024-09-02T07:10:32.411+0000] {logging_mixin.py:190} INFO - [2024-09-02T07:10:32.411+0000] {dag.py:4138} INFO - Setting next_dagrun for tutorial_dag to None, run_after=None
[2024-09-02T07:10:32.444+0000] {processor.py:208} INFO - Processing /home/airflow/.local/lib/python3.12/site-packages/airflow/example_dags/tutorial_dag.py took 0.166 seconds
[2024-09-02T07:11:02.966+0000] {processor.py:186} INFO - Started process (PID=343) to work on /home/airflow/.local/lib/python3.12/site-packages/airflow/example_dags/tutorial_dag.py
[2024-09-02T07:11:02.968+0000] {processor.py:914} INFO - Processing file /home/airflow/.local/lib/python3.12/site-packages/airflow/example_dags/tutorial_dag.py for tasks to queue
[2024-09-02T07:11:02.973+0000] {logging_mixin.py:190} INFO - [2024-09-02T07:11:02.972+0000] {dagbag.py:587} INFO - Filling up the DagBag from /home/airflow/.local/lib/python3.12/site-packages/airflow/example_dags/tutorial_dag.py
[2024-09-02T07:11:02.985+0000] {processor.py:925} INFO - DAG(s) 'tutorial_dag' retrieved from /home/airflow/.local/lib/python3.12/site-packages/airflow/example_dags/tutorial_dag.py
[2024-09-02T07:11:03.020+0000] {logging_mixin.py:190} INFO - [2024-09-02T07:11:03.019+0000] {dag.py:3211} INFO - Sync 1 DAGs
[2024-09-02T07:11:03.046+0000] {logging_mixin.py:190} INFO - [2024-09-02T07:11:03.045+0000] {dag.py:4138} INFO - Setting next_dagrun for tutorial_dag to None, run_after=None
[2024-09-02T07:11:03.079+0000] {processor.py:208} INFO - Processing /home/airflow/.local/lib/python3.12/site-packages/airflow/example_dags/tutorial_dag.py took 0.122 seconds
[2024-09-02T07:11:33.350+0000] {processor.py:186} INFO - Started process (PID=413) to work on /home/airflow/.local/lib/python3.12/site-packages/airflow/example_dags/tutorial_dag.py
[2024-09-02T07:11:33.352+0000] {processor.py:914} INFO - Processing file /home/airflow/.local/lib/python3.12/site-packages/airflow/example_dags/tutorial_dag.py for tasks to queue
[2024-09-02T07:11:33.356+0000] {logging_mixin.py:190} INFO - [2024-09-02T07:11:33.356+0000] {dagbag.py:587} INFO - Filling up the DagBag from /home/airflow/.local/lib/python3.12/site-packages/airflow/example_dags/tutorial_dag.py
[2024-09-02T07:11:33.376+0000] {processor.py:925} INFO - DAG(s) 'tutorial_dag' retrieved from /home/airflow/.local/lib/python3.12/site-packages/airflow/example_dags/tutorial_dag.py
[2024-09-02T07:11:33.417+0000] {logging_mixin.py:190} INFO - [2024-09-02T07:11:33.417+0000] {dag.py:3211} INFO - Sync 1 DAGs
[2024-09-02T07:11:33.446+0000] {logging_mixin.py:190} INFO - [2024-09-02T07:11:33.445+0000] {dag.py:4138} INFO - Setting next_dagrun for tutorial_dag to None, run_after=None
[2024-09-02T07:11:33.481+0000] {processor.py:208} INFO - Processing /home/airflow/.local/lib/python3.12/site-packages/airflow/example_dags/tutorial_dag.py took 0.141 seconds
[2024-09-02T07:12:04.066+0000] {processor.py:186} INFO - Started process (PID=483) to work on /home/airflow/.local/lib/python3.12/site-packages/airflow/example_dags/tutorial_dag.py
[2024-09-02T07:12:04.068+0000] {processor.py:914} INFO - Processing file /home/airflow/.local/lib/python3.12/site-packages/airflow/example_dags/tutorial_dag.py for tasks to queue
[2024-09-02T07:12:04.072+0000] {logging_mixin.py:190} INFO - [2024-09-02T07:12:04.072+0000] {dagbag.py:587} INFO - Filling up the DagBag from /home/airflow/.local/lib/python3.12/site-packages/airflow/example_dags/tutorial_dag.py
[2024-09-02T07:12:04.086+0000] {processor.py:925} INFO - DAG(s) 'tutorial_dag' retrieved from /home/airflow/.local/lib/python3.12/site-packages/airflow/example_dags/tutorial_dag.py
[2024-09-02T07:12:04.124+0000] {logging_mixin.py:190} INFO - [2024-09-02T07:12:04.124+0000] {dag.py:3211} INFO - Sync 1 DAGs
[2024-09-02T07:12:04.152+0000] {logging_mixin.py:190} INFO - [2024-09-02T07:12:04.152+0000] {dag.py:4138} INFO - Setting next_dagrun for tutorial_dag to None, run_after=None
[2024-09-02T07:12:04.186+0000] {processor.py:208} INFO - Processing /home/airflow/.local/lib/python3.12/site-packages/airflow/example_dags/tutorial_dag.py took 0.130 seconds
[2024-09-02T07:12:34.616+0000] {processor.py:186} INFO - Started process (PID=553) to work on /home/airflow/.local/lib/python3.12/site-packages/airflow/example_dags/tutorial_dag.py
[2024-09-02T07:12:34.617+0000] {processor.py:914} INFO - Processing file /home/airflow/.local/lib/python3.12/site-packages/airflow/example_dags/tutorial_dag.py for tasks to queue
[2024-09-02T07:12:34.621+0000] {logging_mixin.py:190} INFO - [2024-09-02T07:12:34.621+0000] {dagbag.py:587} INFO - Filling up the DagBag from /home/airflow/.local/lib/python3.12/site-packages/airflow/example_dags/tutorial_dag.py
[2024-09-02T07:12:34.632+0000] {processor.py:925} INFO - DAG(s) 'tutorial_dag' retrieved from /home/airflow/.local/lib/python3.12/site-packages/airflow/example_dags/tutorial_dag.py
[2024-09-02T07:12:34.664+0000] {logging_mixin.py:190} INFO - [2024-09-02T07:12:34.663+0000] {dag.py:3211} INFO - Sync 1 DAGs
[2024-09-02T07:12:34.686+0000] {logging_mixin.py:190} INFO - [2024-09-02T07:12:34.686+0000] {dag.py:4138} INFO - Setting next_dagrun for tutorial_dag to None, run_after=None
[2024-09-02T07:12:34.716+0000] {processor.py:208} INFO - Processing /home/airflow/.local/lib/python3.12/site-packages/airflow/example_dags/tutorial_dag.py took 0.109 seconds
[2024-09-02T07:13:05.104+0000] {processor.py:186} INFO - Started process (PID=623) to work on /home/airflow/.local/lib/python3.12/site-packages/airflow/example_dags/tutorial_dag.py
[2024-09-02T07:13:05.106+0000] {processor.py:914} INFO - Processing file /home/airflow/.local/lib/python3.12/site-packages/airflow/example_dags/tutorial_dag.py for tasks to queue
[2024-09-02T07:13:05.109+0000] {logging_mixin.py:190} INFO - [2024-09-02T07:13:05.109+0000] {dagbag.py:587} INFO - Filling up the DagBag from /home/airflow/.local/lib/python3.12/site-packages/airflow/example_dags/tutorial_dag.py
[2024-09-02T07:13:05.121+0000] {processor.py:925} INFO - DAG(s) 'tutorial_dag' retrieved from /home/airflow/.local/lib/python3.12/site-packages/airflow/example_dags/tutorial_dag.py
[2024-09-02T07:13:05.151+0000] {logging_mixin.py:190} INFO - [2024-09-02T07:13:05.151+0000] {dag.py:3211} INFO - Sync 1 DAGs
[2024-09-02T07:13:05.172+0000] {logging_mixin.py:190} INFO - [2024-09-02T07:13:05.172+0000] {dag.py:4138} INFO - Setting next_dagrun for tutorial_dag to None, run_after=None
[2024-09-02T07:13:05.199+0000] {processor.py:208} INFO - Processing /home/airflow/.local/lib/python3.12/site-packages/airflow/example_dags/tutorial_dag.py took 0.103 seconds
[2024-09-02T07:13:35.876+0000] {processor.py:186} INFO - Started process (PID=693) to work on /home/airflow/.local/lib/python3.12/site-packages/airflow/example_dags/tutorial_dag.py
[2024-09-02T07:13:35.877+0000] {processor.py:914} INFO - Processing file /home/airflow/.local/lib/python3.12/site-packages/airflow/example_dags/tutorial_dag.py for tasks to queue
[2024-09-02T07:13:35.883+0000] {logging_mixin.py:190} INFO - [2024-09-02T07:13:35.882+0000] {dagbag.py:587} INFO - Filling up the DagBag from /home/airflow/.local/lib/python3.12/site-packages/airflow/example_dags/tutorial_dag.py
[2024-09-02T07:13:35.899+0000] {processor.py:925} INFO - DAG(s) 'tutorial_dag' retrieved from /home/airflow/.local/lib/python3.12/site-packages/airflow/example_dags/tutorial_dag.py
[2024-09-02T07:13:35.941+0000] {logging_mixin.py:190} INFO - [2024-09-02T07:13:35.940+0000] {dag.py:3211} INFO - Sync 1 DAGs
[2024-09-02T07:13:35.976+0000] {logging_mixin.py:190} INFO - [2024-09-02T07:13:35.975+0000] {dag.py:4138} INFO - Setting next_dagrun for tutorial_dag to None, run_after=None
[2024-09-02T07:13:36.046+0000] {processor.py:208} INFO - Processing /home/airflow/.local/lib/python3.12/site-packages/airflow/example_dags/tutorial_dag.py took 0.179 seconds
