[2024-09-01T14:48:15.194+0000] {local_task_job_runner.py:123} INFO - ::group::Pre task execution logs
[2024-09-01T14:48:15.432+0000] {taskinstance.py:2603} INFO - Dependencies all met for dep_context=non-requeueable deps ti=<TaskInstance: ml_pipeline.train_model manual__2024-09-01T14:48:02.094569+00:00 [queued]>
[2024-09-01T14:48:15.447+0000] {taskinstance.py:2603} INFO - Dependencies all met for dep_context=requeueable deps ti=<TaskInstance: ml_pipeline.train_model manual__2024-09-01T14:48:02.094569+00:00 [queued]>
[2024-09-01T14:48:15.448+0000] {taskinstance.py:2856} INFO - Starting attempt 1 of 2
[2024-09-01T14:48:15.473+0000] {taskinstance.py:2879} INFO - Executing <Task(PythonOperator): train_model> on 2024-09-01 14:48:02.094569+00:00
[2024-09-01T14:48:15.490+0000] {warnings.py:112} WARNING - /home/***/.local/lib/python3.12/site-packages/***/task/task_runner/standard_task_runner.py:70: DeprecationWarning: This process (pid=185) is multi-threaded, use of fork() may lead to deadlocks in the child.
  pid = os.fork()

[2024-09-01T14:48:15.494+0000] {standard_task_runner.py:72} INFO - Started process 194 to run task
[2024-09-01T14:48:15.502+0000] {standard_task_runner.py:104} INFO - Running: ['***', 'tasks', 'run', 'ml_pipeline', 'train_model', 'manual__2024-09-01T14:48:02.094569+00:00', '--job-id', '51', '--raw', '--subdir', 'DAGS_FOLDER/ml_pipeline.py', '--cfg-path', '/tmp/tmp12o3n4na']
[2024-09-01T14:48:15.504+0000] {standard_task_runner.py:105} INFO - Job 51: Subtask train_model
[2024-09-01T14:48:15.598+0000] {task_command.py:467} INFO - Running <TaskInstance: ml_pipeline.train_model manual__2024-09-01T14:48:02.094569+00:00 [running]> on host e851988aa96f
[2024-09-01T14:48:16.048+0000] {taskinstance.py:3122} INFO - Exporting env vars: AIRFLOW_CTX_DAG_OWNER='***' AIRFLOW_CTX_DAG_ID='ml_pipeline' AIRFLOW_CTX_TASK_ID='train_model' AIRFLOW_CTX_EXECUTION_DATE='2024-09-01T14:48:02.094569+00:00' AIRFLOW_CTX_TRY_NUMBER='1' AIRFLOW_CTX_DAG_RUN_ID='manual__2024-09-01T14:48:02.094569+00:00'
[2024-09-01T14:48:16.050+0000] {logging_mixin.py:190} INFO - Task instance is in running state
[2024-09-01T14:48:16.051+0000] {logging_mixin.py:190} INFO -  Previous state of the Task instance: queued
[2024-09-01T14:48:16.052+0000] {logging_mixin.py:190} INFO - Current task name:train_model state:running start_date:2024-09-01 14:48:15.433040+00:00
[2024-09-01T14:48:16.053+0000] {logging_mixin.py:190} INFO - Dag name:ml_pipeline and current dag run status:running
[2024-09-01T14:48:16.054+0000] {taskinstance.py:731} INFO - ::endgroup::
[2024-09-01T14:48:16.097+0000] {python.py:240} INFO - Done. Returned value was: {'model_path': 'Airflow/data/decision_tree_model.pkl', 'X_test': [[6.1, 2.8, 4.7, 1.2], [5.7, 3.8, 1.7, 0.3], [7.7, 2.6, 6.9, 2.3], [6.0, 2.9, 4.5, 1.5], [6.8, 2.8, 4.8, 1.4], [5.4, 3.4, 1.5, 0.4], [5.6, 2.9, 3.6, 1.3], [6.9, 3.1, 5.1, 2.3], [6.2, 2.2, 4.5, 1.5], [5.8, 2.7, 3.9, 1.2], [6.5, 3.2, 5.1, 2.0], [4.8, 3.0, 1.4, 0.1], [5.5, 3.5, 1.3, 0.2], [4.9, 3.1, 1.5, 0.1], [5.1, 3.8, 1.5, 0.3], [6.3, 3.3, 4.7, 1.6], [6.5, 3.0, 5.8, 2.2], [5.6, 2.5, 3.9, 1.1], [5.7, 2.8, 4.5, 1.3], [6.4, 2.8, 5.6, 2.2], [4.7, 3.2, 1.6, 0.2], [6.1, 3.0, 4.9, 1.8], [5.0, 3.4, 1.6, 0.4], [6.4, 2.8, 5.6, 2.1], [7.9, 3.8, 6.4, 2.0], [6.7, 3.0, 5.2, 2.3], [6.7, 2.5, 5.8, 1.8], [6.8, 3.2, 5.9, 2.3], [4.8, 3.0, 1.4, 0.3], [4.8, 3.1, 1.6, 0.2]], 'y_test': [1, 0, 2, 1, 1, 0, 1, 2, 1, 1, 2, 0, 0, 0, 0, 1, 2, 1, 1, 2, 0, 2, 0, 2, 2, 2, 2, 2, 0, 0]}
[2024-09-01T14:48:16.133+0000] {taskinstance.py:340} INFO - ::group::Post task execution logs
[2024-09-01T14:48:16.134+0000] {taskinstance.py:352} INFO - Marking task as SUCCESS. dag_id=ml_pipeline, task_id=train_model, run_id=manual__2024-09-01T14:48:02.094569+00:00, execution_date=20240901T144802, start_date=20240901T144815, end_date=20240901T144816
[2024-09-01T14:48:16.150+0000] {logging_mixin.py:190} INFO - Task instance in success state
[2024-09-01T14:48:16.151+0000] {logging_mixin.py:190} INFO -  Previous state of the Task instance: running
[2024-09-01T14:48:16.152+0000] {logging_mixin.py:190} INFO - Dag name:ml_pipeline queued_at:2024-09-01 14:48:02.149172+00:00
[2024-09-01T14:48:16.153+0000] {logging_mixin.py:190} INFO - Task hostname:e851988aa96f operator:PythonOperator
[2024-09-01T14:48:16.195+0000] {local_task_job_runner.py:261} INFO - Task exited with return code 0
[2024-09-01T14:48:16.247+0000] {taskinstance.py:3891} INFO - 1 downstream tasks scheduled from follow-on schedule check
[2024-09-01T14:48:16.250+0000] {local_task_job_runner.py:240} INFO - ::endgroup::
