[2024-09-02T07:09:16.854+0000] {local_task_job_runner.py:123} INFO - ::group::Pre task execution logs
[2024-09-02T07:09:16.903+0000] {taskinstance.py:2603} INFO - Dependencies all met for dep_context=non-requeueable deps ti=<TaskInstance: ml_pipeline.load_data scheduled__2024-09-01T00:00:00+00:00 [queued]>
[2024-09-02T07:09:16.916+0000] {taskinstance.py:2603} INFO - Dependencies all met for dep_context=requeueable deps ti=<TaskInstance: ml_pipeline.load_data scheduled__2024-09-01T00:00:00+00:00 [queued]>
[2024-09-02T07:09:16.917+0000] {taskinstance.py:2856} INFO - Starting attempt 1 of 2
[2024-09-02T07:09:16.939+0000] {taskinstance.py:2879} INFO - Executing <Task(PythonOperator): load_data> on 2024-09-01 00:00:00+00:00
[2024-09-02T07:09:16.955+0000] {warnings.py:112} WARNING - /home/***/.local/lib/python3.12/site-packages/***/task/task_runner/standard_task_runner.py:70: DeprecationWarning: This process (pid=54) is multi-threaded, use of fork() may lead to deadlocks in the child.
  pid = os.fork()

[2024-09-02T07:09:16.958+0000] {standard_task_runner.py:72} INFO - Started process 79 to run task
[2024-09-02T07:09:16.959+0000] {standard_task_runner.py:104} INFO - Running: ['***', 'tasks', 'run', 'ml_pipeline', 'load_data', 'scheduled__2024-09-01T00:00:00+00:00', '--job-id', '122', '--raw', '--subdir', 'DAGS_FOLDER/ml_pipeline.py', '--cfg-path', '/tmp/tmprhev0jnr']
[2024-09-02T07:09:16.961+0000] {standard_task_runner.py:105} INFO - Job 122: Subtask load_data
[2024-09-02T07:09:17.045+0000] {task_command.py:467} INFO - Running <TaskInstance: ml_pipeline.load_data scheduled__2024-09-01T00:00:00+00:00 [running]> on host 6936d20d6662
[2024-09-02T07:09:17.251+0000] {taskinstance.py:3122} INFO - Exporting env vars: AIRFLOW_CTX_DAG_OWNER='***' AIRFLOW_CTX_DAG_ID='ml_pipeline' AIRFLOW_CTX_TASK_ID='load_data' AIRFLOW_CTX_EXECUTION_DATE='2024-09-01T00:00:00+00:00' AIRFLOW_CTX_TRY_NUMBER='1' AIRFLOW_CTX_DAG_RUN_ID='scheduled__2024-09-01T00:00:00+00:00'
[2024-09-02T07:09:17.254+0000] {logging_mixin.py:190} INFO - Task instance is in running state
[2024-09-02T07:09:17.255+0000] {logging_mixin.py:190} INFO -  Previous state of the Task instance: queued
[2024-09-02T07:09:17.256+0000] {logging_mixin.py:190} INFO - Current task name:load_data state:running start_date:2024-09-02 07:09:16.904369+00:00
[2024-09-02T07:09:17.256+0000] {logging_mixin.py:190} INFO - Dag name:ml_pipeline and current dag run status:running
[2024-09-02T07:09:17.257+0000] {taskinstance.py:731} INFO - ::endgroup::
[2024-09-02T07:09:17.312+0000] {python.py:240} INFO - Done. Returned value was: Airflow/data/iris_data.csv
[2024-09-02T07:09:17.364+0000] {taskinstance.py:340} INFO - ::group::Post task execution logs
[2024-09-02T07:09:17.365+0000] {taskinstance.py:352} INFO - Marking task as SUCCESS. dag_id=ml_pipeline, task_id=load_data, run_id=scheduled__2024-09-01T00:00:00+00:00, execution_date=20240901T000000, start_date=20240902T070916, end_date=20240902T070917
[2024-09-02T07:09:17.382+0000] {logging_mixin.py:190} INFO - Task instance in success state
[2024-09-02T07:09:17.383+0000] {logging_mixin.py:190} INFO -  Previous state of the Task instance: running
[2024-09-02T07:09:17.383+0000] {logging_mixin.py:190} INFO - Dag name:ml_pipeline queued_at:2024-09-02 07:08:47.773501+00:00
[2024-09-02T07:09:17.385+0000] {logging_mixin.py:190} INFO - Task hostname:6936d20d6662 operator:PythonOperator
[2024-09-02T07:09:17.420+0000] {local_task_job_runner.py:261} INFO - Task exited with return code 0
[2024-09-02T07:09:17.474+0000] {taskinstance.py:3891} INFO - 1 downstream tasks scheduled from follow-on schedule check
[2024-09-02T07:09:17.477+0000] {local_task_job_runner.py:240} INFO - ::endgroup::
